Condition: d1
Data/tokenizer loaded in 0.3s
Time budget: 300s
Gradient accumulation steps: 1
Model compiled in 0.6s

step 00000 (0.0%) | loss: 9.011134 | lrm: 1.00 | dt: 559ms | tok/sec: 58,611 | epoch: 1 | remaining: 300s    
step 00001 (0.3%) | loss: 9.041990 | lrm: 1.00 | dt: 282ms | tok/sec: 116,228 | epoch: 1 | remaining: 300s    
step 00002 (0.7%) | loss: 8.676077 | lrm: 1.00 | dt: 280ms | tok/sec: 116,915 | epoch: 1 | remaining: 299s    
step 00003 (1.0%) | loss: 8.316328 | lrm: 1.00 | dt: 275ms | tok/sec: 119,099 | epoch: 1 | remaining: 299s    
step 00004 (1.3%) | loss: 8.024847 | lrm: 1.00 | dt: 280ms | tok/sec: 116,827 | epoch: 1 | remaining: 299s    
step 00005 (1.6%) | loss: 7.783760 | lrm: 1.00 | dt: 280ms | tok/sec: 117,122 | epoch: 1 | remaining: 299s    
step 00006 (2.0%) | loss: 7.596157 | lrm: 1.00 | dt: 273ms | tok/sec: 119,897 | epoch: 1 | remaining: 298s    
step 00007 (2.3%) | loss: 7.436444 | lrm: 1.00 | dt: 290ms | tok/sec: 113,028 | epoch: 1 | remaining: 298s    
step 00008 (2.6%) | loss: 7.305122 | lrm: 1.00 | dt: 284ms | tok/sec: 115,481 | epoch: 1 | remaining: 298s    
step 00009 (3.0%) | loss: 7.223009 | lrm: 1.00 | dt: 281ms | tok/sec: 116,665 | epoch: 1 | remaining: 297s    
step 00010 (3.3%) | loss: 7.117530 | lrm: 1.00 | dt: 288ms | tok/sec: 113,754 | epoch: 1 | remaining: 297s    
step 00011 (3.6%) | loss: 7.003840 | lrm: 1.00 | dt: 290ms | tok/sec: 113,099 | epoch: 1 | remaining: 297s    
step 00012 (3.9%) | loss: 6.892291 | lrm: 1.00 | dt: 300ms | tok/sec: 109,230 | epoch: 1 | remaining: 297s    
step 00013 (4.3%) | loss: 6.803569 | lrm: 1.00 | dt: 297ms | tok/sec: 110,444 | epoch: 1 | remaining: 296s    
step 00014 (4.6%) | loss: 6.698723 | lrm: 1.00 | dt: 318ms | tok/sec: 103,187 | epoch: 1 | remaining: 296s    
step 00015 (4.9%) | loss: 6.603577 | lrm: 1.00 | dt: 338ms | tok/sec: 96,974 | epoch: 1 | remaining: 296s    
step 00016 (5.3%) | loss: 6.508852 | lrm: 1.00 | dt: 363ms | tok/sec: 90,311 | epoch: 1 | remaining: 295s    
step 00017 (5.6%) | loss: 6.432868 | lrm: 1.00 | dt: 385ms | tok/sec: 85,016 | epoch: 1 | remaining: 295s    
step 00018 (5.9%) | loss: 6.344794 | lrm: 1.00 | dt: 392ms | tok/sec: 83,513 | epoch: 1 | remaining: 295s    
step 00019 (6.2%) | loss: 6.268990 | lrm: 1.00 | dt: 368ms | tok/sec: 89,011 | epoch: 1 | remaining: 294s    
step 00020 (6.6%) | loss: 6.188076 | lrm: 1.00 | dt: 354ms | tok/sec: 92,514 | epoch: 1 | remaining: 294s    
step 00021 (6.9%) | loss: 6.124030 | lrm: 1.00 | dt: 339ms | tok/sec: 96,681 | epoch: 1 | remaining: 293s    
step 00022 (7.2%) | loss: 6.059489 | lrm: 1.00 | dt: 340ms | tok/sec: 96,365 | epoch: 1 | remaining: 293s    
step 00023 (7.6%) | loss: 5.994615 | lrm: 1.00 | dt: 314ms | tok/sec: 104,410 | epoch: 1 | remaining: 293s    
step 00024 (7.9%) | loss: 5.931407 | lrm: 1.00 | dt: 305ms | tok/sec: 107,349 | epoch: 1 | remaining: 292s    
step 00025 (8.2%) | loss: 5.872273 | lrm: 1.00 | dt: 301ms | tok/sec: 108,845 | epoch: 1 | remaining: 292s    
step 00026 (8.6%) | loss: 5.821804 | lrm: 1.00 | dt: 289ms | tok/sec: 113,273 | epoch: 1 | remaining: 292s    
step 00027 (8.9%) | loss: 5.773779 | lrm: 1.00 | dt: 297ms | tok/sec: 110,310 | epoch: 1 | remaining: 292s    
step 00028 (9.2%) | loss: 5.716434 | lrm: 1.00 | dt: 295ms | tok/sec: 111,101 | epoch: 1 | remaining: 291s    
step 00029 (9.5%) | loss: 5.665436 | lrm: 1.00 | dt: 295ms | tok/sec: 111,102 | epoch: 1 | remaining: 291s    
step 00030 (9.9%) | loss: 5.615223 | lrm: 1.00 | dt: 290ms | tok/sec: 113,128 | epoch: 1 | remaining: 291s    
step 00031 (10.2%) | loss: 5.566648 | lrm: 1.00 | dt: 291ms | tok/sec: 112,555 | epoch: 1 | remaining: 290s    
step 00032 (10.5%) | loss: 5.524768 | lrm: 1.00 | dt: 294ms | tok/sec: 111,478 | epoch: 1 | remaining: 290s    
step 00033 (10.9%) | loss: 5.488981 | lrm: 1.00 | dt: 290ms | tok/sec: 113,118 | epoch: 1 | remaining: 290s    
step 00034 (11.2%) | loss: 5.441182 | lrm: 1.00 | dt: 292ms | tok/sec: 112,408 | epoch: 1 | remaining: 290s    
step 00035 (11.5%) | loss: 5.398755 | lrm: 1.00 | dt: 295ms | tok/sec: 111,220 | epoch: 1 | remaining: 289s    
step 00036 (11.8%) | loss: 5.351984 | lrm: 1.00 | dt: 294ms | tok/sec: 111,288 | epoch: 1 | remaining: 289s    
step 00037 (12.2%) | loss: 5.317103 | lrm: 1.00 | dt: 299ms | tok/sec: 109,418 | epoch: 1 | remaining: 289s    
step 00038 (12.5%) | loss: 5.282723 | lrm: 1.00 | dt: 301ms | tok/sec: 109,042 | epoch: 1 | remaining: 288s    
step 00039 (12.8%) | loss: 5.252608 | lrm: 1.00 | dt: 303ms | tok/sec: 108,277 | epoch: 1 | remaining: 288s    
step 00040 (13.2%) | loss: 5.211695 | lrm: 1.00 | dt: 304ms | tok/sec: 107,665 | epoch: 1 | remaining: 288s    
step 00041 (13.5%) | loss: 5.187831 | lrm: 1.00 | dt: 306ms | tok/sec: 107,016 | epoch: 1 | remaining: 287s    
step 00042 (13.8%) | loss: 5.144565 | lrm: 1.00 | dt: 309ms | tok/sec: 105,896 | epoch: 1 | remaining: 287s    
step 00043 (14.1%) | loss: 5.110770 | lrm: 1.00 | dt: 314ms | tok/sec: 104,328 | epoch: 1 | remaining: 287s    
step 00044 (14.5%) | loss: 5.078911 | lrm: 1.00 | dt: 320ms | tok/sec: 102,462 | epoch: 1 | remaining: 287s    
step 00045 (14.8%) | loss: 5.064004 | lrm: 1.00 | dt: 323ms | tok/sec: 101,409 | epoch: 1 | remaining: 286s    
step 00046 (15.1%) | loss: 5.038803 | lrm: 1.00 | dt: 327ms | tok/sec: 100,233 | epoch: 1 | remaining: 286s    
step 00047 (15.5%) | loss: 5.011887 | lrm: 1.00 | dt: 333ms | tok/sec: 98,485 | epoch: 1 | remaining: 286s    
step 00048 (15.8%) | loss: 4.990375 | lrm: 1.00 | dt: 330ms | tok/sec: 99,200 | epoch: 1 | remaining: 285s    
step 00049 (16.1%) | loss: 4.976458 | lrm: 1.00 | dt: 326ms | tok/sec: 100,544 | epoch: 1 | remaining: 285s    
step 00050 (16.4%) | loss: 4.951221 | lrm: 1.00 | dt: 324ms | tok/sec: 101,127 | epoch: 1 | remaining: 285s    
step 00051 (16.8%) | loss: 4.929866 | lrm: 1.00 | dt: 322ms | tok/sec: 101,855 | epoch: 1 | remaining: 284s    
step 00052 (17.1%) | loss: 4.906586 | lrm: 1.00 | dt: 317ms | tok/sec: 103,266 | epoch: 1 | remaining: 284s    
step 00053 (17.4%) | loss: 4.888024 | lrm: 1.00 | dt: 314ms | tok/sec: 104,236 | epoch: 1 | remaining: 284s    
step 00054 (17.8%) | loss: 4.870150 | lrm: 1.00 | dt: 312ms | tok/sec: 105,152 | epoch: 1 | remaining: 283s    
step 00055 (18.1%) | loss: 4.853593 | lrm: 1.00 | dt: 308ms | tok/sec: 106,325 | epoch: 1 | remaining: 283s    
step 00056 (18.4%) | loss: 4.837436 | lrm: 1.00 | dt: 306ms | tok/sec: 106,914 | epoch: 1 | remaining: 283s    
step 00057 (18.8%) | loss: 4.818550 | lrm: 1.00 | dt: 304ms | tok/sec: 107,658 | epoch: 1 | remaining: 282s    
step 00058 (19.1%) | loss: 4.811201 | lrm: 1.00 | dt: 307ms | tok/sec: 106,665 | epoch: 1 | remaining: 282s    
step 00059 (19.4%) | loss: 4.798025 | lrm: 1.00 | dt: 310ms | tok/sec: 105,598 | epoch: 1 | remaining: 282s    
step 00060 (19.7%) | loss: 4.777274 | lrm: 1.00 | dt: 308ms | tok/sec: 106,438 | epoch: 1 | remaining: 281s    
step 00061 (20.1%) | loss: 4.761055 | lrm: 1.00 | dt: 304ms | tok/sec: 107,925 | epoch: 1 | remaining: 281s    
step 00062 (20.4%) | loss: 4.743527 | lrm: 1.00 | dt: 303ms | tok/sec: 108,096 | epoch: 1 | remaining: 281s    
step 00063 (20.7%) | loss: 4.737125 | lrm: 1.00 | dt: 302ms | tok/sec: 108,540 | epoch: 1 | remaining: 281s    
step 00064 (21.1%) | loss: 4.722597 | lrm: 1.00 | dt: 305ms | tok/sec: 107,498 | epoch: 1 | remaining: 280s    
step 00065 (21.4%) | loss: 4.707749 | lrm: 1.00 | dt: 307ms | tok/sec: 106,710 | epoch: 1 | remaining: 280s    
step 00066 (21.7%) | loss: 4.697389 | lrm: 1.00 | dt: 309ms | tok/sec: 105,950 | epoch: 1 | remaining: 280s    
step 00067 (22.0%) | loss: 4.679052 | lrm: 1.00 | dt: 308ms | tok/sec: 106,375 | epoch: 1 | remaining: 279s    
step 00068 (22.4%) | loss: 4.666545 | lrm: 1.00 | dt: 306ms | tok/sec: 106,952 | epoch: 1 | remaining: 279s    
step 00069 (22.7%) | loss: 4.651470 | lrm: 1.00 | dt: 308ms | tok/sec: 106,466 | epoch: 1 | remaining: 279s    
step 00070 (23.0%) | loss: 4.634367 | lrm: 1.00 | dt: 5427ms | tok/sec: 6,038 | epoch: 1 | remaining: 273s    
step 00071 (23.4%) | loss: 4.618724 | lrm: 1.00 | dt: 305ms | tok/sec: 107,328 | epoch: 1 | remaining: 273s    
step 00072 (23.7%) | loss: 4.607846 | lrm: 1.00 | dt: 295ms | tok/sec: 110,974 | epoch: 1 | remaining: 273s    
step 00073 (24.0%) | loss: 4.595040 | lrm: 1.00 | dt: 299ms | tok/sec: 109,557 | epoch: 1 | remaining: 272s    
step 00074 (24.3%) | loss: 4.577779 | lrm: 1.00 | dt: 303ms | tok/sec: 108,242 | epoch: 1 | remaining: 272s    
step 00075 (24.7%) | loss: 4.565109 | lrm: 1.00 | dt: 295ms | tok/sec: 110,982 | epoch: 1 | remaining: 272s    
step 00076 (25.0%) | loss: 4.557422 | lrm: 1.00 | dt: 294ms | tok/sec: 111,473 | epoch: 1 | remaining: 271s    
step 00077 (25.3%) | loss: 4.542058 | lrm: 1.00 | dt: 292ms | tok/sec: 112,240 | epoch: 1 | remaining: 271s    
step 00078 (25.7%) | loss: 4.532617 | lrm: 1.00 | dt: 302ms | tok/sec: 108,611 | epoch: 1 | remaining: 271s    
step 00079 (26.0%) | loss: 4.527309 | lrm: 1.00 | dt: 301ms | tok/sec: 108,851 | epoch: 1 | remaining: 271s    
step 00080 (26.3%) | loss: 4.513366 | lrm: 1.00 | dt: 300ms | tok/sec: 109,292 | epoch: 1 | remaining: 270s    
step 00081 (26.6%) | loss: 4.503580 | lrm: 1.00 | dt: 301ms | tok/sec: 108,860 | epoch: 1 | remaining: 270s    
step 00082 (27.0%) | loss: 4.494115 | lrm: 1.00 | dt: 300ms | tok/sec: 109,168 | epoch: 1 | remaining: 270s    
step 00083 (27.3%) | loss: 4.479936 | lrm: 1.00 | dt: 293ms | tok/sec: 112,013 | epoch: 1 | remaining: 269s    
step 00084 (27.6%) | loss: 4.465664 | lrm: 1.00 | dt: 279ms | tok/sec: 117,599 | epoch: 1 | remaining: 269s    
step 00085 (28.0%) | loss: 4.450175 | lrm: 1.00 | dt: 282ms | tok/sec: 116,244 | epoch: 1 | remaining: 269s    
step 00086 (28.3%) | loss: 4.428599 | lrm: 1.00 | dt: 286ms | tok/sec: 114,578 | epoch: 1 | remaining: 269s    
step 00087 (28.6%) | loss: 4.427137 | lrm: 1.00 | dt: 287ms | tok/sec: 113,992 | epoch: 1 | remaining: 268s    
step 00088 (28.9%) | loss: 4.414886 | lrm: 1.00 | dt: 298ms | tok/sec: 109,899 | epoch: 1 | remaining: 268s    
step 00089 (29.3%) | loss: 4.415718 | lrm: 1.00 | dt: 1043ms | tok/sec: 31,407 | epoch: 1 | remaining: 267s    
step 00090 (29.6%) | loss: 4.410835 | lrm: 1.00 | dt: 368ms | tok/sec: 89,141 | epoch: 1 | remaining: 267s    
step 00091 (29.9%) | loss: 4.403534 | lrm: 1.00 | dt: 522ms | tok/sec: 62,812 | epoch: 1 | remaining: 266s    
step 00092 (30.3%) | loss: 4.411812 | lrm: 1.00 | dt: 434ms | tok/sec: 75,517 | epoch: 1 | remaining: 266s    
step 00093 (30.6%) | loss: 4.398822 | lrm: 1.00 | dt: 688ms | tok/sec: 47,612 | epoch: 1 | remaining: 265s    
step 00094 (30.9%) | loss: 4.394745 | lrm: 1.00 | dt: 649ms | tok/sec: 50,465 | epoch: 1 | remaining: 264s    
step 00095 (31.2%) | loss: 4.382742 | lrm: 1.00 | dt: 636ms | tok/sec: 51,541 | epoch: 1 | remaining: 264s    
step 00096 (31.6%) | loss: 4.371397 | lrm: 1.00 | dt: 636ms | tok/sec: 51,521 | epoch: 1 | remaining: 263s    
step 00097 (31.9%) | loss: 4.354687 | lrm: 1.00 | dt: 420ms | tok/sec: 77,964 | epoch: 1 | remaining: 263s    
step 00098 (32.2%) | loss: 4.343096 | lrm: 1.00 | dt: 284ms | tok/sec: 115,214 | epoch: 1 | remaining: 262s    
step 00099 (32.6%) | loss: 4.332023 | lrm: 1.00 | dt: 283ms | tok/sec: 115,889 | epoch: 1 | remaining: 262s    
step 00100 (32.9%) | loss: 4.319784 | lrm: 1.00 | dt: 283ms | tok/sec: 115,980 | epoch: 1 | remaining: 262s    
step 00101 (33.2%) | loss: 4.306815 | lrm: 1.00 | dt: 281ms | tok/sec: 116,425 | epoch: 1 | remaining: 261s    
step 00102 (33.6%) | loss: 4.300647 | lrm: 1.00 | dt: 286ms | tok/sec: 114,428 | epoch: 1 | remaining: 261s    
step 00103 (33.9%) | loss: 4.287790 | lrm: 1.00 | dt: 283ms | tok/sec: 115,905 | epoch: 1 | remaining: 261s    
step 00104 (34.2%) | loss: 4.273909 | lrm: 1.00 | dt: 281ms | tok/sec: 116,557 | epoch: 1 | remaining: 261s    
step 00105 (34.5%) | loss: 4.262423 | lrm: 1.00 | dt: 292ms | tok/sec: 112,187 | epoch: 1 | remaining: 260s    
step 00106 (34.9%) | loss: 4.258084 | lrm: 1.00 | dt: 280ms | tok/sec: 117,007 | epoch: 1 | remaining: 260s    
step 00107 (35.2%) | loss: 4.254395 | lrm: 1.00 | dt: 280ms | tok/sec: 116,950 | epoch: 1 | remaining: 260s    
step 00108 (35.5%) | loss: 4.242063 | lrm: 1.00 | dt: 283ms | tok/sec: 115,951 | epoch: 1 | remaining: 259s    
step 00109 (35.9%) | loss: 4.235833 | lrm: 1.00 | dt: 285ms | tok/sec: 115,077 | epoch: 1 | remaining: 259s    
step 00110 (36.2%) | loss: 4.223758 | lrm: 1.00 | dt: 283ms | tok/sec: 115,797 | epoch: 1 | remaining: 259s    
step 00111 (36.5%) | loss: 4.213579 | lrm: 1.00 | dt: 281ms | tok/sec: 116,558 | epoch: 1 | remaining: 259s    
step 00112 (36.8%) | loss: 4.215035 | lrm: 1.00 | dt: 283ms | tok/sec: 115,686 | epoch: 1 | remaining: 258s    
step 00113 (37.2%) | loss: 4.196375 | lrm: 1.00 | dt: 283ms | tok/sec: 115,957 | epoch: 1 | remaining: 258s    
step 00114 (37.5%) | loss: 4.178438 | lrm: 1.00 | dt: 278ms | tok/sec: 117,731 | epoch: 1 | remaining: 258s    
step 00115 (37.8%) | loss: 4.166140 | lrm: 1.00 | dt: 280ms | tok/sec: 116,937 | epoch: 1 | remaining: 257s    
step 00116 (38.2%) | loss: 4.150881 | lrm: 1.00 | dt: 284ms | tok/sec: 115,445 | epoch: 1 | remaining: 257s    
step 00117 (38.5%) | loss: 4.144886 | lrm: 1.00 | dt: 283ms | tok/sec: 115,957 | epoch: 1 | remaining: 257s    
step 00118 (38.8%) | loss: 4.145005 | lrm: 1.00 | dt: 284ms | tok/sec: 115,451 | epoch: 1 | remaining: 257s    
step 00119 (39.1%) | loss: 4.131954 | lrm: 1.00 | dt: 284ms | tok/sec: 115,290 | epoch: 1 | remaining: 256s    
step 00120 (39.5%) | loss: 4.118390 | lrm: 1.00 | dt: 293ms | tok/sec: 112,023 | epoch: 1 | remaining: 256s    
step 00121 (39.8%) | loss: 4.109295 | lrm: 1.00 | dt: 280ms | tok/sec: 116,927 | epoch: 1 | remaining: 256s    
step 00122 (40.1%) | loss: 4.097625 | lrm: 1.00 | dt: 279ms | tok/sec: 117,482 | epoch: 1 | remaining: 255s    
step 00123 (40.5%) | loss: 4.088486 | lrm: 1.00 | dt: 281ms | tok/sec: 116,507 | epoch: 1 | remaining: 255s    
step 00124 (40.8%) | loss: 4.079281 | lrm: 1.00 | dt: 283ms | tok/sec: 115,919 | epoch: 1 | remaining: 255s    
step 00125 (41.1%) | loss: 4.073448 | lrm: 1.00 | dt: 285ms | tok/sec: 114,782 | epoch: 1 | remaining: 255s    
step 00126 (41.4%) | loss: 4.077708 | lrm: 1.00 | dt: 281ms | tok/sec: 116,604 | epoch: 1 | remaining: 254s    
step 00127 (41.8%) | loss: 4.056601 | lrm: 1.00 | dt: 284ms | tok/sec: 115,356 | epoch: 1 | remaining: 254s    
step 00128 (42.1%) | loss: 4.051620 | lrm: 1.00 | dt: 284ms | tok/sec: 115,557 | epoch: 1 | remaining: 254s    
step 00129 (42.4%) | loss: 4.044914 | lrm: 1.00 | dt: 280ms | tok/sec: 117,094 | epoch: 1 | remaining: 253s    
step 00130 (42.8%) | loss: 4.037403 | lrm: 1.00 | dt: 279ms | tok/sec: 117,470 | epoch: 1 | remaining: 253s    
step 00131 (43.1%) | loss: 4.021715 | lrm: 1.00 | dt: 283ms | tok/sec: 115,834 | epoch: 1 | remaining: 253s    
step 00132 (43.4%) | loss: 4.009362 | lrm: 1.00 | dt: 284ms | tok/sec: 115,338 | epoch: 1 | remaining: 253s    
step 00133 (43.8%) | loss: 3.998614 | lrm: 1.00 | dt: 284ms | tok/sec: 115,455 | epoch: 1 | remaining: 252s    
step 00134 (44.1%) | loss: 3.992754 | lrm: 1.00 | dt: 283ms | tok/sec: 115,860 | epoch: 1 | remaining: 252s    
step 00135 (44.4%) | loss: 3.984267 | lrm: 1.00 | dt: 292ms | tok/sec: 112,243 | epoch: 1 | remaining: 252s    
step 00136 (44.7%) | loss: 3.969085 | lrm: 1.00 | dt: 283ms | tok/sec: 115,892 | epoch: 1 | remaining: 252s    
step 00137 (45.1%) | loss: 3.960916 | lrm: 1.00 | dt: 281ms | tok/sec: 116,685 | epoch: 1 | remaining: 251s    
step 00138 (45.4%) | loss: 3.955169 | lrm: 1.00 | dt: 281ms | tok/sec: 116,662 | epoch: 1 | remaining: 251s    
step 00139 (45.7%) | loss: 3.955261 | lrm: 1.00 | dt: 283ms | tok/sec: 115,690 | epoch: 1 | remaining: 251s    
step 00140 (46.1%) | loss: 3.948964 | lrm: 1.00 | dt: 284ms | tok/sec: 115,501 | epoch: 1 | remaining: 250s    
step 00141 (46.4%) | loss: 3.946104 | lrm: 1.00 | dt: 285ms | tok/sec: 114,952 | epoch: 1 | remaining: 250s    
step 00142 (46.7%) | loss: 3.943367 | lrm: 1.00 | dt: 283ms | tok/sec: 115,863 | epoch: 1 | remaining: 250s    
step 00143 (47.0%) | loss: 3.928463 | lrm: 1.00 | dt: 282ms | tok/sec: 116,116 | epoch: 1 | remaining: 250s    
step 00144 (47.4%) | loss: 3.914843 | lrm: 1.00 | dt: 279ms | tok/sec: 117,253 | epoch: 1 | remaining: 249s    
step 00145 (47.7%) | loss: 3.907583 | lrm: 1.00 | dt: 281ms | tok/sec: 116,590 | epoch: 1 | remaining: 249s    
step 00146 (48.0%) | loss: 3.899399 | lrm: 1.00 | dt: 278ms | tok/sec: 117,792 | epoch: 1 | remaining: 249s    
step 00147 (48.4%) | loss: 3.895507 | lrm: 1.00 | dt: 281ms | tok/sec: 116,484 | epoch: 1 | remaining: 248s    
step 00148 (48.7%) | loss: 3.899046 | lrm: 1.00 | dt: 281ms | tok/sec: 116,495 | epoch: 1 | remaining: 248s    
step 00149 (49.0%) | loss: 3.889172 | lrm: 1.00 | dt: 282ms | tok/sec: 116,247 | epoch: 1 | remaining: 248s    
step 00150 (49.3%) | loss: 3.883670 | lrm: 1.00 | dt: 280ms | tok/sec: 117,037 | epoch: 1 | remaining: 248s    
step 00151 (49.7%) | loss: 3.879487 | lrm: 1.00 | dt: 283ms | tok/sec: 115,618 | epoch: 1 | remaining: 247s    
step 00152 (50.0%) | loss: 3.878140 | lrm: 1.00 | dt: 284ms | tok/sec: 115,183 | epoch: 1 | remaining: 247s    
step 00153 (50.3%) | loss: 3.880051 | lrm: 0.99 | dt: 280ms | tok/sec: 116,922 | epoch: 1 | remaining: 247s    
step 00154 (50.7%) | loss: 3.868907 | lrm: 0.99 | dt: 280ms | tok/sec: 117,088 | epoch: 1 | remaining: 246s    
step 00155 (51.0%) | loss: 3.855369 | lrm: 0.98 | dt: 281ms | tok/sec: 116,693 | epoch: 1 | remaining: 246s    
step 00156 (51.3%) | loss: 3.843925 | lrm: 0.97 | dt: 282ms | tok/sec: 116,043 | epoch: 1 | remaining: 246s    
step 00157 (51.6%) | loss: 3.833428 | lrm: 0.97 | dt: 287ms | tok/sec: 114,306 | epoch: 1 | remaining: 246s    
step 00158 (52.0%) | loss: 3.834044 | lrm: 0.96 | dt: 284ms | tok/sec: 115,533 | epoch: 1 | remaining: 245s    
step 00159 (52.3%) | loss: 3.832412 | lrm: 0.95 | dt: 284ms | tok/sec: 115,469 | epoch: 1 | remaining: 245s    
step 00160 (52.6%) | loss: 3.837245 | lrm: 0.95 | dt: 284ms | tok/sec: 115,379 | epoch: 1 | remaining: 245s    
step 00161 (53.0%) | loss: 3.835812 | lrm: 0.94 | dt: 284ms | tok/sec: 115,321 | epoch: 1 | remaining: 244s    
step 00162 (53.3%) | loss: 3.834378 | lrm: 0.93 | dt: 280ms | tok/sec: 117,006 | epoch: 1 | remaining: 244s    
step 00163 (53.6%) | loss: 3.821574 | lrm: 0.93 | dt: 283ms | tok/sec: 115,720 | epoch: 1 | remaining: 244s    
step 00164 (53.9%) | loss: 3.811584 | lrm: 0.92 | dt: 284ms | tok/sec: 115,260 | epoch: 1 | remaining: 244s    
step 00165 (54.3%) | loss: 3.803558 | lrm: 0.91 | dt: 282ms | tok/sec: 116,004 | epoch: 1 | remaining: 243s    
step 00166 (54.6%) | loss: 3.791975 | lrm: 0.91 | dt: 281ms | tok/sec: 116,629 | epoch: 1 | remaining: 243s    
step 00167 (54.9%) | loss: 3.790391 | lrm: 0.90 | dt: 282ms | tok/sec: 116,085 | epoch: 1 | remaining: 243s    
step 00168 (55.3%) | loss: 3.788699 | lrm: 0.89 | dt: 283ms | tok/sec: 115,785 | epoch: 1 | remaining: 242s    
step 00169 (55.6%) | loss: 3.779238 | lrm: 0.89 | dt: 280ms | tok/sec: 116,854 | epoch: 1 | remaining: 242s    
step 00170 (55.9%) | loss: 3.767328 | lrm: 0.88 | dt: 279ms | tok/sec: 117,413 | epoch: 1 | remaining: 242s    
step 00171 (56.2%) | loss: 3.772725 | lrm: 0.88 | dt: 283ms | tok/sec: 115,855 | epoch: 1 | remaining: 242s    
step 00172 (56.6%) | loss: 3.765702 | lrm: 0.87 | dt: 292ms | tok/sec: 112,049 | epoch: 1 | remaining: 241s    
step 00173 (56.9%) | loss: 3.760990 | lrm: 0.86 | dt: 281ms | tok/sec: 116,451 | epoch: 1 | remaining: 241s    
step 00174 (57.2%) | loss: 3.755234 | lrm: 0.86 | dt: 283ms | tok/sec: 115,648 | epoch: 1 | remaining: 241s    
step 00175 (57.6%) | loss: 3.749062 | lrm: 0.85 | dt: 281ms | tok/sec: 116,453 | epoch: 1 | remaining: 240s    
step 00176 (57.9%) | loss: 3.747398 | lrm: 0.84 | dt: 284ms | tok/sec: 115,491 | epoch: 1 | remaining: 240s    
step 00177 (58.2%) | loss: 3.752183 | lrm: 0.84 | dt: 287ms | tok/sec: 114,185 | epoch: 1 | remaining: 240s    
step 00178 (58.6%) | loss: 3.747226 | lrm: 0.83 | dt: 296ms | tok/sec: 110,777 | epoch: 1 | remaining: 240s    
step 00179 (58.9%) | loss: 3.739423 | lrm: 0.82 | dt: 288ms | tok/sec: 113,765 | epoch: 1 | remaining: 239s    
step 00180 (59.2%) | loss: 3.732719 | lrm: 0.82 | dt: 284ms | tok/sec: 115,501 | epoch: 1 | remaining: 239s    
step 00181 (59.5%) | loss: 3.722367 | lrm: 0.81 | dt: 284ms | tok/sec: 115,365 | epoch: 1 | remaining: 239s    
step 00182 (59.9%) | loss: 3.725162 | lrm: 0.80 | dt: 284ms | tok/sec: 115,274 | epoch: 1 | remaining: 238s    
step 00183 (60.2%) | loss: 3.720184 | lrm: 0.80 | dt: 286ms | tok/sec: 114,646 | epoch: 1 | remaining: 238s    
step 00184 (60.5%) | loss: 3.725313 | lrm: 0.79 | dt: 284ms | tok/sec: 115,373 | epoch: 1 | remaining: 238s    
step 00185 (60.9%) | loss: 3.715482 | lrm: 0.78 | dt: 280ms | tok/sec: 117,134 | epoch: 1 | remaining: 238s    
step 00186 (61.2%) | loss: 3.708600 | lrm: 0.78 | dt: 280ms | tok/sec: 117,157 | epoch: 1 | remaining: 237s    
step 00187 (61.5%) | loss: 3.701176 | lrm: 0.77 | dt: 280ms | tok/sec: 116,946 | epoch: 1 | remaining: 237s    
step 00188 (61.8%) | loss: 3.692964 | lrm: 0.76 | dt: 282ms | tok/sec: 116,260 | epoch: 1 | remaining: 237s    
step 00189 (62.2%) | loss: 3.692312 | lrm: 0.76 | dt: 284ms | tok/sec: 115,270 | epoch: 1 | remaining: 237s    
step 00190 (62.5%) | loss: 3.686300 | lrm: 0.75 | dt: 283ms | tok/sec: 115,902 | epoch: 1 | remaining: 236s    
step 00191 (62.8%) | loss: 3.679821 | lrm: 0.74 | dt: 285ms | tok/sec: 115,120 | epoch: 1 | remaining: 236s    
step 00192 (63.2%) | loss: 3.671060 | lrm: 0.74 | dt: 284ms | tok/sec: 115,454 | epoch: 1 | remaining: 236s    
step 00193 (63.5%) | loss: 3.659139 | lrm: 0.73 | dt: 280ms | tok/sec: 117,177 | epoch: 1 | remaining: 235s    
step 00194 (63.8%) | loss: 3.660461 | lrm: 0.72 | dt: 281ms | tok/sec: 116,529 | epoch: 1 | remaining: 235s    
step 00195 (64.1%) | loss: 3.657622 | lrm: 0.72 | dt: 281ms | tok/sec: 116,503 | epoch: 1 | remaining: 235s    
step 00196 (64.5%) | loss: 3.661700 | lrm: 0.71 | dt: 286ms | tok/sec: 114,670 | epoch: 1 | remaining: 235s    
step 00197 (64.8%) | loss: 3.659243 | lrm: 0.70 | dt: 283ms | tok/sec: 115,941 | epoch: 1 | remaining: 234s    
step 00198 (65.1%) | loss: 3.649021 | lrm: 0.70 | dt: 293ms | tok/sec: 111,925 | epoch: 1 | remaining: 234s    
step 00199 (65.5%) | loss: 3.641881 | lrm: 0.69 | dt: 285ms | tok/sec: 115,005 | epoch: 1 | remaining: 234s    
step 00200 (65.8%) | loss: 3.633575 | lrm: 0.68 | dt: 282ms | tok/sec: 116,328 | epoch: 1 | remaining: 233s    
step 00201 (66.1%) | loss: 3.626947 | lrm: 0.68 | dt: 280ms | tok/sec: 116,823 | epoch: 1 | remaining: 233s    
step 00202 (66.4%) | loss: 3.624206 | lrm: 0.67 | dt: 280ms | tok/sec: 117,135 | epoch: 1 | remaining: 233s    
step 00203 (66.8%) | loss: 3.619506 | lrm: 0.66 | dt: 284ms | tok/sec: 115,310 | epoch: 1 | remaining: 233s    
step 00204 (67.1%) | loss: 3.617641 | lrm: 0.66 | dt: 284ms | tok/sec: 115,409 | epoch: 1 | remaining: 232s    
step 00205 (67.4%) | loss: 3.616832 | lrm: 0.65 | dt: 283ms | tok/sec: 115,721 | epoch: 1 | remaining: 232s    
step 00206 (67.8%) | loss: 3.619119 | lrm: 0.64 | dt: 282ms | tok/sec: 116,042 | epoch: 1 | remaining: 232s    
step 00207 (68.1%) | loss: 3.610528 | lrm: 0.64 | dt: 282ms | tok/sec: 116,205 | epoch: 1 | remaining: 231s    
step 00208 (68.4%) | loss: 3.609724 | lrm: 0.63 | dt: 281ms | tok/sec: 116,615 | epoch: 1 | remaining: 231s    
step 00209 (68.8%) | loss: 3.603561 | lrm: 0.62 | dt: 280ms | tok/sec: 117,035 | epoch: 1 | remaining: 231s    
step 00210 (69.1%) | loss: 3.602095 | lrm: 0.62 | dt: 281ms | tok/sec: 116,468 | epoch: 1 | remaining: 231s    
step 00211 (69.4%) | loss: 3.595544 | lrm: 0.61 | dt: 280ms | tok/sec: 117,102 | epoch: 1 | remaining: 230s    
step 00212 (69.7%) | loss: 3.589004 | lrm: 0.61 | dt: 282ms | tok/sec: 116,060 | epoch: 1 | remaining: 230s    
step 00213 (70.1%) | loss: 3.595135 | lrm: 0.60 | dt: 285ms | tok/sec: 115,065 | epoch: 1 | remaining: 230s    
step 00214 (70.4%) | loss: 3.590441 | lrm: 0.59 | dt: 281ms | tok/sec: 116,599 | epoch: 1 | remaining: 229s    
step 00215 (70.7%) | loss: 3.582233 | lrm: 0.59 | dt: 285ms | tok/sec: 115,037 | epoch: 1 | remaining: 229s    
step 00216 (71.1%) | loss: 3.583157 | lrm: 0.58 | dt: 284ms | tok/sec: 115,536 | epoch: 1 | remaining: 229s    
step 00217 (71.4%) | loss: 3.584016 | lrm: 0.57 | dt: 280ms | tok/sec: 116,959 | epoch: 1 | remaining: 229s    
step 00218 (71.7%) | loss: 3.582039 | lrm: 0.57 | dt: 281ms | tok/sec: 116,560 | epoch: 1 | remaining: 228s    
step 00219 (72.0%) | loss: 3.567921 | lrm: 0.56 | dt: 282ms | tok/sec: 116,048 | epoch: 1 | remaining: 228s    
step 00220 (72.4%) | loss: 3.587009 | lrm: 0.55 | dt: 282ms | tok/sec: 116,391 | epoch: 1 | remaining: 228s    
step 00221 (72.7%) | loss: 3.583833 | lrm: 0.55 | dt: 294ms | tok/sec: 111,348 | epoch: 1 | remaining: 227s    
step 00222 (73.0%) | loss: 3.585943 | lrm: 0.54 | dt: 290ms | tok/sec: 112,901 | epoch: 1 | remaining: 227s    
step 00223 (73.4%) | loss: 3.590723 | lrm: 0.53 | dt: 283ms | tok/sec: 115,670 | epoch: 1 | remaining: 227s    
step 00224 (73.7%) | loss: 3.577277 | lrm: 0.53 | dt: 282ms | tok/sec: 116,285 | epoch: 1 | remaining: 227s    
step 00225 (74.0%) | loss: 3.568681 | lrm: 0.52 | dt: 285ms | tok/sec: 115,065 | epoch: 1 | remaining: 226s    
step 00226 (74.3%) | loss: 3.557570 | lrm: 0.51 | dt: 477884ms | tok/sec: 68 | epoch: 1 | remaining: 0s    
step 00227 (74.7%) | loss: 3.557843 | lrm: 0.51 | dt: 285ms | tok/sec: 114,927 | epoch: 1 | remaining: 0s    
step 00228 (75.0%) | loss: 3.555343 | lrm: 0.50 | dt: 288ms | tok/sec: 113,704 | epoch: 1 | remaining: 0s    
step 00229 (75.3%) | loss: 3.551662 | lrm: 0.49 | dt: 285ms | tok/sec: 115,102 | epoch: 1 | remaining: 0s    
step 00230 (75.7%) | loss: 3.544499 | lrm: 0.49 | dt: 281ms | tok/sec: 116,664 | epoch: 1 | remaining: 0s    
step 00231 (76.0%) | loss: 3.541898 | lrm: 0.48 | dt: 283ms | tok/sec: 115,776 | epoch: 1 | remaining: 0s    
step 00232 (76.3%) | loss: 3.537479 | lrm: 0.47 | dt: 278ms | tok/sec: 117,691 | epoch: 1 | remaining: 0s    
step 00233 (76.6%) | loss: 3.533184 | lrm: 0.47 | dt: 282ms | tok/sec: 116,095 | epoch: 1 | remaining: 0s    
step 00234 (77.0%) | loss: 3.522907 | lrm: 0.46 | dt: 281ms | tok/sec: 116,636 | epoch: 1 | remaining: 0s    
step 00235 (77.3%) | loss: 3.519450 | lrm: 0.45 | dt: 280ms | tok/sec: 116,842 | epoch: 1 | remaining: 0s    
step 00236 (77.6%) | loss: 3.518690 | lrm: 0.45 | dt: 282ms | tok/sec: 116,108 | epoch: 1 | remaining: 0s    
step 00237 (78.0%) | loss: 3.522442 | lrm: 0.44 | dt: 282ms | tok/sec: 116,037 | epoch: 1 | remaining: 0s    
step 00238 (78.3%) | loss: 3.513963 | lrm: 0.43 | dt: 281ms | tok/sec: 116,426 | epoch: 1 | remaining: 0s    
step 00239 (78.6%) | loss: 3.509637 | lrm: 0.43 | dt: 286ms | tok/sec: 114,472 | epoch: 1 | remaining: 0s    
step 00240 (78.9%) | loss: 3.512892 | lrm: 0.42 | dt: 278ms | tok/sec: 117,711 | epoch: 1 | remaining: 0s    
step 00241 (79.3%) | loss: 3.511491 | lrm: 0.41 | dt: 284ms | tok/sec: 115,557 | epoch: 1 | remaining: 0s    
step 00242 (79.6%) | loss: 3.507742 | lrm: 0.41 | dt: 279ms | tok/sec: 117,498 | epoch: 1 | remaining: 0s    
step 00243 (79.9%) | loss: 3.496662 | lrm: 0.40 | dt: 282ms | tok/sec: 116,022 | epoch: 1 | remaining: 0s    
step 00244 (80.3%) | loss: 3.498677 | lrm: 0.39 | dt: 288ms | tok/sec: 113,954 | epoch: 1 | remaining: 0s    
step 00245 (80.6%) | loss: 3.490079 | lrm: 0.39 | dt: 285ms | tok/sec: 114,972 | epoch: 1 | remaining: 0s    
step 00246 (80.9%) | loss: 3.494093 | lrm: 0.38 | dt: 289ms | tok/sec: 113,505 | epoch: 1 | remaining: 0s    
step 00247 (81.2%) | loss: 3.492568 | lrm: 0.38 | dt: 291ms | tok/sec: 112,493 | epoch: 1 | remaining: 0s    
step 00248 (81.6%) | loss: 3.494313 | lrm: 0.37 | dt: 281ms | tok/sec: 116,752 | epoch: 1 | remaining: 0s    
step 00249 (81.9%) | loss: 3.492241 | lrm: 0.36 | dt: 286ms | tok/sec: 114,750 | epoch: 1 | remaining: 0s    
step 00250 (82.2%) | loss: 3.495847 | lrm: 0.36 | dt: 282ms | tok/sec: 116,140 | epoch: 1 | remaining: 0s    
step 00251 (82.6%) | loss: 3.504295 | lrm: 0.35 | dt: 285ms | tok/sec: 115,039 | epoch: 1 | remaining: 0s    
step 00252 (82.9%) | loss: 3.488538 | lrm: 0.34 | dt: 282ms | tok/sec: 116,050 | epoch: 1 | remaining: 0s    
step 00253 (83.2%) | loss: 3.482242 | lrm: 0.34 | dt: 283ms | tok/sec: 115,936 | epoch: 1 | remaining: 0s    
step 00254 (83.6%) | loss: 3.480725 | lrm: 0.33 | dt: 284ms | tok/sec: 115,482 | epoch: 1 | remaining: 0s    
step 00255 (83.9%) | loss: 3.486137 | lrm: 0.32 | dt: 282ms | tok/sec: 116,398 | epoch: 1 | remaining: 0s    
step 00256 (84.2%) | loss: 3.482920 | lrm: 0.32 | dt: 278ms | tok/sec: 117,693 | epoch: 1 | remaining: 0s    
step 00257 (84.5%) | loss: 3.471823 | lrm: 0.31 | dt: 282ms | tok/sec: 116,250 | epoch: 1 | remaining: 0s    
step 00258 (84.9%) | loss: 3.474230 | lrm: 0.30 | dt: 284ms | tok/sec: 115,490 | epoch: 1 | remaining: 0s    
step 00259 (85.2%) | loss: 3.467693 | lrm: 0.30 | dt: 284ms | tok/sec: 115,477 | epoch: 1 | remaining: 0s    
step 00260 (85.5%) | loss: 3.470540 | lrm: 0.29 | dt: 282ms | tok/sec: 116,174 | epoch: 1 | remaining: 0s    
step 00261 (85.9%) | loss: 3.468296 | lrm: 0.28 | dt: 293ms | tok/sec: 111,743 | epoch: 1 | remaining: 0s    
step 00262 (86.2%) | loss: 3.463108 | lrm: 0.28 | dt: 282ms | tok/sec: 116,297 | epoch: 1 | remaining: 0s    
step 00263 (86.5%) | loss: 3.458428 | lrm: 0.27 | dt: 281ms | tok/sec: 116,691 | epoch: 1 | remaining: 0s    
step 00264 (86.8%) | loss: 3.455128 | lrm: 0.26 | dt: 285ms | tok/sec: 114,967 | epoch: 1 | remaining: 0s    
step 00265 (87.2%) | loss: 3.451409 | lrm: 0.26 | dt: 287ms | tok/sec: 114,239 | epoch: 1 | remaining: 0s    
step 00266 (87.5%) | loss: 3.448728 | lrm: 0.25 | dt: 283ms | tok/sec: 115,678 | epoch: 1 | remaining: 0s    
step 00267 (87.8%) | loss: 3.443593 | lrm: 0.24 | dt: 283ms | tok/sec: 115,602 | epoch: 1 | remaining: 0s    
step 00268 (88.2%) | loss: 3.447103 | lrm: 0.24 | dt: 282ms | tok/sec: 116,031 | epoch: 1 | remaining: 0s    
step 00269 (88.5%) | loss: 3.443795 | lrm: 0.23 | dt: 283ms | tok/sec: 115,918 | epoch: 1 | remaining: 0s    
step 00270 (88.8%) | loss: 3.442738 | lrm: 0.22 | dt: 284ms | tok/sec: 115,504 | epoch: 1 | remaining: 0s    
step 00271 (89.1%) | loss: 3.443770 | lrm: 0.22 | dt: 282ms | tok/sec: 116,016 | epoch: 1 | remaining: 0s    
step 00272 (89.5%) | loss: 3.445006 | lrm: 0.21 | dt: 283ms | tok/sec: 115,900 | epoch: 1 | remaining: 0s    
step 00273 (89.8%) | loss: 3.442107 | lrm: 0.20 | dt: 286ms | tok/sec: 114,454 | epoch: 1 | remaining: 0s    
step 00274 (90.1%) | loss: 3.438804 | lrm: 0.20 | dt: 287ms | tok/sec: 114,077 | epoch: 1 | remaining: 0s    
step 00275 (90.5%) | loss: 3.436374 | lrm: 0.19 | dt: 285ms | tok/sec: 115,029 | epoch: 1 | remaining: 0s    
step 00276 (90.8%) | loss: 3.438156 | lrm: 0.18 | dt: 285ms | tok/sec: 114,802 | epoch: 1 | remaining: 0s    
step 00277 (91.1%) | loss: 3.437750 | lrm: 0.18 | dt: 289ms | tok/sec: 113,511 | epoch: 1 | remaining: 0s    
step 00278 (91.4%) | loss: 3.440064 | lrm: 0.17 | dt: 295ms | tok/sec: 110,946 | epoch: 1 | remaining: 0s    
step 00279 (91.8%) | loss: 3.430125 | lrm: 0.16 | dt: 282ms | tok/sec: 116,250 | epoch: 1 | remaining: 0s    
step 00280 (92.1%) | loss: 3.435169 | lrm: 0.16 | dt: 283ms | tok/sec: 115,924 | epoch: 1 | remaining: 0s    
step 00281 (92.4%) | loss: 3.438437 | lrm: 0.15 | dt: 283ms | tok/sec: 115,965 | epoch: 1 | remaining: 0s    
step 00282 (92.8%) | loss: 3.431385 | lrm: 0.14 | dt: 285ms | tok/sec: 115,152 | epoch: 1 | remaining: 0s    
step 00283 (93.1%) | loss: 3.427270 | lrm: 0.14 | dt: 281ms | tok/sec: 116,514 | epoch: 1 | remaining: 0s    
step 00284 (93.4%) | loss: 3.425527 | lrm: 0.13 | dt: 284ms | tok/sec: 115,257 | epoch: 1 | remaining: 0s    
step 00285 (93.8%) | loss: 3.430415 | lrm: 0.12 | dt: 283ms | tok/sec: 115,611 | epoch: 1 | remaining: 0s    
step 00286 (94.1%) | loss: 3.431123 | lrm: 0.12 | dt: 282ms | tok/sec: 116,073 | epoch: 1 | remaining: 0s    
step 00287 (94.4%) | loss: 3.429354 | lrm: 0.11 | dt: 282ms | tok/sec: 116,269 | epoch: 1 | remaining: 0s    
step 00288 (94.7%) | loss: 3.424789 | lrm: 0.11 | dt: 282ms | tok/sec: 116,205 | epoch: 1 | remaining: 0s    
step 00289 (95.1%) | loss: 3.411482 | lrm: 0.10 | dt: 283ms | tok/sec: 115,664 | epoch: 1 | remaining: 0s    
step 00290 (95.4%) | loss: 3.407115 | lrm: 0.09 | dt: 283ms | tok/sec: 115,982 | epoch: 1 | remaining: 0s    
step 00291 (95.7%) | loss: 3.408961 | lrm: 0.09 | dt: 284ms | tok/sec: 115,532 | epoch: 1 | remaining: 0s    
step 00292 (96.1%) | loss: 3.397778 | lrm: 0.08 | dt: 283ms | tok/sec: 115,879 | epoch: 1 | remaining: 0s    
step 00293 (96.4%) | loss: 3.393995 | lrm: 0.07 | dt: 282ms | tok/sec: 116,107 | epoch: 1 | remaining: 0s    
step 00294 (96.7%) | loss: 3.396290 | lrm: 0.07 | dt: 284ms | tok/sec: 115,532 | epoch: 1 | remaining: 0s    
step 00295 (97.0%) | loss: 3.391875 | lrm: 0.06 | dt: 278ms | tok/sec: 117,718 | epoch: 1 | remaining: 0s    
step 00296 (97.4%) | loss: 3.389817 | lrm: 0.05 | dt: 279ms | tok/sec: 117,424 | epoch: 1 | remaining: 0s    
step 00297 (97.7%) | loss: 3.389879 | lrm: 0.05 | dt: 280ms | tok/sec: 117,129 | epoch: 1 | remaining: 0s    
step 00298 (98.0%) | loss: 3.386918 | lrm: 0.04 | dt: 285ms | tok/sec: 115,059 | epoch: 1 | remaining: 0s    
step 00299 (98.4%) | loss: 3.387332 | lrm: 0.03 | dt: 283ms | tok/sec: 115,748 | epoch: 1 | remaining: 0s    
step 00300 (98.7%) | loss: 3.387985 | lrm: 0.03 | dt: 281ms | tok/sec: 116,562 | epoch: 1 | remaining: 0s    
step 00301 (99.0%) | loss: 3.393615 | lrm: 0.02 | dt: 283ms | tok/sec: 115,591 | epoch: 1 | remaining: 0s    
step 00302 (99.3%) | loss: 3.398186 | lrm: 0.01 | dt: 291ms | tok/sec: 112,734 | epoch: 1 | remaining: 0s    
step 00303 (99.7%) | loss: 3.403509 | lrm: 0.01 | dt: 280ms | tok/sec: 117,003 | epoch: 1 | remaining: 0s    
Training completed in 573.4s
Starting final eval...
Final eval batch size: 256
Final eval completed in 14.5s
WARNING: val_bpb=0.803421 is outside plausible range [1.0, 10.0]
Baseline results written: /Users/ahmadalzaro/.cache/autoresearch-arabic/baseline_results.json
---
val_bpb:          0.803421
training_seconds: 573.4
total_seconds:    588.8
peak_vram_mb:     19043.7
mfu_percent:      0.00
total_tokens_M:   10.0
num_steps:        304
num_params_M:     5.0
total_eval_nats:  5294205.125000
total_eval_bytes: 9506751
total_valid_tokens: 1568355
depth:            4
