Condition: d1
Data/tokenizer loaded in 0.3s
Time budget: 300s
Gradient accumulation steps: 1
Model compiled in 0.5s

step 00000 (0.0%) | loss: 9.011253 | lrm: 1.00 | dt: 531ms | tok/sec: 61,738 | epoch: 1 | remaining: 300s    
step 00001 (0.3%) | loss: 8.975000 | lrm: 1.00 | dt: 279ms | tok/sec: 117,443 | epoch: 1 | remaining: 300s    
step 00002 (0.7%) | loss: 8.602246 | lrm: 1.00 | dt: 278ms | tok/sec: 117,942 | epoch: 1 | remaining: 299s    
step 00003 (1.0%) | loss: 8.240041 | lrm: 1.00 | dt: 278ms | tok/sec: 117,786 | epoch: 1 | remaining: 299s    
step 00004 (1.3%) | loss: 7.949689 | lrm: 1.00 | dt: 306ms | tok/sec: 107,007 | epoch: 1 | remaining: 299s    
step 00005 (1.6%) | loss: 7.716744 | lrm: 1.00 | dt: 799ms | tok/sec: 41,023 | epoch: 1 | remaining: 298s    
step 00006 (2.0%) | loss: 7.541579 | lrm: 1.00 | dt: 473ms | tok/sec: 69,213 | epoch: 1 | remaining: 298s    
step 00007 (2.3%) | loss: 7.393312 | lrm: 1.00 | dt: 450ms | tok/sec: 72,767 | epoch: 1 | remaining: 297s    
step 00008 (2.6%) | loss: 7.257981 | lrm: 1.00 | dt: 416ms | tok/sec: 78,789 | epoch: 1 | remaining: 297s    
step 00009 (3.0%) | loss: 7.157143 | lrm: 1.00 | dt: 394ms | tok/sec: 83,113 | epoch: 1 | remaining: 296s    
step 00010 (3.3%) | loss: 7.076226 | lrm: 1.00 | dt: 402ms | tok/sec: 81,555 | epoch: 1 | remaining: 296s    
step 00011 (3.6%) | loss: 6.970684 | lrm: 1.00 | dt: 610ms | tok/sec: 53,749 | epoch: 1 | remaining: 295s    
step 00012 (3.9%) | loss: 6.868544 | lrm: 1.00 | dt: 776ms | tok/sec: 42,234 | epoch: 1 | remaining: 295s    
step 00013 (4.3%) | loss: 6.771641 | lrm: 1.00 | dt: 479ms | tok/sec: 68,352 | epoch: 1 | remaining: 294s    
step 00014 (4.6%) | loss: 6.680611 | lrm: 1.00 | dt: 397ms | tok/sec: 82,614 | epoch: 1 | remaining: 294s    
step 00015 (4.9%) | loss: 6.589464 | lrm: 1.00 | dt: 357ms | tok/sec: 91,739 | epoch: 1 | remaining: 293s    
step 00016 (5.3%) | loss: 6.498421 | lrm: 1.00 | dt: 343ms | tok/sec: 95,593 | epoch: 1 | remaining: 293s    
step 00017 (5.6%) | loss: 6.427126 | lrm: 1.00 | dt: 331ms | tok/sec: 98,923 | epoch: 1 | remaining: 293s    
step 00018 (5.9%) | loss: 6.339831 | lrm: 1.00 | dt: 330ms | tok/sec: 99,243 | epoch: 1 | remaining: 292s    
step 00019 (6.2%) | loss: 6.267825 | lrm: 1.00 | dt: 319ms | tok/sec: 102,863 | epoch: 1 | remaining: 292s    
step 00020 (6.6%) | loss: 6.189767 | lrm: 1.00 | dt: 330ms | tok/sec: 99,348 | epoch: 1 | remaining: 292s    
step 00021 (6.9%) | loss: 6.128893 | lrm: 1.00 | dt: 329ms | tok/sec: 99,741 | epoch: 1 | remaining: 291s    
step 00022 (7.2%) | loss: 6.068134 | lrm: 1.00 | dt: 343ms | tok/sec: 95,417 | epoch: 1 | remaining: 291s    
step 00023 (7.6%) | loss: 6.009759 | lrm: 1.00 | dt: 366ms | tok/sec: 89,490 | epoch: 1 | remaining: 291s    
step 00024 (7.9%) | loss: 5.952072 | lrm: 1.00 | dt: 415ms | tok/sec: 79,044 | epoch: 1 | remaining: 290s    
step 00025 (8.2%) | loss: 5.900513 | lrm: 1.00 | dt: 491ms | tok/sec: 66,704 | epoch: 1 | remaining: 290s    
step 00026 (8.6%) | loss: 5.857422 | lrm: 1.00 | dt: 576ms | tok/sec: 56,859 | epoch: 1 | remaining: 289s    
step 00027 (8.9%) | loss: 5.816199 | lrm: 1.00 | dt: 597ms | tok/sec: 54,846 | epoch: 1 | remaining: 289s    
step 00028 (9.2%) | loss: 5.766730 | lrm: 1.00 | dt: 507ms | tok/sec: 64,608 | epoch: 1 | remaining: 288s    
step 00029 (9.5%) | loss: 5.722328 | lrm: 1.00 | dt: 444ms | tok/sec: 73,757 | epoch: 1 | remaining: 288s    
step 00030 (9.9%) | loss: 5.677987 | lrm: 1.00 | dt: 401ms | tok/sec: 81,742 | epoch: 1 | remaining: 287s    
step 00031 (10.2%) | loss: 5.634962 | lrm: 1.00 | dt: 374ms | tok/sec: 87,516 | epoch: 1 | remaining: 287s    
step 00032 (10.5%) | loss: 5.598086 | lrm: 1.00 | dt: 364ms | tok/sec: 90,043 | epoch: 1 | remaining: 286s    
step 00033 (10.9%) | loss: 5.566441 | lrm: 1.00 | dt: 364ms | tok/sec: 90,035 | epoch: 1 | remaining: 286s    
step 00034 (11.2%) | loss: 5.523019 | lrm: 1.00 | dt: 363ms | tok/sec: 90,158 | epoch: 1 | remaining: 286s    
step 00035 (11.5%) | loss: 5.486415 | lrm: 1.00 | dt: 381ms | tok/sec: 86,069 | epoch: 1 | remaining: 285s    
step 00036 (11.8%) | loss: 5.444529 | lrm: 1.00 | dt: 402ms | tok/sec: 81,465 | epoch: 1 | remaining: 285s    
step 00037 (12.2%) | loss: 5.414283 | lrm: 1.00 | dt: 451ms | tok/sec: 72,578 | epoch: 1 | remaining: 284s    
step 00038 (12.5%) | loss: 5.383540 | lrm: 1.00 | dt: 514ms | tok/sec: 63,785 | epoch: 1 | remaining: 284s    
step 00039 (12.8%) | loss: 5.357102 | lrm: 1.00 | dt: 599ms | tok/sec: 54,700 | epoch: 1 | remaining: 283s    
step 00040 (13.2%) | loss: 5.319434 | lrm: 1.00 | dt: 578ms | tok/sec: 56,653 | epoch: 1 | remaining: 283s    
step 00041 (13.5%) | loss: 5.298404 | lrm: 1.00 | dt: 525ms | tok/sec: 62,431 | epoch: 1 | remaining: 282s    
step 00042 (13.8%) | loss: 5.257330 | lrm: 1.00 | dt: 468ms | tok/sec: 70,081 | epoch: 1 | remaining: 282s    
step 00043 (14.1%) | loss: 5.226158 | lrm: 1.00 | dt: 441ms | tok/sec: 74,325 | epoch: 1 | remaining: 281s    
step 00044 (14.5%) | loss: 5.194597 | lrm: 1.00 | dt: 420ms | tok/sec: 78,049 | epoch: 1 | remaining: 281s    
step 00045 (14.8%) | loss: 5.180689 | lrm: 1.00 | dt: 424ms | tok/sec: 77,282 | epoch: 1 | remaining: 281s    
step 00046 (15.1%) | loss: 5.155237 | lrm: 1.00 | dt: 429ms | tok/sec: 76,429 | epoch: 1 | remaining: 280s    
step 00047 (15.5%) | loss: 5.130182 | lrm: 1.00 | dt: 451ms | tok/sec: 72,645 | epoch: 1 | remaining: 280s    
step 00048 (15.8%) | loss: 5.108548 | lrm: 1.00 | dt: 497ms | tok/sec: 65,993 | epoch: 1 | remaining: 279s    
step 00049 (16.1%) | loss: 5.094377 | lrm: 1.00 | dt: 548ms | tok/sec: 59,849 | epoch: 1 | remaining: 279s    
step 00050 (16.4%) | loss: 5.069408 | lrm: 1.00 | dt: 579ms | tok/sec: 56,549 | epoch: 1 | remaining: 278s    
step 00051 (16.8%) | loss: 5.047755 | lrm: 1.00 | dt: 560ms | tok/sec: 58,517 | epoch: 1 | remaining: 277s    
step 00052 (17.1%) | loss: 5.021880 | lrm: 1.00 | dt: 538ms | tok/sec: 60,959 | epoch: 1 | remaining: 277s    
step 00053 (17.4%) | loss: 5.003289 | lrm: 1.00 | dt: 493ms | tok/sec: 66,444 | epoch: 1 | remaining: 276s    
step 00054 (17.8%) | loss: 4.984321 | lrm: 1.00 | dt: 477ms | tok/sec: 68,630 | epoch: 1 | remaining: 276s    
step 00055 (18.1%) | loss: 4.966301 | lrm: 1.00 | dt: 473ms | tok/sec: 69,209 | epoch: 1 | remaining: 275s    
step 00056 (18.4%) | loss: 4.950175 | lrm: 1.00 | dt: 477ms | tok/sec: 68,642 | epoch: 1 | remaining: 275s    
step 00057 (18.8%) | loss: 4.930922 | lrm: 1.00 | dt: 493ms | tok/sec: 66,431 | epoch: 1 | remaining: 274s    
step 00058 (19.1%) | loss: 4.923575 | lrm: 1.00 | dt: 522ms | tok/sec: 62,820 | epoch: 1 | remaining: 274s    
step 00059 (19.4%) | loss: 4.910251 | lrm: 1.00 | dt: 555ms | tok/sec: 59,041 | epoch: 1 | remaining: 273s    
step 00060 (19.7%) | loss: 4.889791 | lrm: 1.00 | dt: 588ms | tok/sec: 55,698 | epoch: 1 | remaining: 273s    
step 00061 (20.1%) | loss: 4.874838 | lrm: 1.00 | dt: 570ms | tok/sec: 57,512 | epoch: 1 | remaining: 272s    
step 00062 (20.4%) | loss: 4.856944 | lrm: 1.00 | dt: 555ms | tok/sec: 58,989 | epoch: 1 | remaining: 272s    
step 00063 (20.7%) | loss: 4.850024 | lrm: 1.00 | dt: 522ms | tok/sec: 62,730 | epoch: 1 | remaining: 271s    
step 00064 (21.1%) | loss: 4.835233 | lrm: 1.00 | dt: 540ms | tok/sec: 60,731 | epoch: 1 | remaining: 271s    
step 00065 (21.4%) | loss: 4.819835 | lrm: 1.00 | dt: 544ms | tok/sec: 60,267 | epoch: 1 | remaining: 270s    
step 00066 (21.7%) | loss: 4.809508 | lrm: 1.00 | dt: 547ms | tok/sec: 59,942 | epoch: 1 | remaining: 270s    
step 00067 (22.0%) | loss: 4.790423 | lrm: 1.00 | dt: 557ms | tok/sec: 58,871 | epoch: 1 | remaining: 269s    
step 00068 (22.4%) | loss: 4.777439 | lrm: 1.00 | dt: 566ms | tok/sec: 57,867 | epoch: 1 | remaining: 268s    
step 00069 (22.7%) | loss: 4.760958 | lrm: 1.00 | dt: 583ms | tok/sec: 56,219 | epoch: 1 | remaining: 268s    
step 00070 (23.0%) | loss: 4.745421 | lrm: 1.00 | dt: 587ms | tok/sec: 55,816 | epoch: 1 | remaining: 267s    
step 00071 (23.4%) | loss: 4.729114 | lrm: 1.00 | dt: 578ms | tok/sec: 56,733 | epoch: 1 | remaining: 267s    
step 00072 (23.7%) | loss: 4.717246 | lrm: 1.00 | dt: 559ms | tok/sec: 58,603 | epoch: 1 | remaining: 266s    
step 00073 (24.0%) | loss: 4.703835 | lrm: 1.00 | dt: 582ms | tok/sec: 56,348 | epoch: 1 | remaining: 266s    
step 00074 (24.3%) | loss: 4.685590 | lrm: 1.00 | dt: 583ms | tok/sec: 56,253 | epoch: 1 | remaining: 265s    
step 00075 (24.7%) | loss: 4.670828 | lrm: 1.00 | dt: 641ms | tok/sec: 51,125 | epoch: 1 | remaining: 264s    
step 00076 (25.0%) | loss: 4.661654 | lrm: 1.00 | dt: 651ms | tok/sec: 50,356 | epoch: 1 | remaining: 264s    
step 00077 (25.3%) | loss: 4.644919 | lrm: 1.00 | dt: 622ms | tok/sec: 52,694 | epoch: 1 | remaining: 263s    
step 00078 (25.7%) | loss: 4.634092 | lrm: 1.00 | dt: 596ms | tok/sec: 54,942 | epoch: 1 | remaining: 262s    
step 00079 (26.0%) | loss: 4.627030 | lrm: 1.00 | dt: 602ms | tok/sec: 54,431 | epoch: 1 | remaining: 262s    
step 00080 (26.3%) | loss: 4.611445 | lrm: 1.00 | dt: 609ms | tok/sec: 53,773 | epoch: 1 | remaining: 261s    
step 00081 (26.6%) | loss: 4.600481 | lrm: 1.00 | dt: 650ms | tok/sec: 50,433 | epoch: 1 | remaining: 261s    
step 00082 (27.0%) | loss: 4.591132 | lrm: 1.00 | dt: 619ms | tok/sec: 52,939 | epoch: 1 | remaining: 260s    
step 00083 (27.3%) | loss: 4.576520 | lrm: 1.00 | dt: 602ms | tok/sec: 54,472 | epoch: 1 | remaining: 259s    
step 00084 (27.6%) | loss: 4.560977 | lrm: 1.00 | dt: 609ms | tok/sec: 53,835 | epoch: 1 | remaining: 259s    
step 00085 (28.0%) | loss: 4.547367 | lrm: 1.00 | dt: 622ms | tok/sec: 52,659 | epoch: 1 | remaining: 258s    
step 00086 (28.3%) | loss: 4.526928 | lrm: 1.00 | dt: 605ms | tok/sec: 54,200 | epoch: 1 | remaining: 258s    
step 00087 (28.6%) | loss: 4.524458 | lrm: 1.00 | dt: 600ms | tok/sec: 54,646 | epoch: 1 | remaining: 257s    
step 00088 (28.9%) | loss: 4.510289 | lrm: 1.00 | dt: 9683ms | tok/sec: 3,384 | epoch: 1 | remaining: 247s    
step 00089 (29.3%) | loss: 4.511188 | lrm: 1.00 | dt: 472ms | tok/sec: 69,451 | epoch: 1 | remaining: 247s    
step 00090 (29.6%) | loss: 4.507060 | lrm: 1.00 | dt: 483ms | tok/sec: 67,804 | epoch: 1 | remaining: 246s    
step 00091 (29.9%) | loss: 4.501430 | lrm: 1.00 | dt: 517ms | tok/sec: 63,408 | epoch: 1 | remaining: 246s    
step 00092 (30.3%) | loss: 4.508162 | lrm: 1.00 | dt: 608ms | tok/sec: 53,887 | epoch: 1 | remaining: 245s    
step 00093 (30.6%) | loss: 4.495671 | lrm: 1.00 | dt: 840ms | tok/sec: 39,026 | epoch: 1 | remaining: 244s    
step 00094 (30.9%) | loss: 4.493281 | lrm: 1.00 | dt: 424ms | tok/sec: 77,192 | epoch: 1 | remaining: 244s    
step 00095 (31.2%) | loss: 4.481391 | lrm: 1.00 | dt: 292ms | tok/sec: 112,365 | epoch: 1 | remaining: 244s    
step 00096 (31.6%) | loss: 4.470646 | lrm: 1.00 | dt: 282ms | tok/sec: 116,226 | epoch: 1 | remaining: 243s    
step 00097 (31.9%) | loss: 4.453883 | lrm: 1.00 | dt: 280ms | tok/sec: 117,100 | epoch: 1 | remaining: 243s    
step 00098 (32.2%) | loss: 4.442628 | lrm: 1.00 | dt: 295ms | tok/sec: 111,194 | epoch: 1 | remaining: 243s    
step 00099 (32.6%) | loss: 4.429937 | lrm: 1.00 | dt: 1843ms | tok/sec: 17,780 | epoch: 1 | remaining: 241s    
step 00100 (32.9%) | loss: 4.417848 | lrm: 1.00 | dt: 741ms | tok/sec: 44,251 | epoch: 1 | remaining: 240s    
step 00101 (33.2%) | loss: 4.405834 | lrm: 1.00 | dt: 1059ms | tok/sec: 30,936 | epoch: 1 | remaining: 239s    
step 00102 (33.6%) | loss: 4.400053 | lrm: 1.00 | dt: 620ms | tok/sec: 52,839 | epoch: 1 | remaining: 238s    
step 00103 (33.9%) | loss: 4.387526 | lrm: 1.00 | dt: 675ms | tok/sec: 48,530 | epoch: 1 | remaining: 238s    
step 00104 (34.2%) | loss: 4.374428 | lrm: 1.00 | dt: 794ms | tok/sec: 41,265 | epoch: 1 | remaining: 237s    
step 00105 (34.5%) | loss: 4.363379 | lrm: 1.00 | dt: 732ms | tok/sec: 44,766 | epoch: 1 | remaining: 236s    
step 00106 (34.9%) | loss: 4.358153 | lrm: 1.00 | dt: 1149ms | tok/sec: 28,518 | epoch: 1 | remaining: 235s    
step 00107 (35.2%) | loss: 4.353825 | lrm: 1.00 | dt: 645ms | tok/sec: 50,781 | epoch: 1 | remaining: 235s    
step 00108 (35.5%) | loss: 4.342178 | lrm: 1.00 | dt: 541ms | tok/sec: 60,541 | epoch: 1 | remaining: 234s    
step 00109 (35.9%) | loss: 4.336487 | lrm: 1.00 | dt: 556ms | tok/sec: 58,956 | epoch: 1 | remaining: 233s    
step 00110 (36.2%) | loss: 4.324440 | lrm: 1.00 | dt: 602ms | tok/sec: 54,448 | epoch: 1 | remaining: 233s    
step 00111 (36.5%) | loss: 4.313559 | lrm: 1.00 | dt: 815ms | tok/sec: 40,227 | epoch: 1 | remaining: 232s    
step 00112 (36.8%) | loss: 4.314166 | lrm: 1.00 | dt: 882ms | tok/sec: 37,169 | epoch: 1 | remaining: 231s    
step 00113 (37.2%) | loss: 4.296037 | lrm: 1.00 | dt: 785ms | tok/sec: 41,752 | epoch: 1 | remaining: 230s    
step 00114 (37.5%) | loss: 4.278404 | lrm: 1.00 | dt: 673ms | tok/sec: 48,672 | epoch: 1 | remaining: 230s    
step 00115 (37.8%) | loss: 4.265544 | lrm: 1.00 | dt: 659ms | tok/sec: 49,707 | epoch: 1 | remaining: 229s    
step 00116 (38.2%) | loss: 4.250773 | lrm: 1.00 | dt: 723ms | tok/sec: 45,314 | epoch: 1 | remaining: 228s    
step 00117 (38.5%) | loss: 4.245449 | lrm: 1.00 | dt: 761ms | tok/sec: 43,066 | epoch: 1 | remaining: 228s    
step 00118 (38.8%) | loss: 4.247920 | lrm: 1.00 | dt: 813ms | tok/sec: 40,281 | epoch: 1 | remaining: 227s    
step 00119 (39.1%) | loss: 4.235644 | lrm: 1.00 | dt: 779ms | tok/sec: 42,089 | epoch: 1 | remaining: 226s    
step 00120 (39.5%) | loss: 4.222427 | lrm: 1.00 | dt: 750ms | tok/sec: 43,664 | epoch: 1 | remaining: 225s    
step 00121 (39.8%) | loss: 4.213980 | lrm: 1.00 | dt: 799ms | tok/sec: 41,017 | epoch: 1 | remaining: 224s    
step 00122 (40.1%) | loss: 4.202965 | lrm: 1.00 | dt: 801ms | tok/sec: 40,925 | epoch: 1 | remaining: 224s    
step 00123 (40.5%) | loss: 4.196198 | lrm: 1.00 | dt: 816ms | tok/sec: 40,164 | epoch: 1 | remaining: 223s    
step 00124 (40.8%) | loss: 4.187478 | lrm: 1.00 | dt: 829ms | tok/sec: 39,537 | epoch: 1 | remaining: 222s    
step 00125 (41.1%) | loss: 4.180342 | lrm: 1.00 | dt: 795ms | tok/sec: 41,221 | epoch: 1 | remaining: 221s    
step 00126 (41.4%) | loss: 4.185273 | lrm: 1.00 | dt: 800ms | tok/sec: 40,969 | epoch: 1 | remaining: 220s    
step 00127 (41.8%) | loss: 4.164850 | lrm: 1.00 | dt: 800ms | tok/sec: 40,939 | epoch: 1 | remaining: 220s    
step 00128 (42.1%) | loss: 4.159322 | lrm: 1.00 | dt: 784ms | tok/sec: 41,819 | epoch: 1 | remaining: 219s    
step 00129 (42.4%) | loss: 4.151933 | lrm: 1.00 | dt: 797ms | tok/sec: 41,097 | epoch: 1 | remaining: 218s    
step 00130 (42.8%) | loss: 4.145303 | lrm: 1.00 | dt: 809ms | tok/sec: 40,522 | epoch: 1 | remaining: 217s    
step 00131 (43.1%) | loss: 4.129691 | lrm: 1.00 | dt: 787ms | tok/sec: 41,653 | epoch: 1 | remaining: 216s    
step 00132 (43.4%) | loss: 4.117423 | lrm: 1.00 | dt: 783ms | tok/sec: 41,836 | epoch: 1 | remaining: 216s    
step 00133 (43.8%) | loss: 4.106961 | lrm: 1.00 | dt: 788ms | tok/sec: 41,570 | epoch: 1 | remaining: 215s    
step 00134 (44.1%) | loss: 4.101506 | lrm: 1.00 | dt: 790ms | tok/sec: 41,473 | epoch: 1 | remaining: 214s    
step 00135 (44.4%) | loss: 4.093381 | lrm: 1.00 | dt: 820ms | tok/sec: 39,949 | epoch: 1 | remaining: 213s    
step 00136 (44.7%) | loss: 4.079727 | lrm: 1.00 | dt: 816ms | tok/sec: 40,176 | epoch: 1 | remaining: 212s    
step 00137 (45.1%) | loss: 4.072103 | lrm: 1.00 | dt: 799ms | tok/sec: 41,007 | epoch: 1 | remaining: 212s    
step 00138 (45.4%) | loss: 4.064938 | lrm: 1.00 | dt: 823ms | tok/sec: 39,830 | epoch: 1 | remaining: 211s    
step 00139 (45.7%) | loss: 4.063419 | lrm: 1.00 | dt: 803ms | tok/sec: 40,801 | epoch: 1 | remaining: 210s    
step 00140 (46.1%) | loss: 4.055950 | lrm: 1.00 | dt: 817ms | tok/sec: 40,122 | epoch: 1 | remaining: 209s    
step 00141 (46.4%) | loss: 4.052444 | lrm: 1.00 | dt: 802ms | tok/sec: 40,869 | epoch: 1 | remaining: 208s    
step 00142 (46.7%) | loss: 4.047824 | lrm: 1.00 | dt: 800ms | tok/sec: 40,970 | epoch: 1 | remaining: 208s    
step 00143 (47.0%) | loss: 4.032147 | lrm: 1.00 | dt: 818ms | tok/sec: 40,081 | epoch: 1 | remaining: 207s    
step 00144 (47.4%) | loss: 4.019171 | lrm: 1.00 | dt: 816ms | tok/sec: 40,154 | epoch: 1 | remaining: 206s    
step 00145 (47.7%) | loss: 4.010394 | lrm: 1.00 | dt: 804ms | tok/sec: 40,774 | epoch: 1 | remaining: 205s    
step 00146 (48.0%) | loss: 4.002381 | lrm: 1.00 | dt: 846ms | tok/sec: 38,751 | epoch: 1 | remaining: 204s    
step 00147 (48.4%) | loss: 3.997893 | lrm: 1.00 | dt: 884ms | tok/sec: 37,067 | epoch: 1 | remaining: 203s    
step 00148 (48.7%) | loss: 3.998405 | lrm: 1.00 | dt: 867ms | tok/sec: 37,797 | epoch: 1 | remaining: 202s    
step 00149 (49.0%) | loss: 3.986889 | lrm: 1.00 | dt: 850ms | tok/sec: 38,569 | epoch: 1 | remaining: 202s    
step 00150 (49.3%) | loss: 3.979095 | lrm: 1.00 | dt: 848ms | tok/sec: 38,661 | epoch: 1 | remaining: 201s    
step 00151 (49.7%) | loss: 3.973935 | lrm: 1.00 | dt: 188316ms | tok/sec: 174 | epoch: 1 | remaining: 12s    
step 00152 (50.0%) | loss: 3.972161 | lrm: 1.00 | dt: 671ms | tok/sec: 48,826 | epoch: 1 | remaining: 12s    
step 00153 (50.3%) | loss: 3.972865 | lrm: 0.99 | dt: 837ms | tok/sec: 39,144 | epoch: 1 | remaining: 11s    
step 00154 (50.7%) | loss: 3.961142 | lrm: 0.99 | dt: 1222ms | tok/sec: 26,821 | epoch: 1 | remaining: 10s    
step 00155 (51.0%) | loss: 3.947887 | lrm: 0.98 | dt: 722ms | tok/sec: 45,381 | epoch: 1 | remaining: 9s    
step 00156 (51.3%) | loss: 3.934947 | lrm: 0.97 | dt: 304ms | tok/sec: 107,853 | epoch: 1 | remaining: 9s    
step 00157 (51.6%) | loss: 3.923406 | lrm: 0.97 | dt: 285ms | tok/sec: 115,016 | epoch: 1 | remaining: 8s    
step 00158 (52.0%) | loss: 3.922791 | lrm: 0.96 | dt: 281ms | tok/sec: 116,424 | epoch: 1 | remaining: 8s    
step 00159 (52.3%) | loss: 3.919899 | lrm: 0.95 | dt: 280ms | tok/sec: 116,993 | epoch: 1 | remaining: 8s    
step 00160 (52.6%) | loss: 3.923439 | lrm: 0.95 | dt: 279ms | tok/sec: 117,440 | epoch: 1 | remaining: 8s    
step 00161 (53.0%) | loss: 3.920950 | lrm: 0.94 | dt: 280ms | tok/sec: 116,830 | epoch: 1 | remaining: 7s    
step 00162 (53.3%) | loss: 3.917945 | lrm: 0.93 | dt: 281ms | tok/sec: 116,601 | epoch: 1 | remaining: 7s    
step 00163 (53.6%) | loss: 3.904778 | lrm: 0.93 | dt: 281ms | tok/sec: 116,458 | epoch: 1 | remaining: 7s    
step 00164 (53.9%) | loss: 3.893914 | lrm: 0.92 | dt: 283ms | tok/sec: 115,789 | epoch: 1 | remaining: 6s    
step 00165 (54.3%) | loss: 3.885453 | lrm: 0.91 | dt: 282ms | tok/sec: 116,259 | epoch: 1 | remaining: 6s    
step 00166 (54.6%) | loss: 3.873498 | lrm: 0.91 | dt: 282ms | tok/sec: 116,302 | epoch: 1 | remaining: 6s    
step 00167 (54.9%) | loss: 3.870014 | lrm: 0.90 | dt: 290ms | tok/sec: 112,992 | epoch: 1 | remaining: 6s    
step 00168 (55.3%) | loss: 3.867197 | lrm: 0.89 | dt: 283ms | tok/sec: 115,948 | epoch: 1 | remaining: 5s    
step 00169 (55.6%) | loss: 3.856350 | lrm: 0.89 | dt: 282ms | tok/sec: 116,203 | epoch: 1 | remaining: 5s    
step 00170 (55.9%) | loss: 3.843061 | lrm: 0.88 | dt: 286ms | tok/sec: 114,447 | epoch: 1 | remaining: 5s    
step 00171 (56.2%) | loss: 3.847140 | lrm: 0.88 | dt: 286ms | tok/sec: 114,599 | epoch: 1 | remaining: 4s    
step 00172 (56.6%) | loss: 3.838760 | lrm: 0.87 | dt: 283ms | tok/sec: 115,979 | epoch: 1 | remaining: 4s    
step 00173 (56.9%) | loss: 3.832414 | lrm: 0.86 | dt: 284ms | tok/sec: 115,344 | epoch: 1 | remaining: 4s    
step 00174 (57.2%) | loss: 3.826408 | lrm: 0.86 | dt: 284ms | tok/sec: 115,301 | epoch: 1 | remaining: 4s    
step 00175 (57.6%) | loss: 3.818816 | lrm: 0.85 | dt: 281ms | tok/sec: 116,819 | epoch: 1 | remaining: 3s    
step 00176 (57.9%) | loss: 3.816258 | lrm: 0.84 | dt: 280ms | tok/sec: 117,100 | epoch: 1 | remaining: 3s    
step 00177 (58.2%) | loss: 3.819814 | lrm: 0.84 | dt: 287ms | tok/sec: 114,089 | epoch: 1 | remaining: 3s    
step 00178 (58.6%) | loss: 3.814626 | lrm: 0.83 | dt: 277ms | tok/sec: 118,112 | epoch: 1 | remaining: 2s    
step 00179 (58.9%) | loss: 3.805927 | lrm: 0.82 | dt: 286ms | tok/sec: 114,464 | epoch: 1 | remaining: 2s    
step 00180 (59.2%) | loss: 3.797927 | lrm: 0.82 | dt: 281ms | tok/sec: 116,730 | epoch: 1 | remaining: 2s    
step 00181 (59.5%) | loss: 3.787011 | lrm: 0.81 | dt: 282ms | tok/sec: 116,100 | epoch: 1 | remaining: 2s    
step 00182 (59.9%) | loss: 3.788970 | lrm: 0.80 | dt: 282ms | tok/sec: 116,049 | epoch: 1 | remaining: 1s    
step 00183 (60.2%) | loss: 3.782483 | lrm: 0.80 | dt: 281ms | tok/sec: 116,528 | epoch: 1 | remaining: 1s    
step 00184 (60.5%) | loss: 3.786714 | lrm: 0.79 | dt: 279ms | tok/sec: 117,391 | epoch: 1 | remaining: 1s    
step 00185 (60.9%) | loss: 3.775766 | lrm: 0.78 | dt: 283ms | tok/sec: 115,767 | epoch: 1 | remaining: 1s    
step 00186 (61.2%) | loss: 3.767919 | lrm: 0.78 | dt: 285ms | tok/sec: 115,133 | epoch: 1 | remaining: 0s    
step 00187 (61.5%) | loss: 3.759208 | lrm: 0.77 | dt: 282ms | tok/sec: 116,388 | epoch: 1 | remaining: 0s    
step 00188 (61.8%) | loss: 3.750533 | lrm: 0.76 | dt: 283ms | tok/sec: 115,864 | epoch: 1 | remaining: 0s    
step 00189 (62.2%) | loss: 3.748936 | lrm: 0.76 | dt: 282ms | tok/sec: 116,123 | epoch: 1 | remaining: 0s    
step 00190 (62.5%) | loss: 3.741795 | lrm: 0.75 | dt: 293ms | tok/sec: 111,883 | epoch: 1 | remaining: 0s    
step 00191 (62.8%) | loss: 3.734681 | lrm: 0.74 | dt: 282ms | tok/sec: 116,016 | epoch: 1 | remaining: 0s    
step 00192 (63.2%) | loss: 3.725618 | lrm: 0.74 | dt: 282ms | tok/sec: 116,338 | epoch: 1 | remaining: 0s    
step 00193 (63.5%) | loss: 3.713305 | lrm: 0.73 | dt: 281ms | tok/sec: 116,618 | epoch: 1 | remaining: 0s    
step 00194 (63.8%) | loss: 3.715188 | lrm: 0.72 | dt: 282ms | tok/sec: 116,215 | epoch: 1 | remaining: 0s    
step 00195 (64.1%) | loss: 3.711586 | lrm: 0.72 | dt: 285ms | tok/sec: 114,928 | epoch: 1 | remaining: 0s    
step 00196 (64.5%) | loss: 3.715056 | lrm: 0.71 | dt: 285ms | tok/sec: 114,978 | epoch: 1 | remaining: 0s    
step 00197 (64.8%) | loss: 3.712242 | lrm: 0.70 | dt: 292ms | tok/sec: 112,132 | epoch: 1 | remaining: 0s    
step 00198 (65.1%) | loss: 3.700597 | lrm: 0.70 | dt: 281ms | tok/sec: 116,549 | epoch: 1 | remaining: 0s    
step 00199 (65.5%) | loss: 3.693003 | lrm: 0.69 | dt: 279ms | tok/sec: 117,490 | epoch: 1 | remaining: 0s    
step 00200 (65.8%) | loss: 3.683499 | lrm: 0.68 | dt: 280ms | tok/sec: 116,954 | epoch: 1 | remaining: 0s    
step 00201 (66.1%) | loss: 3.676682 | lrm: 0.68 | dt: 281ms | tok/sec: 116,406 | epoch: 1 | remaining: 0s    
step 00202 (66.4%) | loss: 3.673622 | lrm: 0.67 | dt: 282ms | tok/sec: 116,357 | epoch: 1 | remaining: 0s    
step 00203 (66.8%) | loss: 3.668069 | lrm: 0.66 | dt: 284ms | tok/sec: 115,538 | epoch: 1 | remaining: 0s    
step 00204 (67.1%) | loss: 3.665940 | lrm: 0.66 | dt: 282ms | tok/sec: 116,196 | epoch: 1 | remaining: 0s    
step 00205 (67.4%) | loss: 3.663778 | lrm: 0.65 | dt: 284ms | tok/sec: 115,351 | epoch: 1 | remaining: 0s    
step 00206 (67.8%) | loss: 3.665189 | lrm: 0.64 | dt: 283ms | tok/sec: 115,946 | epoch: 1 | remaining: 0s    
step 00207 (68.1%) | loss: 3.656208 | lrm: 0.64 | dt: 280ms | tok/sec: 116,958 | epoch: 1 | remaining: 0s    
step 00208 (68.4%) | loss: 3.655219 | lrm: 0.63 | dt: 278ms | tok/sec: 117,871 | epoch: 1 | remaining: 0s    
step 00209 (68.8%) | loss: 3.648277 | lrm: 0.62 | dt: 283ms | tok/sec: 115,860 | epoch: 1 | remaining: 0s    
step 00210 (69.1%) | loss: 3.646295 | lrm: 0.62 | dt: 281ms | tok/sec: 116,605 | epoch: 1 | remaining: 0s    
step 00211 (69.4%) | loss: 3.639432 | lrm: 0.61 | dt: 284ms | tok/sec: 115,484 | epoch: 1 | remaining: 0s    
step 00212 (69.7%) | loss: 3.632766 | lrm: 0.61 | dt: 283ms | tok/sec: 115,800 | epoch: 1 | remaining: 0s    
step 00213 (70.1%) | loss: 3.637175 | lrm: 0.60 | dt: 292ms | tok/sec: 112,249 | epoch: 1 | remaining: 0s    
step 00214 (70.4%) | loss: 3.632292 | lrm: 0.59 | dt: 283ms | tok/sec: 115,683 | epoch: 1 | remaining: 0s    
step 00215 (70.7%) | loss: 3.623365 | lrm: 0.59 | dt: 280ms | tok/sec: 117,145 | epoch: 1 | remaining: 0s    
step 00216 (71.1%) | loss: 3.623672 | lrm: 0.58 | dt: 282ms | tok/sec: 116,233 | epoch: 1 | remaining: 0s    
step 00217 (71.4%) | loss: 3.623400 | lrm: 0.57 | dt: 284ms | tok/sec: 115,257 | epoch: 1 | remaining: 0s    
step 00218 (71.7%) | loss: 3.620295 | lrm: 0.57 | dt: 281ms | tok/sec: 116,515 | epoch: 1 | remaining: 0s    
step 00219 (72.0%) | loss: 3.606471 | lrm: 0.56 | dt: 283ms | tok/sec: 115,775 | epoch: 1 | remaining: 0s    
step 00220 (72.4%) | loss: 3.624597 | lrm: 0.55 | dt: 282ms | tok/sec: 116,209 | epoch: 1 | remaining: 0s    
step 00221 (72.7%) | loss: 3.621135 | lrm: 0.55 | dt: 284ms | tok/sec: 115,264 | epoch: 1 | remaining: 0s    
step 00222 (73.0%) | loss: 3.622882 | lrm: 0.54 | dt: 287ms | tok/sec: 114,216 | epoch: 1 | remaining: 0s    
step 00223 (73.4%) | loss: 3.626573 | lrm: 0.53 | dt: 280ms | tok/sec: 117,003 | epoch: 1 | remaining: 0s    
step 00224 (73.7%) | loss: 3.613832 | lrm: 0.53 | dt: 281ms | tok/sec: 116,575 | epoch: 1 | remaining: 0s    
step 00225 (74.0%) | loss: 3.606123 | lrm: 0.52 | dt: 284ms | tok/sec: 115,489 | epoch: 1 | remaining: 0s    
step 00226 (74.3%) | loss: 3.594668 | lrm: 0.51 | dt: 282ms | tok/sec: 116,208 | epoch: 1 | remaining: 0s    
step 00227 (74.7%) | loss: 3.593791 | lrm: 0.51 | dt: 281ms | tok/sec: 116,717 | epoch: 1 | remaining: 0s    
step 00228 (75.0%) | loss: 3.591174 | lrm: 0.50 | dt: 281ms | tok/sec: 116,451 | epoch: 1 | remaining: 0s    
step 00229 (75.3%) | loss: 3.586902 | lrm: 0.49 | dt: 282ms | tok/sec: 116,248 | epoch: 1 | remaining: 0s    
step 00230 (75.7%) | loss: 3.578561 | lrm: 0.49 | dt: 278ms | tok/sec: 117,831 | epoch: 1 | remaining: 0s    
step 00231 (76.0%) | loss: 3.575904 | lrm: 0.48 | dt: 278ms | tok/sec: 117,942 | epoch: 1 | remaining: 0s    
step 00232 (76.3%) | loss: 3.572157 | lrm: 0.47 | dt: 283ms | tok/sec: 115,871 | epoch: 1 | remaining: 0s    
step 00233 (76.6%) | loss: 3.567289 | lrm: 0.47 | dt: 281ms | tok/sec: 116,699 | epoch: 1 | remaining: 0s    
step 00234 (77.0%) | loss: 3.556841 | lrm: 0.46 | dt: 284ms | tok/sec: 115,582 | epoch: 1 | remaining: 0s    
step 00235 (77.3%) | loss: 3.552869 | lrm: 0.45 | dt: 286ms | tok/sec: 114,626 | epoch: 1 | remaining: 0s    
step 00236 (77.6%) | loss: 3.551375 | lrm: 0.45 | dt: 283ms | tok/sec: 115,631 | epoch: 1 | remaining: 0s    
step 00237 (78.0%) | loss: 3.555920 | lrm: 0.44 | dt: 283ms | tok/sec: 115,882 | epoch: 1 | remaining: 0s    
step 00238 (78.3%) | loss: 3.546976 | lrm: 0.43 | dt: 283ms | tok/sec: 115,775 | epoch: 1 | remaining: 0s    
step 00239 (78.6%) | loss: 3.541912 | lrm: 0.43 | dt: 284ms | tok/sec: 115,277 | epoch: 1 | remaining: 0s    
step 00240 (78.9%) | loss: 3.545173 | lrm: 0.42 | dt: 280ms | tok/sec: 116,877 | epoch: 1 | remaining: 0s    
step 00241 (79.3%) | loss: 3.542772 | lrm: 0.41 | dt: 285ms | tok/sec: 114,943 | epoch: 1 | remaining: 0s    
step 00242 (79.6%) | loss: 3.538317 | lrm: 0.41 | dt: 278ms | tok/sec: 118,018 | epoch: 1 | remaining: 0s    
step 00243 (79.9%) | loss: 3.526070 | lrm: 0.40 | dt: 281ms | tok/sec: 116,512 | epoch: 1 | remaining: 0s    
step 00244 (80.3%) | loss: 3.526854 | lrm: 0.39 | dt: 284ms | tok/sec: 115,386 | epoch: 1 | remaining: 0s    
step 00245 (80.6%) | loss: 3.518363 | lrm: 0.39 | dt: 282ms | tok/sec: 116,220 | epoch: 1 | remaining: 0s    
step 00246 (80.9%) | loss: 3.521755 | lrm: 0.38 | dt: 286ms | tok/sec: 114,478 | epoch: 1 | remaining: 0s    
step 00247 (81.2%) | loss: 3.519883 | lrm: 0.38 | dt: 277ms | tok/sec: 118,207 | epoch: 1 | remaining: 0s    
step 00248 (81.6%) | loss: 3.521569 | lrm: 0.37 | dt: 282ms | tok/sec: 116,351 | epoch: 1 | remaining: 0s    
step 00249 (81.9%) | loss: 3.519402 | lrm: 0.36 | dt: 284ms | tok/sec: 115,563 | epoch: 1 | remaining: 0s    
step 00250 (82.2%) | loss: 3.522509 | lrm: 0.36 | dt: 283ms | tok/sec: 115,835 | epoch: 1 | remaining: 0s    
step 00251 (82.6%) | loss: 3.531141 | lrm: 0.35 | dt: 284ms | tok/sec: 115,507 | epoch: 1 | remaining: 0s    
step 00252 (82.9%) | loss: 3.514994 | lrm: 0.34 | dt: 283ms | tok/sec: 115,682 | epoch: 1 | remaining: 0s    
step 00253 (83.2%) | loss: 3.508577 | lrm: 0.34 | dt: 284ms | tok/sec: 115,371 | epoch: 1 | remaining: 0s    
step 00254 (83.6%) | loss: 3.506989 | lrm: 0.33 | dt: 286ms | tok/sec: 114,382 | epoch: 1 | remaining: 0s    
step 00255 (83.9%) | loss: 3.512712 | lrm: 0.32 | dt: 294ms | tok/sec: 111,542 | epoch: 1 | remaining: 0s    
step 00256 (84.2%) | loss: 3.508380 | lrm: 0.32 | dt: 305ms | tok/sec: 107,550 | epoch: 1 | remaining: 0s    
step 00257 (84.5%) | loss: 3.496638 | lrm: 0.31 | dt: 306ms | tok/sec: 106,937 | epoch: 1 | remaining: 0s    
step 00258 (84.9%) | loss: 3.499110 | lrm: 0.30 | dt: 302ms | tok/sec: 108,461 | epoch: 1 | remaining: 0s    
step 00259 (85.2%) | loss: 3.491743 | lrm: 0.30 | dt: 299ms | tok/sec: 109,702 | epoch: 1 | remaining: 0s    
step 00260 (85.5%) | loss: 3.493968 | lrm: 0.29 | dt: 296ms | tok/sec: 110,681 | epoch: 1 | remaining: 0s    
step 00261 (85.9%) | loss: 3.491547 | lrm: 0.28 | dt: 297ms | tok/sec: 110,505 | epoch: 1 | remaining: 0s    
step 00262 (86.2%) | loss: 3.486014 | lrm: 0.28 | dt: 295ms | tok/sec: 110,990 | epoch: 1 | remaining: 0s    
step 00263 (86.5%) | loss: 3.481383 | lrm: 0.27 | dt: 297ms | tok/sec: 110,266 | epoch: 1 | remaining: 0s    
step 00264 (86.8%) | loss: 3.477969 | lrm: 0.26 | dt: 302ms | tok/sec: 108,337 | epoch: 1 | remaining: 0s    
step 00265 (87.2%) | loss: 3.475487 | lrm: 0.26 | dt: 305ms | tok/sec: 107,401 | epoch: 1 | remaining: 0s    
step 00266 (87.5%) | loss: 3.472939 | lrm: 0.25 | dt: 303ms | tok/sec: 108,201 | epoch: 1 | remaining: 0s    
step 00267 (87.8%) | loss: 3.467632 | lrm: 0.24 | dt: 305ms | tok/sec: 107,292 | epoch: 1 | remaining: 0s    
step 00268 (88.2%) | loss: 3.470225 | lrm: 0.24 | dt: 304ms | tok/sec: 107,708 | epoch: 1 | remaining: 0s    
step 00269 (88.5%) | loss: 3.466000 | lrm: 0.23 | dt: 313ms | tok/sec: 104,850 | epoch: 1 | remaining: 0s    
step 00270 (88.8%) | loss: 3.464699 | lrm: 0.22 | dt: 304ms | tok/sec: 107,944 | epoch: 1 | remaining: 0s    
step 00271 (89.1%) | loss: 3.464444 | lrm: 0.22 | dt: 309ms | tok/sec: 105,907 | epoch: 1 | remaining: 0s    
step 00272 (89.5%) | loss: 3.465317 | lrm: 0.21 | dt: 312ms | tok/sec: 104,923 | epoch: 1 | remaining: 0s    
step 00273 (89.8%) | loss: 3.462063 | lrm: 0.20 | dt: 315ms | tok/sec: 104,074 | epoch: 1 | remaining: 0s    
step 00274 (90.1%) | loss: 3.458517 | lrm: 0.20 | dt: 317ms | tok/sec: 103,342 | epoch: 1 | remaining: 0s    
step 00275 (90.5%) | loss: 3.456789 | lrm: 0.19 | dt: 319ms | tok/sec: 102,733 | epoch: 1 | remaining: 0s    
step 00276 (90.8%) | loss: 3.458136 | lrm: 0.18 | dt: 315ms | tok/sec: 103,903 | epoch: 1 | remaining: 0s    
step 00277 (91.1%) | loss: 3.457668 | lrm: 0.18 | dt: 316ms | tok/sec: 103,681 | epoch: 1 | remaining: 0s    
step 00278 (91.4%) | loss: 3.459240 | lrm: 0.17 | dt: 326ms | tok/sec: 100,589 | epoch: 1 | remaining: 0s    
step 00279 (91.8%) | loss: 3.449557 | lrm: 0.16 | dt: 324ms | tok/sec: 100,996 | epoch: 1 | remaining: 0s    
step 00280 (92.1%) | loss: 3.453905 | lrm: 0.16 | dt: 323ms | tok/sec: 101,452 | epoch: 1 | remaining: 0s    
step 00281 (92.4%) | loss: 3.456735 | lrm: 0.15 | dt: 320ms | tok/sec: 102,357 | epoch: 1 | remaining: 0s    
step 00282 (92.8%) | loss: 3.449234 | lrm: 0.14 | dt: 333ms | tok/sec: 98,307 | epoch: 1 | remaining: 0s    
step 00283 (93.1%) | loss: 3.444198 | lrm: 0.14 | dt: 323ms | tok/sec: 101,377 | epoch: 1 | remaining: 0s    
step 00284 (93.4%) | loss: 3.442783 | lrm: 0.13 | dt: 332ms | tok/sec: 98,610 | epoch: 1 | remaining: 0s    
step 00285 (93.8%) | loss: 3.447575 | lrm: 0.12 | dt: 330ms | tok/sec: 99,411 | epoch: 1 | remaining: 0s    
step 00286 (94.1%) | loss: 3.448460 | lrm: 0.12 | dt: 323ms | tok/sec: 101,403 | epoch: 1 | remaining: 0s    
step 00287 (94.4%) | loss: 3.446584 | lrm: 0.11 | dt: 344ms | tok/sec: 95,167 | epoch: 1 | remaining: 0s    
step 00288 (94.7%) | loss: 3.441975 | lrm: 0.11 | dt: 348ms | tok/sec: 94,260 | epoch: 1 | remaining: 0s    
step 00289 (95.1%) | loss: 3.428983 | lrm: 0.10 | dt: 336ms | tok/sec: 97,556 | epoch: 1 | remaining: 0s    
step 00290 (95.4%) | loss: 3.425651 | lrm: 0.09 | dt: 337ms | tok/sec: 97,315 | epoch: 1 | remaining: 0s    
step 00291 (95.7%) | loss: 3.427935 | lrm: 0.09 | dt: 350ms | tok/sec: 93,497 | epoch: 1 | remaining: 0s    
step 00292 (96.1%) | loss: 3.416720 | lrm: 0.08 | dt: 345ms | tok/sec: 95,103 | epoch: 1 | remaining: 0s    
step 00293 (96.4%) | loss: 3.412831 | lrm: 0.07 | dt: 358ms | tok/sec: 91,486 | epoch: 1 | remaining: 0s    
step 00294 (96.7%) | loss: 3.414584 | lrm: 0.07 | dt: 343ms | tok/sec: 95,428 | epoch: 1 | remaining: 0s    
step 00295 (97.0%) | loss: 3.409787 | lrm: 0.06 | dt: 342ms | tok/sec: 95,942 | epoch: 1 | remaining: 0s    
step 00296 (97.4%) | loss: 3.407319 | lrm: 0.05 | dt: 339ms | tok/sec: 96,734 | epoch: 1 | remaining: 0s    
step 00297 (97.7%) | loss: 3.406778 | lrm: 0.05 | dt: 344ms | tok/sec: 95,304 | epoch: 1 | remaining: 0s    
step 00298 (98.0%) | loss: 3.403579 | lrm: 0.04 | dt: 358ms | tok/sec: 91,519 | epoch: 1 | remaining: 0s    
step 00299 (98.4%) | loss: 3.404804 | lrm: 0.03 | dt: 374ms | tok/sec: 87,509 | epoch: 1 | remaining: 0s    
step 00300 (98.7%) | loss: 3.406056 | lrm: 0.03 | dt: 393ms | tok/sec: 83,366 | epoch: 1 | remaining: 0s    
step 00301 (99.0%) | loss: 3.410854 | lrm: 0.02 | dt: 1220ms | tok/sec: 26,859 | epoch: 1 | remaining: 0s    
step 00302 (99.3%) | loss: 3.415424 | lrm: 0.01 | dt: 356ms | tok/sec: 92,028 | epoch: 1 | remaining: 0s    
step 00303 (99.7%) | loss: 3.419887 | lrm: 0.01 | dt: 353ms | tok/sec: 92,760 | epoch: 1 | remaining: 0s    
Training completed in 335.8s
Starting final eval...
Final eval batch size: 256
Final eval completed in 18.6s
WARNING: val_bpb=0.807482 is outside plausible range [1.0, 10.0]
Baseline results written: /Users/ahmadalzaro/.cache/autoresearch-arabic/baseline_results.json
---
val_bpb:          0.807482
training_seconds: 335.8
total_seconds:    355.3
peak_vram_mb:     19043.7
mfu_percent:      0.00
total_tokens_M:   10.0
num_steps:        304
num_params_M:     5.0
total_eval_nats:  5320962.875000
total_eval_bytes: 9506751
total_valid_tokens: 1568355
depth:            4
