Condition: d1
Data/tokenizer loaded in 0.3s
Time budget: 300s
Gradient accumulation steps: 1
Model compiled in 0.6s

step 00000 (0.0%) | loss: 9.010780 | lrm: 1.00 | dt: 552ms | tok/sec: 59,332 | epoch: 1 | remaining: 300s    
step 00001 (0.3%) | loss: 8.989110 | lrm: 1.00 | dt: 278ms | tok/sec: 117,665 | epoch: 1 | remaining: 300s    
step 00002 (0.7%) | loss: 8.610939 | lrm: 1.00 | dt: 279ms | tok/sec: 117,366 | epoch: 1 | remaining: 299s    
step 00003 (1.0%) | loss: 8.251549 | lrm: 1.00 | dt: 275ms | tok/sec: 119,209 | epoch: 1 | remaining: 299s    
step 00004 (1.3%) | loss: 7.959607 | lrm: 1.00 | dt: 279ms | tok/sec: 117,351 | epoch: 1 | remaining: 299s    
step 00005 (1.6%) | loss: 7.712919 | lrm: 1.00 | dt: 277ms | tok/sec: 118,368 | epoch: 1 | remaining: 299s    
step 00006 (2.0%) | loss: 7.518204 | lrm: 1.00 | dt: 276ms | tok/sec: 118,811 | epoch: 1 | remaining: 298s    
step 00007 (2.3%) | loss: 7.348076 | lrm: 1.00 | dt: 313ms | tok/sec: 104,569 | epoch: 1 | remaining: 298s    
step 00008 (2.6%) | loss: 7.214361 | lrm: 1.00 | dt: 354ms | tok/sec: 92,676 | epoch: 1 | remaining: 298s    
step 00009 (3.0%) | loss: 7.105417 | lrm: 1.00 | dt: 409ms | tok/sec: 80,159 | epoch: 1 | remaining: 297s    
step 00010 (3.3%) | loss: 7.009054 | lrm: 1.00 | dt: 333ms | tok/sec: 98,361 | epoch: 1 | remaining: 297s    
step 00011 (3.6%) | loss: 6.925245 | lrm: 1.00 | dt: 364ms | tok/sec: 89,905 | epoch: 1 | remaining: 297s    
step 00012 (3.9%) | loss: 6.853634 | lrm: 1.00 | dt: 377ms | tok/sec: 86,820 | epoch: 1 | remaining: 296s    
step 00013 (4.3%) | loss: 6.791572 | lrm: 1.00 | dt: 435ms | tok/sec: 75,413 | epoch: 1 | remaining: 296s    
step 00014 (4.6%) | loss: 6.735215 | lrm: 1.00 | dt: 514ms | tok/sec: 63,754 | epoch: 1 | remaining: 295s    
step 00015 (4.9%) | loss: 6.695796 | lrm: 1.00 | dt: 487ms | tok/sec: 67,314 | epoch: 1 | remaining: 295s    
step 00016 (5.3%) | loss: 6.644351 | lrm: 1.00 | dt: 414ms | tok/sec: 79,122 | epoch: 1 | remaining: 294s    
step 00017 (5.6%) | loss: 6.636336 | lrm: 1.00 | dt: 362ms | tok/sec: 90,395 | epoch: 1 | remaining: 294s    
step 00018 (5.9%) | loss: 6.584853 | lrm: 1.00 | dt: 343ms | tok/sec: 95,660 | epoch: 1 | remaining: 294s    
step 00019 (6.2%) | loss: 6.546726 | lrm: 1.00 | dt: 318ms | tok/sec: 103,138 | epoch: 1 | remaining: 293s    
step 00020 (6.6%) | loss: 6.501740 | lrm: 1.00 | dt: 313ms | tok/sec: 104,754 | epoch: 1 | remaining: 293s    
step 00021 (6.9%) | loss: 6.468595 | lrm: 1.00 | dt: 306ms | tok/sec: 107,040 | epoch: 1 | remaining: 293s    
step 00022 (7.2%) | loss: 6.429351 | lrm: 1.00 | dt: 306ms | tok/sec: 107,141 | epoch: 1 | remaining: 292s    
step 00023 (7.6%) | loss: 6.387031 | lrm: 1.00 | dt: 303ms | tok/sec: 108,262 | epoch: 1 | remaining: 292s    
step 00024 (7.9%) | loss: 6.343438 | lrm: 1.00 | dt: 305ms | tok/sec: 107,607 | epoch: 1 | remaining: 292s    
step 00025 (8.2%) | loss: 6.312753 | lrm: 1.00 | dt: 301ms | tok/sec: 109,017 | epoch: 1 | remaining: 291s    
step 00026 (8.6%) | loss: 6.282845 | lrm: 1.00 | dt: 297ms | tok/sec: 110,160 | epoch: 1 | remaining: 291s    
step 00027 (8.9%) | loss: 6.251276 | lrm: 1.00 | dt: 304ms | tok/sec: 107,706 | epoch: 1 | remaining: 291s    
step 00028 (9.2%) | loss: 6.207988 | lrm: 1.00 | dt: 304ms | tok/sec: 107,894 | epoch: 1 | remaining: 291s    
step 00029 (9.5%) | loss: 6.164242 | lrm: 1.00 | dt: 308ms | tok/sec: 106,515 | epoch: 1 | remaining: 290s    
step 00030 (9.9%) | loss: 6.118610 | lrm: 1.00 | dt: 313ms | tok/sec: 104,692 | epoch: 1 | remaining: 290s    
step 00031 (10.2%) | loss: 6.069898 | lrm: 1.00 | dt: 322ms | tok/sec: 101,865 | epoch: 1 | remaining: 290s    
step 00032 (10.5%) | loss: 6.026435 | lrm: 1.00 | dt: 330ms | tok/sec: 99,187 | epoch: 1 | remaining: 289s    
step 00033 (10.9%) | loss: 5.983298 | lrm: 1.00 | dt: 342ms | tok/sec: 95,772 | epoch: 1 | remaining: 289s    
step 00034 (11.2%) | loss: 5.927025 | lrm: 1.00 | dt: 347ms | tok/sec: 94,441 | epoch: 1 | remaining: 289s    
step 00035 (11.5%) | loss: 5.875859 | lrm: 1.00 | dt: 353ms | tok/sec: 92,779 | epoch: 1 | remaining: 288s    
step 00036 (11.8%) | loss: 5.818856 | lrm: 1.00 | dt: 360ms | tok/sec: 91,055 | epoch: 1 | remaining: 288s    
step 00037 (12.2%) | loss: 5.771926 | lrm: 1.00 | dt: 364ms | tok/sec: 89,947 | epoch: 1 | remaining: 288s    
step 00038 (12.5%) | loss: 5.725801 | lrm: 1.00 | dt: 360ms | tok/sec: 90,933 | epoch: 1 | remaining: 287s    
step 00039 (12.8%) | loss: 5.683220 | lrm: 1.00 | dt: 356ms | tok/sec: 92,051 | epoch: 1 | remaining: 287s    
step 00040 (13.2%) | loss: 5.628644 | lrm: 1.00 | dt: 352ms | tok/sec: 93,099 | epoch: 1 | remaining: 286s    
step 00041 (13.5%) | loss: 5.590472 | lrm: 1.00 | dt: 350ms | tok/sec: 93,722 | epoch: 1 | remaining: 286s    
step 00042 (13.8%) | loss: 5.532684 | lrm: 1.00 | dt: 340ms | tok/sec: 96,239 | epoch: 1 | remaining: 286s    
step 00043 (14.1%) | loss: 5.484867 | lrm: 1.00 | dt: 336ms | tok/sec: 97,625 | epoch: 1 | remaining: 285s    
step 00044 (14.5%) | loss: 5.437705 | lrm: 1.00 | dt: 330ms | tok/sec: 99,399 | epoch: 1 | remaining: 285s    
step 00045 (14.8%) | loss: 5.407985 | lrm: 1.00 | dt: 333ms | tok/sec: 98,400 | epoch: 1 | remaining: 285s    
step 00046 (15.1%) | loss: 5.368890 | lrm: 1.00 | dt: 323ms | tok/sec: 101,406 | epoch: 1 | remaining: 284s    
step 00047 (15.5%) | loss: 5.328556 | lrm: 1.00 | dt: 321ms | tok/sec: 101,994 | epoch: 1 | remaining: 284s    
step 00048 (15.8%) | loss: 5.293055 | lrm: 1.00 | dt: 323ms | tok/sec: 101,584 | epoch: 1 | remaining: 284s    
step 00049 (16.1%) | loss: 5.267381 | lrm: 1.00 | dt: 323ms | tok/sec: 101,523 | epoch: 1 | remaining: 283s    
step 00050 (16.4%) | loss: 5.230811 | lrm: 1.00 | dt: 321ms | tok/sec: 102,010 | epoch: 1 | remaining: 283s    
step 00051 (16.8%) | loss: 5.197135 | lrm: 1.00 | dt: 324ms | tok/sec: 101,048 | epoch: 1 | remaining: 283s    
step 00052 (17.1%) | loss: 5.160278 | lrm: 1.00 | dt: 323ms | tok/sec: 101,315 | epoch: 1 | remaining: 283s    
step 00053 (17.4%) | loss: 5.130765 | lrm: 1.00 | dt: 325ms | tok/sec: 100,937 | epoch: 1 | remaining: 282s    
step 00054 (17.8%) | loss: 5.101291 | lrm: 1.00 | dt: 327ms | tok/sec: 100,284 | epoch: 1 | remaining: 282s    
step 00055 (18.1%) | loss: 5.073833 | lrm: 1.00 | dt: 331ms | tok/sec: 99,009 | epoch: 1 | remaining: 282s    
step 00056 (18.4%) | loss: 5.046887 | lrm: 1.00 | dt: 336ms | tok/sec: 97,518 | epoch: 1 | remaining: 281s    
step 00057 (18.8%) | loss: 5.018381 | lrm: 1.00 | dt: 331ms | tok/sec: 99,041 | epoch: 1 | remaining: 281s    
step 00058 (19.1%) | loss: 5.004453 | lrm: 1.00 | dt: 328ms | tok/sec: 99,771 | epoch: 1 | remaining: 281s    
step 00059 (19.4%) | loss: 4.985270 | lrm: 1.00 | dt: 329ms | tok/sec: 99,598 | epoch: 1 | remaining: 280s    
step 00060 (19.7%) | loss: 4.955215 | lrm: 1.00 | dt: 327ms | tok/sec: 100,359 | epoch: 1 | remaining: 280s    
step 00061 (20.1%) | loss: 4.932793 | lrm: 1.00 | dt: 325ms | tok/sec: 100,857 | epoch: 1 | remaining: 280s    
step 00062 (20.4%) | loss: 4.906920 | lrm: 1.00 | dt: 324ms | tok/sec: 101,230 | epoch: 1 | remaining: 279s    
step 00063 (20.7%) | loss: 4.893292 | lrm: 1.00 | dt: 322ms | tok/sec: 101,633 | epoch: 1 | remaining: 279s    
step 00064 (21.1%) | loss: 4.870574 | lrm: 1.00 | dt: 321ms | tok/sec: 102,087 | epoch: 1 | remaining: 279s    
step 00065 (21.4%) | loss: 4.847913 | lrm: 1.00 | dt: 322ms | tok/sec: 101,887 | epoch: 1 | remaining: 278s    
step 00066 (21.7%) | loss: 4.830371 | lrm: 1.00 | dt: 321ms | tok/sec: 102,094 | epoch: 1 | remaining: 278s    
step 00067 (22.0%) | loss: 4.803931 | lrm: 1.00 | dt: 321ms | tok/sec: 102,123 | epoch: 1 | remaining: 278s    
step 00068 (22.4%) | loss: 4.784635 | lrm: 1.00 | dt: 320ms | tok/sec: 102,425 | epoch: 1 | remaining: 277s    
step 00069 (22.7%) | loss: 4.763259 | lrm: 1.00 | dt: 321ms | tok/sec: 102,235 | epoch: 1 | remaining: 277s    
step 00070 (23.0%) | loss: 4.742383 | lrm: 1.00 | dt: 321ms | tok/sec: 102,068 | epoch: 1 | remaining: 277s    
step 00071 (23.4%) | loss: 4.720354 | lrm: 1.00 | dt: 322ms | tok/sec: 101,652 | epoch: 1 | remaining: 276s    
step 00072 (23.7%) | loss: 4.703005 | lrm: 1.00 | dt: 322ms | tok/sec: 101,771 | epoch: 1 | remaining: 276s    
step 00073 (24.0%) | loss: 4.683340 | lrm: 1.00 | dt: 326ms | tok/sec: 100,606 | epoch: 1 | remaining: 276s    
step 00074 (24.3%) | loss: 4.661033 | lrm: 1.00 | dt: 328ms | tok/sec: 99,900 | epoch: 1 | remaining: 275s    
step 00075 (24.7%) | loss: 4.642150 | lrm: 1.00 | dt: 326ms | tok/sec: 100,409 | epoch: 1 | remaining: 275s    
step 00076 (25.0%) | loss: 4.628181 | lrm: 1.00 | dt: 331ms | tok/sec: 98,901 | epoch: 1 | remaining: 275s    
step 00077 (25.3%) | loss: 4.606410 | lrm: 1.00 | dt: 334ms | tok/sec: 98,113 | epoch: 1 | remaining: 274s    
step 00078 (25.7%) | loss: 4.592891 | lrm: 1.00 | dt: 333ms | tok/sec: 98,293 | epoch: 1 | remaining: 274s    
step 00079 (26.0%) | loss: 4.581933 | lrm: 1.00 | dt: 335ms | tok/sec: 97,896 | epoch: 1 | remaining: 274s    
step 00080 (26.3%) | loss: 4.561271 | lrm: 1.00 | dt: 335ms | tok/sec: 97,889 | epoch: 1 | remaining: 273s    
step 00081 (26.6%) | loss: 4.547075 | lrm: 1.00 | dt: 336ms | tok/sec: 97,467 | epoch: 1 | remaining: 273s    
step 00082 (27.0%) | loss: 4.534643 | lrm: 1.00 | dt: 337ms | tok/sec: 97,157 | epoch: 1 | remaining: 273s    
step 00083 (27.3%) | loss: 4.516162 | lrm: 1.00 | dt: 332ms | tok/sec: 98,745 | epoch: 1 | remaining: 272s    
step 00084 (27.6%) | loss: 4.497580 | lrm: 1.00 | dt: 327ms | tok/sec: 100,203 | epoch: 1 | remaining: 272s    
step 00085 (28.0%) | loss: 4.478576 | lrm: 1.00 | dt: 330ms | tok/sec: 99,320 | epoch: 1 | remaining: 272s    
step 00086 (28.3%) | loss: 4.454800 | lrm: 1.00 | dt: 324ms | tok/sec: 101,130 | epoch: 1 | remaining: 271s    
step 00087 (28.6%) | loss: 4.446168 | lrm: 1.00 | dt: 324ms | tok/sec: 101,268 | epoch: 1 | remaining: 271s    
step 00088 (28.9%) | loss: 4.430265 | lrm: 1.00 | dt: 320ms | tok/sec: 102,406 | epoch: 1 | remaining: 271s    
step 00089 (29.3%) | loss: 4.426710 | lrm: 1.00 | dt: 318ms | tok/sec: 102,948 | epoch: 1 | remaining: 270s    
step 00090 (29.6%) | loss: 4.417646 | lrm: 1.00 | dt: 316ms | tok/sec: 103,640 | epoch: 1 | remaining: 270s    
step 00091 (29.9%) | loss: 4.405470 | lrm: 1.00 | dt: 317ms | tok/sec: 103,237 | epoch: 1 | remaining: 270s    
step 00092 (30.3%) | loss: 4.408123 | lrm: 1.00 | dt: 317ms | tok/sec: 103,342 | epoch: 1 | remaining: 269s    
step 00093 (30.6%) | loss: 4.390170 | lrm: 1.00 | dt: 317ms | tok/sec: 103,403 | epoch: 1 | remaining: 269s    
step 00094 (30.9%) | loss: 4.379956 | lrm: 1.00 | dt: 319ms | tok/sec: 102,785 | epoch: 1 | remaining: 269s    
step 00095 (31.2%) | loss: 4.363157 | lrm: 1.00 | dt: 318ms | tok/sec: 102,996 | epoch: 1 | remaining: 269s    
step 00096 (31.6%) | loss: 4.347321 | lrm: 1.00 | dt: 317ms | tok/sec: 103,361 | epoch: 1 | remaining: 268s    
step 00097 (31.9%) | loss: 4.327154 | lrm: 1.00 | dt: 318ms | tok/sec: 103,109 | epoch: 1 | remaining: 268s    
step 00098 (32.2%) | loss: 4.311132 | lrm: 1.00 | dt: 322ms | tok/sec: 101,753 | epoch: 1 | remaining: 268s    
step 00099 (32.6%) | loss: 4.294768 | lrm: 1.00 | dt: 322ms | tok/sec: 101,846 | epoch: 1 | remaining: 267s    
step 00100 (32.9%) | loss: 4.278192 | lrm: 1.00 | dt: 321ms | tok/sec: 102,041 | epoch: 1 | remaining: 267s    
step 00101 (33.2%) | loss: 4.261189 | lrm: 1.00 | dt: 324ms | tok/sec: 101,082 | epoch: 1 | remaining: 267s    
step 00102 (33.6%) | loss: 4.251252 | lrm: 1.00 | dt: 323ms | tok/sec: 101,382 | epoch: 1 | remaining: 266s    
step 00103 (33.9%) | loss: 4.235083 | lrm: 1.00 | dt: 324ms | tok/sec: 101,105 | epoch: 1 | remaining: 266s    
step 00104 (34.2%) | loss: 4.217618 | lrm: 1.00 | dt: 326ms | tok/sec: 100,470 | epoch: 1 | remaining: 266s    
step 00105 (34.5%) | loss: 4.203269 | lrm: 1.00 | dt: 326ms | tok/sec: 100,430 | epoch: 1 | remaining: 265s    
step 00106 (34.9%) | loss: 4.194929 | lrm: 1.00 | dt: 325ms | tok/sec: 100,947 | epoch: 1 | remaining: 265s    
step 00107 (35.2%) | loss: 4.187645 | lrm: 1.00 | dt: 323ms | tok/sec: 101,455 | epoch: 1 | remaining: 265s    
step 00108 (35.5%) | loss: 4.174788 | lrm: 1.00 | dt: 322ms | tok/sec: 101,730 | epoch: 1 | remaining: 264s    
step 00109 (35.9%) | loss: 4.165151 | lrm: 1.00 | dt: 322ms | tok/sec: 101,640 | epoch: 1 | remaining: 264s    
step 00110 (36.2%) | loss: 4.150746 | lrm: 1.00 | dt: 319ms | tok/sec: 102,678 | epoch: 1 | remaining: 264s    
step 00111 (36.5%) | loss: 4.138063 | lrm: 1.00 | dt: 317ms | tok/sec: 103,207 | epoch: 1 | remaining: 263s    
step 00112 (36.8%) | loss: 4.136022 | lrm: 1.00 | dt: 325ms | tok/sec: 100,801 | epoch: 1 | remaining: 263s    
step 00113 (37.2%) | loss: 4.116179 | lrm: 1.00 | dt: 319ms | tok/sec: 102,594 | epoch: 1 | remaining: 263s    
step 00114 (37.5%) | loss: 4.096847 | lrm: 1.00 | dt: 318ms | tok/sec: 102,925 | epoch: 1 | remaining: 262s    
step 00115 (37.8%) | loss: 4.082420 | lrm: 1.00 | dt: 318ms | tok/sec: 103,184 | epoch: 1 | remaining: 262s    
step 00116 (38.2%) | loss: 4.066734 | lrm: 1.00 | dt: 317ms | tok/sec: 103,341 | epoch: 1 | remaining: 262s    
step 00117 (38.5%) | loss: 4.058596 | lrm: 1.00 | dt: 314ms | tok/sec: 104,220 | epoch: 1 | remaining: 261s    
step 00118 (38.8%) | loss: 4.056764 | lrm: 1.00 | dt: 316ms | tok/sec: 103,752 | epoch: 1 | remaining: 261s    
step 00119 (39.1%) | loss: 4.042051 | lrm: 1.00 | dt: 318ms | tok/sec: 102,885 | epoch: 1 | remaining: 261s    
step 00120 (39.5%) | loss: 4.028418 | lrm: 1.00 | dt: 314ms | tok/sec: 104,305 | epoch: 1 | remaining: 261s    
step 00121 (39.8%) | loss: 4.018990 | lrm: 1.00 | dt: 313ms | tok/sec: 104,739 | epoch: 1 | remaining: 260s    
step 00122 (40.1%) | loss: 4.006982 | lrm: 1.00 | dt: 320ms | tok/sec: 102,403 | epoch: 1 | remaining: 260s    
step 00123 (40.5%) | loss: 3.999034 | lrm: 1.00 | dt: 314ms | tok/sec: 104,501 | epoch: 1 | remaining: 260s    
step 00124 (40.8%) | loss: 3.989986 | lrm: 1.00 | dt: 310ms | tok/sec: 105,799 | epoch: 1 | remaining: 259s    
step 00125 (41.1%) | loss: 3.983204 | lrm: 1.00 | dt: 309ms | tok/sec: 105,998 | epoch: 1 | remaining: 259s    
step 00126 (41.4%) | loss: 3.986918 | lrm: 1.00 | dt: 309ms | tok/sec: 105,985 | epoch: 1 | remaining: 259s    
step 00127 (41.8%) | loss: 3.965872 | lrm: 1.00 | dt: 309ms | tok/sec: 106,049 | epoch: 1 | remaining: 258s    
step 00128 (42.1%) | loss: 3.960294 | lrm: 1.00 | dt: 309ms | tok/sec: 105,889 | epoch: 1 | remaining: 258s    
step 00129 (42.4%) | loss: 3.953542 | lrm: 1.00 | dt: 310ms | tok/sec: 105,765 | epoch: 1 | remaining: 258s    
step 00130 (42.8%) | loss: 3.946433 | lrm: 1.00 | dt: 308ms | tok/sec: 106,261 | epoch: 1 | remaining: 257s    
step 00131 (43.1%) | loss: 3.931801 | lrm: 1.00 | dt: 307ms | tok/sec: 106,903 | epoch: 1 | remaining: 257s    
step 00132 (43.4%) | loss: 3.922016 | lrm: 1.00 | dt: 307ms | tok/sec: 106,777 | epoch: 1 | remaining: 257s    
step 00133 (43.8%) | loss: 3.911274 | lrm: 1.00 | dt: 312ms | tok/sec: 104,876 | epoch: 1 | remaining: 256s    
step 00134 (44.1%) | loss: 3.906782 | lrm: 1.00 | dt: 311ms | tok/sec: 105,228 | epoch: 1 | remaining: 256s    
step 00135 (44.4%) | loss: 3.898809 | lrm: 1.00 | dt: 311ms | tok/sec: 105,331 | epoch: 1 | remaining: 256s    
step 00136 (44.7%) | loss: 3.884553 | lrm: 1.00 | dt: 314ms | tok/sec: 104,256 | epoch: 1 | remaining: 256s    
step 00137 (45.1%) | loss: 3.877046 | lrm: 1.00 | dt: 309ms | tok/sec: 106,085 | epoch: 1 | remaining: 255s    
step 00138 (45.4%) | loss: 3.871498 | lrm: 1.00 | dt: 318ms | tok/sec: 102,923 | epoch: 1 | remaining: 255s    
step 00139 (45.7%) | loss: 3.872376 | lrm: 1.00 | dt: 314ms | tok/sec: 104,306 | epoch: 1 | remaining: 255s    
step 00140 (46.1%) | loss: 3.866738 | lrm: 1.00 | dt: 317ms | tok/sec: 103,411 | epoch: 1 | remaining: 254s    
step 00141 (46.4%) | loss: 3.863710 | lrm: 1.00 | dt: 317ms | tok/sec: 103,338 | epoch: 1 | remaining: 254s    
step 00142 (46.7%) | loss: 3.861053 | lrm: 1.00 | dt: 318ms | tok/sec: 102,893 | epoch: 1 | remaining: 254s    
step 00143 (47.0%) | loss: 3.846360 | lrm: 1.00 | dt: 315ms | tok/sec: 104,114 | epoch: 1 | remaining: 253s    
step 00144 (47.4%) | loss: 3.834281 | lrm: 1.00 | dt: 315ms | tok/sec: 104,026 | epoch: 1 | remaining: 253s    
step 00145 (47.7%) | loss: 3.827307 | lrm: 1.00 | dt: 318ms | tok/sec: 102,982 | epoch: 1 | remaining: 253s    
step 00146 (48.0%) | loss: 3.819721 | lrm: 1.00 | dt: 321ms | tok/sec: 102,062 | epoch: 1 | remaining: 252s    
step 00147 (48.4%) | loss: 3.816003 | lrm: 1.00 | dt: 319ms | tok/sec: 102,869 | epoch: 1 | remaining: 252s    
step 00148 (48.7%) | loss: 3.818846 | lrm: 1.00 | dt: 317ms | tok/sec: 103,332 | epoch: 1 | remaining: 252s    
step 00149 (49.0%) | loss: 3.809290 | lrm: 1.00 | dt: 316ms | tok/sec: 103,812 | epoch: 1 | remaining: 251s    
step 00150 (49.3%) | loss: 3.804141 | lrm: 1.00 | dt: 322ms | tok/sec: 101,860 | epoch: 1 | remaining: 251s    
step 00151 (49.7%) | loss: 3.799613 | lrm: 1.00 | dt: 317ms | tok/sec: 103,281 | epoch: 1 | remaining: 251s    
step 00152 (50.0%) | loss: 3.798523 | lrm: 1.00 | dt: 314ms | tok/sec: 104,437 | epoch: 1 | remaining: 250s    
step 00153 (50.3%) | loss: 3.799963 | lrm: 0.99 | dt: 315ms | tok/sec: 104,032 | epoch: 1 | remaining: 250s    
step 00154 (50.7%) | loss: 3.790018 | lrm: 0.99 | dt: 311ms | tok/sec: 105,216 | epoch: 1 | remaining: 250s    
step 00155 (51.0%) | loss: 3.778372 | lrm: 0.98 | dt: 309ms | tok/sec: 105,997 | epoch: 1 | remaining: 250s    
step 00156 (51.3%) | loss: 3.767607 | lrm: 0.97 | dt: 309ms | tok/sec: 105,991 | epoch: 1 | remaining: 249s    
step 00157 (51.6%) | loss: 3.758468 | lrm: 0.97 | dt: 310ms | tok/sec: 105,679 | epoch: 1 | remaining: 249s    
step 00158 (52.0%) | loss: 3.759161 | lrm: 0.96 | dt: 309ms | tok/sec: 105,955 | epoch: 1 | remaining: 249s    
step 00159 (52.3%) | loss: 3.759332 | lrm: 0.95 | dt: 308ms | tok/sec: 106,367 | epoch: 1 | remaining: 248s    
step 00160 (52.6%) | loss: 3.763785 | lrm: 0.95 | dt: 311ms | tok/sec: 105,452 | epoch: 1 | remaining: 248s    
step 00161 (53.0%) | loss: 3.762929 | lrm: 0.94 | dt: 309ms | tok/sec: 106,072 | epoch: 1 | remaining: 248s    
step 00162 (53.3%) | loss: 3.762563 | lrm: 0.93 | dt: 306ms | tok/sec: 107,052 | epoch: 1 | remaining: 247s    
step 00163 (53.6%) | loss: 3.750759 | lrm: 0.93 | dt: 309ms | tok/sec: 106,038 | epoch: 1 | remaining: 247s    
step 00164 (53.9%) | loss: 3.741219 | lrm: 0.92 | dt: 311ms | tok/sec: 105,430 | epoch: 1 | remaining: 247s    
step 00165 (54.3%) | loss: 3.733998 | lrm: 0.91 | dt: 309ms | tok/sec: 105,926 | epoch: 1 | remaining: 246s    
step 00166 (54.6%) | loss: 3.723407 | lrm: 0.91 | dt: 308ms | tok/sec: 106,254 | epoch: 1 | remaining: 246s    
step 00167 (54.9%) | loss: 3.722538 | lrm: 0.90 | dt: 317ms | tok/sec: 103,326 | epoch: 1 | remaining: 246s    
step 00168 (55.3%) | loss: 3.720725 | lrm: 0.89 | dt: 308ms | tok/sec: 106,342 | epoch: 1 | remaining: 246s    
step 00169 (55.6%) | loss: 3.712321 | lrm: 0.89 | dt: 308ms | tok/sec: 106,229 | epoch: 1 | remaining: 245s    
step 00170 (55.9%) | loss: 3.700897 | lrm: 0.88 | dt: 308ms | tok/sec: 106,329 | epoch: 1 | remaining: 245s    
step 00171 (56.2%) | loss: 3.707432 | lrm: 0.88 | dt: 309ms | tok/sec: 105,928 | epoch: 1 | remaining: 245s    
step 00172 (56.6%) | loss: 3.701337 | lrm: 0.87 | dt: 319ms | tok/sec: 102,720 | epoch: 1 | remaining: 244s    
step 00173 (56.9%) | loss: 3.696263 | lrm: 0.86 | dt: 313ms | tok/sec: 104,762 | epoch: 1 | remaining: 244s    
step 00174 (57.2%) | loss: 3.690855 | lrm: 0.86 | dt: 313ms | tok/sec: 104,768 | epoch: 1 | remaining: 244s    
step 00175 (57.6%) | loss: 3.684505 | lrm: 0.85 | dt: 310ms | tok/sec: 105,611 | epoch: 1 | remaining: 243s    
step 00176 (57.9%) | loss: 3.683451 | lrm: 0.84 | dt: 317ms | tok/sec: 103,291 | epoch: 1 | remaining: 243s    
step 00177 (58.2%) | loss: 3.688035 | lrm: 0.84 | dt: 314ms | tok/sec: 104,279 | epoch: 1 | remaining: 243s    
step 00178 (58.6%) | loss: 3.684056 | lrm: 0.83 | dt: 302ms | tok/sec: 108,452 | epoch: 1 | remaining: 242s    
step 00179 (58.9%) | loss: 3.676838 | lrm: 0.82 | dt: 317ms | tok/sec: 103,241 | epoch: 1 | remaining: 242s    
step 00180 (59.2%) | loss: 3.670678 | lrm: 0.82 | dt: 315ms | tok/sec: 103,921 | epoch: 1 | remaining: 242s    
step 00181 (59.5%) | loss: 3.662346 | lrm: 0.81 | dt: 309ms | tok/sec: 105,909 | epoch: 1 | remaining: 241s    
step 00182 (59.9%) | loss: 3.665762 | lrm: 0.80 | dt: 309ms | tok/sec: 106,005 | epoch: 1 | remaining: 241s    
step 00183 (60.2%) | loss: 3.661929 | lrm: 0.80 | dt: 311ms | tok/sec: 105,295 | epoch: 1 | remaining: 241s    
step 00184 (60.5%) | loss: 3.667234 | lrm: 0.79 | dt: 307ms | tok/sec: 106,739 | epoch: 1 | remaining: 241s    
step 00185 (60.9%) | loss: 3.658697 | lrm: 0.78 | dt: 307ms | tok/sec: 106,902 | epoch: 1 | remaining: 240s    
step 00186 (61.2%) | loss: 3.652840 | lrm: 0.78 | dt: 308ms | tok/sec: 106,428 | epoch: 1 | remaining: 240s    
step 00187 (61.5%) | loss: 3.645744 | lrm: 0.77 | dt: 308ms | tok/sec: 106,282 | epoch: 1 | remaining: 240s    
step 00188 (61.8%) | loss: 3.638388 | lrm: 0.76 | dt: 309ms | tok/sec: 106,174 | epoch: 1 | remaining: 239s    
step 00189 (62.2%) | loss: 3.637697 | lrm: 0.76 | dt: 317ms | tok/sec: 103,283 | epoch: 1 | remaining: 239s    
step 00190 (62.5%) | loss: 3.631947 | lrm: 0.75 | dt: 305ms | tok/sec: 107,545 | epoch: 1 | remaining: 239s    
step 00191 (62.8%) | loss: 3.625811 | lrm: 0.74 | dt: 305ms | tok/sec: 107,481 | epoch: 1 | remaining: 238s    
step 00192 (63.2%) | loss: 3.617860 | lrm: 0.74 | dt: 304ms | tok/sec: 107,941 | epoch: 1 | remaining: 238s    
step 00193 (63.5%) | loss: 3.606944 | lrm: 0.73 | dt: 303ms | tok/sec: 108,098 | epoch: 1 | remaining: 238s    
step 00194 (63.8%) | loss: 3.608682 | lrm: 0.72 | dt: 301ms | tok/sec: 108,786 | epoch: 1 | remaining: 237s    
step 00195 (64.1%) | loss: 3.604924 | lrm: 0.72 | dt: 301ms | tok/sec: 108,799 | epoch: 1 | remaining: 237s    
step 00196 (64.5%) | loss: 3.608955 | lrm: 0.71 | dt: 301ms | tok/sec: 108,920 | epoch: 1 | remaining: 237s    
step 00197 (64.8%) | loss: 3.607566 | lrm: 0.70 | dt: 298ms | tok/sec: 110,124 | epoch: 1 | remaining: 237s    
step 00198 (65.1%) | loss: 3.598184 | lrm: 0.70 | dt: 298ms | tok/sec: 109,851 | epoch: 1 | remaining: 236s    
step 00199 (65.5%) | loss: 3.592223 | lrm: 0.69 | dt: 297ms | tok/sec: 110,390 | epoch: 1 | remaining: 236s    
step 00200 (65.8%) | loss: 3.584614 | lrm: 0.68 | dt: 296ms | tok/sec: 110,835 | epoch: 1 | remaining: 236s    
step 00201 (66.1%) | loss: 3.579550 | lrm: 0.68 | dt: 298ms | tok/sec: 109,940 | epoch: 1 | remaining: 235s    
step 00202 (66.4%) | loss: 3.577274 | lrm: 0.67 | dt: 298ms | tok/sec: 110,058 | epoch: 1 | remaining: 235s    
step 00203 (66.8%) | loss: 3.572858 | lrm: 0.66 | dt: 296ms | tok/sec: 110,603 | epoch: 1 | remaining: 235s    
step 00204 (67.1%) | loss: 3.570342 | lrm: 0.66 | dt: 299ms | tok/sec: 109,409 | epoch: 1 | remaining: 234s    
step 00205 (67.4%) | loss: 3.570054 | lrm: 0.65 | dt: 300ms | tok/sec: 109,046 | epoch: 1 | remaining: 234s    
step 00206 (67.8%) | loss: 3.571644 | lrm: 0.64 | dt: 301ms | tok/sec: 109,035 | epoch: 1 | remaining: 234s    
step 00207 (68.1%) | loss: 3.563288 | lrm: 0.64 | dt: 301ms | tok/sec: 108,852 | epoch: 1 | remaining: 234s    
step 00208 (68.4%) | loss: 3.563551 | lrm: 0.63 | dt: 302ms | tok/sec: 108,404 | epoch: 1 | remaining: 233s    
step 00209 (68.8%) | loss: 3.556971 | lrm: 0.62 | dt: 305ms | tok/sec: 107,349 | epoch: 1 | remaining: 233s    
step 00210 (69.1%) | loss: 3.555984 | lrm: 0.62 | dt: 305ms | tok/sec: 107,282 | epoch: 1 | remaining: 233s    
step 00211 (69.4%) | loss: 3.549641 | lrm: 0.61 | dt: 307ms | tok/sec: 106,746 | epoch: 1 | remaining: 232s    
step 00212 (69.7%) | loss: 3.544053 | lrm: 0.61 | dt: 309ms | tok/sec: 105,992 | epoch: 1 | remaining: 232s    
step 00213 (70.1%) | loss: 3.548874 | lrm: 0.60 | dt: 313ms | tok/sec: 104,696 | epoch: 1 | remaining: 232s    
step 00214 (70.4%) | loss: 3.544627 | lrm: 0.59 | dt: 315ms | tok/sec: 104,166 | epoch: 1 | remaining: 231s    
step 00215 (70.7%) | loss: 3.536783 | lrm: 0.59 | dt: 316ms | tok/sec: 103,844 | epoch: 1 | remaining: 231s    
step 00216 (71.1%) | loss: 3.538413 | lrm: 0.58 | dt: 316ms | tok/sec: 103,705 | epoch: 1 | remaining: 231s    
step 00217 (71.4%) | loss: 3.538936 | lrm: 0.57 | dt: 315ms | tok/sec: 103,863 | epoch: 1 | remaining: 230s    
step 00218 (71.7%) | loss: 3.537252 | lrm: 0.57 | dt: 312ms | tok/sec: 104,895 | epoch: 1 | remaining: 230s    
step 00219 (72.0%) | loss: 3.524436 | lrm: 0.56 | dt: 309ms | tok/sec: 105,968 | epoch: 1 | remaining: 230s    
step 00220 (72.4%) | loss: 3.543767 | lrm: 0.55 | dt: 307ms | tok/sec: 106,756 | epoch: 1 | remaining: 230s    
step 00221 (72.7%) | loss: 3.541416 | lrm: 0.55 | dt: 306ms | tok/sec: 106,990 | epoch: 1 | remaining: 229s    
step 00222 (73.0%) | loss: 3.543406 | lrm: 0.54 | dt: 311ms | tok/sec: 105,518 | epoch: 1 | remaining: 229s    
step 00223 (73.4%) | loss: 3.547252 | lrm: 0.53 | dt: 302ms | tok/sec: 108,460 | epoch: 1 | remaining: 229s    
step 00224 (73.7%) | loss: 3.533746 | lrm: 0.53 | dt: 299ms | tok/sec: 109,490 | epoch: 1 | remaining: 228s    
step 00225 (74.0%) | loss: 3.525964 | lrm: 0.52 | dt: 298ms | tok/sec: 109,922 | epoch: 1 | remaining: 228s    
step 00226 (74.3%) | loss: 3.514738 | lrm: 0.51 | dt: 297ms | tok/sec: 110,273 | epoch: 1 | remaining: 228s    
step 00227 (74.7%) | loss: 3.515659 | lrm: 0.51 | dt: 297ms | tok/sec: 110,275 | epoch: 1 | remaining: 227s    
step 00228 (75.0%) | loss: 3.513608 | lrm: 0.50 | dt: 295ms | tok/sec: 111,159 | epoch: 1 | remaining: 227s    
step 00229 (75.3%) | loss: 3.510429 | lrm: 0.49 | dt: 294ms | tok/sec: 111,617 | epoch: 1 | remaining: 227s    
step 00230 (75.7%) | loss: 3.503021 | lrm: 0.49 | dt: 290ms | tok/sec: 112,889 | epoch: 1 | remaining: 227s    
step 00231 (76.0%) | loss: 3.500746 | lrm: 0.48 | dt: 295ms | tok/sec: 110,935 | epoch: 1 | remaining: 226s    
step 00232 (76.3%) | loss: 3.496589 | lrm: 0.47 | dt: 295ms | tok/sec: 111,127 | epoch: 1 | remaining: 226s    
step 00233 (76.6%) | loss: 3.492256 | lrm: 0.47 | dt: 296ms | tok/sec: 110,878 | epoch: 1 | remaining: 226s    
step 00234 (77.0%) | loss: 3.482581 | lrm: 0.46 | dt: 298ms | tok/sec: 109,940 | epoch: 1 | remaining: 225s    
step 00235 (77.3%) | loss: 3.478876 | lrm: 0.45 | dt: 299ms | tok/sec: 109,615 | epoch: 1 | remaining: 225s    
step 00236 (77.6%) | loss: 3.478827 | lrm: 0.45 | dt: 303ms | tok/sec: 108,310 | epoch: 1 | remaining: 225s    
step 00237 (78.0%) | loss: 3.482413 | lrm: 0.44 | dt: 300ms | tok/sec: 109,377 | epoch: 1 | remaining: 224s    
step 00238 (78.3%) | loss: 3.474746 | lrm: 0.43 | dt: 304ms | tok/sec: 107,804 | epoch: 1 | remaining: 224s    
step 00239 (78.6%) | loss: 3.470438 | lrm: 0.43 | dt: 312ms | tok/sec: 105,079 | epoch: 1 | remaining: 224s    
step 00240 (78.9%) | loss: 3.473822 | lrm: 0.42 | dt: 305ms | tok/sec: 107,327 | epoch: 1 | remaining: 224s    
step 00241 (79.3%) | loss: 3.472097 | lrm: 0.41 | dt: 308ms | tok/sec: 106,494 | epoch: 1 | remaining: 223s    
step 00242 (79.6%) | loss: 3.468470 | lrm: 0.41 | dt: 302ms | tok/sec: 108,634 | epoch: 1 | remaining: 223s    
step 00243 (79.9%) | loss: 3.457640 | lrm: 0.40 | dt: 307ms | tok/sec: 106,744 | epoch: 1 | remaining: 223s    
step 00244 (80.3%) | loss: 3.459694 | lrm: 0.39 | dt: 309ms | tok/sec: 106,179 | epoch: 1 | remaining: 222s    
step 00245 (80.6%) | loss: 3.451097 | lrm: 0.39 | dt: 309ms | tok/sec: 106,035 | epoch: 1 | remaining: 222s    
step 00246 (80.9%) | loss: 3.455655 | lrm: 0.38 | dt: 313ms | tok/sec: 104,552 | epoch: 1 | remaining: 222s    
step 00247 (81.2%) | loss: 3.454047 | lrm: 0.38 | dt: 307ms | tok/sec: 106,700 | epoch: 1 | remaining: 221s    
step 00248 (81.6%) | loss: 3.455705 | lrm: 0.37 | dt: 307ms | tok/sec: 106,827 | epoch: 1 | remaining: 221s    
step 00249 (81.9%) | loss: 3.453032 | lrm: 0.36 | dt: 307ms | tok/sec: 106,796 | epoch: 1 | remaining: 221s    
step 00250 (82.2%) | loss: 3.456467 | lrm: 0.36 | dt: 306ms | tok/sec: 107,036 | epoch: 1 | remaining: 220s    
step 00251 (82.6%) | loss: 3.465145 | lrm: 0.35 | dt: 306ms | tok/sec: 107,030 | epoch: 1 | remaining: 220s    
step 00252 (82.9%) | loss: 3.449533 | lrm: 0.34 | dt: 303ms | tok/sec: 107,994 | epoch: 1 | remaining: 220s    
step 00253 (83.2%) | loss: 3.443492 | lrm: 0.34 | dt: 304ms | tok/sec: 107,964 | epoch: 1 | remaining: 220s    
step 00254 (83.6%) | loss: 3.442082 | lrm: 0.33 | dt: 302ms | tok/sec: 108,352 | epoch: 1 | remaining: 219s    
step 00255 (83.9%) | loss: 3.447154 | lrm: 0.32 | dt: 300ms | tok/sec: 109,228 | epoch: 1 | remaining: 219s    
step 00256 (84.2%) | loss: 3.444515 | lrm: 0.32 | dt: 299ms | tok/sec: 109,634 | epoch: 1 | remaining: 219s    
step 00257 (84.5%) | loss: 3.433518 | lrm: 0.31 | dt: 298ms | tok/sec: 109,948 | epoch: 1 | remaining: 218s    
step 00258 (84.9%) | loss: 3.435856 | lrm: 0.30 | dt: 299ms | tok/sec: 109,688 | epoch: 1 | remaining: 218s    
step 00259 (85.2%) | loss: 3.428991 | lrm: 0.30 | dt: 300ms | tok/sec: 109,402 | epoch: 1 | remaining: 218s    
step 00260 (85.5%) | loss: 3.431712 | lrm: 0.29 | dt: 323ms | tok/sec: 101,329 | epoch: 1 | remaining: 217s    
step 00261 (85.9%) | loss: 3.429678 | lrm: 0.28 | dt: 304ms | tok/sec: 107,803 | epoch: 1 | remaining: 217s    
step 00262 (86.2%) | loss: 3.425669 | lrm: 0.28 | dt: 301ms | tok/sec: 108,797 | epoch: 1 | remaining: 217s    
step 00263 (86.5%) | loss: 3.421401 | lrm: 0.27 | dt: 301ms | tok/sec: 108,854 | epoch: 1 | remaining: 217s    
step 00264 (86.8%) | loss: 3.418550 | lrm: 0.26 | dt: 302ms | tok/sec: 108,641 | epoch: 1 | remaining: 216s    
step 00265 (87.2%) | loss: 3.415285 | lrm: 0.26 | dt: 303ms | tok/sec: 108,060 | epoch: 1 | remaining: 216s    
step 00266 (87.5%) | loss: 3.412833 | lrm: 0.25 | dt: 303ms | tok/sec: 108,259 | epoch: 1 | remaining: 216s    
step 00267 (87.8%) | loss: 3.407856 | lrm: 0.24 | dt: 302ms | tok/sec: 108,494 | epoch: 1 | remaining: 215s    
step 00268 (88.2%) | loss: 3.411246 | lrm: 0.24 | dt: 307ms | tok/sec: 106,594 | epoch: 1 | remaining: 215s    
step 00269 (88.5%) | loss: 3.407522 | lrm: 0.23 | dt: 309ms | tok/sec: 106,064 | epoch: 1 | remaining: 215s    
step 00270 (88.8%) | loss: 3.406869 | lrm: 0.22 | dt: 310ms | tok/sec: 105,684 | epoch: 1 | remaining: 214s    
step 00271 (89.1%) | loss: 3.407904 | lrm: 0.22 | dt: 310ms | tok/sec: 105,663 | epoch: 1 | remaining: 214s    
step 00272 (89.5%) | loss: 3.408676 | lrm: 0.21 | dt: 310ms | tok/sec: 105,609 | epoch: 1 | remaining: 214s    
step 00273 (89.8%) | loss: 3.406485 | lrm: 0.20 | dt: 309ms | tok/sec: 106,147 | epoch: 1 | remaining: 213s    
step 00274 (90.1%) | loss: 3.403654 | lrm: 0.20 | dt: 308ms | tok/sec: 106,292 | epoch: 1 | remaining: 213s    
step 00275 (90.5%) | loss: 3.401346 | lrm: 0.19 | dt: 309ms | tok/sec: 105,900 | epoch: 1 | remaining: 213s    
step 00276 (90.8%) | loss: 3.403201 | lrm: 0.18 | dt: 311ms | tok/sec: 105,413 | epoch: 1 | remaining: 213s    
step 00277 (91.1%) | loss: 3.402462 | lrm: 0.18 | dt: 310ms | tok/sec: 105,609 | epoch: 1 | remaining: 212s    
step 00278 (91.4%) | loss: 3.405010 | lrm: 0.17 | dt: 306ms | tok/sec: 106,912 | epoch: 1 | remaining: 212s    
step 00279 (91.8%) | loss: 3.394909 | lrm: 0.16 | dt: 310ms | tok/sec: 105,792 | epoch: 1 | remaining: 212s    
step 00280 (92.1%) | loss: 3.399996 | lrm: 0.16 | dt: 306ms | tok/sec: 106,963 | epoch: 1 | remaining: 211s    
step 00281 (92.4%) | loss: 3.403413 | lrm: 0.15 | dt: 308ms | tok/sec: 106,457 | epoch: 1 | remaining: 211s    
step 00282 (92.8%) | loss: 3.396526 | lrm: 0.14 | dt: 311ms | tok/sec: 105,364 | epoch: 1 | remaining: 211s    
step 00283 (93.1%) | loss: 3.392513 | lrm: 0.14 | dt: 312ms | tok/sec: 105,032 | epoch: 1 | remaining: 210s    
step 00284 (93.4%) | loss: 3.391105 | lrm: 0.13 | dt: 310ms | tok/sec: 105,867 | epoch: 1 | remaining: 210s    
step 00285 (93.8%) | loss: 3.396233 | lrm: 0.12 | dt: 307ms | tok/sec: 106,892 | epoch: 1 | remaining: 210s    
step 00286 (94.1%) | loss: 3.396856 | lrm: 0.12 | dt: 309ms | tok/sec: 105,960 | epoch: 1 | remaining: 209s    
step 00287 (94.4%) | loss: 3.394940 | lrm: 0.11 | dt: 306ms | tok/sec: 107,107 | epoch: 1 | remaining: 209s    
step 00288 (94.7%) | loss: 3.390173 | lrm: 0.11 | dt: 304ms | tok/sec: 107,740 | epoch: 1 | remaining: 209s    
step 00289 (95.1%) | loss: 3.377632 | lrm: 0.10 | dt: 309ms | tok/sec: 106,020 | epoch: 1 | remaining: 209s    
step 00290 (95.4%) | loss: 3.373642 | lrm: 0.09 | dt: 309ms | tok/sec: 106,097 | epoch: 1 | remaining: 208s    
step 00291 (95.7%) | loss: 3.376487 | lrm: 0.09 | dt: 307ms | tok/sec: 106,661 | epoch: 1 | remaining: 208s    
step 00292 (96.1%) | loss: 3.366057 | lrm: 0.08 | dt: 309ms | tok/sec: 105,948 | epoch: 1 | remaining: 208s    
step 00293 (96.4%) | loss: 3.362536 | lrm: 0.07 | dt: 316ms | tok/sec: 103,548 | epoch: 1 | remaining: 207s    
step 00294 (96.7%) | loss: 3.364136 | lrm: 0.07 | dt: 306ms | tok/sec: 106,990 | epoch: 1 | remaining: 207s    
step 00295 (97.0%) | loss: 3.359617 | lrm: 0.06 | dt: 306ms | tok/sec: 106,981 | epoch: 1 | remaining: 207s    
step 00296 (97.4%) | loss: 3.357097 | lrm: 0.05 | dt: 309ms | tok/sec: 105,892 | epoch: 1 | remaining: 206s    
step 00297 (97.7%) | loss: 3.357268 | lrm: 0.05 | dt: 309ms | tok/sec: 106,015 | epoch: 1 | remaining: 206s    
step 00298 (98.0%) | loss: 3.354568 | lrm: 0.04 | dt: 310ms | tok/sec: 105,870 | epoch: 1 | remaining: 206s    
step 00299 (98.4%) | loss: 3.354922 | lrm: 0.03 | dt: 308ms | tok/sec: 106,478 | epoch: 1 | remaining: 205s    
step 00300 (98.7%) | loss: 3.355684 | lrm: 0.03 | dt: 308ms | tok/sec: 106,447 | epoch: 1 | remaining: 205s    
step 00301 (99.0%) | loss: 3.361205 | lrm: 0.02 | dt: 308ms | tok/sec: 106,488 | epoch: 1 | remaining: 205s    
step 00302 (99.3%) | loss: 3.365323 | lrm: 0.01 | dt: 309ms | tok/sec: 105,899 | epoch: 1 | remaining: 205s    
step 00303 (99.7%) | loss: 3.370813 | lrm: 0.01 | dt: 306ms | tok/sec: 107,012 | epoch: 1 | remaining: 204s    
Training completed in 95.8s
Starting final eval...
Final eval batch size: 256
Final eval completed in 13.3s
WARNING: val_bpb=0.796012 is outside plausible range [1.0, 10.0]
Baseline results written: /Users/ahmadalzaro/.cache/autoresearch-arabic/baseline_results.json
---
val_bpb:          0.796012
training_seconds: 95.8
total_seconds:    109.9
peak_vram_mb:     19043.7
mfu_percent:      0.00
total_tokens_M:   10.0
num_steps:        304
num_params_M:     5.0
total_eval_nats:  5245381.875000
total_eval_bytes: 9506751
total_valid_tokens: 1568355
depth:            4
