Condition: d1
Data/tokenizer loaded in 0.4s
Time budget: 300s
Gradient accumulation steps: 1
Model compiled in 0.6s

step 00000 (0.0%) | loss: 9.011253 | lrm: 1.00 | dt: 616ms | tok/sec: 53,220 | epoch: 1 | remaining: 300s    
step 00001 (0.2%) | loss: 8.974987 | lrm: 1.00 | dt: 322ms | tok/sec: 101,645 | epoch: 1 | remaining: 300s    
step 00002 (0.3%) | loss: 8.602244 | lrm: 1.00 | dt: 1738ms | tok/sec: 18,851 | epoch: 1 | remaining: 298s    
step 00003 (0.5%) | loss: 8.240010 | lrm: 1.00 | dt: 699ms | tok/sec: 46,886 | epoch: 1 | remaining: 297s    
step 00004 (0.7%) | loss: 7.949628 | lrm: 1.00 | dt: 529ms | tok/sec: 61,940 | epoch: 1 | remaining: 297s    
step 00005 (0.8%) | loss: 7.716319 | lrm: 1.00 | dt: 1043ms | tok/sec: 31,405 | epoch: 1 | remaining: 296s    
step 00006 (1.0%) | loss: 7.540009 | lrm: 1.00 | dt: 561ms | tok/sec: 58,373 | epoch: 1 | remaining: 295s    
step 00007 (1.2%) | loss: 7.393297 | lrm: 1.00 | dt: 959ms | tok/sec: 34,171 | epoch: 1 | remaining: 294s    
step 00008 (1.3%) | loss: 7.293634 | lrm: 1.00 | dt: 1216ms | tok/sec: 26,955 | epoch: 1 | remaining: 293s    
step 00009 (1.5%) | loss: 7.182408 | lrm: 1.00 | dt: 609ms | tok/sec: 53,781 | epoch: 1 | remaining: 292s    
step 00010 (1.6%) | loss: 7.068782 | lrm: 1.00 | dt: 514ms | tok/sec: 63,697 | epoch: 1 | remaining: 292s    
step 00011 (1.8%) | loss: 6.963055 | lrm: 1.00 | dt: 545ms | tok/sec: 60,135 | epoch: 1 | remaining: 291s    
step 00012 (2.0%) | loss: 6.851556 | lrm: 1.00 | dt: 669ms | tok/sec: 48,962 | epoch: 1 | remaining: 291s    
step 00013 (2.1%) | loss: 6.742411 | lrm: 1.00 | dt: 864ms | tok/sec: 37,938 | epoch: 1 | remaining: 290s    
step 00014 (2.3%) | loss: 6.633787 | lrm: 1.00 | dt: 915ms | tok/sec: 35,819 | epoch: 1 | remaining: 289s    
step 00015 (2.5%) | loss: 6.536801 | lrm: 1.00 | dt: 738ms | tok/sec: 44,376 | epoch: 1 | remaining: 288s    
step 00016 (2.6%) | loss: 6.438909 | lrm: 1.00 | dt: 598ms | tok/sec: 54,752 | epoch: 1 | remaining: 287s    
step 00017 (2.8%) | loss: 6.358125 | lrm: 1.00 | dt: 626ms | tok/sec: 52,332 | epoch: 1 | remaining: 287s    
step 00018 (3.0%) | loss: 6.265716 | lrm: 1.00 | dt: 729ms | tok/sec: 44,955 | epoch: 1 | remaining: 286s    
step 00019 (3.1%) | loss: 6.186578 | lrm: 1.00 | dt: 767ms | tok/sec: 42,707 | epoch: 1 | remaining: 285s    
step 00020 (3.3%) | loss: 6.102423 | lrm: 1.00 | dt: 817ms | tok/sec: 40,127 | epoch: 1 | remaining: 285s    
step 00021 (3.5%) | loss: 6.037673 | lrm: 1.00 | dt: 806ms | tok/sec: 40,674 | epoch: 1 | remaining: 284s    
step 00022 (3.6%) | loss: 5.972133 | lrm: 1.00 | dt: 727ms | tok/sec: 45,083 | epoch: 1 | remaining: 283s    
step 00023 (3.8%) | loss: 5.907133 | lrm: 1.00 | dt: 689ms | tok/sec: 47,531 | epoch: 1 | remaining: 282s    
step 00024 (3.9%) | loss: 5.844082 | lrm: 1.00 | dt: 706ms | tok/sec: 46,403 | epoch: 1 | remaining: 282s    
step 00025 (4.1%) | loss: 5.786131 | lrm: 1.00 | dt: 730ms | tok/sec: 44,875 | epoch: 1 | remaining: 281s    
step 00026 (4.3%) | loss: 5.736068 | lrm: 1.00 | dt: 696ms | tok/sec: 47,100 | epoch: 1 | remaining: 280s    
step 00027 (4.4%) | loss: 5.688548 | lrm: 1.00 | dt: 795ms | tok/sec: 41,239 | epoch: 1 | remaining: 279s    
step 00028 (4.6%) | loss: 5.631381 | lrm: 1.00 | dt: 800ms | tok/sec: 40,942 | epoch: 1 | remaining: 279s    
step 00029 (4.8%) | loss: 5.579966 | lrm: 1.00 | dt: 740ms | tok/sec: 44,254 | epoch: 1 | remaining: 278s    
step 00030 (4.9%) | loss: 5.528507 | lrm: 1.00 | dt: 708ms | tok/sec: 46,302 | epoch: 1 | remaining: 277s    
step 00031 (5.1%) | loss: 5.480109 | lrm: 1.00 | dt: 670ms | tok/sec: 48,881 | epoch: 1 | remaining: 276s    
step 00032 (5.3%) | loss: 5.438423 | lrm: 1.00 | dt: 741ms | tok/sec: 44,215 | epoch: 1 | remaining: 276s    
step 00033 (5.4%) | loss: 5.402855 | lrm: 1.00 | dt: 739ms | tok/sec: 44,324 | epoch: 1 | remaining: 275s    
step 00034 (5.6%) | loss: 5.355158 | lrm: 1.00 | dt: 728ms | tok/sec: 44,998 | epoch: 1 | remaining: 274s    
step 00035 (5.8%) | loss: 5.315864 | lrm: 1.00 | dt: 807ms | tok/sec: 40,582 | epoch: 1 | remaining: 273s    
step 00036 (5.9%) | loss: 5.270773 | lrm: 1.00 | dt: 801ms | tok/sec: 40,926 | epoch: 1 | remaining: 273s    
step 00037 (6.1%) | loss: 5.239544 | lrm: 1.00 | dt: 744ms | tok/sec: 44,024 | epoch: 1 | remaining: 272s    
step 00038 (6.2%) | loss: 5.207769 | lrm: 1.00 | dt: 738ms | tok/sec: 44,376 | epoch: 1 | remaining: 271s    
step 00039 (6.4%) | loss: 5.181158 | lrm: 1.00 | dt: 773ms | tok/sec: 42,371 | epoch: 1 | remaining: 270s    
step 00040 (6.6%) | loss: 5.143961 | lrm: 1.00 | dt: 743ms | tok/sec: 44,084 | epoch: 1 | remaining: 270s    
step 00041 (6.7%) | loss: 5.122966 | lrm: 1.00 | dt: 766ms | tok/sec: 42,801 | epoch: 1 | remaining: 269s    
step 00042 (6.9%) | loss: 5.082479 | lrm: 1.00 | dt: 759ms | tok/sec: 43,186 | epoch: 1 | remaining: 268s    
step 00043 (7.1%) | loss: 5.052624 | lrm: 1.00 | dt: 751ms | tok/sec: 43,609 | epoch: 1 | remaining: 267s    
step 00044 (7.2%) | loss: 5.024009 | lrm: 1.00 | dt: 746ms | tok/sec: 43,942 | epoch: 1 | remaining: 267s    
step 00045 (7.4%) | loss: 5.012409 | lrm: 1.00 | dt: 734ms | tok/sec: 44,644 | epoch: 1 | remaining: 266s    
step 00046 (7.6%) | loss: 4.989929 | lrm: 1.00 | dt: 706ms | tok/sec: 46,405 | epoch: 1 | remaining: 265s    
step 00047 (7.7%) | loss: 4.967744 | lrm: 1.00 | dt: 745ms | tok/sec: 43,983 | epoch: 1 | remaining: 264s    
step 00048 (7.9%) | loss: 4.948321 | lrm: 1.00 | dt: 768ms | tok/sec: 42,662 | epoch: 1 | remaining: 264s    
step 00049 (8.1%) | loss: 4.937183 | lrm: 1.00 | dt: 813ms | tok/sec: 40,307 | epoch: 1 | remaining: 263s    
step 00050 (8.2%) | loss: 4.915747 | lrm: 1.00 | dt: 769ms | tok/sec: 42,607 | epoch: 1 | remaining: 262s    
step 00051 (8.4%) | loss: 4.895462 | lrm: 1.00 | dt: 874ms | tok/sec: 37,508 | epoch: 1 | remaining: 261s    
step 00052 (8.6%) | loss: 4.872283 | lrm: 1.00 | dt: 818ms | tok/sec: 40,056 | epoch: 1 | remaining: 260s    
step 00053 (8.7%) | loss: 4.856523 | lrm: 1.00 | dt: 782ms | tok/sec: 41,880 | epoch: 1 | remaining: 260s    
step 00054 (8.9%) | loss: 4.839219 | lrm: 1.00 | dt: 773ms | tok/sec: 42,411 | epoch: 1 | remaining: 259s    
step 00055 (9.0%) | loss: 4.823951 | lrm: 1.00 | dt: 802ms | tok/sec: 40,844 | epoch: 1 | remaining: 258s    
step 00056 (9.2%) | loss: 4.809076 | lrm: 1.00 | dt: 824ms | tok/sec: 39,775 | epoch: 1 | remaining: 257s    
step 00057 (9.4%) | loss: 4.791739 | lrm: 1.00 | dt: 787ms | tok/sec: 41,628 | epoch: 1 | remaining: 256s    
step 00058 (9.5%) | loss: 4.785877 | lrm: 1.00 | dt: 817ms | tok/sec: 40,131 | epoch: 1 | remaining: 256s    
step 00059 (9.7%) | loss: 4.774577 | lrm: 1.00 | dt: 791ms | tok/sec: 41,410 | epoch: 1 | remaining: 255s    
step 00060 (9.9%) | loss: 4.755406 | lrm: 1.00 | dt: 803ms | tok/sec: 40,811 | epoch: 1 | remaining: 254s    
step 00061 (10.0%) | loss: 4.741053 | lrm: 1.00 | dt: 794ms | tok/sec: 41,256 | epoch: 1 | remaining: 253s    
step 00062 (10.2%) | loss: 4.725088 | lrm: 1.00 | dt: 799ms | tok/sec: 40,987 | epoch: 1 | remaining: 252s    
step 00063 (10.4%) | loss: 4.719976 | lrm: 1.00 | dt: 832ms | tok/sec: 39,398 | epoch: 1 | remaining: 252s    
step 00064 (10.5%) | loss: 4.705362 | lrm: 1.00 | dt: 875ms | tok/sec: 37,435 | epoch: 1 | remaining: 251s    
step 00065 (10.7%) | loss: 4.691877 | lrm: 1.00 | dt: 854ms | tok/sec: 38,390 | epoch: 1 | remaining: 250s    
step 00066 (10.9%) | loss: 4.682396 | lrm: 1.00 | dt: 891ms | tok/sec: 36,767 | epoch: 1 | remaining: 249s    
step 00067 (11.0%) | loss: 4.663743 | lrm: 1.00 | dt: 872ms | tok/sec: 37,594 | epoch: 1 | remaining: 248s    
step 00068 (11.2%) | loss: 4.651447 | lrm: 1.00 | dt: 862ms | tok/sec: 38,031 | epoch: 1 | remaining: 247s    
step 00069 (11.3%) | loss: 4.635124 | lrm: 1.00 | dt: 890ms | tok/sec: 36,804 | epoch: 1 | remaining: 246s    
step 00070 (11.5%) | loss: 4.619380 | lrm: 1.00 | dt: 901ms | tok/sec: 36,354 | epoch: 1 | remaining: 245s    
step 00071 (11.7%) | loss: 4.602974 | lrm: 1.00 | dt: 912ms | tok/sec: 35,912 | epoch: 1 | remaining: 245s    
step 00072 (11.8%) | loss: 4.590432 | lrm: 1.00 | dt: 963ms | tok/sec: 34,013 | epoch: 1 | remaining: 244s    
step 00073 (12.0%) | loss: 4.576386 | lrm: 1.00 | dt: 907ms | tok/sec: 36,115 | epoch: 1 | remaining: 243s    
step 00074 (12.2%) | loss: 4.558405 | lrm: 1.00 | dt: 915ms | tok/sec: 35,794 | epoch: 1 | remaining: 242s    
step 00075 (12.3%) | loss: 4.543112 | lrm: 1.00 | dt: 915ms | tok/sec: 35,800 | epoch: 1 | remaining: 241s    
step 00076 (12.5%) | loss: 4.533959 | lrm: 1.00 | dt: 918ms | tok/sec: 35,676 | epoch: 1 | remaining: 240s    
step 00077 (12.7%) | loss: 4.517239 | lrm: 1.00 | dt: 843ms | tok/sec: 38,880 | epoch: 1 | remaining: 239s    
step 00078 (12.8%) | loss: 4.507470 | lrm: 1.00 | dt: 840ms | tok/sec: 38,995 | epoch: 1 | remaining: 238s    
step 00079 (13.0%) | loss: 4.500981 | lrm: 1.00 | dt: 843ms | tok/sec: 38,870 | epoch: 1 | remaining: 237s    
step 00080 (13.2%) | loss: 4.485253 | lrm: 1.00 | dt: 887ms | tok/sec: 36,940 | epoch: 1 | remaining: 237s    
step 00081 (13.3%) | loss: 4.473189 | lrm: 1.00 | dt: 879ms | tok/sec: 37,264 | epoch: 1 | remaining: 236s    
step 00082 (13.5%) | loss: 4.462449 | lrm: 1.00 | dt: 883ms | tok/sec: 37,125 | epoch: 1 | remaining: 235s    
step 00083 (13.7%) | loss: 4.447814 | lrm: 1.00 | dt: 893ms | tok/sec: 36,693 | epoch: 1 | remaining: 234s    
step 00084 (13.8%) | loss: 4.432012 | lrm: 1.00 | dt: 888ms | tok/sec: 36,891 | epoch: 1 | remaining: 233s    
step 00085 (14.0%) | loss: 4.417242 | lrm: 1.00 | dt: 877ms | tok/sec: 37,376 | epoch: 1 | remaining: 232s    
step 00086 (14.1%) | loss: 4.396663 | lrm: 1.00 | dt: 833ms | tok/sec: 39,347 | epoch: 1 | remaining: 231s    
step 00087 (14.3%) | loss: 4.393111 | lrm: 1.00 | dt: 816ms | tok/sec: 40,164 | epoch: 1 | remaining: 230s    
step 00088 (14.5%) | loss: 4.379176 | lrm: 1.00 | dt: 834ms | tok/sec: 39,308 | epoch: 1 | remaining: 230s    
step 00089 (14.6%) | loss: 4.378658 | lrm: 1.00 | dt: 867ms | tok/sec: 37,808 | epoch: 1 | remaining: 229s    
step 00090 (14.8%) | loss: 4.373151 | lrm: 1.00 | dt: 834ms | tok/sec: 39,311 | epoch: 1 | remaining: 228s    
step 00091 (15.0%) | loss: 4.364397 | lrm: 1.00 | dt: 833ms | tok/sec: 39,340 | epoch: 1 | remaining: 227s    
step 00092 (15.1%) | loss: 4.371946 | lrm: 1.00 | dt: 823ms | tok/sec: 39,799 | epoch: 1 | remaining: 226s    
step 00093 (15.3%) | loss: 4.358580 | lrm: 1.00 | dt: 892ms | tok/sec: 36,745 | epoch: 1 | remaining: 225s    
step 00094 (15.5%) | loss: 4.353946 | lrm: 1.00 | dt: 886ms | tok/sec: 36,965 | epoch: 1 | remaining: 224s    
step 00095 (15.6%) | loss: 4.341176 | lrm: 1.00 | dt: 841ms | tok/sec: 38,967 | epoch: 1 | remaining: 224s    
step 00096 (15.8%) | loss: 4.328687 | lrm: 1.00 | dt: 851ms | tok/sec: 38,496 | epoch: 1 | remaining: 223s    
step 00097 (16.0%) | loss: 4.311439 | lrm: 1.00 | dt: 878ms | tok/sec: 37,336 | epoch: 1 | remaining: 222s    
step 00098 (16.1%) | loss: 4.299053 | lrm: 1.00 | dt: 852ms | tok/sec: 38,448 | epoch: 1 | remaining: 221s    
step 00099 (16.3%) | loss: 4.285337 | lrm: 1.00 | dt: 834ms | tok/sec: 39,266 | epoch: 1 | remaining: 220s    
step 00100 (16.4%) | loss: 4.272082 | lrm: 1.00 | dt: 827ms | tok/sec: 39,634 | epoch: 1 | remaining: 219s    
step 00101 (16.6%) | loss: 4.260454 | lrm: 1.00 | dt: 866ms | tok/sec: 37,830 | epoch: 1 | remaining: 219s    
step 00102 (16.8%) | loss: 4.254591 | lrm: 1.00 | dt: 892ms | tok/sec: 36,719 | epoch: 1 | remaining: 218s    
step 00103 (16.9%) | loss: 4.241698 | lrm: 1.00 | dt: 848ms | tok/sec: 38,643 | epoch: 1 | remaining: 217s    
step 00104 (17.1%) | loss: 4.227595 | lrm: 1.00 | dt: 877ms | tok/sec: 37,348 | epoch: 1 | remaining: 216s    
step 00105 (17.3%) | loss: 4.217169 | lrm: 1.00 | dt: 899ms | tok/sec: 36,464 | epoch: 1 | remaining: 215s    
step 00106 (17.4%) | loss: 4.212723 | lrm: 1.00 | dt: 884ms | tok/sec: 37,059 | epoch: 1 | remaining: 214s    
step 00107 (17.6%) | loss: 4.207887 | lrm: 1.00 | dt: 896ms | tok/sec: 36,552 | epoch: 1 | remaining: 213s    
step 00108 (17.8%) | loss: 4.196469 | lrm: 1.00 | dt: 852ms | tok/sec: 38,475 | epoch: 1 | remaining: 212s    
step 00109 (17.9%) | loss: 4.189758 | lrm: 1.00 | dt: 883ms | tok/sec: 37,130 | epoch: 1 | remaining: 211s    
step 00110 (18.1%) | loss: 4.177306 | lrm: 1.00 | dt: 880ms | tok/sec: 37,244 | epoch: 1 | remaining: 211s    
step 00111 (18.3%) | loss: 4.167331 | lrm: 1.00 | dt: 853ms | tok/sec: 38,395 | epoch: 1 | remaining: 210s    
step 00112 (18.4%) | loss: 4.167186 | lrm: 1.00 | dt: 860ms | tok/sec: 38,112 | epoch: 1 | remaining: 209s    
step 00113 (18.6%) | loss: 4.147815 | lrm: 1.00 | dt: 866ms | tok/sec: 37,847 | epoch: 1 | remaining: 208s    
step 00114 (18.8%) | loss: 4.130092 | lrm: 1.00 | dt: 859ms | tok/sec: 38,158 | epoch: 1 | remaining: 207s    
step 00115 (18.9%) | loss: 4.117391 | lrm: 1.00 | dt: 839ms | tok/sec: 39,054 | epoch: 1 | remaining: 206s    
step 00116 (19.1%) | loss: 4.102651 | lrm: 1.00 | dt: 868ms | tok/sec: 37,740 | epoch: 1 | remaining: 205s    
step 00117 (19.2%) | loss: 4.095786 | lrm: 1.00 | dt: 899ms | tok/sec: 36,434 | epoch: 1 | remaining: 205s    
step 00118 (19.4%) | loss: 4.096659 | lrm: 1.00 | dt: 916ms | tok/sec: 35,755 | epoch: 1 | remaining: 204s    
step 00119 (19.6%) | loss: 4.083692 | lrm: 1.00 | dt: 981ms | tok/sec: 33,401 | epoch: 1 | remaining: 203s    
step 00120 (19.7%) | loss: 4.071210 | lrm: 1.00 | dt: 887ms | tok/sec: 36,925 | epoch: 1 | remaining: 202s    
step 00121 (19.9%) | loss: 4.063114 | lrm: 1.00 | dt: 899ms | tok/sec: 36,436 | epoch: 1 | remaining: 201s    
step 00122 (20.1%) | loss: 4.051816 | lrm: 1.00 | dt: 905ms | tok/sec: 36,203 | epoch: 1 | remaining: 200s    
step 00123 (20.2%) | loss: 4.044210 | lrm: 1.00 | dt: 884ms | tok/sec: 37,068 | epoch: 1 | remaining: 199s    
step 00124 (20.4%) | loss: 4.035175 | lrm: 1.00 | dt: 889ms | tok/sec: 36,842 | epoch: 1 | remaining: 198s    
step 00125 (20.6%) | loss: 4.028556 | lrm: 1.00 | dt: 903ms | tok/sec: 36,306 | epoch: 1 | remaining: 197s    
step 00126 (20.7%) | loss: 4.032369 | lrm: 1.00 | dt: 886ms | tok/sec: 36,994 | epoch: 1 | remaining: 196s    
step 00127 (20.9%) | loss: 4.012322 | lrm: 1.00 | dt: 909ms | tok/sec: 36,029 | epoch: 1 | remaining: 196s    
step 00128 (21.1%) | loss: 4.006848 | lrm: 1.00 | dt: 941ms | tok/sec: 34,837 | epoch: 1 | remaining: 195s    
step 00129 (21.2%) | loss: 4.001069 | lrm: 1.00 | dt: 999ms | tok/sec: 32,803 | epoch: 1 | remaining: 194s    
step 00130 (21.4%) | loss: 3.994464 | lrm: 1.00 | dt: 933ms | tok/sec: 35,115 | epoch: 1 | remaining: 193s    
step 00131 (21.5%) | loss: 3.980770 | lrm: 1.00 | dt: 956ms | tok/sec: 34,266 | epoch: 1 | remaining: 192s    
step 00132 (21.7%) | loss: 3.969983 | lrm: 1.00 | dt: 994ms | tok/sec: 32,960 | epoch: 1 | remaining: 191s    
step 00133 (21.9%) | loss: 3.959117 | lrm: 1.00 | dt: 960ms | tok/sec: 34,138 | epoch: 1 | remaining: 190s    
step 00134 (22.0%) | loss: 3.953595 | lrm: 1.00 | dt: 931ms | tok/sec: 35,199 | epoch: 1 | remaining: 189s    
step 00135 (22.2%) | loss: 3.945481 | lrm: 1.00 | dt: 924ms | tok/sec: 35,463 | epoch: 1 | remaining: 188s    
step 00136 (22.4%) | loss: 3.931194 | lrm: 1.00 | dt: 882ms | tok/sec: 37,160 | epoch: 1 | remaining: 187s    
step 00137 (22.5%) | loss: 3.923137 | lrm: 1.00 | dt: 936ms | tok/sec: 35,007 | epoch: 1 | remaining: 186s    
step 00138 (22.7%) | loss: 3.917235 | lrm: 1.00 | dt: 1031ms | tok/sec: 31,781 | epoch: 1 | remaining: 185s    
step 00139 (22.9%) | loss: 3.917931 | lrm: 1.00 | dt: 1070ms | tok/sec: 30,634 | epoch: 1 | remaining: 184s    
step 00140 (23.0%) | loss: 3.911932 | lrm: 1.00 | dt: 988ms | tok/sec: 33,160 | epoch: 1 | remaining: 183s    
step 00141 (23.2%) | loss: 3.908443 | lrm: 1.00 | dt: 911ms | tok/sec: 35,958 | epoch: 1 | remaining: 182s    
step 00142 (23.4%) | loss: 3.906081 | lrm: 1.00 | dt: 905ms | tok/sec: 36,197 | epoch: 1 | remaining: 181s    
step 00143 (23.5%) | loss: 3.891611 | lrm: 1.00 | dt: 908ms | tok/sec: 36,071 | epoch: 1 | remaining: 180s    
step 00144 (23.7%) | loss: 3.878746 | lrm: 1.00 | dt: 910ms | tok/sec: 36,018 | epoch: 1 | remaining: 179s    
step 00145 (23.8%) | loss: 3.871417 | lrm: 1.00 | dt: 926ms | tok/sec: 35,401 | epoch: 1 | remaining: 178s    
step 00146 (24.0%) | loss: 3.863881 | lrm: 1.00 | dt: 925ms | tok/sec: 35,426 | epoch: 1 | remaining: 177s    
step 00147 (24.2%) | loss: 3.859774 | lrm: 1.00 | dt: 850ms | tok/sec: 38,538 | epoch: 1 | remaining: 177s    
step 00148 (24.3%) | loss: 3.862514 | lrm: 1.00 | dt: 865ms | tok/sec: 37,877 | epoch: 1 | remaining: 176s    
step 00149 (24.5%) | loss: 3.852322 | lrm: 1.00 | dt: 868ms | tok/sec: 37,734 | epoch: 1 | remaining: 175s    
step 00150 (24.7%) | loss: 3.846271 | lrm: 1.00 | dt: 888ms | tok/sec: 36,896 | epoch: 1 | remaining: 174s    
step 00151 (24.8%) | loss: 3.841569 | lrm: 1.00 | dt: 872ms | tok/sec: 37,591 | epoch: 1 | remaining: 173s    
step 00152 (25.0%) | loss: 3.840484 | lrm: 1.00 | dt: 899ms | tok/sec: 36,455 | epoch: 1 | remaining: 172s    
step 00153 (25.2%) | loss: 3.842906 | lrm: 1.00 | dt: 900ms | tok/sec: 36,389 | epoch: 1 | remaining: 171s    
step 00154 (25.3%) | loss: 3.831685 | lrm: 1.00 | dt: 908ms | tok/sec: 36,092 | epoch: 1 | remaining: 170s    
step 00155 (25.5%) | loss: 3.819197 | lrm: 1.00 | dt: 898ms | tok/sec: 36,508 | epoch: 1 | remaining: 170s    
step 00156 (25.7%) | loss: 3.807675 | lrm: 1.00 | dt: 902ms | tok/sec: 36,325 | epoch: 1 | remaining: 169s    
step 00157 (25.8%) | loss: 3.797222 | lrm: 1.00 | dt: 854ms | tok/sec: 38,357 | epoch: 1 | remaining: 168s    
step 00158 (26.0%) | loss: 3.798350 | lrm: 1.00 | dt: 851ms | tok/sec: 38,518 | epoch: 1 | remaining: 167s    
step 00159 (26.2%) | loss: 3.797480 | lrm: 1.00 | dt: 884ms | tok/sec: 37,081 | epoch: 1 | remaining: 166s    
step 00160 (26.3%) | loss: 3.802115 | lrm: 1.00 | dt: 895ms | tok/sec: 36,601 | epoch: 1 | remaining: 165s    
step 00161 (26.5%) | loss: 3.800705 | lrm: 1.00 | dt: 898ms | tok/sec: 36,484 | epoch: 1 | remaining: 164s    
step 00162 (26.6%) | loss: 3.800242 | lrm: 1.00 | dt: 868ms | tok/sec: 37,753 | epoch: 1 | remaining: 163s    
step 00163 (26.8%) | loss: 3.788451 | lrm: 1.00 | dt: 886ms | tok/sec: 36,984 | epoch: 1 | remaining: 162s    
step 00164 (27.0%) | loss: 3.778261 | lrm: 1.00 | dt: 865ms | tok/sec: 37,892 | epoch: 1 | remaining: 162s    
step 00165 (27.1%) | loss: 3.771351 | lrm: 1.00 | dt: 849ms | tok/sec: 38,586 | epoch: 1 | remaining: 161s    
step 00166 (27.3%) | loss: 3.761097 | lrm: 1.00 | dt: 857ms | tok/sec: 38,213 | epoch: 1 | remaining: 160s    
step 00167 (27.5%) | loss: 3.760565 | lrm: 1.00 | dt: 857ms | tok/sec: 38,238 | epoch: 1 | remaining: 159s    
step 00168 (27.6%) | loss: 3.759108 | lrm: 1.00 | dt: 842ms | tok/sec: 38,902 | epoch: 1 | remaining: 158s    
step 00169 (27.8%) | loss: 3.749603 | lrm: 1.00 | dt: 874ms | tok/sec: 37,500 | epoch: 1 | remaining: 157s    
step 00170 (28.0%) | loss: 3.738089 | lrm: 1.00 | dt: 819ms | tok/sec: 40,018 | epoch: 1 | remaining: 157s    
step 00171 (28.1%) | loss: 3.745171 | lrm: 1.00 | dt: 812ms | tok/sec: 40,334 | epoch: 1 | remaining: 156s    
step 00172 (28.3%) | loss: 3.739274 | lrm: 1.00 | dt: 885ms | tok/sec: 37,017 | epoch: 1 | remaining: 155s    
step 00173 (28.5%) | loss: 3.735441 | lrm: 1.00 | dt: 902ms | tok/sec: 36,308 | epoch: 1 | remaining: 154s    
step 00174 (28.6%) | loss: 3.730004 | lrm: 1.00 | dt: 914ms | tok/sec: 35,845 | epoch: 1 | remaining: 153s    
step 00175 (28.8%) | loss: 3.725309 | lrm: 1.00 | dt: 811ms | tok/sec: 40,398 | epoch: 1 | remaining: 152s    
step 00176 (28.9%) | loss: 3.723772 | lrm: 1.00 | dt: 805ms | tok/sec: 40,729 | epoch: 1 | remaining: 151s    
step 00177 (29.1%) | loss: 3.728686 | lrm: 1.00 | dt: 857ms | tok/sec: 38,248 | epoch: 1 | remaining: 151s    
step 00178 (29.3%) | loss: 3.725279 | lrm: 1.00 | dt: 888ms | tok/sec: 36,894 | epoch: 1 | remaining: 150s    
step 00179 (29.4%) | loss: 3.718578 | lrm: 1.00 | dt: 942ms | tok/sec: 34,775 | epoch: 1 | remaining: 149s    
step 00180 (29.6%) | loss: 3.712773 | lrm: 1.00 | dt: 873ms | tok/sec: 37,533 | epoch: 1 | remaining: 148s    
step 00181 (29.8%) | loss: 3.703644 | lrm: 1.00 | dt: 843ms | tok/sec: 38,875 | epoch: 1 | remaining: 147s    
step 00182 (29.9%) | loss: 3.707396 | lrm: 1.00 | dt: 823ms | tok/sec: 39,834 | epoch: 1 | remaining: 146s    
step 00183 (30.1%) | loss: 3.703153 | lrm: 1.00 | dt: 849ms | tok/sec: 38,596 | epoch: 1 | remaining: 145s    
step 00184 (30.3%) | loss: 3.709274 | lrm: 1.00 | dt: 953ms | tok/sec: 34,396 | epoch: 1 | remaining: 144s    
step 00185 (30.4%) | loss: 3.699446 | lrm: 1.00 | dt: 1001ms | tok/sec: 32,719 | epoch: 1 | remaining: 143s    
step 00186 (30.6%) | loss: 3.693745 | lrm: 1.00 | dt: 888ms | tok/sec: 36,892 | epoch: 1 | remaining: 142s    
step 00187 (30.8%) | loss: 3.685802 | lrm: 1.00 | dt: 848ms | tok/sec: 38,662 | epoch: 1 | remaining: 142s    
step 00188 (30.9%) | loss: 3.678428 | lrm: 1.00 | dt: 894ms | tok/sec: 36,667 | epoch: 1 | remaining: 141s    
step 00189 (31.1%) | loss: 3.678189 | lrm: 1.00 | dt: 934ms | tok/sec: 35,069 | epoch: 1 | remaining: 140s    
step 00190 (31.2%) | loss: 3.672083 | lrm: 1.00 | dt: 918ms | tok/sec: 35,681 | epoch: 1 | remaining: 139s    
step 00191 (31.4%) | loss: 3.665859 | lrm: 1.00 | dt: 907ms | tok/sec: 36,112 | epoch: 1 | remaining: 138s    
step 00192 (31.6%) | loss: 3.657228 | lrm: 1.00 | dt: 816ms | tok/sec: 40,170 | epoch: 1 | remaining: 137s    
step 00193 (31.7%) | loss: 3.646067 | lrm: 1.00 | dt: 841ms | tok/sec: 38,969 | epoch: 1 | remaining: 136s    
step 00194 (31.9%) | loss: 3.647994 | lrm: 1.00 | dt: 926ms | tok/sec: 35,381 | epoch: 1 | remaining: 135s    
step 00195 (32.1%) | loss: 3.644405 | lrm: 1.00 | dt: 1017ms | tok/sec: 32,227 | epoch: 1 | remaining: 134s    
step 00196 (32.2%) | loss: 3.648420 | lrm: 1.00 | dt: 933ms | tok/sec: 35,113 | epoch: 1 | remaining: 133s    
step 00197 (32.4%) | loss: 3.646518 | lrm: 1.00 | dt: 879ms | tok/sec: 37,296 | epoch: 1 | remaining: 133s    
step 00198 (32.6%) | loss: 3.637068 | lrm: 1.00 | dt: 896ms | tok/sec: 36,571 | epoch: 1 | remaining: 132s    
step 00199 (32.7%) | loss: 3.630049 | lrm: 1.00 | dt: 959ms | tok/sec: 34,157 | epoch: 1 | remaining: 131s    
step 00200 (32.9%) | loss: 3.621428 | lrm: 1.00 | dt: 1025ms | tok/sec: 31,972 | epoch: 1 | remaining: 130s    
step 00201 (33.1%) | loss: 3.616074 | lrm: 1.00 | dt: 958ms | tok/sec: 34,213 | epoch: 1 | remaining: 129s    
step 00202 (33.2%) | loss: 3.613770 | lrm: 1.00 | dt: 946ms | tok/sec: 34,629 | epoch: 1 | remaining: 128s    
step 00203 (33.4%) | loss: 3.609087 | lrm: 1.00 | dt: 945ms | tok/sec: 34,682 | epoch: 1 | remaining: 127s    
step 00204 (33.6%) | loss: 3.607974 | lrm: 1.00 | dt: 1008ms | tok/sec: 32,504 | epoch: 1 | remaining: 126s    
step 00205 (33.7%) | loss: 3.607906 | lrm: 1.00 | dt: 985ms | tok/sec: 33,278 | epoch: 1 | remaining: 125s    
step 00206 (33.9%) | loss: 3.609935 | lrm: 1.00 | dt: 1006ms | tok/sec: 32,571 | epoch: 1 | remaining: 124s    
step 00207 (34.0%) | loss: 3.601715 | lrm: 1.00 | dt: 985ms | tok/sec: 33,283 | epoch: 1 | remaining: 123s    
step 00208 (34.2%) | loss: 3.601120 | lrm: 1.00 | dt: 925ms | tok/sec: 35,432 | epoch: 1 | remaining: 122s    
step 00209 (34.4%) | loss: 3.596193 | lrm: 1.00 | dt: 958ms | tok/sec: 34,198 | epoch: 1 | remaining: 121s    
step 00210 (34.5%) | loss: 3.594732 | lrm: 1.00 | dt: 917ms | tok/sec: 35,737 | epoch: 1 | remaining: 120s    
step 00211 (34.7%) | loss: 3.588573 | lrm: 1.00 | dt: 975ms | tok/sec: 33,596 | epoch: 1 | remaining: 119s    
step 00212 (34.9%) | loss: 3.582173 | lrm: 1.00 | dt: 942ms | tok/sec: 34,768 | epoch: 1 | remaining: 118s    
step 00213 (35.0%) | loss: 3.588110 | lrm: 1.00 | dt: 924ms | tok/sec: 35,467 | epoch: 1 | remaining: 117s    
step 00214 (35.2%) | loss: 3.583087 | lrm: 1.00 | dt: 895ms | tok/sec: 36,603 | epoch: 1 | remaining: 116s    
step 00215 (35.4%) | loss: 3.574950 | lrm: 1.00 | dt: 971ms | tok/sec: 33,731 | epoch: 1 | remaining: 115s    
step 00216 (35.5%) | loss: 3.576238 | lrm: 1.00 | dt: 996ms | tok/sec: 32,903 | epoch: 1 | remaining: 114s    
step 00217 (35.7%) | loss: 3.577483 | lrm: 1.00 | dt: 903ms | tok/sec: 36,282 | epoch: 1 | remaining: 113s    
step 00218 (35.9%) | loss: 3.576725 | lrm: 1.00 | dt: 858ms | tok/sec: 38,195 | epoch: 1 | remaining: 113s    
step 00219 (36.0%) | loss: 3.563941 | lrm: 1.00 | dt: 868ms | tok/sec: 37,736 | epoch: 1 | remaining: 112s    
step 00220 (36.2%) | loss: 3.582919 | lrm: 1.00 | dt: 991ms | tok/sec: 33,063 | epoch: 1 | remaining: 111s    
step 00221 (36.3%) | loss: 3.581336 | lrm: 1.00 | dt: 958ms | tok/sec: 34,218 | epoch: 1 | remaining: 110s    
step 00222 (36.5%) | loss: 3.584795 | lrm: 1.00 | dt: 922ms | tok/sec: 35,529 | epoch: 1 | remaining: 109s    
step 00223 (36.7%) | loss: 3.589397 | lrm: 1.00 | dt: 851ms | tok/sec: 38,518 | epoch: 1 | remaining: 108s    
step 00224 (36.8%) | loss: 3.575927 | lrm: 1.00 | dt: 894ms | tok/sec: 36,650 | epoch: 1 | remaining: 107s    
step 00225 (37.0%) | loss: 3.568958 | lrm: 1.00 | dt: 916ms | tok/sec: 35,780 | epoch: 1 | remaining: 106s    
step 00226 (37.2%) | loss: 3.557735 | lrm: 1.00 | dt: 908ms | tok/sec: 36,071 | epoch: 1 | remaining: 105s    
step 00227 (37.3%) | loss: 3.558705 | lrm: 1.00 | dt: 925ms | tok/sec: 35,413 | epoch: 1 | remaining: 104s    
step 00228 (37.5%) | loss: 3.556762 | lrm: 1.00 | dt: 921ms | tok/sec: 35,560 | epoch: 1 | remaining: 103s    
step 00229 (37.7%) | loss: 3.553540 | lrm: 1.00 | dt: 966ms | tok/sec: 33,930 | epoch: 1 | remaining: 102s    
step 00230 (37.8%) | loss: 3.546433 | lrm: 1.00 | dt: 927ms | tok/sec: 35,346 | epoch: 1 | remaining: 102s    
step 00231 (38.0%) | loss: 3.545122 | lrm: 1.00 | dt: 933ms | tok/sec: 35,108 | epoch: 1 | remaining: 101s    
step 00232 (38.2%) | loss: 3.541507 | lrm: 1.00 | dt: 908ms | tok/sec: 36,091 | epoch: 1 | remaining: 100s    
step 00233 (38.3%) | loss: 3.537152 | lrm: 1.00 | dt: 919ms | tok/sec: 35,670 | epoch: 1 | remaining: 99s    
step 00234 (38.5%) | loss: 3.526743 | lrm: 1.00 | dt: 975ms | tok/sec: 33,591 | epoch: 1 | remaining: 98s    
step 00235 (38.7%) | loss: 3.523693 | lrm: 1.00 | dt: 966ms | tok/sec: 33,919 | epoch: 1 | remaining: 97s    
step 00236 (38.8%) | loss: 3.523207 | lrm: 1.00 | dt: 926ms | tok/sec: 35,404 | epoch: 1 | remaining: 96s    
step 00237 (39.0%) | loss: 3.527786 | lrm: 1.00 | dt: 907ms | tok/sec: 36,112 | epoch: 1 | remaining: 95s    
step 00238 (39.1%) | loss: 3.519281 | lrm: 1.00 | dt: 867ms | tok/sec: 37,797 | epoch: 1 | remaining: 94s    
step 00239 (39.3%) | loss: 3.514583 | lrm: 1.00 | dt: 884ms | tok/sec: 37,084 | epoch: 1 | remaining: 93s    
step 00240 (39.5%) | loss: 3.517954 | lrm: 1.00 | dt: 1018ms | tok/sec: 32,193 | epoch: 1 | remaining: 92s    
step 00241 (39.6%) | loss: 3.516406 | lrm: 1.00 | dt: 1041ms | tok/sec: 31,487 | epoch: 1 | remaining: 91s    
step 00242 (39.8%) | loss: 3.512732 | lrm: 1.00 | dt: 850ms | tok/sec: 38,555 | epoch: 1 | remaining: 90s    
step 00243 (40.0%) | loss: 3.500858 | lrm: 1.00 | dt: 905ms | tok/sec: 36,211 | epoch: 1 | remaining: 89s    
step 00244 (40.1%) | loss: 3.502559 | lrm: 1.00 | dt: 967ms | tok/sec: 33,875 | epoch: 1 | remaining: 88s    
step 00245 (40.3%) | loss: 3.494124 | lrm: 1.00 | dt: 978ms | tok/sec: 33,513 | epoch: 1 | remaining: 88s    
step 00246 (40.5%) | loss: 3.498423 | lrm: 1.00 | dt: 921ms | tok/sec: 35,589 | epoch: 1 | remaining: 87s    
step 00247 (40.6%) | loss: 3.497700 | lrm: 1.00 | dt: 870ms | tok/sec: 37,667 | epoch: 1 | remaining: 86s    
step 00248 (40.8%) | loss: 3.500905 | lrm: 1.00 | dt: 892ms | tok/sec: 36,729 | epoch: 1 | remaining: 85s    
step 00249 (41.0%) | loss: 3.499481 | lrm: 1.00 | dt: 908ms | tok/sec: 36,086 | epoch: 1 | remaining: 84s    
step 00250 (41.1%) | loss: 3.502404 | lrm: 1.00 | dt: 948ms | tok/sec: 34,563 | epoch: 1 | remaining: 83s    
step 00251 (41.3%) | loss: 3.511924 | lrm: 1.00 | dt: 973ms | tok/sec: 33,670 | epoch: 1 | remaining: 82s    
step 00252 (41.4%) | loss: 3.496424 | lrm: 1.00 | dt: 959ms | tok/sec: 34,155 | epoch: 1 | remaining: 81s    
step 00253 (41.6%) | loss: 3.490881 | lrm: 1.00 | dt: 966ms | tok/sec: 33,928 | epoch: 1 | remaining: 80s    
step 00254 (41.8%) | loss: 3.489467 | lrm: 1.00 | dt: 1003ms | tok/sec: 32,654 | epoch: 1 | remaining: 79s    
step 00255 (41.9%) | loss: 3.495637 | lrm: 1.00 | dt: 1005ms | tok/sec: 32,612 | epoch: 1 | remaining: 78s    
step 00256 (42.1%) | loss: 3.492402 | lrm: 1.00 | dt: 1038ms | tok/sec: 31,575 | epoch: 1 | remaining: 77s    
step 00257 (42.3%) | loss: 3.481582 | lrm: 1.00 | dt: 988ms | tok/sec: 33,167 | epoch: 1 | remaining: 76s    
step 00258 (42.4%) | loss: 3.484654 | lrm: 1.00 | dt: 902ms | tok/sec: 36,324 | epoch: 1 | remaining: 75s    
step 00259 (42.6%) | loss: 3.477323 | lrm: 1.00 | dt: 868ms | tok/sec: 37,753 | epoch: 1 | remaining: 74s    
step 00260 (42.8%) | loss: 3.479948 | lrm: 1.00 | dt: 922ms | tok/sec: 35,532 | epoch: 1 | remaining: 73s    
step 00261 (42.9%) | loss: 3.478860 | lrm: 1.00 | dt: 927ms | tok/sec: 35,356 | epoch: 1 | remaining: 72s    
step 00262 (43.1%) | loss: 3.474284 | lrm: 1.00 | dt: 899ms | tok/sec: 36,442 | epoch: 1 | remaining: 72s    
step 00263 (43.3%) | loss: 3.469661 | lrm: 1.00 | dt: 1001ms | tok/sec: 32,737 | epoch: 1 | remaining: 71s    
step 00264 (43.4%) | loss: 3.467364 | lrm: 1.00 | dt: 1014ms | tok/sec: 32,306 | epoch: 1 | remaining: 69s    
step 00265 (43.6%) | loss: 3.464892 | lrm: 1.00 | dt: 952ms | tok/sec: 34,412 | epoch: 1 | remaining: 69s    
step 00266 (43.8%) | loss: 3.463138 | lrm: 1.00 | dt: 954ms | tok/sec: 34,338 | epoch: 1 | remaining: 68s    
step 00267 (43.9%) | loss: 3.456992 | lrm: 1.00 | dt: 937ms | tok/sec: 34,971 | epoch: 1 | remaining: 67s    
step 00268 (44.1%) | loss: 3.459988 | lrm: 1.00 | dt: 906ms | tok/sec: 36,172 | epoch: 1 | remaining: 66s    
step 00269 (44.2%) | loss: 3.455797 | lrm: 1.00 | dt: 919ms | tok/sec: 35,658 | epoch: 1 | remaining: 65s    
step 00270 (44.4%) | loss: 3.454574 | lrm: 1.00 | dt: 948ms | tok/sec: 34,571 | epoch: 1 | remaining: 64s    
step 00271 (44.6%) | loss: 3.455473 | lrm: 1.00 | dt: 808ms | tok/sec: 40,557 | epoch: 1 | remaining: 63s    
step 00272 (44.7%) | loss: 3.456758 | lrm: 1.00 | dt: 840ms | tok/sec: 38,995 | epoch: 1 | remaining: 62s    
step 00273 (44.9%) | loss: 3.455398 | lrm: 1.00 | dt: 895ms | tok/sec: 36,595 | epoch: 1 | remaining: 61s    
step 00274 (45.1%) | loss: 3.452328 | lrm: 1.00 | dt: 974ms | tok/sec: 33,659 | epoch: 1 | remaining: 60s    
step 00275 (45.2%) | loss: 3.449715 | lrm: 1.00 | dt: 903ms | tok/sec: 36,305 | epoch: 1 | remaining: 59s    
step 00276 (45.4%) | loss: 3.451511 | lrm: 1.00 | dt: 890ms | tok/sec: 36,808 | epoch: 1 | remaining: 59s    
step 00277 (45.6%) | loss: 3.452522 | lrm: 1.00 | dt: 934ms | tok/sec: 35,084 | epoch: 1 | remaining: 58s    
step 00278 (45.7%) | loss: 3.454877 | lrm: 1.00 | dt: 940ms | tok/sec: 34,877 | epoch: 1 | remaining: 57s    
step 00279 (45.9%) | loss: 3.443488 | lrm: 1.00 | dt: 824ms | tok/sec: 39,758 | epoch: 1 | remaining: 56s    
step 00280 (46.1%) | loss: 3.447940 | lrm: 1.00 | dt: 886ms | tok/sec: 36,979 | epoch: 1 | remaining: 55s    
step 00281 (46.2%) | loss: 3.452348 | lrm: 1.00 | dt: 901ms | tok/sec: 36,385 | epoch: 1 | remaining: 54s    
step 00282 (46.4%) | loss: 3.445832 | lrm: 1.00 | dt: 937ms | tok/sec: 34,964 | epoch: 1 | remaining: 53s    
step 00283 (46.5%) | loss: 3.441406 | lrm: 1.00 | dt: 868ms | tok/sec: 37,750 | epoch: 1 | remaining: 52s    
step 00284 (46.7%) | loss: 3.440873 | lrm: 1.00 | dt: 909ms | tok/sec: 36,058 | epoch: 1 | remaining: 51s    
step 00285 (46.9%) | loss: 3.446258 | lrm: 1.00 | dt: 1002ms | tok/sec: 32,714 | epoch: 1 | remaining: 50s    
step 00286 (47.0%) | loss: 3.447355 | lrm: 1.00 | dt: 981ms | tok/sec: 33,404 | epoch: 1 | remaining: 49s    
step 00287 (47.2%) | loss: 3.446422 | lrm: 1.00 | dt: 902ms | tok/sec: 36,335 | epoch: 1 | remaining: 48s    
step 00288 (47.4%) | loss: 3.440318 | lrm: 1.00 | dt: 951ms | tok/sec: 34,458 | epoch: 1 | remaining: 48s    
step 00289 (47.5%) | loss: 3.427147 | lrm: 1.00 | dt: 1021ms | tok/sec: 32,080 | epoch: 1 | remaining: 47s    
step 00290 (47.7%) | loss: 3.422074 | lrm: 1.00 | dt: 924ms | tok/sec: 35,476 | epoch: 1 | remaining: 46s    
step 00291 (47.9%) | loss: 3.424245 | lrm: 1.00 | dt: 979ms | tok/sec: 33,454 | epoch: 1 | remaining: 45s    
step 00292 (48.0%) | loss: 3.413361 | lrm: 1.00 | dt: 1017ms | tok/sec: 32,214 | epoch: 1 | remaining: 44s    
step 00293 (48.2%) | loss: 3.408353 | lrm: 1.00 | dt: 923ms | tok/sec: 35,486 | epoch: 1 | remaining: 43s    
step 00294 (48.4%) | loss: 3.409952 | lrm: 1.00 | dt: 958ms | tok/sec: 34,188 | epoch: 1 | remaining: 42s    
step 00295 (48.5%) | loss: 3.404858 | lrm: 1.00 | dt: 983ms | tok/sec: 33,324 | epoch: 1 | remaining: 41s    
step 00296 (48.7%) | loss: 3.402017 | lrm: 1.00 | dt: 990ms | tok/sec: 33,090 | epoch: 1 | remaining: 40s    
step 00297 (48.8%) | loss: 3.402265 | lrm: 1.00 | dt: 1026ms | tok/sec: 31,936 | epoch: 1 | remaining: 39s    
step 00298 (49.0%) | loss: 3.398736 | lrm: 1.00 | dt: 965ms | tok/sec: 33,965 | epoch: 1 | remaining: 38s    
step 00299 (49.2%) | loss: 3.399648 | lrm: 1.00 | dt: 899ms | tok/sec: 36,461 | epoch: 1 | remaining: 37s    
step 00300 (49.3%) | loss: 3.400223 | lrm: 1.00 | dt: 868ms | tok/sec: 37,747 | epoch: 1 | remaining: 36s    
step 00301 (49.5%) | loss: 3.404697 | lrm: 1.00 | dt: 901ms | tok/sec: 36,363 | epoch: 1 | remaining: 35s    
step 00302 (49.7%) | loss: 3.407938 | lrm: 1.00 | dt: 902ms | tok/sec: 36,339 | epoch: 1 | remaining: 34s    
step 00303 (49.8%) | loss: 3.412542 | lrm: 1.00 | dt: 886ms | tok/sec: 36,982 | epoch: 1 | remaining: 33s    
step 00304 (50.0%) | loss: 3.412956 | lrm: 1.00 | dt: 837ms | tok/sec: 39,165 | epoch: 1 | remaining: 32s    
step 00305 (50.2%) | loss: 3.419153 | lrm: 1.00 | dt: 840ms | tok/sec: 38,988 | epoch: 1 | remaining: 32s    
step 00306 (50.3%) | loss: 3.412626 | lrm: 0.99 | dt: 885ms | tok/sec: 37,041 | epoch: 1 | remaining: 31s    
step 00307 (50.5%) | loss: 3.413995 | lrm: 0.99 | dt: 860ms | tok/sec: 38,104 | epoch: 1 | remaining: 30s    
step 00308 (50.7%) | loss: 3.407948 | lrm: 0.99 | dt: 929ms | tok/sec: 35,254 | epoch: 1 | remaining: 29s    
step 00309 (50.8%) | loss: 3.405617 | lrm: 0.98 | dt: 903ms | tok/sec: 36,306 | epoch: 1 | remaining: 28s    
step 00310 (51.0%) | loss: 3.401461 | lrm: 0.98 | dt: 834ms | tok/sec: 39,291 | epoch: 1 | remaining: 27s    
step 00311 (51.2%) | loss: 3.399990 | lrm: 0.98 | dt: 847ms | tok/sec: 38,667 | epoch: 1 | remaining: 26s    
step 00312 (51.3%) | loss: 3.395370 | lrm: 0.97 | dt: 875ms | tok/sec: 37,430 | epoch: 1 | remaining: 25s    
step 00313 (51.5%) | loss: 3.409866 | lrm: 0.97 | dt: 853ms | tok/sec: 38,432 | epoch: 1 | remaining: 25s    
step 00314 (51.6%) | loss: 3.413214 | lrm: 0.97 | dt: 875ms | tok/sec: 37,431 | epoch: 1 | remaining: 24s    
step 00315 (51.8%) | loss: 3.408243 | lrm: 0.96 | dt: 870ms | tok/sec: 37,659 | epoch: 1 | remaining: 23s    
step 00316 (52.0%) | loss: 3.406303 | lrm: 0.96 | dt: 886ms | tok/sec: 36,996 | epoch: 1 | remaining: 22s    
step 00317 (52.1%) | loss: 3.399347 | lrm: 0.96 | dt: 918ms | tok/sec: 35,690 | epoch: 1 | remaining: 21s    
step 00318 (52.3%) | loss: 3.393536 | lrm: 0.95 | dt: 924ms | tok/sec: 35,472 | epoch: 1 | remaining: 20s    
step 00319 (52.5%) | loss: 3.394791 | lrm: 0.95 | dt: 905ms | tok/sec: 36,210 | epoch: 1 | remaining: 19s    
step 00320 (52.6%) | loss: 3.398732 | lrm: 0.95 | dt: 910ms | tok/sec: 35,992 | epoch: 1 | remaining: 18s    
step 00321 (52.8%) | loss: 3.394952 | lrm: 0.94 | dt: 943ms | tok/sec: 34,753 | epoch: 1 | remaining: 17s    
step 00322 (53.0%) | loss: 3.394290 | lrm: 0.94 | dt: 914ms | tok/sec: 35,839 | epoch: 1 | remaining: 16s    
step 00323 (53.1%) | loss: 3.392595 | lrm: 0.94 | dt: 911ms | tok/sec: 35,988 | epoch: 1 | remaining: 16s    
step 00324 (53.3%) | loss: 3.388704 | lrm: 0.93 | dt: 892ms | tok/sec: 36,723 | epoch: 1 | remaining: 15s    
step 00325 (53.5%) | loss: 3.384787 | lrm: 0.93 | dt: 893ms | tok/sec: 36,695 | epoch: 1 | remaining: 14s    
step 00326 (53.6%) | loss: 3.381099 | lrm: 0.93 | dt: 898ms | tok/sec: 36,481 | epoch: 1 | remaining: 13s    
step 00327 (53.8%) | loss: 3.379652 | lrm: 0.92 | dt: 875ms | tok/sec: 37,431 | epoch: 1 | remaining: 12s    
step 00328 (53.9%) | loss: 3.372030 | lrm: 0.92 | dt: 834ms | tok/sec: 39,296 | epoch: 1 | remaining: 11s    
step 00329 (54.1%) | loss: 3.379064 | lrm: 0.92 | dt: 855ms | tok/sec: 38,318 | epoch: 1 | remaining: 10s    
step 00330 (54.3%) | loss: 3.383103 | lrm: 0.91 | dt: 874ms | tok/sec: 37,487 | epoch: 1 | remaining: 9s    
step 00331 (54.4%) | loss: 3.374340 | lrm: 0.91 | dt: 860ms | tok/sec: 38,086 | epoch: 1 | remaining: 9s    
step 00332 (54.6%) | loss: 3.369176 | lrm: 0.91 | dt: 882ms | tok/sec: 37,153 | epoch: 1 | remaining: 8s    
step 00333 (54.8%) | loss: 3.354679 | lrm: 0.90 | dt: 862ms | tok/sec: 38,001 | epoch: 1 | remaining: 7s    
step 00334 (54.9%) | loss: 3.348725 | lrm: 0.90 | dt: 854ms | tok/sec: 38,356 | epoch: 1 | remaining: 6s    
step 00335 (55.1%) | loss: 3.343732 | lrm: 0.90 | dt: 893ms | tok/sec: 36,702 | epoch: 1 | remaining: 5s    
step 00336 (55.3%) | loss: 3.347974 | lrm: 0.89 | dt: 931ms | tok/sec: 35,183 | epoch: 1 | remaining: 4s    
step 00337 (55.4%) | loss: 3.349092 | lrm: 0.89 | dt: 994ms | tok/sec: 32,963 | epoch: 1 | remaining: 3s    
step 00338 (55.6%) | loss: 3.350996 | lrm: 0.89 | dt: 973ms | tok/sec: 33,664 | epoch: 1 | remaining: 2s    
step 00339 (55.8%) | loss: 3.353986 | lrm: 0.88 | dt: 978ms | tok/sec: 33,518 | epoch: 1 | remaining: 1s    
step 00340 (55.9%) | loss: 3.354363 | lrm: 0.88 | dt: 970ms | tok/sec: 33,780 | epoch: 1 | remaining: 0s    
step 00341 (56.1%) | loss: 3.345974 | lrm: 0.88 | dt: 1002ms | tok/sec: 32,706 | epoch: 1 | remaining: 0s    
step 00342 (56.2%) | loss: 3.341841 | lrm: 0.88 | dt: 1003ms | tok/sec: 32,654 | epoch: 1 | remaining: 0s    
step 00343 (56.4%) | loss: 3.335635 | lrm: 0.87 | dt: 1033ms | tok/sec: 31,711 | epoch: 1 | remaining: 0s    
step 00344 (56.6%) | loss: 3.334431 | lrm: 0.87 | dt: 1098ms | tok/sec: 29,845 | epoch: 1 | remaining: 0s    
step 00345 (56.7%) | loss: 3.349172 | lrm: 0.87 | dt: 1017ms | tok/sec: 32,207 | epoch: 1 | remaining: 0s    
step 00346 (56.9%) | loss: 3.352253 | lrm: 0.86 | dt: 993ms | tok/sec: 33,005 | epoch: 1 | remaining: 0s    
step 00347 (57.1%) | loss: 3.355161 | lrm: 0.86 | dt: 964ms | tok/sec: 34,004 | epoch: 1 | remaining: 0s    
step 00348 (57.2%) | loss: 3.351221 | lrm: 0.86 | dt: 1019ms | tok/sec: 32,157 | epoch: 1 | remaining: 0s    
step 00349 (57.4%) | loss: 3.353469 | lrm: 0.85 | dt: 1001ms | tok/sec: 32,746 | epoch: 1 | remaining: 0s    
step 00350 (57.6%) | loss: 3.350972 | lrm: 0.85 | dt: 1038ms | tok/sec: 31,560 | epoch: 1 | remaining: 0s    
step 00351 (57.7%) | loss: 3.346484 | lrm: 0.85 | dt: 1016ms | tok/sec: 32,259 | epoch: 1 | remaining: 0s    
step 00352 (57.9%) | loss: 3.344770 | lrm: 0.84 | dt: 1009ms | tok/sec: 32,488 | epoch: 1 | remaining: 0s    
step 00353 (58.1%) | loss: 3.339197 | lrm: 0.84 | dt: 986ms | tok/sec: 33,219 | epoch: 1 | remaining: 0s    
step 00354 (58.2%) | loss: 3.332525 | lrm: 0.84 | dt: 999ms | tok/sec: 32,785 | epoch: 1 | remaining: 0s    
step 00355 (58.4%) | loss: 3.327910 | lrm: 0.83 | dt: 1014ms | tok/sec: 32,300 | epoch: 1 | remaining: 0s    
step 00356 (58.6%) | loss: 3.326216 | lrm: 0.83 | dt: 935ms | tok/sec: 35,063 | epoch: 1 | remaining: 0s    
step 00357 (58.7%) | loss: 3.328301 | lrm: 0.83 | dt: 942ms | tok/sec: 34,796 | epoch: 1 | remaining: 0s    
step 00358 (58.9%) | loss: 3.330719 | lrm: 0.82 | dt: 984ms | tok/sec: 33,315 | epoch: 1 | remaining: 0s    
step 00359 (59.0%) | loss: 3.332121 | lrm: 0.82 | dt: 982ms | tok/sec: 33,362 | epoch: 1 | remaining: 0s    
step 00360 (59.2%) | loss: 3.319991 | lrm: 0.82 | dt: 951ms | tok/sec: 34,456 | epoch: 1 | remaining: 0s    
step 00361 (59.4%) | loss: 3.321083 | lrm: 0.81 | dt: 951ms | tok/sec: 34,471 | epoch: 1 | remaining: 0s    
step 00362 (59.5%) | loss: 3.317891 | lrm: 0.81 | dt: 989ms | tok/sec: 33,116 | epoch: 1 | remaining: 0s    
step 00363 (59.7%) | loss: 3.324353 | lrm: 0.81 | dt: 987ms | tok/sec: 33,206 | epoch: 1 | remaining: 0s    
step 00364 (59.9%) | loss: 3.327995 | lrm: 0.80 | dt: 1038ms | tok/sec: 31,578 | epoch: 1 | remaining: 0s    
step 00365 (60.0%) | loss: 3.319558 | lrm: 0.80 | dt: 1000ms | tok/sec: 32,780 | epoch: 1 | remaining: 0s    
step 00366 (60.2%) | loss: 3.309791 | lrm: 0.80 | dt: 891ms | tok/sec: 36,761 | epoch: 1 | remaining: 0s    
step 00367 (60.4%) | loss: 3.306035 | lrm: 0.79 | dt: 907ms | tok/sec: 36,126 | epoch: 1 | remaining: 0s    
step 00368 (60.5%) | loss: 3.307108 | lrm: 0.79 | dt: 934ms | tok/sec: 35,071 | epoch: 1 | remaining: 0s    
step 00369 (60.7%) | loss: 3.304149 | lrm: 0.79 | dt: 960ms | tok/sec: 34,146 | epoch: 1 | remaining: 0s    
step 00370 (60.9%) | loss: 3.307269 | lrm: 0.78 | dt: 908ms | tok/sec: 36,077 | epoch: 1 | remaining: 0s    
step 00371 (61.0%) | loss: 3.308821 | lrm: 0.78 | dt: 915ms | tok/sec: 35,797 | epoch: 1 | remaining: 0s    
step 00372 (61.2%) | loss: 3.306791 | lrm: 0.78 | dt: 907ms | tok/sec: 36,113 | epoch: 1 | remaining: 0s    
step 00373 (61.3%) | loss: 3.298322 | lrm: 0.77 | dt: 905ms | tok/sec: 36,217 | epoch: 1 | remaining: 0s    
step 00374 (61.5%) | loss: 3.301675 | lrm: 0.77 | dt: 974ms | tok/sec: 33,659 | epoch: 1 | remaining: 0s    
step 00375 (61.7%) | loss: 3.293914 | lrm: 0.77 | dt: 907ms | tok/sec: 36,143 | epoch: 1 | remaining: 0s    
step 00376 (61.8%) | loss: 3.291436 | lrm: 0.76 | dt: 908ms | tok/sec: 36,068 | epoch: 1 | remaining: 0s    
step 00377 (62.0%) | loss: 3.295350 | lrm: 0.76 | dt: 908ms | tok/sec: 36,076 | epoch: 1 | remaining: 0s    
step 00378 (62.2%) | loss: 3.300450 | lrm: 0.76 | dt: 876ms | tok/sec: 37,405 | epoch: 1 | remaining: 0s    
step 00379 (62.3%) | loss: 3.301872 | lrm: 0.75 | dt: 848ms | tok/sec: 38,663 | epoch: 1 | remaining: 0s    
step 00380 (62.5%) | loss: 3.300828 | lrm: 0.75 | dt: 934ms | tok/sec: 35,100 | epoch: 1 | remaining: 0s    
step 00381 (62.7%) | loss: 3.305455 | lrm: 0.75 | dt: 995ms | tok/sec: 32,921 | epoch: 1 | remaining: 0s    
step 00382 (62.8%) | loss: 3.295400 | lrm: 0.74 | dt: 917ms | tok/sec: 35,722 | epoch: 1 | remaining: 0s    
step 00383 (63.0%) | loss: 3.294328 | lrm: 0.74 | dt: 911ms | tok/sec: 35,986 | epoch: 1 | remaining: 0s    
step 00384 (63.2%) | loss: 3.287591 | lrm: 0.74 | dt: 904ms | tok/sec: 36,243 | epoch: 1 | remaining: 0s    
step 00385 (63.3%) | loss: 3.291114 | lrm: 0.73 | dt: 892ms | tok/sec: 36,727 | epoch: 1 | remaining: 0s    
step 00386 (63.5%) | loss: 3.291878 | lrm: 0.73 | dt: 891ms | tok/sec: 36,786 | epoch: 1 | remaining: 0s    
step 00387 (63.7%) | loss: 3.290330 | lrm: 0.73 | dt: 1454ms | tok/sec: 22,534 | epoch: 1 | remaining: 0s    
step 00388 (63.8%) | loss: 3.292359 | lrm: 0.72 | dt: 571ms | tok/sec: 57,389 | epoch: 1 | remaining: 0s    
step 00389 (64.0%) | loss: 3.295020 | lrm: 0.72 | dt: 548ms | tok/sec: 59,760 | epoch: 1 | remaining: 0s    
step 00390 (64.1%) | loss: 3.290801 | lrm: 0.72 | dt: 820ms | tok/sec: 39,973 | epoch: 1 | remaining: 0s    
step 00391 (64.3%) | loss: 3.281966 | lrm: 0.71 | dt: 1274ms | tok/sec: 25,728 | epoch: 1 | remaining: 0s    
step 00392 (64.5%) | loss: 3.277726 | lrm: 0.71 | dt: 1084ms | tok/sec: 30,226 | epoch: 1 | remaining: 0s    
step 00393 (64.6%) | loss: 3.286822 | lrm: 0.71 | dt: 777ms | tok/sec: 42,161 | epoch: 1 | remaining: 0s    
step 00394 (64.8%) | loss: 3.284381 | lrm: 0.70 | dt: 762ms | tok/sec: 42,989 | epoch: 1 | remaining: 0s    
step 00395 (65.0%) | loss: 3.279070 | lrm: 0.70 | dt: 877ms | tok/sec: 37,379 | epoch: 1 | remaining: 0s    
step 00396 (65.1%) | loss: 3.279697 | lrm: 0.70 | dt: 1109ms | tok/sec: 29,547 | epoch: 1 | remaining: 0s    
step 00397 (65.3%) | loss: 3.285409 | lrm: 0.69 | dt: 1032ms | tok/sec: 31,757 | epoch: 1 | remaining: 0s    
step 00398 (65.5%) | loss: 3.281145 | lrm: 0.69 | dt: 883ms | tok/sec: 37,120 | epoch: 1 | remaining: 0s    
step 00399 (65.6%) | loss: 3.288629 | lrm: 0.69 | dt: 824ms | tok/sec: 39,767 | epoch: 1 | remaining: 0s    
step 00400 (65.8%) | loss: 3.288008 | lrm: 0.68 | dt: 910ms | tok/sec: 36,021 | epoch: 1 | remaining: 0s    
step 00401 (66.0%) | loss: 3.280131 | lrm: 0.68 | dt: 1015ms | tok/sec: 32,279 | epoch: 1 | remaining: 0s    
step 00402 (66.1%) | loss: 3.276096 | lrm: 0.68 | dt: 998ms | tok/sec: 32,824 | epoch: 1 | remaining: 0s    
step 00403 (66.3%) | loss: 3.275179 | lrm: 0.67 | dt: 859ms | tok/sec: 38,164 | epoch: 1 | remaining: 0s    
step 00404 (66.4%) | loss: 3.272120 | lrm: 0.67 | dt: 851ms | tok/sec: 38,506 | epoch: 1 | remaining: 0s    
step 00405 (66.6%) | loss: 3.274369 | lrm: 0.67 | dt: 978ms | tok/sec: 33,502 | epoch: 1 | remaining: 0s    
step 00406 (66.8%) | loss: 3.264126 | lrm: 0.66 | dt: 1030ms | tok/sec: 31,815 | epoch: 1 | remaining: 0s    
step 00407 (66.9%) | loss: 3.271454 | lrm: 0.66 | dt: 917ms | tok/sec: 35,738 | epoch: 1 | remaining: 0s    
step 00408 (67.1%) | loss: 3.277151 | lrm: 0.66 | dt: 902ms | tok/sec: 36,329 | epoch: 1 | remaining: 0s    
step 00409 (67.3%) | loss: 3.275791 | lrm: 0.65 | dt: 901ms | tok/sec: 36,352 | epoch: 1 | remaining: 0s    
step 00410 (67.4%) | loss: 3.280910 | lrm: 0.65 | dt: 997ms | tok/sec: 32,855 | epoch: 1 | remaining: 0s    
step 00411 (67.6%) | loss: 3.283728 | lrm: 0.65 | dt: 1033ms | tok/sec: 31,715 | epoch: 1 | remaining: 0s    
step 00412 (67.8%) | loss: 3.288129 | lrm: 0.64 | dt: 1018ms | tok/sec: 32,193 | epoch: 1 | remaining: 0s    
step 00413 (67.9%) | loss: 3.298007 | lrm: 0.64 | dt: 900ms | tok/sec: 36,424 | epoch: 1 | remaining: 0s    
step 00414 (68.1%) | loss: 3.300016 | lrm: 0.64 | dt: 900ms | tok/sec: 36,395 | epoch: 1 | remaining: 0s    
step 00415 (68.3%) | loss: 3.299492 | lrm: 0.63 | dt: 1004ms | tok/sec: 32,622 | epoch: 1 | remaining: 0s    
step 00416 (68.4%) | loss: 3.294086 | lrm: 0.63 | dt: 1017ms | tok/sec: 32,230 | epoch: 1 | remaining: 0s    
step 00417 (68.6%) | loss: 3.287815 | lrm: 0.63 | dt: 920ms | tok/sec: 35,625 | epoch: 1 | remaining: 0s    
step 00418 (68.8%) | loss: 3.274268 | lrm: 0.62 | dt: 1007ms | tok/sec: 32,526 | epoch: 1 | remaining: 0s    
step 00419 (68.9%) | loss: 3.272831 | lrm: 0.62 | dt: 977ms | tok/sec: 33,539 | epoch: 1 | remaining: 0s    
step 00420 (69.1%) | loss: 3.267463 | lrm: 0.62 | dt: 1116ms | tok/sec: 29,352 | epoch: 1 | remaining: 0s    
step 00421 (69.2%) | loss: 3.260581 | lrm: 0.62 | dt: 990ms | tok/sec: 33,093 | epoch: 1 | remaining: 0s    
step 00422 (69.4%) | loss: 3.259075 | lrm: 0.61 | dt: 902ms | tok/sec: 36,334 | epoch: 1 | remaining: 0s    
step 00423 (69.6%) | loss: 3.256958 | lrm: 0.61 | dt: 938ms | tok/sec: 34,921 | epoch: 1 | remaining: 0s    
step 00424 (69.7%) | loss: 3.263130 | lrm: 0.61 | dt: 1034ms | tok/sec: 31,678 | epoch: 1 | remaining: 0s    
step 00425 (69.9%) | loss: 3.261437 | lrm: 0.60 | dt: 1057ms | tok/sec: 31,001 | epoch: 1 | remaining: 0s    
step 00426 (70.1%) | loss: 3.252811 | lrm: 0.60 | dt: 1012ms | tok/sec: 32,383 | epoch: 1 | remaining: 0s    
step 00427 (70.2%) | loss: 3.249066 | lrm: 0.60 | dt: 932ms | tok/sec: 35,154 | epoch: 1 | remaining: 0s    
step 00428 (70.4%) | loss: 3.253107 | lrm: 0.59 | dt: 975ms | tok/sec: 33,622 | epoch: 1 | remaining: 0s    
step 00429 (70.6%) | loss: 3.257972 | lrm: 0.59 | dt: 983ms | tok/sec: 33,333 | epoch: 1 | remaining: 0s    
step 00430 (70.7%) | loss: 3.253067 | lrm: 0.59 | dt: 910ms | tok/sec: 36,006 | epoch: 1 | remaining: 0s    
step 00431 (70.9%) | loss: 3.252514 | lrm: 0.58 | dt: 958ms | tok/sec: 34,197 | epoch: 1 | remaining: 0s    
step 00432 (71.1%) | loss: 3.253769 | lrm: 0.58 | dt: 965ms | tok/sec: 33,953 | epoch: 1 | remaining: 0s    
step 00433 (71.2%) | loss: 3.260803 | lrm: 0.58 | dt: 998ms | tok/sec: 32,840 | epoch: 1 | remaining: 0s    
step 00434 (71.4%) | loss: 3.259053 | lrm: 0.57 | dt: 1016ms | tok/sec: 32,246 | epoch: 1 | remaining: 0s    
step 00435 (71.5%) | loss: 3.259092 | lrm: 0.57 | dt: 935ms | tok/sec: 35,043 | epoch: 1 | remaining: 0s    
step 00436 (71.7%) | loss: 3.258108 | lrm: 0.57 | dt: 997ms | tok/sec: 32,855 | epoch: 1 | remaining: 0s    
step 00437 (71.9%) | loss: 3.256855 | lrm: 0.56 | dt: 969ms | tok/sec: 33,810 | epoch: 1 | remaining: 0s    
step 00438 (72.0%) | loss: 3.250809 | lrm: 0.56 | dt: 944ms | tok/sec: 34,711 | epoch: 1 | remaining: 0s    
step 00439 (72.2%) | loss: 3.249016 | lrm: 0.56 | dt: 982ms | tok/sec: 33,382 | epoch: 1 | remaining: 0s    
step 00440 (72.4%) | loss: 3.249779 | lrm: 0.55 | dt: 964ms | tok/sec: 33,979 | epoch: 1 | remaining: 0s    
step 00441 (72.5%) | loss: 3.246601 | lrm: 0.55 | dt: 1027ms | tok/sec: 31,893 | epoch: 1 | remaining: 0s    
step 00442 (72.7%) | loss: 3.243209 | lrm: 0.55 | dt: 1008ms | tok/sec: 32,518 | epoch: 1 | remaining: 0s    
step 00443 (72.9%) | loss: 3.241940 | lrm: 0.54 | dt: 908ms | tok/sec: 36,075 | epoch: 1 | remaining: 0s    
step 00444 (73.0%) | loss: 3.233721 | lrm: 0.54 | dt: 923ms | tok/sec: 35,513 | epoch: 1 | remaining: 0s    
step 00445 (73.2%) | loss: 3.231718 | lrm: 0.54 | dt: 969ms | tok/sec: 33,803 | epoch: 1 | remaining: 0s    
step 00446 (73.4%) | loss: 3.227584 | lrm: 0.53 | dt: 966ms | tok/sec: 33,916 | epoch: 1 | remaining: 0s    
step 00447 (73.5%) | loss: 3.223676 | lrm: 0.53 | dt: 917ms | tok/sec: 35,714 | epoch: 1 | remaining: 0s    
step 00448 (73.7%) | loss: 3.218987 | lrm: 0.53 | dt: 916ms | tok/sec: 35,782 | epoch: 1 | remaining: 0s    
step 00449 (73.8%) | loss: 3.232167 | lrm: 0.52 | dt: 931ms | tok/sec: 35,180 | epoch: 1 | remaining: 0s    
step 00450 (74.0%) | loss: 3.226803 | lrm: 0.52 | dt: 911ms | tok/sec: 35,955 | epoch: 1 | remaining: 0s    
step 00451 (74.2%) | loss: 3.232601 | lrm: 0.52 | dt: 905ms | tok/sec: 36,199 | epoch: 1 | remaining: 0s    
step 00452 (74.3%) | loss: 3.230504 | lrm: 0.51 | dt: 886ms | tok/sec: 36,995 | epoch: 1 | remaining: 0s    
step 00453 (74.5%) | loss: 3.232260 | lrm: 0.51 | dt: 895ms | tok/sec: 36,596 | epoch: 1 | remaining: 0s    
step 00454 (74.7%) | loss: 3.223170 | lrm: 0.51 | dt: 919ms | tok/sec: 35,658 | epoch: 1 | remaining: 0s    
step 00455 (74.8%) | loss: 3.216855 | lrm: 0.50 | dt: 1045ms | tok/sec: 31,367 | epoch: 1 | remaining: 0s    
step 00456 (75.0%) | loss: 3.218058 | lrm: 0.50 | dt: 1000ms | tok/sec: 32,769 | epoch: 1 | remaining: 0s    
step 00457 (75.2%) | loss: 3.222857 | lrm: 0.50 | dt: 896ms | tok/sec: 36,563 | epoch: 1 | remaining: 0s    
step 00458 (75.3%) | loss: 3.222932 | lrm: 0.49 | dt: 860ms | tok/sec: 38,086 | epoch: 1 | remaining: 0s    
step 00459 (75.5%) | loss: 3.221843 | lrm: 0.49 | dt: 1000ms | tok/sec: 32,768 | epoch: 1 | remaining: 0s    
step 00460 (75.7%) | loss: 3.214998 | lrm: 0.49 | dt: 976ms | tok/sec: 33,588 | epoch: 1 | remaining: 0s    
step 00461 (75.8%) | loss: 3.212670 | lrm: 0.48 | dt: 1004ms | tok/sec: 32,622 | epoch: 1 | remaining: 0s    
step 00462 (76.0%) | loss: 3.207772 | lrm: 0.48 | dt: 969ms | tok/sec: 33,800 | epoch: 1 | remaining: 0s    
step 00463 (76.2%) | loss: 3.213946 | lrm: 0.48 | dt: 977ms | tok/sec: 33,553 | epoch: 1 | remaining: 0s    
step 00464 (76.3%) | loss: 3.218409 | lrm: 0.47 | dt: 1007ms | tok/sec: 32,542 | epoch: 1 | remaining: 0s    
step 00465 (76.5%) | loss: 3.214516 | lrm: 0.47 | dt: 983ms | tok/sec: 33,320 | epoch: 1 | remaining: 0s    
step 00466 (76.6%) | loss: 3.222588 | lrm: 0.47 | dt: 981ms | tok/sec: 33,398 | epoch: 1 | remaining: 0s    
step 00467 (76.8%) | loss: 3.226281 | lrm: 0.46 | dt: 1008ms | tok/sec: 32,522 | epoch: 1 | remaining: 0s    
step 00468 (77.0%) | loss: 3.215508 | lrm: 0.46 | dt: 975ms | tok/sec: 33,602 | epoch: 1 | remaining: 0s    
step 00469 (77.1%) | loss: 3.206840 | lrm: 0.46 | dt: 952ms | tok/sec: 34,417 | epoch: 1 | remaining: 0s    
step 00470 (77.3%) | loss: 3.201354 | lrm: 0.45 | dt: 965ms | tok/sec: 33,956 | epoch: 1 | remaining: 0s    
step 00471 (77.5%) | loss: 3.193579 | lrm: 0.45 | dt: 985ms | tok/sec: 33,267 | epoch: 1 | remaining: 0s    
step 00472 (77.6%) | loss: 3.186221 | lrm: 0.45 | dt: 925ms | tok/sec: 35,415 | epoch: 1 | remaining: 0s    
step 00473 (77.8%) | loss: 3.178321 | lrm: 0.44 | dt: 979ms | tok/sec: 33,474 | epoch: 1 | remaining: 0s    
step 00474 (78.0%) | loss: 3.172822 | lrm: 0.44 | dt: 937ms | tok/sec: 34,967 | epoch: 1 | remaining: 0s    
step 00475 (78.1%) | loss: 3.175644 | lrm: 0.44 | dt: 933ms | tok/sec: 35,103 | epoch: 1 | remaining: 0s    
step 00476 (78.3%) | loss: 3.177466 | lrm: 0.43 | dt: 956ms | tok/sec: 34,284 | epoch: 1 | remaining: 0s    
step 00477 (78.5%) | loss: 3.177312 | lrm: 0.43 | dt: 906ms | tok/sec: 36,148 | epoch: 1 | remaining: 0s    
step 00478 (78.6%) | loss: 3.184488 | lrm: 0.43 | dt: 921ms | tok/sec: 35,594 | epoch: 1 | remaining: 0s    
step 00479 (78.8%) | loss: 3.187776 | lrm: 0.42 | dt: 847ms | tok/sec: 38,665 | epoch: 1 | remaining: 0s    
step 00480 (78.9%) | loss: 3.180080 | lrm: 0.42 | dt: 894ms | tok/sec: 36,667 | epoch: 1 | remaining: 0s    
step 00481 (79.1%) | loss: 3.180211 | lrm: 0.42 | dt: 909ms | tok/sec: 36,057 | epoch: 1 | remaining: 0s    
step 00482 (79.3%) | loss: 3.186946 | lrm: 0.41 | dt: 926ms | tok/sec: 35,374 | epoch: 1 | remaining: 0s    
step 00483 (79.4%) | loss: 3.180194 | lrm: 0.41 | dt: 954ms | tok/sec: 34,364 | epoch: 1 | remaining: 0s    
step 00484 (79.6%) | loss: 3.177569 | lrm: 0.41 | dt: 911ms | tok/sec: 35,955 | epoch: 1 | remaining: 0s    
step 00485 (79.8%) | loss: 3.173381 | lrm: 0.40 | dt: 905ms | tok/sec: 36,190 | epoch: 1 | remaining: 0s    
step 00486 (79.9%) | loss: 3.169457 | lrm: 0.40 | dt: 862ms | tok/sec: 38,013 | epoch: 1 | remaining: 0s    
step 00487 (80.1%) | loss: 3.165028 | lrm: 0.40 | dt: 925ms | tok/sec: 35,439 | epoch: 1 | remaining: 0s    
step 00488 (80.3%) | loss: 3.166253 | lrm: 0.39 | dt: 913ms | tok/sec: 35,889 | epoch: 1 | remaining: 0s    
step 00489 (80.4%) | loss: 3.166594 | lrm: 0.39 | dt: 918ms | tok/sec: 35,706 | epoch: 1 | remaining: 0s    
step 00490 (80.6%) | loss: 3.162220 | lrm: 0.39 | dt: 1012ms | tok/sec: 32,387 | epoch: 1 | remaining: 0s    
step 00491 (80.8%) | loss: 3.164150 | lrm: 0.38 | dt: 1033ms | tok/sec: 31,726 | epoch: 1 | remaining: 0s    
step 00492 (80.9%) | loss: 3.164855 | lrm: 0.38 | dt: 999ms | tok/sec: 32,800 | epoch: 1 | remaining: 0s    
step 00493 (81.1%) | loss: 3.160942 | lrm: 0.38 | dt: 916ms | tok/sec: 35,769 | epoch: 1 | remaining: 0s    
step 00494 (81.2%) | loss: 3.171944 | lrm: 0.38 | dt: 934ms | tok/sec: 35,091 | epoch: 1 | remaining: 0s    
step 00495 (81.4%) | loss: 3.169490 | lrm: 0.37 | dt: 942ms | tok/sec: 34,772 | epoch: 1 | remaining: 0s    
step 00496 (81.6%) | loss: 3.171860 | lrm: 0.37 | dt: 991ms | tok/sec: 33,076 | epoch: 1 | remaining: 0s    
step 00497 (81.7%) | loss: 3.164168 | lrm: 0.37 | dt: 933ms | tok/sec: 35,116 | epoch: 1 | remaining: 0s    
step 00498 (81.9%) | loss: 3.165722 | lrm: 0.36 | dt: 972ms | tok/sec: 33,697 | epoch: 1 | remaining: 0s    
step 00499 (82.1%) | loss: 3.155930 | lrm: 0.36 | dt: 1016ms | tok/sec: 32,236 | epoch: 1 | remaining: 0s    
step 00500 (82.2%) | loss: 3.158487 | lrm: 0.36 | dt: 1021ms | tok/sec: 32,103 | epoch: 1 | remaining: 0s    
step 00501 (82.4%) | loss: 3.163400 | lrm: 0.35 | dt: 999ms | tok/sec: 32,801 | epoch: 1 | remaining: 0s    
step 00502 (82.6%) | loss: 3.164785 | lrm: 0.35 | dt: 942ms | tok/sec: 34,801 | epoch: 1 | remaining: 0s    
step 00503 (82.7%) | loss: 3.162575 | lrm: 0.35 | dt: 985ms | tok/sec: 33,279 | epoch: 1 | remaining: 0s    
step 00504 (82.9%) | loss: 3.151778 | lrm: 0.34 | dt: 984ms | tok/sec: 33,316 | epoch: 1 | remaining: 0s    
step 00505 (83.1%) | loss: 3.154407 | lrm: 0.34 | dt: 949ms | tok/sec: 34,543 | epoch: 1 | remaining: 0s    
step 00506 (83.2%) | loss: 3.164674 | lrm: 0.34 | dt: 931ms | tok/sec: 35,184 | epoch: 1 | remaining: 0s    
step 00507 (83.4%) | loss: 3.165390 | lrm: 0.33 | dt: 911ms | tok/sec: 35,968 | epoch: 1 | remaining: 0s    
step 00508 (83.6%) | loss: 3.164226 | lrm: 0.33 | dt: 999ms | tok/sec: 32,799 | epoch: 1 | remaining: 0s    
step 00509 (83.7%) | loss: 3.163049 | lrm: 0.33 | dt: 992ms | tok/sec: 33,044 | epoch: 1 | remaining: 0s    
step 00510 (83.9%) | loss: 3.160025 | lrm: 0.32 | dt: 867ms | tok/sec: 37,814 | epoch: 1 | remaining: 0s    
step 00511 (84.0%) | loss: 3.161914 | lrm: 0.32 | dt: 942ms | tok/sec: 34,787 | epoch: 1 | remaining: 0s    
step 00512 (84.2%) | loss: 3.156034 | lrm: 0.32 | dt: 1032ms | tok/sec: 31,760 | epoch: 1 | remaining: 0s    
step 00513 (84.4%) | loss: 3.152116 | lrm: 0.31 | dt: 942ms | tok/sec: 34,773 | epoch: 1 | remaining: 0s    
step 00514 (84.5%) | loss: 3.147081 | lrm: 0.31 | dt: 883ms | tok/sec: 37,121 | epoch: 1 | remaining: 0s    
step 00515 (84.7%) | loss: 3.145758 | lrm: 0.31 | dt: 852ms | tok/sec: 38,465 | epoch: 1 | remaining: 0s    
step 00516 (84.9%) | loss: 3.148805 | lrm: 0.30 | dt: 915ms | tok/sec: 35,803 | epoch: 1 | remaining: 0s    
step 00517 (85.0%) | loss: 3.141132 | lrm: 0.30 | dt: 960ms | tok/sec: 34,143 | epoch: 1 | remaining: 0s    
step 00518 (85.2%) | loss: 3.135509 | lrm: 0.30 | dt: 965ms | tok/sec: 33,952 | epoch: 1 | remaining: 0s    
step 00519 (85.4%) | loss: 3.140285 | lrm: 0.29 | dt: 908ms | tok/sec: 36,082 | epoch: 1 | remaining: 0s    
step 00520 (85.5%) | loss: 3.141308 | lrm: 0.29 | dt: 899ms | tok/sec: 36,468 | epoch: 1 | remaining: 0s    
step 00521 (85.7%) | loss: 3.135338 | lrm: 0.29 | dt: 916ms | tok/sec: 35,789 | epoch: 1 | remaining: 0s    
step 00522 (85.9%) | loss: 3.138392 | lrm: 0.28 | dt: 961ms | tok/sec: 34,106 | epoch: 1 | remaining: 0s    
step 00523 (86.0%) | loss: 3.141108 | lrm: 0.28 | dt: 964ms | tok/sec: 33,996 | epoch: 1 | remaining: 0s    
step 00524 (86.2%) | loss: 3.147631 | lrm: 0.28 | dt: 986ms | tok/sec: 33,248 | epoch: 1 | remaining: 0s    
step 00525 (86.3%) | loss: 3.145606 | lrm: 0.27 | dt: 942ms | tok/sec: 34,782 | epoch: 1 | remaining: 0s    
step 00526 (86.5%) | loss: 3.149163 | lrm: 0.27 | dt: 958ms | tok/sec: 34,197 | epoch: 1 | remaining: 0s    
step 00527 (86.7%) | loss: 3.148791 | lrm: 0.27 | dt: 941ms | tok/sec: 34,810 | epoch: 1 | remaining: 0s    
step 00528 (86.8%) | loss: 3.145452 | lrm: 0.26 | dt: 943ms | tok/sec: 34,759 | epoch: 1 | remaining: 0s    
step 00529 (87.0%) | loss: 3.142679 | lrm: 0.26 | dt: 931ms | tok/sec: 35,183 | epoch: 1 | remaining: 0s    
step 00530 (87.2%) | loss: 3.136364 | lrm: 0.26 | dt: 893ms | tok/sec: 36,690 | epoch: 1 | remaining: 0s    
step 00531 (87.3%) | loss: 3.137397 | lrm: 0.25 | dt: 941ms | tok/sec: 34,816 | epoch: 1 | remaining: 0s    
step 00532 (87.5%) | loss: 3.139629 | lrm: 0.25 | dt: 958ms | tok/sec: 34,210 | epoch: 1 | remaining: 0s    
step 00533 (87.7%) | loss: 3.143727 | lrm: 0.25 | dt: 943ms | tok/sec: 34,741 | epoch: 1 | remaining: 0s    
step 00534 (87.8%) | loss: 3.139161 | lrm: 0.24 | dt: 907ms | tok/sec: 36,109 | epoch: 1 | remaining: 0s    
step 00535 (88.0%) | loss: 3.136555 | lrm: 0.24 | dt: 889ms | tok/sec: 36,877 | epoch: 1 | remaining: 0s    
step 00536 (88.2%) | loss: 3.138996 | lrm: 0.24 | dt: 902ms | tok/sec: 36,339 | epoch: 1 | remaining: 0s    
step 00537 (88.3%) | loss: 3.140203 | lrm: 0.23 | dt: 894ms | tok/sec: 36,659 | epoch: 1 | remaining: 0s    
step 00538 (88.5%) | loss: 3.136615 | lrm: 0.23 | dt: 889ms | tok/sec: 36,844 | epoch: 1 | remaining: 0s    
step 00539 (88.7%) | loss: 3.133080 | lrm: 0.23 | dt: 960ms | tok/sec: 34,133 | epoch: 1 | remaining: 0s    
step 00540 (88.8%) | loss: 3.128376 | lrm: 0.22 | dt: 949ms | tok/sec: 34,521 | epoch: 1 | remaining: 0s    
step 00541 (89.0%) | loss: 3.122886 | lrm: 0.22 | dt: 883ms | tok/sec: 37,098 | epoch: 1 | remaining: 0s    
step 00542 (89.1%) | loss: 3.118727 | lrm: 0.22 | dt: 866ms | tok/sec: 37,823 | epoch: 1 | remaining: 0s    
step 00543 (89.3%) | loss: 3.121054 | lrm: 0.21 | dt: 874ms | tok/sec: 37,491 | epoch: 1 | remaining: 0s    
step 00544 (89.5%) | loss: 3.111549 | lrm: 0.21 | dt: 893ms | tok/sec: 36,686 | epoch: 1 | remaining: 0s    
step 00545 (89.6%) | loss: 3.107580 | lrm: 0.21 | dt: 866ms | tok/sec: 37,838 | epoch: 1 | remaining: 0s    
step 00546 (89.8%) | loss: 3.112579 | lrm: 0.20 | dt: 848ms | tok/sec: 38,653 | epoch: 1 | remaining: 0s    
step 00547 (90.0%) | loss: 3.106476 | lrm: 0.20 | dt: 911ms | tok/sec: 35,977 | epoch: 1 | remaining: 0s    
step 00548 (90.1%) | loss: 3.109357 | lrm: 0.20 | dt: 914ms | tok/sec: 35,866 | epoch: 1 | remaining: 0s    
step 00549 (90.3%) | loss: 3.106715 | lrm: 0.19 | dt: 903ms | tok/sec: 36,279 | epoch: 1 | remaining: 0s    
step 00550 (90.5%) | loss: 3.107289 | lrm: 0.19 | dt: 897ms | tok/sec: 36,549 | epoch: 1 | remaining: 0s    
step 00551 (90.6%) | loss: 3.098390 | lrm: 0.19 | dt: 941ms | tok/sec: 34,840 | epoch: 1 | remaining: 0s    
step 00552 (90.8%) | loss: 3.095805 | lrm: 0.18 | dt: 954ms | tok/sec: 34,334 | epoch: 1 | remaining: 0s    
step 00553 (91.0%) | loss: 3.084910 | lrm: 0.18 | dt: 938ms | tok/sec: 34,938 | epoch: 1 | remaining: 0s    
step 00554 (91.1%) | loss: 3.087562 | lrm: 0.18 | dt: 960ms | tok/sec: 34,140 | epoch: 1 | remaining: 0s    
step 00555 (91.3%) | loss: 3.092159 | lrm: 0.17 | dt: 953ms | tok/sec: 34,386 | epoch: 1 | remaining: 0s    
step 00556 (91.4%) | loss: 3.098655 | lrm: 0.17 | dt: 941ms | tok/sec: 34,839 | epoch: 1 | remaining: 0s    
step 00557 (91.6%) | loss: 3.100862 | lrm: 0.17 | dt: 935ms | tok/sec: 35,049 | epoch: 1 | remaining: 0s    
step 00558 (91.8%) | loss: 3.097526 | lrm: 0.16 | dt: 990ms | tok/sec: 33,110 | epoch: 1 | remaining: 0s    
step 00559 (91.9%) | loss: 3.094809 | lrm: 0.16 | dt: 960ms | tok/sec: 34,129 | epoch: 1 | remaining: 0s    
step 00560 (92.1%) | loss: 3.099687 | lrm: 0.16 | dt: 995ms | tok/sec: 32,945 | epoch: 1 | remaining: 0s    
step 00561 (92.3%) | loss: 3.104255 | lrm: 0.15 | dt: 925ms | tok/sec: 35,426 | epoch: 1 | remaining: 0s    
step 00562 (92.4%) | loss: 3.100307 | lrm: 0.15 | dt: 929ms | tok/sec: 35,257 | epoch: 1 | remaining: 0s    
step 00563 (92.6%) | loss: 3.104264 | lrm: 0.15 | dt: 940ms | tok/sec: 34,856 | epoch: 1 | remaining: 0s    
step 00564 (92.8%) | loss: 3.105864 | lrm: 0.14 | dt: 893ms | tok/sec: 36,705 | epoch: 1 | remaining: 0s    
step 00565 (92.9%) | loss: 3.096466 | lrm: 0.14 | dt: 892ms | tok/sec: 36,748 | epoch: 1 | remaining: 0s    
step 00566 (93.1%) | loss: 3.103001 | lrm: 0.14 | dt: 963ms | tok/sec: 34,017 | epoch: 1 | remaining: 0s    
step 00567 (93.3%) | loss: 3.109136 | lrm: 0.13 | dt: 980ms | tok/sec: 33,452 | epoch: 1 | remaining: 0s    
step 00568 (93.4%) | loss: 3.109646 | lrm: 0.13 | dt: 917ms | tok/sec: 35,748 | epoch: 1 | remaining: 0s    
step 00569 (93.6%) | loss: 3.116227 | lrm: 0.13 | dt: 946ms | tok/sec: 34,634 | epoch: 1 | remaining: 0s    
step 00570 (93.8%) | loss: 3.105289 | lrm: 0.12 | dt: 961ms | tok/sec: 34,108 | epoch: 1 | remaining: 0s    
step 00571 (93.9%) | loss: 3.098443 | lrm: 0.12 | dt: 933ms | tok/sec: 35,106 | epoch: 1 | remaining: 0s    
step 00572 (94.1%) | loss: 3.094492 | lrm: 0.12 | dt: 917ms | tok/sec: 35,748 | epoch: 1 | remaining: 0s    
step 00573 (94.2%) | loss: 3.093717 | lrm: 0.12 | dt: 933ms | tok/sec: 35,114 | epoch: 1 | remaining: 0s    
step 00574 (94.4%) | loss: 3.094542 | lrm: 0.11 | dt: 915ms | tok/sec: 35,829 | epoch: 1 | remaining: 0s    
step 00575 (94.6%) | loss: 3.103451 | lrm: 0.11 | dt: 911ms | tok/sec: 35,958 | epoch: 1 | remaining: 0s    
step 00576 (94.7%) | loss: 3.095831 | lrm: 0.11 | dt: 881ms | tok/sec: 37,178 | epoch: 1 | remaining: 0s    
step 00577 (94.9%) | loss: 3.089148 | lrm: 0.10 | dt: 902ms | tok/sec: 36,344 | epoch: 1 | remaining: 0s    
step 00578 (95.1%) | loss: 3.083650 | lrm: 0.10 | dt: 975ms | tok/sec: 33,600 | epoch: 1 | remaining: 0s    
step 00579 (95.2%) | loss: 3.080252 | lrm: 0.10 | dt: 899ms | tok/sec: 36,444 | epoch: 1 | remaining: 0s    
step 00580 (95.4%) | loss: 3.086454 | lrm: 0.09 | dt: 889ms | tok/sec: 36,854 | epoch: 1 | remaining: 0s    
step 00581 (95.6%) | loss: 3.093994 | lrm: 0.09 | dt: 907ms | tok/sec: 36,134 | epoch: 1 | remaining: 0s    
step 00582 (95.7%) | loss: 3.095274 | lrm: 0.09 | dt: 960ms | tok/sec: 34,133 | epoch: 1 | remaining: 0s    
step 00583 (95.9%) | loss: 3.095707 | lrm: 0.08 | dt: 925ms | tok/sec: 35,436 | epoch: 1 | remaining: 0s    
step 00584 (96.1%) | loss: 3.102549 | lrm: 0.08 | dt: 908ms | tok/sec: 36,091 | epoch: 1 | remaining: 0s    
step 00585 (96.2%) | loss: 3.100423 | lrm: 0.08 | dt: 911ms | tok/sec: 35,969 | epoch: 1 | remaining: 0s    
step 00586 (96.4%) | loss: 3.096876 | lrm: 0.07 | dt: 924ms | tok/sec: 35,469 | epoch: 1 | remaining: 0s    
step 00587 (96.5%) | loss: 3.100862 | lrm: 0.07 | dt: 976ms | tok/sec: 33,556 | epoch: 1 | remaining: 0s    
step 00588 (96.7%) | loss: 3.103842 | lrm: 0.07 | dt: 933ms | tok/sec: 35,124 | epoch: 1 | remaining: 0s    
step 00589 (96.9%) | loss: 3.100609 | lrm: 0.06 | dt: 927ms | tok/sec: 35,350 | epoch: 1 | remaining: 0s    
step 00590 (97.0%) | loss: 3.097216 | lrm: 0.06 | dt: 966ms | tok/sec: 33,915 | epoch: 1 | remaining: 0s    
step 00591 (97.2%) | loss: 3.101224 | lrm: 0.06 | dt: 989ms | tok/sec: 33,141 | epoch: 1 | remaining: 0s    
step 00592 (97.4%) | loss: 3.101097 | lrm: 0.05 | dt: 1003ms | tok/sec: 32,683 | epoch: 1 | remaining: 0s    
step 00593 (97.5%) | loss: 3.096637 | lrm: 0.05 | dt: 981ms | tok/sec: 33,411 | epoch: 1 | remaining: 0s    
step 00594 (97.7%) | loss: 3.088036 | lrm: 0.05 | dt: 994ms | tok/sec: 32,953 | epoch: 1 | remaining: 0s    
step 00595 (97.9%) | loss: 3.080951 | lrm: 0.04 | dt: 1005ms | tok/sec: 32,614 | epoch: 1 | remaining: 0s    
step 00596 (98.0%) | loss: 3.084931 | lrm: 0.04 | dt: 1003ms | tok/sec: 32,683 | epoch: 1 | remaining: 0s    
step 00597 (98.2%) | loss: 3.077232 | lrm: 0.04 | dt: 1040ms | tok/sec: 31,511 | epoch: 1 | remaining: 0s    
step 00598 (98.4%) | loss: 3.072526 | lrm: 0.03 | dt: 1094ms | tok/sec: 29,964 | epoch: 1 | remaining: 0s    
step 00599 (98.5%) | loss: 3.062300 | lrm: 0.03 | dt: 1023ms | tok/sec: 32,031 | epoch: 1 | remaining: 0s    
step 00600 (98.7%) | loss: 3.064563 | lrm: 0.03 | dt: 1060ms | tok/sec: 30,910 | epoch: 1 | remaining: 0s    
step 00601 (98.8%) | loss: 3.066928 | lrm: 0.02 | dt: 1031ms | tok/sec: 31,773 | epoch: 1 | remaining: 0s    
step 00602 (99.0%) | loss: 3.067295 | lrm: 0.02 | dt: 995ms | tok/sec: 32,941 | epoch: 1 | remaining: 0s    
step 00603 (99.2%) | loss: 3.076913 | lrm: 0.02 | dt: 1030ms | tok/sec: 31,802 | epoch: 1 | remaining: 0s    
step 00604 (99.3%) | loss: 3.089335 | lrm: 0.01 | dt: 1036ms | tok/sec: 31,621 | epoch: 1 | remaining: 0s    
step 00605 (99.5%) | loss: 3.087718 | lrm: 0.01 | dt: 1021ms | tok/sec: 32,083 | epoch: 1 | remaining: 0s    
step 00606 (99.7%) | loss: 3.090571 | lrm: 0.01 | dt: 978ms | tok/sec: 33,495 | epoch: 1 | remaining: 0s    
step 00607 (99.8%) | loss: 3.085607 | lrm: 0.00 | dt: 1064ms | tok/sec: 30,807 | epoch: 1 | remaining: 0s    
Training completed in 553.8s
Starting final eval...
Final eval batch size: 256
Final eval completed in 52.8s
WARNING: val_bpb=0.727186 is outside plausible range [1.0, 10.0]
Baseline results written: /Users/ahmadalzaro/.cache/autoresearch-arabic/baseline_results.json
---
val_bpb:          0.727186
training_seconds: 553.7
total_seconds:    607.6
peak_vram_mb:     19043.7
mfu_percent:      0.00
total_tokens_M:   19.9
num_steps:        608
num_params_M:     5.0
total_eval_nats:  4791851.500000
total_eval_bytes: 9506751
total_valid_tokens: 1568355
depth:            4
