Condition: d1
Data/tokenizer loaded in 0.3s
Time budget: 300s
Gradient accumulation steps: 1
Model compiled in 0.6s

step 00000 (0.0%) | loss: 9.010780 | lrm: 1.00 | dt: 554ms | tok/sec: 59,192 | epoch: 1 | remaining: 300s    
step 00001 (0.2%) | loss: 8.989060 | lrm: 1.00 | dt: 298ms | tok/sec: 110,001 | epoch: 1 | remaining: 300s    
step 00002 (0.3%) | loss: 8.610891 | lrm: 1.00 | dt: 279ms | tok/sec: 117,273 | epoch: 1 | remaining: 299s    
step 00003 (0.5%) | loss: 8.251540 | lrm: 1.00 | dt: 277ms | tok/sec: 118,215 | epoch: 1 | remaining: 299s    
step 00004 (0.7%) | loss: 7.959282 | lrm: 1.00 | dt: 297ms | tok/sec: 110,201 | epoch: 1 | remaining: 299s    
step 00005 (0.8%) | loss: 7.709356 | lrm: 1.00 | dt: 332ms | tok/sec: 98,563 | epoch: 1 | remaining: 299s    
step 00006 (1.0%) | loss: 7.499668 | lrm: 1.00 | dt: 315ms | tok/sec: 104,060 | epoch: 1 | remaining: 298s    
step 00007 (1.2%) | loss: 7.320589 | lrm: 1.00 | dt: 310ms | tok/sec: 105,824 | epoch: 1 | remaining: 298s    
step 00008 (1.3%) | loss: 7.184385 | lrm: 1.00 | dt: 312ms | tok/sec: 104,914 | epoch: 1 | remaining: 298s    
step 00009 (1.5%) | loss: 7.066540 | lrm: 1.00 | dt: 329ms | tok/sec: 99,697 | epoch: 1 | remaining: 297s    
step 00010 (1.6%) | loss: 6.991137 | lrm: 1.00 | dt: 318ms | tok/sec: 103,202 | epoch: 1 | remaining: 297s    
step 00011 (1.8%) | loss: 6.902533 | lrm: 1.00 | dt: 336ms | tok/sec: 97,468 | epoch: 1 | remaining: 297s    
step 00012 (2.0%) | loss: 6.836193 | lrm: 1.00 | dt: 351ms | tok/sec: 93,330 | epoch: 1 | remaining: 296s    
step 00013 (2.1%) | loss: 6.777771 | lrm: 1.00 | dt: 331ms | tok/sec: 98,965 | epoch: 1 | remaining: 296s    
step 00014 (2.3%) | loss: 6.726115 | lrm: 1.00 | dt: 335ms | tok/sec: 97,897 | epoch: 1 | remaining: 296s    
step 00015 (2.5%) | loss: 6.684871 | lrm: 1.00 | dt: 340ms | tok/sec: 96,422 | epoch: 1 | remaining: 295s    
step 00016 (2.6%) | loss: 6.644847 | lrm: 1.00 | dt: 1484ms | tok/sec: 22,074 | epoch: 1 | remaining: 294s    
step 00017 (2.8%) | loss: 6.619652 | lrm: 1.00 | dt: 908ms | tok/sec: 36,078 | epoch: 1 | remaining: 293s    
step 00018 (3.0%) | loss: 6.583145 | lrm: 1.00 | dt: 464ms | tok/sec: 70,625 | epoch: 1 | remaining: 292s    
step 00019 (3.1%) | loss: 6.558253 | lrm: 1.00 | dt: 437ms | tok/sec: 74,936 | epoch: 1 | remaining: 292s    
step 00020 (3.3%) | loss: 6.528729 | lrm: 1.00 | dt: 436ms | tok/sec: 75,109 | epoch: 1 | remaining: 292s    
step 00021 (3.5%) | loss: 6.510713 | lrm: 1.00 | dt: 428ms | tok/sec: 76,581 | epoch: 1 | remaining: 291s    
step 00022 (3.6%) | loss: 6.489742 | lrm: 1.00 | dt: 447ms | tok/sec: 73,259 | epoch: 1 | remaining: 291s    
step 00023 (3.8%) | loss: 6.478402 | lrm: 1.00 | dt: 483ms | tok/sec: 67,806 | epoch: 1 | remaining: 290s    
step 00024 (3.9%) | loss: 6.457829 | lrm: 1.00 | dt: 528ms | tok/sec: 62,059 | epoch: 1 | remaining: 290s    
step 00025 (4.1%) | loss: 6.442104 | lrm: 1.00 | dt: 564ms | tok/sec: 58,092 | epoch: 1 | remaining: 289s    
step 00026 (4.3%) | loss: 6.428210 | lrm: 1.00 | dt: 562ms | tok/sec: 58,256 | epoch: 1 | remaining: 288s    
step 00027 (4.4%) | loss: 6.417258 | lrm: 1.00 | dt: 548ms | tok/sec: 59,846 | epoch: 1 | remaining: 288s    
step 00028 (4.6%) | loss: 6.392976 | lrm: 1.00 | dt: 532ms | tok/sec: 61,601 | epoch: 1 | remaining: 287s    
step 00029 (4.8%) | loss: 6.367977 | lrm: 1.00 | dt: 511ms | tok/sec: 64,149 | epoch: 1 | remaining: 287s    
step 00030 (4.9%) | loss: 6.333317 | lrm: 1.00 | dt: 507ms | tok/sec: 64,644 | epoch: 1 | remaining: 286s    
step 00031 (5.1%) | loss: 6.297484 | lrm: 1.00 | dt: 517ms | tok/sec: 63,363 | epoch: 1 | remaining: 286s    
step 00032 (5.3%) | loss: 6.263621 | lrm: 1.00 | dt: 525ms | tok/sec: 62,463 | epoch: 1 | remaining: 285s    
step 00033 (5.4%) | loss: 6.229891 | lrm: 1.00 | dt: 530ms | tok/sec: 61,770 | epoch: 1 | remaining: 285s    
step 00034 (5.6%) | loss: 6.183276 | lrm: 1.00 | dt: 531ms | tok/sec: 61,692 | epoch: 1 | remaining: 284s    
step 00035 (5.8%) | loss: 6.136035 | lrm: 1.00 | dt: 526ms | tok/sec: 62,328 | epoch: 1 | remaining: 284s    
step 00036 (5.9%) | loss: 6.084726 | lrm: 1.00 | dt: 510ms | tok/sec: 64,265 | epoch: 1 | remaining: 283s    
step 00037 (6.1%) | loss: 6.039876 | lrm: 1.00 | dt: 507ms | tok/sec: 64,652 | epoch: 1 | remaining: 283s    
step 00038 (6.2%) | loss: 5.996975 | lrm: 1.00 | dt: 509ms | tok/sec: 64,341 | epoch: 1 | remaining: 282s    
step 00039 (6.4%) | loss: 5.960979 | lrm: 1.00 | dt: 518ms | tok/sec: 63,315 | epoch: 1 | remaining: 282s    
step 00040 (6.6%) | loss: 5.910100 | lrm: 1.00 | dt: 531ms | tok/sec: 61,715 | epoch: 1 | remaining: 281s    
step 00041 (6.7%) | loss: 5.873471 | lrm: 1.00 | dt: 545ms | tok/sec: 60,071 | epoch: 1 | remaining: 281s    
step 00042 (6.9%) | loss: 5.815305 | lrm: 1.00 | dt: 559ms | tok/sec: 58,597 | epoch: 1 | remaining: 280s    
step 00043 (7.1%) | loss: 5.766759 | lrm: 1.00 | dt: 557ms | tok/sec: 58,822 | epoch: 1 | remaining: 280s    
step 00044 (7.2%) | loss: 5.716279 | lrm: 1.00 | dt: 553ms | tok/sec: 59,253 | epoch: 1 | remaining: 279s    
step 00045 (7.4%) | loss: 5.682181 | lrm: 1.00 | dt: 532ms | tok/sec: 61,597 | epoch: 1 | remaining: 278s    
step 00046 (7.6%) | loss: 5.638432 | lrm: 1.00 | dt: 522ms | tok/sec: 62,748 | epoch: 1 | remaining: 278s    
step 00047 (7.7%) | loss: 5.594250 | lrm: 1.00 | dt: 521ms | tok/sec: 62,872 | epoch: 1 | remaining: 277s    
step 00048 (7.9%) | loss: 5.553771 | lrm: 1.00 | dt: 539ms | tok/sec: 60,777 | epoch: 1 | remaining: 277s    
step 00049 (8.1%) | loss: 5.520896 | lrm: 1.00 | dt: 558ms | tok/sec: 58,697 | epoch: 1 | remaining: 276s    
step 00050 (8.2%) | loss: 5.478192 | lrm: 1.00 | dt: 569ms | tok/sec: 57,553 | epoch: 1 | remaining: 276s    
step 00051 (8.4%) | loss: 5.438607 | lrm: 1.00 | dt: 568ms | tok/sec: 57,660 | epoch: 1 | remaining: 275s    
step 00052 (8.6%) | loss: 5.394401 | lrm: 1.00 | dt: 561ms | tok/sec: 58,390 | epoch: 1 | remaining: 275s    
step 00053 (8.7%) | loss: 5.357888 | lrm: 1.00 | dt: 604ms | tok/sec: 54,254 | epoch: 1 | remaining: 274s    
step 00054 (8.9%) | loss: 5.323515 | lrm: 1.00 | dt: 274604ms | tok/sec: 119 | epoch: 1 | remaining: 0s    
step 00055 (9.0%) | loss: 5.288997 | lrm: 1.00 | dt: 387ms | tok/sec: 84,727 | epoch: 1 | remaining: 0s    
step 00056 (9.2%) | loss: 5.257705 | lrm: 1.00 | dt: 391ms | tok/sec: 83,805 | epoch: 1 | remaining: 0s    
step 00057 (9.4%) | loss: 5.223200 | lrm: 1.00 | dt: 420ms | tok/sec: 77,932 | epoch: 1 | remaining: 0s    
step 00058 (9.5%) | loss: 5.202558 | lrm: 1.00 | dt: 447ms | tok/sec: 73,357 | epoch: 1 | remaining: 0s    
step 00059 (9.7%) | loss: 5.175824 | lrm: 1.00 | dt: 504ms | tok/sec: 65,029 | epoch: 1 | remaining: 0s    
step 00060 (9.9%) | loss: 5.141328 | lrm: 1.00 | dt: 625ms | tok/sec: 52,408 | epoch: 1 | remaining: 0s    
step 00061 (10.0%) | loss: 5.113095 | lrm: 1.00 | dt: 610ms | tok/sec: 53,730 | epoch: 1 | remaining: 0s    
step 00062 (10.2%) | loss: 5.083509 | lrm: 1.00 | dt: 312ms | tok/sec: 105,027 | epoch: 1 | remaining: 0s    
step 00063 (10.4%) | loss: 5.065690 | lrm: 1.00 | dt: 281ms | tok/sec: 116,794 | epoch: 1 | remaining: 0s    
step 00064 (10.5%) | loss: 5.040051 | lrm: 1.00 | dt: 277ms | tok/sec: 118,323 | epoch: 1 | remaining: 0s    
step 00065 (10.7%) | loss: 5.014703 | lrm: 1.00 | dt: 278ms | tok/sec: 117,876 | epoch: 1 | remaining: 0s    
step 00066 (10.9%) | loss: 4.993807 | lrm: 1.00 | dt: 284ms | tok/sec: 115,536 | epoch: 1 | remaining: 0s    
step 00067 (11.0%) | loss: 4.965585 | lrm: 1.00 | dt: 279ms | tok/sec: 117,251 | epoch: 1 | remaining: 0s    
step 00068 (11.2%) | loss: 4.943609 | lrm: 1.00 | dt: 281ms | tok/sec: 116,731 | epoch: 1 | remaining: 0s    
step 00069 (11.3%) | loss: 4.919936 | lrm: 1.00 | dt: 281ms | tok/sec: 116,640 | epoch: 1 | remaining: 0s    
step 00070 (11.5%) | loss: 4.896817 | lrm: 1.00 | dt: 285ms | tok/sec: 114,861 | epoch: 1 | remaining: 0s    
step 00071 (11.7%) | loss: 4.871498 | lrm: 1.00 | dt: 290ms | tok/sec: 113,068 | epoch: 1 | remaining: 0s    
step 00072 (11.8%) | loss: 4.850756 | lrm: 1.00 | dt: 277ms | tok/sec: 118,099 | epoch: 1 | remaining: 0s    
step 00073 (12.0%) | loss: 4.828361 | lrm: 1.00 | dt: 279ms | tok/sec: 117,552 | epoch: 1 | remaining: 0s    
step 00074 (12.2%) | loss: 4.802809 | lrm: 1.00 | dt: 289ms | tok/sec: 113,353 | epoch: 1 | remaining: 0s    
step 00075 (12.3%) | loss: 4.780744 | lrm: 1.00 | dt: 282ms | tok/sec: 116,243 | epoch: 1 | remaining: 0s    
step 00076 (12.5%) | loss: 4.763860 | lrm: 1.00 | dt: 291ms | tok/sec: 112,683 | epoch: 1 | remaining: 0s    
step 00077 (12.7%) | loss: 4.739303 | lrm: 1.00 | dt: 280ms | tok/sec: 117,054 | epoch: 1 | remaining: 0s    
step 00078 (12.8%) | loss: 4.722019 | lrm: 1.00 | dt: 283ms | tok/sec: 115,921 | epoch: 1 | remaining: 0s    
step 00079 (13.0%) | loss: 4.708618 | lrm: 1.00 | dt: 283ms | tok/sec: 115,922 | epoch: 1 | remaining: 0s    
step 00080 (13.2%) | loss: 4.685807 | lrm: 1.00 | dt: 281ms | tok/sec: 116,639 | epoch: 1 | remaining: 0s    
step 00081 (13.3%) | loss: 4.668023 | lrm: 1.00 | dt: 280ms | tok/sec: 117,101 | epoch: 1 | remaining: 0s    
step 00082 (13.5%) | loss: 4.652042 | lrm: 1.00 | dt: 280ms | tok/sec: 117,146 | epoch: 1 | remaining: 0s    
step 00083 (13.7%) | loss: 4.631775 | lrm: 1.00 | dt: 283ms | tok/sec: 115,971 | epoch: 1 | remaining: 0s    
step 00084 (13.8%) | loss: 4.611459 | lrm: 1.00 | dt: 282ms | tok/sec: 116,292 | epoch: 1 | remaining: 0s    
step 00085 (14.0%) | loss: 4.590399 | lrm: 1.00 | dt: 283ms | tok/sec: 115,808 | epoch: 1 | remaining: 0s    
step 00086 (14.1%) | loss: 4.563755 | lrm: 1.00 | dt: 280ms | tok/sec: 116,855 | epoch: 1 | remaining: 0s    
step 00087 (14.3%) | loss: 4.554877 | lrm: 1.00 | dt: 282ms | tok/sec: 116,246 | epoch: 1 | remaining: 0s    
step 00088 (14.5%) | loss: 4.536890 | lrm: 1.00 | dt: 278ms | tok/sec: 117,859 | epoch: 1 | remaining: 0s    
step 00089 (14.6%) | loss: 4.531188 | lrm: 1.00 | dt: 279ms | tok/sec: 117,601 | epoch: 1 | remaining: 0s    
step 00090 (14.8%) | loss: 4.520810 | lrm: 1.00 | dt: 279ms | tok/sec: 117,414 | epoch: 1 | remaining: 0s    
step 00091 (15.0%) | loss: 4.507272 | lrm: 1.00 | dt: 280ms | tok/sec: 116,940 | epoch: 1 | remaining: 0s    
step 00092 (15.1%) | loss: 4.507756 | lrm: 1.00 | dt: 283ms | tok/sec: 115,981 | epoch: 1 | remaining: 0s    
step 00093 (15.3%) | loss: 4.488268 | lrm: 1.00 | dt: 283ms | tok/sec: 115,809 | epoch: 1 | remaining: 0s    
step 00094 (15.5%) | loss: 4.478380 | lrm: 1.00 | dt: 283ms | tok/sec: 115,956 | epoch: 1 | remaining: 0s    
step 00095 (15.6%) | loss: 4.460755 | lrm: 1.00 | dt: 290ms | tok/sec: 112,992 | epoch: 1 | remaining: 0s    
step 00096 (15.8%) | loss: 4.444204 | lrm: 1.00 | dt: 279ms | tok/sec: 117,297 | epoch: 1 | remaining: 0s    
step 00097 (16.0%) | loss: 4.422052 | lrm: 1.00 | dt: 279ms | tok/sec: 117,324 | epoch: 1 | remaining: 0s    
step 00098 (16.1%) | loss: 4.406049 | lrm: 1.00 | dt: 280ms | tok/sec: 117,118 | epoch: 1 | remaining: 0s    
step 00099 (16.3%) | loss: 4.387726 | lrm: 1.00 | dt: 284ms | tok/sec: 115,558 | epoch: 1 | remaining: 0s    
step 00100 (16.4%) | loss: 4.370982 | lrm: 1.00 | dt: 281ms | tok/sec: 116,467 | epoch: 1 | remaining: 0s    
step 00101 (16.6%) | loss: 4.355576 | lrm: 1.00 | dt: 281ms | tok/sec: 116,622 | epoch: 1 | remaining: 0s    
step 00102 (16.8%) | loss: 4.346139 | lrm: 1.00 | dt: 283ms | tok/sec: 115,596 | epoch: 1 | remaining: 0s    
step 00103 (16.9%) | loss: 4.330296 | lrm: 1.00 | dt: 281ms | tok/sec: 116,571 | epoch: 1 | remaining: 0s    
step 00104 (17.1%) | loss: 4.312285 | lrm: 1.00 | dt: 278ms | tok/sec: 117,829 | epoch: 1 | remaining: 0s    
step 00105 (17.3%) | loss: 4.298014 | lrm: 1.00 | dt: 280ms | tok/sec: 116,966 | epoch: 1 | remaining: 0s    
step 00106 (17.4%) | loss: 4.289619 | lrm: 1.00 | dt: 280ms | tok/sec: 116,827 | epoch: 1 | remaining: 0s    
step 00107 (17.6%) | loss: 4.281862 | lrm: 1.00 | dt: 281ms | tok/sec: 116,789 | epoch: 1 | remaining: 0s    
step 00108 (17.8%) | loss: 4.267306 | lrm: 1.00 | dt: 284ms | tok/sec: 115,193 | epoch: 1 | remaining: 0s    
step 00109 (17.9%) | loss: 4.257348 | lrm: 1.00 | dt: 285ms | tok/sec: 115,160 | epoch: 1 | remaining: 0s    
step 00110 (18.1%) | loss: 4.241197 | lrm: 1.00 | dt: 281ms | tok/sec: 116,675 | epoch: 1 | remaining: 0s    
step 00111 (18.3%) | loss: 4.228101 | lrm: 1.00 | dt: 284ms | tok/sec: 115,436 | epoch: 1 | remaining: 0s    
step 00112 (18.4%) | loss: 4.225219 | lrm: 1.00 | dt: 278ms | tok/sec: 117,920 | epoch: 1 | remaining: 0s    
step 00113 (18.6%) | loss: 4.203810 | lrm: 1.00 | dt: 282ms | tok/sec: 116,328 | epoch: 1 | remaining: 0s    
step 00114 (18.8%) | loss: 4.183086 | lrm: 1.00 | dt: 289ms | tok/sec: 113,205 | epoch: 1 | remaining: 0s    
step 00115 (18.9%) | loss: 4.167593 | lrm: 1.00 | dt: 282ms | tok/sec: 116,356 | epoch: 1 | remaining: 0s    
step 00116 (19.1%) | loss: 4.149934 | lrm: 1.00 | dt: 281ms | tok/sec: 116,632 | epoch: 1 | remaining: 0s    
step 00117 (19.2%) | loss: 4.141316 | lrm: 1.00 | dt: 280ms | tok/sec: 116,943 | epoch: 1 | remaining: 0s    
step 00118 (19.4%) | loss: 4.139561 | lrm: 1.00 | dt: 282ms | tok/sec: 116,173 | epoch: 1 | remaining: 0s    
step 00119 (19.6%) | loss: 4.124519 | lrm: 1.00 | dt: 282ms | tok/sec: 116,246 | epoch: 1 | remaining: 0s    
step 00120 (19.7%) | loss: 4.110383 | lrm: 1.00 | dt: 278ms | tok/sec: 118,050 | epoch: 1 | remaining: 0s    
step 00121 (19.9%) | loss: 4.099662 | lrm: 1.00 | dt: 281ms | tok/sec: 116,749 | epoch: 1 | remaining: 0s    
step 00122 (20.1%) | loss: 4.086050 | lrm: 1.00 | dt: 284ms | tok/sec: 115,485 | epoch: 1 | remaining: 0s    
step 00123 (20.2%) | loss: 4.075831 | lrm: 1.00 | dt: 280ms | tok/sec: 116,866 | epoch: 1 | remaining: 0s    
step 00124 (20.4%) | loss: 4.065251 | lrm: 1.00 | dt: 283ms | tok/sec: 115,949 | epoch: 1 | remaining: 0s    
step 00125 (20.6%) | loss: 4.056627 | lrm: 1.00 | dt: 282ms | tok/sec: 116,308 | epoch: 1 | remaining: 0s    
step 00126 (20.7%) | loss: 4.059317 | lrm: 1.00 | dt: 281ms | tok/sec: 116,577 | epoch: 1 | remaining: 0s    
step 00127 (20.9%) | loss: 4.037453 | lrm: 1.00 | dt: 290ms | tok/sec: 113,071 | epoch: 1 | remaining: 0s    
step 00128 (21.1%) | loss: 4.031766 | lrm: 1.00 | dt: 278ms | tok/sec: 117,897 | epoch: 1 | remaining: 0s    
step 00129 (21.2%) | loss: 4.023858 | lrm: 1.00 | dt: 282ms | tok/sec: 116,354 | epoch: 1 | remaining: 0s    
step 00130 (21.4%) | loss: 4.015701 | lrm: 1.00 | dt: 281ms | tok/sec: 116,692 | epoch: 1 | remaining: 0s    
step 00131 (21.5%) | loss: 4.000545 | lrm: 1.00 | dt: 281ms | tok/sec: 116,459 | epoch: 1 | remaining: 0s    
step 00132 (21.7%) | loss: 3.988329 | lrm: 1.00 | dt: 283ms | tok/sec: 115,617 | epoch: 1 | remaining: 0s    
step 00133 (21.9%) | loss: 3.976358 | lrm: 1.00 | dt: 281ms | tok/sec: 116,420 | epoch: 1 | remaining: 0s    
step 00134 (22.0%) | loss: 3.969879 | lrm: 1.00 | dt: 283ms | tok/sec: 115,729 | epoch: 1 | remaining: 0s    
step 00135 (22.2%) | loss: 3.960358 | lrm: 1.00 | dt: 281ms | tok/sec: 116,782 | epoch: 1 | remaining: 0s    
step 00136 (22.4%) | loss: 3.944963 | lrm: 1.00 | dt: 278ms | tok/sec: 118,013 | epoch: 1 | remaining: 0s    
step 00137 (22.5%) | loss: 3.936942 | lrm: 1.00 | dt: 282ms | tok/sec: 115,995 | epoch: 1 | remaining: 0s    
step 00138 (22.7%) | loss: 3.930765 | lrm: 1.00 | dt: 281ms | tok/sec: 116,815 | epoch: 1 | remaining: 0s    
step 00139 (22.9%) | loss: 3.930891 | lrm: 1.00 | dt: 283ms | tok/sec: 115,840 | epoch: 1 | remaining: 0s    
step 00140 (23.0%) | loss: 3.923577 | lrm: 1.00 | dt: 281ms | tok/sec: 116,524 | epoch: 1 | remaining: 0s    
step 00141 (23.2%) | loss: 3.919667 | lrm: 1.00 | dt: 283ms | tok/sec: 115,709 | epoch: 1 | remaining: 0s    
step 00142 (23.4%) | loss: 3.916220 | lrm: 1.00 | dt: 285ms | tok/sec: 114,998 | epoch: 1 | remaining: 0s    
step 00143 (23.5%) | loss: 3.901190 | lrm: 1.00 | dt: 281ms | tok/sec: 116,412 | epoch: 1 | remaining: 0s    
step 00144 (23.7%) | loss: 3.888410 | lrm: 1.00 | dt: 279ms | tok/sec: 117,299 | epoch: 1 | remaining: 0s    
step 00145 (23.8%) | loss: 3.879920 | lrm: 1.00 | dt: 281ms | tok/sec: 116,494 | epoch: 1 | remaining: 0s    
step 00146 (24.0%) | loss: 3.871693 | lrm: 1.00 | dt: 283ms | tok/sec: 115,969 | epoch: 1 | remaining: 0s    
step 00147 (24.2%) | loss: 3.866738 | lrm: 1.00 | dt: 280ms | tok/sec: 116,986 | epoch: 1 | remaining: 0s    
step 00148 (24.3%) | loss: 3.868379 | lrm: 1.00 | dt: 281ms | tok/sec: 116,611 | epoch: 1 | remaining: 0s    
step 00149 (24.5%) | loss: 3.858444 | lrm: 1.00 | dt: 283ms | tok/sec: 115,674 | epoch: 1 | remaining: 0s    
step 00150 (24.7%) | loss: 3.851813 | lrm: 1.00 | dt: 280ms | tok/sec: 117,111 | epoch: 1 | remaining: 0s    
step 00151 (24.8%) | loss: 3.846867 | lrm: 1.00 | dt: 283ms | tok/sec: 115,953 | epoch: 1 | remaining: 0s    
step 00152 (25.0%) | loss: 3.845455 | lrm: 1.00 | dt: 278ms | tok/sec: 117,834 | epoch: 1 | remaining: 0s    
step 00153 (25.2%) | loss: 3.846847 | lrm: 1.00 | dt: 282ms | tok/sec: 116,085 | epoch: 1 | remaining: 0s    
step 00154 (25.3%) | loss: 3.835872 | lrm: 1.00 | dt: 284ms | tok/sec: 115,383 | epoch: 1 | remaining: 0s    
step 00155 (25.5%) | loss: 3.823011 | lrm: 1.00 | dt: 282ms | tok/sec: 116,227 | epoch: 1 | remaining: 0s    
step 00156 (25.7%) | loss: 3.811767 | lrm: 1.00 | dt: 285ms | tok/sec: 115,115 | epoch: 1 | remaining: 0s    
step 00157 (25.8%) | loss: 3.800657 | lrm: 1.00 | dt: 281ms | tok/sec: 116,525 | epoch: 1 | remaining: 0s    
step 00158 (26.0%) | loss: 3.801063 | lrm: 1.00 | dt: 283ms | tok/sec: 115,955 | epoch: 1 | remaining: 0s    
step 00159 (26.2%) | loss: 3.800175 | lrm: 1.00 | dt: 284ms | tok/sec: 115,424 | epoch: 1 | remaining: 0s    
step 00160 (26.3%) | loss: 3.804448 | lrm: 1.00 | dt: 280ms | tok/sec: 117,227 | epoch: 1 | remaining: 0s    
step 00161 (26.5%) | loss: 3.803157 | lrm: 1.00 | dt: 280ms | tok/sec: 116,947 | epoch: 1 | remaining: 0s    
step 00162 (26.6%) | loss: 3.801783 | lrm: 1.00 | dt: 283ms | tok/sec: 115,821 | epoch: 1 | remaining: 0s    
step 00163 (26.8%) | loss: 3.789282 | lrm: 1.00 | dt: 281ms | tok/sec: 116,505 | epoch: 1 | remaining: 0s    
step 00164 (27.0%) | loss: 3.778833 | lrm: 1.00 | dt: 282ms | tok/sec: 115,997 | epoch: 1 | remaining: 0s    
step 00165 (27.1%) | loss: 3.771859 | lrm: 1.00 | dt: 288ms | tok/sec: 113,903 | epoch: 1 | remaining: 0s    
step 00166 (27.3%) | loss: 3.761393 | lrm: 1.00 | dt: 284ms | tok/sec: 115,182 | epoch: 1 | remaining: 0s    
step 00167 (27.5%) | loss: 3.760615 | lrm: 1.00 | dt: 281ms | tok/sec: 116,491 | epoch: 1 | remaining: 0s    
step 00168 (27.6%) | loss: 3.758989 | lrm: 1.00 | dt: 278ms | tok/sec: 117,931 | epoch: 1 | remaining: 0s    
step 00169 (27.8%) | loss: 3.749782 | lrm: 1.00 | dt: 279ms | tok/sec: 117,617 | epoch: 1 | remaining: 0s    
step 00170 (28.0%) | loss: 3.738504 | lrm: 1.00 | dt: 282ms | tok/sec: 116,125 | epoch: 1 | remaining: 0s    
step 00171 (28.1%) | loss: 3.745202 | lrm: 1.00 | dt: 282ms | tok/sec: 116,294 | epoch: 1 | remaining: 0s    
step 00172 (28.3%) | loss: 3.738689 | lrm: 1.00 | dt: 296ms | tok/sec: 110,669 | epoch: 1 | remaining: 0s    
step 00173 (28.5%) | loss: 3.733642 | lrm: 1.00 | dt: 306ms | tok/sec: 107,065 | epoch: 1 | remaining: 0s    
step 00174 (28.6%) | loss: 3.728396 | lrm: 1.00 | dt: 326ms | tok/sec: 100,510 | epoch: 1 | remaining: 0s    
step 00175 (28.8%) | loss: 3.722451 | lrm: 1.00 | dt: 310ms | tok/sec: 105,761 | epoch: 1 | remaining: 0s    
step 00176 (28.9%) | loss: 3.720972 | lrm: 1.00 | dt: 309ms | tok/sec: 105,944 | epoch: 1 | remaining: 0s    
step 00177 (29.1%) | loss: 3.725580 | lrm: 1.00 | dt: 318ms | tok/sec: 102,912 | epoch: 1 | remaining: 0s    
step 00178 (29.3%) | loss: 3.722052 | lrm: 1.00 | dt: 303ms | tok/sec: 108,081 | epoch: 1 | remaining: 0s    
step 00179 (29.4%) | loss: 3.715549 | lrm: 1.00 | dt: 312ms | tok/sec: 105,123 | epoch: 1 | remaining: 0s    
step 00180 (29.6%) | loss: 3.709834 | lrm: 1.00 | dt: 302ms | tok/sec: 108,520 | epoch: 1 | remaining: 0s    
step 00181 (29.8%) | loss: 3.701137 | lrm: 1.00 | dt: 296ms | tok/sec: 110,567 | epoch: 1 | remaining: 0s    
step 00182 (29.9%) | loss: 3.705111 | lrm: 1.00 | dt: 308ms | tok/sec: 106,544 | epoch: 1 | remaining: 0s    
step 00183 (30.1%) | loss: 3.700108 | lrm: 1.00 | dt: 308ms | tok/sec: 106,223 | epoch: 1 | remaining: 0s    
step 00184 (30.3%) | loss: 3.706104 | lrm: 1.00 | dt: 312ms | tok/sec: 105,026 | epoch: 1 | remaining: 0s    
step 00185 (30.4%) | loss: 3.697363 | lrm: 1.00 | dt: 318ms | tok/sec: 102,941 | epoch: 1 | remaining: 0s    
step 00186 (30.6%) | loss: 3.690693 | lrm: 1.00 | dt: 315ms | tok/sec: 103,946 | epoch: 1 | remaining: 0s    
step 00187 (30.8%) | loss: 3.682770 | lrm: 1.00 | dt: 309ms | tok/sec: 106,070 | epoch: 1 | remaining: 0s    
step 00188 (30.9%) | loss: 3.675111 | lrm: 1.00 | dt: 306ms | tok/sec: 106,952 | epoch: 1 | remaining: 0s    
step 00189 (31.1%) | loss: 3.673577 | lrm: 1.00 | dt: 312ms | tok/sec: 105,149 | epoch: 1 | remaining: 0s    
step 00190 (31.2%) | loss: 3.666773 | lrm: 1.00 | dt: 315ms | tok/sec: 104,058 | epoch: 1 | remaining: 0s    
step 00191 (31.4%) | loss: 3.659844 | lrm: 1.00 | dt: 318ms | tok/sec: 103,048 | epoch: 1 | remaining: 0s    
step 00192 (31.6%) | loss: 3.651696 | lrm: 1.00 | dt: 327ms | tok/sec: 100,092 | epoch: 1 | remaining: 0s    
step 00193 (31.7%) | loss: 3.639612 | lrm: 1.00 | dt: 328ms | tok/sec: 99,836 | epoch: 1 | remaining: 0s    
step 00194 (31.9%) | loss: 3.641576 | lrm: 1.00 | dt: 337ms | tok/sec: 97,265 | epoch: 1 | remaining: 0s    
step 00195 (32.1%) | loss: 3.638618 | lrm: 1.00 | dt: 337ms | tok/sec: 97,092 | epoch: 1 | remaining: 0s    
step 00196 (32.2%) | loss: 3.642347 | lrm: 1.00 | dt: 330ms | tok/sec: 99,297 | epoch: 1 | remaining: 0s    
step 00197 (32.4%) | loss: 3.640937 | lrm: 1.00 | dt: 324ms | tok/sec: 101,183 | epoch: 1 | remaining: 0s    
step 00198 (32.6%) | loss: 3.631340 | lrm: 1.00 | dt: 328ms | tok/sec: 99,797 | epoch: 1 | remaining: 0s    
step 00199 (32.7%) | loss: 3.624647 | lrm: 1.00 | dt: 325ms | tok/sec: 100,800 | epoch: 1 | remaining: 0s    
step 00200 (32.9%) | loss: 3.616663 | lrm: 1.00 | dt: 331ms | tok/sec: 98,921 | epoch: 1 | remaining: 0s    
step 00201 (33.1%) | loss: 3.611651 | lrm: 1.00 | dt: 337ms | tok/sec: 97,125 | epoch: 1 | remaining: 0s    
step 00202 (33.2%) | loss: 3.609610 | lrm: 1.00 | dt: 325ms | tok/sec: 100,723 | epoch: 1 | remaining: 0s    
step 00203 (33.4%) | loss: 3.604926 | lrm: 1.00 | dt: 327ms | tok/sec: 100,175 | epoch: 1 | remaining: 0s    
step 00204 (33.6%) | loss: 3.603550 | lrm: 1.00 | dt: 333ms | tok/sec: 98,372 | epoch: 1 | remaining: 0s    
step 00205 (33.7%) | loss: 3.603859 | lrm: 1.00 | dt: 346ms | tok/sec: 94,571 | epoch: 1 | remaining: 0s    
step 00206 (33.9%) | loss: 3.606009 | lrm: 1.00 | dt: 377ms | tok/sec: 86,876 | epoch: 1 | remaining: 0s    
step 00207 (34.0%) | loss: 3.597949 | lrm: 1.00 | dt: 402ms | tok/sec: 81,558 | epoch: 1 | remaining: 0s    
step 00208 (34.2%) | loss: 3.598211 | lrm: 1.00 | dt: 423ms | tok/sec: 77,510 | epoch: 1 | remaining: 0s    
step 00209 (34.4%) | loss: 3.592847 | lrm: 1.00 | dt: 430ms | tok/sec: 76,243 | epoch: 1 | remaining: 0s    
step 00210 (34.5%) | loss: 3.591738 | lrm: 1.00 | dt: 406ms | tok/sec: 80,747 | epoch: 1 | remaining: 0s    
step 00211 (34.7%) | loss: 3.585314 | lrm: 1.00 | dt: 381ms | tok/sec: 85,922 | epoch: 1 | remaining: 0s    
step 00212 (34.9%) | loss: 3.580062 | lrm: 1.00 | dt: 365ms | tok/sec: 89,807 | epoch: 1 | remaining: 0s    
step 00213 (35.0%) | loss: 3.585865 | lrm: 1.00 | dt: 351ms | tok/sec: 93,386 | epoch: 1 | remaining: 0s    
step 00214 (35.2%) | loss: 3.581412 | lrm: 1.00 | dt: 348ms | tok/sec: 94,137 | epoch: 1 | remaining: 0s    
step 00215 (35.4%) | loss: 3.573967 | lrm: 1.00 | dt: 338ms | tok/sec: 96,978 | epoch: 1 | remaining: 0s    
step 00216 (35.5%) | loss: 3.575695 | lrm: 1.00 | dt: 331ms | tok/sec: 99,082 | epoch: 1 | remaining: 0s    
step 00217 (35.7%) | loss: 3.576587 | lrm: 1.00 | dt: 335ms | tok/sec: 97,918 | epoch: 1 | remaining: 0s    
step 00218 (35.9%) | loss: 3.574844 | lrm: 1.00 | dt: 336ms | tok/sec: 97,561 | epoch: 1 | remaining: 0s    
step 00219 (36.0%) | loss: 3.561704 | lrm: 1.00 | dt: 345ms | tok/sec: 94,947 | epoch: 1 | remaining: 0s    
step 00220 (36.2%) | loss: 3.580849 | lrm: 1.00 | dt: 355ms | tok/sec: 92,199 | epoch: 1 | remaining: 0s    
step 00221 (36.3%) | loss: 3.578677 | lrm: 1.00 | dt: 366ms | tok/sec: 89,609 | epoch: 1 | remaining: 0s    
step 00222 (36.5%) | loss: 3.581291 | lrm: 1.00 | dt: 382ms | tok/sec: 85,752 | epoch: 1 | remaining: 0s    
step 00223 (36.7%) | loss: 3.585230 | lrm: 1.00 | dt: 400ms | tok/sec: 82,017 | epoch: 1 | remaining: 0s    
step 00224 (36.8%) | loss: 3.571427 | lrm: 1.00 | dt: 438ms | tok/sec: 74,887 | epoch: 1 | remaining: 0s    
step 00225 (37.0%) | loss: 3.564446 | lrm: 1.00 | dt: 448ms | tok/sec: 73,203 | epoch: 1 | remaining: 0s    
step 00226 (37.2%) | loss: 3.553078 | lrm: 1.00 | dt: 445ms | tok/sec: 73,565 | epoch: 1 | remaining: 0s    
step 00227 (37.3%) | loss: 3.553807 | lrm: 1.00 | dt: 428ms | tok/sec: 76,540 | epoch: 1 | remaining: 0s    
step 00228 (37.5%) | loss: 3.551519 | lrm: 1.00 | dt: 400ms | tok/sec: 81,992 | epoch: 1 | remaining: 0s    
step 00229 (37.7%) | loss: 3.548114 | lrm: 1.00 | dt: 381ms | tok/sec: 85,922 | epoch: 1 | remaining: 0s    
step 00230 (37.8%) | loss: 3.540926 | lrm: 1.00 | dt: 366ms | tok/sec: 89,645 | epoch: 1 | remaining: 0s    
step 00231 (38.0%) | loss: 3.539086 | lrm: 1.00 | dt: 369ms | tok/sec: 88,863 | epoch: 1 | remaining: 0s    
step 00232 (38.2%) | loss: 3.535341 | lrm: 1.00 | dt: 366ms | tok/sec: 89,490 | epoch: 1 | remaining: 0s    
step 00233 (38.3%) | loss: 3.530946 | lrm: 1.00 | dt: 370ms | tok/sec: 88,641 | epoch: 1 | remaining: 0s    
step 00234 (38.5%) | loss: 3.521916 | lrm: 1.00 | dt: 373ms | tok/sec: 87,781 | epoch: 1 | remaining: 0s    
step 00235 (38.7%) | loss: 3.517981 | lrm: 1.00 | dt: 387ms | tok/sec: 84,627 | epoch: 1 | remaining: 0s    
step 00236 (38.8%) | loss: 3.517591 | lrm: 1.00 | dt: 406ms | tok/sec: 80,762 | epoch: 1 | remaining: 0s    
step 00237 (39.0%) | loss: 3.521740 | lrm: 1.00 | dt: 422ms | tok/sec: 77,570 | epoch: 1 | remaining: 0s    
step 00238 (39.1%) | loss: 3.513225 | lrm: 1.00 | dt: 436ms | tok/sec: 75,117 | epoch: 1 | remaining: 0s    
step 00239 (39.3%) | loss: 3.508816 | lrm: 1.00 | dt: 447ms | tok/sec: 73,362 | epoch: 1 | remaining: 0s    
step 00240 (39.5%) | loss: 3.512641 | lrm: 1.00 | dt: 434ms | tok/sec: 75,477 | epoch: 1 | remaining: 0s    
step 00241 (39.6%) | loss: 3.510544 | lrm: 1.00 | dt: 422ms | tok/sec: 77,655 | epoch: 1 | remaining: 0s    
step 00242 (39.8%) | loss: 3.507270 | lrm: 1.00 | dt: 402ms | tok/sec: 81,612 | epoch: 1 | remaining: 0s    
step 00243 (40.0%) | loss: 3.496025 | lrm: 1.00 | dt: 401ms | tok/sec: 81,710 | epoch: 1 | remaining: 0s    
step 00244 (40.1%) | loss: 3.497516 | lrm: 1.00 | dt: 387ms | tok/sec: 84,762 | epoch: 1 | remaining: 0s    
step 00245 (40.3%) | loss: 3.489359 | lrm: 1.00 | dt: 382ms | tok/sec: 85,817 | epoch: 1 | remaining: 0s    
step 00246 (40.5%) | loss: 3.493734 | lrm: 1.00 | dt: 392ms | tok/sec: 83,656 | epoch: 1 | remaining: 0s    
step 00247 (40.6%) | loss: 3.492145 | lrm: 1.00 | dt: 386ms | tok/sec: 84,856 | epoch: 1 | remaining: 0s    
step 00248 (40.8%) | loss: 3.493800 | lrm: 1.00 | dt: 400ms | tok/sec: 81,869 | epoch: 1 | remaining: 0s    
step 00249 (41.0%) | loss: 3.491870 | lrm: 1.00 | dt: 420ms | tok/sec: 77,988 | epoch: 1 | remaining: 0s    
step 00250 (41.1%) | loss: 3.495711 | lrm: 1.00 | dt: 447ms | tok/sec: 73,293 | epoch: 1 | remaining: 0s    
step 00251 (41.3%) | loss: 3.505311 | lrm: 1.00 | dt: 476ms | tok/sec: 68,800 | epoch: 1 | remaining: 0s    
step 00252 (41.4%) | loss: 3.489453 | lrm: 1.00 | dt: 485ms | tok/sec: 67,544 | epoch: 1 | remaining: 0s    
step 00253 (41.6%) | loss: 3.482733 | lrm: 1.00 | dt: 481ms | tok/sec: 68,097 | epoch: 1 | remaining: 0s    
step 00254 (41.8%) | loss: 3.480678 | lrm: 1.00 | dt: 462ms | tok/sec: 70,884 | epoch: 1 | remaining: 0s    
step 00255 (41.9%) | loss: 3.486483 | lrm: 1.00 | dt: 435ms | tok/sec: 75,313 | epoch: 1 | remaining: 0s    
step 00256 (42.1%) | loss: 3.483443 | lrm: 1.00 | dt: 422ms | tok/sec: 77,739 | epoch: 1 | remaining: 0s    
step 00257 (42.3%) | loss: 3.473865 | lrm: 1.00 | dt: 410ms | tok/sec: 79,948 | epoch: 1 | remaining: 0s    
step 00258 (42.4%) | loss: 3.476975 | lrm: 1.00 | dt: 405ms | tok/sec: 80,917 | epoch: 1 | remaining: 0s    
step 00259 (42.6%) | loss: 3.470845 | lrm: 1.00 | dt: 410ms | tok/sec: 79,863 | epoch: 1 | remaining: 0s    
step 00260 (42.8%) | loss: 3.473701 | lrm: 1.00 | dt: 412ms | tok/sec: 79,528 | epoch: 1 | remaining: 0s    
step 00261 (42.9%) | loss: 3.472794 | lrm: 1.00 | dt: 419ms | tok/sec: 78,191 | epoch: 1 | remaining: 0s    
step 00262 (43.1%) | loss: 3.468621 | lrm: 1.00 | dt: 437ms | tok/sec: 74,908 | epoch: 1 | remaining: 0s    
step 00263 (43.3%) | loss: 3.464701 | lrm: 1.00 | dt: 459ms | tok/sec: 71,347 | epoch: 1 | remaining: 0s    
step 00264 (43.4%) | loss: 3.462714 | lrm: 1.00 | dt: 472ms | tok/sec: 69,444 | epoch: 1 | remaining: 0s    
step 00265 (43.6%) | loss: 3.459930 | lrm: 1.00 | dt: 470ms | tok/sec: 69,738 | epoch: 1 | remaining: 0s    
step 00266 (43.8%) | loss: 3.458622 | lrm: 1.00 | dt: 474ms | tok/sec: 69,178 | epoch: 1 | remaining: 0s    
step 00267 (43.9%) | loss: 3.454227 | lrm: 1.00 | dt: 470ms | tok/sec: 69,701 | epoch: 1 | remaining: 0s    
step 00268 (44.1%) | loss: 3.457001 | lrm: 1.00 | dt: 457ms | tok/sec: 71,716 | epoch: 1 | remaining: 0s    
step 00269 (44.2%) | loss: 3.453343 | lrm: 1.00 | dt: 448ms | tok/sec: 73,220 | epoch: 1 | remaining: 0s    
step 00270 (44.4%) | loss: 3.452730 | lrm: 1.00 | dt: 452ms | tok/sec: 72,552 | epoch: 1 | remaining: 0s    
step 00271 (44.6%) | loss: 3.452916 | lrm: 1.00 | dt: 439ms | tok/sec: 74,615 | epoch: 1 | remaining: 0s    
step 00272 (44.7%) | loss: 3.453733 | lrm: 1.00 | dt: 442ms | tok/sec: 74,197 | epoch: 1 | remaining: 0s    
step 00273 (44.9%) | loss: 3.451994 | lrm: 1.00 | dt: 449ms | tok/sec: 72,933 | epoch: 1 | remaining: 0s    
step 00274 (45.1%) | loss: 3.448952 | lrm: 1.00 | dt: 462ms | tok/sec: 70,928 | epoch: 1 | remaining: 0s    
step 00275 (45.2%) | loss: 3.446915 | lrm: 1.00 | dt: 461ms | tok/sec: 71,022 | epoch: 1 | remaining: 0s    
step 00276 (45.4%) | loss: 3.448615 | lrm: 1.00 | dt: 491ms | tok/sec: 66,692 | epoch: 1 | remaining: 0s    
step 00277 (45.6%) | loss: 3.448645 | lrm: 1.00 | dt: 500ms | tok/sec: 65,575 | epoch: 1 | remaining: 0s    
step 00278 (45.7%) | loss: 3.450576 | lrm: 1.00 | dt: 510ms | tok/sec: 64,307 | epoch: 1 | remaining: 0s    
step 00279 (45.9%) | loss: 3.439679 | lrm: 1.00 | dt: 510ms | tok/sec: 64,242 | epoch: 1 | remaining: 0s    
step 00280 (46.1%) | loss: 3.443666 | lrm: 1.00 | dt: 487ms | tok/sec: 67,228 | epoch: 1 | remaining: 0s    
step 00281 (46.2%) | loss: 3.446583 | lrm: 1.00 | dt: 484ms | tok/sec: 67,668 | epoch: 1 | remaining: 0s    
step 00282 (46.4%) | loss: 3.439633 | lrm: 1.00 | dt: 475ms | tok/sec: 68,917 | epoch: 1 | remaining: 0s    
step 00283 (46.5%) | loss: 3.434433 | lrm: 1.00 | dt: 468ms | tok/sec: 69,988 | epoch: 1 | remaining: 0s    
step 00284 (46.7%) | loss: 3.433206 | lrm: 1.00 | dt: 476ms | tok/sec: 68,870 | epoch: 1 | remaining: 0s    
step 00285 (46.9%) | loss: 3.438301 | lrm: 1.00 | dt: 478ms | tok/sec: 68,516 | epoch: 1 | remaining: 0s    
step 00286 (47.0%) | loss: 3.438996 | lrm: 1.00 | dt: 491ms | tok/sec: 66,706 | epoch: 1 | remaining: 0s    
step 00287 (47.2%) | loss: 3.437134 | lrm: 1.00 | dt: 505ms | tok/sec: 64,863 | epoch: 1 | remaining: 0s    
step 00288 (47.4%) | loss: 3.431504 | lrm: 1.00 | dt: 513ms | tok/sec: 63,935 | epoch: 1 | remaining: 0s    
step 00289 (47.5%) | loss: 3.418446 | lrm: 1.00 | dt: 506ms | tok/sec: 64,765 | epoch: 1 | remaining: 0s    
step 00290 (47.7%) | loss: 3.414146 | lrm: 1.00 | dt: 515ms | tok/sec: 63,680 | epoch: 1 | remaining: 0s    
step 00291 (47.9%) | loss: 3.415753 | lrm: 1.00 | dt: 511ms | tok/sec: 64,108 | epoch: 1 | remaining: 0s    
step 00292 (48.0%) | loss: 3.405235 | lrm: 1.00 | dt: 506ms | tok/sec: 64,788 | epoch: 1 | remaining: 0s    
step 00293 (48.2%) | loss: 3.401529 | lrm: 1.00 | dt: 499ms | tok/sec: 65,618 | epoch: 1 | remaining: 0s    
step 00294 (48.4%) | loss: 3.403898 | lrm: 1.00 | dt: 500ms | tok/sec: 65,493 | epoch: 1 | remaining: 0s    
step 00295 (48.5%) | loss: 3.399857 | lrm: 1.00 | dt: 516ms | tok/sec: 63,469 | epoch: 1 | remaining: 0s    
step 00296 (48.7%) | loss: 3.398367 | lrm: 1.00 | dt: 526ms | tok/sec: 62,307 | epoch: 1 | remaining: 0s    
step 00297 (48.8%) | loss: 3.398990 | lrm: 1.00 | dt: 533ms | tok/sec: 61,445 | epoch: 1 | remaining: 0s    
step 00298 (49.0%) | loss: 3.395924 | lrm: 1.00 | dt: 535ms | tok/sec: 61,233 | epoch: 1 | remaining: 0s    
step 00299 (49.2%) | loss: 3.396051 | lrm: 1.00 | dt: 544ms | tok/sec: 60,219 | epoch: 1 | remaining: 0s    
step 00300 (49.3%) | loss: 3.396264 | lrm: 1.00 | dt: 548ms | tok/sec: 59,802 | epoch: 1 | remaining: 0s    
step 00301 (49.5%) | loss: 3.400867 | lrm: 1.00 | dt: 539ms | tok/sec: 60,843 | epoch: 1 | remaining: 0s    
step 00302 (49.7%) | loss: 3.404268 | lrm: 1.00 | dt: 522ms | tok/sec: 62,825 | epoch: 1 | remaining: 0s    
step 00303 (49.8%) | loss: 3.408127 | lrm: 1.00 | dt: 525ms | tok/sec: 62,449 | epoch: 1 | remaining: 0s    
step 00304 (50.0%) | loss: 3.408258 | lrm: 1.00 | dt: 542ms | tok/sec: 60,405 | epoch: 1 | remaining: 0s    
step 00305 (50.2%) | loss: 3.413609 | lrm: 1.00 | dt: 603ms | tok/sec: 54,312 | epoch: 1 | remaining: 0s    
step 00306 (50.3%) | loss: 3.406430 | lrm: 0.99 | dt: 651ms | tok/sec: 50,371 | epoch: 1 | remaining: 0s    
step 00307 (50.5%) | loss: 3.407964 | lrm: 0.99 | dt: 621ms | tok/sec: 52,796 | epoch: 1 | remaining: 0s    
step 00308 (50.7%) | loss: 3.402219 | lrm: 0.99 | dt: 599ms | tok/sec: 54,664 | epoch: 1 | remaining: 0s    
step 00309 (50.8%) | loss: 3.400004 | lrm: 0.98 | dt: 601ms | tok/sec: 54,493 | epoch: 1 | remaining: 0s    
step 00310 (51.0%) | loss: 3.395781 | lrm: 0.98 | dt: 596ms | tok/sec: 54,987 | epoch: 1 | remaining: 0s    
step 00311 (51.2%) | loss: 3.394382 | lrm: 0.98 | dt: 586ms | tok/sec: 55,878 | epoch: 1 | remaining: 0s    
step 00312 (51.3%) | loss: 3.389086 | lrm: 0.97 | dt: 567ms | tok/sec: 57,791 | epoch: 1 | remaining: 0s    
step 00313 (51.5%) | loss: 3.403596 | lrm: 0.97 | dt: 577ms | tok/sec: 56,778 | epoch: 1 | remaining: 0s    
step 00314 (51.6%) | loss: 3.407326 | lrm: 0.97 | dt: 584ms | tok/sec: 56,127 | epoch: 1 | remaining: 0s    
step 00315 (51.8%) | loss: 3.402489 | lrm: 0.96 | dt: 590ms | tok/sec: 55,565 | epoch: 1 | remaining: 0s    
step 00316 (52.0%) | loss: 3.399754 | lrm: 0.96 | dt: 590ms | tok/sec: 55,506 | epoch: 1 | remaining: 0s    
step 00317 (52.1%) | loss: 3.393428 | lrm: 0.96 | dt: 620ms | tok/sec: 52,888 | epoch: 1 | remaining: 0s    
step 00318 (52.3%) | loss: 3.388017 | lrm: 0.95 | dt: 631ms | tok/sec: 51,962 | epoch: 1 | remaining: 0s    
step 00319 (52.5%) | loss: 3.389987 | lrm: 0.95 | dt: 662ms | tok/sec: 49,489 | epoch: 1 | remaining: 0s    
step 00320 (52.6%) | loss: 3.394531 | lrm: 0.95 | dt: 691ms | tok/sec: 47,412 | epoch: 1 | remaining: 0s    
step 00321 (52.8%) | loss: 3.391204 | lrm: 0.94 | dt: 646ms | tok/sec: 50,726 | epoch: 1 | remaining: 0s    
step 00322 (53.0%) | loss: 3.390539 | lrm: 0.94 | dt: 632ms | tok/sec: 51,807 | epoch: 1 | remaining: 0s    
step 00323 (53.1%) | loss: 3.388691 | lrm: 0.94 | dt: 643ms | tok/sec: 50,984 | epoch: 1 | remaining: 0s    
step 00324 (53.3%) | loss: 3.385585 | lrm: 0.93 | dt: 641ms | tok/sec: 51,093 | epoch: 1 | remaining: 0s    
step 00325 (53.5%) | loss: 3.380853 | lrm: 0.93 | dt: 654ms | tok/sec: 50,074 | epoch: 1 | remaining: 0s    
step 00326 (53.6%) | loss: 3.376138 | lrm: 0.93 | dt: 654ms | tok/sec: 50,105 | epoch: 1 | remaining: 0s    
step 00327 (53.8%) | loss: 3.374491 | lrm: 0.92 | dt: 674ms | tok/sec: 48,637 | epoch: 1 | remaining: 0s    
step 00328 (53.9%) | loss: 3.366222 | lrm: 0.92 | dt: 669ms | tok/sec: 49,012 | epoch: 1 | remaining: 0s    
step 00329 (54.1%) | loss: 3.373345 | lrm: 0.92 | dt: 668ms | tok/sec: 49,030 | epoch: 1 | remaining: 0s    
step 00330 (54.3%) | loss: 3.378075 | lrm: 0.91 | dt: 666ms | tok/sec: 49,180 | epoch: 1 | remaining: 0s    
step 00331 (54.4%) | loss: 3.369177 | lrm: 0.91 | dt: 661ms | tok/sec: 49,610 | epoch: 1 | remaining: 0s    
step 00332 (54.6%) | loss: 3.362970 | lrm: 0.91 | dt: 671ms | tok/sec: 48,842 | epoch: 1 | remaining: 0s    
step 00333 (54.8%) | loss: 3.348976 | lrm: 0.90 | dt: 672ms | tok/sec: 48,796 | epoch: 1 | remaining: 0s    
step 00334 (54.9%) | loss: 3.342376 | lrm: 0.90 | dt: 699ms | tok/sec: 46,860 | epoch: 1 | remaining: 0s    
step 00335 (55.1%) | loss: 3.337451 | lrm: 0.90 | dt: 715ms | tok/sec: 45,843 | epoch: 1 | remaining: 0s    
step 00336 (55.3%) | loss: 3.341138 | lrm: 0.89 | dt: 755ms | tok/sec: 43,411 | epoch: 1 | remaining: 0s    
step 00337 (55.4%) | loss: 3.341909 | lrm: 0.89 | dt: 734ms | tok/sec: 44,662 | epoch: 1 | remaining: 0s    
step 00338 (55.6%) | loss: 3.344034 | lrm: 0.89 | dt: 721ms | tok/sec: 45,464 | epoch: 1 | remaining: 0s    
step 00339 (55.8%) | loss: 3.346309 | lrm: 0.88 | dt: 735ms | tok/sec: 44,561 | epoch: 1 | remaining: 0s    
step 00340 (55.9%) | loss: 3.347247 | lrm: 0.88 | dt: 745ms | tok/sec: 43,957 | epoch: 1 | remaining: 0s    
step 00341 (56.1%) | loss: 3.338747 | lrm: 0.88 | dt: 720ms | tok/sec: 45,495 | epoch: 1 | remaining: 0s    
step 00342 (56.2%) | loss: 3.335250 | lrm: 0.88 | dt: 738ms | tok/sec: 44,416 | epoch: 1 | remaining: 0s    
step 00343 (56.4%) | loss: 3.328312 | lrm: 0.87 | dt: 753ms | tok/sec: 43,543 | epoch: 1 | remaining: 0s    
step 00344 (56.6%) | loss: 3.327416 | lrm: 0.87 | dt: 751ms | tok/sec: 43,656 | epoch: 1 | remaining: 0s    
step 00345 (56.7%) | loss: 3.341894 | lrm: 0.87 | dt: 704ms | tok/sec: 46,551 | epoch: 1 | remaining: 0s    
step 00346 (56.9%) | loss: 3.345177 | lrm: 0.86 | dt: 706ms | tok/sec: 46,401 | epoch: 1 | remaining: 0s    
step 00347 (57.1%) | loss: 3.348065 | lrm: 0.86 | dt: 715ms | tok/sec: 45,804 | epoch: 1 | remaining: 0s    
step 00348 (57.2%) | loss: 3.343252 | lrm: 0.86 | dt: 727ms | tok/sec: 45,060 | epoch: 1 | remaining: 0s    
step 00349 (57.4%) | loss: 3.345510 | lrm: 0.85 | dt: 762ms | tok/sec: 43,019 | epoch: 1 | remaining: 0s    
step 00350 (57.6%) | loss: 3.342673 | lrm: 0.85 | dt: 757ms | tok/sec: 43,262 | epoch: 1 | remaining: 0s    
step 00351 (57.7%) | loss: 3.337634 | lrm: 0.85 | dt: 792ms | tok/sec: 41,370 | epoch: 1 | remaining: 0s    
step 00352 (57.9%) | loss: 3.335634 | lrm: 0.84 | dt: 843ms | tok/sec: 38,853 | epoch: 1 | remaining: 0s    
step 00353 (58.1%) | loss: 3.329920 | lrm: 0.84 | dt: 750ms | tok/sec: 43,704 | epoch: 1 | remaining: 0s    
step 00354 (58.2%) | loss: 3.323083 | lrm: 0.84 | dt: 749ms | tok/sec: 43,723 | epoch: 1 | remaining: 0s    
step 00355 (58.4%) | loss: 3.318020 | lrm: 0.83 | dt: 730ms | tok/sec: 44,881 | epoch: 1 | remaining: 0s    
step 00356 (58.6%) | loss: 3.316710 | lrm: 0.83 | dt: 780ms | tok/sec: 42,029 | epoch: 1 | remaining: 0s    
step 00357 (58.7%) | loss: 3.318901 | lrm: 0.83 | dt: 718ms | tok/sec: 45,626 | epoch: 1 | remaining: 0s    
step 00358 (58.9%) | loss: 3.321247 | lrm: 0.82 | dt: 730ms | tok/sec: 44,901 | epoch: 1 | remaining: 0s    
step 00359 (59.0%) | loss: 3.323743 | lrm: 0.82 | dt: 793ms | tok/sec: 41,343 | epoch: 1 | remaining: 0s    
step 00360 (59.2%) | loss: 3.311646 | lrm: 0.82 | dt: 798ms | tok/sec: 41,080 | epoch: 1 | remaining: 0s    
step 00361 (59.4%) | loss: 3.312380 | lrm: 0.81 | dt: 769ms | tok/sec: 42,610 | epoch: 1 | remaining: 0s    
step 00362 (59.5%) | loss: 3.309710 | lrm: 0.81 | dt: 776ms | tok/sec: 42,227 | epoch: 1 | remaining: 0s    
step 00363 (59.7%) | loss: 3.316528 | lrm: 0.81 | dt: 812ms | tok/sec: 40,342 | epoch: 1 | remaining: 0s    
step 00364 (59.9%) | loss: 3.320455 | lrm: 0.80 | dt: 830ms | tok/sec: 39,498 | epoch: 1 | remaining: 0s    
step 00365 (60.0%) | loss: 3.312221 | lrm: 0.80 | dt: 865ms | tok/sec: 37,879 | epoch: 1 | remaining: 0s    
step 00366 (60.2%) | loss: 3.301769 | lrm: 0.80 | dt: 827ms | tok/sec: 39,628 | epoch: 1 | remaining: 0s    
step 00367 (60.4%) | loss: 3.298274 | lrm: 0.79 | dt: 826ms | tok/sec: 39,688 | epoch: 1 | remaining: 0s    
step 00368 (60.5%) | loss: 3.299547 | lrm: 0.79 | dt: 856ms | tok/sec: 38,286 | epoch: 1 | remaining: 0s    
step 00369 (60.7%) | loss: 3.296154 | lrm: 0.79 | dt: 843ms | tok/sec: 38,885 | epoch: 1 | remaining: 0s    
step 00370 (60.9%) | loss: 3.298899 | lrm: 0.78 | dt: 844ms | tok/sec: 38,803 | epoch: 1 | remaining: 0s    
step 00371 (61.0%) | loss: 3.300336 | lrm: 0.78 | dt: 823ms | tok/sec: 39,828 | epoch: 1 | remaining: 0s    
step 00372 (61.2%) | loss: 3.297658 | lrm: 0.78 | dt: 830ms | tok/sec: 39,490 | epoch: 1 | remaining: 0s    
step 00373 (61.3%) | loss: 3.290209 | lrm: 0.77 | dt: 820ms | tok/sec: 39,965 | epoch: 1 | remaining: 0s    
step 00374 (61.5%) | loss: 3.293347 | lrm: 0.77 | dt: 842ms | tok/sec: 38,924 | epoch: 1 | remaining: 0s    
step 00375 (61.7%) | loss: 3.285583 | lrm: 0.77 | dt: 874ms | tok/sec: 37,499 | epoch: 1 | remaining: 0s    
step 00376 (61.8%) | loss: 3.282532 | lrm: 0.76 | dt: 905ms | tok/sec: 36,200 | epoch: 1 | remaining: 0s    
step 00377 (62.0%) | loss: 3.286576 | lrm: 0.76 | dt: 893ms | tok/sec: 36,688 | epoch: 1 | remaining: 0s    
step 00378 (62.2%) | loss: 3.291524 | lrm: 0.76 | dt: 827ms | tok/sec: 39,632 | epoch: 1 | remaining: 0s    
step 00379 (62.3%) | loss: 3.292502 | lrm: 0.75 | dt: 824ms | tok/sec: 39,767 | epoch: 1 | remaining: 0s    
step 00380 (62.5%) | loss: 3.291782 | lrm: 0.75 | dt: 873ms | tok/sec: 37,540 | epoch: 1 | remaining: 0s    
step 00381 (62.7%) | loss: 3.296973 | lrm: 0.75 | dt: 852ms | tok/sec: 38,473 | epoch: 1 | remaining: 0s    
step 00382 (62.8%) | loss: 3.285891 | lrm: 0.74 | dt: 799ms | tok/sec: 40,992 | epoch: 1 | remaining: 0s    
step 00383 (63.0%) | loss: 3.284357 | lrm: 0.74 | dt: 891ms | tok/sec: 36,772 | epoch: 1 | remaining: 0s    
step 00384 (63.2%) | loss: 3.278053 | lrm: 0.74 | dt: 832ms | tok/sec: 39,402 | epoch: 1 | remaining: 0s    
step 00385 (63.3%) | loss: 3.281982 | lrm: 0.73 | dt: 772ms | tok/sec: 42,423 | epoch: 1 | remaining: 0s    
step 00386 (63.5%) | loss: 3.282097 | lrm: 0.73 | dt: 763ms | tok/sec: 42,967 | epoch: 1 | remaining: 0s    
step 00387 (63.7%) | loss: 3.280848 | lrm: 0.73 | dt: 1538ms | tok/sec: 21,311 | epoch: 1 | remaining: 0s    
step 00388 (63.8%) | loss: 3.283896 | lrm: 0.72 | dt: 662ms | tok/sec: 49,483 | epoch: 1 | remaining: 0s    
step 00389 (64.0%) | loss: 3.286441 | lrm: 0.72 | dt: 648ms | tok/sec: 50,576 | epoch: 1 | remaining: 0s    
step 00390 (64.1%) | loss: 3.282412 | lrm: 0.72 | dt: 702ms | tok/sec: 46,660 | epoch: 1 | remaining: 0s    
step 00391 (64.3%) | loss: 3.273436 | lrm: 0.71 | dt: 729ms | tok/sec: 44,927 | epoch: 1 | remaining: 0s    
step 00392 (64.5%) | loss: 3.270491 | lrm: 0.71 | dt: 798ms | tok/sec: 41,086 | epoch: 1 | remaining: 0s    
step 00393 (64.6%) | loss: 3.279744 | lrm: 0.71 | dt: 714ms | tok/sec: 45,882 | epoch: 1 | remaining: 0s    
step 00394 (64.8%) | loss: 3.277362 | lrm: 0.70 | dt: 1129ms | tok/sec: 29,031 | epoch: 1 | remaining: 0s    
step 00395 (65.0%) | loss: 3.271809 | lrm: 0.70 | dt: 1096ms | tok/sec: 29,894 | epoch: 1 | remaining: 0s    
step 00396 (65.1%) | loss: 3.272505 | lrm: 0.70 | dt: 731ms | tok/sec: 44,845 | epoch: 1 | remaining: 0s    
step 00397 (65.3%) | loss: 3.277779 | lrm: 0.69 | dt: 686ms | tok/sec: 47,733 | epoch: 1 | remaining: 0s    
step 00398 (65.5%) | loss: 3.273271 | lrm: 0.69 | dt: 784ms | tok/sec: 41,809 | epoch: 1 | remaining: 0s    
step 00399 (65.6%) | loss: 3.280744 | lrm: 0.69 | dt: 964ms | tok/sec: 33,990 | epoch: 1 | remaining: 0s    
step 00400 (65.8%) | loss: 3.279791 | lrm: 0.68 | dt: 986ms | tok/sec: 33,223 | epoch: 1 | remaining: 0s    
step 00401 (66.0%) | loss: 3.272004 | lrm: 0.68 | dt: 859ms | tok/sec: 38,142 | epoch: 1 | remaining: 0s    
step 00402 (66.1%) | loss: 3.267988 | lrm: 0.68 | dt: 771ms | tok/sec: 42,489 | epoch: 1 | remaining: 0s    
step 00403 (66.3%) | loss: 3.267288 | lrm: 0.67 | dt: 887ms | tok/sec: 36,943 | epoch: 1 | remaining: 0s    
step 00404 (66.4%) | loss: 3.263515 | lrm: 0.67 | dt: 1022ms | tok/sec: 32,076 | epoch: 1 | remaining: 0s    
step 00405 (66.6%) | loss: 3.266274 | lrm: 0.67 | dt: 1014ms | tok/sec: 32,306 | epoch: 1 | remaining: 0s    
step 00406 (66.8%) | loss: 3.256078 | lrm: 0.66 | dt: 903ms | tok/sec: 36,306 | epoch: 1 | remaining: 0s    
step 00407 (66.9%) | loss: 3.263670 | lrm: 0.66 | dt: 857ms | tok/sec: 38,257 | epoch: 1 | remaining: 0s    
step 00408 (67.1%) | loss: 3.269268 | lrm: 0.66 | dt: 904ms | tok/sec: 36,231 | epoch: 1 | remaining: 0s    
step 00409 (67.3%) | loss: 3.268261 | lrm: 0.65 | dt: 976ms | tok/sec: 33,585 | epoch: 1 | remaining: 0s    
step 00410 (67.4%) | loss: 3.272540 | lrm: 0.65 | dt: 1028ms | tok/sec: 31,884 | epoch: 1 | remaining: 0s    
step 00411 (67.6%) | loss: 3.275199 | lrm: 0.65 | dt: 923ms | tok/sec: 35,515 | epoch: 1 | remaining: 0s    
step 00412 (67.8%) | loss: 3.280071 | lrm: 0.64 | dt: 929ms | tok/sec: 35,263 | epoch: 1 | remaining: 0s    
step 00413 (67.9%) | loss: 3.290348 | lrm: 0.64 | dt: 941ms | tok/sec: 34,834 | epoch: 1 | remaining: 0s    
step 00414 (68.1%) | loss: 3.292415 | lrm: 0.64 | dt: 995ms | tok/sec: 32,935 | epoch: 1 | remaining: 0s    
step 00415 (68.3%) | loss: 3.291193 | lrm: 0.63 | dt: 1006ms | tok/sec: 32,582 | epoch: 1 | remaining: 0s    
step 00416 (68.4%) | loss: 3.286387 | lrm: 0.63 | dt: 927ms | tok/sec: 35,356 | epoch: 1 | remaining: 0s    
step 00417 (68.6%) | loss: 3.280954 | lrm: 0.63 | dt: 940ms | tok/sec: 34,850 | epoch: 1 | remaining: 0s    
step 00418 (68.8%) | loss: 3.267194 | lrm: 0.62 | dt: 968ms | tok/sec: 33,844 | epoch: 1 | remaining: 0s    
step 00419 (68.9%) | loss: 3.265592 | lrm: 0.62 | dt: 988ms | tok/sec: 33,156 | epoch: 1 | remaining: 0s    
step 00420 (69.1%) | loss: 3.260171 | lrm: 0.62 | dt: 987ms | tok/sec: 33,187 | epoch: 1 | remaining: 0s    
step 00421 (69.2%) | loss: 3.252866 | lrm: 0.62 | dt: 958ms | tok/sec: 34,191 | epoch: 1 | remaining: 0s    
step 00422 (69.4%) | loss: 3.250871 | lrm: 0.61 | dt: 980ms | tok/sec: 33,426 | epoch: 1 | remaining: 0s    
step 00423 (69.6%) | loss: 3.248724 | lrm: 0.61 | dt: 960ms | tok/sec: 34,132 | epoch: 1 | remaining: 0s    
step 00424 (69.7%) | loss: 3.254929 | lrm: 0.61 | dt: 933ms | tok/sec: 35,127 | epoch: 1 | remaining: 0s    
step 00425 (69.9%) | loss: 3.253808 | lrm: 0.60 | dt: 923ms | tok/sec: 35,489 | epoch: 1 | remaining: 0s    
step 00426 (70.1%) | loss: 3.245535 | lrm: 0.60 | dt: 927ms | tok/sec: 35,364 | epoch: 1 | remaining: 0s    
step 00427 (70.2%) | loss: 3.241341 | lrm: 0.60 | dt: 959ms | tok/sec: 34,168 | epoch: 1 | remaining: 0s    
step 00428 (70.4%) | loss: 3.244927 | lrm: 0.59 | dt: 996ms | tok/sec: 32,887 | epoch: 1 | remaining: 0s    
step 00429 (70.6%) | loss: 3.249709 | lrm: 0.59 | dt: 1020ms | tok/sec: 32,126 | epoch: 1 | remaining: 0s    
step 00430 (70.7%) | loss: 3.244600 | lrm: 0.59 | dt: 1008ms | tok/sec: 32,497 | epoch: 1 | remaining: 0s    
step 00431 (70.9%) | loss: 3.244004 | lrm: 0.58 | dt: 1016ms | tok/sec: 32,246 | epoch: 1 | remaining: 0s    
step 00432 (71.1%) | loss: 3.245300 | lrm: 0.58 | dt: 1040ms | tok/sec: 31,505 | epoch: 1 | remaining: 0s    
step 00433 (71.2%) | loss: 3.253471 | lrm: 0.58 | dt: 1060ms | tok/sec: 30,902 | epoch: 1 | remaining: 0s    
step 00434 (71.4%) | loss: 3.251916 | lrm: 0.57 | dt: 1042ms | tok/sec: 31,457 | epoch: 1 | remaining: 0s    
step 00435 (71.5%) | loss: 3.252167 | lrm: 0.57 | dt: 1016ms | tok/sec: 32,246 | epoch: 1 | remaining: 0s    
step 00436 (71.7%) | loss: 3.250706 | lrm: 0.57 | dt: 1047ms | tok/sec: 31,300 | epoch: 1 | remaining: 0s    
step 00437 (71.9%) | loss: 3.248782 | lrm: 0.56 | dt: 403920ms | tok/sec: 81 | epoch: 1 | remaining: 0s    
step 00438 (72.0%) | loss: 3.242725 | lrm: 0.56 | dt: 755ms | tok/sec: 43,421 | epoch: 1 | remaining: 0s    
step 00439 (72.2%) | loss: 3.241114 | lrm: 0.56 | dt: 1249ms | tok/sec: 26,228 | epoch: 1 | remaining: 0s    
step 00440 (72.4%) | loss: 3.241196 | lrm: 0.55 | dt: 1063ms | tok/sec: 30,833 | epoch: 1 | remaining: 0s    
step 00441 (72.5%) | loss: 3.238498 | lrm: 0.55 | dt: 639ms | tok/sec: 51,246 | epoch: 1 | remaining: 0s    
step 00442 (72.7%) | loss: 3.234651 | lrm: 0.55 | dt: 299ms | tok/sec: 109,438 | epoch: 1 | remaining: 0s    
step 00443 (72.9%) | loss: 3.233431 | lrm: 0.54 | dt: 285ms | tok/sec: 115,125 | epoch: 1 | remaining: 0s    
step 00444 (73.0%) | loss: 3.225875 | lrm: 0.54 | dt: 279ms | tok/sec: 117,482 | epoch: 1 | remaining: 0s    
step 00445 (73.2%) | loss: 3.224008 | lrm: 0.54 | dt: 277ms | tok/sec: 118,302 | epoch: 1 | remaining: 0s    
step 00446 (73.4%) | loss: 3.220094 | lrm: 0.53 | dt: 10344ms | tok/sec: 3,167 | epoch: 1 | remaining: 0s    
step 00447 (73.5%) | loss: 3.215475 | lrm: 0.53 | dt: 287ms | tok/sec: 114,205 | epoch: 1 | remaining: 0s    
step 00448 (73.7%) | loss: 3.210100 | lrm: 0.53 | dt: 283ms | tok/sec: 115,648 | epoch: 1 | remaining: 0s    
step 00449 (73.8%) | loss: 3.222464 | lrm: 0.52 | dt: 284ms | tok/sec: 115,410 | epoch: 1 | remaining: 0s    
step 00450 (74.0%) | loss: 3.216660 | lrm: 0.52 | dt: 280ms | tok/sec: 117,146 | epoch: 1 | remaining: 0s    
step 00451 (74.2%) | loss: 3.222579 | lrm: 0.52 | dt: 282ms | tok/sec: 116,238 | epoch: 1 | remaining: 0s    
step 00452 (74.3%) | loss: 3.220541 | lrm: 0.51 | dt: 277ms | tok/sec: 118,261 | epoch: 1 | remaining: 0s    
step 00453 (74.5%) | loss: 3.222054 | lrm: 0.51 | dt: 281ms | tok/sec: 116,658 | epoch: 1 | remaining: 0s    
step 00454 (74.7%) | loss: 3.213571 | lrm: 0.51 | dt: 282ms | tok/sec: 116,052 | epoch: 1 | remaining: 0s    
step 00455 (74.8%) | loss: 3.207600 | lrm: 0.50 | dt: 280ms | tok/sec: 116,913 | epoch: 1 | remaining: 0s    
step 00456 (75.0%) | loss: 3.208940 | lrm: 0.50 | dt: 280ms | tok/sec: 116,826 | epoch: 1 | remaining: 0s    
step 00457 (75.2%) | loss: 3.213623 | lrm: 0.50 | dt: 281ms | tok/sec: 116,535 | epoch: 1 | remaining: 0s    
step 00458 (75.3%) | loss: 3.212848 | lrm: 0.49 | dt: 279ms | tok/sec: 117,440 | epoch: 1 | remaining: 0s    
step 00459 (75.5%) | loss: 3.211367 | lrm: 0.49 | dt: 291ms | tok/sec: 112,690 | epoch: 1 | remaining: 0s    
step 00460 (75.7%) | loss: 3.204311 | lrm: 0.49 | dt: 278ms | tok/sec: 117,825 | epoch: 1 | remaining: 0s    
step 00461 (75.8%) | loss: 3.201664 | lrm: 0.48 | dt: 281ms | tok/sec: 116,518 | epoch: 1 | remaining: 0s    
step 00462 (76.0%) | loss: 3.196809 | lrm: 0.48 | dt: 292ms | tok/sec: 112,301 | epoch: 1 | remaining: 0s    
step 00463 (76.2%) | loss: 3.203129 | lrm: 0.48 | dt: 282ms | tok/sec: 116,002 | epoch: 1 | remaining: 0s    
step 00464 (76.3%) | loss: 3.207691 | lrm: 0.47 | dt: 281ms | tok/sec: 116,575 | epoch: 1 | remaining: 0s    
step 00465 (76.5%) | loss: 3.203840 | lrm: 0.47 | dt: 284ms | tok/sec: 115,499 | epoch: 1 | remaining: 0s    
step 00466 (76.6%) | loss: 3.212284 | lrm: 0.47 | dt: 282ms | tok/sec: 116,345 | epoch: 1 | remaining: 0s    
step 00467 (76.8%) | loss: 3.216527 | lrm: 0.46 | dt: 281ms | tok/sec: 116,775 | epoch: 1 | remaining: 0s    
step 00468 (77.0%) | loss: 3.205532 | lrm: 0.46 | dt: 278ms | tok/sec: 117,873 | epoch: 1 | remaining: 0s    
step 00469 (77.1%) | loss: 3.197073 | lrm: 0.46 | dt: 280ms | tok/sec: 117,181 | epoch: 1 | remaining: 0s    
step 00470 (77.3%) | loss: 3.192112 | lrm: 0.45 | dt: 290ms | tok/sec: 113,032 | epoch: 1 | remaining: 0s    
step 00471 (77.5%) | loss: 3.184294 | lrm: 0.45 | dt: 282ms | tok/sec: 116,211 | epoch: 1 | remaining: 0s    
step 00472 (77.6%) | loss: 3.176527 | lrm: 0.45 | dt: 283ms | tok/sec: 115,705 | epoch: 1 | remaining: 0s    
step 00473 (77.8%) | loss: 3.168522 | lrm: 0.44 | dt: 283ms | tok/sec: 115,924 | epoch: 1 | remaining: 0s    
step 00474 (78.0%) | loss: 3.162927 | lrm: 0.44 | dt: 283ms | tok/sec: 115,787 | epoch: 1 | remaining: 0s    
step 00475 (78.1%) | loss: 3.164934 | lrm: 0.44 | dt: 282ms | tok/sec: 116,134 | epoch: 1 | remaining: 0s    
step 00476 (78.3%) | loss: 3.166370 | lrm: 0.43 | dt: 279ms | tok/sec: 117,313 | epoch: 1 | remaining: 0s    
step 00477 (78.5%) | loss: 3.166306 | lrm: 0.43 | dt: 274ms | tok/sec: 119,494 | epoch: 1 | remaining: 0s    
step 00478 (78.6%) | loss: 3.173348 | lrm: 0.43 | dt: 288ms | tok/sec: 113,762 | epoch: 1 | remaining: 0s    
step 00479 (78.8%) | loss: 3.176875 | lrm: 0.42 | dt: 277ms | tok/sec: 118,451 | epoch: 1 | remaining: 0s    
step 00480 (78.9%) | loss: 3.168617 | lrm: 0.42 | dt: 286ms | tok/sec: 114,580 | epoch: 1 | remaining: 0s    
step 00481 (79.1%) | loss: 3.168594 | lrm: 0.42 | dt: 283ms | tok/sec: 115,747 | epoch: 1 | remaining: 0s    
step 00482 (79.3%) | loss: 3.175060 | lrm: 0.41 | dt: 282ms | tok/sec: 116,164 | epoch: 1 | remaining: 0s    
step 00483 (79.4%) | loss: 3.168729 | lrm: 0.41 | dt: 284ms | tok/sec: 115,441 | epoch: 1 | remaining: 0s    
step 00484 (79.6%) | loss: 3.165953 | lrm: 0.41 | dt: 279ms | tok/sec: 117,307 | epoch: 1 | remaining: 0s    
step 00485 (79.8%) | loss: 3.161425 | lrm: 0.40 | dt: 281ms | tok/sec: 116,426 | epoch: 1 | remaining: 0s    
step 00486 (79.9%) | loss: 3.157069 | lrm: 0.40 | dt: 290ms | tok/sec: 112,852 | epoch: 1 | remaining: 0s    
step 00487 (80.1%) | loss: 3.152947 | lrm: 0.40 | dt: 281ms | tok/sec: 116,671 | epoch: 1 | remaining: 0s    
step 00488 (80.3%) | loss: 3.154566 | lrm: 0.39 | dt: 282ms | tok/sec: 116,048 | epoch: 1 | remaining: 0s    
step 00489 (80.4%) | loss: 3.154821 | lrm: 0.39 | dt: 282ms | tok/sec: 116,234 | epoch: 1 | remaining: 0s    
step 00490 (80.6%) | loss: 3.151239 | lrm: 0.39 | dt: 283ms | tok/sec: 115,695 | epoch: 1 | remaining: 0s    
step 00491 (80.8%) | loss: 3.152565 | lrm: 0.38 | dt: 284ms | tok/sec: 115,565 | epoch: 1 | remaining: 0s    
step 00492 (80.9%) | loss: 3.153499 | lrm: 0.38 | dt: 279ms | tok/sec: 117,285 | epoch: 1 | remaining: 0s    
step 00493 (81.1%) | loss: 3.150479 | lrm: 0.38 | dt: 283ms | tok/sec: 115,763 | epoch: 1 | remaining: 0s    
step 00494 (81.2%) | loss: 3.161697 | lrm: 0.38 | dt: 293ms | tok/sec: 111,922 | epoch: 1 | remaining: 0s    
step 00495 (81.4%) | loss: 3.158315 | lrm: 0.37 | dt: 283ms | tok/sec: 115,715 | epoch: 1 | remaining: 0s    
step 00496 (81.6%) | loss: 3.160893 | lrm: 0.37 | dt: 283ms | tok/sec: 115,916 | epoch: 1 | remaining: 0s    
step 00497 (81.7%) | loss: 3.152858 | lrm: 0.37 | dt: 283ms | tok/sec: 115,743 | epoch: 1 | remaining: 0s    
step 00498 (81.9%) | loss: 3.154795 | lrm: 0.36 | dt: 287ms | tok/sec: 114,192 | epoch: 1 | remaining: 0s    
step 00499 (82.1%) | loss: 3.145748 | lrm: 0.36 | dt: 285ms | tok/sec: 114,996 | epoch: 1 | remaining: 0s    
step 00500 (82.2%) | loss: 3.147769 | lrm: 0.36 | dt: 279ms | tok/sec: 117,461 | epoch: 1 | remaining: 0s    
step 00501 (82.4%) | loss: 3.153031 | lrm: 0.35 | dt: 283ms | tok/sec: 115,641 | epoch: 1 | remaining: 0s    
step 00502 (82.6%) | loss: 3.153550 | lrm: 0.35 | dt: 286ms | tok/sec: 114,452 | epoch: 1 | remaining: 0s    
step 00503 (82.7%) | loss: 3.151221 | lrm: 0.35 | dt: 283ms | tok/sec: 115,981 | epoch: 1 | remaining: 0s    
step 00504 (82.9%) | loss: 3.140228 | lrm: 0.34 | dt: 282ms | tok/sec: 116,084 | epoch: 1 | remaining: 0s    
step 00505 (83.1%) | loss: 3.142058 | lrm: 0.34 | dt: 275ms | tok/sec: 119,181 | epoch: 1 | remaining: 0s    
step 00506 (83.2%) | loss: 3.151434 | lrm: 0.34 | dt: 282ms | tok/sec: 116,022 | epoch: 1 | remaining: 0s    
step 00507 (83.4%) | loss: 3.152505 | lrm: 0.33 | dt: 282ms | tok/sec: 116,257 | epoch: 1 | remaining: 0s    
step 00508 (83.6%) | loss: 3.150876 | lrm: 0.33 | dt: 278ms | tok/sec: 117,891 | epoch: 1 | remaining: 0s    
step 00509 (83.7%) | loss: 3.150021 | lrm: 0.33 | dt: 281ms | tok/sec: 116,487 | epoch: 1 | remaining: 0s    
step 00510 (83.9%) | loss: 3.147674 | lrm: 0.32 | dt: 280ms | tok/sec: 116,938 | epoch: 1 | remaining: 0s    
step 00511 (84.0%) | loss: 3.149229 | lrm: 0.32 | dt: 282ms | tok/sec: 116,027 | epoch: 1 | remaining: 0s    
step 00512 (84.2%) | loss: 3.143506 | lrm: 0.32 | dt: 282ms | tok/sec: 116,402 | epoch: 1 | remaining: 0s    
step 00513 (84.4%) | loss: 3.139706 | lrm: 0.31 | dt: 281ms | tok/sec: 116,747 | epoch: 1 | remaining: 0s    
step 00514 (84.5%) | loss: 3.135453 | lrm: 0.31 | dt: 283ms | tok/sec: 115,759 | epoch: 1 | remaining: 0s    
step 00515 (84.7%) | loss: 3.134755 | lrm: 0.31 | dt: 281ms | tok/sec: 116,713 | epoch: 1 | remaining: 0s    
step 00516 (84.9%) | loss: 3.137218 | lrm: 0.30 | dt: 284ms | tok/sec: 115,357 | epoch: 1 | remaining: 0s    
step 00517 (85.0%) | loss: 3.129468 | lrm: 0.30 | dt: 280ms | tok/sec: 117,198 | epoch: 1 | remaining: 0s    
step 00518 (85.2%) | loss: 3.123693 | lrm: 0.30 | dt: 282ms | tok/sec: 116,106 | epoch: 1 | remaining: 0s    
step 00519 (85.4%) | loss: 3.128733 | lrm: 0.29 | dt: 282ms | tok/sec: 116,276 | epoch: 1 | remaining: 0s    
step 00520 (85.5%) | loss: 3.129489 | lrm: 0.29 | dt: 286ms | tok/sec: 114,747 | epoch: 1 | remaining: 0s    
step 00521 (85.7%) | loss: 3.123629 | lrm: 0.29 | dt: 282ms | tok/sec: 116,186 | epoch: 1 | remaining: 0s    
step 00522 (85.9%) | loss: 3.126127 | lrm: 0.28 | dt: 282ms | tok/sec: 116,006 | epoch: 1 | remaining: 0s    
step 00523 (86.0%) | loss: 3.128459 | lrm: 0.28 | dt: 284ms | tok/sec: 115,542 | epoch: 1 | remaining: 0s    
step 00524 (86.2%) | loss: 3.134577 | lrm: 0.28 | dt: 279ms | tok/sec: 117,326 | epoch: 1 | remaining: 0s    
step 00525 (86.3%) | loss: 3.133053 | lrm: 0.27 | dt: 283ms | tok/sec: 115,985 | epoch: 1 | remaining: 0s    
step 00526 (86.5%) | loss: 3.137042 | lrm: 0.27 | dt: 286ms | tok/sec: 114,475 | epoch: 1 | remaining: 0s    
step 00527 (86.7%) | loss: 3.136373 | lrm: 0.27 | dt: 280ms | tok/sec: 116,870 | epoch: 1 | remaining: 0s    
step 00528 (86.8%) | loss: 3.132970 | lrm: 0.26 | dt: 279ms | tok/sec: 117,567 | epoch: 1 | remaining: 0s    
step 00529 (87.0%) | loss: 3.130751 | lrm: 0.26 | dt: 281ms | tok/sec: 116,443 | epoch: 1 | remaining: 0s    
step 00530 (87.2%) | loss: 3.124827 | lrm: 0.26 | dt: 283ms | tok/sec: 115,914 | epoch: 1 | remaining: 0s    
step 00531 (87.3%) | loss: 3.125360 | lrm: 0.25 | dt: 281ms | tok/sec: 116,642 | epoch: 1 | remaining: 0s    
step 00532 (87.5%) | loss: 3.127992 | lrm: 0.25 | dt: 279ms | tok/sec: 117,451 | epoch: 1 | remaining: 0s    
step 00533 (87.7%) | loss: 3.132392 | lrm: 0.25 | dt: 281ms | tok/sec: 116,553 | epoch: 1 | remaining: 0s    
step 00534 (87.8%) | loss: 3.127959 | lrm: 0.24 | dt: 281ms | tok/sec: 116,443 | epoch: 1 | remaining: 0s    
step 00535 (88.0%) | loss: 3.125795 | lrm: 0.24 | dt: 280ms | tok/sec: 117,125 | epoch: 1 | remaining: 0s    
step 00536 (88.2%) | loss: 3.128158 | lrm: 0.24 | dt: 282ms | tok/sec: 116,290 | epoch: 1 | remaining: 0s    
step 00537 (88.3%) | loss: 3.129326 | lrm: 0.23 | dt: 281ms | tok/sec: 116,697 | epoch: 1 | remaining: 0s    
step 00538 (88.5%) | loss: 3.126408 | lrm: 0.23 | dt: 280ms | tok/sec: 116,924 | epoch: 1 | remaining: 0s    
step 00539 (88.7%) | loss: 3.123438 | lrm: 0.23 | dt: 281ms | tok/sec: 116,686 | epoch: 1 | remaining: 0s    
step 00540 (88.8%) | loss: 3.118305 | lrm: 0.22 | dt: 283ms | tok/sec: 115,729 | epoch: 1 | remaining: 0s    
step 00541 (89.0%) | loss: 3.112336 | lrm: 0.22 | dt: 280ms | tok/sec: 117,202 | epoch: 1 | remaining: 0s    
step 00542 (89.1%) | loss: 3.107026 | lrm: 0.22 | dt: 280ms | tok/sec: 117,019 | epoch: 1 | remaining: 0s    
step 00543 (89.3%) | loss: 3.109350 | lrm: 0.21 | dt: 283ms | tok/sec: 115,880 | epoch: 1 | remaining: 0s    
step 00544 (89.5%) | loss: 3.100466 | lrm: 0.21 | dt: 283ms | tok/sec: 115,916 | epoch: 1 | remaining: 0s    
step 00545 (89.6%) | loss: 3.097258 | lrm: 0.21 | dt: 282ms | tok/sec: 116,078 | epoch: 1 | remaining: 0s    
step 00546 (89.8%) | loss: 3.101478 | lrm: 0.20 | dt: 283ms | tok/sec: 115,757 | epoch: 1 | remaining: 0s    
step 00547 (90.0%) | loss: 3.095803 | lrm: 0.20 | dt: 279ms | tok/sec: 117,290 | epoch: 1 | remaining: 0s    
step 00548 (90.1%) | loss: 3.098695 | lrm: 0.20 | dt: 278ms | tok/sec: 117,809 | epoch: 1 | remaining: 0s    
step 00549 (90.3%) | loss: 3.095150 | lrm: 0.19 | dt: 282ms | tok/sec: 116,298 | epoch: 1 | remaining: 0s    
step 00550 (90.5%) | loss: 3.095589 | lrm: 0.19 | dt: 280ms | tok/sec: 117,150 | epoch: 1 | remaining: 0s    
step 00551 (90.6%) | loss: 3.086762 | lrm: 0.19 | dt: 284ms | tok/sec: 115,514 | epoch: 1 | remaining: 0s    
step 00552 (90.8%) | loss: 3.084144 | lrm: 0.18 | dt: 282ms | tok/sec: 116,097 | epoch: 1 | remaining: 0s    
step 00553 (91.0%) | loss: 3.073259 | lrm: 0.18 | dt: 281ms | tok/sec: 116,602 | epoch: 1 | remaining: 0s    
step 00554 (91.1%) | loss: 3.076042 | lrm: 0.18 | dt: 282ms | tok/sec: 116,376 | epoch: 1 | remaining: 0s    
step 00555 (91.3%) | loss: 3.079822 | lrm: 0.17 | dt: 281ms | tok/sec: 116,796 | epoch: 1 | remaining: 0s    
step 00556 (91.4%) | loss: 3.086503 | lrm: 0.17 | dt: 277ms | tok/sec: 118,128 | epoch: 1 | remaining: 0s    
step 00557 (91.6%) | loss: 3.088896 | lrm: 0.17 | dt: 281ms | tok/sec: 116,558 | epoch: 1 | remaining: 0s    
step 00558 (91.8%) | loss: 3.085384 | lrm: 0.16 | dt: 282ms | tok/sec: 116,106 | epoch: 1 | remaining: 0s    
step 00559 (91.9%) | loss: 3.082769 | lrm: 0.16 | dt: 280ms | tok/sec: 117,197 | epoch: 1 | remaining: 0s    
step 00560 (92.1%) | loss: 3.087527 | lrm: 0.16 | dt: 284ms | tok/sec: 115,533 | epoch: 1 | remaining: 0s    
step 00561 (92.3%) | loss: 3.091816 | lrm: 0.15 | dt: 281ms | tok/sec: 116,743 | epoch: 1 | remaining: 0s    
step 00562 (92.4%) | loss: 3.087292 | lrm: 0.15 | dt: 280ms | tok/sec: 116,852 | epoch: 1 | remaining: 0s    
step 00563 (92.6%) | loss: 3.090796 | lrm: 0.15 | dt: 281ms | tok/sec: 116,681 | epoch: 1 | remaining: 0s    
step 00564 (92.8%) | loss: 3.092270 | lrm: 0.14 | dt: 281ms | tok/sec: 116,780 | epoch: 1 | remaining: 0s    
step 00565 (92.9%) | loss: 3.082954 | lrm: 0.14 | dt: 281ms | tok/sec: 116,607 | epoch: 1 | remaining: 0s    
step 00566 (93.1%) | loss: 3.089202 | lrm: 0.14 | dt: 283ms | tok/sec: 115,973 | epoch: 1 | remaining: 0s    
step 00567 (93.3%) | loss: 3.095959 | lrm: 0.13 | dt: 282ms | tok/sec: 116,006 | epoch: 1 | remaining: 0s    
step 00568 (93.4%) | loss: 3.096171 | lrm: 0.13 | dt: 284ms | tok/sec: 115,366 | epoch: 1 | remaining: 0s    
step 00569 (93.6%) | loss: 3.102818 | lrm: 0.13 | dt: 281ms | tok/sec: 116,601 | epoch: 1 | remaining: 0s    
step 00570 (93.8%) | loss: 3.091795 | lrm: 0.12 | dt: 283ms | tok/sec: 115,804 | epoch: 1 | remaining: 0s    
step 00571 (93.9%) | loss: 3.085491 | lrm: 0.12 | dt: 291ms | tok/sec: 112,549 | epoch: 1 | remaining: 0s    
step 00572 (94.1%) | loss: 3.082247 | lrm: 0.12 | dt: 279ms | tok/sec: 117,611 | epoch: 1 | remaining: 0s    
step 00573 (94.2%) | loss: 3.081794 | lrm: 0.12 | dt: 281ms | tok/sec: 116,565 | epoch: 1 | remaining: 0s    
step 00574 (94.4%) | loss: 3.082592 | lrm: 0.11 | dt: 289ms | tok/sec: 113,540 | epoch: 1 | remaining: 0s    
step 00575 (94.6%) | loss: 3.091652 | lrm: 0.11 | dt: 307ms | tok/sec: 106,794 | epoch: 1 | remaining: 0s    
step 00576 (94.7%) | loss: 3.083372 | lrm: 0.11 | dt: 310ms | tok/sec: 105,716 | epoch: 1 | remaining: 0s    
step 00577 (94.9%) | loss: 3.076455 | lrm: 0.10 | dt: 294ms | tok/sec: 111,330 | epoch: 1 | remaining: 0s    
step 00578 (95.1%) | loss: 3.071305 | lrm: 0.10 | dt: 296ms | tok/sec: 110,642 | epoch: 1 | remaining: 0s    
step 00579 (95.2%) | loss: 3.067270 | lrm: 0.10 | dt: 298ms | tok/sec: 109,842 | epoch: 1 | remaining: 0s    
step 00580 (95.4%) | loss: 3.073261 | lrm: 0.09 | dt: 299ms | tok/sec: 109,544 | epoch: 1 | remaining: 0s    
step 00581 (95.6%) | loss: 3.080341 | lrm: 0.09 | dt: 302ms | tok/sec: 108,502 | epoch: 1 | remaining: 0s    
step 00582 (95.7%) | loss: 3.081588 | lrm: 0.09 | dt: 305ms | tok/sec: 107,339 | epoch: 1 | remaining: 0s    
step 00583 (95.9%) | loss: 3.081648 | lrm: 0.08 | dt: 316ms | tok/sec: 103,564 | epoch: 1 | remaining: 0s    
step 00584 (96.1%) | loss: 3.088776 | lrm: 0.08 | dt: 309ms | tok/sec: 105,946 | epoch: 1 | remaining: 0s    
step 00585 (96.2%) | loss: 3.086346 | lrm: 0.08 | dt: 311ms | tok/sec: 105,210 | epoch: 1 | remaining: 0s    
step 00586 (96.4%) | loss: 3.082744 | lrm: 0.07 | dt: 315ms | tok/sec: 103,889 | epoch: 1 | remaining: 0s    
step 00587 (96.5%) | loss: 3.085973 | lrm: 0.07 | dt: 317ms | tok/sec: 103,248 | epoch: 1 | remaining: 0s    
step 00588 (96.7%) | loss: 3.089373 | lrm: 0.07 | dt: 324ms | tok/sec: 101,091 | epoch: 1 | remaining: 0s    
step 00589 (96.9%) | loss: 3.085881 | lrm: 0.06 | dt: 328ms | tok/sec: 100,025 | epoch: 1 | remaining: 0s    
step 00590 (97.0%) | loss: 3.082261 | lrm: 0.06 | dt: 333ms | tok/sec: 98,257 | epoch: 1 | remaining: 0s    
step 00591 (97.2%) | loss: 3.086072 | lrm: 0.06 | dt: 336ms | tok/sec: 97,568 | epoch: 1 | remaining: 0s    
step 00592 (97.4%) | loss: 3.086827 | lrm: 0.05 | dt: 341ms | tok/sec: 96,010 | epoch: 1 | remaining: 0s    
step 00593 (97.5%) | loss: 3.082388 | lrm: 0.05 | dt: 337ms | tok/sec: 97,155 | epoch: 1 | remaining: 0s    
step 00594 (97.7%) | loss: 3.074133 | lrm: 0.05 | dt: 338ms | tok/sec: 97,039 | epoch: 1 | remaining: 0s    
step 00595 (97.9%) | loss: 3.066305 | lrm: 0.04 | dt: 338ms | tok/sec: 96,997 | epoch: 1 | remaining: 0s    
step 00596 (98.0%) | loss: 3.070250 | lrm: 0.04 | dt: 344ms | tok/sec: 95,333 | epoch: 1 | remaining: 0s    
step 00597 (98.2%) | loss: 3.062293 | lrm: 0.04 | dt: 342ms | tok/sec: 95,691 | epoch: 1 | remaining: 0s    
step 00598 (98.4%) | loss: 3.058237 | lrm: 0.03 | dt: 348ms | tok/sec: 94,204 | epoch: 1 | remaining: 0s    
step 00599 (98.5%) | loss: 3.047975 | lrm: 0.03 | dt: 350ms | tok/sec: 93,707 | epoch: 1 | remaining: 0s    
step 00600 (98.7%) | loss: 3.050054 | lrm: 0.03 | dt: 351ms | tok/sec: 93,417 | epoch: 1 | remaining: 0s    
step 00601 (98.8%) | loss: 3.052647 | lrm: 0.02 | dt: 359ms | tok/sec: 91,356 | epoch: 1 | remaining: 0s    
step 00602 (99.0%) | loss: 3.053188 | lrm: 0.02 | dt: 365ms | tok/sec: 89,758 | epoch: 1 | remaining: 0s    
step 00603 (99.2%) | loss: 3.062585 | lrm: 0.02 | dt: 373ms | tok/sec: 87,966 | epoch: 1 | remaining: 0s    
step 00604 (99.3%) | loss: 3.075465 | lrm: 0.01 | dt: 374ms | tok/sec: 87,730 | epoch: 1 | remaining: 0s    
step 00605 (99.5%) | loss: 3.072743 | lrm: 0.01 | dt: 376ms | tok/sec: 87,259 | epoch: 1 | remaining: 0s    
step 00606 (99.7%) | loss: 3.075748 | lrm: 0.01 | dt: 1559ms | tok/sec: 21,020 | epoch: 1 | remaining: 0s    
step 00607 (99.8%) | loss: 3.071282 | lrm: 0.00 | dt: 332ms | tok/sec: 98,828 | epoch: 1 | remaining: 0s    
Training completed in 963.8s
Starting final eval...
Final eval batch size: 256
Final eval completed in 25.9s
WARNING: val_bpb=0.723893 is outside plausible range [1.0, 10.0]
Baseline results written: /Users/ahmadalzaro/.cache/autoresearch-arabic/baseline_results.json
---
val_bpb:          0.723893
training_seconds: 963.8
total_seconds:    990.5
peak_vram_mb:     19043.7
mfu_percent:      0.00
total_tokens_M:   19.9
num_steps:        608
num_params_M:     5.0
total_eval_nats:  4770147.375000
total_eval_bytes: 9506751
total_valid_tokens: 1568355
depth:            4
