Condition: d1
Data/tokenizer loaded in 0.3s
Time budget: 300s
Gradient accumulation steps: 1
Model compiled in 0.6s

step 00000 (0.0%) | loss: 9.011134 | lrm: 1.00 | dt: 559ms | tok/sec: 58,625 | epoch: 1 | remaining: 300s    
step 00001 (0.2%) | loss: 9.041979 | lrm: 1.00 | dt: 279ms | tok/sec: 117,529 | epoch: 1 | remaining: 300s    
step 00002 (0.3%) | loss: 8.676145 | lrm: 1.00 | dt: 283ms | tok/sec: 115,658 | epoch: 1 | remaining: 299s    
step 00003 (0.5%) | loss: 8.316454 | lrm: 1.00 | dt: 476ms | tok/sec: 68,903 | epoch: 1 | remaining: 299s    
step 00004 (0.7%) | loss: 8.024843 | lrm: 1.00 | dt: 1945ms | tok/sec: 16,851 | epoch: 1 | remaining: 297s    
step 00005 (0.8%) | loss: 7.783587 | lrm: 1.00 | dt: 327ms | tok/sec: 100,270 | epoch: 1 | remaining: 297s    
step 00006 (1.0%) | loss: 7.594949 | lrm: 1.00 | dt: 834ms | tok/sec: 39,275 | epoch: 1 | remaining: 296s    
step 00007 (1.2%) | loss: 7.434350 | lrm: 1.00 | dt: 442ms | tok/sec: 74,062 | epoch: 1 | remaining: 295s    
step 00008 (1.3%) | loss: 7.296930 | lrm: 1.00 | dt: 586ms | tok/sec: 55,903 | epoch: 1 | remaining: 295s    
step 00009 (1.5%) | loss: 7.201769 | lrm: 1.00 | dt: 999ms | tok/sec: 32,792 | epoch: 1 | remaining: 294s    
step 00010 (1.6%) | loss: 7.088838 | lrm: 1.00 | dt: 637ms | tok/sec: 51,462 | epoch: 1 | remaining: 293s    
step 00011 (1.8%) | loss: 6.971052 | lrm: 1.00 | dt: 496ms | tok/sec: 66,037 | epoch: 1 | remaining: 293s    
step 00012 (2.0%) | loss: 6.870952 | lrm: 1.00 | dt: 455ms | tok/sec: 71,968 | epoch: 1 | remaining: 292s    
step 00013 (2.1%) | loss: 6.772413 | lrm: 1.00 | dt: 436ms | tok/sec: 75,128 | epoch: 1 | remaining: 292s    
step 00014 (2.3%) | loss: 6.664932 | lrm: 1.00 | dt: 453ms | tok/sec: 72,373 | epoch: 1 | remaining: 291s    
step 00015 (2.5%) | loss: 6.583541 | lrm: 1.00 | dt: 479ms | tok/sec: 68,476 | epoch: 1 | remaining: 291s    
step 00016 (2.6%) | loss: 6.494361 | lrm: 1.00 | dt: 526ms | tok/sec: 62,277 | epoch: 1 | remaining: 290s    
step 00017 (2.8%) | loss: 6.420774 | lrm: 1.00 | dt: 633ms | tok/sec: 51,736 | epoch: 1 | remaining: 290s    
step 00018 (3.0%) | loss: 6.332435 | lrm: 1.00 | dt: 698ms | tok/sec: 46,966 | epoch: 1 | remaining: 289s    
step 00019 (3.1%) | loss: 6.256369 | lrm: 1.00 | dt: 577ms | tok/sec: 56,817 | epoch: 1 | remaining: 288s    
step 00020 (3.3%) | loss: 6.177831 | lrm: 1.00 | dt: 542ms | tok/sec: 60,479 | epoch: 1 | remaining: 288s    
step 00021 (3.5%) | loss: 6.115047 | lrm: 1.00 | dt: 510ms | tok/sec: 64,272 | epoch: 1 | remaining: 287s    
step 00022 (3.6%) | loss: 6.051705 | lrm: 1.00 | dt: 503ms | tok/sec: 65,127 | epoch: 1 | remaining: 287s    
step 00023 (3.8%) | loss: 5.989503 | lrm: 1.00 | dt: 497ms | tok/sec: 65,925 | epoch: 1 | remaining: 286s    
step 00024 (3.9%) | loss: 5.928160 | lrm: 1.00 | dt: 502ms | tok/sec: 65,219 | epoch: 1 | remaining: 286s    
step 00025 (4.1%) | loss: 5.871980 | lrm: 1.00 | dt: 525ms | tok/sec: 62,382 | epoch: 1 | remaining: 285s    
step 00026 (4.3%) | loss: 5.823872 | lrm: 1.00 | dt: 563ms | tok/sec: 58,157 | epoch: 1 | remaining: 285s    
step 00027 (4.4%) | loss: 5.779111 | lrm: 1.00 | dt: 632ms | tok/sec: 51,812 | epoch: 1 | remaining: 284s    
step 00028 (4.6%) | loss: 5.724762 | lrm: 1.00 | dt: 573ms | tok/sec: 57,156 | epoch: 1 | remaining: 284s    
step 00029 (4.8%) | loss: 5.676412 | lrm: 1.00 | dt: 546ms | tok/sec: 59,965 | epoch: 1 | remaining: 283s    
step 00030 (4.9%) | loss: 5.629290 | lrm: 1.00 | dt: 527ms | tok/sec: 62,123 | epoch: 1 | remaining: 283s    
step 00031 (5.1%) | loss: 5.584508 | lrm: 1.00 | dt: 520ms | tok/sec: 63,064 | epoch: 1 | remaining: 282s    
step 00032 (5.3%) | loss: 5.545667 | lrm: 1.00 | dt: 522ms | tok/sec: 62,718 | epoch: 1 | remaining: 281s    
step 00033 (5.4%) | loss: 5.511522 | lrm: 1.00 | dt: 931920ms | tok/sec: 35 | epoch: 1 | remaining: 0s    
step 00034 (5.6%) | loss: 5.465503 | lrm: 1.00 | dt: 412ms | tok/sec: 79,438 | epoch: 1 | remaining: 0s    
step 00035 (5.8%) | loss: 5.426550 | lrm: 1.00 | dt: 417ms | tok/sec: 78,586 | epoch: 1 | remaining: 0s    
step 00036 (5.9%) | loss: 5.381517 | lrm: 1.00 | dt: 441ms | tok/sec: 74,336 | epoch: 1 | remaining: 0s    
step 00037 (6.1%) | loss: 5.349203 | lrm: 1.00 | dt: 475ms | tok/sec: 69,034 | epoch: 1 | remaining: 0s    
step 00038 (6.2%) | loss: 5.316547 | lrm: 1.00 | dt: 552ms | tok/sec: 59,401 | epoch: 1 | remaining: 0s    
step 00039 (6.4%) | loss: 5.287864 | lrm: 1.00 | dt: 655ms | tok/sec: 49,989 | epoch: 1 | remaining: 0s    
step 00040 (6.6%) | loss: 5.247628 | lrm: 1.00 | dt: 639ms | tok/sec: 51,290 | epoch: 1 | remaining: 0s    
step 00041 (6.7%) | loss: 5.224221 | lrm: 1.00 | dt: 369ms | tok/sec: 88,793 | epoch: 1 | remaining: 0s    
step 00042 (6.9%) | loss: 5.182120 | lrm: 1.00 | dt: 290ms | tok/sec: 112,884 | epoch: 1 | remaining: 0s    
step 00043 (7.1%) | loss: 5.148869 | lrm: 1.00 | dt: 280ms | tok/sec: 116,825 | epoch: 1 | remaining: 0s    
step 00044 (7.2%) | loss: 5.116263 | lrm: 1.00 | dt: 282ms | tok/sec: 116,079 | epoch: 1 | remaining: 0s    
step 00045 (7.4%) | loss: 5.101418 | lrm: 1.00 | dt: 283ms | tok/sec: 115,909 | epoch: 1 | remaining: 0s    
step 00046 (7.6%) | loss: 5.075678 | lrm: 1.00 | dt: 280ms | tok/sec: 117,151 | epoch: 1 | remaining: 0s    
step 00047 (7.7%) | loss: 5.049060 | lrm: 1.00 | dt: 277ms | tok/sec: 118,351 | epoch: 1 | remaining: 0s    
step 00048 (7.9%) | loss: 5.026947 | lrm: 1.00 | dt: 281ms | tok/sec: 116,443 | epoch: 1 | remaining: 0s    
step 00049 (8.1%) | loss: 5.012889 | lrm: 1.00 | dt: 280ms | tok/sec: 117,030 | epoch: 1 | remaining: 0s    
step 00050 (8.2%) | loss: 4.987828 | lrm: 1.00 | dt: 281ms | tok/sec: 116,491 | epoch: 1 | remaining: 0s    
step 00051 (8.4%) | loss: 4.964796 | lrm: 1.00 | dt: 280ms | tok/sec: 117,053 | epoch: 1 | remaining: 0s    
step 00052 (8.6%) | loss: 4.939250 | lrm: 1.00 | dt: 282ms | tok/sec: 116,017 | epoch: 1 | remaining: 0s    
step 00053 (8.7%) | loss: 4.920299 | lrm: 1.00 | dt: 280ms | tok/sec: 117,170 | epoch: 1 | remaining: 0s    
step 00054 (8.9%) | loss: 4.901639 | lrm: 1.00 | dt: 278ms | tok/sec: 117,742 | epoch: 1 | remaining: 0s    
step 00055 (9.0%) | loss: 4.884803 | lrm: 1.00 | dt: 280ms | tok/sec: 117,060 | epoch: 1 | remaining: 0s    
step 00056 (9.2%) | loss: 4.868791 | lrm: 1.00 | dt: 279ms | tok/sec: 117,644 | epoch: 1 | remaining: 0s    
step 00057 (9.4%) | loss: 4.849589 | lrm: 1.00 | dt: 281ms | tok/sec: 116,579 | epoch: 1 | remaining: 0s    
step 00058 (9.5%) | loss: 4.842991 | lrm: 1.00 | dt: 282ms | tok/sec: 116,240 | epoch: 1 | remaining: 0s    
step 00059 (9.7%) | loss: 4.830998 | lrm: 1.00 | dt: 282ms | tok/sec: 116,269 | epoch: 1 | remaining: 0s    
step 00060 (9.9%) | loss: 4.811322 | lrm: 1.00 | dt: 282ms | tok/sec: 116,316 | epoch: 1 | remaining: 0s    
step 00061 (10.0%) | loss: 4.796515 | lrm: 1.00 | dt: 281ms | tok/sec: 116,766 | epoch: 1 | remaining: 0s    
step 00062 (10.2%) | loss: 4.780491 | lrm: 1.00 | dt: 280ms | tok/sec: 117,144 | epoch: 1 | remaining: 0s    
step 00063 (10.4%) | loss: 4.775338 | lrm: 1.00 | dt: 277ms | tok/sec: 118,397 | epoch: 1 | remaining: 0s    
step 00064 (10.5%) | loss: 4.760588 | lrm: 1.00 | dt: 282ms | tok/sec: 116,130 | epoch: 1 | remaining: 0s    
step 00065 (10.7%) | loss: 4.747126 | lrm: 1.00 | dt: 283ms | tok/sec: 115,708 | epoch: 1 | remaining: 0s    
step 00066 (10.9%) | loss: 4.738184 | lrm: 1.00 | dt: 283ms | tok/sec: 115,845 | epoch: 1 | remaining: 0s    
step 00067 (11.0%) | loss: 4.720689 | lrm: 1.00 | dt: 280ms | tok/sec: 116,948 | epoch: 1 | remaining: 0s    
step 00068 (11.2%) | loss: 4.709930 | lrm: 1.00 | dt: 282ms | tok/sec: 116,036 | epoch: 1 | remaining: 0s    
step 00069 (11.3%) | loss: 4.695587 | lrm: 1.00 | dt: 284ms | tok/sec: 115,508 | epoch: 1 | remaining: 0s    
step 00070 (11.5%) | loss: 4.680296 | lrm: 1.00 | dt: 280ms | tok/sec: 116,938 | epoch: 1 | remaining: 0s    
step 00071 (11.7%) | loss: 4.664828 | lrm: 1.00 | dt: 278ms | tok/sec: 117,882 | epoch: 1 | remaining: 0s    
step 00072 (11.8%) | loss: 4.654125 | lrm: 1.00 | dt: 279ms | tok/sec: 117,250 | epoch: 1 | remaining: 0s    
step 00073 (12.0%) | loss: 4.642255 | lrm: 1.00 | dt: 279ms | tok/sec: 117,288 | epoch: 1 | remaining: 0s    
step 00074 (12.2%) | loss: 4.625898 | lrm: 1.00 | dt: 281ms | tok/sec: 116,698 | epoch: 1 | remaining: 0s    
step 00075 (12.3%) | loss: 4.612981 | lrm: 1.00 | dt: 283ms | tok/sec: 115,835 | epoch: 1 | remaining: 0s    
step 00076 (12.5%) | loss: 4.604652 | lrm: 1.00 | dt: 290ms | tok/sec: 113,077 | epoch: 1 | remaining: 0s    
step 00077 (12.7%) | loss: 4.589847 | lrm: 1.00 | dt: 282ms | tok/sec: 116,215 | epoch: 1 | remaining: 0s    
step 00078 (12.8%) | loss: 4.581332 | lrm: 1.00 | dt: 279ms | tok/sec: 117,356 | epoch: 1 | remaining: 0s    
step 00079 (13.0%) | loss: 4.576074 | lrm: 1.00 | dt: 279ms | tok/sec: 117,623 | epoch: 1 | remaining: 0s    
step 00080 (13.2%) | loss: 4.561210 | lrm: 1.00 | dt: 279ms | tok/sec: 117,317 | epoch: 1 | remaining: 0s    
step 00081 (13.3%) | loss: 4.550915 | lrm: 1.00 | dt: 283ms | tok/sec: 115,857 | epoch: 1 | remaining: 0s    
step 00082 (13.5%) | loss: 4.541429 | lrm: 1.00 | dt: 293ms | tok/sec: 111,901 | epoch: 1 | remaining: 0s    
step 00083 (13.7%) | loss: 4.526791 | lrm: 1.00 | dt: 280ms | tok/sec: 117,029 | epoch: 1 | remaining: 0s    
step 00084 (13.8%) | loss: 4.511015 | lrm: 1.00 | dt: 280ms | tok/sec: 116,868 | epoch: 1 | remaining: 0s    
step 00085 (14.0%) | loss: 4.495380 | lrm: 1.00 | dt: 283ms | tok/sec: 115,832 | epoch: 1 | remaining: 0s    
step 00086 (14.1%) | loss: 4.473124 | lrm: 1.00 | dt: 281ms | tok/sec: 116,681 | epoch: 1 | remaining: 0s    
step 00087 (14.3%) | loss: 4.470333 | lrm: 1.00 | dt: 281ms | tok/sec: 116,467 | epoch: 1 | remaining: 0s    
step 00088 (14.5%) | loss: 4.456994 | lrm: 1.00 | dt: 281ms | tok/sec: 116,566 | epoch: 1 | remaining: 0s    
step 00089 (14.6%) | loss: 4.456344 | lrm: 1.00 | dt: 283ms | tok/sec: 115,877 | epoch: 1 | remaining: 0s    
step 00090 (14.8%) | loss: 4.451097 | lrm: 1.00 | dt: 284ms | tok/sec: 115,498 | epoch: 1 | remaining: 0s    
step 00091 (15.0%) | loss: 4.442332 | lrm: 1.00 | dt: 294ms | tok/sec: 111,511 | epoch: 1 | remaining: 0s    
step 00092 (15.1%) | loss: 4.450720 | lrm: 1.00 | dt: 283ms | tok/sec: 115,768 | epoch: 1 | remaining: 0s    
step 00093 (15.3%) | loss: 4.435458 | lrm: 1.00 | dt: 281ms | tok/sec: 116,435 | epoch: 1 | remaining: 0s    
step 00094 (15.5%) | loss: 4.430323 | lrm: 1.00 | dt: 281ms | tok/sec: 116,777 | epoch: 1 | remaining: 0s    
step 00095 (15.6%) | loss: 4.416678 | lrm: 1.00 | dt: 279ms | tok/sec: 117,341 | epoch: 1 | remaining: 0s    
step 00096 (15.8%) | loss: 4.404137 | lrm: 1.00 | dt: 282ms | tok/sec: 116,012 | epoch: 1 | remaining: 0s    
step 00097 (16.0%) | loss: 4.386097 | lrm: 1.00 | dt: 280ms | tok/sec: 117,140 | epoch: 1 | remaining: 0s    
step 00098 (16.1%) | loss: 4.373570 | lrm: 1.00 | dt: 281ms | tok/sec: 116,599 | epoch: 1 | remaining: 0s    
step 00099 (16.3%) | loss: 4.360747 | lrm: 1.00 | dt: 281ms | tok/sec: 116,613 | epoch: 1 | remaining: 0s    
step 00100 (16.4%) | loss: 4.347218 | lrm: 1.00 | dt: 281ms | tok/sec: 116,532 | epoch: 1 | remaining: 0s    
step 00101 (16.6%) | loss: 4.333844 | lrm: 1.00 | dt: 292ms | tok/sec: 112,184 | epoch: 1 | remaining: 0s    
step 00102 (16.8%) | loss: 4.325422 | lrm: 1.00 | dt: 281ms | tok/sec: 116,597 | epoch: 1 | remaining: 0s    
step 00103 (16.9%) | loss: 4.311877 | lrm: 1.00 | dt: 278ms | tok/sec: 117,688 | epoch: 1 | remaining: 0s    
step 00104 (17.1%) | loss: 4.297230 | lrm: 1.00 | dt: 282ms | tok/sec: 116,131 | epoch: 1 | remaining: 0s    
step 00105 (17.3%) | loss: 4.285563 | lrm: 1.00 | dt: 282ms | tok/sec: 116,120 | epoch: 1 | remaining: 0s    
step 00106 (17.4%) | loss: 4.280468 | lrm: 1.00 | dt: 281ms | tok/sec: 116,417 | epoch: 1 | remaining: 0s    
step 00107 (17.6%) | loss: 4.275234 | lrm: 1.00 | dt: 283ms | tok/sec: 115,674 | epoch: 1 | remaining: 0s    
step 00108 (17.8%) | loss: 4.263130 | lrm: 1.00 | dt: 282ms | tok/sec: 116,169 | epoch: 1 | remaining: 0s    
step 00109 (17.9%) | loss: 4.256408 | lrm: 1.00 | dt: 281ms | tok/sec: 116,564 | epoch: 1 | remaining: 0s    
step 00110 (18.1%) | loss: 4.244039 | lrm: 1.00 | dt: 280ms | tok/sec: 117,083 | epoch: 1 | remaining: 0s    
step 00111 (18.3%) | loss: 4.233300 | lrm: 1.00 | dt: 278ms | tok/sec: 117,670 | epoch: 1 | remaining: 0s    
step 00112 (18.4%) | loss: 4.234064 | lrm: 1.00 | dt: 282ms | tok/sec: 116,093 | epoch: 1 | remaining: 0s    
step 00113 (18.6%) | loss: 4.214588 | lrm: 1.00 | dt: 283ms | tok/sec: 115,615 | epoch: 1 | remaining: 0s    
step 00114 (18.8%) | loss: 4.196151 | lrm: 1.00 | dt: 283ms | tok/sec: 115,638 | epoch: 1 | remaining: 0s    
step 00115 (18.9%) | loss: 4.183134 | lrm: 1.00 | dt: 282ms | tok/sec: 116,117 | epoch: 1 | remaining: 0s    
step 00116 (19.1%) | loss: 4.167389 | lrm: 1.00 | dt: 281ms | tok/sec: 116,770 | epoch: 1 | remaining: 0s    
step 00117 (19.2%) | loss: 4.160842 | lrm: 1.00 | dt: 283ms | tok/sec: 115,596 | epoch: 1 | remaining: 0s    
step 00118 (19.4%) | loss: 4.160528 | lrm: 1.00 | dt: 279ms | tok/sec: 117,379 | epoch: 1 | remaining: 0s    
step 00119 (19.6%) | loss: 4.147611 | lrm: 1.00 | dt: 277ms | tok/sec: 118,138 | epoch: 1 | remaining: 0s    
step 00120 (19.7%) | loss: 4.134613 | lrm: 1.00 | dt: 282ms | tok/sec: 116,134 | epoch: 1 | remaining: 0s    
step 00121 (19.9%) | loss: 4.125038 | lrm: 1.00 | dt: 290ms | tok/sec: 112,817 | epoch: 1 | remaining: 0s    
step 00122 (20.1%) | loss: 4.112958 | lrm: 1.00 | dt: 293ms | tok/sec: 111,908 | epoch: 1 | remaining: 0s    
step 00123 (20.2%) | loss: 4.104594 | lrm: 1.00 | dt: 283ms | tok/sec: 115,613 | epoch: 1 | remaining: 0s    
step 00124 (20.4%) | loss: 4.095681 | lrm: 1.00 | dt: 281ms | tok/sec: 116,500 | epoch: 1 | remaining: 0s    
step 00125 (20.6%) | loss: 4.089009 | lrm: 1.00 | dt: 287ms | tok/sec: 114,345 | epoch: 1 | remaining: 0s    
step 00126 (20.7%) | loss: 4.092615 | lrm: 1.00 | dt: 279ms | tok/sec: 117,301 | epoch: 1 | remaining: 0s    
step 00127 (20.9%) | loss: 4.070774 | lrm: 1.00 | dt: 279ms | tok/sec: 117,290 | epoch: 1 | remaining: 0s    
step 00128 (21.1%) | loss: 4.065547 | lrm: 1.00 | dt: 284ms | tok/sec: 115,418 | epoch: 1 | remaining: 0s    
step 00129 (21.2%) | loss: 4.058518 | lrm: 1.00 | dt: 282ms | tok/sec: 116,118 | epoch: 1 | remaining: 0s    
step 00130 (21.4%) | loss: 4.050371 | lrm: 1.00 | dt: 281ms | tok/sec: 116,504 | epoch: 1 | remaining: 0s    
step 00131 (21.5%) | loss: 4.034687 | lrm: 1.00 | dt: 281ms | tok/sec: 116,582 | epoch: 1 | remaining: 0s    
step 00132 (21.7%) | loss: 4.022355 | lrm: 1.00 | dt: 291ms | tok/sec: 112,714 | epoch: 1 | remaining: 0s    
step 00133 (21.9%) | loss: 4.011351 | lrm: 1.00 | dt: 291ms | tok/sec: 112,735 | epoch: 1 | remaining: 0s    
step 00134 (22.0%) | loss: 4.005524 | lrm: 1.00 | dt: 280ms | tok/sec: 117,179 | epoch: 1 | remaining: 0s    
step 00135 (22.2%) | loss: 3.997035 | lrm: 1.00 | dt: 290ms | tok/sec: 112,941 | epoch: 1 | remaining: 0s    
step 00136 (22.4%) | loss: 3.981979 | lrm: 1.00 | dt: 287ms | tok/sec: 114,356 | epoch: 1 | remaining: 0s    
step 00137 (22.5%) | loss: 3.973107 | lrm: 1.00 | dt: 287ms | tok/sec: 114,346 | epoch: 1 | remaining: 0s    
step 00138 (22.7%) | loss: 3.966806 | lrm: 1.00 | dt: 284ms | tok/sec: 115,424 | epoch: 1 | remaining: 0s    
step 00139 (22.9%) | loss: 3.967201 | lrm: 1.00 | dt: 283ms | tok/sec: 115,708 | epoch: 1 | remaining: 0s    
step 00140 (23.0%) | loss: 3.960507 | lrm: 1.00 | dt: 283ms | tok/sec: 115,967 | epoch: 1 | remaining: 0s    
step 00141 (23.2%) | loss: 3.957526 | lrm: 1.00 | dt: 292ms | tok/sec: 112,284 | epoch: 1 | remaining: 0s    
step 00142 (23.4%) | loss: 3.954595 | lrm: 1.00 | dt: 280ms | tok/sec: 116,960 | epoch: 1 | remaining: 0s    
step 00143 (23.5%) | loss: 3.939780 | lrm: 1.00 | dt: 281ms | tok/sec: 116,762 | epoch: 1 | remaining: 0s    
step 00144 (23.7%) | loss: 3.925789 | lrm: 1.00 | dt: 280ms | tok/sec: 116,951 | epoch: 1 | remaining: 0s    
step 00145 (23.8%) | loss: 3.917631 | lrm: 1.00 | dt: 280ms | tok/sec: 117,160 | epoch: 1 | remaining: 0s    
step 00146 (24.0%) | loss: 3.909029 | lrm: 1.00 | dt: 283ms | tok/sec: 115,763 | epoch: 1 | remaining: 0s    
step 00147 (24.2%) | loss: 3.904362 | lrm: 1.00 | dt: 282ms | tok/sec: 116,024 | epoch: 1 | remaining: 0s    
step 00148 (24.3%) | loss: 3.906907 | lrm: 1.00 | dt: 284ms | tok/sec: 115,475 | epoch: 1 | remaining: 0s    
step 00149 (24.5%) | loss: 3.895838 | lrm: 1.00 | dt: 284ms | tok/sec: 115,319 | epoch: 1 | remaining: 0s    
step 00150 (24.7%) | loss: 3.889629 | lrm: 1.00 | dt: 280ms | tok/sec: 117,179 | epoch: 1 | remaining: 0s    
step 00151 (24.8%) | loss: 3.885275 | lrm: 1.00 | dt: 279ms | tok/sec: 117,411 | epoch: 1 | remaining: 0s    
step 00152 (25.0%) | loss: 3.883226 | lrm: 1.00 | dt: 281ms | tok/sec: 116,449 | epoch: 1 | remaining: 0s    
step 00153 (25.2%) | loss: 3.884318 | lrm: 1.00 | dt: 291ms | tok/sec: 112,672 | epoch: 1 | remaining: 0s    
step 00154 (25.3%) | loss: 3.873397 | lrm: 1.00 | dt: 283ms | tok/sec: 115,769 | epoch: 1 | remaining: 0s    
step 00155 (25.5%) | loss: 3.859990 | lrm: 1.00 | dt: 282ms | tok/sec: 116,233 | epoch: 1 | remaining: 0s    
step 00156 (25.7%) | loss: 3.848334 | lrm: 1.00 | dt: 284ms | tok/sec: 115,296 | epoch: 1 | remaining: 0s    
step 00157 (25.8%) | loss: 3.836737 | lrm: 1.00 | dt: 281ms | tok/sec: 116,805 | epoch: 1 | remaining: 0s    
step 00158 (26.0%) | loss: 3.837468 | lrm: 1.00 | dt: 280ms | tok/sec: 117,139 | epoch: 1 | remaining: 0s    
step 00159 (26.2%) | loss: 3.836403 | lrm: 1.00 | dt: 280ms | tok/sec: 117,194 | epoch: 1 | remaining: 0s    
step 00160 (26.3%) | loss: 3.841564 | lrm: 1.00 | dt: 287ms | tok/sec: 114,220 | epoch: 1 | remaining: 0s    
step 00161 (26.5%) | loss: 3.840258 | lrm: 1.00 | dt: 289ms | tok/sec: 113,543 | epoch: 1 | remaining: 0s    
step 00162 (26.6%) | loss: 3.839001 | lrm: 1.00 | dt: 283ms | tok/sec: 115,587 | epoch: 1 | remaining: 0s    
step 00163 (26.8%) | loss: 3.826992 | lrm: 1.00 | dt: 279ms | tok/sec: 117,375 | epoch: 1 | remaining: 0s    
step 00164 (27.0%) | loss: 3.816454 | lrm: 1.00 | dt: 284ms | tok/sec: 115,364 | epoch: 1 | remaining: 0s    
step 00165 (27.1%) | loss: 3.808875 | lrm: 1.00 | dt: 281ms | tok/sec: 116,683 | epoch: 1 | remaining: 0s    
step 00166 (27.3%) | loss: 3.797569 | lrm: 1.00 | dt: 278ms | tok/sec: 117,885 | epoch: 1 | remaining: 0s    
step 00167 (27.5%) | loss: 3.796145 | lrm: 1.00 | dt: 278ms | tok/sec: 117,705 | epoch: 1 | remaining: 0s    
step 00168 (27.6%) | loss: 3.794403 | lrm: 1.00 | dt: 280ms | tok/sec: 117,196 | epoch: 1 | remaining: 0s    
step 00169 (27.8%) | loss: 3.784663 | lrm: 1.00 | dt: 282ms | tok/sec: 116,284 | epoch: 1 | remaining: 0s    
step 00170 (28.0%) | loss: 3.772555 | lrm: 1.00 | dt: 284ms | tok/sec: 115,442 | epoch: 1 | remaining: 0s    
step 00171 (28.1%) | loss: 3.778929 | lrm: 1.00 | dt: 284ms | tok/sec: 115,514 | epoch: 1 | remaining: 0s    
step 00172 (28.3%) | loss: 3.772444 | lrm: 1.00 | dt: 284ms | tok/sec: 115,251 | epoch: 1 | remaining: 0s    
step 00173 (28.5%) | loss: 3.767698 | lrm: 1.00 | dt: 281ms | tok/sec: 116,693 | epoch: 1 | remaining: 0s    
step 00174 (28.6%) | loss: 3.762131 | lrm: 1.00 | dt: 279ms | tok/sec: 117,300 | epoch: 1 | remaining: 0s    
step 00175 (28.8%) | loss: 3.756295 | lrm: 1.00 | dt: 279ms | tok/sec: 117,480 | epoch: 1 | remaining: 0s    
step 00176 (28.9%) | loss: 3.754527 | lrm: 1.00 | dt: 281ms | tok/sec: 116,771 | epoch: 1 | remaining: 0s    
step 00177 (29.1%) | loss: 3.759076 | lrm: 1.00 | dt: 286ms | tok/sec: 114,460 | epoch: 1 | remaining: 0s    
step 00178 (29.3%) | loss: 3.755137 | lrm: 1.00 | dt: 277ms | tok/sec: 118,189 | epoch: 1 | remaining: 0s    
step 00179 (29.4%) | loss: 3.747402 | lrm: 1.00 | dt: 286ms | tok/sec: 114,418 | epoch: 1 | remaining: 0s    
step 00180 (29.6%) | loss: 3.740918 | lrm: 1.00 | dt: 284ms | tok/sec: 115,555 | epoch: 1 | remaining: 0s    
step 00181 (29.8%) | loss: 3.731396 | lrm: 1.00 | dt: 281ms | tok/sec: 116,479 | epoch: 1 | remaining: 0s    
step 00182 (29.9%) | loss: 3.733864 | lrm: 1.00 | dt: 280ms | tok/sec: 117,064 | epoch: 1 | remaining: 0s    
step 00183 (30.1%) | loss: 3.729699 | lrm: 1.00 | dt: 281ms | tok/sec: 116,659 | epoch: 1 | remaining: 0s    
step 00184 (30.3%) | loss: 3.735069 | lrm: 1.00 | dt: 282ms | tok/sec: 116,201 | epoch: 1 | remaining: 0s    
step 00185 (30.4%) | loss: 3.725330 | lrm: 1.00 | dt: 282ms | tok/sec: 116,031 | epoch: 1 | remaining: 0s    
step 00186 (30.6%) | loss: 3.719112 | lrm: 1.00 | dt: 283ms | tok/sec: 115,734 | epoch: 1 | remaining: 0s    
step 00187 (30.8%) | loss: 3.711515 | lrm: 1.00 | dt: 285ms | tok/sec: 115,105 | epoch: 1 | remaining: 0s    
step 00188 (30.9%) | loss: 3.703948 | lrm: 1.00 | dt: 283ms | tok/sec: 115,635 | epoch: 1 | remaining: 0s    
step 00189 (31.1%) | loss: 3.703381 | lrm: 1.00 | dt: 286ms | tok/sec: 114,547 | epoch: 1 | remaining: 0s    
step 00190 (31.2%) | loss: 3.696793 | lrm: 1.00 | dt: 279ms | tok/sec: 117,458 | epoch: 1 | remaining: 0s    
step 00191 (31.4%) | loss: 3.690941 | lrm: 1.00 | dt: 280ms | tok/sec: 117,060 | epoch: 1 | remaining: 0s    
step 00192 (31.6%) | loss: 3.682003 | lrm: 1.00 | dt: 283ms | tok/sec: 115,729 | epoch: 1 | remaining: 0s    
step 00193 (31.7%) | loss: 3.670251 | lrm: 1.00 | dt: 285ms | tok/sec: 115,051 | epoch: 1 | remaining: 0s    
step 00194 (31.9%) | loss: 3.671987 | lrm: 1.00 | dt: 282ms | tok/sec: 116,304 | epoch: 1 | remaining: 0s    
step 00195 (32.1%) | loss: 3.668547 | lrm: 1.00 | dt: 281ms | tok/sec: 116,597 | epoch: 1 | remaining: 0s    
step 00196 (32.2%) | loss: 3.672557 | lrm: 1.00 | dt: 285ms | tok/sec: 114,938 | epoch: 1 | remaining: 0s    
step 00197 (32.4%) | loss: 3.669926 | lrm: 1.00 | dt: 281ms | tok/sec: 116,605 | epoch: 1 | remaining: 0s    
step 00198 (32.6%) | loss: 3.660115 | lrm: 1.00 | dt: 279ms | tok/sec: 117,595 | epoch: 1 | remaining: 0s    
step 00199 (32.7%) | loss: 3.654547 | lrm: 1.00 | dt: 279ms | tok/sec: 117,466 | epoch: 1 | remaining: 0s    
step 00200 (32.9%) | loss: 3.645594 | lrm: 1.00 | dt: 281ms | tok/sec: 116,663 | epoch: 1 | remaining: 0s    
step 00201 (33.1%) | loss: 3.639542 | lrm: 1.00 | dt: 282ms | tok/sec: 116,117 | epoch: 1 | remaining: 0s    
step 00202 (33.2%) | loss: 3.636752 | lrm: 1.00 | dt: 286ms | tok/sec: 114,512 | epoch: 1 | remaining: 0s    
step 00203 (33.4%) | loss: 3.631495 | lrm: 1.00 | dt: 291ms | tok/sec: 112,561 | epoch: 1 | remaining: 0s    
step 00204 (33.6%) | loss: 3.630434 | lrm: 1.00 | dt: 292ms | tok/sec: 112,034 | epoch: 1 | remaining: 0s    
step 00205 (33.7%) | loss: 3.630254 | lrm: 1.00 | dt: 295ms | tok/sec: 110,951 | epoch: 1 | remaining: 0s    
step 00206 (33.9%) | loss: 3.632605 | lrm: 1.00 | dt: 289ms | tok/sec: 113,241 | epoch: 1 | remaining: 0s    
step 00207 (34.0%) | loss: 3.624226 | lrm: 1.00 | dt: 298ms | tok/sec: 110,110 | epoch: 1 | remaining: 0s    
step 00208 (34.2%) | loss: 3.624001 | lrm: 1.00 | dt: 289ms | tok/sec: 113,348 | epoch: 1 | remaining: 0s    
step 00209 (34.4%) | loss: 3.617666 | lrm: 1.00 | dt: 294ms | tok/sec: 111,296 | epoch: 1 | remaining: 0s    
step 00210 (34.5%) | loss: 3.616496 | lrm: 1.00 | dt: 287ms | tok/sec: 114,020 | epoch: 1 | remaining: 0s    
step 00211 (34.7%) | loss: 3.609751 | lrm: 1.00 | dt: 294ms | tok/sec: 111,495 | epoch: 1 | remaining: 0s    
step 00212 (34.9%) | loss: 3.603484 | lrm: 1.00 | dt: 305ms | tok/sec: 107,312 | epoch: 1 | remaining: 0s    
step 00213 (35.0%) | loss: 3.610028 | lrm: 1.00 | dt: 303ms | tok/sec: 108,010 | epoch: 1 | remaining: 0s    
step 00214 (35.2%) | loss: 3.605592 | lrm: 1.00 | dt: 295ms | tok/sec: 110,977 | epoch: 1 | remaining: 0s    
step 00215 (35.4%) | loss: 3.597267 | lrm: 1.00 | dt: 291ms | tok/sec: 112,465 | epoch: 1 | remaining: 0s    
step 00216 (35.5%) | loss: 3.598291 | lrm: 1.00 | dt: 292ms | tok/sec: 112,055 | epoch: 1 | remaining: 0s    
step 00217 (35.7%) | loss: 3.598228 | lrm: 1.00 | dt: 297ms | tok/sec: 110,231 | epoch: 1 | remaining: 0s    
step 00218 (35.9%) | loss: 3.596674 | lrm: 1.00 | dt: 310ms | tok/sec: 105,761 | epoch: 1 | remaining: 0s    
step 00219 (36.0%) | loss: 3.582749 | lrm: 1.00 | dt: 312ms | tok/sec: 105,107 | epoch: 1 | remaining: 0s    
step 00220 (36.2%) | loss: 3.602287 | lrm: 1.00 | dt: 298ms | tok/sec: 109,987 | epoch: 1 | remaining: 0s    
step 00221 (36.3%) | loss: 3.599650 | lrm: 1.00 | dt: 295ms | tok/sec: 111,119 | epoch: 1 | remaining: 0s    
step 00222 (36.5%) | loss: 3.601982 | lrm: 1.00 | dt: 303ms | tok/sec: 108,111 | epoch: 1 | remaining: 0s    
step 00223 (36.7%) | loss: 3.606738 | lrm: 1.00 | dt: 301ms | tok/sec: 108,977 | epoch: 1 | remaining: 0s    
step 00224 (36.8%) | loss: 3.592894 | lrm: 1.00 | dt: 296ms | tok/sec: 110,691 | epoch: 1 | remaining: 0s    
step 00225 (37.0%) | loss: 3.585000 | lrm: 1.00 | dt: 312ms | tok/sec: 104,960 | epoch: 1 | remaining: 0s    
step 00226 (37.2%) | loss: 3.574177 | lrm: 1.00 | dt: 309ms | tok/sec: 106,063 | epoch: 1 | remaining: 0s    
step 00227 (37.3%) | loss: 3.574791 | lrm: 1.00 | dt: 307ms | tok/sec: 106,567 | epoch: 1 | remaining: 0s    
step 00228 (37.5%) | loss: 3.573014 | lrm: 1.00 | dt: 313ms | tok/sec: 104,639 | epoch: 1 | remaining: 0s    
step 00229 (37.7%) | loss: 3.569892 | lrm: 1.00 | dt: 309ms | tok/sec: 105,876 | epoch: 1 | remaining: 0s    
step 00230 (37.8%) | loss: 3.563038 | lrm: 1.00 | dt: 306ms | tok/sec: 107,229 | epoch: 1 | remaining: 0s    
step 00231 (38.0%) | loss: 3.560695 | lrm: 1.00 | dt: 312ms | tok/sec: 104,955 | epoch: 1 | remaining: 0s    
step 00232 (38.2%) | loss: 3.556302 | lrm: 1.00 | dt: 321ms | tok/sec: 101,996 | epoch: 1 | remaining: 0s    
step 00233 (38.3%) | loss: 3.551918 | lrm: 1.00 | dt: 337ms | tok/sec: 97,149 | epoch: 1 | remaining: 0s    
step 00234 (38.5%) | loss: 3.541228 | lrm: 1.00 | dt: 322ms | tok/sec: 101,843 | epoch: 1 | remaining: 0s    
step 00235 (38.7%) | loss: 3.537691 | lrm: 1.00 | dt: 316ms | tok/sec: 103,605 | epoch: 1 | remaining: 0s    
step 00236 (38.8%) | loss: 3.536560 | lrm: 1.00 | dt: 305ms | tok/sec: 107,458 | epoch: 1 | remaining: 0s    
step 00237 (39.0%) | loss: 3.542008 | lrm: 1.00 | dt: 308ms | tok/sec: 106,451 | epoch: 1 | remaining: 0s    
step 00238 (39.1%) | loss: 3.533411 | lrm: 1.00 | dt: 331ms | tok/sec: 99,115 | epoch: 1 | remaining: 0s    
step 00239 (39.3%) | loss: 3.528649 | lrm: 1.00 | dt: 337ms | tok/sec: 97,147 | epoch: 1 | remaining: 0s    
step 00240 (39.5%) | loss: 3.532382 | lrm: 1.00 | dt: 322ms | tok/sec: 101,906 | epoch: 1 | remaining: 0s    
step 00241 (39.6%) | loss: 3.530400 | lrm: 1.00 | dt: 332ms | tok/sec: 98,613 | epoch: 1 | remaining: 0s    
step 00242 (39.8%) | loss: 3.527628 | lrm: 1.00 | dt: 337ms | tok/sec: 97,228 | epoch: 1 | remaining: 0s    
step 00243 (40.0%) | loss: 3.516760 | lrm: 1.00 | dt: 347ms | tok/sec: 94,369 | epoch: 1 | remaining: 0s    
step 00244 (40.1%) | loss: 3.518765 | lrm: 1.00 | dt: 368ms | tok/sec: 88,944 | epoch: 1 | remaining: 0s    
step 00245 (40.3%) | loss: 3.510596 | lrm: 1.00 | dt: 380ms | tok/sec: 86,186 | epoch: 1 | remaining: 0s    
step 00246 (40.5%) | loss: 3.515131 | lrm: 1.00 | dt: 387ms | tok/sec: 84,576 | epoch: 1 | remaining: 0s    
step 00247 (40.6%) | loss: 3.513381 | lrm: 1.00 | dt: 375ms | tok/sec: 87,307 | epoch: 1 | remaining: 0s    
step 00248 (40.8%) | loss: 3.515489 | lrm: 1.00 | dt: 369ms | tok/sec: 88,796 | epoch: 1 | remaining: 0s    
step 00249 (41.0%) | loss: 3.513666 | lrm: 1.00 | dt: 361ms | tok/sec: 90,770 | epoch: 1 | remaining: 0s    
step 00250 (41.1%) | loss: 3.517255 | lrm: 1.00 | dt: 354ms | tok/sec: 92,551 | epoch: 1 | remaining: 0s    
step 00251 (41.3%) | loss: 3.526296 | lrm: 1.00 | dt: 349ms | tok/sec: 93,855 | epoch: 1 | remaining: 0s    
step 00252 (41.4%) | loss: 3.510523 | lrm: 1.00 | dt: 341ms | tok/sec: 96,001 | epoch: 1 | remaining: 0s    
step 00253 (41.6%) | loss: 3.504755 | lrm: 1.00 | dt: 341ms | tok/sec: 96,041 | epoch: 1 | remaining: 0s    
step 00254 (41.8%) | loss: 3.503456 | lrm: 1.00 | dt: 336ms | tok/sec: 97,405 | epoch: 1 | remaining: 0s    
step 00255 (41.9%) | loss: 3.509345 | lrm: 1.00 | dt: 338ms | tok/sec: 97,006 | epoch: 1 | remaining: 0s    
step 00256 (42.1%) | loss: 3.505790 | lrm: 1.00 | dt: 342ms | tok/sec: 95,846 | epoch: 1 | remaining: 0s    
step 00257 (42.3%) | loss: 3.495834 | lrm: 1.00 | dt: 349ms | tok/sec: 93,919 | epoch: 1 | remaining: 0s    
step 00258 (42.4%) | loss: 3.498917 | lrm: 1.00 | dt: 357ms | tok/sec: 91,869 | epoch: 1 | remaining: 0s    
step 00259 (42.6%) | loss: 3.493195 | lrm: 1.00 | dt: 367ms | tok/sec: 89,172 | epoch: 1 | remaining: 0s    
step 00260 (42.8%) | loss: 3.495966 | lrm: 1.00 | dt: 382ms | tok/sec: 85,765 | epoch: 1 | remaining: 0s    
step 00261 (42.9%) | loss: 3.493725 | lrm: 1.00 | dt: 387ms | tok/sec: 84,606 | epoch: 1 | remaining: 0s    
step 00262 (43.1%) | loss: 3.489075 | lrm: 1.00 | dt: 396ms | tok/sec: 82,831 | epoch: 1 | remaining: 0s    
step 00263 (43.3%) | loss: 3.484417 | lrm: 1.00 | dt: 404ms | tok/sec: 81,105 | epoch: 1 | remaining: 0s    
step 00264 (43.4%) | loss: 3.482362 | lrm: 1.00 | dt: 395ms | tok/sec: 83,003 | epoch: 1 | remaining: 0s    
step 00265 (43.6%) | loss: 3.479543 | lrm: 1.00 | dt: 390ms | tok/sec: 83,972 | epoch: 1 | remaining: 0s    
step 00266 (43.8%) | loss: 3.477515 | lrm: 1.00 | dt: 384ms | tok/sec: 85,292 | epoch: 1 | remaining: 0s    
step 00267 (43.9%) | loss: 3.472744 | lrm: 1.00 | dt: 371ms | tok/sec: 88,314 | epoch: 1 | remaining: 0s    
step 00268 (44.1%) | loss: 3.475415 | lrm: 1.00 | dt: 362ms | tok/sec: 90,615 | epoch: 1 | remaining: 0s    
step 00269 (44.2%) | loss: 3.471064 | lrm: 1.00 | dt: 359ms | tok/sec: 91,264 | epoch: 1 | remaining: 0s    
step 00270 (44.4%) | loss: 3.469545 | lrm: 1.00 | dt: 357ms | tok/sec: 91,730 | epoch: 1 | remaining: 0s    
step 00271 (44.6%) | loss: 3.469814 | lrm: 1.00 | dt: 357ms | tok/sec: 91,825 | epoch: 1 | remaining: 0s    
step 00272 (44.7%) | loss: 3.470601 | lrm: 1.00 | dt: 358ms | tok/sec: 91,431 | epoch: 1 | remaining: 0s    
step 00273 (44.9%) | loss: 3.468429 | lrm: 1.00 | dt: 361ms | tok/sec: 90,723 | epoch: 1 | remaining: 0s    
step 00274 (45.1%) | loss: 3.465424 | lrm: 1.00 | dt: 367ms | tok/sec: 89,357 | epoch: 1 | remaining: 0s    
step 00275 (45.2%) | loss: 3.462776 | lrm: 1.00 | dt: 377ms | tok/sec: 87,030 | epoch: 1 | remaining: 0s    
step 00276 (45.4%) | loss: 3.464934 | lrm: 1.00 | dt: 389ms | tok/sec: 84,166 | epoch: 1 | remaining: 0s    
step 00277 (45.6%) | loss: 3.464921 | lrm: 1.00 | dt: 403ms | tok/sec: 81,279 | epoch: 1 | remaining: 0s    
step 00278 (45.7%) | loss: 3.466990 | lrm: 1.00 | dt: 420ms | tok/sec: 78,096 | epoch: 1 | remaining: 0s    
step 00279 (45.9%) | loss: 3.456615 | lrm: 1.00 | dt: 428ms | tok/sec: 76,587 | epoch: 1 | remaining: 0s    
step 00280 (46.1%) | loss: 3.460918 | lrm: 1.00 | dt: 424ms | tok/sec: 77,198 | epoch: 1 | remaining: 0s    
step 00281 (46.2%) | loss: 3.464667 | lrm: 1.00 | dt: 416ms | tok/sec: 78,822 | epoch: 1 | remaining: 0s    
step 00282 (46.4%) | loss: 3.457367 | lrm: 1.00 | dt: 403ms | tok/sec: 81,367 | epoch: 1 | remaining: 0s    
step 00283 (46.5%) | loss: 3.452686 | lrm: 1.00 | dt: 389ms | tok/sec: 84,243 | epoch: 1 | remaining: 0s    
step 00284 (46.7%) | loss: 3.451791 | lrm: 1.00 | dt: 381ms | tok/sec: 86,070 | epoch: 1 | remaining: 0s    
step 00285 (46.9%) | loss: 3.457275 | lrm: 1.00 | dt: 374ms | tok/sec: 87,705 | epoch: 1 | remaining: 0s    
step 00286 (47.0%) | loss: 3.458892 | lrm: 1.00 | dt: 375ms | tok/sec: 87,466 | epoch: 1 | remaining: 0s    
step 00287 (47.2%) | loss: 3.457499 | lrm: 1.00 | dt: 377ms | tok/sec: 86,958 | epoch: 1 | remaining: 0s    
step 00288 (47.4%) | loss: 3.452640 | lrm: 1.00 | dt: 378ms | tok/sec: 86,736 | epoch: 1 | remaining: 0s    
step 00289 (47.5%) | loss: 3.439279 | lrm: 1.00 | dt: 381ms | tok/sec: 86,048 | epoch: 1 | remaining: 0s    
step 00290 (47.7%) | loss: 3.435049 | lrm: 1.00 | dt: 388ms | tok/sec: 84,359 | epoch: 1 | remaining: 0s    
step 00291 (47.9%) | loss: 3.436887 | lrm: 1.00 | dt: 399ms | tok/sec: 82,100 | epoch: 1 | remaining: 0s    
step 00292 (48.0%) | loss: 3.426689 | lrm: 1.00 | dt: 418ms | tok/sec: 78,459 | epoch: 1 | remaining: 0s    
step 00293 (48.2%) | loss: 3.422292 | lrm: 1.00 | dt: 433ms | tok/sec: 75,661 | epoch: 1 | remaining: 0s    
step 00294 (48.4%) | loss: 3.423846 | lrm: 1.00 | dt: 444ms | tok/sec: 73,740 | epoch: 1 | remaining: 0s    
step 00295 (48.5%) | loss: 3.419794 | lrm: 1.00 | dt: 438ms | tok/sec: 74,790 | epoch: 1 | remaining: 0s    
step 00296 (48.7%) | loss: 3.417785 | lrm: 1.00 | dt: 423ms | tok/sec: 77,412 | epoch: 1 | remaining: 0s    
step 00297 (48.8%) | loss: 3.417750 | lrm: 1.00 | dt: 412ms | tok/sec: 79,555 | epoch: 1 | remaining: 0s    
step 00298 (49.0%) | loss: 3.413545 | lrm: 1.00 | dt: 402ms | tok/sec: 81,450 | epoch: 1 | remaining: 0s    
step 00299 (49.2%) | loss: 3.413185 | lrm: 1.00 | dt: 390ms | tok/sec: 84,052 | epoch: 1 | remaining: 0s    
step 00300 (49.3%) | loss: 3.412672 | lrm: 1.00 | dt: 386ms | tok/sec: 84,818 | epoch: 1 | remaining: 0s    
step 00301 (49.5%) | loss: 3.417247 | lrm: 1.00 | dt: 388ms | tok/sec: 84,409 | epoch: 1 | remaining: 0s    
step 00302 (49.7%) | loss: 3.420011 | lrm: 1.00 | dt: 384ms | tok/sec: 85,356 | epoch: 1 | remaining: 0s    
step 00303 (49.8%) | loss: 3.424236 | lrm: 1.00 | dt: 397ms | tok/sec: 82,542 | epoch: 1 | remaining: 0s    
step 00304 (50.0%) | loss: 3.424539 | lrm: 1.00 | dt: 409ms | tok/sec: 80,149 | epoch: 1 | remaining: 0s    
step 00305 (50.2%) | loss: 3.430556 | lrm: 1.00 | dt: 427ms | tok/sec: 76,827 | epoch: 1 | remaining: 0s    
step 00306 (50.3%) | loss: 3.423803 | lrm: 0.99 | dt: 438ms | tok/sec: 74,877 | epoch: 1 | remaining: 0s    
step 00307 (50.5%) | loss: 3.424558 | lrm: 0.99 | dt: 449ms | tok/sec: 72,973 | epoch: 1 | remaining: 0s    
step 00308 (50.7%) | loss: 3.419195 | lrm: 0.99 | dt: 458ms | tok/sec: 71,595 | epoch: 1 | remaining: 0s    
step 00309 (50.8%) | loss: 3.417631 | lrm: 0.98 | dt: 445ms | tok/sec: 73,620 | epoch: 1 | remaining: 0s    
step 00310 (51.0%) | loss: 3.413794 | lrm: 0.98 | dt: 443ms | tok/sec: 74,002 | epoch: 1 | remaining: 0s    
step 00311 (51.2%) | loss: 3.412765 | lrm: 0.98 | dt: 431ms | tok/sec: 75,954 | epoch: 1 | remaining: 0s    
step 00312 (51.3%) | loss: 3.407800 | lrm: 0.97 | dt: 418ms | tok/sec: 78,405 | epoch: 1 | remaining: 0s    
step 00313 (51.5%) | loss: 3.422827 | lrm: 0.97 | dt: 407ms | tok/sec: 80,421 | epoch: 1 | remaining: 0s    
step 00314 (51.6%) | loss: 3.426103 | lrm: 0.97 | dt: 407ms | tok/sec: 80,429 | epoch: 1 | remaining: 0s    
step 00315 (51.8%) | loss: 3.421064 | lrm: 0.96 | dt: 409ms | tok/sec: 80,198 | epoch: 1 | remaining: 0s    
step 00316 (52.0%) | loss: 3.418428 | lrm: 0.96 | dt: 410ms | tok/sec: 79,981 | epoch: 1 | remaining: 0s    
step 00317 (52.1%) | loss: 3.411165 | lrm: 0.96 | dt: 418ms | tok/sec: 78,372 | epoch: 1 | remaining: 0s    
step 00318 (52.3%) | loss: 3.404440 | lrm: 0.95 | dt: 426ms | tok/sec: 76,852 | epoch: 1 | remaining: 0s    
step 00319 (52.5%) | loss: 3.406220 | lrm: 0.95 | dt: 441ms | tok/sec: 74,266 | epoch: 1 | remaining: 0s    
step 00320 (52.6%) | loss: 3.410176 | lrm: 0.95 | dt: 449ms | tok/sec: 72,981 | epoch: 1 | remaining: 0s    
step 00321 (52.8%) | loss: 3.406781 | lrm: 0.94 | dt: 462ms | tok/sec: 70,989 | epoch: 1 | remaining: 0s    
step 00322 (53.0%) | loss: 3.405071 | lrm: 0.94 | dt: 463ms | tok/sec: 70,702 | epoch: 1 | remaining: 0s    
step 00323 (53.1%) | loss: 3.403264 | lrm: 0.94 | dt: 455ms | tok/sec: 71,968 | epoch: 1 | remaining: 0s    
step 00324 (53.3%) | loss: 3.400286 | lrm: 0.93 | dt: 457ms | tok/sec: 71,740 | epoch: 1 | remaining: 0s    
step 00325 (53.5%) | loss: 3.395988 | lrm: 0.93 | dt: 464ms | tok/sec: 70,568 | epoch: 1 | remaining: 0s    
step 00326 (53.6%) | loss: 3.392058 | lrm: 0.93 | dt: 464ms | tok/sec: 70,592 | epoch: 1 | remaining: 0s    
step 00327 (53.8%) | loss: 3.391154 | lrm: 0.92 | dt: 451ms | tok/sec: 72,732 | epoch: 1 | remaining: 0s    
step 00328 (53.9%) | loss: 3.382649 | lrm: 0.92 | dt: 449ms | tok/sec: 73,044 | epoch: 1 | remaining: 0s    
step 00329 (54.1%) | loss: 3.390052 | lrm: 0.92 | dt: 457ms | tok/sec: 71,744 | epoch: 1 | remaining: 0s    
step 00330 (54.3%) | loss: 3.394442 | lrm: 0.91 | dt: 473ms | tok/sec: 69,232 | epoch: 1 | remaining: 0s    
step 00331 (54.4%) | loss: 3.386136 | lrm: 0.91 | dt: 466ms | tok/sec: 70,285 | epoch: 1 | remaining: 0s    
step 00332 (54.6%) | loss: 3.379860 | lrm: 0.91 | dt: 475ms | tok/sec: 69,042 | epoch: 1 | remaining: 0s    
step 00333 (54.8%) | loss: 3.364899 | lrm: 0.90 | dt: 473ms | tok/sec: 69,289 | epoch: 1 | remaining: 0s    
step 00334 (54.9%) | loss: 3.358583 | lrm: 0.90 | dt: 471ms | tok/sec: 69,546 | epoch: 1 | remaining: 0s    
step 00335 (55.1%) | loss: 3.352978 | lrm: 0.90 | dt: 468ms | tok/sec: 69,987 | epoch: 1 | remaining: 0s    
step 00336 (55.3%) | loss: 3.357124 | lrm: 0.89 | dt: 466ms | tok/sec: 70,359 | epoch: 1 | remaining: 0s    
step 00337 (55.4%) | loss: 3.357558 | lrm: 0.89 | dt: 463ms | tok/sec: 70,826 | epoch: 1 | remaining: 0s    
step 00338 (55.6%) | loss: 3.359942 | lrm: 0.89 | dt: 463ms | tok/sec: 70,712 | epoch: 1 | remaining: 0s    
step 00339 (55.8%) | loss: 3.362886 | lrm: 0.88 | dt: 468ms | tok/sec: 70,062 | epoch: 1 | remaining: 0s    
step 00340 (55.9%) | loss: 3.363733 | lrm: 0.88 | dt: 473ms | tok/sec: 69,283 | epoch: 1 | remaining: 0s    
step 00341 (56.1%) | loss: 3.355344 | lrm: 0.88 | dt: 480ms | tok/sec: 68,330 | epoch: 1 | remaining: 0s    
step 00342 (56.2%) | loss: 3.351220 | lrm: 0.88 | dt: 478ms | tok/sec: 68,540 | epoch: 1 | remaining: 0s    
step 00343 (56.4%) | loss: 3.344371 | lrm: 0.87 | dt: 484ms | tok/sec: 67,761 | epoch: 1 | remaining: 0s    
step 00344 (56.6%) | loss: 3.343109 | lrm: 0.87 | dt: 498ms | tok/sec: 65,736 | epoch: 1 | remaining: 0s    
step 00345 (56.7%) | loss: 3.358043 | lrm: 0.87 | dt: 494ms | tok/sec: 66,398 | epoch: 1 | remaining: 0s    
step 00346 (56.9%) | loss: 3.361118 | lrm: 0.86 | dt: 496ms | tok/sec: 66,092 | epoch: 1 | remaining: 0s    
step 00347 (57.1%) | loss: 3.363047 | lrm: 0.86 | dt: 487ms | tok/sec: 67,308 | epoch: 1 | remaining: 0s    
step 00348 (57.2%) | loss: 3.358997 | lrm: 0.86 | dt: 494ms | tok/sec: 66,288 | epoch: 1 | remaining: 0s    
step 00349 (57.4%) | loss: 3.361268 | lrm: 0.85 | dt: 498ms | tok/sec: 65,851 | epoch: 1 | remaining: 0s    
step 00350 (57.6%) | loss: 3.358503 | lrm: 0.85 | dt: 514ms | tok/sec: 63,788 | epoch: 1 | remaining: 0s    
step 00351 (57.7%) | loss: 3.353912 | lrm: 0.85 | dt: 504ms | tok/sec: 64,963 | epoch: 1 | remaining: 0s    
step 00352 (57.9%) | loss: 3.352571 | lrm: 0.84 | dt: 516ms | tok/sec: 63,528 | epoch: 1 | remaining: 0s    
step 00353 (58.1%) | loss: 3.346176 | lrm: 0.84 | dt: 506ms | tok/sec: 64,768 | epoch: 1 | remaining: 0s    
step 00354 (58.2%) | loss: 3.339452 | lrm: 0.84 | dt: 514ms | tok/sec: 63,704 | epoch: 1 | remaining: 0s    
step 00355 (58.4%) | loss: 3.335526 | lrm: 0.83 | dt: 498ms | tok/sec: 65,814 | epoch: 1 | remaining: 0s    
step 00356 (58.6%) | loss: 3.334095 | lrm: 0.83 | dt: 510ms | tok/sec: 64,231 | epoch: 1 | remaining: 0s    
step 00357 (58.7%) | loss: 3.336181 | lrm: 0.83 | dt: 510ms | tok/sec: 64,218 | epoch: 1 | remaining: 0s    
step 00358 (58.9%) | loss: 3.338817 | lrm: 0.82 | dt: 519ms | tok/sec: 63,168 | epoch: 1 | remaining: 0s    
step 00359 (59.0%) | loss: 3.340758 | lrm: 0.82 | dt: 522ms | tok/sec: 62,744 | epoch: 1 | remaining: 0s    
step 00360 (59.2%) | loss: 3.328648 | lrm: 0.82 | dt: 510ms | tok/sec: 64,191 | epoch: 1 | remaining: 0s    
step 00361 (59.4%) | loss: 3.329334 | lrm: 0.81 | dt: 521ms | tok/sec: 62,884 | epoch: 1 | remaining: 0s    
step 00362 (59.5%) | loss: 3.326421 | lrm: 0.81 | dt: 522ms | tok/sec: 62,717 | epoch: 1 | remaining: 0s    
step 00363 (59.7%) | loss: 3.333132 | lrm: 0.81 | dt: 535ms | tok/sec: 61,204 | epoch: 1 | remaining: 0s    
step 00364 (59.9%) | loss: 3.337104 | lrm: 0.80 | dt: 525ms | tok/sec: 62,447 | epoch: 1 | remaining: 0s    
step 00365 (60.0%) | loss: 3.328470 | lrm: 0.80 | dt: 536ms | tok/sec: 61,095 | epoch: 1 | remaining: 0s    
step 00366 (60.2%) | loss: 3.318510 | lrm: 0.80 | dt: 517ms | tok/sec: 63,335 | epoch: 1 | remaining: 0s    
step 00367 (60.4%) | loss: 3.315170 | lrm: 0.79 | dt: 537ms | tok/sec: 60,967 | epoch: 1 | remaining: 0s    
step 00368 (60.5%) | loss: 3.315304 | lrm: 0.79 | dt: 536ms | tok/sec: 61,107 | epoch: 1 | remaining: 0s    
step 00369 (60.7%) | loss: 3.312744 | lrm: 0.79 | dt: 559ms | tok/sec: 58,655 | epoch: 1 | remaining: 0s    
step 00370 (60.9%) | loss: 3.316149 | lrm: 0.78 | dt: 572ms | tok/sec: 57,274 | epoch: 1 | remaining: 0s    
step 00371 (61.0%) | loss: 3.318149 | lrm: 0.78 | dt: 554ms | tok/sec: 59,106 | epoch: 1 | remaining: 0s    
step 00372 (61.2%) | loss: 3.315955 | lrm: 0.78 | dt: 553ms | tok/sec: 59,224 | epoch: 1 | remaining: 0s    
step 00373 (61.3%) | loss: 3.307710 | lrm: 0.77 | dt: 567ms | tok/sec: 57,822 | epoch: 1 | remaining: 0s    
step 00374 (61.5%) | loss: 3.311092 | lrm: 0.77 | dt: 557ms | tok/sec: 58,805 | epoch: 1 | remaining: 0s    
step 00375 (61.7%) | loss: 3.303177 | lrm: 0.77 | dt: 551ms | tok/sec: 59,443 | epoch: 1 | remaining: 0s    
step 00376 (61.8%) | loss: 3.300301 | lrm: 0.76 | dt: 565ms | tok/sec: 58,043 | epoch: 1 | remaining: 0s    
step 00377 (62.0%) | loss: 3.303746 | lrm: 0.76 | dt: 563ms | tok/sec: 58,185 | epoch: 1 | remaining: 0s    
step 00378 (62.2%) | loss: 3.308485 | lrm: 0.76 | dt: 544ms | tok/sec: 60,240 | epoch: 1 | remaining: 0s    
step 00379 (62.3%) | loss: 3.309206 | lrm: 0.75 | dt: 535ms | tok/sec: 61,283 | epoch: 1 | remaining: 0s    
step 00380 (62.5%) | loss: 3.308295 | lrm: 0.75 | dt: 515ms | tok/sec: 63,626 | epoch: 1 | remaining: 0s    
step 00381 (62.7%) | loss: 3.313527 | lrm: 0.75 | dt: 520ms | tok/sec: 63,051 | epoch: 1 | remaining: 0s    
step 00382 (62.8%) | loss: 3.302613 | lrm: 0.74 | dt: 549ms | tok/sec: 59,666 | epoch: 1 | remaining: 0s    
step 00383 (63.0%) | loss: 3.301645 | lrm: 0.74 | dt: 563ms | tok/sec: 58,201 | epoch: 1 | remaining: 0s    
step 00384 (63.2%) | loss: 3.294314 | lrm: 0.74 | dt: 586ms | tok/sec: 55,879 | epoch: 1 | remaining: 0s    
step 00385 (63.3%) | loss: 3.298641 | lrm: 0.73 | dt: 592ms | tok/sec: 55,351 | epoch: 1 | remaining: 0s    
step 00386 (63.5%) | loss: 3.298756 | lrm: 0.73 | dt: 585ms | tok/sec: 56,011 | epoch: 1 | remaining: 0s    
step 00387 (63.7%) | loss: 3.296888 | lrm: 0.73 | dt: 991ms | tok/sec: 33,078 | epoch: 1 | remaining: 0s    
step 00388 (63.8%) | loss: 3.299429 | lrm: 0.72 | dt: 439ms | tok/sec: 74,562 | epoch: 1 | remaining: 0s    
step 00389 (64.0%) | loss: 3.302046 | lrm: 0.72 | dt: 431ms | tok/sec: 75,956 | epoch: 1 | remaining: 0s    
step 00390 (64.1%) | loss: 3.298687 | lrm: 0.72 | dt: 468ms | tok/sec: 70,038 | epoch: 1 | remaining: 0s    
step 00391 (64.3%) | loss: 3.289724 | lrm: 0.71 | dt: 532ms | tok/sec: 61,548 | epoch: 1 | remaining: 0s    
step 00392 (64.5%) | loss: 3.285173 | lrm: 0.71 | dt: 612ms | tok/sec: 53,580 | epoch: 1 | remaining: 0s    
step 00393 (64.6%) | loss: 3.295133 | lrm: 0.71 | dt: 790ms | tok/sec: 41,473 | epoch: 1 | remaining: 0s    
step 00394 (64.8%) | loss: 3.293060 | lrm: 0.70 | dt: 670ms | tok/sec: 48,881 | epoch: 1 | remaining: 0s    
step 00395 (65.0%) | loss: 3.287559 | lrm: 0.70 | dt: 564ms | tok/sec: 58,123 | epoch: 1 | remaining: 0s    
step 00396 (65.1%) | loss: 3.287917 | lrm: 0.70 | dt: 525ms | tok/sec: 62,406 | epoch: 1 | remaining: 0s    
step 00397 (65.3%) | loss: 3.294194 | lrm: 0.69 | dt: 539ms | tok/sec: 60,764 | epoch: 1 | remaining: 0s    
step 00398 (65.5%) | loss: 3.290426 | lrm: 0.69 | dt: 544ms | tok/sec: 60,191 | epoch: 1 | remaining: 0s    
step 00399 (65.6%) | loss: 3.297871 | lrm: 0.69 | dt: 565ms | tok/sec: 57,952 | epoch: 1 | remaining: 0s    
step 00400 (65.8%) | loss: 3.297884 | lrm: 0.68 | dt: 656ms | tok/sec: 49,925 | epoch: 1 | remaining: 0s    
step 00401 (66.0%) | loss: 3.289757 | lrm: 0.68 | dt: 641ms | tok/sec: 51,114 | epoch: 1 | remaining: 0s    
step 00402 (66.1%) | loss: 3.285283 | lrm: 0.68 | dt: 572ms | tok/sec: 57,313 | epoch: 1 | remaining: 0s    
step 00403 (66.3%) | loss: 3.285156 | lrm: 0.67 | dt: 585ms | tok/sec: 56,041 | epoch: 1 | remaining: 0s    
step 00404 (66.4%) | loss: 3.282265 | lrm: 0.67 | dt: 614ms | tok/sec: 53,385 | epoch: 1 | remaining: 0s    
step 00405 (66.6%) | loss: 3.284418 | lrm: 0.67 | dt: 618ms | tok/sec: 53,004 | epoch: 1 | remaining: 0s    
step 00406 (66.8%) | loss: 3.274040 | lrm: 0.66 | dt: 601ms | tok/sec: 54,502 | epoch: 1 | remaining: 0s    
step 00407 (66.9%) | loss: 3.280925 | lrm: 0.66 | dt: 642ms | tok/sec: 51,045 | epoch: 1 | remaining: 0s    
step 00408 (67.1%) | loss: 3.286950 | lrm: 0.66 | dt: 599ms | tok/sec: 54,728 | epoch: 1 | remaining: 0s    
step 00409 (67.3%) | loss: 3.286046 | lrm: 0.65 | dt: 595ms | tok/sec: 55,031 | epoch: 1 | remaining: 0s    
step 00410 (67.4%) | loss: 3.291531 | lrm: 0.65 | dt: 594ms | tok/sec: 55,194 | epoch: 1 | remaining: 0s    
step 00411 (67.6%) | loss: 3.293406 | lrm: 0.65 | dt: 581ms | tok/sec: 56,365 | epoch: 1 | remaining: 0s    
step 00412 (67.8%) | loss: 3.298066 | lrm: 0.64 | dt: 589ms | tok/sec: 55,623 | epoch: 1 | remaining: 0s    
step 00413 (67.9%) | loss: 3.308433 | lrm: 0.64 | dt: 606ms | tok/sec: 54,061 | epoch: 1 | remaining: 0s    
step 00414 (68.1%) | loss: 3.311020 | lrm: 0.64 | dt: 641ms | tok/sec: 51,133 | epoch: 1 | remaining: 0s    
step 00415 (68.3%) | loss: 3.309887 | lrm: 0.63 | dt: 644ms | tok/sec: 50,868 | epoch: 1 | remaining: 0s    
step 00416 (68.4%) | loss: 3.304277 | lrm: 0.63 | dt: 658ms | tok/sec: 49,814 | epoch: 1 | remaining: 0s    
step 00417 (68.6%) | loss: 3.298521 | lrm: 0.63 | dt: 626ms | tok/sec: 52,326 | epoch: 1 | remaining: 0s    
step 00418 (68.8%) | loss: 3.284718 | lrm: 0.62 | dt: 594ms | tok/sec: 55,129 | epoch: 1 | remaining: 0s    
step 00419 (68.9%) | loss: 3.283522 | lrm: 0.62 | dt: 610ms | tok/sec: 53,741 | epoch: 1 | remaining: 0s    
step 00420 (69.1%) | loss: 3.278109 | lrm: 0.62 | dt: 638ms | tok/sec: 51,332 | epoch: 1 | remaining: 0s    
step 00421 (69.2%) | loss: 3.270501 | lrm: 0.62 | dt: 616ms | tok/sec: 53,172 | epoch: 1 | remaining: 0s    
step 00422 (69.4%) | loss: 3.268841 | lrm: 0.61 | dt: 589ms | tok/sec: 55,677 | epoch: 1 | remaining: 0s    
step 00423 (69.6%) | loss: 3.266769 | lrm: 0.61 | dt: 642ms | tok/sec: 51,052 | epoch: 1 | remaining: 0s    
step 00424 (69.7%) | loss: 3.273403 | lrm: 0.61 | dt: 664ms | tok/sec: 49,325 | epoch: 1 | remaining: 0s    
step 00425 (69.9%) | loss: 3.270991 | lrm: 0.60 | dt: 612ms | tok/sec: 53,499 | epoch: 1 | remaining: 0s    
step 00426 (70.1%) | loss: 3.263008 | lrm: 0.60 | dt: 622ms | tok/sec: 52,639 | epoch: 1 | remaining: 0s    
step 00427 (70.2%) | loss: 3.259588 | lrm: 0.60 | dt: 658ms | tok/sec: 49,826 | epoch: 1 | remaining: 0s    
step 00428 (70.4%) | loss: 3.263230 | lrm: 0.59 | dt: 613ms | tok/sec: 53,497 | epoch: 1 | remaining: 0s    
step 00429 (70.6%) | loss: 3.268070 | lrm: 0.59 | dt: 627ms | tok/sec: 52,271 | epoch: 1 | remaining: 0s    
step 00430 (70.7%) | loss: 3.262642 | lrm: 0.59 | dt: 663ms | tok/sec: 49,392 | epoch: 1 | remaining: 0s    
step 00431 (70.9%) | loss: 3.262604 | lrm: 0.58 | dt: 640ms | tok/sec: 51,195 | epoch: 1 | remaining: 0s    
step 00432 (71.1%) | loss: 3.263248 | lrm: 0.58 | dt: 644ms | tok/sec: 50,881 | epoch: 1 | remaining: 0s    
step 00433 (71.2%) | loss: 3.270628 | lrm: 0.58 | dt: 661ms | tok/sec: 49,568 | epoch: 1 | remaining: 0s    
step 00434 (71.4%) | loss: 3.268341 | lrm: 0.57 | dt: 695ms | tok/sec: 47,154 | epoch: 1 | remaining: 0s    
step 00435 (71.5%) | loss: 3.268227 | lrm: 0.57 | dt: 637ms | tok/sec: 51,418 | epoch: 1 | remaining: 0s    
step 00436 (71.7%) | loss: 3.267202 | lrm: 0.57 | dt: 653ms | tok/sec: 50,215 | epoch: 1 | remaining: 0s    
step 00437 (71.9%) | loss: 3.265565 | lrm: 0.56 | dt: 650ms | tok/sec: 50,394 | epoch: 1 | remaining: 0s    
step 00438 (72.0%) | loss: 3.259389 | lrm: 0.56 | dt: 653ms | tok/sec: 50,146 | epoch: 1 | remaining: 0s    
step 00439 (72.2%) | loss: 3.257132 | lrm: 0.56 | dt: 637ms | tok/sec: 51,455 | epoch: 1 | remaining: 0s    
step 00440 (72.4%) | loss: 3.257170 | lrm: 0.55 | dt: 641ms | tok/sec: 51,137 | epoch: 1 | remaining: 0s    
step 00441 (72.5%) | loss: 3.254281 | lrm: 0.55 | dt: 638ms | tok/sec: 51,327 | epoch: 1 | remaining: 0s    
step 00442 (72.7%) | loss: 3.250427 | lrm: 0.55 | dt: 649ms | tok/sec: 50,457 | epoch: 1 | remaining: 0s    
step 00443 (72.9%) | loss: 3.249750 | lrm: 0.54 | dt: 653ms | tok/sec: 50,157 | epoch: 1 | remaining: 0s    
step 00444 (73.0%) | loss: 3.242554 | lrm: 0.54 | dt: 660ms | tok/sec: 49,631 | epoch: 1 | remaining: 0s    
step 00445 (73.2%) | loss: 3.240516 | lrm: 0.54 | dt: 665ms | tok/sec: 49,246 | epoch: 1 | remaining: 0s    
step 00446 (73.4%) | loss: 3.236397 | lrm: 0.53 | dt: 675ms | tok/sec: 48,569 | epoch: 1 | remaining: 0s    
step 00447 (73.5%) | loss: 3.232157 | lrm: 0.53 | dt: 671ms | tok/sec: 48,807 | epoch: 1 | remaining: 0s    
step 00448 (73.7%) | loss: 3.227022 | lrm: 0.53 | dt: 645ms | tok/sec: 50,825 | epoch: 1 | remaining: 0s    
step 00449 (73.8%) | loss: 3.240489 | lrm: 0.52 | dt: 654ms | tok/sec: 50,118 | epoch: 1 | remaining: 0s    
step 00450 (74.0%) | loss: 3.234839 | lrm: 0.52 | dt: 650ms | tok/sec: 50,432 | epoch: 1 | remaining: 0s    
step 00451 (74.2%) | loss: 3.240335 | lrm: 0.52 | dt: 675ms | tok/sec: 48,555 | epoch: 1 | remaining: 0s    
step 00452 (74.3%) | loss: 3.238172 | lrm: 0.51 | dt: 660ms | tok/sec: 49,639 | epoch: 1 | remaining: 0s    
step 00453 (74.5%) | loss: 3.240043 | lrm: 0.51 | dt: 634ms | tok/sec: 51,717 | epoch: 1 | remaining: 0s    
step 00454 (74.7%) | loss: 3.231150 | lrm: 0.51 | dt: 685ms | tok/sec: 47,854 | epoch: 1 | remaining: 0s    
step 00455 (74.8%) | loss: 3.225484 | lrm: 0.50 | dt: 673ms | tok/sec: 48,708 | epoch: 1 | remaining: 0s    
step 00456 (75.0%) | loss: 3.226233 | lrm: 0.50 | dt: 673ms | tok/sec: 48,715 | epoch: 1 | remaining: 0s    
step 00457 (75.2%) | loss: 3.230883 | lrm: 0.50 | dt: 656ms | tok/sec: 49,963 | epoch: 1 | remaining: 0s    
step 00458 (75.3%) | loss: 3.230242 | lrm: 0.49 | dt: 686ms | tok/sec: 47,756 | epoch: 1 | remaining: 0s    
step 00459 (75.5%) | loss: 3.229149 | lrm: 0.49 | dt: 670ms | tok/sec: 48,882 | epoch: 1 | remaining: 0s    
step 00460 (75.7%) | loss: 3.222303 | lrm: 0.49 | dt: 665ms | tok/sec: 49,281 | epoch: 1 | remaining: 0s    
step 00461 (75.8%) | loss: 3.220473 | lrm: 0.48 | dt: 735ms | tok/sec: 44,607 | epoch: 1 | remaining: 0s    
step 00462 (76.0%) | loss: 3.215495 | lrm: 0.48 | dt: 743ms | tok/sec: 44,123 | epoch: 1 | remaining: 0s    
step 00463 (76.2%) | loss: 3.221729 | lrm: 0.48 | dt: 654ms | tok/sec: 50,111 | epoch: 1 | remaining: 0s    
step 00464 (76.3%) | loss: 3.226026 | lrm: 0.47 | dt: 678ms | tok/sec: 48,344 | epoch: 1 | remaining: 0s    
step 00465 (76.5%) | loss: 3.222009 | lrm: 0.47 | dt: 757ms | tok/sec: 43,296 | epoch: 1 | remaining: 0s    
step 00466 (76.6%) | loss: 3.230481 | lrm: 0.47 | dt: 760ms | tok/sec: 43,129 | epoch: 1 | remaining: 0s    
step 00467 (76.8%) | loss: 3.233764 | lrm: 0.46 | dt: 706ms | tok/sec: 46,417 | epoch: 1 | remaining: 0s    
step 00468 (77.0%) | loss: 3.222621 | lrm: 0.46 | dt: 643ms | tok/sec: 50,979 | epoch: 1 | remaining: 0s    
step 00469 (77.1%) | loss: 3.214072 | lrm: 0.46 | dt: 690ms | tok/sec: 47,522 | epoch: 1 | remaining: 0s    
step 00470 (77.3%) | loss: 3.209006 | lrm: 0.45 | dt: 710ms | tok/sec: 46,161 | epoch: 1 | remaining: 0s    
step 00471 (77.5%) | loss: 3.200956 | lrm: 0.45 | dt: 702ms | tok/sec: 46,710 | epoch: 1 | remaining: 0s    
step 00472 (77.6%) | loss: 3.193829 | lrm: 0.45 | dt: 697ms | tok/sec: 47,032 | epoch: 1 | remaining: 0s    
step 00473 (77.8%) | loss: 3.185925 | lrm: 0.44 | dt: 715ms | tok/sec: 45,846 | epoch: 1 | remaining: 0s    
step 00474 (78.0%) | loss: 3.180437 | lrm: 0.44 | dt: 713ms | tok/sec: 45,930 | epoch: 1 | remaining: 0s    
step 00475 (78.1%) | loss: 3.183591 | lrm: 0.44 | dt: 714ms | tok/sec: 45,904 | epoch: 1 | remaining: 0s    
step 00476 (78.3%) | loss: 3.185522 | lrm: 0.43 | dt: 731ms | tok/sec: 44,801 | epoch: 1 | remaining: 0s    
step 00477 (78.5%) | loss: 3.185003 | lrm: 0.43 | dt: 722ms | tok/sec: 45,410 | epoch: 1 | remaining: 0s    
step 00478 (78.6%) | loss: 3.191339 | lrm: 0.43 | dt: 768ms | tok/sec: 42,641 | epoch: 1 | remaining: 0s    
step 00479 (78.8%) | loss: 3.195250 | lrm: 0.42 | dt: 696ms | tok/sec: 47,058 | epoch: 1 | remaining: 0s    
step 00480 (78.9%) | loss: 3.187382 | lrm: 0.42 | dt: 749ms | tok/sec: 43,728 | epoch: 1 | remaining: 0s    
step 00481 (79.1%) | loss: 3.187938 | lrm: 0.42 | dt: 740ms | tok/sec: 44,284 | epoch: 1 | remaining: 0s    
step 00482 (79.3%) | loss: 3.194691 | lrm: 0.41 | dt: 747ms | tok/sec: 43,892 | epoch: 1 | remaining: 0s    
step 00483 (79.4%) | loss: 3.188247 | lrm: 0.41 | dt: 730ms | tok/sec: 44,902 | epoch: 1 | remaining: 0s    
step 00484 (79.6%) | loss: 3.185304 | lrm: 0.41 | dt: 735ms | tok/sec: 44,611 | epoch: 1 | remaining: 0s    
step 00485 (79.8%) | loss: 3.181177 | lrm: 0.40 | dt: 736ms | tok/sec: 44,529 | epoch: 1 | remaining: 0s    
step 00486 (79.9%) | loss: 3.176590 | lrm: 0.40 | dt: 737ms | tok/sec: 44,456 | epoch: 1 | remaining: 0s    
step 00487 (80.1%) | loss: 3.172286 | lrm: 0.40 | dt: 736ms | tok/sec: 44,538 | epoch: 1 | remaining: 0s    
step 00488 (80.3%) | loss: 3.173728 | lrm: 0.39 | dt: 749ms | tok/sec: 43,755 | epoch: 1 | remaining: 0s    
step 00489 (80.4%) | loss: 3.174298 | lrm: 0.39 | dt: 774ms | tok/sec: 42,325 | epoch: 1 | remaining: 0s    
step 00490 (80.6%) | loss: 3.170357 | lrm: 0.39 | dt: 802ms | tok/sec: 40,860 | epoch: 1 | remaining: 0s    
step 00491 (80.8%) | loss: 3.172363 | lrm: 0.38 | dt: 735ms | tok/sec: 44,604 | epoch: 1 | remaining: 0s    
step 00492 (80.9%) | loss: 3.173068 | lrm: 0.38 | dt: 746ms | tok/sec: 43,928 | epoch: 1 | remaining: 0s    
step 00493 (81.1%) | loss: 3.169348 | lrm: 0.38 | dt: 768ms | tok/sec: 42,675 | epoch: 1 | remaining: 0s    
step 00494 (81.2%) | loss: 3.181104 | lrm: 0.38 | dt: 758ms | tok/sec: 43,207 | epoch: 1 | remaining: 0s    
step 00495 (81.4%) | loss: 3.178421 | lrm: 0.37 | dt: 758ms | tok/sec: 43,211 | epoch: 1 | remaining: 0s    
step 00496 (81.6%) | loss: 3.180754 | lrm: 0.37 | dt: 753ms | tok/sec: 43,529 | epoch: 1 | remaining: 0s    
step 00497 (81.7%) | loss: 3.173077 | lrm: 0.37 | dt: 749ms | tok/sec: 43,742 | epoch: 1 | remaining: 0s    
step 00498 (81.9%) | loss: 3.174796 | lrm: 0.36 | dt: 689ms | tok/sec: 47,552 | epoch: 1 | remaining: 0s    
step 00499 (82.1%) | loss: 3.165140 | lrm: 0.36 | dt: 752ms | tok/sec: 43,603 | epoch: 1 | remaining: 0s    
step 00500 (82.2%) | loss: 3.167741 | lrm: 0.36 | dt: 786ms | tok/sec: 41,673 | epoch: 1 | remaining: 0s    
step 00501 (82.4%) | loss: 3.172408 | lrm: 0.35 | dt: 819ms | tok/sec: 40,002 | epoch: 1 | remaining: 0s    
step 00502 (82.6%) | loss: 3.173247 | lrm: 0.35 | dt: 758ms | tok/sec: 43,206 | epoch: 1 | remaining: 0s    
step 00503 (82.7%) | loss: 3.170302 | lrm: 0.35 | dt: 697ms | tok/sec: 47,023 | epoch: 1 | remaining: 0s    
step 00504 (82.9%) | loss: 3.159152 | lrm: 0.34 | dt: 803ms | tok/sec: 40,815 | epoch: 1 | remaining: 0s    
step 00505 (83.1%) | loss: 3.161524 | lrm: 0.34 | dt: 852ms | tok/sec: 38,443 | epoch: 1 | remaining: 0s    
step 00506 (83.2%) | loss: 3.171076 | lrm: 0.34 | dt: 864ms | tok/sec: 37,927 | epoch: 1 | remaining: 0s    
step 00507 (83.4%) | loss: 3.172045 | lrm: 0.33 | dt: 778ms | tok/sec: 42,108 | epoch: 1 | remaining: 0s    
step 00508 (83.6%) | loss: 3.170931 | lrm: 0.33 | dt: 752ms | tok/sec: 43,554 | epoch: 1 | remaining: 0s    
step 00509 (83.7%) | loss: 3.169804 | lrm: 0.33 | dt: 733ms | tok/sec: 44,706 | epoch: 1 | remaining: 0s    
step 00510 (83.9%) | loss: 3.167702 | lrm: 0.32 | dt: 748ms | tok/sec: 43,820 | epoch: 1 | remaining: 0s    
step 00511 (84.0%) | loss: 3.169850 | lrm: 0.32 | dt: 740ms | tok/sec: 44,276 | epoch: 1 | remaining: 0s    
step 00512 (84.2%) | loss: 3.164149 | lrm: 0.32 | dt: 783ms | tok/sec: 41,835 | epoch: 1 | remaining: 0s    
step 00513 (84.4%) | loss: 3.159856 | lrm: 0.31 | dt: 858ms | tok/sec: 38,213 | epoch: 1 | remaining: 0s    
step 00514 (84.5%) | loss: 3.155216 | lrm: 0.31 | dt: 828ms | tok/sec: 39,589 | epoch: 1 | remaining: 0s    
step 00515 (84.7%) | loss: 3.154680 | lrm: 0.31 | dt: 734ms | tok/sec: 44,644 | epoch: 1 | remaining: 0s    
step 00516 (84.9%) | loss: 3.157344 | lrm: 0.30 | dt: 754ms | tok/sec: 43,467 | epoch: 1 | remaining: 0s    
step 00517 (85.0%) | loss: 3.149571 | lrm: 0.30 | dt: 761ms | tok/sec: 43,031 | epoch: 1 | remaining: 0s    
step 00518 (85.2%) | loss: 3.143061 | lrm: 0.30 | dt: 815ms | tok/sec: 40,226 | epoch: 1 | remaining: 0s    
step 00519 (85.4%) | loss: 3.148040 | lrm: 0.29 | dt: 824ms | tok/sec: 39,761 | epoch: 1 | remaining: 0s    
step 00520 (85.5%) | loss: 3.149100 | lrm: 0.29 | dt: 778ms | tok/sec: 42,133 | epoch: 1 | remaining: 0s    
step 00521 (85.7%) | loss: 3.142972 | lrm: 0.29 | dt: 758ms | tok/sec: 43,229 | epoch: 1 | remaining: 0s    
step 00522 (85.9%) | loss: 3.146205 | lrm: 0.28 | dt: 773ms | tok/sec: 42,393 | epoch: 1 | remaining: 0s    
step 00523 (86.0%) | loss: 3.149067 | lrm: 0.28 | dt: 827ms | tok/sec: 39,606 | epoch: 1 | remaining: 0s    
step 00524 (86.2%) | loss: 3.155087 | lrm: 0.28 | dt: 808ms | tok/sec: 40,572 | epoch: 1 | remaining: 0s    
step 00525 (86.3%) | loss: 3.153911 | lrm: 0.27 | dt: 832ms | tok/sec: 39,374 | epoch: 1 | remaining: 0s    
step 00526 (86.5%) | loss: 3.158026 | lrm: 0.27 | dt: 853ms | tok/sec: 38,431 | epoch: 1 | remaining: 0s    
step 00527 (86.7%) | loss: 3.158043 | lrm: 0.27 | dt: 816ms | tok/sec: 40,151 | epoch: 1 | remaining: 0s    
step 00528 (86.8%) | loss: 3.155254 | lrm: 0.26 | dt: 776ms | tok/sec: 42,199 | epoch: 1 | remaining: 0s    
step 00529 (87.0%) | loss: 3.151991 | lrm: 0.26 | dt: 749ms | tok/sec: 43,769 | epoch: 1 | remaining: 0s    
step 00530 (87.2%) | loss: 3.145854 | lrm: 0.26 | dt: 773ms | tok/sec: 42,399 | epoch: 1 | remaining: 0s    
step 00531 (87.3%) | loss: 3.146778 | lrm: 0.25 | dt: 805ms | tok/sec: 40,702 | epoch: 1 | remaining: 0s    
step 00532 (87.5%) | loss: 3.149376 | lrm: 0.25 | dt: 798ms | tok/sec: 41,051 | epoch: 1 | remaining: 0s    
step 00533 (87.7%) | loss: 3.154151 | lrm: 0.25 | dt: 773ms | tok/sec: 42,396 | epoch: 1 | remaining: 0s    
step 00534 (87.8%) | loss: 3.149523 | lrm: 0.24 | dt: 759ms | tok/sec: 43,163 | epoch: 1 | remaining: 0s    
step 00535 (88.0%) | loss: 3.147487 | lrm: 0.24 | dt: 783ms | tok/sec: 41,863 | epoch: 1 | remaining: 0s    
step 00536 (88.2%) | loss: 3.149277 | lrm: 0.24 | dt: 790ms | tok/sec: 41,475 | epoch: 1 | remaining: 0s    
step 00537 (88.3%) | loss: 3.150190 | lrm: 0.23 | dt: 769ms | tok/sec: 42,610 | epoch: 1 | remaining: 0s    
step 00538 (88.5%) | loss: 3.146918 | lrm: 0.23 | dt: 765ms | tok/sec: 42,849 | epoch: 1 | remaining: 0s    
step 00539 (88.7%) | loss: 3.143147 | lrm: 0.23 | dt: 792ms | tok/sec: 41,379 | epoch: 1 | remaining: 0s    
step 00540 (88.8%) | loss: 3.138735 | lrm: 0.22 | dt: 786ms | tok/sec: 41,703 | epoch: 1 | remaining: 0s    
step 00541 (89.0%) | loss: 3.132582 | lrm: 0.22 | dt: 749ms | tok/sec: 43,774 | epoch: 1 | remaining: 0s    
step 00542 (89.1%) | loss: 3.128297 | lrm: 0.22 | dt: 750ms | tok/sec: 43,684 | epoch: 1 | remaining: 0s    
step 00543 (89.3%) | loss: 3.130632 | lrm: 0.21 | dt: 772ms | tok/sec: 42,425 | epoch: 1 | remaining: 0s    
step 00544 (89.5%) | loss: 3.120883 | lrm: 0.21 | dt: 785ms | tok/sec: 41,717 | epoch: 1 | remaining: 0s    
step 00545 (89.6%) | loss: 3.117221 | lrm: 0.21 | dt: 816ms | tok/sec: 40,142 | epoch: 1 | remaining: 0s    
step 00546 (89.8%) | loss: 3.122099 | lrm: 0.20 | dt: 794ms | tok/sec: 41,254 | epoch: 1 | remaining: 0s    
step 00547 (90.0%) | loss: 3.115870 | lrm: 0.20 | dt: 799ms | tok/sec: 41,026 | epoch: 1 | remaining: 0s    
step 00548 (90.1%) | loss: 3.119362 | lrm: 0.20 | dt: 823ms | tok/sec: 39,817 | epoch: 1 | remaining: 0s    
step 00549 (90.3%) | loss: 3.116667 | lrm: 0.19 | dt: 818ms | tok/sec: 40,035 | epoch: 1 | remaining: 0s    
step 00550 (90.5%) | loss: 3.117254 | lrm: 0.19 | dt: 805ms | tok/sec: 40,716 | epoch: 1 | remaining: 0s    
step 00551 (90.6%) | loss: 3.108005 | lrm: 0.19 | dt: 818ms | tok/sec: 40,039 | epoch: 1 | remaining: 0s    
step 00552 (90.8%) | loss: 3.105716 | lrm: 0.18 | dt: 781ms | tok/sec: 41,945 | epoch: 1 | remaining: 0s    
step 00553 (91.0%) | loss: 3.093896 | lrm: 0.18 | dt: 819ms | tok/sec: 39,986 | epoch: 1 | remaining: 0s    
step 00554 (91.1%) | loss: 3.096567 | lrm: 0.18 | dt: 827ms | tok/sec: 39,624 | epoch: 1 | remaining: 0s    
step 00555 (91.3%) | loss: 3.102124 | lrm: 0.17 | dt: 890ms | tok/sec: 36,810 | epoch: 1 | remaining: 0s    
step 00556 (91.4%) | loss: 3.108420 | lrm: 0.17 | dt: 916ms | tok/sec: 35,789 | epoch: 1 | remaining: 0s    
step 00557 (91.6%) | loss: 3.111106 | lrm: 0.17 | dt: 816ms | tok/sec: 40,140 | epoch: 1 | remaining: 0s    
step 00558 (91.8%) | loss: 3.107700 | lrm: 0.16 | dt: 818ms | tok/sec: 40,068 | epoch: 1 | remaining: 0s    
step 00559 (91.9%) | loss: 3.104387 | lrm: 0.16 | dt: 910ms | tok/sec: 36,021 | epoch: 1 | remaining: 0s    
step 00560 (92.1%) | loss: 3.109056 | lrm: 0.16 | dt: 905ms | tok/sec: 36,226 | epoch: 1 | remaining: 0s    
step 00561 (92.3%) | loss: 3.113271 | lrm: 0.15 | dt: 882ms | tok/sec: 37,166 | epoch: 1 | remaining: 0s    
step 00562 (92.4%) | loss: 3.109611 | lrm: 0.15 | dt: 820ms | tok/sec: 39,948 | epoch: 1 | remaining: 0s    
step 00563 (92.6%) | loss: 3.113675 | lrm: 0.15 | dt: 832ms | tok/sec: 39,362 | epoch: 1 | remaining: 0s    
step 00564 (92.8%) | loss: 3.114924 | lrm: 0.14 | dt: 833ms | tok/sec: 39,335 | epoch: 1 | remaining: 0s    
step 00565 (92.9%) | loss: 3.105711 | lrm: 0.14 | dt: 903ms | tok/sec: 36,286 | epoch: 1 | remaining: 0s    
step 00566 (93.1%) | loss: 3.112056 | lrm: 0.14 | dt: 923ms | tok/sec: 35,518 | epoch: 1 | remaining: 0s    
step 00567 (93.3%) | loss: 3.118595 | lrm: 0.13 | dt: 839ms | tok/sec: 39,044 | epoch: 1 | remaining: 0s    
step 00568 (93.4%) | loss: 3.119166 | lrm: 0.13 | dt: 810ms | tok/sec: 40,430 | epoch: 1 | remaining: 0s    
step 00569 (93.6%) | loss: 3.126070 | lrm: 0.13 | dt: 825ms | tok/sec: 39,703 | epoch: 1 | remaining: 0s    
step 00570 (93.8%) | loss: 3.115301 | lrm: 0.12 | dt: 892ms | tok/sec: 36,719 | epoch: 1 | remaining: 0s    
step 00571 (93.9%) | loss: 3.108802 | lrm: 0.12 | dt: 898ms | tok/sec: 36,507 | epoch: 1 | remaining: 0s    
step 00572 (94.1%) | loss: 3.105130 | lrm: 0.12 | dt: 893ms | tok/sec: 36,689 | epoch: 1 | remaining: 0s    
step 00573 (94.2%) | loss: 3.104661 | lrm: 0.12 | dt: 850ms | tok/sec: 38,572 | epoch: 1 | remaining: 0s    
step 00574 (94.4%) | loss: 3.105681 | lrm: 0.11 | dt: 816ms | tok/sec: 40,149 | epoch: 1 | remaining: 0s    
step 00575 (94.6%) | loss: 3.114687 | lrm: 0.11 | dt: 864ms | tok/sec: 37,913 | epoch: 1 | remaining: 0s    
step 00576 (94.7%) | loss: 3.106314 | lrm: 0.11 | dt: 886ms | tok/sec: 36,968 | epoch: 1 | remaining: 0s    
step 00577 (94.9%) | loss: 3.099087 | lrm: 0.10 | dt: 840ms | tok/sec: 38,994 | epoch: 1 | remaining: 0s    
step 00578 (95.1%) | loss: 3.093660 | lrm: 0.10 | dt: 836ms | tok/sec: 39,183 | epoch: 1 | remaining: 0s    
step 00579 (95.2%) | loss: 3.090067 | lrm: 0.10 | dt: 758ms | tok/sec: 43,207 | epoch: 1 | remaining: 0s    
step 00580 (95.4%) | loss: 3.096183 | lrm: 0.09 | dt: 815ms | tok/sec: 40,218 | epoch: 1 | remaining: 0s    
step 00581 (95.6%) | loss: 3.103552 | lrm: 0.09 | dt: 875ms | tok/sec: 37,437 | epoch: 1 | remaining: 0s    
step 00582 (95.7%) | loss: 3.104303 | lrm: 0.09 | dt: 983ms | tok/sec: 33,328 | epoch: 1 | remaining: 0s    
step 00583 (95.9%) | loss: 3.104711 | lrm: 0.08 | dt: 883ms | tok/sec: 37,115 | epoch: 1 | remaining: 0s    
step 00584 (96.1%) | loss: 3.111204 | lrm: 0.08 | dt: 773ms | tok/sec: 42,396 | epoch: 1 | remaining: 0s    
step 00585 (96.2%) | loss: 3.108805 | lrm: 0.08 | dt: 842ms | tok/sec: 38,937 | epoch: 1 | remaining: 0s    
step 00586 (96.4%) | loss: 3.105285 | lrm: 0.07 | dt: 894ms | tok/sec: 36,670 | epoch: 1 | remaining: 0s    
step 00587 (96.5%) | loss: 3.108632 | lrm: 0.07 | dt: 833ms | tok/sec: 39,341 | epoch: 1 | remaining: 0s    
step 00588 (96.7%) | loss: 3.111714 | lrm: 0.07 | dt: 830ms | tok/sec: 39,488 | epoch: 1 | remaining: 0s    
step 00589 (96.9%) | loss: 3.108101 | lrm: 0.06 | dt: 779ms | tok/sec: 42,086 | epoch: 1 | remaining: 0s    
step 00590 (97.0%) | loss: 3.104727 | lrm: 0.06 | dt: 776ms | tok/sec: 42,206 | epoch: 1 | remaining: 0s    
step 00591 (97.2%) | loss: 3.109038 | lrm: 0.06 | dt: 790ms | tok/sec: 41,479 | epoch: 1 | remaining: 0s    
step 00592 (97.4%) | loss: 3.108820 | lrm: 0.05 | dt: 792ms | tok/sec: 41,392 | epoch: 1 | remaining: 0s    
step 00593 (97.5%) | loss: 3.104507 | lrm: 0.05 | dt: 817ms | tok/sec: 40,108 | epoch: 1 | remaining: 0s    
step 00594 (97.7%) | loss: 3.095867 | lrm: 0.05 | dt: 852ms | tok/sec: 38,451 | epoch: 1 | remaining: 0s    
step 00595 (97.9%) | loss: 3.088216 | lrm: 0.04 | dt: 823ms | tok/sec: 39,813 | epoch: 1 | remaining: 0s    
step 00596 (98.0%) | loss: 3.092133 | lrm: 0.04 | dt: 805ms | tok/sec: 40,687 | epoch: 1 | remaining: 0s    
step 00597 (98.2%) | loss: 3.084636 | lrm: 0.04 | dt: 811ms | tok/sec: 40,385 | epoch: 1 | remaining: 0s    
step 00598 (98.4%) | loss: 3.080446 | lrm: 0.03 | dt: 801ms | tok/sec: 40,911 | epoch: 1 | remaining: 0s    
step 00599 (98.5%) | loss: 3.070209 | lrm: 0.03 | dt: 797ms | tok/sec: 41,139 | epoch: 1 | remaining: 0s    
step 00600 (98.7%) | loss: 3.072653 | lrm: 0.03 | dt: 809ms | tok/sec: 40,508 | epoch: 1 | remaining: 0s    
step 00601 (98.8%) | loss: 3.074749 | lrm: 0.02 | dt: 835ms | tok/sec: 39,252 | epoch: 1 | remaining: 0s    
step 00602 (99.0%) | loss: 3.075313 | lrm: 0.02 | dt: 831ms | tok/sec: 39,426 | epoch: 1 | remaining: 0s    
step 00603 (99.2%) | loss: 3.085207 | lrm: 0.02 | dt: 858ms | tok/sec: 38,184 | epoch: 1 | remaining: 0s    
step 00604 (99.3%) | loss: 3.098490 | lrm: 0.01 | dt: 904ms | tok/sec: 36,258 | epoch: 1 | remaining: 0s    
step 00605 (99.5%) | loss: 3.096421 | lrm: 0.01 | dt: 907ms | tok/sec: 36,140 | epoch: 1 | remaining: 0s    
step 00606 (99.7%) | loss: 3.099648 | lrm: 0.01 | dt: 839ms | tok/sec: 39,060 | epoch: 1 | remaining: 0s    
step 00607 (99.8%) | loss: 3.095486 | lrm: 0.00 | dt: 911ms | tok/sec: 35,955 | epoch: 1 | remaining: 0s    
Training completed in 1239.8s
Starting final eval...
Final eval batch size: 256
Final eval completed in 50.5s
WARNING: val_bpb=0.729255 is outside plausible range [1.0, 10.0]
Baseline results written: /Users/ahmadalzaro/.cache/autoresearch-arabic/baseline_results.json
---
val_bpb:          0.729255
training_seconds: 1239.7
total_seconds:    1291.1
peak_vram_mb:     19043.7
mfu_percent:      0.00
total_tokens_M:   19.9
num_steps:        608
num_params_M:     5.0
total_eval_nats:  4805485.375000
total_eval_bytes: 9506751
total_valid_tokens: 1568355
depth:            4
