Condition: d1
Data/tokenizer loaded in 0.3s
Time budget: 300s
Gradient accumulation steps: 1
Model compiled in 0.6s

step 00000 (0.0%) | loss: 9.011253 | lrm: 1.00 | dt: 551ms | tok/sec: 59,477 | epoch: 1 | remaining: 300s    
step 00001 (1.0%) | loss: 8.974993 | lrm: 1.00 | dt: 279ms | tok/sec: 117,417 | epoch: 1 | remaining: 300s    
step 00002 (2.0%) | loss: 8.602265 | lrm: 1.00 | dt: 276ms | tok/sec: 118,808 | epoch: 1 | remaining: 299s    
step 00003 (3.0%) | loss: 8.240058 | lrm: 1.00 | dt: 276ms | tok/sec: 118,601 | epoch: 1 | remaining: 299s    
step 00004 (4.0%) | loss: 7.949431 | lrm: 1.00 | dt: 284ms | tok/sec: 115,365 | epoch: 1 | remaining: 299s    
step 00005 (5.0%) | loss: 7.716294 | lrm: 1.00 | dt: 283ms | tok/sec: 115,778 | epoch: 1 | remaining: 299s    
step 00006 (5.9%) | loss: 7.539969 | lrm: 1.00 | dt: 307ms | tok/sec: 106,605 | epoch: 1 | remaining: 298s    
step 00007 (6.9%) | loss: 7.397517 | lrm: 1.00 | dt: 685ms | tok/sec: 47,832 | epoch: 1 | remaining: 298s    
step 00008 (7.9%) | loss: 7.290962 | lrm: 1.00 | dt: 331ms | tok/sec: 98,984 | epoch: 1 | remaining: 297s    
step 00009 (8.9%) | loss: 7.181934 | lrm: 1.00 | dt: 320ms | tok/sec: 102,462 | epoch: 1 | remaining: 297s    
step 00010 (9.9%) | loss: 7.067913 | lrm: 1.00 | dt: 326ms | tok/sec: 100,486 | epoch: 1 | remaining: 297s    
step 00011 (10.9%) | loss: 6.955565 | lrm: 1.00 | dt: 375ms | tok/sec: 87,447 | epoch: 1 | remaining: 296s    
step 00012 (11.9%) | loss: 6.842040 | lrm: 1.00 | dt: 430ms | tok/sec: 76,127 | epoch: 1 | remaining: 296s    
step 00013 (12.9%) | loss: 6.731189 | lrm: 1.00 | dt: 564ms | tok/sec: 58,095 | epoch: 1 | remaining: 295s    
step 00014 (13.9%) | loss: 6.620437 | lrm: 1.00 | dt: 605ms | tok/sec: 54,170 | epoch: 1 | remaining: 295s    
step 00015 (14.9%) | loss: 6.520249 | lrm: 1.00 | dt: 467ms | tok/sec: 70,214 | epoch: 1 | remaining: 294s    
step 00016 (15.8%) | loss: 6.422236 | lrm: 1.00 | dt: 388ms | tok/sec: 84,458 | epoch: 1 | remaining: 294s    
step 00017 (16.8%) | loss: 6.340890 | lrm: 1.00 | dt: 352ms | tok/sec: 93,000 | epoch: 1 | remaining: 293s    
step 00018 (17.8%) | loss: 6.248706 | lrm: 1.00 | dt: 335ms | tok/sec: 97,726 | epoch: 1 | remaining: 293s    
step 00019 (18.8%) | loss: 6.170347 | lrm: 1.00 | dt: 318ms | tok/sec: 103,167 | epoch: 1 | remaining: 293s    
step 00020 (19.8%) | loss: 6.085886 | lrm: 1.00 | dt: 316ms | tok/sec: 103,664 | epoch: 1 | remaining: 292s    
step 00021 (20.8%) | loss: 6.019985 | lrm: 1.00 | dt: 313ms | tok/sec: 104,812 | epoch: 1 | remaining: 292s    
step 00022 (21.8%) | loss: 5.953750 | lrm: 1.00 | dt: 313ms | tok/sec: 104,840 | epoch: 1 | remaining: 292s    
step 00023 (22.8%) | loss: 5.888598 | lrm: 1.00 | dt: 313ms | tok/sec: 104,717 | epoch: 1 | remaining: 292s    
step 00024 (23.8%) | loss: 5.825359 | lrm: 1.00 | dt: 316ms | tok/sec: 103,718 | epoch: 1 | remaining: 291s    
step 00025 (24.8%) | loss: 5.766734 | lrm: 1.00 | dt: 327ms | tok/sec: 100,201 | epoch: 1 | remaining: 291s    
step 00026 (25.7%) | loss: 5.716731 | lrm: 1.00 | dt: 328ms | tok/sec: 99,782 | epoch: 1 | remaining: 291s    
step 00027 (26.7%) | loss: 5.669599 | lrm: 1.00 | dt: 348ms | tok/sec: 94,209 | epoch: 1 | remaining: 290s    
step 00028 (27.7%) | loss: 5.613012 | lrm: 1.00 | dt: 370ms | tok/sec: 88,501 | epoch: 1 | remaining: 290s    
step 00029 (28.7%) | loss: 5.562934 | lrm: 1.00 | dt: 394ms | tok/sec: 83,191 | epoch: 1 | remaining: 289s    
step 00030 (29.7%) | loss: 5.512727 | lrm: 1.00 | dt: 416ms | tok/sec: 78,756 | epoch: 1 | remaining: 289s    
step 00031 (30.7%) | loss: 5.465154 | lrm: 1.00 | dt: 432ms | tok/sec: 75,779 | epoch: 1 | remaining: 289s    
step 00032 (31.7%) | loss: 5.424221 | lrm: 1.00 | dt: 427ms | tok/sec: 76,733 | epoch: 1 | remaining: 288s    
step 00033 (32.7%) | loss: 5.390050 | lrm: 1.00 | dt: 401ms | tok/sec: 81,690 | epoch: 1 | remaining: 288s    
step 00034 (33.7%) | loss: 5.342989 | lrm: 1.00 | dt: 376ms | tok/sec: 87,099 | epoch: 1 | remaining: 287s    
step 00035 (34.7%) | loss: 5.304138 | lrm: 1.00 | dt: 362ms | tok/sec: 90,495 | epoch: 1 | remaining: 287s    
step 00036 (35.6%) | loss: 5.260240 | lrm: 1.00 | dt: 348ms | tok/sec: 94,101 | epoch: 1 | remaining: 287s    
step 00037 (36.6%) | loss: 5.229468 | lrm: 1.00 | dt: 341ms | tok/sec: 96,027 | epoch: 1 | remaining: 286s    
step 00038 (37.6%) | loss: 5.198459 | lrm: 1.00 | dt: 336ms | tok/sec: 97,510 | epoch: 1 | remaining: 286s    
step 00039 (38.6%) | loss: 5.172910 | lrm: 1.00 | dt: 335ms | tok/sec: 97,689 | epoch: 1 | remaining: 286s    
step 00040 (39.6%) | loss: 5.135944 | lrm: 1.00 | dt: 330ms | tok/sec: 99,204 | epoch: 1 | remaining: 285s    
step 00041 (40.6%) | loss: 5.115688 | lrm: 1.00 | dt: 333ms | tok/sec: 98,483 | epoch: 1 | remaining: 285s    
step 00042 (41.6%) | loss: 5.075734 | lrm: 1.00 | dt: 333ms | tok/sec: 98,291 | epoch: 1 | remaining: 285s    
step 00043 (42.6%) | loss: 5.046324 | lrm: 1.00 | dt: 335ms | tok/sec: 97,673 | epoch: 1 | remaining: 284s    
step 00044 (43.6%) | loss: 5.018093 | lrm: 1.00 | dt: 341ms | tok/sec: 96,094 | epoch: 1 | remaining: 284s    
step 00045 (44.6%) | loss: 5.006646 | lrm: 1.00 | dt: 348ms | tok/sec: 94,243 | epoch: 1 | remaining: 284s    
step 00046 (45.5%) | loss: 4.984124 | lrm: 1.00 | dt: 360ms | tok/sec: 91,121 | epoch: 1 | remaining: 283s    
step 00047 (46.5%) | loss: 4.962203 | lrm: 1.00 | dt: 369ms | tok/sec: 88,825 | epoch: 1 | remaining: 283s    
step 00048 (47.5%) | loss: 4.943828 | lrm: 1.00 | dt: 378ms | tok/sec: 86,616 | epoch: 1 | remaining: 283s    
step 00049 (48.5%) | loss: 4.933029 | lrm: 1.00 | dt: 387ms | tok/sec: 84,649 | epoch: 1 | remaining: 282s    
step 00050 (49.5%) | loss: 4.911305 | lrm: 1.00 | dt: 391ms | tok/sec: 83,811 | epoch: 1 | remaining: 282s    
step 00051 (50.5%) | loss: 4.891417 | lrm: 0.99 | dt: 383ms | tok/sec: 85,603 | epoch: 1 | remaining: 281s    
step 00052 (51.5%) | loss: 4.869154 | lrm: 0.97 | dt: 378ms | tok/sec: 86,618 | epoch: 1 | remaining: 281s    
step 00053 (52.5%) | loss: 4.853652 | lrm: 0.95 | dt: 372ms | tok/sec: 88,113 | epoch: 1 | remaining: 281s    
step 00054 (53.5%) | loss: 4.836292 | lrm: 0.93 | dt: 365ms | tok/sec: 89,694 | epoch: 1 | remaining: 280s    
step 00055 (54.5%) | loss: 4.821218 | lrm: 0.91 | dt: 361ms | tok/sec: 90,860 | epoch: 1 | remaining: 280s    
step 00056 (55.4%) | loss: 4.806631 | lrm: 0.89 | dt: 354ms | tok/sec: 92,447 | epoch: 1 | remaining: 280s    
step 00057 (56.4%) | loss: 4.789826 | lrm: 0.87 | dt: 348ms | tok/sec: 94,153 | epoch: 1 | remaining: 279s    
step 00058 (57.4%) | loss: 4.783854 | lrm: 0.85 | dt: 350ms | tok/sec: 93,749 | epoch: 1 | remaining: 279s    
step 00059 (58.4%) | loss: 4.772126 | lrm: 0.83 | dt: 350ms | tok/sec: 93,700 | epoch: 1 | remaining: 279s    
step 00060 (59.4%) | loss: 4.752432 | lrm: 0.81 | dt: 349ms | tok/sec: 93,951 | epoch: 1 | remaining: 278s    
step 00061 (60.4%) | loss: 4.738437 | lrm: 0.79 | dt: 350ms | tok/sec: 93,581 | epoch: 1 | remaining: 278s    
step 00062 (61.4%) | loss: 4.722476 | lrm: 0.77 | dt: 355ms | tok/sec: 92,238 | epoch: 1 | remaining: 277s    
step 00063 (62.4%) | loss: 4.716732 | lrm: 0.75 | dt: 354ms | tok/sec: 92,469 | epoch: 1 | remaining: 277s    
step 00064 (63.4%) | loss: 4.702824 | lrm: 0.73 | dt: 357ms | tok/sec: 91,720 | epoch: 1 | remaining: 277s    
step 00065 (64.4%) | loss: 4.689201 | lrm: 0.71 | dt: 358ms | tok/sec: 91,524 | epoch: 1 | remaining: 276s    
step 00066 (65.3%) | loss: 4.678918 | lrm: 0.69 | dt: 362ms | tok/sec: 90,596 | epoch: 1 | remaining: 276s    
step 00067 (66.3%) | loss: 4.660715 | lrm: 0.67 | dt: 364ms | tok/sec: 90,096 | epoch: 1 | remaining: 276s    
step 00068 (67.3%) | loss: 4.648661 | lrm: 0.65 | dt: 364ms | tok/sec: 90,069 | epoch: 1 | remaining: 275s    
step 00069 (68.3%) | loss: 4.633651 | lrm: 0.63 | dt: 361ms | tok/sec: 90,705 | epoch: 1 | remaining: 275s    
step 00070 (69.3%) | loss: 4.617722 | lrm: 0.61 | dt: 358ms | tok/sec: 91,500 | epoch: 1 | remaining: 275s    
step 00071 (70.3%) | loss: 4.601479 | lrm: 0.59 | dt: 356ms | tok/sec: 92,108 | epoch: 1 | remaining: 274s    
step 00072 (71.3%) | loss: 4.589175 | lrm: 0.57 | dt: 358ms | tok/sec: 91,584 | epoch: 1 | remaining: 274s    
step 00073 (72.3%) | loss: 4.575905 | lrm: 0.55 | dt: 356ms | tok/sec: 92,126 | epoch: 1 | remaining: 274s    
step 00074 (73.3%) | loss: 4.558959 | lrm: 0.53 | dt: 353ms | tok/sec: 92,951 | epoch: 1 | remaining: 273s    
step 00075 (74.3%) | loss: 4.545163 | lrm: 0.51 | dt: 352ms | tok/sec: 93,063 | epoch: 1 | remaining: 273s    
step 00076 (75.2%) | loss: 4.537352 | lrm: 0.50 | dt: 350ms | tok/sec: 93,731 | epoch: 1 | remaining: 272s    
step 00077 (76.2%) | loss: 4.521672 | lrm: 0.48 | dt: 351ms | tok/sec: 93,470 | epoch: 1 | remaining: 272s    
step 00078 (77.2%) | loss: 4.512105 | lrm: 0.46 | dt: 353ms | tok/sec: 92,929 | epoch: 1 | remaining: 272s    
step 00079 (78.2%) | loss: 4.506898 | lrm: 0.44 | dt: 354ms | tok/sec: 92,446 | epoch: 1 | remaining: 271s    
step 00080 (79.2%) | loss: 4.493126 | lrm: 0.42 | dt: 353ms | tok/sec: 92,910 | epoch: 1 | remaining: 271s    
step 00081 (80.2%) | loss: 4.482126 | lrm: 0.40 | dt: 354ms | tok/sec: 92,455 | epoch: 1 | remaining: 271s    
step 00082 (81.2%) | loss: 4.472736 | lrm: 0.38 | dt: 356ms | tok/sec: 92,103 | epoch: 1 | remaining: 270s    
step 00083 (82.2%) | loss: 4.459411 | lrm: 0.36 | dt: 357ms | tok/sec: 91,835 | epoch: 1 | remaining: 270s    
step 00084 (83.2%) | loss: 4.445815 | lrm: 0.34 | dt: 360ms | tok/sec: 91,104 | epoch: 1 | remaining: 270s    
step 00085 (84.2%) | loss: 4.432433 | lrm: 0.32 | dt: 357ms | tok/sec: 91,679 | epoch: 1 | remaining: 269s    
step 00086 (85.1%) | loss: 4.413352 | lrm: 0.30 | dt: 358ms | tok/sec: 91,475 | epoch: 1 | remaining: 269s    
step 00087 (86.1%) | loss: 4.412549 | lrm: 0.28 | dt: 357ms | tok/sec: 91,716 | epoch: 1 | remaining: 269s    
step 00088 (87.1%) | loss: 4.401332 | lrm: 0.26 | dt: 359ms | tok/sec: 91,296 | epoch: 1 | remaining: 268s    
step 00089 (88.1%) | loss: 4.403234 | lrm: 0.24 | dt: 354ms | tok/sec: 92,481 | epoch: 1 | remaining: 268s    
step 00090 (89.1%) | loss: 4.400794 | lrm: 0.22 | dt: 352ms | tok/sec: 93,174 | epoch: 1 | remaining: 267s    
step 00091 (90.1%) | loss: 4.395931 | lrm: 0.20 | dt: 352ms | tok/sec: 93,022 | epoch: 1 | remaining: 267s    
step 00092 (91.1%) | loss: 4.406106 | lrm: 0.18 | dt: 352ms | tok/sec: 93,203 | epoch: 1 | remaining: 267s    
step 00093 (92.1%) | loss: 4.395109 | lrm: 0.16 | dt: 348ms | tok/sec: 94,288 | epoch: 1 | remaining: 266s    
step 00094 (93.1%) | loss: 4.394411 | lrm: 0.14 | dt: 347ms | tok/sec: 94,450 | epoch: 1 | remaining: 266s    
step 00095 (94.1%) | loss: 4.384945 | lrm: 0.12 | dt: 347ms | tok/sec: 94,539 | epoch: 1 | remaining: 266s    
step 00096 (95.0%) | loss: 4.377967 | lrm: 0.10 | dt: 346ms | tok/sec: 94,655 | epoch: 1 | remaining: 265s    
step 00097 (96.0%) | loss: 4.365099 | lrm: 0.08 | dt: 345ms | tok/sec: 95,022 | epoch: 1 | remaining: 265s    
step 00098 (97.0%) | loss: 4.357892 | lrm: 0.06 | dt: 348ms | tok/sec: 94,061 | epoch: 1 | remaining: 265s    
step 00099 (98.0%) | loss: 4.349539 | lrm: 0.04 | dt: 349ms | tok/sec: 93,913 | epoch: 1 | remaining: 264s    
step 00100 (99.0%) | loss: 4.341911 | lrm: 0.02 | dt: 351ms | tok/sec: 93,305 | epoch: 1 | remaining: 264s    
Training completed in 36.0s
Starting final eval...
Final eval batch size: 256
Final eval completed in 16.5s
Baseline results written: /Users/ahmadalzaro/.cache/autoresearch-arabic/baseline_results.json
---
val_bpb:          1.013281
training_seconds: 36.0
total_seconds:    53.3
peak_vram_mb:     19043.7
mfu_percent:      0.00
total_tokens_M:   3.3
num_steps:        101
num_params_M:     5.0
total_eval_nats:  6677094.750000
total_eval_bytes: 9506751
total_valid_tokens: 1568355
depth:            4
