Condition: d1
Data/tokenizer loaded in 0.3s
Time budget: 300s
Gradient accumulation steps: 1
Model compiled in 0.6s

step 00000 (0.0%) | loss: 9.011134 | lrm: 1.00 | dt: 571ms | tok/sec: 57,347 | epoch: 1 | remaining: 300s    
step 00001 (1.0%) | loss: 9.041996 | lrm: 1.00 | dt: 292ms | tok/sec: 112,085 | epoch: 1 | remaining: 300s    
step 00002 (2.0%) | loss: 8.676113 | lrm: 1.00 | dt: 298ms | tok/sec: 109,841 | epoch: 1 | remaining: 299s    
step 00003 (3.0%) | loss: 8.316343 | lrm: 1.00 | dt: 290ms | tok/sec: 112,840 | epoch: 1 | remaining: 299s    
step 00004 (4.0%) | loss: 8.024831 | lrm: 1.00 | dt: 293ms | tok/sec: 111,709 | epoch: 1 | remaining: 299s    
step 00005 (5.0%) | loss: 7.783769 | lrm: 1.00 | dt: 292ms | tok/sec: 112,083 | epoch: 1 | remaining: 299s    
step 00006 (5.9%) | loss: 7.595710 | lrm: 1.00 | dt: 296ms | tok/sec: 110,824 | epoch: 1 | remaining: 298s    
step 00007 (6.9%) | loss: 7.435640 | lrm: 1.00 | dt: 288ms | tok/sec: 113,950 | epoch: 1 | remaining: 298s    
step 00008 (7.9%) | loss: 7.301163 | lrm: 1.00 | dt: 287ms | tok/sec: 114,067 | epoch: 1 | remaining: 298s    
step 00009 (8.9%) | loss: 7.208369 | lrm: 1.00 | dt: 285ms | tok/sec: 115,061 | epoch: 1 | remaining: 297s    
step 00010 (9.9%) | loss: 7.095248 | lrm: 1.00 | dt: 285ms | tok/sec: 114,926 | epoch: 1 | remaining: 297s    
step 00011 (10.9%) | loss: 6.978152 | lrm: 1.00 | dt: 296ms | tok/sec: 110,619 | epoch: 1 | remaining: 297s    
step 00012 (11.9%) | loss: 6.867311 | lrm: 1.00 | dt: 287ms | tok/sec: 114,015 | epoch: 1 | remaining: 297s    
step 00013 (12.9%) | loss: 6.768559 | lrm: 1.00 | dt: 290ms | tok/sec: 112,924 | epoch: 1 | remaining: 296s    
step 00014 (13.9%) | loss: 6.663468 | lrm: 1.00 | dt: 290ms | tok/sec: 113,061 | epoch: 1 | remaining: 296s    
step 00015 (14.9%) | loss: 6.564801 | lrm: 1.00 | dt: 288ms | tok/sec: 113,952 | epoch: 1 | remaining: 296s    
step 00016 (15.8%) | loss: 6.466454 | lrm: 1.00 | dt: 288ms | tok/sec: 113,771 | epoch: 1 | remaining: 295s    
step 00017 (16.8%) | loss: 6.385480 | lrm: 1.00 | dt: 287ms | tok/sec: 114,181 | epoch: 1 | remaining: 295s    
step 00018 (17.8%) | loss: 6.293211 | lrm: 1.00 | dt: 288ms | tok/sec: 113,742 | epoch: 1 | remaining: 295s    
step 00019 (18.8%) | loss: 6.215357 | lrm: 1.00 | dt: 282ms | tok/sec: 116,019 | epoch: 1 | remaining: 294s    
step 00020 (19.8%) | loss: 6.133217 | lrm: 1.00 | dt: 286ms | tok/sec: 114,440 | epoch: 1 | remaining: 294s    
step 00021 (20.8%) | loss: 6.069704 | lrm: 1.00 | dt: 298ms | tok/sec: 110,051 | epoch: 1 | remaining: 294s    
step 00022 (21.8%) | loss: 6.004776 | lrm: 1.00 | dt: 289ms | tok/sec: 113,538 | epoch: 1 | remaining: 294s    
step 00023 (22.8%) | loss: 5.941420 | lrm: 1.00 | dt: 301ms | tok/sec: 108,800 | epoch: 1 | remaining: 293s    
step 00024 (23.8%) | loss: 5.881377 | lrm: 1.00 | dt: 289ms | tok/sec: 113,413 | epoch: 1 | remaining: 293s    
step 00025 (24.8%) | loss: 5.824511 | lrm: 1.00 | dt: 293ms | tok/sec: 111,688 | epoch: 1 | remaining: 293s    
step 00026 (25.7%) | loss: 5.775938 | lrm: 1.00 | dt: 289ms | tok/sec: 113,303 | epoch: 1 | remaining: 292s    
step 00027 (26.7%) | loss: 5.730863 | lrm: 1.00 | dt: 294ms | tok/sec: 111,609 | epoch: 1 | remaining: 292s    
step 00028 (27.7%) | loss: 5.676573 | lrm: 1.00 | dt: 292ms | tok/sec: 112,163 | epoch: 1 | remaining: 292s    
step 00029 (28.7%) | loss: 5.628387 | lrm: 1.00 | dt: 294ms | tok/sec: 111,355 | epoch: 1 | remaining: 292s    
step 00030 (29.7%) | loss: 5.580103 | lrm: 1.00 | dt: 294ms | tok/sec: 111,574 | epoch: 1 | remaining: 291s    
step 00031 (30.7%) | loss: 5.533498 | lrm: 1.00 | dt: 304ms | tok/sec: 107,930 | epoch: 1 | remaining: 291s    
step 00032 (31.7%) | loss: 5.492463 | lrm: 1.00 | dt: 293ms | tok/sec: 111,815 | epoch: 1 | remaining: 291s    
step 00033 (32.7%) | loss: 5.457120 | lrm: 1.00 | dt: 290ms | tok/sec: 112,843 | epoch: 1 | remaining: 290s    
step 00034 (33.7%) | loss: 5.409579 | lrm: 1.00 | dt: 289ms | tok/sec: 113,297 | epoch: 1 | remaining: 290s    
step 00035 (34.7%) | loss: 5.368926 | lrm: 1.00 | dt: 292ms | tok/sec: 112,143 | epoch: 1 | remaining: 290s    
step 00036 (35.6%) | loss: 5.323649 | lrm: 1.00 | dt: 294ms | tok/sec: 111,622 | epoch: 1 | remaining: 290s    
step 00037 (36.6%) | loss: 5.290797 | lrm: 1.00 | dt: 294ms | tok/sec: 111,329 | epoch: 1 | remaining: 289s    
step 00038 (37.6%) | loss: 5.257538 | lrm: 1.00 | dt: 293ms | tok/sec: 111,978 | epoch: 1 | remaining: 289s    
step 00039 (38.6%) | loss: 5.229333 | lrm: 1.00 | dt: 305ms | tok/sec: 107,567 | epoch: 1 | remaining: 289s    
step 00040 (39.6%) | loss: 5.189740 | lrm: 1.00 | dt: 298ms | tok/sec: 109,889 | epoch: 1 | remaining: 288s    
step 00041 (40.6%) | loss: 5.167097 | lrm: 1.00 | dt: 295ms | tok/sec: 110,929 | epoch: 1 | remaining: 288s    
step 00042 (41.6%) | loss: 5.124752 | lrm: 1.00 | dt: 288ms | tok/sec: 113,641 | epoch: 1 | remaining: 288s    
step 00043 (42.6%) | loss: 5.091925 | lrm: 1.00 | dt: 291ms | tok/sec: 112,784 | epoch: 1 | remaining: 287s    
step 00044 (43.6%) | loss: 5.060690 | lrm: 1.00 | dt: 293ms | tok/sec: 111,810 | epoch: 1 | remaining: 287s    
step 00045 (44.6%) | loss: 5.045740 | lrm: 1.00 | dt: 290ms | tok/sec: 113,133 | epoch: 1 | remaining: 287s    
step 00046 (45.5%) | loss: 5.020933 | lrm: 1.00 | dt: 289ms | tok/sec: 113,289 | epoch: 1 | remaining: 287s    
step 00047 (46.5%) | loss: 4.994932 | lrm: 1.00 | dt: 286ms | tok/sec: 114,578 | epoch: 1 | remaining: 286s    
step 00048 (47.5%) | loss: 4.974693 | lrm: 1.00 | dt: 288ms | tok/sec: 113,740 | epoch: 1 | remaining: 286s    
step 00049 (48.5%) | loss: 4.961265 | lrm: 1.00 | dt: 290ms | tok/sec: 113,070 | epoch: 1 | remaining: 286s    
step 00050 (49.5%) | loss: 4.935837 | lrm: 1.00 | dt: 312ms | tok/sec: 105,084 | epoch: 1 | remaining: 285s    
step 00051 (50.5%) | loss: 4.913730 | lrm: 0.99 | dt: 301ms | tok/sec: 109,025 | epoch: 1 | remaining: 285s    
step 00052 (51.5%) | loss: 4.889427 | lrm: 0.97 | dt: 301ms | tok/sec: 108,995 | epoch: 1 | remaining: 285s    
step 00053 (52.5%) | loss: 4.871586 | lrm: 0.95 | dt: 299ms | tok/sec: 109,583 | epoch: 1 | remaining: 285s    
step 00054 (53.5%) | loss: 4.853670 | lrm: 0.93 | dt: 296ms | tok/sec: 110,536 | epoch: 1 | remaining: 284s    
step 00055 (54.5%) | loss: 4.837922 | lrm: 0.91 | dt: 290ms | tok/sec: 112,839 | epoch: 1 | remaining: 284s    
step 00056 (55.4%) | loss: 4.822108 | lrm: 0.89 | dt: 305ms | tok/sec: 107,309 | epoch: 1 | remaining: 284s    
step 00057 (56.4%) | loss: 4.803771 | lrm: 0.87 | dt: 299ms | tok/sec: 109,529 | epoch: 1 | remaining: 283s    
step 00058 (57.4%) | loss: 4.797047 | lrm: 0.85 | dt: 292ms | tok/sec: 112,040 | epoch: 1 | remaining: 283s    
step 00059 (58.4%) | loss: 4.784493 | lrm: 0.83 | dt: 302ms | tok/sec: 108,440 | epoch: 1 | remaining: 283s    
step 00060 (59.4%) | loss: 4.764029 | lrm: 0.81 | dt: 294ms | tok/sec: 111,486 | epoch: 1 | remaining: 282s    
step 00061 (60.4%) | loss: 4.748534 | lrm: 0.79 | dt: 292ms | tok/sec: 112,130 | epoch: 1 | remaining: 282s    
step 00062 (61.4%) | loss: 4.732253 | lrm: 0.77 | dt: 295ms | tok/sec: 110,915 | epoch: 1 | remaining: 282s    
step 00063 (62.4%) | loss: 4.725891 | lrm: 0.75 | dt: 295ms | tok/sec: 110,953 | epoch: 1 | remaining: 282s    
step 00064 (63.4%) | loss: 4.711529 | lrm: 0.73 | dt: 296ms | tok/sec: 110,523 | epoch: 1 | remaining: 281s    
step 00065 (64.4%) | loss: 4.697636 | lrm: 0.71 | dt: 299ms | tok/sec: 109,679 | epoch: 1 | remaining: 281s    
step 00066 (65.3%) | loss: 4.687278 | lrm: 0.69 | dt: 298ms | tok/sec: 110,132 | epoch: 1 | remaining: 281s    
step 00067 (66.3%) | loss: 4.669817 | lrm: 0.67 | dt: 300ms | tok/sec: 109,175 | epoch: 1 | remaining: 280s    
step 00068 (67.3%) | loss: 4.658074 | lrm: 0.65 | dt: 298ms | tok/sec: 109,966 | epoch: 1 | remaining: 280s    
step 00069 (68.3%) | loss: 4.643056 | lrm: 0.63 | dt: 300ms | tok/sec: 109,160 | epoch: 1 | remaining: 280s    
step 00070 (69.3%) | loss: 4.626367 | lrm: 0.61 | dt: 298ms | tok/sec: 110,063 | epoch: 1 | remaining: 279s    
step 00071 (70.3%) | loss: 4.610633 | lrm: 0.59 | dt: 299ms | tok/sec: 109,605 | epoch: 1 | remaining: 279s    
step 00072 (71.3%) | loss: 4.599373 | lrm: 0.57 | dt: 320ms | tok/sec: 102,389 | epoch: 1 | remaining: 279s    
step 00073 (72.3%) | loss: 4.587596 | lrm: 0.55 | dt: 298ms | tok/sec: 109,973 | epoch: 1 | remaining: 279s    
step 00074 (73.3%) | loss: 4.571026 | lrm: 0.53 | dt: 296ms | tok/sec: 110,624 | epoch: 1 | remaining: 278s    
step 00075 (74.3%) | loss: 4.558396 | lrm: 0.51 | dt: 295ms | tok/sec: 111,053 | epoch: 1 | remaining: 278s    
step 00076 (75.2%) | loss: 4.551137 | lrm: 0.50 | dt: 292ms | tok/sec: 112,051 | epoch: 1 | remaining: 278s    
step 00077 (76.2%) | loss: 4.536730 | lrm: 0.48 | dt: 316ms | tok/sec: 103,851 | epoch: 1 | remaining: 277s    
step 00078 (77.2%) | loss: 4.528532 | lrm: 0.46 | dt: 337ms | tok/sec: 97,139 | epoch: 1 | remaining: 277s    
step 00079 (78.2%) | loss: 4.524545 | lrm: 0.44 | dt: 333ms | tok/sec: 98,498 | epoch: 1 | remaining: 277s    
step 00080 (79.2%) | loss: 4.511576 | lrm: 0.42 | dt: 318ms | tok/sec: 102,952 | epoch: 1 | remaining: 276s    
step 00081 (80.2%) | loss: 4.501632 | lrm: 0.40 | dt: 314ms | tok/sec: 104,321 | epoch: 1 | remaining: 276s    
step 00082 (81.2%) | loss: 4.493396 | lrm: 0.38 | dt: 326ms | tok/sec: 100,542 | epoch: 1 | remaining: 276s    
step 00083 (82.2%) | loss: 4.480928 | lrm: 0.36 | dt: 316ms | tok/sec: 103,659 | epoch: 1 | remaining: 275s    
step 00084 (83.2%) | loss: 4.467435 | lrm: 0.34 | dt: 313ms | tok/sec: 104,809 | epoch: 1 | remaining: 275s    
step 00085 (84.2%) | loss: 4.454040 | lrm: 0.32 | dt: 297ms | tok/sec: 110,483 | epoch: 1 | remaining: 275s    
step 00086 (85.1%) | loss: 4.435280 | lrm: 0.30 | dt: 300ms | tok/sec: 109,239 | epoch: 1 | remaining: 274s    
step 00087 (86.1%) | loss: 4.434850 | lrm: 0.28 | dt: 296ms | tok/sec: 110,774 | epoch: 1 | remaining: 274s    
step 00088 (87.1%) | loss: 4.424698 | lrm: 0.26 | dt: 297ms | tok/sec: 110,223 | epoch: 1 | remaining: 274s    
step 00089 (88.1%) | loss: 4.427144 | lrm: 0.24 | dt: 293ms | tok/sec: 111,916 | epoch: 1 | remaining: 274s    
step 00090 (89.1%) | loss: 4.424671 | lrm: 0.22 | dt: 298ms | tok/sec: 109,936 | epoch: 1 | remaining: 273s    
step 00091 (90.1%) | loss: 4.419814 | lrm: 0.20 | dt: 295ms | tok/sec: 111,260 | epoch: 1 | remaining: 273s    
step 00092 (91.1%) | loss: 4.431208 | lrm: 0.18 | dt: 304ms | tok/sec: 107,710 | epoch: 1 | remaining: 273s    
step 00093 (92.1%) | loss: 4.420107 | lrm: 0.16 | dt: 292ms | tok/sec: 112,359 | epoch: 1 | remaining: 272s    
step 00094 (93.1%) | loss: 4.418545 | lrm: 0.14 | dt: 298ms | tok/sec: 110,031 | epoch: 1 | remaining: 272s    
step 00095 (94.1%) | loss: 4.409011 | lrm: 0.12 | dt: 312ms | tok/sec: 105,084 | epoch: 1 | remaining: 272s    
step 00096 (95.0%) | loss: 4.401626 | lrm: 0.10 | dt: 313ms | tok/sec: 104,525 | epoch: 1 | remaining: 271s    
step 00097 (96.0%) | loss: 4.388626 | lrm: 0.08 | dt: 291ms | tok/sec: 112,661 | epoch: 1 | remaining: 271s    
step 00098 (97.0%) | loss: 4.381070 | lrm: 0.06 | dt: 289ms | tok/sec: 113,537 | epoch: 1 | remaining: 271s    
step 00099 (98.0%) | loss: 4.373056 | lrm: 0.04 | dt: 290ms | tok/sec: 113,158 | epoch: 1 | remaining: 271s    
step 00100 (99.0%) | loss: 4.366364 | lrm: 0.02 | dt: 292ms | tok/sec: 112,392 | epoch: 1 | remaining: 270s    
Training completed in 29.7s
Starting final eval...
Final eval batch size: 256
Final eval completed in 38.6s
Baseline results written: /Users/ahmadalzaro/.cache/autoresearch-arabic/baseline_results.json
---
val_bpb:          1.018161
training_seconds: 29.7
total_seconds:    69.2
peak_vram_mb:     19043.7
mfu_percent:      0.00
total_tokens_M:   3.3
num_steps:        101
num_params_M:     5.0
total_eval_nats:  6709251.250000
total_eval_bytes: 9506751
total_valid_tokens: 1568355
depth:            4
