Condition: d3
Data/tokenizer loaded in 0.3s
Time budget: 300s
Gradient accumulation steps: 1
Model compiled in 0.6s

step 00000 (0.0%) | loss: 9.011121 | lrm: 1.00 | dt: 611ms | tok/sec: 53,649 | epoch: 1 | remaining: 300s    
step 00001 (0.4%) | loss: 9.023889 | lrm: 1.00 | dt: 340ms | tok/sec: 96,282 | epoch: 1 | remaining: 300s    
step 00002 (0.8%) | loss: 8.655492 | lrm: 1.00 | dt: 550ms | tok/sec: 59,539 | epoch: 1 | remaining: 299s    
step 00003 (1.1%) | loss: 8.358689 | lrm: 1.00 | dt: 612ms | tok/sec: 53,532 | epoch: 1 | remaining: 298s    
step 00004 (1.5%) | loss: 8.149100 | lrm: 1.00 | dt: 1429ms | tok/sec: 22,927 | epoch: 1 | remaining: 297s    
step 00005 (1.9%) | loss: 7.974257 | lrm: 1.00 | dt: 1955ms | tok/sec: 16,764 | epoch: 1 | remaining: 295s    
step 00006 (2.3%) | loss: 7.847388 | lrm: 1.00 | dt: 750ms | tok/sec: 43,718 | epoch: 1 | remaining: 294s    
step 00007 (2.7%) | loss: 7.740705 | lrm: 1.00 | dt: 758ms | tok/sec: 43,221 | epoch: 1 | remaining: 294s    
step 00008 (3.0%) | loss: 7.661716 | lrm: 1.00 | dt: 1116ms | tok/sec: 29,349 | epoch: 1 | remaining: 292s    
step 00009 (3.4%) | loss: 7.600465 | lrm: 1.00 | dt: 1459ms | tok/sec: 22,462 | epoch: 1 | remaining: 291s    
step 00010 (3.8%) | loss: 7.535813 | lrm: 1.00 | dt: 1008ms | tok/sec: 32,503 | epoch: 1 | remaining: 290s    
step 00011 (4.2%) | loss: 7.489144 | lrm: 1.00 | dt: 933ms | tok/sec: 35,107 | epoch: 1 | remaining: 289s    
step 00012 (4.5%) | loss: 7.445411 | lrm: 1.00 | dt: 1068ms | tok/sec: 30,680 | epoch: 1 | remaining: 288s    
step 00013 (4.9%) | loss: 7.409865 | lrm: 1.00 | dt: 1266ms | tok/sec: 25,884 | epoch: 1 | remaining: 287s    
step 00014 (5.3%) | loss: 7.399767 | lrm: 1.00 | dt: 1000ms | tok/sec: 32,778 | epoch: 1 | remaining: 286s    
step 00015 (5.7%) | loss: 7.367733 | lrm: 1.00 | dt: 1065ms | tok/sec: 30,775 | epoch: 1 | remaining: 285s    
step 00016 (6.1%) | loss: 7.334953 | lrm: 1.00 | dt: 1166ms | tok/sec: 28,110 | epoch: 1 | remaining: 284s    
step 00017 (6.4%) | loss: 7.306120 | lrm: 1.00 | dt: 1060ms | tok/sec: 30,911 | epoch: 1 | remaining: 282s    
step 00018 (6.8%) | loss: 7.283992 | lrm: 1.00 | dt: 1085ms | tok/sec: 30,202 | epoch: 1 | remaining: 281s    
step 00019 (7.2%) | loss: 7.264256 | lrm: 1.00 | dt: 1091ms | tok/sec: 30,033 | epoch: 1 | remaining: 280s    
step 00020 (7.6%) | loss: 7.241891 | lrm: 1.00 | dt: 1067ms | tok/sec: 30,720 | epoch: 1 | remaining: 279s    
step 00021 (8.0%) | loss: 7.217353 | lrm: 1.00 | dt: 1064ms | tok/sec: 30,794 | epoch: 1 | remaining: 278s    
step 00022 (8.3%) | loss: 7.197083 | lrm: 1.00 | dt: 1094ms | tok/sec: 29,955 | epoch: 1 | remaining: 277s    
step 00023 (8.7%) | loss: 7.183898 | lrm: 1.00 | dt: 1113ms | tok/sec: 29,444 | epoch: 1 | remaining: 276s    
step 00024 (9.1%) | loss: 7.160783 | lrm: 1.00 | dt: 1075ms | tok/sec: 30,471 | epoch: 1 | remaining: 275s    
step 00025 (9.5%) | loss: 7.164078 | lrm: 1.00 | dt: 1092ms | tok/sec: 30,010 | epoch: 1 | remaining: 274s    
step 00026 (9.8%) | loss: 7.147121 | lrm: 1.00 | dt: 1112ms | tok/sec: 29,469 | epoch: 1 | remaining: 273s    
step 00027 (10.2%) | loss: 7.127962 | lrm: 1.00 | dt: 1084ms | tok/sec: 30,227 | epoch: 1 | remaining: 272s    
step 00028 (10.6%) | loss: 7.101936 | lrm: 1.00 | dt: 1057ms | tok/sec: 30,996 | epoch: 1 | remaining: 271s    
step 00029 (11.0%) | loss: 7.075184 | lrm: 1.00 | dt: 1075ms | tok/sec: 30,472 | epoch: 1 | remaining: 269s    
step 00030 (11.4%) | loss: 7.041602 | lrm: 1.00 | dt: 1114ms | tok/sec: 29,414 | epoch: 1 | remaining: 268s    
step 00031 (11.7%) | loss: 7.007653 | lrm: 1.00 | dt: 1068ms | tok/sec: 30,675 | epoch: 1 | remaining: 267s    
step 00032 (12.1%) | loss: 6.975334 | lrm: 1.00 | dt: 1077ms | tok/sec: 30,427 | epoch: 1 | remaining: 266s    
step 00033 (12.5%) | loss: 6.944838 | lrm: 1.00 | dt: 1071ms | tok/sec: 30,595 | epoch: 1 | remaining: 265s    
step 00034 (12.9%) | loss: 6.918475 | lrm: 1.00 | dt: 1091ms | tok/sec: 30,030 | epoch: 1 | remaining: 264s    
step 00035 (13.3%) | loss: 6.889177 | lrm: 1.00 | dt: 1153ms | tok/sec: 28,415 | epoch: 1 | remaining: 263s    
step 00036 (13.6%) | loss: 6.863652 | lrm: 1.00 | dt: 1084ms | tok/sec: 30,230 | epoch: 1 | remaining: 262s    
step 00037 (14.0%) | loss: 6.829583 | lrm: 1.00 | dt: 1066ms | tok/sec: 30,736 | epoch: 1 | remaining: 261s    
step 00038 (14.4%) | loss: 6.798536 | lrm: 1.00 | dt: 1048ms | tok/sec: 31,279 | epoch: 1 | remaining: 260s    
step 00039 (14.8%) | loss: 6.776950 | lrm: 1.00 | dt: 1066ms | tok/sec: 30,735 | epoch: 1 | remaining: 259s    
step 00040 (15.2%) | loss: 6.746928 | lrm: 1.00 | dt: 1084ms | tok/sec: 30,217 | epoch: 1 | remaining: 258s    
step 00041 (15.5%) | loss: 6.717577 | lrm: 1.00 | dt: 1111ms | tok/sec: 29,503 | epoch: 1 | remaining: 256s    
step 00042 (15.9%) | loss: 6.694236 | lrm: 1.00 | dt: 1080ms | tok/sec: 30,346 | epoch: 1 | remaining: 255s    
step 00043 (16.3%) | loss: 6.675918 | lrm: 1.00 | dt: 1069ms | tok/sec: 30,643 | epoch: 1 | remaining: 254s    
step 00044 (16.7%) | loss: 6.651272 | lrm: 1.00 | dt: 1083ms | tok/sec: 30,248 | epoch: 1 | remaining: 253s    
step 00045 (17.0%) | loss: 6.635783 | lrm: 1.00 | dt: 1092ms | tok/sec: 30,011 | epoch: 1 | remaining: 252s    
step 00046 (17.4%) | loss: 6.617728 | lrm: 1.00 | dt: 1101ms | tok/sec: 29,766 | epoch: 1 | remaining: 251s    
step 00047 (17.8%) | loss: 6.595151 | lrm: 1.00 | dt: 1108ms | tok/sec: 29,586 | epoch: 1 | remaining: 250s    
step 00048 (18.2%) | loss: 6.576805 | lrm: 1.00 | dt: 1101ms | tok/sec: 29,768 | epoch: 1 | remaining: 249s    
step 00049 (18.6%) | loss: 6.562467 | lrm: 1.00 | dt: 1063ms | tok/sec: 30,819 | epoch: 1 | remaining: 248s    
step 00050 (18.9%) | loss: 6.552129 | lrm: 1.00 | dt: 1002ms | tok/sec: 32,688 | epoch: 1 | remaining: 247s    
step 00051 (19.3%) | loss: 6.556347 | lrm: 1.00 | dt: 1106ms | tok/sec: 29,616 | epoch: 1 | remaining: 246s    
step 00052 (19.7%) | loss: 6.532428 | lrm: 1.00 | dt: 1152ms | tok/sec: 28,446 | epoch: 1 | remaining: 244s    
step 00053 (20.1%) | loss: 6.519305 | lrm: 1.00 | dt: 1072ms | tok/sec: 30,572 | epoch: 1 | remaining: 243s    
step 00054 (20.5%) | loss: 6.503419 | lrm: 1.00 | dt: 1083ms | tok/sec: 30,266 | epoch: 1 | remaining: 242s    
step 00055 (20.8%) | loss: 6.492588 | lrm: 1.00 | dt: 1036ms | tok/sec: 31,624 | epoch: 1 | remaining: 241s    
step 00056 (21.2%) | loss: 6.480314 | lrm: 1.00 | dt: 1059ms | tok/sec: 30,938 | epoch: 1 | remaining: 240s    
step 00057 (21.6%) | loss: 6.465991 | lrm: 1.00 | dt: 1098ms | tok/sec: 29,842 | epoch: 1 | remaining: 239s    
step 00058 (22.0%) | loss: 6.448018 | lrm: 1.00 | dt: 1141ms | tok/sec: 28,707 | epoch: 1 | remaining: 238s    
step 00059 (22.3%) | loss: 6.439451 | lrm: 1.00 | dt: 1042ms | tok/sec: 31,437 | epoch: 1 | remaining: 237s    
step 00060 (22.7%) | loss: 6.425280 | lrm: 1.00 | dt: 1086ms | tok/sec: 30,179 | epoch: 1 | remaining: 236s    
step 00061 (23.1%) | loss: 6.415732 | lrm: 1.00 | dt: 1089ms | tok/sec: 30,083 | epoch: 1 | remaining: 235s    
step 00062 (23.5%) | loss: 6.399699 | lrm: 1.00 | dt: 1132ms | tok/sec: 28,940 | epoch: 1 | remaining: 234s    
step 00063 (23.9%) | loss: 6.386263 | lrm: 1.00 | dt: 1051ms | tok/sec: 31,166 | epoch: 1 | remaining: 233s    
step 00064 (24.2%) | loss: 6.375508 | lrm: 1.00 | dt: 1101ms | tok/sec: 29,762 | epoch: 1 | remaining: 231s    
step 00065 (24.6%) | loss: 6.358987 | lrm: 1.00 | dt: 1083ms | tok/sec: 30,263 | epoch: 1 | remaining: 230s    
step 00066 (25.0%) | loss: 6.346415 | lrm: 1.00 | dt: 1082ms | tok/sec: 30,281 | epoch: 1 | remaining: 229s    
step 00067 (25.4%) | loss: 6.330554 | lrm: 1.00 | dt: 1076ms | tok/sec: 30,466 | epoch: 1 | remaining: 228s    
step 00068 (25.8%) | loss: 6.326032 | lrm: 1.00 | dt: 1075ms | tok/sec: 30,472 | epoch: 1 | remaining: 227s    
step 00069 (26.1%) | loss: 6.318153 | lrm: 1.00 | dt: 1075ms | tok/sec: 30,473 | epoch: 1 | remaining: 226s    
step 00070 (26.5%) | loss: 6.325387 | lrm: 1.00 | dt: 1067ms | tok/sec: 30,715 | epoch: 1 | remaining: 225s    
step 00071 (26.9%) | loss: 6.316622 | lrm: 1.00 | dt: 1107ms | tok/sec: 29,589 | epoch: 1 | remaining: 224s    
step 00072 (27.3%) | loss: 6.305029 | lrm: 1.00 | dt: 1066ms | tok/sec: 30,752 | epoch: 1 | remaining: 223s    
step 00073 (27.7%) | loss: 6.291554 | lrm: 1.00 | dt: 1093ms | tok/sec: 29,984 | epoch: 1 | remaining: 222s    
step 00074 (28.0%) | loss: 6.279599 | lrm: 1.00 | dt: 1059ms | tok/sec: 30,954 | epoch: 1 | remaining: 221s    
step 00075 (28.4%) | loss: 6.268230 | lrm: 1.00 | dt: 1089ms | tok/sec: 30,079 | epoch: 1 | remaining: 220s    
step 00076 (28.8%) | loss: 6.262305 | lrm: 1.00 | dt: 1051ms | tok/sec: 31,167 | epoch: 1 | remaining: 219s    
step 00077 (29.2%) | loss: 6.251177 | lrm: 1.00 | dt: 1124ms | tok/sec: 29,143 | epoch: 1 | remaining: 217s    
step 00078 (29.5%) | loss: 6.246761 | lrm: 1.00 | dt: 1093ms | tok/sec: 29,969 | epoch: 1 | remaining: 216s    
step 00079 (29.9%) | loss: 6.234888 | lrm: 1.00 | dt: 1066ms | tok/sec: 30,728 | epoch: 1 | remaining: 215s    
step 00080 (30.3%) | loss: 6.231440 | lrm: 1.00 | dt: 1084ms | tok/sec: 30,230 | epoch: 1 | remaining: 214s    
step 00081 (30.7%) | loss: 6.214106 | lrm: 1.00 | dt: 1064ms | tok/sec: 30,809 | epoch: 1 | remaining: 213s    
step 00082 (31.1%) | loss: 6.202679 | lrm: 1.00 | dt: 1085ms | tok/sec: 30,187 | epoch: 1 | remaining: 212s    
step 00083 (31.4%) | loss: 6.197344 | lrm: 1.00 | dt: 1100ms | tok/sec: 29,791 | epoch: 1 | remaining: 211s    
step 00084 (31.8%) | loss: 6.172454 | lrm: 1.00 | dt: 1117ms | tok/sec: 29,336 | epoch: 1 | remaining: 210s    
step 00085 (32.2%) | loss: 6.155213 | lrm: 1.00 | dt: 1075ms | tok/sec: 30,485 | epoch: 1 | remaining: 209s    
step 00086 (32.6%) | loss: 6.135448 | lrm: 1.00 | dt: 1108ms | tok/sec: 29,566 | epoch: 1 | remaining: 208s    
step 00087 (33.0%) | loss: 6.121395 | lrm: 1.00 | dt: 1138ms | tok/sec: 28,794 | epoch: 1 | remaining: 206s    
step 00088 (33.3%) | loss: 6.105315 | lrm: 1.00 | dt: 1071ms | tok/sec: 30,594 | epoch: 1 | remaining: 205s    
step 00089 (33.7%) | loss: 6.095876 | lrm: 1.00 | dt: 1058ms | tok/sec: 30,958 | epoch: 1 | remaining: 204s    
step 00090 (34.1%) | loss: 6.080028 | lrm: 1.00 | dt: 1032ms | tok/sec: 31,738 | epoch: 1 | remaining: 203s    
step 00091 (34.5%) | loss: 6.057861 | lrm: 1.00 | dt: 1124ms | tok/sec: 29,143 | epoch: 1 | remaining: 202s    
step 00092 (34.8%) | loss: 6.042247 | lrm: 1.00 | dt: 1123ms | tok/sec: 29,168 | epoch: 1 | remaining: 201s    
step 00093 (35.2%) | loss: 6.027413 | lrm: 1.00 | dt: 1067ms | tok/sec: 30,719 | epoch: 1 | remaining: 200s    
step 00094 (35.6%) | loss: 6.007095 | lrm: 1.00 | dt: 1052ms | tok/sec: 31,158 | epoch: 1 | remaining: 199s    
step 00095 (36.0%) | loss: 5.988918 | lrm: 1.00 | dt: 1100ms | tok/sec: 29,782 | epoch: 1 | remaining: 198s    
step 00096 (36.4%) | loss: 5.965650 | lrm: 1.00 | dt: 1155ms | tok/sec: 28,377 | epoch: 1 | remaining: 197s    
step 00097 (36.7%) | loss: 5.947311 | lrm: 1.00 | dt: 1046ms | tok/sec: 31,326 | epoch: 1 | remaining: 196s    
step 00098 (37.1%) | loss: 5.925806 | lrm: 1.00 | dt: 1067ms | tok/sec: 30,713 | epoch: 1 | remaining: 195s    
step 00099 (37.5%) | loss: 5.903257 | lrm: 1.00 | dt: 1116ms | tok/sec: 29,350 | epoch: 1 | remaining: 193s    
step 00100 (37.9%) | loss: 5.879732 | lrm: 1.00 | dt: 1082ms | tok/sec: 30,285 | epoch: 1 | remaining: 192s    
step 00101 (38.3%) | loss: 5.858626 | lrm: 1.00 | dt: 1071ms | tok/sec: 30,593 | epoch: 1 | remaining: 191s    
step 00102 (38.6%) | loss: 5.836030 | lrm: 1.00 | dt: 1087ms | tok/sec: 30,136 | epoch: 1 | remaining: 190s    
step 00103 (39.0%) | loss: 5.823645 | lrm: 1.00 | dt: 1117ms | tok/sec: 29,345 | epoch: 1 | remaining: 189s    
step 00104 (39.4%) | loss: 5.809908 | lrm: 1.00 | dt: 1058ms | tok/sec: 30,968 | epoch: 1 | remaining: 188s    
step 00105 (39.8%) | loss: 5.791630 | lrm: 1.00 | dt: 1067ms | tok/sec: 30,715 | epoch: 1 | remaining: 187s    
step 00106 (40.2%) | loss: 5.771308 | lrm: 1.00 | dt: 1076ms | tok/sec: 30,465 | epoch: 1 | remaining: 186s    
step 00107 (40.5%) | loss: 5.754009 | lrm: 1.00 | dt: 1158ms | tok/sec: 28,286 | epoch: 1 | remaining: 185s    
step 00108 (40.9%) | loss: 5.736901 | lrm: 1.00 | dt: 1080ms | tok/sec: 30,335 | epoch: 1 | remaining: 184s    
step 00109 (41.3%) | loss: 5.734416 | lrm: 1.00 | dt: 1082ms | tok/sec: 30,286 | epoch: 1 | remaining: 183s    
step 00110 (41.7%) | loss: 5.732604 | lrm: 1.00 | dt: 1112ms | tok/sec: 29,454 | epoch: 1 | remaining: 181s    
step 00111 (42.0%) | loss: 5.708931 | lrm: 1.00 | dt: 1091ms | tok/sec: 30,025 | epoch: 1 | remaining: 180s    
step 00112 (42.4%) | loss: 5.703079 | lrm: 1.00 | dt: 1091ms | tok/sec: 30,022 | epoch: 1 | remaining: 179s    
step 00113 (42.8%) | loss: 5.683464 | lrm: 1.00 | dt: 1121ms | tok/sec: 29,233 | epoch: 1 | remaining: 178s    
step 00114 (43.2%) | loss: 5.665332 | lrm: 1.00 | dt: 1071ms | tok/sec: 30,601 | epoch: 1 | remaining: 177s    
step 00115 (43.6%) | loss: 5.639666 | lrm: 1.00 | dt: 1075ms | tok/sec: 30,487 | epoch: 1 | remaining: 176s    
step 00116 (43.9%) | loss: 5.625552 | lrm: 1.00 | dt: 1067ms | tok/sec: 30,720 | epoch: 1 | remaining: 175s    
step 00117 (44.3%) | loss: 5.604244 | lrm: 1.00 | dt: 1090ms | tok/sec: 30,075 | epoch: 1 | remaining: 174s    
step 00118 (44.7%) | loss: 5.586435 | lrm: 1.00 | dt: 1152ms | tok/sec: 28,447 | epoch: 1 | remaining: 173s    
step 00119 (45.1%) | loss: 5.571273 | lrm: 1.00 | dt: 1065ms | tok/sec: 30,764 | epoch: 1 | remaining: 172s    
step 00120 (45.5%) | loss: 5.558490 | lrm: 1.00 | dt: 1099ms | tok/sec: 29,812 | epoch: 1 | remaining: 171s    
step 00121 (45.8%) | loss: 5.546297 | lrm: 1.00 | dt: 1053ms | tok/sec: 31,114 | epoch: 1 | remaining: 170s    
step 00122 (46.2%) | loss: 5.533885 | lrm: 1.00 | dt: 1099ms | tok/sec: 29,809 | epoch: 1 | remaining: 168s    
step 00123 (46.6%) | loss: 5.518504 | lrm: 1.00 | dt: 1116ms | tok/sec: 29,355 | epoch: 1 | remaining: 167s    
step 00124 (47.0%) | loss: 5.503135 | lrm: 1.00 | dt: 1071ms | tok/sec: 30,587 | epoch: 1 | remaining: 166s    
step 00125 (47.3%) | loss: 5.490460 | lrm: 1.00 | dt: 1094ms | tok/sec: 29,954 | epoch: 1 | remaining: 165s    
step 00126 (47.7%) | loss: 5.477704 | lrm: 1.00 | dt: 1070ms | tok/sec: 30,633 | epoch: 1 | remaining: 164s    
step 00127 (48.1%) | loss: 5.462504 | lrm: 1.00 | dt: 1078ms | tok/sec: 30,384 | epoch: 1 | remaining: 163s    
step 00128 (48.5%) | loss: 5.449264 | lrm: 1.00 | dt: 1067ms | tok/sec: 30,714 | epoch: 1 | remaining: 162s    
step 00129 (48.9%) | loss: 5.437746 | lrm: 1.00 | dt: 1102ms | tok/sec: 29,740 | epoch: 1 | remaining: 161s    
step 00130 (49.2%) | loss: 5.423470 | lrm: 1.00 | dt: 1091ms | tok/sec: 30,043 | epoch: 1 | remaining: 160s    
step 00131 (49.6%) | loss: 5.410096 | lrm: 1.00 | dt: 1086ms | tok/sec: 30,179 | epoch: 1 | remaining: 159s    
step 00132 (50.0%) | loss: 5.407147 | lrm: 1.00 | dt: 1075ms | tok/sec: 30,481 | epoch: 1 | remaining: 158s    
step 00133 (50.4%) | loss: 5.400207 | lrm: 0.99 | dt: 1066ms | tok/sec: 30,734 | epoch: 1 | remaining: 157s    
step 00134 (50.8%) | loss: 5.382770 | lrm: 0.98 | dt: 1118ms | tok/sec: 29,305 | epoch: 1 | remaining: 155s    
step 00135 (51.1%) | loss: 5.366663 | lrm: 0.98 | dt: 1105ms | tok/sec: 29,659 | epoch: 1 | remaining: 154s    
step 00136 (51.5%) | loss: 5.351077 | lrm: 0.97 | dt: 1075ms | tok/sec: 30,485 | epoch: 1 | remaining: 153s    
step 00137 (51.9%) | loss: 5.330640 | lrm: 0.96 | dt: 1086ms | tok/sec: 30,182 | epoch: 1 | remaining: 152s    
step 00138 (52.3%) | loss: 5.330270 | lrm: 0.95 | dt: 1067ms | tok/sec: 30,714 | epoch: 1 | remaining: 151s    
step 00139 (52.7%) | loss: 5.327567 | lrm: 0.95 | dt: 1068ms | tok/sec: 30,688 | epoch: 1 | remaining: 150s    
step 00140 (53.0%) | loss: 5.316931 | lrm: 0.94 | dt: 1065ms | tok/sec: 30,761 | epoch: 1 | remaining: 149s    
step 00141 (53.4%) | loss: 5.312250 | lrm: 0.93 | dt: 1115ms | tok/sec: 29,401 | epoch: 1 | remaining: 148s    
step 00142 (53.8%) | loss: 5.303322 | lrm: 0.92 | dt: 1111ms | tok/sec: 29,494 | epoch: 1 | remaining: 147s    
step 00143 (54.2%) | loss: 5.287912 | lrm: 0.92 | dt: 1089ms | tok/sec: 30,101 | epoch: 1 | remaining: 146s    
step 00144 (54.5%) | loss: 5.280947 | lrm: 0.91 | dt: 1128ms | tok/sec: 29,041 | epoch: 1 | remaining: 144s    
step 00145 (54.9%) | loss: 5.269514 | lrm: 0.90 | dt: 1092ms | tok/sec: 29,999 | epoch: 1 | remaining: 143s    
step 00146 (55.3%) | loss: 5.264732 | lrm: 0.89 | dt: 1074ms | tok/sec: 30,519 | epoch: 1 | remaining: 142s    
step 00147 (55.7%) | loss: 5.247980 | lrm: 0.89 | dt: 1075ms | tok/sec: 30,486 | epoch: 1 | remaining: 141s    
step 00148 (56.1%) | loss: 5.238318 | lrm: 0.88 | dt: 1118ms | tok/sec: 29,310 | epoch: 1 | remaining: 140s    
step 00149 (56.4%) | loss: 5.234209 | lrm: 0.87 | dt: 1092ms | tok/sec: 30,020 | epoch: 1 | remaining: 139s    
step 00150 (56.8%) | loss: 5.217785 | lrm: 0.86 | dt: 1082ms | tok/sec: 30,288 | epoch: 1 | remaining: 138s    
step 00151 (57.2%) | loss: 5.215316 | lrm: 0.86 | dt: 1050ms | tok/sec: 31,208 | epoch: 1 | remaining: 137s    
step 00152 (57.6%) | loss: 5.208565 | lrm: 0.85 | dt: 1108ms | tok/sec: 29,567 | epoch: 1 | remaining: 136s    
step 00153 (58.0%) | loss: 5.195904 | lrm: 0.84 | dt: 1107ms | tok/sec: 29,610 | epoch: 1 | remaining: 135s    
step 00154 (58.3%) | loss: 5.193021 | lrm: 0.83 | dt: 1103ms | tok/sec: 29,711 | epoch: 1 | remaining: 134s    
step 00155 (58.7%) | loss: 5.188127 | lrm: 0.83 | dt: 1081ms | tok/sec: 30,325 | epoch: 1 | remaining: 132s    
step 00156 (59.1%) | loss: 5.179181 | lrm: 0.82 | dt: 1136ms | tok/sec: 28,855 | epoch: 1 | remaining: 131s    
step 00157 (59.5%) | loss: 5.167406 | lrm: 0.81 | dt: 1082ms | tok/sec: 30,276 | epoch: 1 | remaining: 130s    
step 00158 (59.8%) | loss: 5.152592 | lrm: 0.80 | dt: 1068ms | tok/sec: 30,692 | epoch: 1 | remaining: 129s    
step 00159 (60.2%) | loss: 5.149840 | lrm: 0.80 | dt: 1117ms | tok/sec: 29,333 | epoch: 1 | remaining: 128s    
step 00160 (60.6%) | loss: 5.145386 | lrm: 0.79 | dt: 1108ms | tok/sec: 29,572 | epoch: 1 | remaining: 127s    
step 00161 (61.0%) | loss: 5.133930 | lrm: 0.78 | dt: 1070ms | tok/sec: 30,610 | epoch: 1 | remaining: 126s    
step 00162 (61.4%) | loss: 5.120047 | lrm: 0.77 | dt: 1109ms | tok/sec: 29,542 | epoch: 1 | remaining: 125s    
step 00163 (61.7%) | loss: 5.105719 | lrm: 0.77 | dt: 1099ms | tok/sec: 29,818 | epoch: 1 | remaining: 124s    
step 00164 (62.1%) | loss: 5.097631 | lrm: 0.76 | dt: 1104ms | tok/sec: 29,677 | epoch: 1 | remaining: 123s    
step 00165 (62.5%) | loss: 5.087447 | lrm: 0.75 | dt: 1073ms | tok/sec: 30,545 | epoch: 1 | remaining: 122s    
step 00166 (62.9%) | loss: 5.077643 | lrm: 0.74 | dt: 1119ms | tok/sec: 29,280 | epoch: 1 | remaining: 120s    
step 00167 (63.3%) | loss: 5.070332 | lrm: 0.73 | dt: 1084ms | tok/sec: 30,242 | epoch: 1 | remaining: 119s    
step 00168 (63.6%) | loss: 5.060930 | lrm: 0.73 | dt: 1120ms | tok/sec: 29,249 | epoch: 1 | remaining: 118s    
step 00169 (64.0%) | loss: 5.060303 | lrm: 0.72 | dt: 1059ms | tok/sec: 30,944 | epoch: 1 | remaining: 117s    
step 00170 (64.4%) | loss: 5.052849 | lrm: 0.71 | dt: 1104ms | tok/sec: 29,684 | epoch: 1 | remaining: 116s    
step 00171 (64.8%) | loss: 5.052387 | lrm: 0.70 | dt: 1075ms | tok/sec: 30,467 | epoch: 1 | remaining: 115s    
step 00172 (65.2%) | loss: 5.035348 | lrm: 0.70 | dt: 1074ms | tok/sec: 30,523 | epoch: 1 | remaining: 114s    
step 00173 (65.5%) | loss: 5.023143 | lrm: 0.69 | dt: 1075ms | tok/sec: 30,481 | epoch: 1 | remaining: 113s    
step 00174 (65.9%) | loss: 5.006725 | lrm: 0.68 | dt: 1147ms | tok/sec: 28,561 | epoch: 1 | remaining: 112s    
step 00175 (66.3%) | loss: 4.997272 | lrm: 0.67 | dt: 1109ms | tok/sec: 29,559 | epoch: 1 | remaining: 111s    
step 00176 (66.7%) | loss: 4.992072 | lrm: 0.67 | dt: 1099ms | tok/sec: 29,813 | epoch: 1 | remaining: 109s    
step 00177 (67.0%) | loss: 4.982535 | lrm: 0.66 | dt: 1079ms | tok/sec: 30,380 | epoch: 1 | remaining: 108s    
step 00178 (67.4%) | loss: 4.971465 | lrm: 0.65 | dt: 1133ms | tok/sec: 28,912 | epoch: 1 | remaining: 107s    
step 00179 (67.8%) | loss: 4.971424 | lrm: 0.64 | dt: 1096ms | tok/sec: 29,901 | epoch: 1 | remaining: 106s    
step 00180 (68.2%) | loss: 4.963760 | lrm: 0.64 | dt: 1087ms | tok/sec: 30,139 | epoch: 1 | remaining: 105s    
step 00181 (68.6%) | loss: 4.954950 | lrm: 0.63 | dt: 1074ms | tok/sec: 30,506 | epoch: 1 | remaining: 104s    
step 00182 (68.9%) | loss: 4.947505 | lrm: 0.62 | dt: 1065ms | tok/sec: 30,777 | epoch: 1 | remaining: 103s    
step 00183 (69.3%) | loss: 4.936200 | lrm: 0.61 | dt: 1086ms | tok/sec: 30,167 | epoch: 1 | remaining: 102s    
step 00184 (69.7%) | loss: 4.922158 | lrm: 0.61 | dt: 1115ms | tok/sec: 29,384 | epoch: 1 | remaining: 101s    
step 00185 (70.1%) | loss: 4.922357 | lrm: 0.60 | dt: 1065ms | tok/sec: 30,773 | epoch: 1 | remaining: 100s    
step 00186 (70.5%) | loss: 4.921961 | lrm: 0.59 | dt: 1127ms | tok/sec: 29,065 | epoch: 1 | remaining: 99s    
step 00187 (70.8%) | loss: 4.909824 | lrm: 0.58 | dt: 1113ms | tok/sec: 29,442 | epoch: 1 | remaining: 97s    
step 00188 (71.2%) | loss: 4.903428 | lrm: 0.58 | dt: 1060ms | tok/sec: 30,909 | epoch: 1 | remaining: 96s    
step 00189 (71.6%) | loss: 4.897647 | lrm: 0.57 | dt: 1109ms | tok/sec: 29,542 | epoch: 1 | remaining: 95s    
step 00190 (72.0%) | loss: 4.888533 | lrm: 0.56 | dt: 1108ms | tok/sec: 29,567 | epoch: 1 | remaining: 94s    
step 00191 (72.3%) | loss: 4.895395 | lrm: 0.55 | dt: 1066ms | tok/sec: 30,734 | epoch: 1 | remaining: 93s    
step 00192 (72.7%) | loss: 4.896177 | lrm: 0.55 | dt: 1098ms | tok/sec: 29,830 | epoch: 1 | remaining: 92s    
step 00193 (73.1%) | loss: 4.888339 | lrm: 0.54 | dt: 1067ms | tok/sec: 30,720 | epoch: 1 | remaining: 91s    
step 00194 (73.5%) | loss: 4.885772 | lrm: 0.53 | dt: 1082ms | tok/sec: 30,284 | epoch: 1 | remaining: 90s    
step 00195 (73.9%) | loss: 4.878635 | lrm: 0.52 | dt: 1070ms | tok/sec: 30,622 | epoch: 1 | remaining: 89s    
step 00196 (74.2%) | loss: 4.867545 | lrm: 0.52 | dt: 1049ms | tok/sec: 31,226 | epoch: 1 | remaining: 88s    
step 00197 (74.6%) | loss: 4.860153 | lrm: 0.51 | dt: 1123ms | tok/sec: 29,171 | epoch: 1 | remaining: 87s    
step 00198 (75.0%) | loss: 4.849338 | lrm: 0.50 | dt: 1102ms | tok/sec: 29,722 | epoch: 1 | remaining: 85s    
step 00199 (75.4%) | loss: 4.840952 | lrm: 0.49 | dt: 1057ms | tok/sec: 30,988 | epoch: 1 | remaining: 84s    
step 00200 (75.8%) | loss: 4.833228 | lrm: 0.48 | dt: 1066ms | tok/sec: 30,727 | epoch: 1 | remaining: 83s    
step 00201 (76.1%) | loss: 4.818941 | lrm: 0.48 | dt: 1040ms | tok/sec: 31,495 | epoch: 1 | remaining: 82s    
step 00202 (76.5%) | loss: 4.814570 | lrm: 0.47 | dt: 1099ms | tok/sec: 29,821 | epoch: 1 | remaining: 81s    
step 00203 (76.9%) | loss: 4.807492 | lrm: 0.46 | dt: 1127ms | tok/sec: 29,064 | epoch: 1 | remaining: 80s    
step 00204 (77.3%) | loss: 4.800875 | lrm: 0.45 | dt: 1072ms | tok/sec: 30,575 | epoch: 1 | remaining: 79s    
step 00205 (77.7%) | loss: 4.792446 | lrm: 0.45 | dt: 1062ms | tok/sec: 30,868 | epoch: 1 | remaining: 78s    
step 00206 (78.0%) | loss: 4.792714 | lrm: 0.44 | dt: 1092ms | tok/sec: 30,019 | epoch: 1 | remaining: 77s    
step 00207 (78.4%) | loss: 4.785076 | lrm: 0.43 | dt: 1067ms | tok/sec: 30,713 | epoch: 1 | remaining: 76s    
step 00208 (78.8%) | loss: 4.773283 | lrm: 0.42 | dt: 1097ms | tok/sec: 29,869 | epoch: 1 | remaining: 75s    
step 00209 (79.2%) | loss: 4.779582 | lrm: 0.42 | dt: 1103ms | tok/sec: 29,705 | epoch: 1 | remaining: 74s    
step 00210 (79.5%) | loss: 4.771116 | lrm: 0.41 | dt: 1141ms | tok/sec: 28,708 | epoch: 1 | remaining: 72s    
step 00211 (79.9%) | loss: 4.759132 | lrm: 0.40 | dt: 1068ms | tok/sec: 30,689 | epoch: 1 | remaining: 71s    
step 00212 (80.3%) | loss: 4.753122 | lrm: 0.39 | dt: 1140ms | tok/sec: 28,747 | epoch: 1 | remaining: 70s    
step 00213 (80.7%) | loss: 4.751811 | lrm: 0.39 | dt: 1121ms | tok/sec: 29,225 | epoch: 1 | remaining: 69s    
step 00214 (81.1%) | loss: 4.746912 | lrm: 0.38 | dt: 1079ms | tok/sec: 30,361 | epoch: 1 | remaining: 68s    
step 00215 (81.4%) | loss: 4.742369 | lrm: 0.37 | dt: 1066ms | tok/sec: 30,729 | epoch: 1 | remaining: 67s    
step 00216 (81.8%) | loss: 4.744394 | lrm: 0.36 | dt: 1106ms | tok/sec: 29,619 | epoch: 1 | remaining: 66s    
step 00217 (82.2%) | loss: 4.744347 | lrm: 0.36 | dt: 1118ms | tok/sec: 29,305 | epoch: 1 | remaining: 65s    
step 00218 (82.6%) | loss: 4.740195 | lrm: 0.35 | dt: 1092ms | tok/sec: 29,995 | epoch: 1 | remaining: 64s    
step 00219 (83.0%) | loss: 4.737457 | lrm: 0.34 | dt: 1081ms | tok/sec: 30,309 | epoch: 1 | remaining: 63s    
step 00220 (83.3%) | loss: 4.722354 | lrm: 0.33 | dt: 1044ms | tok/sec: 31,393 | epoch: 1 | remaining: 62s    
step 00221 (83.7%) | loss: 4.715011 | lrm: 0.33 | dt: 1133ms | tok/sec: 28,923 | epoch: 1 | remaining: 60s    
step 00222 (84.1%) | loss: 4.716389 | lrm: 0.32 | dt: 1132ms | tok/sec: 28,955 | epoch: 1 | remaining: 59s    
step 00223 (84.5%) | loss: 4.706252 | lrm: 0.31 | dt: 1127ms | tok/sec: 29,086 | epoch: 1 | remaining: 58s    
step 00224 (84.8%) | loss: 4.695552 | lrm: 0.30 | dt: 1084ms | tok/sec: 30,228 | epoch: 1 | remaining: 57s    
step 00225 (85.2%) | loss: 4.690563 | lrm: 0.30 | dt: 1067ms | tok/sec: 30,714 | epoch: 1 | remaining: 56s    
step 00226 (85.6%) | loss: 4.688128 | lrm: 0.29 | dt: 1108ms | tok/sec: 29,581 | epoch: 1 | remaining: 55s    
step 00227 (86.0%) | loss: 4.687664 | lrm: 0.28 | dt: 1083ms | tok/sec: 30,258 | epoch: 1 | remaining: 54s    
step 00228 (86.4%) | loss: 4.680909 | lrm: 0.27 | dt: 1125ms | tok/sec: 29,123 | epoch: 1 | remaining: 53s    
step 00229 (86.7%) | loss: 4.672467 | lrm: 0.27 | dt: 1092ms | tok/sec: 30,020 | epoch: 1 | remaining: 52s    
step 00230 (87.1%) | loss: 4.669203 | lrm: 0.26 | dt: 1109ms | tok/sec: 29,554 | epoch: 1 | remaining: 50s    
step 00231 (87.5%) | loss: 4.657806 | lrm: 0.25 | dt: 1074ms | tok/sec: 30,501 | epoch: 1 | remaining: 49s    
step 00232 (87.9%) | loss: 4.653709 | lrm: 0.24 | dt: 1100ms | tok/sec: 29,789 | epoch: 1 | remaining: 48s    
step 00233 (88.3%) | loss: 4.657729 | lrm: 0.23 | dt: 1148ms | tok/sec: 28,532 | epoch: 1 | remaining: 47s    
step 00234 (88.6%) | loss: 4.655077 | lrm: 0.23 | dt: 1084ms | tok/sec: 30,219 | epoch: 1 | remaining: 46s    
step 00235 (89.0%) | loss: 4.649435 | lrm: 0.22 | dt: 1107ms | tok/sec: 29,596 | epoch: 1 | remaining: 45s    
step 00236 (89.4%) | loss: 4.645516 | lrm: 0.21 | dt: 1103ms | tok/sec: 29,716 | epoch: 1 | remaining: 44s    
step 00237 (89.8%) | loss: 4.641852 | lrm: 0.20 | dt: 1088ms | tok/sec: 30,119 | epoch: 1 | remaining: 43s    
step 00238 (90.2%) | loss: 4.634443 | lrm: 0.20 | dt: 1101ms | tok/sec: 29,752 | epoch: 1 | remaining: 42s    
step 00239 (90.5%) | loss: 4.631968 | lrm: 0.19 | dt: 1076ms | tok/sec: 30,466 | epoch: 1 | remaining: 41s    
step 00240 (90.9%) | loss: 4.635678 | lrm: 0.18 | dt: 1043ms | tok/sec: 31,404 | epoch: 1 | remaining: 40s    
step 00241 (91.3%) | loss: 4.633731 | lrm: 0.17 | dt: 1057ms | tok/sec: 30,988 | epoch: 1 | remaining: 39s    
step 00242 (91.7%) | loss: 4.631453 | lrm: 0.17 | dt: 1184ms | tok/sec: 27,682 | epoch: 1 | remaining: 37s    
step 00243 (92.0%) | loss: 4.617602 | lrm: 0.16 | dt: 1207ms | tok/sec: 27,137 | epoch: 1 | remaining: 36s    
step 00244 (92.4%) | loss: 4.617207 | lrm: 0.15 | dt: 1055ms | tok/sec: 31,055 | epoch: 1 | remaining: 35s    
step 00245 (92.8%) | loss: 4.620172 | lrm: 0.14 | dt: 1068ms | tok/sec: 30,679 | epoch: 1 | remaining: 34s    
step 00246 (93.2%) | loss: 4.608989 | lrm: 0.14 | dt: 1177ms | tok/sec: 27,850 | epoch: 1 | remaining: 33s    
step 00247 (93.6%) | loss: 4.602137 | lrm: 0.13 | dt: 1092ms | tok/sec: 30,009 | epoch: 1 | remaining: 32s    
step 00248 (93.9%) | loss: 4.606306 | lrm: 0.12 | dt: 1075ms | tok/sec: 30,470 | epoch: 1 | remaining: 31s    
step 00249 (94.3%) | loss: 4.606043 | lrm: 0.11 | dt: 1149ms | tok/sec: 28,514 | epoch: 1 | remaining: 30s    
step 00250 (94.7%) | loss: 4.599785 | lrm: 0.11 | dt: 1075ms | tok/sec: 30,479 | epoch: 1 | remaining: 28s    
step 00251 (95.1%) | loss: 4.595414 | lrm: 0.10 | dt: 1131ms | tok/sec: 28,976 | epoch: 1 | remaining: 27s    
step 00252 (95.5%) | loss: 4.583709 | lrm: 0.09 | dt: 1151ms | tok/sec: 28,480 | epoch: 1 | remaining: 26s    
step 00253 (95.8%) | loss: 4.576989 | lrm: 0.08 | dt: 1102ms | tok/sec: 29,736 | epoch: 1 | remaining: 25s    
step 00254 (96.2%) | loss: 4.570940 | lrm: 0.08 | dt: 1073ms | tok/sec: 30,545 | epoch: 1 | remaining: 24s    
step 00255 (96.6%) | loss: 4.565478 | lrm: 0.07 | dt: 1103ms | tok/sec: 29,715 | epoch: 1 | remaining: 23s    
step 00256 (97.0%) | loss: 4.562007 | lrm: 0.06 | dt: 1091ms | tok/sec: 30,034 | epoch: 1 | remaining: 22s    
step 00257 (97.3%) | loss: 4.551022 | lrm: 0.05 | dt: 1083ms | tok/sec: 30,248 | epoch: 1 | remaining: 21s    
step 00258 (97.7%) | loss: 4.546996 | lrm: 0.05 | dt: 1083ms | tok/sec: 30,255 | epoch: 1 | remaining: 20s    
step 00259 (98.1%) | loss: 4.545997 | lrm: 0.04 | dt: 1109ms | tok/sec: 29,556 | epoch: 1 | remaining: 19s    
step 00260 (98.5%) | loss: 4.548890 | lrm: 0.03 | dt: 1148ms | tok/sec: 28,537 | epoch: 1 | remaining: 17s    
step 00261 (98.9%) | loss: 4.545624 | lrm: 0.02 | dt: 1081ms | tok/sec: 30,305 | epoch: 1 | remaining: 16s    
step 00262 (99.2%) | loss: 4.551310 | lrm: 0.02 | dt: 1095ms | tok/sec: 29,919 | epoch: 1 | remaining: 15s    
step 00263 (99.6%) | loss: 4.556626 | lrm: 0.01 | dt: 1083ms | tok/sec: 30,254 | epoch: 1 | remaining: 14s    
Training completed in 286.0s
Starting final eval...
Final eval batch size: 256
Final eval completed in 21.5s
Baseline results written: /Users/ahmadalzaro/.cache/autoresearch-arabic/baseline_results.json
---
val_bpb:          1.178065
training_seconds: 285.9
total_seconds:    308.4
peak_vram_mb:     19950.1
mfu_percent:      0.00
total_tokens_M:   8.7
num_steps:        264
num_params_M:     5.6
total_eval_nats:  7099403.250000
total_eval_bytes: 8694149
total_valid_tokens: 1567449
depth:            2
