Condition: d3
Data/tokenizer loaded in 0.3s
Time budget: 300s
Gradient accumulation steps: 1
Model compiled in 0.6s

step 00000 (0.0%) | loss: 9.011145 | lrm: 1.00 | dt: 596ms | tok/sec: 54,985 | epoch: 1 | remaining: 300s    
step 00001 (0.2%) | loss: 9.035437 | lrm: 1.00 | dt: 340ms | tok/sec: 96,248 | epoch: 1 | remaining: 300s    
step 00002 (0.4%) | loss: 8.672233 | lrm: 1.00 | dt: 499ms | tok/sec: 65,672 | epoch: 1 | remaining: 299s    
step 00003 (0.6%) | loss: 8.373664 | lrm: 1.00 | dt: 612ms | tok/sec: 53,507 | epoch: 1 | remaining: 299s    
step 00004 (0.8%) | loss: 8.161177 | lrm: 1.00 | dt: 1593ms | tok/sec: 20,574 | epoch: 1 | remaining: 297s    
step 00005 (0.9%) | loss: 7.980814 | lrm: 1.00 | dt: 1816ms | tok/sec: 18,046 | epoch: 1 | remaining: 295s    
step 00006 (1.1%) | loss: 7.842267 | lrm: 1.00 | dt: 731ms | tok/sec: 44,805 | epoch: 1 | remaining: 294s    
step 00007 (1.3%) | loss: 7.722251 | lrm: 1.00 | dt: 796ms | tok/sec: 41,173 | epoch: 1 | remaining: 294s    
step 00008 (1.5%) | loss: 7.630596 | lrm: 1.00 | dt: 1208ms | tok/sec: 27,122 | epoch: 1 | remaining: 292s    
step 00009 (1.7%) | loss: 7.557993 | lrm: 1.00 | dt: 1483ms | tok/sec: 22,101 | epoch: 1 | remaining: 291s    
step 00010 (1.9%) | loss: 7.485446 | lrm: 1.00 | dt: 906ms | tok/sec: 36,174 | epoch: 1 | remaining: 290s    
step 00011 (2.1%) | loss: 7.433842 | lrm: 1.00 | dt: 911ms | tok/sec: 35,969 | epoch: 1 | remaining: 289s    
step 00012 (2.3%) | loss: 7.390325 | lrm: 1.00 | dt: 1117ms | tok/sec: 29,331 | epoch: 1 | remaining: 288s    
step 00013 (2.5%) | loss: 7.355460 | lrm: 1.00 | dt: 1231ms | tok/sec: 26,616 | epoch: 1 | remaining: 287s    
step 00014 (2.6%) | loss: 7.327765 | lrm: 1.00 | dt: 1043ms | tok/sec: 31,427 | epoch: 1 | remaining: 286s    
step 00015 (2.8%) | loss: 7.300088 | lrm: 1.00 | dt: 933ms | tok/sec: 35,125 | epoch: 1 | remaining: 285s    
step 00016 (3.0%) | loss: 7.275930 | lrm: 1.00 | dt: 1083ms | tok/sec: 30,264 | epoch: 1 | remaining: 284s    
step 00017 (3.2%) | loss: 7.249212 | lrm: 1.00 | dt: 1184ms | tok/sec: 27,682 | epoch: 1 | remaining: 283s    
step 00018 (3.4%) | loss: 7.248831 | lrm: 1.00 | dt: 1034ms | tok/sec: 31,685 | epoch: 1 | remaining: 281s    
step 00019 (3.6%) | loss: 7.239288 | lrm: 1.00 | dt: 1051ms | tok/sec: 31,186 | epoch: 1 | remaining: 280s    
step 00020 (3.8%) | loss: 7.223595 | lrm: 1.00 | dt: 1133ms | tok/sec: 28,923 | epoch: 1 | remaining: 279s    
step 00021 (4.0%) | loss: 7.207514 | lrm: 1.00 | dt: 1164ms | tok/sec: 28,141 | epoch: 1 | remaining: 278s    
step 00022 (4.2%) | loss: 7.197757 | lrm: 1.00 | dt: 1044ms | tok/sec: 31,382 | epoch: 1 | remaining: 277s    
step 00023 (4.3%) | loss: 7.192775 | lrm: 1.00 | dt: 1038ms | tok/sec: 31,567 | epoch: 1 | remaining: 276s    
step 00024 (4.5%) | loss: 7.178954 | lrm: 1.00 | dt: 1142ms | tok/sec: 28,685 | epoch: 1 | remaining: 275s    
step 00025 (4.7%) | loss: 7.170578 | lrm: 1.00 | dt: 1094ms | tok/sec: 29,956 | epoch: 1 | remaining: 274s    
step 00026 (4.9%) | loss: 7.157376 | lrm: 1.00 | dt: 1050ms | tok/sec: 31,211 | epoch: 1 | remaining: 273s    
step 00027 (5.1%) | loss: 7.139578 | lrm: 1.00 | dt: 1009ms | tok/sec: 32,483 | epoch: 1 | remaining: 272s    
step 00028 (5.3%) | loss: 7.125742 | lrm: 1.00 | dt: 1117ms | tok/sec: 29,339 | epoch: 1 | remaining: 271s    
step 00029 (5.5%) | loss: 7.111857 | lrm: 1.00 | dt: 1158ms | tok/sec: 28,306 | epoch: 1 | remaining: 269s    
step 00030 (5.7%) | loss: 7.093661 | lrm: 1.00 | dt: 1050ms | tok/sec: 31,215 | epoch: 1 | remaining: 268s    
step 00031 (5.9%) | loss: 7.074506 | lrm: 1.00 | dt: 1025ms | tok/sec: 31,963 | epoch: 1 | remaining: 267s    
step 00032 (6.0%) | loss: 7.057384 | lrm: 1.00 | dt: 1042ms | tok/sec: 31,435 | epoch: 1 | remaining: 266s    
step 00033 (6.2%) | loss: 7.040199 | lrm: 1.00 | dt: 1156ms | tok/sec: 28,339 | epoch: 1 | remaining: 265s    
step 00034 (6.4%) | loss: 7.023602 | lrm: 1.00 | dt: 1102ms | tok/sec: 29,742 | epoch: 1 | remaining: 264s    
step 00035 (6.6%) | loss: 7.005808 | lrm: 1.00 | dt: 1050ms | tok/sec: 31,218 | epoch: 1 | remaining: 263s    
step 00036 (6.8%) | loss: 6.990447 | lrm: 1.00 | dt: 1074ms | tok/sec: 30,520 | epoch: 1 | remaining: 262s    
step 00037 (7.0%) | loss: 6.965663 | lrm: 1.00 | dt: 1034ms | tok/sec: 31,695 | epoch: 1 | remaining: 261s    
step 00038 (7.2%) | loss: 6.942669 | lrm: 1.00 | dt: 1056ms | tok/sec: 31,033 | epoch: 1 | remaining: 260s    
step 00039 (7.4%) | loss: 6.931576 | lrm: 1.00 | dt: 1086ms | tok/sec: 30,175 | epoch: 1 | remaining: 259s    
step 00040 (7.6%) | loss: 6.922424 | lrm: 1.00 | dt: 1081ms | tok/sec: 30,314 | epoch: 1 | remaining: 258s    
step 00041 (7.8%) | loss: 6.905134 | lrm: 1.00 | dt: 1066ms | tok/sec: 30,739 | epoch: 1 | remaining: 257s    
step 00042 (7.9%) | loss: 6.894848 | lrm: 1.00 | dt: 1078ms | tok/sec: 30,394 | epoch: 1 | remaining: 256s    
step 00043 (8.1%) | loss: 6.884241 | lrm: 1.00 | dt: 1060ms | tok/sec: 30,920 | epoch: 1 | remaining: 255s    
step 00044 (8.3%) | loss: 6.869574 | lrm: 1.00 | dt: 1098ms | tok/sec: 29,833 | epoch: 1 | remaining: 253s    
step 00045 (8.5%) | loss: 6.855925 | lrm: 1.00 | dt: 1051ms | tok/sec: 31,169 | epoch: 1 | remaining: 252s    
step 00046 (8.7%) | loss: 6.840104 | lrm: 1.00 | dt: 1074ms | tok/sec: 30,517 | epoch: 1 | remaining: 251s    
step 00047 (8.9%) | loss: 6.823093 | lrm: 1.00 | dt: 1067ms | tok/sec: 30,720 | epoch: 1 | remaining: 250s    
step 00048 (9.1%) | loss: 6.808106 | lrm: 1.00 | dt: 1096ms | tok/sec: 29,886 | epoch: 1 | remaining: 249s    
step 00049 (9.3%) | loss: 6.796128 | lrm: 1.00 | dt: 1071ms | tok/sec: 30,593 | epoch: 1 | remaining: 248s    
step 00050 (9.5%) | loss: 6.780876 | lrm: 1.00 | dt: 1066ms | tok/sec: 30,747 | epoch: 1 | remaining: 247s    
step 00051 (9.6%) | loss: 6.766712 | lrm: 1.00 | dt: 1092ms | tok/sec: 30,018 | epoch: 1 | remaining: 246s    
step 00052 (9.8%) | loss: 6.743025 | lrm: 1.00 | dt: 1084ms | tok/sec: 30,240 | epoch: 1 | remaining: 245s    
step 00053 (10.0%) | loss: 6.724915 | lrm: 1.00 | dt: 1067ms | tok/sec: 30,723 | epoch: 1 | remaining: 244s    
step 00054 (10.2%) | loss: 6.704968 | lrm: 1.00 | dt: 1066ms | tok/sec: 30,726 | epoch: 1 | remaining: 243s    
step 00055 (10.4%) | loss: 6.699608 | lrm: 1.00 | dt: 1071ms | tok/sec: 30,583 | epoch: 1 | remaining: 242s    
step 00056 (10.6%) | loss: 6.706329 | lrm: 1.00 | dt: 1120ms | tok/sec: 29,245 | epoch: 1 | remaining: 240s    
step 00057 (10.8%) | loss: 6.703244 | lrm: 1.00 | dt: 1042ms | tok/sec: 31,460 | epoch: 1 | remaining: 239s    
step 00058 (11.0%) | loss: 6.697893 | lrm: 1.00 | dt: 1108ms | tok/sec: 29,568 | epoch: 1 | remaining: 238s    
step 00059 (11.2%) | loss: 6.691460 | lrm: 1.00 | dt: 1123ms | tok/sec: 29,167 | epoch: 1 | remaining: 237s    
step 00060 (11.3%) | loss: 6.680009 | lrm: 1.00 | dt: 1044ms | tok/sec: 31,395 | epoch: 1 | remaining: 236s    
step 00061 (11.5%) | loss: 6.670605 | lrm: 1.00 | dt: 1106ms | tok/sec: 29,627 | epoch: 1 | remaining: 235s    
step 00062 (11.7%) | loss: 6.652225 | lrm: 1.00 | dt: 1099ms | tok/sec: 29,805 | epoch: 1 | remaining: 234s    
step 00063 (11.9%) | loss: 6.635122 | lrm: 1.00 | dt: 1077ms | tok/sec: 30,425 | epoch: 1 | remaining: 233s    
step 00064 (12.1%) | loss: 6.618830 | lrm: 1.00 | dt: 1075ms | tok/sec: 30,483 | epoch: 1 | remaining: 232s    
step 00065 (12.3%) | loss: 6.599095 | lrm: 1.00 | dt: 1058ms | tok/sec: 30,985 | epoch: 1 | remaining: 231s    
step 00066 (12.5%) | loss: 6.583952 | lrm: 1.00 | dt: 1068ms | tok/sec: 30,681 | epoch: 1 | remaining: 230s    
step 00067 (12.7%) | loss: 6.573227 | lrm: 1.00 | dt: 1156ms | tok/sec: 28,356 | epoch: 1 | remaining: 229s    
step 00068 (12.9%) | loss: 6.573512 | lrm: 1.00 | dt: 1062ms | tok/sec: 30,864 | epoch: 1 | remaining: 227s    
step 00069 (13.0%) | loss: 6.553135 | lrm: 1.00 | dt: 1058ms | tok/sec: 30,977 | epoch: 1 | remaining: 226s    
step 00070 (13.2%) | loss: 6.539767 | lrm: 1.00 | dt: 1075ms | tok/sec: 30,496 | epoch: 1 | remaining: 225s    
step 00071 (13.4%) | loss: 6.520538 | lrm: 1.00 | dt: 1159ms | tok/sec: 28,276 | epoch: 1 | remaining: 224s    
step 00072 (13.6%) | loss: 6.500782 | lrm: 1.00 | dt: 1049ms | tok/sec: 31,225 | epoch: 1 | remaining: 223s    
step 00073 (13.8%) | loss: 6.478763 | lrm: 1.00 | dt: 1098ms | tok/sec: 29,833 | epoch: 1 | remaining: 222s    
step 00074 (14.0%) | loss: 6.457828 | lrm: 1.00 | dt: 1142ms | tok/sec: 28,696 | epoch: 1 | remaining: 221s    
step 00075 (14.2%) | loss: 6.434934 | lrm: 1.00 | dt: 1085ms | tok/sec: 30,190 | epoch: 1 | remaining: 220s    
step 00076 (14.4%) | loss: 6.416267 | lrm: 1.00 | dt: 1091ms | tok/sec: 30,041 | epoch: 1 | remaining: 219s    
step 00077 (14.6%) | loss: 6.393726 | lrm: 1.00 | dt: 1091ms | tok/sec: 30,022 | epoch: 1 | remaining: 218s    
step 00078 (14.7%) | loss: 6.378818 | lrm: 1.00 | dt: 1100ms | tok/sec: 29,782 | epoch: 1 | remaining: 217s    
step 00079 (14.9%) | loss: 6.357894 | lrm: 1.00 | dt: 1130ms | tok/sec: 28,987 | epoch: 1 | remaining: 215s    
step 00080 (15.1%) | loss: 6.342456 | lrm: 1.00 | dt: 1074ms | tok/sec: 30,508 | epoch: 1 | remaining: 214s    
step 00081 (15.3%) | loss: 6.315635 | lrm: 1.00 | dt: 1109ms | tok/sec: 29,548 | epoch: 1 | remaining: 213s    
step 00082 (15.5%) | loss: 6.294041 | lrm: 1.00 | dt: 1059ms | tok/sec: 30,935 | epoch: 1 | remaining: 212s    
step 00083 (15.7%) | loss: 6.278891 | lrm: 1.00 | dt: 1077ms | tok/sec: 30,435 | epoch: 1 | remaining: 211s    
step 00084 (15.9%) | loss: 6.249822 | lrm: 1.00 | dt: 1139ms | tok/sec: 28,768 | epoch: 1 | remaining: 210s    
step 00085 (16.1%) | loss: 6.234665 | lrm: 1.00 | dt: 1070ms | tok/sec: 30,616 | epoch: 1 | remaining: 209s    
step 00086 (16.3%) | loss: 6.216204 | lrm: 1.00 | dt: 1074ms | tok/sec: 30,503 | epoch: 1 | remaining: 208s    
step 00087 (16.4%) | loss: 6.197796 | lrm: 1.00 | dt: 1056ms | tok/sec: 31,032 | epoch: 1 | remaining: 207s    
step 00088 (16.6%) | loss: 6.180743 | lrm: 1.00 | dt: 1078ms | tok/sec: 30,393 | epoch: 1 | remaining: 206s    
step 00089 (16.8%) | loss: 6.165582 | lrm: 1.00 | dt: 1028ms | tok/sec: 31,868 | epoch: 1 | remaining: 205s    
step 00090 (17.0%) | loss: 6.146060 | lrm: 1.00 | dt: 1044ms | tok/sec: 31,388 | epoch: 1 | remaining: 204s    
step 00091 (17.2%) | loss: 6.120962 | lrm: 1.00 | dt: 1195ms | tok/sec: 27,422 | epoch: 1 | remaining: 202s    
step 00092 (17.4%) | loss: 6.105462 | lrm: 1.00 | dt: 1071ms | tok/sec: 30,585 | epoch: 1 | remaining: 201s    
step 00093 (17.6%) | loss: 6.089521 | lrm: 1.00 | dt: 1041ms | tok/sec: 31,469 | epoch: 1 | remaining: 200s    
step 00094 (17.8%) | loss: 6.068776 | lrm: 1.00 | dt: 1058ms | tok/sec: 30,958 | epoch: 1 | remaining: 199s    
step 00095 (18.0%) | loss: 6.051002 | lrm: 1.00 | dt: 1069ms | tok/sec: 30,649 | epoch: 1 | remaining: 198s    
step 00096 (18.1%) | loss: 6.027788 | lrm: 1.00 | dt: 1168ms | tok/sec: 28,061 | epoch: 1 | remaining: 197s    
step 00097 (18.3%) | loss: 6.010249 | lrm: 1.00 | dt: 1053ms | tok/sec: 31,120 | epoch: 1 | remaining: 196s    
step 00098 (18.5%) | loss: 5.988828 | lrm: 1.00 | dt: 1047ms | tok/sec: 31,291 | epoch: 1 | remaining: 195s    
step 00099 (18.7%) | loss: 5.967121 | lrm: 1.00 | dt: 1046ms | tok/sec: 31,335 | epoch: 1 | remaining: 194s    
step 00100 (18.9%) | loss: 5.945920 | lrm: 1.00 | dt: 1144ms | tok/sec: 28,635 | epoch: 1 | remaining: 193s    
step 00101 (19.1%) | loss: 5.927318 | lrm: 1.00 | dt: 1105ms | tok/sec: 29,650 | epoch: 1 | remaining: 192s    
step 00102 (19.3%) | loss: 5.910439 | lrm: 1.00 | dt: 1045ms | tok/sec: 31,359 | epoch: 1 | remaining: 191s    
step 00103 (19.5%) | loss: 5.905252 | lrm: 1.00 | dt: 1050ms | tok/sec: 31,211 | epoch: 1 | remaining: 190s    
step 00104 (19.7%) | loss: 5.897556 | lrm: 1.00 | dt: 1073ms | tok/sec: 30,538 | epoch: 1 | remaining: 188s    
step 00105 (19.8%) | loss: 5.881253 | lrm: 1.00 | dt: 1234ms | tok/sec: 26,544 | epoch: 1 | remaining: 187s    
step 00106 (20.0%) | loss: 5.863037 | lrm: 1.00 | dt: 1086ms | tok/sec: 30,183 | epoch: 1 | remaining: 186s    
step 00107 (20.2%) | loss: 5.851158 | lrm: 1.00 | dt: 940ms | tok/sec: 34,868 | epoch: 1 | remaining: 185s    
step 00108 (20.4%) | loss: 5.834251 | lrm: 1.00 | dt: 1009ms | tok/sec: 32,483 | epoch: 1 | remaining: 184s    
step 00109 (20.6%) | loss: 5.825628 | lrm: 1.00 | dt: 1201ms | tok/sec: 27,285 | epoch: 1 | remaining: 183s    
step 00110 (20.8%) | loss: 5.817054 | lrm: 1.00 | dt: 1140ms | tok/sec: 28,748 | epoch: 1 | remaining: 182s    
step 00111 (21.0%) | loss: 5.795293 | lrm: 1.00 | dt: 957ms | tok/sec: 34,231 | epoch: 1 | remaining: 181s    
step 00112 (21.2%) | loss: 5.788168 | lrm: 1.00 | dt: 959ms | tok/sec: 34,164 | epoch: 1 | remaining: 180s    
step 00113 (21.4%) | loss: 5.772028 | lrm: 1.00 | dt: 1142ms | tok/sec: 28,698 | epoch: 1 | remaining: 179s    
step 00114 (21.6%) | loss: 5.756062 | lrm: 1.00 | dt: 1151ms | tok/sec: 28,467 | epoch: 1 | remaining: 178s    
step 00115 (21.7%) | loss: 5.733793 | lrm: 1.00 | dt: 1008ms | tok/sec: 32,522 | epoch: 1 | remaining: 177s    
step 00116 (21.9%) | loss: 5.722719 | lrm: 1.00 | dt: 1022ms | tok/sec: 32,048 | epoch: 1 | remaining: 176s    
step 00117 (22.1%) | loss: 5.704256 | lrm: 1.00 | dt: 1076ms | tok/sec: 30,457 | epoch: 1 | remaining: 175s    
step 00118 (22.3%) | loss: 5.687437 | lrm: 1.00 | dt: 1142ms | tok/sec: 28,701 | epoch: 1 | remaining: 173s    
step 00119 (22.5%) | loss: 5.672144 | lrm: 1.00 | dt: 1061ms | tok/sec: 30,891 | epoch: 1 | remaining: 172s    
step 00120 (22.7%) | loss: 5.659840 | lrm: 1.00 | dt: 1075ms | tok/sec: 30,489 | epoch: 1 | remaining: 171s    
step 00121 (22.9%) | loss: 5.655068 | lrm: 1.00 | dt: 1057ms | tok/sec: 31,010 | epoch: 1 | remaining: 170s    
step 00122 (23.1%) | loss: 5.668377 | lrm: 1.00 | dt: 1017ms | tok/sec: 32,210 | epoch: 1 | remaining: 169s    
step 00123 (23.3%) | loss: 5.661953 | lrm: 1.00 | dt: 1059ms | tok/sec: 30,931 | epoch: 1 | remaining: 168s    
step 00124 (23.4%) | loss: 5.660904 | lrm: 1.00 | dt: 1072ms | tok/sec: 30,553 | epoch: 1 | remaining: 167s    
step 00125 (23.6%) | loss: 5.652795 | lrm: 1.00 | dt: 1053ms | tok/sec: 31,130 | epoch: 1 | remaining: 166s    
step 00126 (23.8%) | loss: 5.640047 | lrm: 1.00 | dt: 1046ms | tok/sec: 31,340 | epoch: 1 | remaining: 165s    
step 00127 (24.0%) | loss: 5.626911 | lrm: 1.00 | dt: 1088ms | tok/sec: 30,105 | epoch: 1 | remaining: 164s    
step 00128 (24.2%) | loss: 5.613847 | lrm: 1.00 | dt: 1108ms | tok/sec: 29,566 | epoch: 1 | remaining: 163s    
step 00129 (24.4%) | loss: 5.601346 | lrm: 1.00 | dt: 1081ms | tok/sec: 30,312 | epoch: 1 | remaining: 162s    
step 00130 (24.6%) | loss: 5.587228 | lrm: 1.00 | dt: 1056ms | tok/sec: 31,020 | epoch: 1 | remaining: 161s    
step 00131 (24.8%) | loss: 5.572005 | lrm: 1.00 | dt: 1021ms | tok/sec: 32,091 | epoch: 1 | remaining: 160s    
step 00132 (25.0%) | loss: 5.566213 | lrm: 1.00 | dt: 1046ms | tok/sec: 31,329 | epoch: 1 | remaining: 159s    
step 00133 (25.1%) | loss: 5.557444 | lrm: 1.00 | dt: 1142ms | tok/sec: 28,704 | epoch: 1 | remaining: 157s    
step 00134 (25.3%) | loss: 5.537230 | lrm: 1.00 | dt: 1070ms | tok/sec: 30,630 | epoch: 1 | remaining: 156s    
step 00135 (25.5%) | loss: 5.518560 | lrm: 1.00 | dt: 1013ms | tok/sec: 32,352 | epoch: 1 | remaining: 155s    
step 00136 (25.7%) | loss: 5.500196 | lrm: 1.00 | dt: 1034ms | tok/sec: 31,677 | epoch: 1 | remaining: 154s    
step 00137 (25.9%) | loss: 5.479464 | lrm: 1.00 | dt: 1052ms | tok/sec: 31,137 | epoch: 1 | remaining: 153s    
step 00138 (26.1%) | loss: 5.477327 | lrm: 1.00 | dt: 1126ms | tok/sec: 29,096 | epoch: 1 | remaining: 152s    
step 00139 (26.3%) | loss: 5.472670 | lrm: 1.00 | dt: 1072ms | tok/sec: 30,575 | epoch: 1 | remaining: 151s    
step 00140 (26.5%) | loss: 5.461306 | lrm: 1.00 | dt: 1014ms | tok/sec: 32,301 | epoch: 1 | remaining: 150s    
step 00141 (26.7%) | loss: 5.454046 | lrm: 1.00 | dt: 1035ms | tok/sec: 31,667 | epoch: 1 | remaining: 149s    
step 00142 (26.8%) | loss: 5.442245 | lrm: 1.00 | dt: 1065ms | tok/sec: 30,758 | epoch: 1 | remaining: 148s    
step 00143 (27.0%) | loss: 5.423161 | lrm: 1.00 | dt: 1130ms | tok/sec: 28,998 | epoch: 1 | remaining: 147s    
step 00144 (27.2%) | loss: 5.413615 | lrm: 1.00 | dt: 1073ms | tok/sec: 30,538 | epoch: 1 | remaining: 146s    
step 00145 (27.4%) | loss: 5.401778 | lrm: 1.00 | dt: 994ms | tok/sec: 32,965 | epoch: 1 | remaining: 145s    
step 00146 (27.6%) | loss: 5.397325 | lrm: 1.00 | dt: 1056ms | tok/sec: 31,037 | epoch: 1 | remaining: 144s    
step 00147 (27.8%) | loss: 5.380780 | lrm: 1.00 | dt: 1107ms | tok/sec: 29,601 | epoch: 1 | remaining: 143s    
step 00148 (28.0%) | loss: 5.370792 | lrm: 1.00 | dt: 1118ms | tok/sec: 29,321 | epoch: 1 | remaining: 141s    
step 00149 (28.2%) | loss: 5.364818 | lrm: 1.00 | dt: 1058ms | tok/sec: 30,973 | epoch: 1 | remaining: 140s    
step 00150 (28.4%) | loss: 5.349280 | lrm: 1.00 | dt: 1019ms | tok/sec: 32,162 | epoch: 1 | remaining: 139s    
step 00151 (28.5%) | loss: 5.345560 | lrm: 1.00 | dt: 1047ms | tok/sec: 31,305 | epoch: 1 | remaining: 138s    
step 00152 (28.7%) | loss: 5.339097 | lrm: 1.00 | dt: 1078ms | tok/sec: 30,394 | epoch: 1 | remaining: 137s    
step 00153 (28.9%) | loss: 5.327957 | lrm: 1.00 | dt: 1142ms | tok/sec: 28,696 | epoch: 1 | remaining: 136s    
step 00154 (29.1%) | loss: 5.326681 | lrm: 1.00 | dt: 1059ms | tok/sec: 30,939 | epoch: 1 | remaining: 135s    
step 00155 (29.3%) | loss: 5.326548 | lrm: 1.00 | dt: 1046ms | tok/sec: 31,333 | epoch: 1 | remaining: 134s    
step 00156 (29.5%) | loss: 5.331356 | lrm: 1.00 | dt: 1061ms | tok/sec: 30,893 | epoch: 1 | remaining: 133s    
step 00157 (29.7%) | loss: 5.324343 | lrm: 1.00 | dt: 1049ms | tok/sec: 31,226 | epoch: 1 | remaining: 132s    
step 00158 (29.9%) | loss: 5.312453 | lrm: 1.00 | dt: 1117ms | tok/sec: 29,337 | epoch: 1 | remaining: 131s    
step 00159 (30.1%) | loss: 5.309499 | lrm: 1.00 | dt: 1076ms | tok/sec: 30,449 | epoch: 1 | remaining: 130s    
step 00160 (30.2%) | loss: 5.306879 | lrm: 1.00 | dt: 1100ms | tok/sec: 29,794 | epoch: 1 | remaining: 129s    
step 00161 (30.4%) | loss: 5.295217 | lrm: 1.00 | dt: 1092ms | tok/sec: 30,011 | epoch: 1 | remaining: 127s    
step 00162 (30.6%) | loss: 5.280912 | lrm: 1.00 | dt: 1076ms | tok/sec: 30,446 | epoch: 1 | remaining: 126s    
step 00163 (30.8%) | loss: 5.266559 | lrm: 1.00 | dt: 1083ms | tok/sec: 30,252 | epoch: 1 | remaining: 125s    
step 00164 (31.0%) | loss: 5.257267 | lrm: 1.00 | dt: 1007ms | tok/sec: 32,553 | epoch: 1 | remaining: 124s    
step 00165 (31.2%) | loss: 5.244637 | lrm: 1.00 | dt: 1024ms | tok/sec: 32,006 | epoch: 1 | remaining: 123s    
step 00166 (31.4%) | loss: 5.231351 | lrm: 1.00 | dt: 1106ms | tok/sec: 29,616 | epoch: 1 | remaining: 122s    
step 00167 (31.6%) | loss: 5.220285 | lrm: 1.00 | dt: 1133ms | tok/sec: 28,911 | epoch: 1 | remaining: 121s    
step 00168 (31.8%) | loss: 5.208831 | lrm: 1.00 | dt: 1078ms | tok/sec: 30,408 | epoch: 1 | remaining: 120s    
step 00169 (31.9%) | loss: 5.214218 | lrm: 1.00 | dt: 998ms | tok/sec: 32,829 | epoch: 1 | remaining: 119s    
step 00170 (32.1%) | loss: 5.205491 | lrm: 1.00 | dt: 1077ms | tok/sec: 30,413 | epoch: 1 | remaining: 118s    
step 00171 (32.3%) | loss: 5.206047 | lrm: 1.00 | dt: 1084ms | tok/sec: 30,241 | epoch: 1 | remaining: 117s    
step 00172 (32.5%) | loss: 5.191926 | lrm: 1.00 | dt: 1064ms | tok/sec: 30,789 | epoch: 1 | remaining: 116s    
step 00173 (32.7%) | loss: 5.180915 | lrm: 1.00 | dt: 1043ms | tok/sec: 31,412 | epoch: 1 | remaining: 115s    
step 00174 (32.9%) | loss: 5.165152 | lrm: 1.00 | dt: 1051ms | tok/sec: 31,181 | epoch: 1 | remaining: 114s    
step 00175 (33.1%) | loss: 5.155036 | lrm: 1.00 | dt: 1058ms | tok/sec: 30,966 | epoch: 1 | remaining: 113s    
step 00176 (33.3%) | loss: 5.148144 | lrm: 1.00 | dt: 1089ms | tok/sec: 30,076 | epoch: 1 | remaining: 112s    
step 00177 (33.5%) | loss: 5.136895 | lrm: 1.00 | dt: 1032ms | tok/sec: 31,755 | epoch: 1 | remaining: 110s    
step 00178 (33.6%) | loss: 5.127126 | lrm: 1.00 | dt: 1053ms | tok/sec: 31,128 | epoch: 1 | remaining: 109s    
step 00179 (33.8%) | loss: 5.130297 | lrm: 1.00 | dt: 1039ms | tok/sec: 31,531 | epoch: 1 | remaining: 108s    
step 00180 (34.0%) | loss: 5.123073 | lrm: 1.00 | dt: 1209ms | tok/sec: 27,098 | epoch: 1 | remaining: 107s    
step 00181 (34.2%) | loss: 5.112079 | lrm: 1.00 | dt: 1069ms | tok/sec: 30,662 | epoch: 1 | remaining: 106s    
step 00182 (34.4%) | loss: 5.106581 | lrm: 1.00 | dt: 1013ms | tok/sec: 32,362 | epoch: 1 | remaining: 105s    
step 00183 (34.6%) | loss: 5.094453 | lrm: 1.00 | dt: 1062ms | tok/sec: 30,848 | epoch: 1 | remaining: 104s    
step 00184 (34.8%) | loss: 5.080584 | lrm: 1.00 | dt: 1190ms | tok/sec: 27,533 | epoch: 1 | remaining: 103s    
step 00185 (35.0%) | loss: 5.079777 | lrm: 1.00 | dt: 1052ms | tok/sec: 31,161 | epoch: 1 | remaining: 102s    
step 00186 (35.2%) | loss: 5.078610 | lrm: 1.00 | dt: 1008ms | tok/sec: 32,492 | epoch: 1 | remaining: 101s    
step 00187 (35.3%) | loss: 5.064755 | lrm: 1.00 | dt: 1059ms | tok/sec: 30,937 | epoch: 1 | remaining: 100s    
step 00188 (35.5%) | loss: 5.056554 | lrm: 1.00 | dt: 1196ms | tok/sec: 27,389 | epoch: 1 | remaining: 99s    
step 00189 (35.7%) | loss: 5.048446 | lrm: 1.00 | dt: 1094ms | tok/sec: 29,959 | epoch: 1 | remaining: 97s    
step 00190 (35.9%) | loss: 5.037976 | lrm: 1.00 | dt: 1060ms | tok/sec: 30,908 | epoch: 1 | remaining: 96s    
step 00191 (36.1%) | loss: 5.043549 | lrm: 1.00 | dt: 1094ms | tok/sec: 29,940 | epoch: 1 | remaining: 95s    
step 00192 (36.3%) | loss: 5.044634 | lrm: 1.00 | dt: 1111ms | tok/sec: 29,481 | epoch: 1 | remaining: 94s    
step 00193 (36.5%) | loss: 5.037108 | lrm: 1.00 | dt: 1116ms | tok/sec: 29,366 | epoch: 1 | remaining: 93s    
step 00194 (36.7%) | loss: 5.034494 | lrm: 1.00 | dt: 1067ms | tok/sec: 30,697 | epoch: 1 | remaining: 92s    
step 00195 (36.9%) | loss: 5.024037 | lrm: 1.00 | dt: 1109ms | tok/sec: 29,544 | epoch: 1 | remaining: 91s    
step 00196 (37.1%) | loss: 5.012247 | lrm: 1.00 | dt: 1107ms | tok/sec: 29,610 | epoch: 1 | remaining: 90s    
step 00197 (37.2%) | loss: 5.004316 | lrm: 1.00 | dt: 1068ms | tok/sec: 30,669 | epoch: 1 | remaining: 89s    
step 00198 (37.4%) | loss: 4.992700 | lrm: 1.00 | dt: 1098ms | tok/sec: 29,835 | epoch: 1 | remaining: 88s    
step 00199 (37.6%) | loss: 4.984305 | lrm: 1.00 | dt: 1068ms | tok/sec: 30,670 | epoch: 1 | remaining: 87s    
step 00200 (37.8%) | loss: 4.978064 | lrm: 1.00 | dt: 1075ms | tok/sec: 30,487 | epoch: 1 | remaining: 85s    
step 00201 (38.0%) | loss: 4.965282 | lrm: 1.00 | dt: 1139ms | tok/sec: 28,760 | epoch: 1 | remaining: 84s    
step 00202 (38.2%) | loss: 4.960124 | lrm: 1.00 | dt: 1117ms | tok/sec: 29,339 | epoch: 1 | remaining: 83s    
step 00203 (38.4%) | loss: 4.952577 | lrm: 1.00 | dt: 1060ms | tok/sec: 30,908 | epoch: 1 | remaining: 82s    
step 00204 (38.6%) | loss: 4.947150 | lrm: 1.00 | dt: 1115ms | tok/sec: 29,389 | epoch: 1 | remaining: 81s    
step 00205 (38.8%) | loss: 4.941029 | lrm: 1.00 | dt: 1110ms | tok/sec: 29,525 | epoch: 1 | remaining: 80s    
step 00206 (38.9%) | loss: 4.940844 | lrm: 1.00 | dt: 1092ms | tok/sec: 30,013 | epoch: 1 | remaining: 79s    
step 00207 (39.1%) | loss: 4.931436 | lrm: 1.00 | dt: 1075ms | tok/sec: 30,484 | epoch: 1 | remaining: 78s    
step 00208 (39.3%) | loss: 4.916248 | lrm: 1.00 | dt: 1075ms | tok/sec: 30,483 | epoch: 1 | remaining: 77s    
step 00209 (39.5%) | loss: 4.922348 | lrm: 1.00 | dt: 1067ms | tok/sec: 30,720 | epoch: 1 | remaining: 76s    
step 00210 (39.7%) | loss: 4.910633 | lrm: 1.00 | dt: 1067ms | tok/sec: 30,721 | epoch: 1 | remaining: 75s    
step 00211 (39.9%) | loss: 4.897736 | lrm: 1.00 | dt: 1082ms | tok/sec: 30,291 | epoch: 1 | remaining: 73s    
step 00212 (40.1%) | loss: 4.890524 | lrm: 1.00 | dt: 1077ms | tok/sec: 30,438 | epoch: 1 | remaining: 72s    
step 00213 (40.3%) | loss: 4.895397 | lrm: 1.00 | dt: 1067ms | tok/sec: 30,722 | epoch: 1 | remaining: 71s    
step 00214 (40.5%) | loss: 4.900106 | lrm: 1.00 | dt: 1083ms | tok/sec: 30,248 | epoch: 1 | remaining: 70s    
step 00215 (40.6%) | loss: 4.895277 | lrm: 1.00 | dt: 1097ms | tok/sec: 29,881 | epoch: 1 | remaining: 69s    
step 00216 (40.8%) | loss: 4.899575 | lrm: 1.00 | dt: 1078ms | tok/sec: 30,387 | epoch: 1 | remaining: 68s    
step 00217 (41.0%) | loss: 4.898572 | lrm: 1.00 | dt: 1058ms | tok/sec: 30,963 | epoch: 1 | remaining: 67s    
step 00218 (41.2%) | loss: 4.892795 | lrm: 1.00 | dt: 1100ms | tok/sec: 29,785 | epoch: 1 | remaining: 66s    
step 00219 (41.4%) | loss: 4.888374 | lrm: 1.00 | dt: 1090ms | tok/sec: 30,068 | epoch: 1 | remaining: 65s    
step 00220 (41.6%) | loss: 4.875266 | lrm: 1.00 | dt: 1066ms | tok/sec: 30,752 | epoch: 1 | remaining: 64s    
step 00221 (41.8%) | loss: 4.868902 | lrm: 1.00 | dt: 1053ms | tok/sec: 31,123 | epoch: 1 | remaining: 63s    
step 00222 (42.0%) | loss: 4.867298 | lrm: 1.00 | dt: 1051ms | tok/sec: 31,173 | epoch: 1 | remaining: 62s    
step 00223 (42.2%) | loss: 4.854603 | lrm: 1.00 | dt: 1163ms | tok/sec: 28,164 | epoch: 1 | remaining: 60s    
step 00224 (42.3%) | loss: 4.842768 | lrm: 1.00 | dt: 1118ms | tok/sec: 29,298 | epoch: 1 | remaining: 59s    
step 00225 (42.5%) | loss: 4.836612 | lrm: 1.00 | dt: 1058ms | tok/sec: 30,963 | epoch: 1 | remaining: 58s    
step 00226 (42.7%) | loss: 4.832038 | lrm: 1.00 | dt: 1063ms | tok/sec: 30,819 | epoch: 1 | remaining: 57s    
step 00227 (42.9%) | loss: 4.828920 | lrm: 1.00 | dt: 1085ms | tok/sec: 30,207 | epoch: 1 | remaining: 56s    
step 00228 (43.1%) | loss: 4.816740 | lrm: 1.00 | dt: 1116ms | tok/sec: 29,364 | epoch: 1 | remaining: 55s    
step 00229 (43.3%) | loss: 4.804806 | lrm: 1.00 | dt: 1061ms | tok/sec: 30,872 | epoch: 1 | remaining: 54s    
step 00230 (43.5%) | loss: 4.797122 | lrm: 1.00 | dt: 1066ms | tok/sec: 30,731 | epoch: 1 | remaining: 53s    
step 00231 (43.7%) | loss: 4.782443 | lrm: 1.00 | dt: 1042ms | tok/sec: 31,458 | epoch: 1 | remaining: 52s    
step 00232 (43.9%) | loss: 4.776305 | lrm: 1.00 | dt: 1065ms | tok/sec: 30,781 | epoch: 1 | remaining: 51s    
step 00233 (44.0%) | loss: 4.781470 | lrm: 1.00 | dt: 1050ms | tok/sec: 31,216 | epoch: 1 | remaining: 50s    
step 00234 (44.2%) | loss: 4.780865 | lrm: 1.00 | dt: 1148ms | tok/sec: 28,539 | epoch: 1 | remaining: 49s    
step 00235 (44.4%) | loss: 4.771313 | lrm: 1.00 | dt: 1072ms | tok/sec: 30,575 | epoch: 1 | remaining: 48s    
step 00236 (44.6%) | loss: 4.766494 | lrm: 1.00 | dt: 1040ms | tok/sec: 31,503 | epoch: 1 | remaining: 46s    
step 00237 (44.8%) | loss: 4.759789 | lrm: 1.00 | dt: 1009ms | tok/sec: 32,488 | epoch: 1 | remaining: 45s    
step 00238 (45.0%) | loss: 4.750674 | lrm: 1.00 | dt: 1097ms | tok/sec: 29,868 | epoch: 1 | remaining: 44s    
step 00239 (45.2%) | loss: 4.747217 | lrm: 1.00 | dt: 1061ms | tok/sec: 30,878 | epoch: 1 | remaining: 43s    
step 00240 (45.4%) | loss: 4.747897 | lrm: 1.00 | dt: 1090ms | tok/sec: 30,072 | epoch: 1 | remaining: 42s    
step 00241 (45.6%) | loss: 4.742006 | lrm: 1.00 | dt: 1075ms | tok/sec: 30,473 | epoch: 1 | remaining: 41s    
step 00242 (45.7%) | loss: 4.737775 | lrm: 1.00 | dt: 1051ms | tok/sec: 31,186 | epoch: 1 | remaining: 40s    
step 00243 (45.9%) | loss: 4.719609 | lrm: 1.00 | dt: 1059ms | tok/sec: 30,942 | epoch: 1 | remaining: 39s    
step 00244 (46.1%) | loss: 4.715291 | lrm: 1.00 | dt: 1133ms | tok/sec: 28,924 | epoch: 1 | remaining: 38s    
step 00245 (46.3%) | loss: 4.714510 | lrm: 1.00 | dt: 1092ms | tok/sec: 30,001 | epoch: 1 | remaining: 37s    
step 00246 (46.5%) | loss: 4.699865 | lrm: 1.00 | dt: 1058ms | tok/sec: 30,961 | epoch: 1 | remaining: 36s    
step 00247 (46.7%) | loss: 4.689253 | lrm: 1.00 | dt: 1048ms | tok/sec: 31,267 | epoch: 1 | remaining: 35s    
step 00248 (46.9%) | loss: 4.691935 | lrm: 1.00 | dt: 1066ms | tok/sec: 30,725 | epoch: 1 | remaining: 34s    
step 00249 (47.1%) | loss: 4.687999 | lrm: 1.00 | dt: 1119ms | tok/sec: 29,291 | epoch: 1 | remaining: 33s    
step 00250 (47.3%) | loss: 4.679004 | lrm: 1.00 | dt: 1066ms | tok/sec: 30,725 | epoch: 1 | remaining: 31s    
step 00251 (47.4%) | loss: 4.670447 | lrm: 1.00 | dt: 1008ms | tok/sec: 32,515 | epoch: 1 | remaining: 30s    
step 00252 (47.6%) | loss: 4.656283 | lrm: 1.00 | dt: 1042ms | tok/sec: 31,441 | epoch: 1 | remaining: 29s    
step 00253 (47.8%) | loss: 4.645686 | lrm: 1.00 | dt: 1082ms | tok/sec: 30,274 | epoch: 1 | remaining: 28s    
step 00254 (48.0%) | loss: 4.637507 | lrm: 1.00 | dt: 1114ms | tok/sec: 29,414 | epoch: 1 | remaining: 27s    
step 00255 (48.2%) | loss: 4.628993 | lrm: 1.00 | dt: 1085ms | tok/sec: 30,198 | epoch: 1 | remaining: 26s    
step 00256 (48.4%) | loss: 4.621764 | lrm: 1.00 | dt: 1050ms | tok/sec: 31,207 | epoch: 1 | remaining: 25s    
step 00257 (48.6%) | loss: 4.608646 | lrm: 1.00 | dt: 1100ms | tok/sec: 29,782 | epoch: 1 | remaining: 24s    
step 00258 (48.8%) | loss: 4.602315 | lrm: 1.00 | dt: 1102ms | tok/sec: 29,725 | epoch: 1 | remaining: 23s    
step 00259 (49.0%) | loss: 4.598835 | lrm: 1.00 | dt: 1074ms | tok/sec: 30,509 | epoch: 1 | remaining: 22s    
step 00260 (49.1%) | loss: 4.600079 | lrm: 1.00 | dt: 1058ms | tok/sec: 30,962 | epoch: 1 | remaining: 21s    
step 00261 (49.3%) | loss: 4.592946 | lrm: 1.00 | dt: 1058ms | tok/sec: 30,965 | epoch: 1 | remaining: 20s    
step 00262 (49.5%) | loss: 4.593395 | lrm: 1.00 | dt: 1066ms | tok/sec: 30,730 | epoch: 1 | remaining: 19s    
step 00263 (49.7%) | loss: 4.591434 | lrm: 1.00 | dt: 1049ms | tok/sec: 31,245 | epoch: 1 | remaining: 18s    
step 00264 (49.9%) | loss: 4.589954 | lrm: 1.00 | dt: 1098ms | tok/sec: 29,847 | epoch: 1 | remaining: 16s    
step 00265 (50.1%) | loss: 4.592811 | lrm: 1.00 | dt: 1096ms | tok/sec: 29,896 | epoch: 1 | remaining: 15s    
step 00266 (50.3%) | loss: 4.584048 | lrm: 0.99 | dt: 1058ms | tok/sec: 30,984 | epoch: 1 | remaining: 14s    
step 00267 (50.5%) | loss: 4.578633 | lrm: 0.99 | dt: 1066ms | tok/sec: 30,726 | epoch: 1 | remaining: 13s    
step 00268 (50.7%) | loss: 4.567533 | lrm: 0.99 | dt: 1067ms | tok/sec: 30,711 | epoch: 1 | remaining: 12s    
step 00269 (50.9%) | loss: 4.567691 | lrm: 0.98 | dt: 1058ms | tok/sec: 30,968 | epoch: 1 | remaining: 11s    
step 00270 (51.0%) | loss: 4.560780 | lrm: 0.98 | dt: 1067ms | tok/sec: 30,720 | epoch: 1 | remaining: 10s    
step 00271 (51.2%) | loss: 4.555280 | lrm: 0.98 | dt: 1054ms | tok/sec: 31,082 | epoch: 1 | remaining: 9s    
step 00272 (51.4%) | loss: 4.551965 | lrm: 0.97 | dt: 1102ms | tok/sec: 29,740 | epoch: 1 | remaining: 8s    
step 00273 (51.6%) | loss: 4.553204 | lrm: 0.97 | dt: 1111ms | tok/sec: 29,505 | epoch: 1 | remaining: 7s    
step 00274 (51.8%) | loss: 4.549048 | lrm: 0.96 | dt: 1058ms | tok/sec: 30,965 | epoch: 1 | remaining: 6s    
step 00275 (52.0%) | loss: 4.540564 | lrm: 0.96 | dt: 1075ms | tok/sec: 30,482 | epoch: 1 | remaining: 5s    
step 00276 (52.2%) | loss: 4.531883 | lrm: 0.96 | dt: 1050ms | tok/sec: 31,204 | epoch: 1 | remaining: 4s    
step 00277 (52.4%) | loss: 4.521151 | lrm: 0.95 | dt: 1108ms | tok/sec: 29,563 | epoch: 1 | remaining: 3s    
step 00278 (52.6%) | loss: 4.514552 | lrm: 0.95 | dt: 1092ms | tok/sec: 29,998 | epoch: 1 | remaining: 1s    
step 00279 (52.7%) | loss: 4.518043 | lrm: 0.95 | dt: 1066ms | tok/sec: 30,732 | epoch: 1 | remaining: 0s    
step 00280 (52.9%) | loss: 4.506558 | lrm: 0.94 | dt: 1058ms | tok/sec: 30,960 | epoch: 1 | remaining: 0s    
step 00281 (53.1%) | loss: 4.503312 | lrm: 0.94 | dt: 1041ms | tok/sec: 31,478 | epoch: 1 | remaining: 0s    
step 00282 (53.3%) | loss: 4.494598 | lrm: 0.93 | dt: 1115ms | tok/sec: 29,384 | epoch: 1 | remaining: 0s    
step 00283 (53.5%) | loss: 4.481949 | lrm: 0.93 | dt: 1126ms | tok/sec: 29,090 | epoch: 1 | remaining: 0s    
step 00284 (53.7%) | loss: 4.472476 | lrm: 0.93 | dt: 1067ms | tok/sec: 30,718 | epoch: 1 | remaining: 0s    
step 00285 (53.9%) | loss: 4.465074 | lrm: 0.92 | dt: 1064ms | tok/sec: 30,804 | epoch: 1 | remaining: 0s    
step 00286 (54.1%) | loss: 4.456439 | lrm: 0.92 | dt: 1153ms | tok/sec: 28,422 | epoch: 1 | remaining: 0s    
step 00287 (54.3%) | loss: 4.458626 | lrm: 0.91 | dt: 1066ms | tok/sec: 30,725 | epoch: 1 | remaining: 0s    
step 00288 (54.4%) | loss: 4.443718 | lrm: 0.91 | dt: 1058ms | tok/sec: 30,963 | epoch: 1 | remaining: 0s    
step 00289 (54.6%) | loss: 4.438510 | lrm: 0.91 | dt: 1108ms | tok/sec: 29,572 | epoch: 1 | remaining: 0s    
step 00290 (54.8%) | loss: 4.417056 | lrm: 0.90 | dt: 1099ms | tok/sec: 29,827 | epoch: 1 | remaining: 0s    
step 00291 (55.0%) | loss: 4.405549 | lrm: 0.90 | dt: 1083ms | tok/sec: 30,268 | epoch: 1 | remaining: 0s    
step 00292 (55.2%) | loss: 4.395561 | lrm: 0.90 | dt: 1091ms | tok/sec: 30,047 | epoch: 1 | remaining: 0s    
step 00293 (55.4%) | loss: 4.399058 | lrm: 0.89 | dt: 1085ms | tok/sec: 30,198 | epoch: 1 | remaining: 0s    
step 00294 (55.6%) | loss: 4.398442 | lrm: 0.89 | dt: 1117ms | tok/sec: 29,325 | epoch: 1 | remaining: 0s    
step 00295 (55.8%) | loss: 4.392134 | lrm: 0.88 | dt: 1093ms | tok/sec: 29,984 | epoch: 1 | remaining: 0s    
step 00296 (56.0%) | loss: 4.391135 | lrm: 0.88 | dt: 1114ms | tok/sec: 29,416 | epoch: 1 | remaining: 0s    
step 00297 (56.1%) | loss: 4.383488 | lrm: 0.88 | dt: 1103ms | tok/sec: 29,715 | epoch: 1 | remaining: 0s    
step 00298 (56.3%) | loss: 4.376520 | lrm: 0.87 | dt: 1122ms | tok/sec: 29,209 | epoch: 1 | remaining: 0s    
step 00299 (56.5%) | loss: 4.371780 | lrm: 0.87 | dt: 1078ms | tok/sec: 30,408 | epoch: 1 | remaining: 0s    
step 00300 (56.7%) | loss: 4.378592 | lrm: 0.87 | dt: 1109ms | tok/sec: 29,553 | epoch: 1 | remaining: 0s    
step 00301 (56.9%) | loss: 4.385259 | lrm: 0.86 | dt: 1089ms | tok/sec: 30,093 | epoch: 1 | remaining: 0s    
step 00302 (57.1%) | loss: 4.380355 | lrm: 0.86 | dt: 1040ms | tok/sec: 31,499 | epoch: 1 | remaining: 0s    
step 00303 (57.3%) | loss: 4.373089 | lrm: 0.85 | dt: 1088ms | tok/sec: 30,110 | epoch: 1 | remaining: 0s    
step 00304 (57.5%) | loss: 4.369430 | lrm: 0.85 | dt: 1158ms | tok/sec: 28,301 | epoch: 1 | remaining: 0s    
step 00305 (57.7%) | loss: 4.369170 | lrm: 0.85 | dt: 1116ms | tok/sec: 29,370 | epoch: 1 | remaining: 0s    
step 00306 (57.8%) | loss: 4.354663 | lrm: 0.84 | dt: 1076ms | tok/sec: 30,452 | epoch: 1 | remaining: 0s    
step 00307 (58.0%) | loss: 4.344295 | lrm: 0.84 | dt: 1083ms | tok/sec: 30,263 | epoch: 1 | remaining: 0s    
step 00308 (58.2%) | loss: 4.334659 | lrm: 0.84 | dt: 1066ms | tok/sec: 30,730 | epoch: 1 | remaining: 0s    
step 00309 (58.4%) | loss: 4.327896 | lrm: 0.83 | dt: 1073ms | tok/sec: 30,535 | epoch: 1 | remaining: 0s    
step 00310 (58.6%) | loss: 4.319924 | lrm: 0.83 | dt: 1142ms | tok/sec: 28,706 | epoch: 1 | remaining: 0s    
step 00311 (58.8%) | loss: 4.318468 | lrm: 0.82 | dt: 1092ms | tok/sec: 29,993 | epoch: 1 | remaining: 0s    
step 00312 (59.0%) | loss: 4.325797 | lrm: 0.82 | dt: 1067ms | tok/sec: 30,706 | epoch: 1 | remaining: 0s    
step 00313 (59.2%) | loss: 4.316487 | lrm: 0.82 | dt: 1110ms | tok/sec: 29,532 | epoch: 1 | remaining: 0s    
step 00314 (59.4%) | loss: 4.306559 | lrm: 0.81 | dt: 1199ms | tok/sec: 27,321 | epoch: 1 | remaining: 0s    
step 00315 (59.5%) | loss: 4.302810 | lrm: 0.81 | dt: 1050ms | tok/sec: 31,217 | epoch: 1 | remaining: 0s    
step 00316 (59.7%) | loss: 4.301045 | lrm: 0.81 | dt: 1074ms | tok/sec: 30,496 | epoch: 1 | remaining: 0s    
step 00317 (59.9%) | loss: 4.300151 | lrm: 0.80 | dt: 1132ms | tok/sec: 28,951 | epoch: 1 | remaining: 0s    
step 00318 (60.1%) | loss: 4.286688 | lrm: 0.80 | dt: 1143ms | tok/sec: 28,677 | epoch: 1 | remaining: 0s    
step 00319 (60.3%) | loss: 4.275094 | lrm: 0.79 | dt: 1060ms | tok/sec: 30,906 | epoch: 1 | remaining: 0s    
step 00320 (60.5%) | loss: 4.274011 | lrm: 0.79 | dt: 1049ms | tok/sec: 31,240 | epoch: 1 | remaining: 0s    
step 00321 (60.7%) | loss: 4.270965 | lrm: 0.79 | dt: 1091ms | tok/sec: 30,040 | epoch: 1 | remaining: 0s    
step 00322 (60.9%) | loss: 4.268318 | lrm: 0.78 | dt: 1142ms | tok/sec: 28,689 | epoch: 1 | remaining: 0s    
step 00323 (61.1%) | loss: 4.265441 | lrm: 0.78 | dt: 1065ms | tok/sec: 30,768 | epoch: 1 | remaining: 0s    
step 00324 (61.2%) | loss: 4.257914 | lrm: 0.78 | dt: 1090ms | tok/sec: 30,055 | epoch: 1 | remaining: 0s    
step 00325 (61.4%) | loss: 4.253430 | lrm: 0.77 | dt: 1103ms | tok/sec: 29,701 | epoch: 1 | remaining: 0s    
step 00326 (61.6%) | loss: 4.248091 | lrm: 0.77 | dt: 1085ms | tok/sec: 30,206 | epoch: 1 | remaining: 0s    
step 00327 (61.8%) | loss: 4.240036 | lrm: 0.76 | dt: 1128ms | tok/sec: 29,044 | epoch: 1 | remaining: 0s    
step 00328 (62.0%) | loss: 4.241413 | lrm: 0.76 | dt: 1095ms | tok/sec: 29,927 | epoch: 1 | remaining: 0s    
step 00329 (62.2%) | loss: 4.242670 | lrm: 0.76 | dt: 1068ms | tok/sec: 30,681 | epoch: 1 | remaining: 0s    
step 00330 (62.4%) | loss: 4.239969 | lrm: 0.75 | dt: 1088ms | tok/sec: 30,128 | epoch: 1 | remaining: 0s    
step 00331 (62.6%) | loss: 4.229750 | lrm: 0.75 | dt: 1101ms | tok/sec: 29,758 | epoch: 1 | remaining: 0s    
step 00332 (62.8%) | loss: 4.234660 | lrm: 0.74 | dt: 1093ms | tok/sec: 29,983 | epoch: 1 | remaining: 0s    
step 00333 (62.9%) | loss: 4.223235 | lrm: 0.74 | dt: 1068ms | tok/sec: 30,691 | epoch: 1 | remaining: 0s    
step 00334 (63.1%) | loss: 4.221219 | lrm: 0.74 | dt: 1066ms | tok/sec: 30,746 | epoch: 1 | remaining: 0s    
step 00335 (63.3%) | loss: 4.221430 | lrm: 0.73 | dt: 1090ms | tok/sec: 30,070 | epoch: 1 | remaining: 0s    
step 00336 (63.5%) | loss: 4.218327 | lrm: 0.73 | dt: 1545ms | tok/sec: 21,207 | epoch: 1 | remaining: 0s    
step 00337 (63.7%) | loss: 4.214205 | lrm: 0.73 | dt: 797ms | tok/sec: 41,109 | epoch: 1 | remaining: 0s    
step 00338 (63.9%) | loss: 4.215141 | lrm: 0.72 | dt: 859ms | tok/sec: 38,136 | epoch: 1 | remaining: 0s    
step 00339 (64.1%) | loss: 4.212275 | lrm: 0.72 | dt: 1143ms | tok/sec: 28,665 | epoch: 1 | remaining: 0s    
step 00340 (64.3%) | loss: 4.202571 | lrm: 0.71 | dt: 1298ms | tok/sec: 25,253 | epoch: 1 | remaining: 0s    
step 00341 (64.5%) | loss: 4.191234 | lrm: 0.71 | dt: 1043ms | tok/sec: 31,429 | epoch: 1 | remaining: 0s    
step 00342 (64.7%) | loss: 4.198420 | lrm: 0.71 | dt: 943ms | tok/sec: 34,767 | epoch: 1 | remaining: 0s    
step 00343 (64.8%) | loss: 4.192864 | lrm: 0.70 | dt: 1157ms | tok/sec: 28,323 | epoch: 1 | remaining: 0s    
step 00344 (65.0%) | loss: 4.185582 | lrm: 0.70 | dt: 1285ms | tok/sec: 25,503 | epoch: 1 | remaining: 0s    
step 00345 (65.2%) | loss: 4.190557 | lrm: 0.70 | dt: 1051ms | tok/sec: 31,190 | epoch: 1 | remaining: 0s    
step 00346 (65.4%) | loss: 4.186819 | lrm: 0.69 | dt: 1007ms | tok/sec: 32,536 | epoch: 1 | remaining: 0s    
step 00347 (65.6%) | loss: 4.183229 | lrm: 0.69 | dt: 1101ms | tok/sec: 29,750 | epoch: 1 | remaining: 0s    
step 00348 (65.8%) | loss: 4.186769 | lrm: 0.68 | dt: 1229ms | tok/sec: 26,661 | epoch: 1 | remaining: 0s    
step 00349 (66.0%) | loss: 4.178811 | lrm: 0.68 | dt: 1033ms | tok/sec: 31,713 | epoch: 1 | remaining: 0s    
step 00350 (66.2%) | loss: 4.171579 | lrm: 0.68 | dt: 1145ms | tok/sec: 28,629 | epoch: 1 | remaining: 0s    
step 00351 (66.4%) | loss: 4.166867 | lrm: 0.67 | dt: 1168ms | tok/sec: 28,064 | epoch: 1 | remaining: 0s    
step 00352 (66.5%) | loss: 4.168249 | lrm: 0.67 | dt: 1065ms | tok/sec: 30,766 | epoch: 1 | remaining: 0s    
step 00353 (66.7%) | loss: 4.162863 | lrm: 0.67 | dt: 1001ms | tok/sec: 32,731 | epoch: 1 | remaining: 0s    
step 00354 (66.9%) | loss: 4.153783 | lrm: 0.66 | dt: 1080ms | tok/sec: 30,354 | epoch: 1 | remaining: 0s    
step 00355 (67.1%) | loss: 4.159852 | lrm: 0.66 | dt: 1237ms | tok/sec: 26,485 | epoch: 1 | remaining: 0s    
step 00356 (67.3%) | loss: 4.158852 | lrm: 0.65 | dt: 1047ms | tok/sec: 31,284 | epoch: 1 | remaining: 0s    
step 00357 (67.5%) | loss: 4.161837 | lrm: 0.65 | dt: 1060ms | tok/sec: 30,908 | epoch: 1 | remaining: 0s    
step 00358 (67.7%) | loss: 4.166482 | lrm: 0.65 | dt: 1071ms | tok/sec: 30,593 | epoch: 1 | remaining: 0s    
step 00359 (67.9%) | loss: 4.173191 | lrm: 0.64 | dt: 1070ms | tok/sec: 30,617 | epoch: 1 | remaining: 0s    
step 00360 (68.1%) | loss: 4.181621 | lrm: 0.64 | dt: 1116ms | tok/sec: 29,352 | epoch: 1 | remaining: 0s    
step 00361 (68.2%) | loss: 4.181847 | lrm: 0.64 | dt: 1092ms | tok/sec: 30,010 | epoch: 1 | remaining: 0s    
step 00362 (68.4%) | loss: 4.177869 | lrm: 0.63 | dt: 1092ms | tok/sec: 30,018 | epoch: 1 | remaining: 0s    
step 00363 (68.6%) | loss: 4.169692 | lrm: 0.63 | dt: 1080ms | tok/sec: 30,333 | epoch: 1 | remaining: 0s    
step 00364 (68.8%) | loss: 4.151136 | lrm: 0.62 | dt: 1078ms | tok/sec: 30,389 | epoch: 1 | remaining: 0s    
step 00365 (69.0%) | loss: 4.143896 | lrm: 0.62 | dt: 1108ms | tok/sec: 29,570 | epoch: 1 | remaining: 0s    
step 00366 (69.2%) | loss: 4.137818 | lrm: 0.62 | dt: 1098ms | tok/sec: 29,838 | epoch: 1 | remaining: 0s    
step 00367 (69.4%) | loss: 4.131256 | lrm: 0.61 | dt: 1086ms | tok/sec: 30,181 | epoch: 1 | remaining: 0s    
step 00368 (69.6%) | loss: 4.126174 | lrm: 0.61 | dt: 1067ms | tok/sec: 30,712 | epoch: 1 | remaining: 0s    
step 00369 (69.8%) | loss: 4.131921 | lrm: 0.60 | dt: 1107ms | tok/sec: 29,588 | epoch: 1 | remaining: 0s    
step 00370 (69.9%) | loss: 4.130316 | lrm: 0.60 | dt: 1126ms | tok/sec: 29,106 | epoch: 1 | remaining: 0s    
step 00371 (70.1%) | loss: 4.121091 | lrm: 0.60 | dt: 1130ms | tok/sec: 28,990 | epoch: 1 | remaining: 0s    
step 00372 (70.3%) | loss: 4.117456 | lrm: 0.59 | dt: 1078ms | tok/sec: 30,403 | epoch: 1 | remaining: 0s    
step 00373 (70.5%) | loss: 4.120094 | lrm: 0.59 | dt: 1064ms | tok/sec: 30,797 | epoch: 1 | remaining: 0s    
step 00374 (70.7%) | loss: 4.117393 | lrm: 0.59 | dt: 1099ms | tok/sec: 29,822 | epoch: 1 | remaining: 0s    
step 00375 (70.9%) | loss: 4.111028 | lrm: 0.58 | dt: 1078ms | tok/sec: 30,400 | epoch: 1 | remaining: 0s    
step 00376 (71.1%) | loss: 4.107575 | lrm: 0.58 | dt: 1084ms | tok/sec: 30,236 | epoch: 1 | remaining: 0s    
step 00377 (71.3%) | loss: 4.119424 | lrm: 0.57 | dt: 1049ms | tok/sec: 31,229 | epoch: 1 | remaining: 0s    
step 00378 (71.5%) | loss: 4.106873 | lrm: 0.57 | dt: 1147ms | tok/sec: 28,569 | epoch: 1 | remaining: 0s    
step 00379 (71.6%) | loss: 4.110037 | lrm: 0.57 | dt: 1078ms | tok/sec: 30,386 | epoch: 1 | remaining: 0s    
step 00380 (71.8%) | loss: 4.105731 | lrm: 0.56 | dt: 1100ms | tok/sec: 29,793 | epoch: 1 | remaining: 0s    
step 00381 (72.0%) | loss: 4.101146 | lrm: 0.56 | dt: 1148ms | tok/sec: 28,533 | epoch: 1 | remaining: 0s    
step 00382 (72.2%) | loss: 4.093298 | lrm: 0.56 | dt: 1093ms | tok/sec: 29,972 | epoch: 1 | remaining: 0s    
step 00383 (72.4%) | loss: 4.092785 | lrm: 0.55 | dt: 1116ms | tok/sec: 29,356 | epoch: 1 | remaining: 0s    
step 00384 (72.6%) | loss: 4.089261 | lrm: 0.55 | dt: 1100ms | tok/sec: 29,794 | epoch: 1 | remaining: 0s    
step 00385 (72.8%) | loss: 4.085814 | lrm: 0.54 | dt: 1068ms | tok/sec: 30,667 | epoch: 1 | remaining: 0s    
step 00386 (73.0%) | loss: 4.085719 | lrm: 0.54 | dt: 1080ms | tok/sec: 30,334 | epoch: 1 | remaining: 0s    
step 00387 (73.2%) | loss: 4.075302 | lrm: 0.54 | dt: 1069ms | tok/sec: 30,657 | epoch: 1 | remaining: 0s    
step 00388 (73.3%) | loss: 4.066642 | lrm: 0.53 | dt: 1083ms | tok/sec: 30,253 | epoch: 1 | remaining: 0s    
step 00389 (73.5%) | loss: 4.062542 | lrm: 0.53 | dt: 1123ms | tok/sec: 29,180 | epoch: 1 | remaining: 0s    
step 00390 (73.7%) | loss: 4.058870 | lrm: 0.53 | dt: 1053ms | tok/sec: 31,126 | epoch: 1 | remaining: 0s    
step 00391 (73.9%) | loss: 4.067529 | lrm: 0.52 | dt: 1079ms | tok/sec: 30,357 | epoch: 1 | remaining: 0s    
step 00392 (74.1%) | loss: 4.063332 | lrm: 0.52 | dt: 1078ms | tok/sec: 30,404 | epoch: 1 | remaining: 0s    
step 00393 (74.3%) | loss: 4.063022 | lrm: 0.51 | dt: 1073ms | tok/sec: 30,526 | epoch: 1 | remaining: 0s    
step 00394 (74.5%) | loss: 4.068360 | lrm: 0.51 | dt: 1177ms | tok/sec: 27,846 | epoch: 1 | remaining: 0s    
step 00395 (74.7%) | loss: 4.066415 | lrm: 0.51 | dt: 1058ms | tok/sec: 30,967 | epoch: 1 | remaining: 0s    
step 00396 (74.9%) | loss: 4.053639 | lrm: 0.50 | dt: 1082ms | tok/sec: 30,275 | epoch: 1 | remaining: 0s    
step 00397 (75.0%) | loss: 4.059884 | lrm: 0.50 | dt: 1017ms | tok/sec: 32,213 | epoch: 1 | remaining: 0s    
step 00398 (75.2%) | loss: 4.057049 | lrm: 0.50 | dt: 1067ms | tok/sec: 30,698 | epoch: 1 | remaining: 0s    
step 00399 (75.4%) | loss: 4.057441 | lrm: 0.49 | dt: 1146ms | tok/sec: 28,581 | epoch: 1 | remaining: 0s    
step 00400 (75.6%) | loss: 4.051261 | lrm: 0.49 | dt: 1077ms | tok/sec: 30,436 | epoch: 1 | remaining: 0s    
step 00401 (75.8%) | loss: 4.045373 | lrm: 0.48 | dt: 1085ms | tok/sec: 30,214 | epoch: 1 | remaining: 0s    
step 00402 (76.0%) | loss: 4.040322 | lrm: 0.48 | dt: 1117ms | tok/sec: 29,339 | epoch: 1 | remaining: 0s    
step 00403 (76.2%) | loss: 4.048898 | lrm: 0.48 | dt: 1059ms | tok/sec: 30,931 | epoch: 1 | remaining: 0s    
step 00404 (76.4%) | loss: 4.050504 | lrm: 0.47 | dt: 1099ms | tok/sec: 29,829 | epoch: 1 | remaining: 0s    
step 00405 (76.6%) | loss: 4.045292 | lrm: 0.47 | dt: 1123ms | tok/sec: 29,166 | epoch: 1 | remaining: 0s    
step 00406 (76.7%) | loss: 4.055380 | lrm: 0.47 | dt: 1044ms | tok/sec: 31,376 | epoch: 1 | remaining: 0s    
step 00407 (76.9%) | loss: 4.054379 | lrm: 0.46 | dt: 1058ms | tok/sec: 30,975 | epoch: 1 | remaining: 0s    
step 00408 (77.1%) | loss: 4.036514 | lrm: 0.46 | dt: 1130ms | tok/sec: 28,995 | epoch: 1 | remaining: 0s    
step 00409 (77.3%) | loss: 4.032007 | lrm: 0.45 | dt: 1063ms | tok/sec: 30,820 | epoch: 1 | remaining: 0s    
step 00410 (77.5%) | loss: 4.020601 | lrm: 0.45 | dt: 1045ms | tok/sec: 31,358 | epoch: 1 | remaining: 0s    
step 00411 (77.7%) | loss: 4.017264 | lrm: 0.45 | dt: 1077ms | tok/sec: 30,424 | epoch: 1 | remaining: 0s    
step 00412 (77.9%) | loss: 4.008582 | lrm: 0.44 | dt: 1032ms | tok/sec: 31,750 | epoch: 1 | remaining: 0s    
step 00413 (78.1%) | loss: 4.002721 | lrm: 0.44 | dt: 1056ms | tok/sec: 31,029 | epoch: 1 | remaining: 0s    
step 00414 (78.3%) | loss: 4.003172 | lrm: 0.43 | dt: 1062ms | tok/sec: 30,845 | epoch: 1 | remaining: 0s    
step 00415 (78.4%) | loss: 4.003801 | lrm: 0.43 | dt: 1108ms | tok/sec: 29,573 | epoch: 1 | remaining: 0s    
step 00416 (78.6%) | loss: 4.004284 | lrm: 0.43 | dt: 1059ms | tok/sec: 30,937 | epoch: 1 | remaining: 0s    
step 00417 (78.8%) | loss: 4.002873 | lrm: 0.42 | dt: 1011ms | tok/sec: 32,398 | epoch: 1 | remaining: 0s    
step 00418 (79.0%) | loss: 3.995924 | lrm: 0.42 | dt: 1052ms | tok/sec: 31,159 | epoch: 1 | remaining: 0s    
step 00419 (79.2%) | loss: 3.996673 | lrm: 0.42 | dt: 1054ms | tok/sec: 31,091 | epoch: 1 | remaining: 0s    
step 00420 (79.4%) | loss: 3.998856 | lrm: 0.41 | dt: 1132ms | tok/sec: 28,938 | epoch: 1 | remaining: 0s    
step 00421 (79.6%) | loss: 3.993514 | lrm: 0.41 | dt: 1068ms | tok/sec: 30,689 | epoch: 1 | remaining: 0s    
step 00422 (79.8%) | loss: 3.990656 | lrm: 0.40 | dt: 1057ms | tok/sec: 31,000 | epoch: 1 | remaining: 0s    
step 00423 (80.0%) | loss: 3.979175 | lrm: 0.40 | dt: 999ms | tok/sec: 32,785 | epoch: 1 | remaining: 0s    
step 00424 (80.2%) | loss: 3.976913 | lrm: 0.40 | dt: 1082ms | tok/sec: 30,274 | epoch: 1 | remaining: 0s    
step 00425 (80.3%) | loss: 3.975351 | lrm: 0.39 | dt: 1111ms | tok/sec: 29,489 | epoch: 1 | remaining: 0s    
step 00426 (80.5%) | loss: 3.970200 | lrm: 0.39 | dt: 1099ms | tok/sec: 29,803 | epoch: 1 | remaining: 0s    
step 00427 (80.7%) | loss: 3.975857 | lrm: 0.39 | dt: 1055ms | tok/sec: 31,052 | epoch: 1 | remaining: 0s    
step 00428 (80.9%) | loss: 3.975393 | lrm: 0.38 | dt: 1077ms | tok/sec: 30,425 | epoch: 1 | remaining: 0s    
step 00429 (81.1%) | loss: 3.972944 | lrm: 0.38 | dt: 1074ms | tok/sec: 30,500 | epoch: 1 | remaining: 0s    
step 00430 (81.3%) | loss: 3.982479 | lrm: 0.37 | dt: 1052ms | tok/sec: 31,158 | epoch: 1 | remaining: 0s    
step 00431 (81.5%) | loss: 3.980183 | lrm: 0.37 | dt: 1088ms | tok/sec: 30,122 | epoch: 1 | remaining: 0s    
step 00432 (81.7%) | loss: 3.981199 | lrm: 0.37 | dt: 1077ms | tok/sec: 30,414 | epoch: 1 | remaining: 0s    
step 00433 (81.9%) | loss: 3.979757 | lrm: 0.36 | dt: 1116ms | tok/sec: 29,372 | epoch: 1 | remaining: 0s    
step 00434 (82.0%) | loss: 3.969163 | lrm: 0.36 | dt: 1065ms | tok/sec: 30,757 | epoch: 1 | remaining: 0s    
step 00435 (82.2%) | loss: 3.964823 | lrm: 0.36 | dt: 1044ms | tok/sec: 31,397 | epoch: 1 | remaining: 0s    
step 00436 (82.4%) | loss: 3.967621 | lrm: 0.35 | dt: 1068ms | tok/sec: 30,673 | epoch: 1 | remaining: 0s    
step 00437 (82.6%) | loss: 3.964860 | lrm: 0.35 | dt: 1083ms | tok/sec: 30,269 | epoch: 1 | remaining: 0s    
step 00438 (82.8%) | loss: 3.965456 | lrm: 0.34 | dt: 1198ms | tok/sec: 27,347 | epoch: 1 | remaining: 0s    
step 00439 (83.0%) | loss: 3.959161 | lrm: 0.34 | dt: 1065ms | tok/sec: 30,756 | epoch: 1 | remaining: 0s    
step 00440 (83.2%) | loss: 3.961314 | lrm: 0.34 | dt: 1019ms | tok/sec: 32,156 | epoch: 1 | remaining: 0s    
step 00441 (83.4%) | loss: 3.963447 | lrm: 0.33 | dt: 1023ms | tok/sec: 32,025 | epoch: 1 | remaining: 0s    
step 00442 (83.6%) | loss: 3.966997 | lrm: 0.33 | dt: 1085ms | tok/sec: 30,190 | epoch: 1 | remaining: 0s    
step 00443 (83.7%) | loss: 3.962766 | lrm: 0.33 | dt: 1165ms | tok/sec: 28,128 | epoch: 1 | remaining: 0s    
step 00444 (83.9%) | loss: 3.960109 | lrm: 0.32 | dt: 1066ms | tok/sec: 30,727 | epoch: 1 | remaining: 0s    
step 00445 (84.1%) | loss: 3.961337 | lrm: 0.32 | dt: 995ms | tok/sec: 32,932 | epoch: 1 | remaining: 0s    
step 00446 (84.3%) | loss: 3.953517 | lrm: 0.31 | dt: 1075ms | tok/sec: 30,488 | epoch: 1 | remaining: 0s    
step 00447 (84.5%) | loss: 3.950766 | lrm: 0.31 | dt: 1114ms | tok/sec: 29,417 | epoch: 1 | remaining: 0s    
step 00448 (84.7%) | loss: 3.948299 | lrm: 0.31 | dt: 1109ms | tok/sec: 29,543 | epoch: 1 | remaining: 0s    
step 00449 (84.9%) | loss: 3.939731 | lrm: 0.30 | dt: 1067ms | tok/sec: 30,712 | epoch: 1 | remaining: 0s    
step 00450 (85.1%) | loss: 3.938132 | lrm: 0.30 | dt: 966ms | tok/sec: 33,932 | epoch: 1 | remaining: 0s    
step 00451 (85.3%) | loss: 3.926838 | lrm: 0.29 | dt: 1067ms | tok/sec: 30,717 | epoch: 1 | remaining: 0s    
step 00452 (85.4%) | loss: 3.936081 | lrm: 0.29 | dt: 1177ms | tok/sec: 27,851 | epoch: 1 | remaining: 0s    
step 00453 (85.6%) | loss: 3.929337 | lrm: 0.29 | dt: 1068ms | tok/sec: 30,681 | epoch: 1 | remaining: 0s    
step 00454 (85.8%) | loss: 3.928991 | lrm: 0.28 | dt: 1037ms | tok/sec: 31,608 | epoch: 1 | remaining: 0s    
step 00455 (86.0%) | loss: 3.931324 | lrm: 0.28 | dt: 1012ms | tok/sec: 32,365 | epoch: 1 | remaining: 0s    
step 00456 (86.2%) | loss: 3.936658 | lrm: 0.28 | dt: 1074ms | tok/sec: 30,507 | epoch: 1 | remaining: 0s    
step 00457 (86.4%) | loss: 3.935604 | lrm: 0.27 | dt: 1110ms | tok/sec: 29,533 | epoch: 1 | remaining: 0s    
step 00458 (86.6%) | loss: 3.936364 | lrm: 0.27 | dt: 1082ms | tok/sec: 30,278 | epoch: 1 | remaining: 0s    
step 00459 (86.8%) | loss: 3.934784 | lrm: 0.26 | dt: 1080ms | tok/sec: 30,349 | epoch: 1 | remaining: 0s    
step 00460 (87.0%) | loss: 3.933889 | lrm: 0.26 | dt: 988ms | tok/sec: 33,152 | epoch: 1 | remaining: 0s    
step 00461 (87.1%) | loss: 3.926384 | lrm: 0.26 | dt: 1189ms | tok/sec: 27,565 | epoch: 1 | remaining: 0s    
step 00462 (87.3%) | loss: 3.930084 | lrm: 0.25 | dt: 1108ms | tok/sec: 29,583 | epoch: 1 | remaining: 0s    
step 00463 (87.5%) | loss: 3.928718 | lrm: 0.25 | dt: 1035ms | tok/sec: 31,669 | epoch: 1 | remaining: 0s    
step 00464 (87.7%) | loss: 3.931987 | lrm: 0.25 | dt: 1014ms | tok/sec: 32,321 | epoch: 1 | remaining: 0s    
step 00465 (87.9%) | loss: 3.921511 | lrm: 0.24 | dt: 1045ms | tok/sec: 31,346 | epoch: 1 | remaining: 0s    
step 00466 (88.1%) | loss: 3.919502 | lrm: 0.24 | dt: 1172ms | tok/sec: 27,961 | epoch: 1 | remaining: 0s    
step 00467 (88.3%) | loss: 3.930247 | lrm: 0.23 | dt: 1060ms | tok/sec: 30,923 | epoch: 1 | remaining: 0s    
step 00468 (88.5%) | loss: 3.927293 | lrm: 0.23 | dt: 1051ms | tok/sec: 31,191 | epoch: 1 | remaining: 0s    
step 00469 (88.7%) | loss: 3.923445 | lrm: 0.23 | dt: 1068ms | tok/sec: 30,668 | epoch: 1 | remaining: 0s    
step 00470 (88.8%) | loss: 3.919683 | lrm: 0.22 | dt: 1075ms | tok/sec: 30,482 | epoch: 1 | remaining: 0s    
step 00471 (89.0%) | loss: 3.910275 | lrm: 0.22 | dt: 1082ms | tok/sec: 30,284 | epoch: 1 | remaining: 0s    
step 00472 (89.2%) | loss: 3.906889 | lrm: 0.22 | dt: 1059ms | tok/sec: 30,951 | epoch: 1 | remaining: 0s    
step 00473 (89.4%) | loss: 3.901013 | lrm: 0.21 | dt: 1025ms | tok/sec: 31,967 | epoch: 1 | remaining: 0s    
step 00474 (89.6%) | loss: 3.889846 | lrm: 0.21 | dt: 1008ms | tok/sec: 32,499 | epoch: 1 | remaining: 0s    
step 00475 (89.8%) | loss: 3.886083 | lrm: 0.20 | dt: 1072ms | tok/sec: 30,558 | epoch: 1 | remaining: 0s    
step 00476 (90.0%) | loss: 3.886622 | lrm: 0.20 | dt: 1076ms | tok/sec: 30,447 | epoch: 1 | remaining: 0s    
step 00477 (90.2%) | loss: 3.885987 | lrm: 0.20 | dt: 1108ms | tok/sec: 29,572 | epoch: 1 | remaining: 0s    
step 00478 (90.4%) | loss: 3.884112 | lrm: 0.19 | dt: 1061ms | tok/sec: 30,873 | epoch: 1 | remaining: 0s    
step 00479 (90.5%) | loss: 3.884673 | lrm: 0.19 | dt: 1058ms | tok/sec: 30,965 | epoch: 1 | remaining: 0s    
step 00480 (90.7%) | loss: 3.873227 | lrm: 0.19 | dt: 1050ms | tok/sec: 31,199 | epoch: 1 | remaining: 0s    
step 00481 (90.9%) | loss: 3.867734 | lrm: 0.18 | dt: 1029ms | tok/sec: 31,836 | epoch: 1 | remaining: 0s    
step 00482 (91.1%) | loss: 3.859448 | lrm: 0.18 | dt: 1075ms | tok/sec: 30,490 | epoch: 1 | remaining: 0s    
step 00483 (91.3%) | loss: 3.870296 | lrm: 0.17 | dt: 1065ms | tok/sec: 30,762 | epoch: 1 | remaining: 0s    
step 00484 (91.5%) | loss: 3.874027 | lrm: 0.17 | dt: 1056ms | tok/sec: 31,043 | epoch: 1 | remaining: 0s    
step 00485 (91.7%) | loss: 3.874438 | lrm: 0.17 | dt: 1032ms | tok/sec: 31,751 | epoch: 1 | remaining: 0s    
step 00486 (91.9%) | loss: 3.872122 | lrm: 0.16 | dt: 1157ms | tok/sec: 28,332 | epoch: 1 | remaining: 0s    
step 00487 (92.1%) | loss: 3.870839 | lrm: 0.16 | dt: 1060ms | tok/sec: 30,919 | epoch: 1 | remaining: 0s    
step 00488 (92.2%) | loss: 3.876603 | lrm: 0.16 | dt: 1022ms | tok/sec: 32,054 | epoch: 1 | remaining: 0s    
step 00489 (92.4%) | loss: 3.878501 | lrm: 0.15 | dt: 1058ms | tok/sec: 30,963 | epoch: 1 | remaining: 0s    
step 00490 (92.6%) | loss: 3.879016 | lrm: 0.15 | dt: 1078ms | tok/sec: 30,407 | epoch: 1 | remaining: 0s    
step 00491 (92.8%) | loss: 3.877812 | lrm: 0.14 | dt: 1082ms | tok/sec: 30,280 | epoch: 1 | remaining: 0s    
step 00492 (93.0%) | loss: 3.867736 | lrm: 0.14 | dt: 1027ms | tok/sec: 31,901 | epoch: 1 | remaining: 0s    
step 00493 (93.2%) | loss: 3.870744 | lrm: 0.14 | dt: 1033ms | tok/sec: 31,716 | epoch: 1 | remaining: 0s    
step 00494 (93.4%) | loss: 3.874577 | lrm: 0.13 | dt: 1115ms | tok/sec: 29,377 | epoch: 1 | remaining: 0s    
step 00495 (93.6%) | loss: 3.876766 | lrm: 0.13 | dt: 1113ms | tok/sec: 29,431 | epoch: 1 | remaining: 0s    
step 00496 (93.8%) | loss: 3.873946 | lrm: 0.12 | dt: 995ms | tok/sec: 32,938 | epoch: 1 | remaining: 0s    
step 00497 (94.0%) | loss: 3.871060 | lrm: 0.12 | dt: 1017ms | tok/sec: 32,227 | epoch: 1 | remaining: 0s    
step 00498 (94.1%) | loss: 3.858999 | lrm: 0.12 | dt: 1059ms | tok/sec: 30,951 | epoch: 1 | remaining: 0s    
step 00499 (94.3%) | loss: 3.863222 | lrm: 0.11 | dt: 1107ms | tok/sec: 29,588 | epoch: 1 | remaining: 0s    
step 00500 (94.5%) | loss: 3.867444 | lrm: 0.11 | dt: 1084ms | tok/sec: 30,219 | epoch: 1 | remaining: 0s    
step 00501 (94.7%) | loss: 3.872349 | lrm: 0.11 | dt: 1014ms | tok/sec: 32,320 | epoch: 1 | remaining: 0s    
step 00502 (94.9%) | loss: 3.863524 | lrm: 0.10 | dt: 1028ms | tok/sec: 31,883 | epoch: 1 | remaining: 0s    
step 00503 (95.1%) | loss: 3.855791 | lrm: 0.10 | dt: 1084ms | tok/sec: 30,228 | epoch: 1 | remaining: 0s    
step 00504 (95.3%) | loss: 3.848153 | lrm: 0.09 | dt: 1056ms | tok/sec: 31,031 | epoch: 1 | remaining: 0s    
step 00505 (95.5%) | loss: 3.853384 | lrm: 0.09 | dt: 1050ms | tok/sec: 31,201 | epoch: 1 | remaining: 0s    
step 00506 (95.7%) | loss: 3.859313 | lrm: 0.09 | dt: 1056ms | tok/sec: 31,021 | epoch: 1 | remaining: 0s    
step 00507 (95.8%) | loss: 3.862084 | lrm: 0.08 | dt: 1078ms | tok/sec: 30,386 | epoch: 1 | remaining: 0s    
step 00508 (96.0%) | loss: 3.863276 | lrm: 0.08 | dt: 1141ms | tok/sec: 28,728 | epoch: 1 | remaining: 0s    
step 00509 (96.2%) | loss: 3.865396 | lrm: 0.08 | dt: 1088ms | tok/sec: 30,104 | epoch: 1 | remaining: 0s    
step 00510 (96.4%) | loss: 3.864041 | lrm: 0.07 | dt: 971ms | tok/sec: 33,757 | epoch: 1 | remaining: 0s    
step 00511 (96.6%) | loss: 3.859930 | lrm: 0.07 | dt: 1021ms | tok/sec: 32,099 | epoch: 1 | remaining: 0s    
step 00512 (96.8%) | loss: 3.865950 | lrm: 0.06 | dt: 1059ms | tok/sec: 30,947 | epoch: 1 | remaining: 0s    
step 00513 (97.0%) | loss: 3.863588 | lrm: 0.06 | dt: 1037ms | tok/sec: 31,586 | epoch: 1 | remaining: 0s    
step 00514 (97.2%) | loss: 3.859658 | lrm: 0.06 | dt: 1229ms | tok/sec: 26,656 | epoch: 1 | remaining: 0s    
step 00515 (97.4%) | loss: 3.863731 | lrm: 0.05 | dt: 1094ms | tok/sec: 29,964 | epoch: 1 | remaining: 0s    
step 00516 (97.5%) | loss: 3.856919 | lrm: 0.05 | dt: 966ms | tok/sec: 33,936 | epoch: 1 | remaining: 0s    
step 00517 (97.7%) | loss: 3.850916 | lrm: 0.05 | dt: 978ms | tok/sec: 33,498 | epoch: 1 | remaining: 0s    
step 00518 (97.9%) | loss: 3.842766 | lrm: 0.04 | dt: 1163ms | tok/sec: 28,164 | epoch: 1 | remaining: 0s    
step 00519 (98.1%) | loss: 3.842557 | lrm: 0.04 | dt: 1128ms | tok/sec: 29,062 | epoch: 1 | remaining: 0s    
step 00520 (98.3%) | loss: 3.836455 | lrm: 0.03 | dt: 976ms | tok/sec: 33,577 | epoch: 1 | remaining: 0s    
step 00521 (98.5%) | loss: 3.831579 | lrm: 0.03 | dt: 973ms | tok/sec: 33,672 | epoch: 1 | remaining: 0s    
step 00522 (98.7%) | loss: 3.823041 | lrm: 0.03 | dt: 1106ms | tok/sec: 29,630 | epoch: 1 | remaining: 0s    
step 00523 (98.9%) | loss: 3.828508 | lrm: 0.02 | dt: 1160ms | tok/sec: 28,248 | epoch: 1 | remaining: 0s    
step 00524 (99.1%) | loss: 3.820918 | lrm: 0.02 | dt: 1076ms | tok/sec: 30,453 | epoch: 1 | remaining: 0s    
step 00525 (99.2%) | loss: 3.834494 | lrm: 0.02 | dt: 947ms | tok/sec: 34,590 | epoch: 1 | remaining: 0s    
step 00526 (99.4%) | loss: 3.843821 | lrm: 0.01 | dt: 1020ms | tok/sec: 32,134 | epoch: 1 | remaining: 0s    
step 00527 (99.6%) | loss: 3.841077 | lrm: 0.01 | dt: 1141ms | tok/sec: 28,723 | epoch: 1 | remaining: 0s    
step 00528 (99.8%) | loss: 3.844598 | lrm: 0.00 | dt: 1084ms | tok/sec: 30,235 | epoch: 1 | remaining: 0s    
Training completed in 568.8s
Starting final eval...
Final eval batch size: 256
Final eval completed in 20.5s
WARNING: val_bpb=0.991939 is outside plausible range [1.0, 10.0]
Baseline results written: /Users/ahmadalzaro/.cache/autoresearch-arabic/baseline_results.json
---
val_bpb:          0.991939
training_seconds: 568.8
total_seconds:    590.2
peak_vram_mb:     19950.1
mfu_percent:      0.00
total_tokens_M:   17.3
num_steps:        529
num_params_M:     5.6
total_eval_nats:  5977745.125000
total_eval_bytes: 8694149
total_valid_tokens: 1567449
depth:            2
