Condition: d3
Data/tokenizer loaded in 0.3s
Time budget: 300s
Gradient accumulation steps: 1
Model compiled in 0.6s

step 00000 (0.0%) | loss: 9.011121 | lrm: 1.00 | dt: 604ms | tok/sec: 54,247 | epoch: 1 | remaining: 300s    
step 00001 (0.2%) | loss: 9.023874 | lrm: 1.00 | dt: 342ms | tok/sec: 95,788 | epoch: 1 | remaining: 300s    
step 00002 (0.4%) | loss: 8.655472 | lrm: 1.00 | dt: 425ms | tok/sec: 77,036 | epoch: 1 | remaining: 299s    
step 00003 (0.6%) | loss: 8.358325 | lrm: 1.00 | dt: 706ms | tok/sec: 46,437 | epoch: 1 | remaining: 299s    
step 00004 (0.8%) | loss: 8.147607 | lrm: 1.00 | dt: 1753ms | tok/sec: 18,695 | epoch: 1 | remaining: 297s    
step 00005 (0.9%) | loss: 7.972703 | lrm: 1.00 | dt: 1625ms | tok/sec: 20,166 | epoch: 1 | remaining: 295s    
step 00006 (1.1%) | loss: 7.843101 | lrm: 1.00 | dt: 670ms | tok/sec: 48,917 | epoch: 1 | remaining: 294s    
step 00007 (1.3%) | loss: 7.735958 | lrm: 1.00 | dt: 680ms | tok/sec: 48,185 | epoch: 1 | remaining: 294s    
step 00008 (1.5%) | loss: 7.655891 | lrm: 1.00 | dt: 983ms | tok/sec: 33,332 | epoch: 1 | remaining: 293s    
step 00009 (1.7%) | loss: 7.592458 | lrm: 1.00 | dt: 1549ms | tok/sec: 21,152 | epoch: 1 | remaining: 291s    
step 00010 (1.9%) | loss: 7.523436 | lrm: 1.00 | dt: 1073ms | tok/sec: 30,532 | epoch: 1 | remaining: 290s    
step 00011 (2.1%) | loss: 7.475421 | lrm: 1.00 | dt: 966ms | tok/sec: 33,904 | epoch: 1 | remaining: 289s    
step 00012 (2.3%) | loss: 7.431745 | lrm: 1.00 | dt: 968ms | tok/sec: 33,844 | epoch: 1 | remaining: 288s    
step 00013 (2.5%) | loss: 7.399008 | lrm: 1.00 | dt: 1051ms | tok/sec: 31,189 | epoch: 1 | remaining: 287s    
step 00014 (2.6%) | loss: 7.371720 | lrm: 1.00 | dt: 1106ms | tok/sec: 29,634 | epoch: 1 | remaining: 286s    
step 00015 (2.8%) | loss: 7.345798 | lrm: 1.00 | dt: 1075ms | tok/sec: 30,473 | epoch: 1 | remaining: 285s    
step 00016 (3.0%) | loss: 7.318613 | lrm: 1.00 | dt: 970ms | tok/sec: 33,797 | epoch: 1 | remaining: 284s    
step 00017 (3.2%) | loss: 7.294126 | lrm: 1.00 | dt: 973ms | tok/sec: 33,671 | epoch: 1 | remaining: 283s    
step 00018 (3.4%) | loss: 7.274494 | lrm: 1.00 | dt: 1017ms | tok/sec: 32,209 | epoch: 1 | remaining: 282s    
step 00019 (3.6%) | loss: 7.257584 | lrm: 1.00 | dt: 1073ms | tok/sec: 30,541 | epoch: 1 | remaining: 281s    
step 00020 (3.8%) | loss: 7.241322 | lrm: 1.00 | dt: 1018ms | tok/sec: 32,188 | epoch: 1 | remaining: 280s    
step 00021 (4.0%) | loss: 7.218687 | lrm: 1.00 | dt: 1009ms | tok/sec: 32,477 | epoch: 1 | remaining: 279s    
step 00022 (4.2%) | loss: 7.199583 | lrm: 1.00 | dt: 1039ms | tok/sec: 31,532 | epoch: 1 | remaining: 278s    
step 00023 (4.3%) | loss: 7.189094 | lrm: 1.00 | dt: 1048ms | tok/sec: 31,262 | epoch: 1 | remaining: 277s    
step 00024 (4.5%) | loss: 7.169646 | lrm: 1.00 | dt: 1029ms | tok/sec: 31,854 | epoch: 1 | remaining: 276s    
step 00025 (4.7%) | loss: 7.155024 | lrm: 1.00 | dt: 1010ms | tok/sec: 32,458 | epoch: 1 | remaining: 275s    
step 00026 (4.9%) | loss: 7.135724 | lrm: 1.00 | dt: 1030ms | tok/sec: 31,812 | epoch: 1 | remaining: 274s    
step 00027 (5.1%) | loss: 7.116471 | lrm: 1.00 | dt: 1050ms | tok/sec: 31,217 | epoch: 1 | remaining: 273s    
step 00028 (5.3%) | loss: 7.103453 | lrm: 1.00 | dt: 1028ms | tok/sec: 31,873 | epoch: 1 | remaining: 272s    
step 00029 (5.5%) | loss: 7.085820 | lrm: 1.00 | dt: 1083ms | tok/sec: 30,258 | epoch: 1 | remaining: 271s    
step 00030 (5.7%) | loss: 7.068620 | lrm: 1.00 | dt: 1017ms | tok/sec: 32,233 | epoch: 1 | remaining: 270s    
step 00031 (5.9%) | loss: 7.059711 | lrm: 1.00 | dt: 999ms | tok/sec: 32,791 | epoch: 1 | remaining: 269s    
step 00032 (6.0%) | loss: 7.039774 | lrm: 1.00 | dt: 1008ms | tok/sec: 32,507 | epoch: 1 | remaining: 268s    
step 00033 (6.2%) | loss: 7.027939 | lrm: 1.00 | dt: 1042ms | tok/sec: 31,437 | epoch: 1 | remaining: 267s    
step 00034 (6.4%) | loss: 7.009485 | lrm: 1.00 | dt: 1075ms | tok/sec: 30,475 | epoch: 1 | remaining: 266s    
step 00035 (6.6%) | loss: 6.990127 | lrm: 1.00 | dt: 1050ms | tok/sec: 31,201 | epoch: 1 | remaining: 264s    
step 00036 (6.8%) | loss: 6.969622 | lrm: 1.00 | dt: 1051ms | tok/sec: 31,188 | epoch: 1 | remaining: 263s    
step 00037 (7.0%) | loss: 6.940148 | lrm: 1.00 | dt: 1024ms | tok/sec: 32,012 | epoch: 1 | remaining: 262s    
step 00038 (7.2%) | loss: 6.909908 | lrm: 1.00 | dt: 1043ms | tok/sec: 31,415 | epoch: 1 | remaining: 261s    
step 00039 (7.4%) | loss: 6.887982 | lrm: 1.00 | dt: 1087ms | tok/sec: 30,135 | epoch: 1 | remaining: 260s    
step 00040 (7.6%) | loss: 6.857687 | lrm: 1.00 | dt: 1194ms | tok/sec: 27,432 | epoch: 1 | remaining: 259s    
step 00041 (7.8%) | loss: 6.826089 | lrm: 1.00 | dt: 1040ms | tok/sec: 31,507 | epoch: 1 | remaining: 258s    
step 00042 (7.9%) | loss: 6.801104 | lrm: 1.00 | dt: 1076ms | tok/sec: 30,439 | epoch: 1 | remaining: 257s    
step 00043 (8.1%) | loss: 6.779645 | lrm: 1.00 | dt: 1100ms | tok/sec: 29,795 | epoch: 1 | remaining: 256s    
step 00044 (8.3%) | loss: 6.757372 | lrm: 1.00 | dt: 1082ms | tok/sec: 30,286 | epoch: 1 | remaining: 255s    
step 00045 (8.5%) | loss: 6.738958 | lrm: 1.00 | dt: 1036ms | tok/sec: 31,622 | epoch: 1 | remaining: 254s    
step 00046 (8.7%) | loss: 6.719481 | lrm: 1.00 | dt: 1066ms | tok/sec: 30,727 | epoch: 1 | remaining: 253s    
step 00047 (8.9%) | loss: 6.697857 | lrm: 1.00 | dt: 1120ms | tok/sec: 29,262 | epoch: 1 | remaining: 252s    
step 00048 (9.1%) | loss: 6.678550 | lrm: 1.00 | dt: 1087ms | tok/sec: 30,136 | epoch: 1 | remaining: 250s    
step 00049 (9.3%) | loss: 6.662891 | lrm: 1.00 | dt: 1035ms | tok/sec: 31,665 | epoch: 1 | remaining: 249s    
step 00050 (9.5%) | loss: 6.645492 | lrm: 1.00 | dt: 997ms | tok/sec: 32,856 | epoch: 1 | remaining: 248s    
step 00051 (9.6%) | loss: 6.630898 | lrm: 1.00 | dt: 1051ms | tok/sec: 31,167 | epoch: 1 | remaining: 247s    
step 00052 (9.8%) | loss: 6.610587 | lrm: 1.00 | dt: 1067ms | tok/sec: 30,718 | epoch: 1 | remaining: 246s    
step 00053 (10.0%) | loss: 6.592661 | lrm: 1.00 | dt: 1082ms | tok/sec: 30,271 | epoch: 1 | remaining: 245s    
step 00054 (10.2%) | loss: 6.575001 | lrm: 1.00 | dt: 1018ms | tok/sec: 32,194 | epoch: 1 | remaining: 244s    
step 00055 (10.4%) | loss: 6.565760 | lrm: 1.00 | dt: 1041ms | tok/sec: 31,474 | epoch: 1 | remaining: 243s    
step 00056 (10.6%) | loss: 6.555947 | lrm: 1.00 | dt: 1057ms | tok/sec: 31,013 | epoch: 1 | remaining: 242s    
step 00057 (10.8%) | loss: 6.544176 | lrm: 1.00 | dt: 1043ms | tok/sec: 31,409 | epoch: 1 | remaining: 241s    
step 00058 (11.0%) | loss: 6.522818 | lrm: 1.00 | dt: 1049ms | tok/sec: 31,224 | epoch: 1 | remaining: 240s    
step 00059 (11.2%) | loss: 6.512746 | lrm: 1.00 | dt: 1034ms | tok/sec: 31,696 | epoch: 1 | remaining: 239s    
step 00060 (11.3%) | loss: 6.496817 | lrm: 1.00 | dt: 1068ms | tok/sec: 30,694 | epoch: 1 | remaining: 238s    
step 00061 (11.5%) | loss: 6.485466 | lrm: 1.00 | dt: 1057ms | tok/sec: 30,990 | epoch: 1 | remaining: 237s    
step 00062 (11.7%) | loss: 6.468060 | lrm: 1.00 | dt: 1123ms | tok/sec: 29,169 | epoch: 1 | remaining: 236s    
step 00063 (11.9%) | loss: 6.453106 | lrm: 1.00 | dt: 1077ms | tok/sec: 30,436 | epoch: 1 | remaining: 235s    
step 00064 (12.1%) | loss: 6.438664 | lrm: 1.00 | dt: 1067ms | tok/sec: 30,724 | epoch: 1 | remaining: 234s    
step 00065 (12.3%) | loss: 6.420200 | lrm: 1.00 | dt: 1024ms | tok/sec: 31,991 | epoch: 1 | remaining: 233s    
step 00066 (12.5%) | loss: 6.406526 | lrm: 1.00 | dt: 1042ms | tok/sec: 31,442 | epoch: 1 | remaining: 232s    
step 00067 (12.7%) | loss: 6.386783 | lrm: 1.00 | dt: 1083ms | tok/sec: 30,252 | epoch: 1 | remaining: 230s    
step 00068 (12.9%) | loss: 6.378071 | lrm: 1.00 | dt: 1058ms | tok/sec: 30,984 | epoch: 1 | remaining: 229s    
step 00069 (13.0%) | loss: 6.361926 | lrm: 1.00 | dt: 1060ms | tok/sec: 30,927 | epoch: 1 | remaining: 228s    
step 00070 (13.2%) | loss: 6.346861 | lrm: 1.00 | dt: 1141ms | tok/sec: 28,709 | epoch: 1 | remaining: 227s    
step 00071 (13.4%) | loss: 6.336268 | lrm: 1.00 | dt: 1075ms | tok/sec: 30,470 | epoch: 1 | remaining: 226s    
step 00072 (13.6%) | loss: 6.322070 | lrm: 1.00 | dt: 1079ms | tok/sec: 30,355 | epoch: 1 | remaining: 225s    
step 00073 (13.8%) | loss: 6.306824 | lrm: 1.00 | dt: 986ms | tok/sec: 33,222 | epoch: 1 | remaining: 224s    
step 00074 (14.0%) | loss: 6.291880 | lrm: 1.00 | dt: 1059ms | tok/sec: 30,929 | epoch: 1 | remaining: 223s    
step 00075 (14.2%) | loss: 6.276833 | lrm: 1.00 | dt: 1079ms | tok/sec: 30,355 | epoch: 1 | remaining: 222s    
step 00076 (14.4%) | loss: 6.270700 | lrm: 1.00 | dt: 1042ms | tok/sec: 31,437 | epoch: 1 | remaining: 221s    
step 00077 (14.6%) | loss: 6.269356 | lrm: 1.00 | dt: 1062ms | tok/sec: 30,852 | epoch: 1 | remaining: 220s    
step 00078 (14.7%) | loss: 6.264690 | lrm: 1.00 | dt: 1015ms | tok/sec: 32,283 | epoch: 1 | remaining: 219s    
step 00079 (14.9%) | loss: 6.253115 | lrm: 1.00 | dt: 1042ms | tok/sec: 31,457 | epoch: 1 | remaining: 218s    
step 00080 (15.1%) | loss: 6.247075 | lrm: 1.00 | dt: 1081ms | tok/sec: 30,318 | epoch: 1 | remaining: 217s    
step 00081 (15.3%) | loss: 6.228520 | lrm: 1.00 | dt: 1110ms | tok/sec: 29,525 | epoch: 1 | remaining: 216s    
step 00082 (15.5%) | loss: 6.213851 | lrm: 1.00 | dt: 1091ms | tok/sec: 30,037 | epoch: 1 | remaining: 214s    
step 00083 (15.7%) | loss: 6.207413 | lrm: 1.00 | dt: 1001ms | tok/sec: 32,735 | epoch: 1 | remaining: 213s    
step 00084 (15.9%) | loss: 6.188707 | lrm: 1.00 | dt: 1041ms | tok/sec: 31,484 | epoch: 1 | remaining: 212s    
step 00085 (16.1%) | loss: 6.170541 | lrm: 1.00 | dt: 1059ms | tok/sec: 30,934 | epoch: 1 | remaining: 211s    
step 00086 (16.3%) | loss: 6.148066 | lrm: 1.00 | dt: 1060ms | tok/sec: 30,917 | epoch: 1 | remaining: 210s    
step 00087 (16.4%) | loss: 6.131332 | lrm: 1.00 | dt: 1037ms | tok/sec: 31,583 | epoch: 1 | remaining: 209s    
step 00088 (16.6%) | loss: 6.111667 | lrm: 1.00 | dt: 1042ms | tok/sec: 31,442 | epoch: 1 | remaining: 208s    
step 00089 (16.8%) | loss: 6.096723 | lrm: 1.00 | dt: 1044ms | tok/sec: 31,391 | epoch: 1 | remaining: 207s    
step 00090 (17.0%) | loss: 6.074856 | lrm: 1.00 | dt: 1023ms | tok/sec: 32,046 | epoch: 1 | remaining: 206s    
step 00091 (17.2%) | loss: 6.048945 | lrm: 1.00 | dt: 1044ms | tok/sec: 31,387 | epoch: 1 | remaining: 205s    
step 00092 (17.4%) | loss: 6.034058 | lrm: 1.00 | dt: 1016ms | tok/sec: 32,258 | epoch: 1 | remaining: 204s    
step 00093 (17.6%) | loss: 6.018272 | lrm: 1.00 | dt: 1059ms | tok/sec: 30,953 | epoch: 1 | remaining: 203s    
step 00094 (17.8%) | loss: 5.996896 | lrm: 1.00 | dt: 1050ms | tok/sec: 31,193 | epoch: 1 | remaining: 202s    
step 00095 (18.0%) | loss: 5.978414 | lrm: 1.00 | dt: 1050ms | tok/sec: 31,216 | epoch: 1 | remaining: 201s    
step 00096 (18.1%) | loss: 5.954476 | lrm: 1.00 | dt: 1048ms | tok/sec: 31,267 | epoch: 1 | remaining: 200s    
step 00097 (18.3%) | loss: 5.933952 | lrm: 1.00 | dt: 1061ms | tok/sec: 30,888 | epoch: 1 | remaining: 199s    
step 00098 (18.5%) | loss: 5.910359 | lrm: 1.00 | dt: 1058ms | tok/sec: 30,957 | epoch: 1 | remaining: 198s    
step 00099 (18.7%) | loss: 5.886447 | lrm: 1.00 | dt: 1050ms | tok/sec: 31,214 | epoch: 1 | remaining: 197s    
step 00100 (18.9%) | loss: 5.863267 | lrm: 1.00 | dt: 1092ms | tok/sec: 30,008 | epoch: 1 | remaining: 196s    
step 00101 (19.1%) | loss: 5.841938 | lrm: 1.00 | dt: 1108ms | tok/sec: 29,577 | epoch: 1 | remaining: 195s    
step 00102 (19.3%) | loss: 5.821837 | lrm: 1.00 | dt: 1097ms | tok/sec: 29,880 | epoch: 1 | remaining: 193s    
step 00103 (19.5%) | loss: 5.810187 | lrm: 1.00 | dt: 1071ms | tok/sec: 30,609 | epoch: 1 | remaining: 192s    
step 00104 (19.7%) | loss: 5.795795 | lrm: 1.00 | dt: 1081ms | tok/sec: 30,299 | epoch: 1 | remaining: 191s    
step 00105 (19.8%) | loss: 5.775036 | lrm: 1.00 | dt: 1058ms | tok/sec: 30,957 | epoch: 1 | remaining: 190s    
step 00106 (20.0%) | loss: 5.753198 | lrm: 1.00 | dt: 1164ms | tok/sec: 28,144 | epoch: 1 | remaining: 189s    
step 00107 (20.2%) | loss: 5.740641 | lrm: 1.00 | dt: 1094ms | tok/sec: 29,945 | epoch: 1 | remaining: 188s    
step 00108 (20.4%) | loss: 5.722252 | lrm: 1.00 | dt: 1076ms | tok/sec: 30,462 | epoch: 1 | remaining: 187s    
step 00109 (20.6%) | loss: 5.711244 | lrm: 1.00 | dt: 1091ms | tok/sec: 30,022 | epoch: 1 | remaining: 186s    
step 00110 (20.8%) | loss: 5.701169 | lrm: 1.00 | dt: 1097ms | tok/sec: 29,865 | epoch: 1 | remaining: 185s    
step 00111 (21.0%) | loss: 5.676855 | lrm: 1.00 | dt: 1078ms | tok/sec: 30,395 | epoch: 1 | remaining: 184s    
step 00112 (21.2%) | loss: 5.667865 | lrm: 1.00 | dt: 1066ms | tok/sec: 30,728 | epoch: 1 | remaining: 183s    
step 00113 (21.4%) | loss: 5.651214 | lrm: 1.00 | dt: 1075ms | tok/sec: 30,493 | epoch: 1 | remaining: 181s    
step 00114 (21.6%) | loss: 5.638506 | lrm: 1.00 | dt: 1017ms | tok/sec: 32,228 | epoch: 1 | remaining: 180s    
step 00115 (21.7%) | loss: 5.620953 | lrm: 1.00 | dt: 1035ms | tok/sec: 31,660 | epoch: 1 | remaining: 179s    
step 00116 (21.9%) | loss: 5.609991 | lrm: 1.00 | dt: 1050ms | tok/sec: 31,204 | epoch: 1 | remaining: 178s    
step 00117 (22.1%) | loss: 5.593114 | lrm: 1.00 | dt: 1164ms | tok/sec: 28,161 | epoch: 1 | remaining: 177s    
step 00118 (22.3%) | loss: 5.577112 | lrm: 1.00 | dt: 1069ms | tok/sec: 30,666 | epoch: 1 | remaining: 176s    
step 00119 (22.5%) | loss: 5.561688 | lrm: 1.00 | dt: 1067ms | tok/sec: 30,709 | epoch: 1 | remaining: 175s    
step 00120 (22.7%) | loss: 5.547648 | lrm: 1.00 | dt: 1074ms | tok/sec: 30,519 | epoch: 1 | remaining: 174s    
step 00121 (22.9%) | loss: 5.533210 | lrm: 1.00 | dt: 1017ms | tok/sec: 32,224 | epoch: 1 | remaining: 173s    
step 00122 (23.1%) | loss: 5.522113 | lrm: 1.00 | dt: 1041ms | tok/sec: 31,462 | epoch: 1 | remaining: 172s    
step 00123 (23.3%) | loss: 5.513116 | lrm: 1.00 | dt: 1067ms | tok/sec: 30,701 | epoch: 1 | remaining: 171s    
step 00124 (23.4%) | loss: 5.503059 | lrm: 1.00 | dt: 1075ms | tok/sec: 30,486 | epoch: 1 | remaining: 170s    
step 00125 (23.6%) | loss: 5.494326 | lrm: 1.00 | dt: 1041ms | tok/sec: 31,468 | epoch: 1 | remaining: 169s    
step 00126 (23.8%) | loss: 5.481585 | lrm: 1.00 | dt: 1074ms | tok/sec: 30,516 | epoch: 1 | remaining: 168s    
step 00127 (24.0%) | loss: 5.468742 | lrm: 1.00 | dt: 1068ms | tok/sec: 30,678 | epoch: 1 | remaining: 167s    
step 00128 (24.2%) | loss: 5.456914 | lrm: 1.00 | dt: 1109ms | tok/sec: 29,553 | epoch: 1 | remaining: 165s    
step 00129 (24.4%) | loss: 5.446713 | lrm: 1.00 | dt: 1108ms | tok/sec: 29,578 | epoch: 1 | remaining: 164s    
step 00130 (24.6%) | loss: 5.433746 | lrm: 1.00 | dt: 1057ms | tok/sec: 31,004 | epoch: 1 | remaining: 163s    
step 00131 (24.8%) | loss: 5.421239 | lrm: 1.00 | dt: 1035ms | tok/sec: 31,668 | epoch: 1 | remaining: 162s    
step 00132 (25.0%) | loss: 5.416850 | lrm: 1.00 | dt: 1151ms | tok/sec: 28,476 | epoch: 1 | remaining: 161s    
step 00133 (25.1%) | loss: 5.408558 | lrm: 1.00 | dt: 1101ms | tok/sec: 29,774 | epoch: 1 | remaining: 160s    
step 00134 (25.3%) | loss: 5.390551 | lrm: 1.00 | dt: 1090ms | tok/sec: 30,048 | epoch: 1 | remaining: 159s    
step 00135 (25.5%) | loss: 5.375516 | lrm: 1.00 | dt: 1033ms | tok/sec: 31,723 | epoch: 1 | remaining: 158s    
step 00136 (25.7%) | loss: 5.362535 | lrm: 1.00 | dt: 1130ms | tok/sec: 28,987 | epoch: 1 | remaining: 157s    
step 00137 (25.9%) | loss: 5.349041 | lrm: 1.00 | dt: 1087ms | tok/sec: 30,143 | epoch: 1 | remaining: 156s    
step 00138 (26.1%) | loss: 5.350448 | lrm: 1.00 | dt: 1049ms | tok/sec: 31,230 | epoch: 1 | remaining: 155s    
step 00139 (26.3%) | loss: 5.347931 | lrm: 1.00 | dt: 1056ms | tok/sec: 31,041 | epoch: 1 | remaining: 154s    
step 00140 (26.5%) | loss: 5.338026 | lrm: 1.00 | dt: 995ms | tok/sec: 32,924 | epoch: 1 | remaining: 153s    
step 00141 (26.7%) | loss: 5.331591 | lrm: 1.00 | dt: 1248ms | tok/sec: 26,251 | epoch: 1 | remaining: 151s    
step 00142 (26.8%) | loss: 5.320049 | lrm: 1.00 | dt: 1085ms | tok/sec: 30,197 | epoch: 1 | remaining: 150s    
step 00143 (27.0%) | loss: 5.300634 | lrm: 1.00 | dt: 954ms | tok/sec: 34,337 | epoch: 1 | remaining: 149s    
step 00144 (27.2%) | loss: 5.289728 | lrm: 1.00 | dt: 1092ms | tok/sec: 30,016 | epoch: 1 | remaining: 148s    
step 00145 (27.4%) | loss: 5.277869 | lrm: 1.00 | dt: 1195ms | tok/sec: 27,419 | epoch: 1 | remaining: 147s    
step 00146 (27.6%) | loss: 5.273218 | lrm: 1.00 | dt: 1009ms | tok/sec: 32,480 | epoch: 1 | remaining: 146s    
step 00147 (27.8%) | loss: 5.254937 | lrm: 1.00 | dt: 1116ms | tok/sec: 29,373 | epoch: 1 | remaining: 145s    
step 00148 (28.0%) | loss: 5.245881 | lrm: 1.00 | dt: 1091ms | tok/sec: 30,024 | epoch: 1 | remaining: 144s    
step 00149 (28.2%) | loss: 5.241786 | lrm: 1.00 | dt: 1126ms | tok/sec: 29,104 | epoch: 1 | remaining: 143s    
step 00150 (28.4%) | loss: 5.228148 | lrm: 1.00 | dt: 1080ms | tok/sec: 30,340 | epoch: 1 | remaining: 142s    
step 00151 (28.5%) | loss: 5.225280 | lrm: 1.00 | dt: 1068ms | tok/sec: 30,679 | epoch: 1 | remaining: 141s    
step 00152 (28.7%) | loss: 5.218515 | lrm: 1.00 | dt: 1101ms | tok/sec: 29,752 | epoch: 1 | remaining: 139s    
step 00153 (28.9%) | loss: 5.207003 | lrm: 1.00 | dt: 1083ms | tok/sec: 30,256 | epoch: 1 | remaining: 138s    
step 00154 (29.1%) | loss: 5.203394 | lrm: 1.00 | dt: 1134ms | tok/sec: 28,896 | epoch: 1 | remaining: 137s    
step 00155 (29.3%) | loss: 5.199670 | lrm: 1.00 | dt: 1055ms | tok/sec: 31,055 | epoch: 1 | remaining: 136s    
step 00156 (29.5%) | loss: 5.192551 | lrm: 1.00 | dt: 1077ms | tok/sec: 30,411 | epoch: 1 | remaining: 135s    
step 00157 (29.7%) | loss: 5.183086 | lrm: 1.00 | dt: 1066ms | tok/sec: 30,734 | epoch: 1 | remaining: 134s    
step 00158 (29.9%) | loss: 5.171189 | lrm: 1.00 | dt: 980ms | tok/sec: 33,429 | epoch: 1 | remaining: 133s    
step 00159 (30.1%) | loss: 5.170620 | lrm: 1.00 | dt: 1037ms | tok/sec: 31,605 | epoch: 1 | remaining: 132s    
step 00160 (30.2%) | loss: 5.167093 | lrm: 1.00 | dt: 1100ms | tok/sec: 29,790 | epoch: 1 | remaining: 131s    
step 00161 (30.4%) | loss: 5.156972 | lrm: 1.00 | dt: 1075ms | tok/sec: 30,484 | epoch: 1 | remaining: 130s    
step 00162 (30.6%) | loss: 5.145159 | lrm: 1.00 | dt: 1049ms | tok/sec: 31,226 | epoch: 1 | remaining: 129s    
step 00163 (30.8%) | loss: 5.132203 | lrm: 1.00 | dt: 999ms | tok/sec: 32,799 | epoch: 1 | remaining: 128s    
step 00164 (31.0%) | loss: 5.124859 | lrm: 1.00 | dt: 1068ms | tok/sec: 30,671 | epoch: 1 | remaining: 127s    
step 00165 (31.2%) | loss: 5.114759 | lrm: 1.00 | dt: 1081ms | tok/sec: 30,298 | epoch: 1 | remaining: 126s    
step 00166 (31.4%) | loss: 5.105044 | lrm: 1.00 | dt: 1050ms | tok/sec: 31,214 | epoch: 1 | remaining: 125s    
step 00167 (31.6%) | loss: 5.103635 | lrm: 1.00 | dt: 1069ms | tok/sec: 30,661 | epoch: 1 | remaining: 124s    
step 00168 (31.8%) | loss: 5.098560 | lrm: 1.00 | dt: 1039ms | tok/sec: 31,539 | epoch: 1 | remaining: 122s    
step 00169 (31.9%) | loss: 5.098376 | lrm: 1.00 | dt: 1035ms | tok/sec: 31,650 | epoch: 1 | remaining: 121s    
step 00170 (32.1%) | loss: 5.093776 | lrm: 1.00 | dt: 1065ms | tok/sec: 30,773 | epoch: 1 | remaining: 120s    
step 00171 (32.3%) | loss: 5.093987 | lrm: 1.00 | dt: 1034ms | tok/sec: 31,698 | epoch: 1 | remaining: 119s    
step 00172 (32.5%) | loss: 5.077901 | lrm: 1.00 | dt: 1052ms | tok/sec: 31,149 | epoch: 1 | remaining: 118s    
step 00173 (32.7%) | loss: 5.066999 | lrm: 1.00 | dt: 1066ms | tok/sec: 30,729 | epoch: 1 | remaining: 117s    
step 00174 (32.9%) | loss: 5.051031 | lrm: 1.00 | dt: 1049ms | tok/sec: 31,244 | epoch: 1 | remaining: 116s    
step 00175 (33.1%) | loss: 5.042244 | lrm: 1.00 | dt: 1091ms | tok/sec: 30,039 | epoch: 1 | remaining: 115s    
step 00176 (33.3%) | loss: 5.037059 | lrm: 1.00 | dt: 1135ms | tok/sec: 28,862 | epoch: 1 | remaining: 114s    
step 00177 (33.5%) | loss: 5.027999 | lrm: 1.00 | dt: 1050ms | tok/sec: 31,201 | epoch: 1 | remaining: 113s    
step 00178 (33.6%) | loss: 5.017467 | lrm: 1.00 | dt: 1047ms | tok/sec: 31,297 | epoch: 1 | remaining: 112s    
step 00179 (33.8%) | loss: 5.017729 | lrm: 1.00 | dt: 1054ms | tok/sec: 31,095 | epoch: 1 | remaining: 111s    
step 00180 (34.0%) | loss: 5.010191 | lrm: 1.00 | dt: 1071ms | tok/sec: 30,585 | epoch: 1 | remaining: 110s    
step 00181 (34.2%) | loss: 5.001880 | lrm: 1.00 | dt: 1119ms | tok/sec: 29,279 | epoch: 1 | remaining: 109s    
step 00182 (34.4%) | loss: 4.995449 | lrm: 1.00 | dt: 1090ms | tok/sec: 30,068 | epoch: 1 | remaining: 108s    
step 00183 (34.6%) | loss: 4.982121 | lrm: 1.00 | dt: 1085ms | tok/sec: 30,192 | epoch: 1 | remaining: 106s    
step 00184 (34.8%) | loss: 4.967013 | lrm: 1.00 | dt: 1133ms | tok/sec: 28,911 | epoch: 1 | remaining: 105s    
step 00185 (35.0%) | loss: 4.966596 | lrm: 1.00 | dt: 1150ms | tok/sec: 28,505 | epoch: 1 | remaining: 104s    
step 00186 (35.2%) | loss: 4.965562 | lrm: 1.00 | dt: 1058ms | tok/sec: 30,960 | epoch: 1 | remaining: 103s    
step 00187 (35.3%) | loss: 4.952966 | lrm: 1.00 | dt: 1148ms | tok/sec: 28,555 | epoch: 1 | remaining: 102s    
step 00188 (35.5%) | loss: 4.945133 | lrm: 1.00 | dt: 1109ms | tok/sec: 29,552 | epoch: 1 | remaining: 101s    
step 00189 (35.7%) | loss: 4.938689 | lrm: 1.00 | dt: 1062ms | tok/sec: 30,860 | epoch: 1 | remaining: 100s    
step 00190 (35.9%) | loss: 4.929734 | lrm: 1.00 | dt: 965ms | tok/sec: 33,942 | epoch: 1 | remaining: 99s    
step 00191 (36.1%) | loss: 4.934954 | lrm: 1.00 | dt: 1084ms | tok/sec: 30,240 | epoch: 1 | remaining: 98s    
step 00192 (36.3%) | loss: 4.934759 | lrm: 1.00 | dt: 1142ms | tok/sec: 28,704 | epoch: 1 | remaining: 97s    
step 00193 (36.5%) | loss: 4.929390 | lrm: 1.00 | dt: 1050ms | tok/sec: 31,220 | epoch: 1 | remaining: 96s    
step 00194 (36.7%) | loss: 4.931563 | lrm: 1.00 | dt: 1058ms | tok/sec: 30,961 | epoch: 1 | remaining: 94s    
step 00195 (36.9%) | loss: 4.925857 | lrm: 1.00 | dt: 1050ms | tok/sec: 31,197 | epoch: 1 | remaining: 93s    
step 00196 (37.1%) | loss: 4.917618 | lrm: 1.00 | dt: 1124ms | tok/sec: 29,165 | epoch: 1 | remaining: 92s    
step 00197 (37.2%) | loss: 4.914641 | lrm: 1.00 | dt: 1077ms | tok/sec: 30,427 | epoch: 1 | remaining: 91s    
step 00198 (37.4%) | loss: 4.905903 | lrm: 1.00 | dt: 990ms | tok/sec: 33,085 | epoch: 1 | remaining: 90s    
step 00199 (37.6%) | loss: 4.896842 | lrm: 1.00 | dt: 1090ms | tok/sec: 30,072 | epoch: 1 | remaining: 89s    
step 00200 (37.8%) | loss: 4.888156 | lrm: 1.00 | dt: 1167ms | tok/sec: 28,073 | epoch: 1 | remaining: 88s    
step 00201 (38.0%) | loss: 4.873355 | lrm: 1.00 | dt: 1057ms | tok/sec: 30,994 | epoch: 1 | remaining: 87s    
step 00202 (38.2%) | loss: 4.866323 | lrm: 1.00 | dt: 1025ms | tok/sec: 31,956 | epoch: 1 | remaining: 86s    
step 00203 (38.4%) | loss: 4.856856 | lrm: 1.00 | dt: 1019ms | tok/sec: 32,159 | epoch: 1 | remaining: 85s    
step 00204 (38.6%) | loss: 4.849765 | lrm: 1.00 | dt: 1067ms | tok/sec: 30,716 | epoch: 1 | remaining: 84s    
step 00205 (38.8%) | loss: 4.841082 | lrm: 1.00 | dt: 1051ms | tok/sec: 31,170 | epoch: 1 | remaining: 83s    
step 00206 (38.9%) | loss: 4.840819 | lrm: 1.00 | dt: 1029ms | tok/sec: 31,831 | epoch: 1 | remaining: 82s    
step 00207 (39.1%) | loss: 4.831395 | lrm: 1.00 | dt: 1020ms | tok/sec: 32,127 | epoch: 1 | remaining: 81s    
step 00208 (39.3%) | loss: 4.816705 | lrm: 1.00 | dt: 1088ms | tok/sec: 30,126 | epoch: 1 | remaining: 80s    
step 00209 (39.5%) | loss: 4.821113 | lrm: 1.00 | dt: 1067ms | tok/sec: 30,708 | epoch: 1 | remaining: 79s    
step 00210 (39.7%) | loss: 4.810880 | lrm: 1.00 | dt: 1028ms | tok/sec: 31,884 | epoch: 1 | remaining: 78s    
step 00211 (39.9%) | loss: 4.801187 | lrm: 1.00 | dt: 1175ms | tok/sec: 27,889 | epoch: 1 | remaining: 76s    
step 00212 (40.1%) | loss: 4.799438 | lrm: 1.00 | dt: 1082ms | tok/sec: 30,287 | epoch: 1 | remaining: 75s    
step 00213 (40.3%) | loss: 4.802229 | lrm: 1.00 | dt: 1018ms | tok/sec: 32,185 | epoch: 1 | remaining: 74s    
step 00214 (40.5%) | loss: 4.800897 | lrm: 1.00 | dt: 1142ms | tok/sec: 28,703 | epoch: 1 | remaining: 73s    
step 00215 (40.6%) | loss: 4.795649 | lrm: 1.00 | dt: 1066ms | tok/sec: 30,727 | epoch: 1 | remaining: 72s    
step 00216 (40.8%) | loss: 4.797944 | lrm: 1.00 | dt: 1067ms | tok/sec: 30,706 | epoch: 1 | remaining: 71s    
step 00217 (41.0%) | loss: 4.796989 | lrm: 1.00 | dt: 1149ms | tok/sec: 28,511 | epoch: 1 | remaining: 70s    
step 00218 (41.2%) | loss: 4.789786 | lrm: 1.00 | dt: 1067ms | tok/sec: 30,724 | epoch: 1 | remaining: 69s    
step 00219 (41.4%) | loss: 4.784907 | lrm: 1.00 | dt: 1025ms | tok/sec: 31,965 | epoch: 1 | remaining: 68s    
step 00220 (41.6%) | loss: 4.766745 | lrm: 1.00 | dt: 1059ms | tok/sec: 30,931 | epoch: 1 | remaining: 67s    
step 00221 (41.8%) | loss: 4.756776 | lrm: 1.00 | dt: 1089ms | tok/sec: 30,086 | epoch: 1 | remaining: 66s    
step 00222 (42.0%) | loss: 4.754577 | lrm: 1.00 | dt: 1077ms | tok/sec: 30,431 | epoch: 1 | remaining: 65s    
step 00223 (42.2%) | loss: 4.742884 | lrm: 1.00 | dt: 1083ms | tok/sec: 30,254 | epoch: 1 | remaining: 63s    
step 00224 (42.3%) | loss: 4.733315 | lrm: 1.00 | dt: 1074ms | tok/sec: 30,514 | epoch: 1 | remaining: 62s    
step 00225 (42.5%) | loss: 4.726866 | lrm: 1.00 | dt: 1108ms | tok/sec: 29,567 | epoch: 1 | remaining: 61s    
step 00226 (42.7%) | loss: 4.721156 | lrm: 1.00 | dt: 1076ms | tok/sec: 30,450 | epoch: 1 | remaining: 60s    
step 00227 (42.9%) | loss: 4.718109 | lrm: 1.00 | dt: 1058ms | tok/sec: 30,977 | epoch: 1 | remaining: 59s    
step 00228 (43.1%) | loss: 4.709571 | lrm: 1.00 | dt: 1126ms | tok/sec: 29,095 | epoch: 1 | remaining: 58s    
step 00229 (43.3%) | loss: 4.700205 | lrm: 1.00 | dt: 1076ms | tok/sec: 30,466 | epoch: 1 | remaining: 57s    
step 00230 (43.5%) | loss: 4.694570 | lrm: 1.00 | dt: 1007ms | tok/sec: 32,550 | epoch: 1 | remaining: 56s    
step 00231 (43.7%) | loss: 4.681744 | lrm: 1.00 | dt: 1066ms | tok/sec: 30,727 | epoch: 1 | remaining: 55s    
step 00232 (43.9%) | loss: 4.674450 | lrm: 1.00 | dt: 1158ms | tok/sec: 28,301 | epoch: 1 | remaining: 54s    
step 00233 (44.0%) | loss: 4.676619 | lrm: 1.00 | dt: 1016ms | tok/sec: 32,252 | epoch: 1 | remaining: 53s    
step 00234 (44.2%) | loss: 4.672744 | lrm: 1.00 | dt: 1083ms | tok/sec: 30,245 | epoch: 1 | remaining: 52s    
step 00235 (44.4%) | loss: 4.665548 | lrm: 1.00 | dt: 1036ms | tok/sec: 31,638 | epoch: 1 | remaining: 51s    
step 00236 (44.6%) | loss: 4.663398 | lrm: 1.00 | dt: 979ms | tok/sec: 33,456 | epoch: 1 | remaining: 50s    
step 00237 (44.8%) | loss: 4.661763 | lrm: 1.00 | dt: 1020ms | tok/sec: 32,132 | epoch: 1 | remaining: 49s    
step 00238 (45.0%) | loss: 4.653318 | lrm: 1.00 | dt: 1075ms | tok/sec: 30,472 | epoch: 1 | remaining: 47s    
step 00239 (45.2%) | loss: 4.652900 | lrm: 1.00 | dt: 1063ms | tok/sec: 30,811 | epoch: 1 | remaining: 46s    
step 00240 (45.4%) | loss: 4.655816 | lrm: 1.00 | dt: 1019ms | tok/sec: 32,149 | epoch: 1 | remaining: 45s    
step 00241 (45.6%) | loss: 4.652123 | lrm: 1.00 | dt: 1092ms | tok/sec: 30,016 | epoch: 1 | remaining: 44s    
step 00242 (45.7%) | loss: 4.647855 | lrm: 1.00 | dt: 1140ms | tok/sec: 28,752 | epoch: 1 | remaining: 43s    
step 00243 (45.9%) | loss: 4.630107 | lrm: 1.00 | dt: 1019ms | tok/sec: 32,171 | epoch: 1 | remaining: 42s    
step 00244 (46.1%) | loss: 4.626713 | lrm: 1.00 | dt: 1125ms | tok/sec: 29,134 | epoch: 1 | remaining: 41s    
step 00245 (46.3%) | loss: 4.627125 | lrm: 1.00 | dt: 1059ms | tok/sec: 30,950 | epoch: 1 | remaining: 40s    
step 00246 (46.5%) | loss: 4.612570 | lrm: 1.00 | dt: 1074ms | tok/sec: 30,513 | epoch: 1 | remaining: 39s    
step 00247 (46.7%) | loss: 4.602212 | lrm: 1.00 | dt: 1084ms | tok/sec: 30,217 | epoch: 1 | remaining: 38s    
step 00248 (46.9%) | loss: 4.604559 | lrm: 1.00 | dt: 1009ms | tok/sec: 32,488 | epoch: 1 | remaining: 37s    
step 00249 (47.1%) | loss: 4.599738 | lrm: 1.00 | dt: 1066ms | tok/sec: 30,729 | epoch: 1 | remaining: 36s    
step 00250 (47.3%) | loss: 4.589575 | lrm: 1.00 | dt: 1057ms | tok/sec: 31,007 | epoch: 1 | remaining: 35s    
step 00251 (47.4%) | loss: 4.582216 | lrm: 1.00 | dt: 1127ms | tok/sec: 29,075 | epoch: 1 | remaining: 34s    
step 00252 (47.6%) | loss: 4.568152 | lrm: 1.00 | dt: 1057ms | tok/sec: 31,001 | epoch: 1 | remaining: 32s    
step 00253 (47.8%) | loss: 4.558830 | lrm: 1.00 | dt: 1042ms | tok/sec: 31,446 | epoch: 1 | remaining: 31s    
step 00254 (48.0%) | loss: 4.550247 | lrm: 1.00 | dt: 1117ms | tok/sec: 29,333 | epoch: 1 | remaining: 30s    
step 00255 (48.2%) | loss: 4.540609 | lrm: 1.00 | dt: 1081ms | tok/sec: 30,305 | epoch: 1 | remaining: 29s    
step 00256 (48.4%) | loss: 4.533242 | lrm: 1.00 | dt: 1069ms | tok/sec: 30,653 | epoch: 1 | remaining: 28s    
step 00257 (48.6%) | loss: 4.519124 | lrm: 1.00 | dt: 1099ms | tok/sec: 29,803 | epoch: 1 | remaining: 27s    
step 00258 (48.8%) | loss: 4.511918 | lrm: 1.00 | dt: 1065ms | tok/sec: 30,768 | epoch: 1 | remaining: 26s    
step 00259 (49.0%) | loss: 4.507265 | lrm: 1.00 | dt: 1053ms | tok/sec: 31,130 | epoch: 1 | remaining: 25s    
step 00260 (49.1%) | loss: 4.505715 | lrm: 1.00 | dt: 1030ms | tok/sec: 31,814 | epoch: 1 | remaining: 24s    
step 00261 (49.3%) | loss: 4.498148 | lrm: 1.00 | dt: 1075ms | tok/sec: 30,471 | epoch: 1 | remaining: 23s    
step 00262 (49.5%) | loss: 4.500078 | lrm: 1.00 | dt: 1093ms | tok/sec: 29,966 | epoch: 1 | remaining: 22s    
step 00263 (49.7%) | loss: 4.501848 | lrm: 1.00 | dt: 1075ms | tok/sec: 30,476 | epoch: 1 | remaining: 21s    
step 00264 (49.9%) | loss: 4.503219 | lrm: 1.00 | dt: 1066ms | tok/sec: 30,749 | epoch: 1 | remaining: 20s    
step 00265 (50.1%) | loss: 4.510229 | lrm: 1.00 | dt: 1091ms | tok/sec: 30,022 | epoch: 1 | remaining: 19s    
step 00266 (50.3%) | loss: 4.502666 | lrm: 0.99 | dt: 1051ms | tok/sec: 31,185 | epoch: 1 | remaining: 17s    
step 00267 (50.5%) | loss: 4.498976 | lrm: 0.99 | dt: 1040ms | tok/sec: 31,494 | epoch: 1 | remaining: 16s    
step 00268 (50.7%) | loss: 4.487463 | lrm: 0.99 | dt: 1018ms | tok/sec: 32,190 | epoch: 1 | remaining: 15s    
step 00269 (50.9%) | loss: 4.485684 | lrm: 0.98 | dt: 1075ms | tok/sec: 30,492 | epoch: 1 | remaining: 14s    
step 00270 (51.0%) | loss: 4.478622 | lrm: 0.98 | dt: 1067ms | tok/sec: 30,707 | epoch: 1 | remaining: 13s    
step 00271 (51.2%) | loss: 4.472447 | lrm: 0.98 | dt: 1048ms | tok/sec: 31,274 | epoch: 1 | remaining: 12s    
step 00272 (51.4%) | loss: 4.470724 | lrm: 0.97 | dt: 1025ms | tok/sec: 31,982 | epoch: 1 | remaining: 11s    
step 00273 (51.6%) | loss: 4.473569 | lrm: 0.97 | dt: 1051ms | tok/sec: 31,177 | epoch: 1 | remaining: 10s    
step 00274 (51.8%) | loss: 4.469753 | lrm: 0.96 | dt: 1048ms | tok/sec: 31,268 | epoch: 1 | remaining: 9s    
step 00275 (52.0%) | loss: 4.461280 | lrm: 0.96 | dt: 1009ms | tok/sec: 32,482 | epoch: 1 | remaining: 8s    
step 00276 (52.2%) | loss: 4.453368 | lrm: 0.96 | dt: 1043ms | tok/sec: 31,425 | epoch: 1 | remaining: 7s    
step 00277 (52.4%) | loss: 4.444085 | lrm: 0.95 | dt: 1018ms | tok/sec: 32,191 | epoch: 1 | remaining: 6s    
step 00278 (52.6%) | loss: 4.440586 | lrm: 0.95 | dt: 1041ms | tok/sec: 31,485 | epoch: 1 | remaining: 5s    
step 00279 (52.7%) | loss: 4.448444 | lrm: 0.95 | dt: 1031ms | tok/sec: 31,771 | epoch: 1 | remaining: 4s    
step 00280 (52.9%) | loss: 4.438954 | lrm: 0.94 | dt: 1028ms | tok/sec: 31,880 | epoch: 1 | remaining: 3s    
step 00281 (53.1%) | loss: 4.434889 | lrm: 0.94 | dt: 1017ms | tok/sec: 32,234 | epoch: 1 | remaining: 2s    
step 00282 (53.3%) | loss: 4.428039 | lrm: 0.93 | dt: 1051ms | tok/sec: 31,191 | epoch: 1 | remaining: 1s    
step 00283 (53.5%) | loss: 4.416652 | lrm: 0.93 | dt: 1114ms | tok/sec: 29,414 | epoch: 1 | remaining: 0s    
step 00284 (53.7%) | loss: 4.407689 | lrm: 0.93 | dt: 1058ms | tok/sec: 30,968 | epoch: 1 | remaining: 0s    
step 00285 (53.9%) | loss: 4.401233 | lrm: 0.92 | dt: 969ms | tok/sec: 33,822 | epoch: 1 | remaining: 0s    
step 00286 (54.1%) | loss: 4.393699 | lrm: 0.92 | dt: 1001ms | tok/sec: 32,740 | epoch: 1 | remaining: 0s    
step 00287 (54.3%) | loss: 4.397009 | lrm: 0.91 | dt: 1058ms | tok/sec: 30,981 | epoch: 1 | remaining: 0s    
step 00288 (54.4%) | loss: 4.383281 | lrm: 0.91 | dt: 1016ms | tok/sec: 32,244 | epoch: 1 | remaining: 0s    
step 00289 (54.6%) | loss: 4.380668 | lrm: 0.91 | dt: 1039ms | tok/sec: 31,529 | epoch: 1 | remaining: 0s    
step 00290 (54.8%) | loss: 4.361685 | lrm: 0.90 | dt: 1028ms | tok/sec: 31,880 | epoch: 1 | remaining: 0s    
step 00291 (55.0%) | loss: 4.352317 | lrm: 0.90 | dt: 1001ms | tok/sec: 32,746 | epoch: 1 | remaining: 0s    
step 00292 (55.2%) | loss: 4.343148 | lrm: 0.90 | dt: 1239ms | tok/sec: 26,447 | epoch: 1 | remaining: 0s    
step 00293 (55.4%) | loss: 4.347186 | lrm: 0.89 | dt: 1069ms | tok/sec: 30,650 | epoch: 1 | remaining: 0s    
step 00294 (55.6%) | loss: 4.346093 | lrm: 0.89 | dt: 1066ms | tok/sec: 30,752 | epoch: 1 | remaining: 0s    
step 00295 (55.8%) | loss: 4.339132 | lrm: 0.88 | dt: 1049ms | tok/sec: 31,251 | epoch: 1 | remaining: 0s    
step 00296 (56.0%) | loss: 4.335287 | lrm: 0.88 | dt: 1025ms | tok/sec: 31,972 | epoch: 1 | remaining: 0s    
step 00297 (56.1%) | loss: 4.325823 | lrm: 0.88 | dt: 1177ms | tok/sec: 27,834 | epoch: 1 | remaining: 0s    
step 00298 (56.3%) | loss: 4.318936 | lrm: 0.87 | dt: 1092ms | tok/sec: 30,017 | epoch: 1 | remaining: 0s    
step 00299 (56.5%) | loss: 4.314047 | lrm: 0.87 | dt: 1048ms | tok/sec: 31,270 | epoch: 1 | remaining: 0s    
step 00300 (56.7%) | loss: 4.321215 | lrm: 0.87 | dt: 1061ms | tok/sec: 30,884 | epoch: 1 | remaining: 0s    
step 00301 (56.9%) | loss: 4.330304 | lrm: 0.86 | dt: 1109ms | tok/sec: 29,555 | epoch: 1 | remaining: 0s    
step 00302 (57.1%) | loss: 4.326959 | lrm: 0.86 | dt: 1033ms | tok/sec: 31,735 | epoch: 1 | remaining: 0s    
step 00303 (57.3%) | loss: 4.322769 | lrm: 0.85 | dt: 1082ms | tok/sec: 30,279 | epoch: 1 | remaining: 0s    
step 00304 (57.5%) | loss: 4.322744 | lrm: 0.85 | dt: 1109ms | tok/sec: 29,553 | epoch: 1 | remaining: 0s    
step 00305 (57.7%) | loss: 4.324197 | lrm: 0.85 | dt: 1067ms | tok/sec: 30,707 | epoch: 1 | remaining: 0s    
step 00306 (57.8%) | loss: 4.311116 | lrm: 0.84 | dt: 1016ms | tok/sec: 32,250 | epoch: 1 | remaining: 0s    
step 00307 (58.0%) | loss: 4.301875 | lrm: 0.84 | dt: 1050ms | tok/sec: 31,193 | epoch: 1 | remaining: 0s    
step 00308 (58.2%) | loss: 4.292287 | lrm: 0.84 | dt: 1067ms | tok/sec: 30,716 | epoch: 1 | remaining: 0s    
step 00309 (58.4%) | loss: 4.285978 | lrm: 0.83 | dt: 1072ms | tok/sec: 30,560 | epoch: 1 | remaining: 0s    
step 00310 (58.6%) | loss: 4.277380 | lrm: 0.83 | dt: 1012ms | tok/sec: 32,385 | epoch: 1 | remaining: 0s    
step 00311 (58.8%) | loss: 4.276370 | lrm: 0.82 | dt: 1047ms | tok/sec: 31,300 | epoch: 1 | remaining: 0s    
step 00312 (59.0%) | loss: 4.283768 | lrm: 0.82 | dt: 1060ms | tok/sec: 30,904 | epoch: 1 | remaining: 0s    
step 00313 (59.2%) | loss: 4.274747 | lrm: 0.82 | dt: 1059ms | tok/sec: 30,954 | epoch: 1 | remaining: 0s    
step 00314 (59.4%) | loss: 4.264180 | lrm: 0.81 | dt: 1050ms | tok/sec: 31,214 | epoch: 1 | remaining: 0s    
step 00315 (59.5%) | loss: 4.260574 | lrm: 0.81 | dt: 1058ms | tok/sec: 30,963 | epoch: 1 | remaining: 0s    
step 00316 (59.7%) | loss: 4.257940 | lrm: 0.81 | dt: 1050ms | tok/sec: 31,199 | epoch: 1 | remaining: 0s    
step 00317 (59.9%) | loss: 4.256751 | lrm: 0.80 | dt: 1075ms | tok/sec: 30,492 | epoch: 1 | remaining: 0s    
step 00318 (60.1%) | loss: 4.243606 | lrm: 0.80 | dt: 1067ms | tok/sec: 30,724 | epoch: 1 | remaining: 0s    
step 00319 (60.3%) | loss: 4.232404 | lrm: 0.79 | dt: 1000ms | tok/sec: 32,758 | epoch: 1 | remaining: 0s    
step 00320 (60.5%) | loss: 4.229729 | lrm: 0.79 | dt: 1075ms | tok/sec: 30,487 | epoch: 1 | remaining: 0s    
step 00321 (60.7%) | loss: 4.225542 | lrm: 0.79 | dt: 1090ms | tok/sec: 30,063 | epoch: 1 | remaining: 0s    
step 00322 (60.9%) | loss: 4.222689 | lrm: 0.78 | dt: 1074ms | tok/sec: 30,518 | epoch: 1 | remaining: 0s    
step 00323 (61.1%) | loss: 4.220633 | lrm: 0.78 | dt: 1053ms | tok/sec: 31,122 | epoch: 1 | remaining: 0s    
step 00324 (61.2%) | loss: 4.216200 | lrm: 0.78 | dt: 983ms | tok/sec: 33,346 | epoch: 1 | remaining: 0s    
step 00325 (61.4%) | loss: 4.214426 | lrm: 0.77 | dt: 1034ms | tok/sec: 31,683 | epoch: 1 | remaining: 0s    
step 00326 (61.6%) | loss: 4.210503 | lrm: 0.77 | dt: 1075ms | tok/sec: 30,491 | epoch: 1 | remaining: 0s    
step 00327 (61.8%) | loss: 4.205626 | lrm: 0.76 | dt: 1083ms | tok/sec: 30,250 | epoch: 1 | remaining: 0s    
step 00328 (62.0%) | loss: 4.208061 | lrm: 0.76 | dt: 1067ms | tok/sec: 30,721 | epoch: 1 | remaining: 0s    
step 00329 (62.2%) | loss: 4.210921 | lrm: 0.76 | dt: 1024ms | tok/sec: 31,987 | epoch: 1 | remaining: 0s    
step 00330 (62.4%) | loss: 4.209365 | lrm: 0.75 | dt: 1024ms | tok/sec: 31,998 | epoch: 1 | remaining: 0s    
step 00331 (62.6%) | loss: 4.199819 | lrm: 0.75 | dt: 1048ms | tok/sec: 31,264 | epoch: 1 | remaining: 0s    
step 00332 (62.8%) | loss: 4.204518 | lrm: 0.74 | dt: 1062ms | tok/sec: 30,848 | epoch: 1 | remaining: 0s    
step 00333 (62.9%) | loss: 4.192177 | lrm: 0.74 | dt: 1063ms | tok/sec: 30,813 | epoch: 1 | remaining: 0s    
step 00334 (63.1%) | loss: 4.188711 | lrm: 0.74 | dt: 1077ms | tok/sec: 30,424 | epoch: 1 | remaining: 0s    
step 00335 (63.3%) | loss: 4.188677 | lrm: 0.73 | dt: 1067ms | tok/sec: 30,704 | epoch: 1 | remaining: 0s    
step 00336 (63.5%) | loss: 4.184954 | lrm: 0.73 | dt: 1411ms | tok/sec: 23,220 | epoch: 1 | remaining: 0s    
step 00337 (63.7%) | loss: 4.180098 | lrm: 0.73 | dt: 769ms | tok/sec: 42,625 | epoch: 1 | remaining: 0s    
step 00338 (63.9%) | loss: 4.181984 | lrm: 0.72 | dt: 876ms | tok/sec: 37,415 | epoch: 1 | remaining: 0s    
step 00339 (64.1%) | loss: 4.180521 | lrm: 0.72 | dt: 1160ms | tok/sec: 28,253 | epoch: 1 | remaining: 0s    
step 00340 (64.3%) | loss: 4.171241 | lrm: 0.71 | dt: 1226ms | tok/sec: 26,721 | epoch: 1 | remaining: 0s    
step 00341 (64.5%) | loss: 4.160429 | lrm: 0.71 | dt: 974ms | tok/sec: 33,643 | epoch: 1 | remaining: 0s    
step 00342 (64.7%) | loss: 4.167409 | lrm: 0.71 | dt: 1010ms | tok/sec: 32,429 | epoch: 1 | remaining: 0s    
step 00343 (64.8%) | loss: 4.161672 | lrm: 0.70 | dt: 1107ms | tok/sec: 29,600 | epoch: 1 | remaining: 0s    
step 00344 (65.0%) | loss: 4.153444 | lrm: 0.70 | dt: 1089ms | tok/sec: 30,077 | epoch: 1 | remaining: 0s    
step 00345 (65.2%) | loss: 4.157718 | lrm: 0.70 | dt: 1027ms | tok/sec: 31,891 | epoch: 1 | remaining: 0s    
step 00346 (65.4%) | loss: 4.153658 | lrm: 0.69 | dt: 946ms | tok/sec: 34,640 | epoch: 1 | remaining: 0s    
step 00347 (65.6%) | loss: 4.151788 | lrm: 0.69 | dt: 1012ms | tok/sec: 32,380 | epoch: 1 | remaining: 0s    
step 00348 (65.8%) | loss: 4.155717 | lrm: 0.68 | dt: 1100ms | tok/sec: 29,797 | epoch: 1 | remaining: 0s    
step 00349 (66.0%) | loss: 4.146738 | lrm: 0.68 | dt: 1092ms | tok/sec: 30,018 | epoch: 1 | remaining: 0s    
step 00350 (66.2%) | loss: 4.139674 | lrm: 0.68 | dt: 1074ms | tok/sec: 30,498 | epoch: 1 | remaining: 0s    
step 00351 (66.4%) | loss: 4.135058 | lrm: 0.67 | dt: 1066ms | tok/sec: 30,726 | epoch: 1 | remaining: 0s    
step 00352 (66.5%) | loss: 4.137289 | lrm: 0.67 | dt: 967ms | tok/sec: 33,873 | epoch: 1 | remaining: 0s    
step 00353 (66.7%) | loss: 4.132656 | lrm: 0.67 | dt: 1059ms | tok/sec: 30,933 | epoch: 1 | remaining: 0s    
step 00354 (66.9%) | loss: 4.123938 | lrm: 0.66 | dt: 1146ms | tok/sec: 28,595 | epoch: 1 | remaining: 0s    
step 00355 (67.1%) | loss: 4.129765 | lrm: 0.66 | dt: 1020ms | tok/sec: 32,138 | epoch: 1 | remaining: 0s    
step 00356 (67.3%) | loss: 4.127453 | lrm: 0.65 | dt: 1100ms | tok/sec: 29,797 | epoch: 1 | remaining: 0s    
step 00357 (67.5%) | loss: 4.128134 | lrm: 0.65 | dt: 1084ms | tok/sec: 30,241 | epoch: 1 | remaining: 0s    
step 00358 (67.7%) | loss: 4.131600 | lrm: 0.65 | dt: 1058ms | tok/sec: 30,963 | epoch: 1 | remaining: 0s    
step 00359 (67.9%) | loss: 4.138534 | lrm: 0.64 | dt: 1058ms | tok/sec: 30,976 | epoch: 1 | remaining: 0s    
step 00360 (68.1%) | loss: 4.146664 | lrm: 0.64 | dt: 1073ms | tok/sec: 30,537 | epoch: 1 | remaining: 0s    
step 00361 (68.2%) | loss: 4.145831 | lrm: 0.64 | dt: 960ms | tok/sec: 34,132 | epoch: 1 | remaining: 0s    
step 00362 (68.4%) | loss: 4.142750 | lrm: 0.63 | dt: 1051ms | tok/sec: 31,189 | epoch: 1 | remaining: 0s    
step 00363 (68.6%) | loss: 4.134622 | lrm: 0.63 | dt: 1068ms | tok/sec: 30,673 | epoch: 1 | remaining: 0s    
step 00364 (68.8%) | loss: 4.115773 | lrm: 0.62 | dt: 1071ms | tok/sec: 30,599 | epoch: 1 | remaining: 0s    
step 00365 (69.0%) | loss: 4.109580 | lrm: 0.62 | dt: 1019ms | tok/sec: 32,160 | epoch: 1 | remaining: 0s    
step 00366 (69.2%) | loss: 4.104760 | lrm: 0.62 | dt: 1100ms | tok/sec: 29,785 | epoch: 1 | remaining: 0s    
step 00367 (69.4%) | loss: 4.099239 | lrm: 0.61 | dt: 1066ms | tok/sec: 30,730 | epoch: 1 | remaining: 0s    
step 00368 (69.6%) | loss: 4.094933 | lrm: 0.61 | dt: 1052ms | tok/sec: 31,160 | epoch: 1 | remaining: 0s    
step 00369 (69.8%) | loss: 4.101042 | lrm: 0.60 | dt: 1057ms | tok/sec: 30,994 | epoch: 1 | remaining: 0s    
step 00370 (69.9%) | loss: 4.100128 | lrm: 0.60 | dt: 1117ms | tok/sec: 29,326 | epoch: 1 | remaining: 0s    
step 00371 (70.1%) | loss: 4.091873 | lrm: 0.60 | dt: 1041ms | tok/sec: 31,489 | epoch: 1 | remaining: 0s    
step 00372 (70.3%) | loss: 4.088532 | lrm: 0.59 | dt: 1058ms | tok/sec: 30,957 | epoch: 1 | remaining: 0s    
step 00373 (70.5%) | loss: 4.091422 | lrm: 0.59 | dt: 1058ms | tok/sec: 30,968 | epoch: 1 | remaining: 0s    
step 00374 (70.7%) | loss: 4.088731 | lrm: 0.59 | dt: 1100ms | tok/sec: 29,789 | epoch: 1 | remaining: 0s    
step 00375 (70.9%) | loss: 4.082597 | lrm: 0.58 | dt: 1101ms | tok/sec: 29,763 | epoch: 1 | remaining: 0s    
step 00376 (71.1%) | loss: 4.078788 | lrm: 0.58 | dt: 1091ms | tok/sec: 30,047 | epoch: 1 | remaining: 0s    
step 00377 (71.3%) | loss: 4.090367 | lrm: 0.57 | dt: 1067ms | tok/sec: 30,719 | epoch: 1 | remaining: 0s    
step 00378 (71.5%) | loss: 4.078768 | lrm: 0.57 | dt: 973ms | tok/sec: 33,660 | epoch: 1 | remaining: 0s    
step 00379 (71.6%) | loss: 4.082055 | lrm: 0.57 | dt: 1068ms | tok/sec: 30,679 | epoch: 1 | remaining: 0s    
step 00380 (71.8%) | loss: 4.078925 | lrm: 0.56 | dt: 1076ms | tok/sec: 30,465 | epoch: 1 | remaining: 0s    
step 00381 (72.0%) | loss: 4.075073 | lrm: 0.56 | dt: 1091ms | tok/sec: 30,029 | epoch: 1 | remaining: 0s    
step 00382 (72.2%) | loss: 4.067625 | lrm: 0.56 | dt: 1024ms | tok/sec: 31,992 | epoch: 1 | remaining: 0s    
step 00383 (72.4%) | loss: 4.066698 | lrm: 0.55 | dt: 998ms | tok/sec: 32,823 | epoch: 1 | remaining: 0s    
step 00384 (72.6%) | loss: 4.063480 | lrm: 0.55 | dt: 1061ms | tok/sec: 30,893 | epoch: 1 | remaining: 0s    
step 00385 (72.8%) | loss: 4.059167 | lrm: 0.54 | dt: 1058ms | tok/sec: 30,972 | epoch: 1 | remaining: 0s    
step 00386 (73.0%) | loss: 4.059474 | lrm: 0.54 | dt: 1058ms | tok/sec: 30,960 | epoch: 1 | remaining: 0s    
step 00387 (73.2%) | loss: 4.049195 | lrm: 0.54 | dt: 1066ms | tok/sec: 30,731 | epoch: 1 | remaining: 0s    
step 00388 (73.3%) | loss: 4.039254 | lrm: 0.53 | dt: 1016ms | tok/sec: 32,240 | epoch: 1 | remaining: 0s    
step 00389 (73.5%) | loss: 4.035644 | lrm: 0.53 | dt: 1026ms | tok/sec: 31,942 | epoch: 1 | remaining: 0s    
step 00390 (73.7%) | loss: 4.030775 | lrm: 0.53 | dt: 1041ms | tok/sec: 31,478 | epoch: 1 | remaining: 0s    
step 00391 (73.9%) | loss: 4.040061 | lrm: 0.52 | dt: 1025ms | tok/sec: 31,957 | epoch: 1 | remaining: 0s    
step 00392 (74.1%) | loss: 4.035249 | lrm: 0.52 | dt: 1058ms | tok/sec: 30,962 | epoch: 1 | remaining: 0s    
step 00393 (74.3%) | loss: 4.035224 | lrm: 0.51 | dt: 1063ms | tok/sec: 30,815 | epoch: 1 | remaining: 0s    
step 00394 (74.5%) | loss: 4.040762 | lrm: 0.51 | dt: 1112ms | tok/sec: 29,480 | epoch: 1 | remaining: 0s    
step 00395 (74.7%) | loss: 4.039487 | lrm: 0.51 | dt: 1049ms | tok/sec: 31,240 | epoch: 1 | remaining: 0s    
step 00396 (74.9%) | loss: 4.027092 | lrm: 0.50 | dt: 1042ms | tok/sec: 31,434 | epoch: 1 | remaining: 0s    
step 00397 (75.0%) | loss: 4.033106 | lrm: 0.50 | dt: 1051ms | tok/sec: 31,170 | epoch: 1 | remaining: 0s    
step 00398 (75.2%) | loss: 4.030390 | lrm: 0.50 | dt: 1063ms | tok/sec: 30,838 | epoch: 1 | remaining: 0s    
step 00399 (75.4%) | loss: 4.031684 | lrm: 0.49 | dt: 1120ms | tok/sec: 29,262 | epoch: 1 | remaining: 0s    
step 00400 (75.6%) | loss: 4.025219 | lrm: 0.49 | dt: 1067ms | tok/sec: 30,701 | epoch: 1 | remaining: 0s    
step 00401 (75.8%) | loss: 4.018580 | lrm: 0.48 | dt: 1045ms | tok/sec: 31,342 | epoch: 1 | remaining: 0s    
step 00402 (76.0%) | loss: 4.013635 | lrm: 0.48 | dt: 995ms | tok/sec: 32,939 | epoch: 1 | remaining: 0s    
step 00403 (76.2%) | loss: 4.021793 | lrm: 0.48 | dt: 1064ms | tok/sec: 30,794 | epoch: 1 | remaining: 0s    
step 00404 (76.4%) | loss: 4.023904 | lrm: 0.47 | dt: 1120ms | tok/sec: 29,267 | epoch: 1 | remaining: 0s    
step 00405 (76.6%) | loss: 4.019914 | lrm: 0.47 | dt: 1059ms | tok/sec: 30,956 | epoch: 1 | remaining: 0s    
step 00406 (76.7%) | loss: 4.029856 | lrm: 0.47 | dt: 1080ms | tok/sec: 30,344 | epoch: 1 | remaining: 0s    
step 00407 (76.9%) | loss: 4.029101 | lrm: 0.46 | dt: 1095ms | tok/sec: 29,929 | epoch: 1 | remaining: 0s    
step 00408 (77.1%) | loss: 4.010778 | lrm: 0.46 | dt: 1066ms | tok/sec: 30,726 | epoch: 1 | remaining: 0s    
step 00409 (77.3%) | loss: 4.006677 | lrm: 0.45 | dt: 1058ms | tok/sec: 30,957 | epoch: 1 | remaining: 0s    
step 00410 (77.5%) | loss: 3.994867 | lrm: 0.45 | dt: 1067ms | tok/sec: 30,721 | epoch: 1 | remaining: 0s    
step 00411 (77.7%) | loss: 3.991186 | lrm: 0.45 | dt: 1083ms | tok/sec: 30,247 | epoch: 1 | remaining: 0s    
step 00412 (77.9%) | loss: 3.981345 | lrm: 0.44 | dt: 1092ms | tok/sec: 30,016 | epoch: 1 | remaining: 0s    
step 00413 (78.1%) | loss: 3.975705 | lrm: 0.44 | dt: 1059ms | tok/sec: 30,950 | epoch: 1 | remaining: 0s    
step 00414 (78.3%) | loss: 3.976227 | lrm: 0.43 | dt: 1049ms | tok/sec: 31,235 | epoch: 1 | remaining: 0s    
step 00415 (78.4%) | loss: 3.977662 | lrm: 0.43 | dt: 1032ms | tok/sec: 31,752 | epoch: 1 | remaining: 0s    
step 00416 (78.6%) | loss: 3.978686 | lrm: 0.43 | dt: 1068ms | tok/sec: 30,668 | epoch: 1 | remaining: 0s    
step 00417 (78.8%) | loss: 3.977372 | lrm: 0.42 | dt: 1133ms | tok/sec: 28,911 | epoch: 1 | remaining: 0s    
step 00418 (79.0%) | loss: 3.970639 | lrm: 0.42 | dt: 1067ms | tok/sec: 30,721 | epoch: 1 | remaining: 0s    
step 00419 (79.2%) | loss: 3.970283 | lrm: 0.42 | dt: 1065ms | tok/sec: 30,753 | epoch: 1 | remaining: 0s    
step 00420 (79.4%) | loss: 3.972875 | lrm: 0.41 | dt: 1059ms | tok/sec: 30,938 | epoch: 1 | remaining: 0s    
step 00421 (79.6%) | loss: 3.967509 | lrm: 0.41 | dt: 1085ms | tok/sec: 30,203 | epoch: 1 | remaining: 0s    
step 00422 (79.8%) | loss: 3.965064 | lrm: 0.40 | dt: 1106ms | tok/sec: 29,618 | epoch: 1 | remaining: 0s    
step 00423 (80.0%) | loss: 3.953677 | lrm: 0.40 | dt: 1068ms | tok/sec: 30,687 | epoch: 1 | remaining: 0s    
step 00424 (80.2%) | loss: 3.951424 | lrm: 0.40 | dt: 1082ms | tok/sec: 30,270 | epoch: 1 | remaining: 0s    
step 00425 (80.3%) | loss: 3.948636 | lrm: 0.39 | dt: 1058ms | tok/sec: 30,962 | epoch: 1 | remaining: 0s    
step 00426 (80.5%) | loss: 3.943184 | lrm: 0.39 | dt: 1072ms | tok/sec: 30,567 | epoch: 1 | remaining: 0s    
step 00427 (80.7%) | loss: 3.949307 | lrm: 0.39 | dt: 1127ms | tok/sec: 29,075 | epoch: 1 | remaining: 0s    
step 00428 (80.9%) | loss: 3.948809 | lrm: 0.38 | dt: 1051ms | tok/sec: 31,182 | epoch: 1 | remaining: 0s    
step 00429 (81.1%) | loss: 3.945471 | lrm: 0.38 | dt: 1074ms | tok/sec: 30,500 | epoch: 1 | remaining: 0s    
step 00430 (81.3%) | loss: 3.955532 | lrm: 0.37 | dt: 1040ms | tok/sec: 31,501 | epoch: 1 | remaining: 0s    
step 00431 (81.5%) | loss: 3.953122 | lrm: 0.37 | dt: 1074ms | tok/sec: 30,505 | epoch: 1 | remaining: 0s    
step 00432 (81.7%) | loss: 3.954503 | lrm: 0.37 | dt: 1052ms | tok/sec: 31,142 | epoch: 1 | remaining: 0s    
step 00433 (81.9%) | loss: 3.952884 | lrm: 0.36 | dt: 1067ms | tok/sec: 30,703 | epoch: 1 | remaining: 0s    
step 00434 (82.0%) | loss: 3.942848 | lrm: 0.36 | dt: 1108ms | tok/sec: 29,578 | epoch: 1 | remaining: 0s    
step 00435 (82.2%) | loss: 3.938560 | lrm: 0.36 | dt: 1083ms | tok/sec: 30,250 | epoch: 1 | remaining: 0s    
step 00436 (82.4%) | loss: 3.941998 | lrm: 0.35 | dt: 983ms | tok/sec: 33,323 | epoch: 1 | remaining: 0s    
step 00437 (82.6%) | loss: 3.940101 | lrm: 0.35 | dt: 1033ms | tok/sec: 31,723 | epoch: 1 | remaining: 0s    
step 00438 (82.8%) | loss: 3.940649 | lrm: 0.34 | dt: 1227ms | tok/sec: 26,715 | epoch: 1 | remaining: 0s    
step 00439 (83.0%) | loss: 3.934580 | lrm: 0.34 | dt: 1049ms | tok/sec: 31,232 | epoch: 1 | remaining: 0s    
step 00440 (83.2%) | loss: 3.936603 | lrm: 0.34 | dt: 1050ms | tok/sec: 31,200 | epoch: 1 | remaining: 0s    
step 00441 (83.4%) | loss: 3.939087 | lrm: 0.33 | dt: 1059ms | tok/sec: 30,950 | epoch: 1 | remaining: 0s    
step 00442 (83.6%) | loss: 3.942856 | lrm: 0.33 | dt: 1124ms | tok/sec: 29,146 | epoch: 1 | remaining: 0s    
step 00443 (83.7%) | loss: 3.938984 | lrm: 0.33 | dt: 1075ms | tok/sec: 30,486 | epoch: 1 | remaining: 0s    
step 00444 (83.9%) | loss: 3.936860 | lrm: 0.32 | dt: 1067ms | tok/sec: 30,717 | epoch: 1 | remaining: 0s    
step 00445 (84.1%) | loss: 3.937374 | lrm: 0.32 | dt: 1110ms | tok/sec: 29,532 | epoch: 1 | remaining: 0s    
step 00446 (84.3%) | loss: 3.929362 | lrm: 0.31 | dt: 1055ms | tok/sec: 31,061 | epoch: 1 | remaining: 0s    
step 00447 (84.5%) | loss: 3.927190 | lrm: 0.31 | dt: 1094ms | tok/sec: 29,962 | epoch: 1 | remaining: 0s    
step 00448 (84.7%) | loss: 3.925013 | lrm: 0.31 | dt: 1067ms | tok/sec: 30,706 | epoch: 1 | remaining: 0s    
step 00449 (84.9%) | loss: 3.916662 | lrm: 0.30 | dt: 1033ms | tok/sec: 31,728 | epoch: 1 | remaining: 0s    
step 00450 (85.1%) | loss: 3.914475 | lrm: 0.30 | dt: 1068ms | tok/sec: 30,692 | epoch: 1 | remaining: 0s    
step 00451 (85.3%) | loss: 3.902241 | lrm: 0.29 | dt: 1108ms | tok/sec: 29,565 | epoch: 1 | remaining: 0s    
step 00452 (85.4%) | loss: 3.911073 | lrm: 0.29 | dt: 1041ms | tok/sec: 31,491 | epoch: 1 | remaining: 0s    
step 00453 (85.6%) | loss: 3.903778 | lrm: 0.29 | dt: 1048ms | tok/sec: 31,280 | epoch: 1 | remaining: 0s    
step 00454 (85.8%) | loss: 3.902870 | lrm: 0.28 | dt: 1094ms | tok/sec: 29,951 | epoch: 1 | remaining: 0s    
step 00455 (86.0%) | loss: 3.905166 | lrm: 0.28 | dt: 1050ms | tok/sec: 31,208 | epoch: 1 | remaining: 0s    
step 00456 (86.2%) | loss: 3.910013 | lrm: 0.28 | dt: 1083ms | tok/sec: 30,263 | epoch: 1 | remaining: 0s    
step 00457 (86.4%) | loss: 3.910230 | lrm: 0.27 | dt: 1101ms | tok/sec: 29,775 | epoch: 1 | remaining: 0s    
step 00458 (86.6%) | loss: 3.911059 | lrm: 0.27 | dt: 1066ms | tok/sec: 30,739 | epoch: 1 | remaining: 0s    
step 00459 (86.8%) | loss: 3.909452 | lrm: 0.26 | dt: 1026ms | tok/sec: 31,938 | epoch: 1 | remaining: 0s    
step 00460 (87.0%) | loss: 3.907538 | lrm: 0.26 | dt: 1075ms | tok/sec: 30,493 | epoch: 1 | remaining: 0s    
step 00461 (87.1%) | loss: 3.900306 | lrm: 0.26 | dt: 1125ms | tok/sec: 29,128 | epoch: 1 | remaining: 0s    
step 00462 (87.3%) | loss: 3.903947 | lrm: 0.25 | dt: 1051ms | tok/sec: 31,175 | epoch: 1 | remaining: 0s    
step 00463 (87.5%) | loss: 3.902002 | lrm: 0.25 | dt: 1039ms | tok/sec: 31,539 | epoch: 1 | remaining: 0s    
step 00464 (87.7%) | loss: 3.906075 | lrm: 0.25 | dt: 1074ms | tok/sec: 30,507 | epoch: 1 | remaining: 0s    
step 00465 (87.9%) | loss: 3.895332 | lrm: 0.24 | dt: 1044ms | tok/sec: 31,386 | epoch: 1 | remaining: 0s    
step 00466 (88.1%) | loss: 3.892937 | lrm: 0.24 | dt: 1075ms | tok/sec: 30,476 | epoch: 1 | remaining: 0s    
step 00467 (88.3%) | loss: 3.903160 | lrm: 0.23 | dt: 1133ms | tok/sec: 28,920 | epoch: 1 | remaining: 0s    
step 00468 (88.5%) | loss: 3.901258 | lrm: 0.23 | dt: 1048ms | tok/sec: 31,260 | epoch: 1 | remaining: 0s    
step 00469 (88.7%) | loss: 3.897550 | lrm: 0.23 | dt: 993ms | tok/sec: 32,998 | epoch: 1 | remaining: 0s    
step 00470 (88.8%) | loss: 3.892426 | lrm: 0.22 | dt: 1017ms | tok/sec: 32,223 | epoch: 1 | remaining: 0s    
step 00471 (89.0%) | loss: 3.883104 | lrm: 0.22 | dt: 1059ms | tok/sec: 30,935 | epoch: 1 | remaining: 0s    
step 00472 (89.2%) | loss: 3.879839 | lrm: 0.22 | dt: 1037ms | tok/sec: 31,590 | epoch: 1 | remaining: 0s    
step 00473 (89.4%) | loss: 3.874161 | lrm: 0.21 | dt: 1060ms | tok/sec: 30,909 | epoch: 1 | remaining: 0s    
step 00474 (89.6%) | loss: 3.863850 | lrm: 0.21 | dt: 1053ms | tok/sec: 31,132 | epoch: 1 | remaining: 0s    
step 00475 (89.8%) | loss: 3.860229 | lrm: 0.20 | dt: 1024ms | tok/sec: 32,000 | epoch: 1 | remaining: 0s    
step 00476 (90.0%) | loss: 3.860525 | lrm: 0.20 | dt: 1049ms | tok/sec: 31,244 | epoch: 1 | remaining: 0s    
step 00477 (90.2%) | loss: 3.859826 | lrm: 0.20 | dt: 1069ms | tok/sec: 30,642 | epoch: 1 | remaining: 0s    
step 00478 (90.4%) | loss: 3.857410 | lrm: 0.19 | dt: 1032ms | tok/sec: 31,759 | epoch: 1 | remaining: 0s    
step 00479 (90.5%) | loss: 3.858441 | lrm: 0.19 | dt: 1040ms | tok/sec: 31,507 | epoch: 1 | remaining: 0s    
step 00480 (90.7%) | loss: 3.847077 | lrm: 0.19 | dt: 1044ms | tok/sec: 31,388 | epoch: 1 | remaining: 0s    
step 00481 (90.9%) | loss: 3.840919 | lrm: 0.18 | dt: 1064ms | tok/sec: 30,787 | epoch: 1 | remaining: 0s    
step 00482 (91.1%) | loss: 3.832967 | lrm: 0.18 | dt: 1027ms | tok/sec: 31,916 | epoch: 1 | remaining: 0s    
step 00483 (91.3%) | loss: 3.844176 | lrm: 0.17 | dt: 1075ms | tok/sec: 30,474 | epoch: 1 | remaining: 0s    
step 00484 (91.5%) | loss: 3.848098 | lrm: 0.17 | dt: 1042ms | tok/sec: 31,454 | epoch: 1 | remaining: 0s    
step 00485 (91.7%) | loss: 3.848978 | lrm: 0.17 | dt: 1016ms | tok/sec: 32,244 | epoch: 1 | remaining: 0s    
step 00486 (91.9%) | loss: 3.847399 | lrm: 0.16 | dt: 1051ms | tok/sec: 31,182 | epoch: 1 | remaining: 0s    
step 00487 (92.1%) | loss: 3.846060 | lrm: 0.16 | dt: 1057ms | tok/sec: 30,987 | epoch: 1 | remaining: 0s    
step 00488 (92.2%) | loss: 3.851254 | lrm: 0.16 | dt: 1068ms | tok/sec: 30,691 | epoch: 1 | remaining: 0s    
step 00489 (92.4%) | loss: 3.853148 | lrm: 0.15 | dt: 1083ms | tok/sec: 30,247 | epoch: 1 | remaining: 0s    
step 00490 (92.6%) | loss: 3.853366 | lrm: 0.15 | dt: 1064ms | tok/sec: 30,788 | epoch: 1 | remaining: 0s    
step 00491 (92.8%) | loss: 3.852185 | lrm: 0.14 | dt: 1017ms | tok/sec: 32,218 | epoch: 1 | remaining: 0s    
step 00492 (93.0%) | loss: 3.842376 | lrm: 0.14 | dt: 1051ms | tok/sec: 31,182 | epoch: 1 | remaining: 0s    
step 00493 (93.2%) | loss: 3.845604 | lrm: 0.14 | dt: 1075ms | tok/sec: 30,489 | epoch: 1 | remaining: 0s    
step 00494 (93.4%) | loss: 3.849449 | lrm: 0.13 | dt: 1076ms | tok/sec: 30,466 | epoch: 1 | remaining: 0s    
step 00495 (93.6%) | loss: 3.851921 | lrm: 0.13 | dt: 1056ms | tok/sec: 31,015 | epoch: 1 | remaining: 0s    
step 00496 (93.8%) | loss: 3.849255 | lrm: 0.12 | dt: 1068ms | tok/sec: 30,690 | epoch: 1 | remaining: 0s    
step 00497 (94.0%) | loss: 3.846832 | lrm: 0.12 | dt: 1085ms | tok/sec: 30,196 | epoch: 1 | remaining: 0s    
step 00498 (94.1%) | loss: 3.835521 | lrm: 0.12 | dt: 1070ms | tok/sec: 30,626 | epoch: 1 | remaining: 0s    
step 00499 (94.3%) | loss: 3.839388 | lrm: 0.11 | dt: 1104ms | tok/sec: 29,674 | epoch: 1 | remaining: 0s    
step 00500 (94.5%) | loss: 3.843518 | lrm: 0.11 | dt: 1066ms | tok/sec: 30,739 | epoch: 1 | remaining: 0s    
step 00501 (94.7%) | loss: 3.848103 | lrm: 0.11 | dt: 1060ms | tok/sec: 30,917 | epoch: 1 | remaining: 0s    
step 00502 (94.9%) | loss: 3.840022 | lrm: 0.10 | dt: 1064ms | tok/sec: 30,783 | epoch: 1 | remaining: 0s    
step 00503 (95.1%) | loss: 3.832128 | lrm: 0.10 | dt: 1075ms | tok/sec: 30,467 | epoch: 1 | remaining: 0s    
step 00504 (95.3%) | loss: 3.824354 | lrm: 0.09 | dt: 1081ms | tok/sec: 30,315 | epoch: 1 | remaining: 0s    
step 00505 (95.5%) | loss: 3.829077 | lrm: 0.09 | dt: 1060ms | tok/sec: 30,908 | epoch: 1 | remaining: 0s    
step 00506 (95.7%) | loss: 3.835055 | lrm: 0.09 | dt: 1025ms | tok/sec: 31,984 | epoch: 1 | remaining: 0s    
step 00507 (95.8%) | loss: 3.837101 | lrm: 0.08 | dt: 1066ms | tok/sec: 30,753 | epoch: 1 | remaining: 0s    
step 00508 (96.0%) | loss: 3.838465 | lrm: 0.08 | dt: 1066ms | tok/sec: 30,731 | epoch: 1 | remaining: 0s    
step 00509 (96.2%) | loss: 3.841110 | lrm: 0.08 | dt: 1040ms | tok/sec: 31,498 | epoch: 1 | remaining: 0s    
step 00510 (96.4%) | loss: 3.839123 | lrm: 0.07 | dt: 1001ms | tok/sec: 32,724 | epoch: 1 | remaining: 0s    
step 00511 (96.6%) | loss: 3.834880 | lrm: 0.07 | dt: 1086ms | tok/sec: 30,180 | epoch: 1 | remaining: 0s    
step 00512 (96.8%) | loss: 3.841260 | lrm: 0.06 | dt: 1207ms | tok/sec: 27,145 | epoch: 1 | remaining: 0s    
step 00513 (97.0%) | loss: 3.838664 | lrm: 0.06 | dt: 1173ms | tok/sec: 27,938 | epoch: 1 | remaining: 0s    
step 00514 (97.2%) | loss: 3.834511 | lrm: 0.06 | dt: 1025ms | tok/sec: 31,972 | epoch: 1 | remaining: 0s    
step 00515 (97.4%) | loss: 3.838366 | lrm: 0.05 | dt: 949ms | tok/sec: 34,515 | epoch: 1 | remaining: 0s    
step 00516 (97.5%) | loss: 3.832162 | lrm: 0.05 | dt: 1012ms | tok/sec: 32,388 | epoch: 1 | remaining: 0s    
step 00517 (97.7%) | loss: 3.826542 | lrm: 0.05 | dt: 1125ms | tok/sec: 29,123 | epoch: 1 | remaining: 0s    
step 00518 (97.9%) | loss: 3.818723 | lrm: 0.04 | dt: 1056ms | tok/sec: 31,021 | epoch: 1 | remaining: 0s    
step 00519 (98.1%) | loss: 3.818166 | lrm: 0.04 | dt: 1042ms | tok/sec: 31,447 | epoch: 1 | remaining: 0s    
step 00520 (98.3%) | loss: 3.811984 | lrm: 0.03 | dt: 1052ms | tok/sec: 31,139 | epoch: 1 | remaining: 0s    
step 00521 (98.5%) | loss: 3.807822 | lrm: 0.03 | dt: 1066ms | tok/sec: 30,734 | epoch: 1 | remaining: 0s    
step 00522 (98.7%) | loss: 3.798722 | lrm: 0.03 | dt: 1074ms | tok/sec: 30,519 | epoch: 1 | remaining: 0s    
step 00523 (98.9%) | loss: 3.804138 | lrm: 0.02 | dt: 1064ms | tok/sec: 30,793 | epoch: 1 | remaining: 0s    
step 00524 (99.1%) | loss: 3.796510 | lrm: 0.02 | dt: 1046ms | tok/sec: 31,339 | epoch: 1 | remaining: 0s    
step 00525 (99.2%) | loss: 3.810040 | lrm: 0.02 | dt: 982ms | tok/sec: 33,377 | epoch: 1 | remaining: 0s    
step 00526 (99.4%) | loss: 3.819518 | lrm: 0.01 | dt: 1076ms | tok/sec: 30,456 | epoch: 1 | remaining: 0s    
step 00527 (99.6%) | loss: 3.817192 | lrm: 0.01 | dt: 1048ms | tok/sec: 31,265 | epoch: 1 | remaining: 0s    
step 00528 (99.8%) | loss: 3.820496 | lrm: 0.00 | dt: 1083ms | tok/sec: 30,249 | epoch: 1 | remaining: 0s    
Training completed in 560.3s
Starting final eval...
Final eval batch size: 256
Final eval completed in 21.3s
WARNING: val_bpb=0.985654 is outside plausible range [1.0, 10.0]
Baseline results written: /Users/ahmadalzaro/.cache/autoresearch-arabic/baseline_results.json
---
val_bpb:          0.985654
training_seconds: 560.3
total_seconds:    582.6
peak_vram_mb:     19950.1
mfu_percent:      0.00
total_tokens_M:   17.3
num_steps:        529
num_params_M:     5.6
total_eval_nats:  5939870.375000
total_eval_bytes: 8694149
total_valid_tokens: 1567449
depth:            2
