Condition: d3
Data/tokenizer loaded in 0.3s
Time budget: 300s
Gradient accumulation steps: 1
Model compiled in 0.7s

step 00000 (0.0%) | loss: 9.010902 | lrm: 1.00 | dt: 664ms | tok/sec: 49,326 | epoch: 1 | remaining: 300s    
step 00001 (0.2%) | loss: 8.976484 | lrm: 1.00 | dt: 367ms | tok/sec: 89,244 | epoch: 1 | remaining: 300s    
step 00002 (0.4%) | loss: 8.616224 | lrm: 1.00 | dt: 567ms | tok/sec: 57,836 | epoch: 1 | remaining: 299s    
step 00003 (0.6%) | loss: 8.328571 | lrm: 1.00 | dt: 1008ms | tok/sec: 32,519 | epoch: 1 | remaining: 298s    
step 00004 (0.8%) | loss: 8.118233 | lrm: 1.00 | dt: 2186ms | tok/sec: 14,993 | epoch: 1 | remaining: 296s    
step 00005 (0.9%) | loss: 7.945698 | lrm: 1.00 | dt: 753ms | tok/sec: 43,531 | epoch: 1 | remaining: 295s    
step 00006 (1.1%) | loss: 7.810896 | lrm: 1.00 | dt: 688ms | tok/sec: 47,609 | epoch: 1 | remaining: 294s    
step 00007 (1.3%) | loss: 7.700451 | lrm: 1.00 | dt: 932ms | tok/sec: 35,170 | epoch: 1 | remaining: 294s    
step 00008 (1.5%) | loss: 7.618261 | lrm: 1.00 | dt: 1460ms | tok/sec: 22,449 | epoch: 1 | remaining: 292s    
step 00009 (1.7%) | loss: 7.547494 | lrm: 1.00 | dt: 1176ms | tok/sec: 27,855 | epoch: 1 | remaining: 291s    
step 00010 (1.9%) | loss: 7.480129 | lrm: 1.00 | dt: 833ms | tok/sec: 39,322 | epoch: 1 | remaining: 290s    
step 00011 (2.1%) | loss: 7.425873 | lrm: 1.00 | dt: 858ms | tok/sec: 38,184 | epoch: 1 | remaining: 289s    
step 00012 (2.3%) | loss: 7.380677 | lrm: 1.00 | dt: 1318ms | tok/sec: 24,869 | epoch: 1 | remaining: 288s    
step 00013 (2.5%) | loss: 7.345415 | lrm: 1.00 | dt: 1309ms | tok/sec: 25,038 | epoch: 1 | remaining: 287s    
step 00014 (2.6%) | loss: 7.318769 | lrm: 1.00 | dt: 915ms | tok/sec: 35,814 | epoch: 1 | remaining: 286s    
step 00015 (2.8%) | loss: 7.290182 | lrm: 1.00 | dt: 959ms | tok/sec: 34,181 | epoch: 1 | remaining: 285s    
step 00016 (3.0%) | loss: 7.258116 | lrm: 1.00 | dt: 1168ms | tok/sec: 28,063 | epoch: 1 | remaining: 284s    
step 00017 (3.2%) | loss: 7.229277 | lrm: 1.00 | dt: 1216ms | tok/sec: 26,941 | epoch: 1 | remaining: 282s    
step 00018 (3.4%) | loss: 7.204872 | lrm: 1.00 | dt: 988ms | tok/sec: 33,167 | epoch: 1 | remaining: 281s    
step 00019 (3.6%) | loss: 7.183855 | lrm: 1.00 | dt: 886ms | tok/sec: 36,977 | epoch: 1 | remaining: 280s    
step 00020 (3.8%) | loss: 7.158511 | lrm: 1.00 | dt: 1107ms | tok/sec: 29,591 | epoch: 1 | remaining: 279s    
step 00021 (4.0%) | loss: 7.134973 | lrm: 1.00 | dt: 1226ms | tok/sec: 26,725 | epoch: 1 | remaining: 278s    
step 00022 (4.2%) | loss: 7.124154 | lrm: 1.00 | dt: 1059ms | tok/sec: 30,955 | epoch: 1 | remaining: 277s    
step 00023 (4.3%) | loss: 7.119288 | lrm: 1.00 | dt: 1098ms | tok/sec: 29,833 | epoch: 1 | remaining: 276s    
step 00024 (4.5%) | loss: 7.103464 | lrm: 1.00 | dt: 1093ms | tok/sec: 29,974 | epoch: 1 | remaining: 275s    
step 00025 (4.7%) | loss: 7.089927 | lrm: 1.00 | dt: 1042ms | tok/sec: 31,452 | epoch: 1 | remaining: 274s    
step 00026 (4.9%) | loss: 7.072666 | lrm: 1.00 | dt: 1058ms | tok/sec: 30,971 | epoch: 1 | remaining: 273s    
step 00027 (5.1%) | loss: 7.050017 | lrm: 1.00 | dt: 1049ms | tok/sec: 31,237 | epoch: 1 | remaining: 272s    
step 00028 (5.3%) | loss: 7.032441 | lrm: 1.00 | dt: 1055ms | tok/sec: 31,051 | epoch: 1 | remaining: 271s    
step 00029 (5.5%) | loss: 7.035638 | lrm: 1.00 | dt: 1078ms | tok/sec: 30,383 | epoch: 1 | remaining: 270s    
step 00030 (5.7%) | loss: 7.026889 | lrm: 1.00 | dt: 1076ms | tok/sec: 30,460 | epoch: 1 | remaining: 268s    
step 00031 (5.9%) | loss: 7.005273 | lrm: 1.00 | dt: 1058ms | tok/sec: 30,986 | epoch: 1 | remaining: 267s    
step 00032 (6.0%) | loss: 6.986161 | lrm: 1.00 | dt: 1043ms | tok/sec: 31,405 | epoch: 1 | remaining: 266s    
step 00033 (6.2%) | loss: 6.969408 | lrm: 1.00 | dt: 1053ms | tok/sec: 31,119 | epoch: 1 | remaining: 265s    
step 00034 (6.4%) | loss: 6.954302 | lrm: 1.00 | dt: 1087ms | tok/sec: 30,137 | epoch: 1 | remaining: 264s    
step 00035 (6.6%) | loss: 6.935467 | lrm: 1.00 | dt: 1065ms | tok/sec: 30,755 | epoch: 1 | remaining: 263s    
step 00036 (6.8%) | loss: 6.920710 | lrm: 1.00 | dt: 1059ms | tok/sec: 30,929 | epoch: 1 | remaining: 262s    
step 00037 (7.0%) | loss: 6.895394 | lrm: 1.00 | dt: 1017ms | tok/sec: 32,229 | epoch: 1 | remaining: 261s    
step 00038 (7.2%) | loss: 6.872065 | lrm: 1.00 | dt: 1056ms | tok/sec: 31,036 | epoch: 1 | remaining: 260s    
step 00039 (7.4%) | loss: 6.856369 | lrm: 1.00 | dt: 1053ms | tok/sec: 31,127 | epoch: 1 | remaining: 259s    
step 00040 (7.6%) | loss: 6.833134 | lrm: 1.00 | dt: 1125ms | tok/sec: 29,115 | epoch: 1 | remaining: 258s    
step 00041 (7.8%) | loss: 6.809950 | lrm: 1.00 | dt: 1033ms | tok/sec: 31,726 | epoch: 1 | remaining: 257s    
step 00042 (7.9%) | loss: 6.795789 | lrm: 1.00 | dt: 1047ms | tok/sec: 31,296 | epoch: 1 | remaining: 256s    
step 00043 (8.1%) | loss: 6.784948 | lrm: 1.00 | dt: 1044ms | tok/sec: 31,380 | epoch: 1 | remaining: 255s    
step 00044 (8.3%) | loss: 6.757221 | lrm: 1.00 | dt: 1108ms | tok/sec: 29,564 | epoch: 1 | remaining: 254s    
step 00045 (8.5%) | loss: 6.735437 | lrm: 1.00 | dt: 1075ms | tok/sec: 30,485 | epoch: 1 | remaining: 253s    
step 00046 (8.7%) | loss: 6.706960 | lrm: 1.00 | dt: 1051ms | tok/sec: 31,174 | epoch: 1 | remaining: 251s    
step 00047 (8.9%) | loss: 6.679542 | lrm: 1.00 | dt: 1048ms | tok/sec: 31,253 | epoch: 1 | remaining: 250s    
step 00048 (9.1%) | loss: 6.654081 | lrm: 1.00 | dt: 1035ms | tok/sec: 31,652 | epoch: 1 | remaining: 249s    
step 00049 (9.3%) | loss: 6.631183 | lrm: 1.00 | dt: 1050ms | tok/sec: 31,220 | epoch: 1 | remaining: 248s    
step 00050 (9.5%) | loss: 6.605323 | lrm: 1.00 | dt: 1139ms | tok/sec: 28,773 | epoch: 1 | remaining: 247s    
step 00051 (9.6%) | loss: 6.581341 | lrm: 1.00 | dt: 1069ms | tok/sec: 30,651 | epoch: 1 | remaining: 246s    
step 00052 (9.8%) | loss: 6.545919 | lrm: 1.00 | dt: 1057ms | tok/sec: 30,987 | epoch: 1 | remaining: 245s    
step 00053 (10.0%) | loss: 6.517201 | lrm: 1.00 | dt: 1059ms | tok/sec: 30,935 | epoch: 1 | remaining: 244s    
step 00054 (10.2%) | loss: 6.486317 | lrm: 1.00 | dt: 1040ms | tok/sec: 31,502 | epoch: 1 | remaining: 243s    
step 00055 (10.4%) | loss: 6.461383 | lrm: 1.00 | dt: 1073ms | tok/sec: 30,532 | epoch: 1 | remaining: 242s    
step 00056 (10.6%) | loss: 6.437723 | lrm: 1.00 | dt: 1069ms | tok/sec: 30,651 | epoch: 1 | remaining: 241s    
step 00057 (10.8%) | loss: 6.409200 | lrm: 1.00 | dt: 1117ms | tok/sec: 29,324 | epoch: 1 | remaining: 240s    
step 00058 (11.0%) | loss: 6.381179 | lrm: 1.00 | dt: 1058ms | tok/sec: 30,961 | epoch: 1 | remaining: 239s    
step 00059 (11.2%) | loss: 6.360318 | lrm: 1.00 | dt: 1057ms | tok/sec: 31,001 | epoch: 1 | remaining: 238s    
step 00060 (11.3%) | loss: 6.335428 | lrm: 1.00 | dt: 1075ms | tok/sec: 30,479 | epoch: 1 | remaining: 237s    
step 00061 (11.5%) | loss: 6.313900 | lrm: 1.00 | dt: 1067ms | tok/sec: 30,710 | epoch: 1 | remaining: 235s    
step 00062 (11.7%) | loss: 6.286517 | lrm: 1.00 | dt: 991ms | tok/sec: 33,062 | epoch: 1 | remaining: 234s    
step 00063 (11.9%) | loss: 6.265474 | lrm: 1.00 | dt: 1041ms | tok/sec: 31,464 | epoch: 1 | remaining: 233s    
step 00064 (12.1%) | loss: 6.246348 | lrm: 1.00 | dt: 1067ms | tok/sec: 30,706 | epoch: 1 | remaining: 232s    
step 00065 (12.3%) | loss: 6.237632 | lrm: 1.00 | dt: 1056ms | tok/sec: 31,016 | epoch: 1 | remaining: 231s    
step 00066 (12.5%) | loss: 6.220107 | lrm: 1.00 | dt: 1076ms | tok/sec: 30,451 | epoch: 1 | remaining: 230s    
step 00067 (12.7%) | loss: 6.198081 | lrm: 1.00 | dt: 1064ms | tok/sec: 30,805 | epoch: 1 | remaining: 229s    
step 00068 (12.9%) | loss: 6.186668 | lrm: 1.00 | dt: 1136ms | tok/sec: 28,834 | epoch: 1 | remaining: 228s    
step 00069 (13.0%) | loss: 6.163830 | lrm: 1.00 | dt: 1052ms | tok/sec: 31,156 | epoch: 1 | remaining: 227s    
step 00070 (13.2%) | loss: 6.139971 | lrm: 1.00 | dt: 1042ms | tok/sec: 31,459 | epoch: 1 | remaining: 226s    
step 00071 (13.4%) | loss: 6.119646 | lrm: 1.00 | dt: 1083ms | tok/sec: 30,254 | epoch: 1 | remaining: 225s    
step 00072 (13.6%) | loss: 6.095204 | lrm: 1.00 | dt: 1064ms | tok/sec: 30,799 | epoch: 1 | remaining: 224s    
step 00073 (13.8%) | loss: 6.071324 | lrm: 1.00 | dt: 1061ms | tok/sec: 30,870 | epoch: 1 | remaining: 223s    
step 00074 (14.0%) | loss: 6.048111 | lrm: 1.00 | dt: 1090ms | tok/sec: 30,060 | epoch: 1 | remaining: 222s    
step 00075 (14.2%) | loss: 6.024542 | lrm: 1.00 | dt: 1039ms | tok/sec: 31,551 | epoch: 1 | remaining: 221s    
step 00076 (14.4%) | loss: 6.008190 | lrm: 1.00 | dt: 1101ms | tok/sec: 29,750 | epoch: 1 | remaining: 220s    
step 00077 (14.6%) | loss: 5.991909 | lrm: 1.00 | dt: 1081ms | tok/sec: 30,302 | epoch: 1 | remaining: 218s    
step 00078 (14.7%) | loss: 5.983786 | lrm: 1.00 | dt: 1054ms | tok/sec: 31,090 | epoch: 1 | remaining: 217s    
step 00079 (14.9%) | loss: 5.969561 | lrm: 1.00 | dt: 1067ms | tok/sec: 30,722 | epoch: 1 | remaining: 216s    
step 00080 (15.1%) | loss: 5.961100 | lrm: 1.00 | dt: 1142ms | tok/sec: 28,703 | epoch: 1 | remaining: 215s    
step 00081 (15.3%) | loss: 5.940800 | lrm: 1.00 | dt: 1067ms | tok/sec: 30,715 | epoch: 1 | remaining: 214s    
step 00082 (15.5%) | loss: 5.925745 | lrm: 1.00 | dt: 1067ms | tok/sec: 30,711 | epoch: 1 | remaining: 213s    
step 00083 (15.7%) | loss: 5.918074 | lrm: 1.00 | dt: 1063ms | tok/sec: 30,837 | epoch: 1 | remaining: 212s    
step 00084 (15.9%) | loss: 5.892252 | lrm: 1.00 | dt: 1075ms | tok/sec: 30,482 | epoch: 1 | remaining: 211s    
step 00085 (16.1%) | loss: 5.876887 | lrm: 1.00 | dt: 1051ms | tok/sec: 31,164 | epoch: 1 | remaining: 210s    
step 00086 (16.3%) | loss: 5.859957 | lrm: 1.00 | dt: 1100ms | tok/sec: 29,799 | epoch: 1 | remaining: 209s    
step 00087 (16.4%) | loss: 5.848193 | lrm: 1.00 | dt: 1069ms | tok/sec: 30,664 | epoch: 1 | remaining: 208s    
step 00088 (16.6%) | loss: 5.834120 | lrm: 1.00 | dt: 1058ms | tok/sec: 30,966 | epoch: 1 | remaining: 207s    
step 00089 (16.8%) | loss: 5.825313 | lrm: 1.00 | dt: 1110ms | tok/sec: 29,530 | epoch: 1 | remaining: 206s    
step 00090 (17.0%) | loss: 5.811430 | lrm: 1.00 | dt: 1082ms | tok/sec: 30,296 | epoch: 1 | remaining: 204s    
step 00091 (17.2%) | loss: 5.794840 | lrm: 1.00 | dt: 1067ms | tok/sec: 30,721 | epoch: 1 | remaining: 203s    
step 00092 (17.4%) | loss: 5.796102 | lrm: 1.00 | dt: 1042ms | tok/sec: 31,437 | epoch: 1 | remaining: 202s    
step 00093 (17.6%) | loss: 5.800156 | lrm: 1.00 | dt: 1067ms | tok/sec: 30,716 | epoch: 1 | remaining: 201s    
step 00094 (17.8%) | loss: 5.795005 | lrm: 1.00 | dt: 1116ms | tok/sec: 29,370 | epoch: 1 | remaining: 200s    
step 00095 (18.0%) | loss: 5.786574 | lrm: 1.00 | dt: 1059ms | tok/sec: 30,945 | epoch: 1 | remaining: 199s    
step 00096 (18.1%) | loss: 5.771166 | lrm: 1.00 | dt: 1026ms | tok/sec: 31,939 | epoch: 1 | remaining: 198s    
step 00097 (18.3%) | loss: 5.762110 | lrm: 1.00 | dt: 1113ms | tok/sec: 29,441 | epoch: 1 | remaining: 197s    
step 00098 (18.5%) | loss: 5.747893 | lrm: 1.00 | dt: 1127ms | tok/sec: 29,064 | epoch: 1 | remaining: 196s    
step 00099 (18.7%) | loss: 5.733872 | lrm: 1.00 | dt: 1067ms | tok/sec: 30,719 | epoch: 1 | remaining: 195s    
step 00100 (18.9%) | loss: 5.724607 | lrm: 1.00 | dt: 1001ms | tok/sec: 32,734 | epoch: 1 | remaining: 194s    
step 00101 (19.1%) | loss: 5.708358 | lrm: 1.00 | dt: 1032ms | tok/sec: 31,745 | epoch: 1 | remaining: 193s    
step 00102 (19.3%) | loss: 5.693958 | lrm: 1.00 | dt: 1075ms | tok/sec: 30,470 | epoch: 1 | remaining: 192s    
step 00103 (19.5%) | loss: 5.689097 | lrm: 1.00 | dt: 1155ms | tok/sec: 28,359 | epoch: 1 | remaining: 190s    
step 00104 (19.7%) | loss: 5.680000 | lrm: 1.00 | dt: 1057ms | tok/sec: 31,010 | epoch: 1 | remaining: 189s    
step 00105 (19.8%) | loss: 5.662627 | lrm: 1.00 | dt: 1054ms | tok/sec: 31,097 | epoch: 1 | remaining: 188s    
step 00106 (20.0%) | loss: 5.643823 | lrm: 1.00 | dt: 1075ms | tok/sec: 30,475 | epoch: 1 | remaining: 187s    
step 00107 (20.2%) | loss: 5.632619 | lrm: 1.00 | dt: 1074ms | tok/sec: 30,515 | epoch: 1 | remaining: 186s    
step 00108 (20.4%) | loss: 5.618132 | lrm: 1.00 | dt: 1093ms | tok/sec: 29,977 | epoch: 1 | remaining: 185s    
step 00109 (20.6%) | loss: 5.610926 | lrm: 1.00 | dt: 1059ms | tok/sec: 30,932 | epoch: 1 | remaining: 184s    
step 00110 (20.8%) | loss: 5.606121 | lrm: 1.00 | dt: 1070ms | tok/sec: 30,637 | epoch: 1 | remaining: 183s    
step 00111 (21.0%) | loss: 5.585598 | lrm: 1.00 | dt: 1144ms | tok/sec: 28,640 | epoch: 1 | remaining: 182s    
step 00112 (21.2%) | loss: 5.581074 | lrm: 1.00 | dt: 1092ms | tok/sec: 30,017 | epoch: 1 | remaining: 181s    
step 00113 (21.4%) | loss: 5.567950 | lrm: 1.00 | dt: 1064ms | tok/sec: 30,793 | epoch: 1 | remaining: 180s    
step 00114 (21.6%) | loss: 5.556410 | lrm: 1.00 | dt: 1094ms | tok/sec: 29,946 | epoch: 1 | remaining: 179s    
step 00115 (21.7%) | loss: 5.540885 | lrm: 1.00 | dt: 1099ms | tok/sec: 29,826 | epoch: 1 | remaining: 178s    
step 00116 (21.9%) | loss: 5.535468 | lrm: 1.00 | dt: 1088ms | tok/sec: 30,128 | epoch: 1 | remaining: 176s    
step 00117 (22.1%) | loss: 5.520616 | lrm: 1.00 | dt: 1081ms | tok/sec: 30,300 | epoch: 1 | remaining: 175s    
step 00118 (22.3%) | loss: 5.508375 | lrm: 1.00 | dt: 1055ms | tok/sec: 31,059 | epoch: 1 | remaining: 174s    
step 00119 (22.5%) | loss: 5.496371 | lrm: 1.00 | dt: 1038ms | tok/sec: 31,570 | epoch: 1 | remaining: 173s    
step 00120 (22.7%) | loss: 5.487135 | lrm: 1.00 | dt: 1166ms | tok/sec: 28,112 | epoch: 1 | remaining: 172s    
step 00121 (22.9%) | loss: 5.474710 | lrm: 1.00 | dt: 1050ms | tok/sec: 31,204 | epoch: 1 | remaining: 171s    
step 00122 (23.1%) | loss: 5.465393 | lrm: 1.00 | dt: 1059ms | tok/sec: 30,950 | epoch: 1 | remaining: 170s    
step 00123 (23.3%) | loss: 5.452959 | lrm: 1.00 | dt: 1066ms | tok/sec: 30,733 | epoch: 1 | remaining: 169s    
step 00124 (23.4%) | loss: 5.442073 | lrm: 1.00 | dt: 1031ms | tok/sec: 31,789 | epoch: 1 | remaining: 168s    
step 00125 (23.6%) | loss: 5.432333 | lrm: 1.00 | dt: 1157ms | tok/sec: 28,312 | epoch: 1 | remaining: 167s    
step 00126 (23.8%) | loss: 5.421281 | lrm: 1.00 | dt: 1077ms | tok/sec: 30,429 | epoch: 1 | remaining: 166s    
step 00127 (24.0%) | loss: 5.410582 | lrm: 1.00 | dt: 1052ms | tok/sec: 31,146 | epoch: 1 | remaining: 165s    
step 00128 (24.2%) | loss: 5.400585 | lrm: 1.00 | dt: 1057ms | tok/sec: 30,986 | epoch: 1 | remaining: 164s    
step 00129 (24.4%) | loss: 5.391866 | lrm: 1.00 | dt: 1059ms | tok/sec: 30,956 | epoch: 1 | remaining: 162s    
step 00130 (24.6%) | loss: 5.381549 | lrm: 1.00 | dt: 1114ms | tok/sec: 29,425 | epoch: 1 | remaining: 161s    
step 00131 (24.8%) | loss: 5.370586 | lrm: 1.00 | dt: 1075ms | tok/sec: 30,494 | epoch: 1 | remaining: 160s    
step 00132 (25.0%) | loss: 5.368955 | lrm: 1.00 | dt: 1062ms | tok/sec: 30,867 | epoch: 1 | remaining: 159s    
step 00133 (25.1%) | loss: 5.362788 | lrm: 1.00 | dt: 1065ms | tok/sec: 30,781 | epoch: 1 | remaining: 158s    
step 00134 (25.3%) | loss: 5.346813 | lrm: 1.00 | dt: 1060ms | tok/sec: 30,914 | epoch: 1 | remaining: 157s    
step 00135 (25.5%) | loss: 5.330887 | lrm: 1.00 | dt: 1067ms | tok/sec: 30,710 | epoch: 1 | remaining: 156s    
step 00136 (25.7%) | loss: 5.319332 | lrm: 1.00 | dt: 1108ms | tok/sec: 29,565 | epoch: 1 | remaining: 155s    
step 00137 (25.9%) | loss: 5.303969 | lrm: 1.00 | dt: 1117ms | tok/sec: 29,334 | epoch: 1 | remaining: 154s    
step 00138 (26.1%) | loss: 5.305742 | lrm: 1.00 | dt: 1099ms | tok/sec: 29,803 | epoch: 1 | remaining: 153s    
step 00139 (26.3%) | loss: 5.307780 | lrm: 1.00 | dt: 1050ms | tok/sec: 31,208 | epoch: 1 | remaining: 152s    
step 00140 (26.5%) | loss: 5.304037 | lrm: 1.00 | dt: 1072ms | tok/sec: 30,575 | epoch: 1 | remaining: 151s    
step 00141 (26.7%) | loss: 5.306899 | lrm: 1.00 | dt: 1085ms | tok/sec: 30,206 | epoch: 1 | remaining: 150s    
step 00142 (26.8%) | loss: 5.304786 | lrm: 1.00 | dt: 1085ms | tok/sec: 30,197 | epoch: 1 | remaining: 148s    
step 00143 (27.0%) | loss: 5.289167 | lrm: 1.00 | dt: 1084ms | tok/sec: 30,227 | epoch: 1 | remaining: 147s    
step 00144 (27.2%) | loss: 5.281103 | lrm: 1.00 | dt: 1074ms | tok/sec: 30,500 | epoch: 1 | remaining: 146s    
step 00145 (27.4%) | loss: 5.270490 | lrm: 1.00 | dt: 1075ms | tok/sec: 30,480 | epoch: 1 | remaining: 145s    
step 00146 (27.6%) | loss: 5.266450 | lrm: 1.00 | dt: 1066ms | tok/sec: 30,730 | epoch: 1 | remaining: 144s    
step 00147 (27.8%) | loss: 5.248842 | lrm: 1.00 | dt: 1084ms | tok/sec: 30,224 | epoch: 1 | remaining: 143s    
step 00148 (28.0%) | loss: 5.239618 | lrm: 1.00 | dt: 1100ms | tok/sec: 29,798 | epoch: 1 | remaining: 142s    
step 00149 (28.2%) | loss: 5.237809 | lrm: 1.00 | dt: 1058ms | tok/sec: 30,961 | epoch: 1 | remaining: 141s    
step 00150 (28.4%) | loss: 5.225216 | lrm: 1.00 | dt: 1133ms | tok/sec: 28,921 | epoch: 1 | remaining: 140s    
step 00151 (28.5%) | loss: 5.225714 | lrm: 1.00 | dt: 1058ms | tok/sec: 30,967 | epoch: 1 | remaining: 139s    
step 00152 (28.7%) | loss: 5.218535 | lrm: 1.00 | dt: 1096ms | tok/sec: 29,905 | epoch: 1 | remaining: 138s    
step 00153 (28.9%) | loss: 5.207445 | lrm: 1.00 | dt: 1054ms | tok/sec: 31,090 | epoch: 1 | remaining: 137s    
step 00154 (29.1%) | loss: 5.204120 | lrm: 1.00 | dt: 1100ms | tok/sec: 29,775 | epoch: 1 | remaining: 135s    
step 00155 (29.3%) | loss: 5.198748 | lrm: 1.00 | dt: 1066ms | tok/sec: 30,736 | epoch: 1 | remaining: 134s    
step 00156 (29.5%) | loss: 5.189355 | lrm: 1.00 | dt: 1083ms | tok/sec: 30,249 | epoch: 1 | remaining: 133s    
step 00157 (29.7%) | loss: 5.176276 | lrm: 1.00 | dt: 1067ms | tok/sec: 30,712 | epoch: 1 | remaining: 132s    
step 00158 (29.9%) | loss: 5.158421 | lrm: 1.00 | dt: 1073ms | tok/sec: 30,536 | epoch: 1 | remaining: 131s    
step 00159 (30.1%) | loss: 5.154099 | lrm: 1.00 | dt: 1018ms | tok/sec: 32,201 | epoch: 1 | remaining: 130s    
step 00160 (30.2%) | loss: 5.148485 | lrm: 1.00 | dt: 1042ms | tok/sec: 31,439 | epoch: 1 | remaining: 129s    
step 00161 (30.4%) | loss: 5.137915 | lrm: 1.00 | dt: 1065ms | tok/sec: 30,756 | epoch: 1 | remaining: 128s    
step 00162 (30.6%) | loss: 5.123551 | lrm: 1.00 | dt: 1076ms | tok/sec: 30,450 | epoch: 1 | remaining: 127s    
step 00163 (30.8%) | loss: 5.109378 | lrm: 1.00 | dt: 1050ms | tok/sec: 31,210 | epoch: 1 | remaining: 126s    
step 00164 (31.0%) | loss: 5.101342 | lrm: 1.00 | dt: 1033ms | tok/sec: 31,708 | epoch: 1 | remaining: 125s    
step 00165 (31.2%) | loss: 5.089645 | lrm: 1.00 | dt: 1083ms | tok/sec: 30,247 | epoch: 1 | remaining: 124s    
step 00166 (31.4%) | loss: 5.077892 | lrm: 1.00 | dt: 1083ms | tok/sec: 30,249 | epoch: 1 | remaining: 123s    
step 00167 (31.6%) | loss: 5.068857 | lrm: 1.00 | dt: 1074ms | tok/sec: 30,499 | epoch: 1 | remaining: 122s    
step 00168 (31.8%) | loss: 5.057438 | lrm: 1.00 | dt: 1017ms | tok/sec: 32,224 | epoch: 1 | remaining: 121s    
step 00169 (31.9%) | loss: 5.058592 | lrm: 1.00 | dt: 1034ms | tok/sec: 31,701 | epoch: 1 | remaining: 120s    
step 00170 (32.1%) | loss: 5.051594 | lrm: 1.00 | dt: 1108ms | tok/sec: 29,564 | epoch: 1 | remaining: 118s    
step 00171 (32.3%) | loss: 5.050278 | lrm: 1.00 | dt: 1093ms | tok/sec: 29,983 | epoch: 1 | remaining: 117s    
step 00172 (32.5%) | loss: 5.033753 | lrm: 1.00 | dt: 1066ms | tok/sec: 30,753 | epoch: 1 | remaining: 116s    
step 00173 (32.7%) | loss: 5.022562 | lrm: 1.00 | dt: 1009ms | tok/sec: 32,471 | epoch: 1 | remaining: 115s    
step 00174 (32.9%) | loss: 5.006798 | lrm: 1.00 | dt: 1142ms | tok/sec: 28,687 | epoch: 1 | remaining: 114s    
step 00175 (33.1%) | loss: 4.996376 | lrm: 1.00 | dt: 1132ms | tok/sec: 28,956 | epoch: 1 | remaining: 113s    
step 00176 (33.3%) | loss: 4.992036 | lrm: 1.00 | dt: 1059ms | tok/sec: 30,956 | epoch: 1 | remaining: 112s    
step 00177 (33.5%) | loss: 4.984471 | lrm: 1.00 | dt: 1041ms | tok/sec: 31,463 | epoch: 1 | remaining: 111s    
step 00178 (33.6%) | loss: 4.975241 | lrm: 1.00 | dt: 1066ms | tok/sec: 30,740 | epoch: 1 | remaining: 110s    
step 00179 (33.8%) | loss: 4.979347 | lrm: 1.00 | dt: 1107ms | tok/sec: 29,592 | epoch: 1 | remaining: 109s    
step 00180 (34.0%) | loss: 4.975480 | lrm: 1.00 | dt: 1108ms | tok/sec: 29,571 | epoch: 1 | remaining: 108s    
step 00181 (34.2%) | loss: 4.968694 | lrm: 1.00 | dt: 1193ms | tok/sec: 27,455 | epoch: 1 | remaining: 106s    
step 00182 (34.4%) | loss: 4.960353 | lrm: 1.00 | dt: 1033ms | tok/sec: 31,725 | epoch: 1 | remaining: 105s    
step 00183 (34.6%) | loss: 4.947793 | lrm: 1.00 | dt: 1117ms | tok/sec: 29,336 | epoch: 1 | remaining: 104s    
step 00184 (34.8%) | loss: 4.934858 | lrm: 1.00 | dt: 1074ms | tok/sec: 30,501 | epoch: 1 | remaining: 103s    
step 00185 (35.0%) | loss: 4.934253 | lrm: 1.00 | dt: 1042ms | tok/sec: 31,443 | epoch: 1 | remaining: 102s    
step 00186 (35.2%) | loss: 4.933837 | lrm: 1.00 | dt: 1092ms | tok/sec: 30,008 | epoch: 1 | remaining: 101s    
step 00187 (35.3%) | loss: 4.921945 | lrm: 1.00 | dt: 1090ms | tok/sec: 30,058 | epoch: 1 | remaining: 100s    
step 00188 (35.5%) | loss: 4.914543 | lrm: 1.00 | dt: 1040ms | tok/sec: 31,493 | epoch: 1 | remaining: 99s    
step 00189 (35.7%) | loss: 4.908259 | lrm: 1.00 | dt: 970ms | tok/sec: 33,765 | epoch: 1 | remaining: 98s    
step 00190 (35.9%) | loss: 4.898195 | lrm: 1.00 | dt: 1023ms | tok/sec: 32,027 | epoch: 1 | remaining: 97s    
step 00191 (36.1%) | loss: 4.905317 | lrm: 1.00 | dt: 1077ms | tok/sec: 30,437 | epoch: 1 | remaining: 96s    
step 00192 (36.3%) | loss: 4.905273 | lrm: 1.00 | dt: 1063ms | tok/sec: 30,816 | epoch: 1 | remaining: 95s    
step 00193 (36.5%) | loss: 4.897971 | lrm: 1.00 | dt: 1077ms | tok/sec: 30,420 | epoch: 1 | remaining: 94s    
step 00194 (36.7%) | loss: 4.894392 | lrm: 1.00 | dt: 1092ms | tok/sec: 30,017 | epoch: 1 | remaining: 93s    
step 00195 (36.9%) | loss: 4.886907 | lrm: 1.00 | dt: 1075ms | tok/sec: 30,477 | epoch: 1 | remaining: 92s    
step 00196 (37.1%) | loss: 4.875921 | lrm: 1.00 | dt: 1005ms | tok/sec: 32,604 | epoch: 1 | remaining: 91s    
step 00197 (37.2%) | loss: 4.868169 | lrm: 1.00 | dt: 1035ms | tok/sec: 31,658 | epoch: 1 | remaining: 90s    
step 00198 (37.4%) | loss: 4.855537 | lrm: 1.00 | dt: 1065ms | tok/sec: 30,753 | epoch: 1 | remaining: 88s    
step 00199 (37.6%) | loss: 4.844938 | lrm: 1.00 | dt: 1091ms | tok/sec: 30,038 | epoch: 1 | remaining: 87s    
step 00200 (37.8%) | loss: 4.834682 | lrm: 1.00 | dt: 1094ms | tok/sec: 29,958 | epoch: 1 | remaining: 86s    
step 00201 (38.0%) | loss: 4.818659 | lrm: 1.00 | dt: 1101ms | tok/sec: 29,762 | epoch: 1 | remaining: 85s    
step 00202 (38.2%) | loss: 4.810511 | lrm: 1.00 | dt: 1088ms | tok/sec: 30,110 | epoch: 1 | remaining: 84s    
step 00203 (38.4%) | loss: 4.799801 | lrm: 1.00 | dt: 1025ms | tok/sec: 31,954 | epoch: 1 | remaining: 83s    
step 00204 (38.6%) | loss: 4.791213 | lrm: 1.00 | dt: 1009ms | tok/sec: 32,473 | epoch: 1 | remaining: 82s    
step 00205 (38.8%) | loss: 4.782538 | lrm: 1.00 | dt: 1036ms | tok/sec: 31,641 | epoch: 1 | remaining: 81s    
step 00206 (38.9%) | loss: 4.782046 | lrm: 1.00 | dt: 1067ms | tok/sec: 30,719 | epoch: 1 | remaining: 80s    
step 00207 (39.1%) | loss: 4.774001 | lrm: 1.00 | dt: 1058ms | tok/sec: 30,965 | epoch: 1 | remaining: 79s    
step 00208 (39.3%) | loss: 4.760993 | lrm: 1.00 | dt: 1124ms | tok/sec: 29,148 | epoch: 1 | remaining: 78s    
step 00209 (39.5%) | loss: 4.767384 | lrm: 1.00 | dt: 1084ms | tok/sec: 30,232 | epoch: 1 | remaining: 77s    
step 00210 (39.7%) | loss: 4.756022 | lrm: 1.00 | dt: 1065ms | tok/sec: 30,767 | epoch: 1 | remaining: 76s    
step 00211 (39.9%) | loss: 4.743571 | lrm: 1.00 | dt: 1067ms | tok/sec: 30,721 | epoch: 1 | remaining: 75s    
step 00212 (40.1%) | loss: 4.733504 | lrm: 1.00 | dt: 1039ms | tok/sec: 31,530 | epoch: 1 | remaining: 74s    
step 00213 (40.3%) | loss: 4.729972 | lrm: 1.00 | dt: 1146ms | tok/sec: 28,595 | epoch: 1 | remaining: 72s    
step 00214 (40.5%) | loss: 4.722910 | lrm: 1.00 | dt: 1100ms | tok/sec: 29,795 | epoch: 1 | remaining: 71s    
step 00215 (40.6%) | loss: 4.714540 | lrm: 1.00 | dt: 1048ms | tok/sec: 31,262 | epoch: 1 | remaining: 70s    
step 00216 (40.8%) | loss: 4.713506 | lrm: 1.00 | dt: 1077ms | tok/sec: 30,428 | epoch: 1 | remaining: 69s    
step 00217 (41.0%) | loss: 4.710672 | lrm: 1.00 | dt: 1076ms | tok/sec: 30,466 | epoch: 1 | remaining: 68s    
step 00218 (41.2%) | loss: 4.703832 | lrm: 1.00 | dt: 1056ms | tok/sec: 31,021 | epoch: 1 | remaining: 67s    
step 00219 (41.4%) | loss: 4.698880 | lrm: 1.00 | dt: 1022ms | tok/sec: 32,058 | epoch: 1 | remaining: 66s    
step 00220 (41.6%) | loss: 4.684065 | lrm: 1.00 | dt: 1194ms | tok/sec: 27,438 | epoch: 1 | remaining: 65s    
step 00221 (41.8%) | loss: 4.676641 | lrm: 1.00 | dt: 1103ms | tok/sec: 29,715 | epoch: 1 | remaining: 64s    
step 00222 (42.0%) | loss: 4.676002 | lrm: 1.00 | dt: 1040ms | tok/sec: 31,495 | epoch: 1 | remaining: 63s    
step 00223 (42.2%) | loss: 4.664898 | lrm: 1.00 | dt: 1183ms | tok/sec: 27,695 | epoch: 1 | remaining: 61s    
step 00224 (42.3%) | loss: 4.653314 | lrm: 1.00 | dt: 1133ms | tok/sec: 28,916 | epoch: 1 | remaining: 60s    
step 00225 (42.5%) | loss: 4.647258 | lrm: 1.00 | dt: 1092ms | tok/sec: 30,013 | epoch: 1 | remaining: 59s    
step 00226 (42.7%) | loss: 4.640739 | lrm: 1.00 | dt: 1075ms | tok/sec: 30,485 | epoch: 1 | remaining: 58s    
step 00227 (42.9%) | loss: 4.636794 | lrm: 1.00 | dt: 1075ms | tok/sec: 30,479 | epoch: 1 | remaining: 57s    
step 00228 (43.1%) | loss: 4.625999 | lrm: 1.00 | dt: 1058ms | tok/sec: 30,964 | epoch: 1 | remaining: 56s    
step 00229 (43.3%) | loss: 4.615087 | lrm: 1.00 | dt: 1123ms | tok/sec: 29,170 | epoch: 1 | remaining: 55s    
step 00230 (43.5%) | loss: 4.608579 | lrm: 1.00 | dt: 1101ms | tok/sec: 29,751 | epoch: 1 | remaining: 54s    
step 00231 (43.7%) | loss: 4.596072 | lrm: 1.00 | dt: 1109ms | tok/sec: 29,560 | epoch: 1 | remaining: 53s    
step 00232 (43.9%) | loss: 4.589762 | lrm: 1.00 | dt: 1098ms | tok/sec: 29,836 | epoch: 1 | remaining: 52s    
step 00233 (44.0%) | loss: 4.590945 | lrm: 1.00 | dt: 1060ms | tok/sec: 30,926 | epoch: 1 | remaining: 51s    
step 00234 (44.2%) | loss: 4.586271 | lrm: 1.00 | dt: 1015ms | tok/sec: 32,298 | epoch: 1 | remaining: 50s    
step 00235 (44.4%) | loss: 4.575547 | lrm: 1.00 | dt: 1058ms | tok/sec: 30,963 | epoch: 1 | remaining: 48s    
step 00236 (44.6%) | loss: 4.570052 | lrm: 1.00 | dt: 1066ms | tok/sec: 30,727 | epoch: 1 | remaining: 47s    
step 00237 (44.8%) | loss: 4.569630 | lrm: 1.00 | dt: 1069ms | tok/sec: 30,654 | epoch: 1 | remaining: 46s    
step 00238 (45.0%) | loss: 4.572001 | lrm: 1.00 | dt: 1083ms | tok/sec: 30,244 | epoch: 1 | remaining: 45s    
step 00239 (45.2%) | loss: 4.570565 | lrm: 1.00 | dt: 1042ms | tok/sec: 31,448 | epoch: 1 | remaining: 44s    
step 00240 (45.4%) | loss: 4.576077 | lrm: 1.00 | dt: 1216ms | tok/sec: 26,949 | epoch: 1 | remaining: 43s    
step 00241 (45.6%) | loss: 4.571198 | lrm: 1.00 | dt: 1033ms | tok/sec: 31,726 | epoch: 1 | remaining: 42s    
step 00242 (45.7%) | loss: 4.566528 | lrm: 1.00 | dt: 967ms | tok/sec: 33,877 | epoch: 1 | remaining: 41s    
step 00243 (45.9%) | loss: 4.547895 | lrm: 1.00 | dt: 1054ms | tok/sec: 31,076 | epoch: 1 | remaining: 40s    
step 00244 (46.1%) | loss: 4.542702 | lrm: 1.00 | dt: 1139ms | tok/sec: 28,778 | epoch: 1 | remaining: 39s    
step 00245 (46.3%) | loss: 4.542062 | lrm: 1.00 | dt: 1057ms | tok/sec: 31,004 | epoch: 1 | remaining: 38s    
step 00246 (46.5%) | loss: 4.526948 | lrm: 1.00 | dt: 1075ms | tok/sec: 30,492 | epoch: 1 | remaining: 37s    
step 00247 (46.7%) | loss: 4.516337 | lrm: 1.00 | dt: 1048ms | tok/sec: 31,275 | epoch: 1 | remaining: 36s    
step 00248 (46.9%) | loss: 4.517536 | lrm: 1.00 | dt: 1077ms | tok/sec: 30,436 | epoch: 1 | remaining: 35s    
step 00249 (47.1%) | loss: 4.512200 | lrm: 1.00 | dt: 1157ms | tok/sec: 28,330 | epoch: 1 | remaining: 33s    
step 00250 (47.3%) | loss: 4.500945 | lrm: 1.00 | dt: 1073ms | tok/sec: 30,525 | epoch: 1 | remaining: 32s    
step 00251 (47.4%) | loss: 4.491931 | lrm: 1.00 | dt: 1041ms | tok/sec: 31,467 | epoch: 1 | remaining: 31s    
step 00252 (47.6%) | loss: 4.476046 | lrm: 1.00 | dt: 1027ms | tok/sec: 31,893 | epoch: 1 | remaining: 30s    
step 00253 (47.8%) | loss: 4.464077 | lrm: 1.00 | dt: 1066ms | tok/sec: 30,730 | epoch: 1 | remaining: 29s    
step 00254 (48.0%) | loss: 4.453165 | lrm: 1.00 | dt: 1093ms | tok/sec: 29,967 | epoch: 1 | remaining: 28s    
step 00255 (48.2%) | loss: 4.443946 | lrm: 1.00 | dt: 1056ms | tok/sec: 31,020 | epoch: 1 | remaining: 27s    
step 00256 (48.4%) | loss: 4.436567 | lrm: 1.00 | dt: 1049ms | tok/sec: 31,239 | epoch: 1 | remaining: 26s    
step 00257 (48.6%) | loss: 4.421341 | lrm: 1.00 | dt: 1075ms | tok/sec: 30,471 | epoch: 1 | remaining: 25s    
step 00258 (48.8%) | loss: 4.413165 | lrm: 1.00 | dt: 1129ms | tok/sec: 29,024 | epoch: 1 | remaining: 24s    
step 00259 (49.0%) | loss: 4.408252 | lrm: 1.00 | dt: 1074ms | tok/sec: 30,524 | epoch: 1 | remaining: 23s    
step 00260 (49.1%) | loss: 4.405552 | lrm: 1.00 | dt: 1008ms | tok/sec: 32,501 | epoch: 1 | remaining: 22s    
step 00261 (49.3%) | loss: 4.397934 | lrm: 1.00 | dt: 1056ms | tok/sec: 31,036 | epoch: 1 | remaining: 21s    
step 00262 (49.5%) | loss: 4.399889 | lrm: 1.00 | dt: 1052ms | tok/sec: 31,134 | epoch: 1 | remaining: 20s    
step 00263 (49.7%) | loss: 4.400292 | lrm: 1.00 | dt: 1055ms | tok/sec: 31,068 | epoch: 1 | remaining: 19s    
step 00264 (49.9%) | loss: 4.399710 | lrm: 1.00 | dt: 1060ms | tok/sec: 30,915 | epoch: 1 | remaining: 17s    
step 00265 (50.1%) | loss: 4.404671 | lrm: 1.00 | dt: 1061ms | tok/sec: 30,890 | epoch: 1 | remaining: 16s    
step 00266 (50.3%) | loss: 4.397899 | lrm: 0.99 | dt: 1059ms | tok/sec: 30,944 | epoch: 1 | remaining: 15s    
step 00267 (50.5%) | loss: 4.395582 | lrm: 0.99 | dt: 1082ms | tok/sec: 30,279 | epoch: 1 | remaining: 14s    
step 00268 (50.7%) | loss: 4.382885 | lrm: 0.99 | dt: 1026ms | tok/sec: 31,949 | epoch: 1 | remaining: 13s    
step 00269 (50.9%) | loss: 4.380837 | lrm: 0.98 | dt: 1050ms | tok/sec: 31,220 | epoch: 1 | remaining: 12s    
step 00270 (51.0%) | loss: 4.372289 | lrm: 0.98 | dt: 1047ms | tok/sec: 31,296 | epoch: 1 | remaining: 11s    
step 00271 (51.2%) | loss: 4.366083 | lrm: 0.98 | dt: 1058ms | tok/sec: 30,965 | epoch: 1 | remaining: 10s    
step 00272 (51.4%) | loss: 4.364061 | lrm: 0.97 | dt: 1052ms | tok/sec: 31,138 | epoch: 1 | remaining: 9s    
step 00273 (51.6%) | loss: 4.366978 | lrm: 0.97 | dt: 1027ms | tok/sec: 31,919 | epoch: 1 | remaining: 8s    
step 00274 (51.8%) | loss: 4.363234 | lrm: 0.96 | dt: 1072ms | tok/sec: 30,556 | epoch: 1 | remaining: 7s    
step 00275 (52.0%) | loss: 4.354499 | lrm: 0.96 | dt: 1065ms | tok/sec: 30,757 | epoch: 1 | remaining: 6s    
step 00276 (52.2%) | loss: 4.344910 | lrm: 0.96 | dt: 1068ms | tok/sec: 30,694 | epoch: 1 | remaining: 5s    
step 00277 (52.4%) | loss: 4.335606 | lrm: 0.95 | dt: 1069ms | tok/sec: 30,659 | epoch: 1 | remaining: 4s    
step 00278 (52.6%) | loss: 4.330781 | lrm: 0.95 | dt: 1074ms | tok/sec: 30,504 | epoch: 1 | remaining: 3s    
step 00279 (52.7%) | loss: 4.336825 | lrm: 0.95 | dt: 1031ms | tok/sec: 31,768 | epoch: 1 | remaining: 2s    
step 00280 (52.9%) | loss: 4.325785 | lrm: 0.94 | dt: 1036ms | tok/sec: 31,642 | epoch: 1 | remaining: 1s    
step 00281 (53.1%) | loss: 4.323281 | lrm: 0.94 | dt: 1042ms | tok/sec: 31,451 | epoch: 1 | remaining: 0s    
step 00282 (53.3%) | loss: 4.317618 | lrm: 0.93 | dt: 1083ms | tok/sec: 30,268 | epoch: 1 | remaining: 0s    
step 00283 (53.5%) | loss: 4.307251 | lrm: 0.93 | dt: 1081ms | tok/sec: 30,318 | epoch: 1 | remaining: 0s    
step 00284 (53.7%) | loss: 4.300675 | lrm: 0.93 | dt: 1059ms | tok/sec: 30,950 | epoch: 1 | remaining: 0s    
step 00285 (53.9%) | loss: 4.294854 | lrm: 0.92 | dt: 1036ms | tok/sec: 31,625 | epoch: 1 | remaining: 0s    
step 00286 (54.1%) | loss: 4.289409 | lrm: 0.92 | dt: 1075ms | tok/sec: 30,490 | epoch: 1 | remaining: 0s    
step 00287 (54.3%) | loss: 4.293801 | lrm: 0.91 | dt: 1067ms | tok/sec: 30,696 | epoch: 1 | remaining: 0s    
step 00288 (54.4%) | loss: 4.280896 | lrm: 0.91 | dt: 1017ms | tok/sec: 32,226 | epoch: 1 | remaining: 0s    
step 00289 (54.6%) | loss: 4.278286 | lrm: 0.91 | dt: 1055ms | tok/sec: 31,048 | epoch: 1 | remaining: 0s    
step 00290 (54.8%) | loss: 4.259385 | lrm: 0.90 | dt: 1068ms | tok/sec: 30,679 | epoch: 1 | remaining: 0s    
step 00291 (55.0%) | loss: 4.249985 | lrm: 0.90 | dt: 1040ms | tok/sec: 31,513 | epoch: 1 | remaining: 0s    
step 00292 (55.2%) | loss: 4.242711 | lrm: 0.90 | dt: 1035ms | tok/sec: 31,673 | epoch: 1 | remaining: 0s    
step 00293 (55.4%) | loss: 4.247613 | lrm: 0.89 | dt: 1052ms | tok/sec: 31,138 | epoch: 1 | remaining: 0s    
step 00294 (55.6%) | loss: 4.247236 | lrm: 0.89 | dt: 990ms | tok/sec: 33,102 | epoch: 1 | remaining: 0s    
step 00295 (55.8%) | loss: 4.240731 | lrm: 0.88 | dt: 1224ms | tok/sec: 26,768 | epoch: 1 | remaining: 0s    
step 00296 (56.0%) | loss: 4.237823 | lrm: 0.88 | dt: 1183ms | tok/sec: 27,698 | epoch: 1 | remaining: 0s    
step 00297 (56.1%) | loss: 4.230227 | lrm: 0.88 | dt: 977ms | tok/sec: 33,532 | epoch: 1 | remaining: 0s    
step 00298 (56.3%) | loss: 4.224188 | lrm: 0.87 | dt: 907ms | tok/sec: 36,122 | epoch: 1 | remaining: 0s    
step 00299 (56.5%) | loss: 4.220677 | lrm: 0.87 | dt: 1005ms | tok/sec: 32,611 | epoch: 1 | remaining: 0s    
step 00300 (56.7%) | loss: 4.228390 | lrm: 0.87 | dt: 1236ms | tok/sec: 26,520 | epoch: 1 | remaining: 0s    
step 00301 (56.9%) | loss: 4.237584 | lrm: 0.86 | dt: 1068ms | tok/sec: 30,685 | epoch: 1 | remaining: 0s    
step 00302 (57.1%) | loss: 4.232579 | lrm: 0.86 | dt: 933ms | tok/sec: 35,108 | epoch: 1 | remaining: 0s    
step 00303 (57.3%) | loss: 4.225826 | lrm: 0.85 | dt: 1025ms | tok/sec: 31,959 | epoch: 1 | remaining: 0s    
step 00304 (57.5%) | loss: 4.223764 | lrm: 0.85 | dt: 1108ms | tok/sec: 29,567 | epoch: 1 | remaining: 0s    
step 00305 (57.7%) | loss: 4.224597 | lrm: 0.85 | dt: 1109ms | tok/sec: 29,559 | epoch: 1 | remaining: 0s    
step 00306 (57.8%) | loss: 4.211141 | lrm: 0.84 | dt: 1079ms | tok/sec: 30,359 | epoch: 1 | remaining: 0s    
step 00307 (58.0%) | loss: 4.203341 | lrm: 0.84 | dt: 1046ms | tok/sec: 31,336 | epoch: 1 | remaining: 0s    
step 00308 (58.2%) | loss: 4.195641 | lrm: 0.84 | dt: 1029ms | tok/sec: 31,843 | epoch: 1 | remaining: 0s    
step 00309 (58.4%) | loss: 4.191845 | lrm: 0.83 | dt: 1047ms | tok/sec: 31,305 | epoch: 1 | remaining: 0s    
step 00310 (58.6%) | loss: 4.185298 | lrm: 0.83 | dt: 1056ms | tok/sec: 31,021 | epoch: 1 | remaining: 0s    
step 00311 (58.8%) | loss: 4.185236 | lrm: 0.82 | dt: 1077ms | tok/sec: 30,426 | epoch: 1 | remaining: 0s    
step 00312 (59.0%) | loss: 4.194100 | lrm: 0.82 | dt: 1021ms | tok/sec: 32,109 | epoch: 1 | remaining: 0s    
step 00313 (59.2%) | loss: 4.185804 | lrm: 0.82 | dt: 1012ms | tok/sec: 32,375 | epoch: 1 | remaining: 0s    
step 00314 (59.4%) | loss: 4.176390 | lrm: 0.81 | dt: 1076ms | tok/sec: 30,463 | epoch: 1 | remaining: 0s    
step 00315 (59.5%) | loss: 4.173103 | lrm: 0.81 | dt: 1114ms | tok/sec: 29,404 | epoch: 1 | remaining: 0s    
step 00316 (59.7%) | loss: 4.171335 | lrm: 0.81 | dt: 1051ms | tok/sec: 31,163 | epoch: 1 | remaining: 0s    
step 00317 (59.9%) | loss: 4.170494 | lrm: 0.80 | dt: 1041ms | tok/sec: 31,477 | epoch: 1 | remaining: 0s    
step 00318 (60.1%) | loss: 4.157546 | lrm: 0.80 | dt: 1100ms | tok/sec: 29,783 | epoch: 1 | remaining: 0s    
step 00319 (60.3%) | loss: 4.147460 | lrm: 0.79 | dt: 1059ms | tok/sec: 30,943 | epoch: 1 | remaining: 0s    
step 00320 (60.5%) | loss: 4.146686 | lrm: 0.79 | dt: 1024ms | tok/sec: 31,998 | epoch: 1 | remaining: 0s    
step 00321 (60.7%) | loss: 4.143505 | lrm: 0.79 | dt: 1042ms | tok/sec: 31,443 | epoch: 1 | remaining: 0s    
step 00322 (60.9%) | loss: 4.141206 | lrm: 0.78 | dt: 1058ms | tok/sec: 30,975 | epoch: 1 | remaining: 0s    
step 00323 (61.1%) | loss: 4.137802 | lrm: 0.78 | dt: 1051ms | tok/sec: 31,185 | epoch: 1 | remaining: 0s    
step 00324 (61.2%) | loss: 4.132002 | lrm: 0.78 | dt: 1096ms | tok/sec: 29,890 | epoch: 1 | remaining: 0s    
step 00325 (61.4%) | loss: 4.128104 | lrm: 0.77 | dt: 1078ms | tok/sec: 30,385 | epoch: 1 | remaining: 0s    
step 00326 (61.6%) | loss: 4.123823 | lrm: 0.77 | dt: 1042ms | tok/sec: 31,449 | epoch: 1 | remaining: 0s    
step 00327 (61.8%) | loss: 4.117516 | lrm: 0.76 | dt: 1066ms | tok/sec: 30,728 | epoch: 1 | remaining: 0s    
step 00328 (62.0%) | loss: 4.120823 | lrm: 0.76 | dt: 1075ms | tok/sec: 30,495 | epoch: 1 | remaining: 0s    
step 00329 (62.2%) | loss: 4.124090 | lrm: 0.76 | dt: 985ms | tok/sec: 33,259 | epoch: 1 | remaining: 0s    
step 00330 (62.4%) | loss: 4.123088 | lrm: 0.75 | dt: 1049ms | tok/sec: 31,232 | epoch: 1 | remaining: 0s    
step 00331 (62.6%) | loss: 4.114476 | lrm: 0.75 | dt: 1059ms | tok/sec: 30,943 | epoch: 1 | remaining: 0s    
step 00332 (62.8%) | loss: 4.119556 | lrm: 0.74 | dt: 1057ms | tok/sec: 30,997 | epoch: 1 | remaining: 0s    
step 00333 (62.9%) | loss: 4.106798 | lrm: 0.74 | dt: 1131ms | tok/sec: 28,961 | epoch: 1 | remaining: 0s    
step 00334 (63.1%) | loss: 4.105200 | lrm: 0.74 | dt: 1117ms | tok/sec: 29,341 | epoch: 1 | remaining: 0s    
step 00335 (63.3%) | loss: 4.105511 | lrm: 0.73 | dt: 1006ms | tok/sec: 32,582 | epoch: 1 | remaining: 0s    
step 00336 (63.5%) | loss: 4.103329 | lrm: 0.73 | dt: 1264ms | tok/sec: 25,932 | epoch: 1 | remaining: 0s    
step 00337 (63.7%) | loss: 4.099708 | lrm: 0.73 | dt: 856ms | tok/sec: 38,276 | epoch: 1 | remaining: 0s    
step 00338 (63.9%) | loss: 4.102138 | lrm: 0.72 | dt: 983ms | tok/sec: 33,328 | epoch: 1 | remaining: 0s    
step 00339 (64.1%) | loss: 4.100728 | lrm: 0.72 | dt: 1224ms | tok/sec: 26,773 | epoch: 1 | remaining: 0s    
step 00340 (64.3%) | loss: 4.091470 | lrm: 0.71 | dt: 1116ms | tok/sec: 29,352 | epoch: 1 | remaining: 0s    
step 00341 (64.5%) | loss: 4.080880 | lrm: 0.71 | dt: 969ms | tok/sec: 33,831 | epoch: 1 | remaining: 0s    
step 00342 (64.7%) | loss: 4.088089 | lrm: 0.71 | dt: 972ms | tok/sec: 33,715 | epoch: 1 | remaining: 0s    
step 00343 (64.8%) | loss: 4.083455 | lrm: 0.70 | dt: 1063ms | tok/sec: 30,818 | epoch: 1 | remaining: 0s    
step 00344 (65.0%) | loss: 4.077162 | lrm: 0.70 | dt: 1107ms | tok/sec: 29,607 | epoch: 1 | remaining: 0s    
step 00345 (65.2%) | loss: 4.082385 | lrm: 0.70 | dt: 1058ms | tok/sec: 30,972 | epoch: 1 | remaining: 0s    
step 00346 (65.4%) | loss: 4.079212 | lrm: 0.69 | dt: 984ms | tok/sec: 33,301 | epoch: 1 | remaining: 0s    
step 00347 (65.6%) | loss: 4.076238 | lrm: 0.69 | dt: 1035ms | tok/sec: 31,672 | epoch: 1 | remaining: 0s    
step 00348 (65.8%) | loss: 4.079905 | lrm: 0.68 | dt: 1074ms | tok/sec: 30,515 | epoch: 1 | remaining: 0s    
step 00349 (66.0%) | loss: 4.071473 | lrm: 0.68 | dt: 1006ms | tok/sec: 32,576 | epoch: 1 | remaining: 0s    
step 00350 (66.2%) | loss: 4.063730 | lrm: 0.68 | dt: 1036ms | tok/sec: 31,619 | epoch: 1 | remaining: 0s    
step 00351 (66.4%) | loss: 4.058809 | lrm: 0.67 | dt: 1050ms | tok/sec: 31,194 | epoch: 1 | remaining: 0s    
step 00352 (66.5%) | loss: 4.061281 | lrm: 0.67 | dt: 1107ms | tok/sec: 29,601 | epoch: 1 | remaining: 0s    
step 00353 (66.7%) | loss: 4.057108 | lrm: 0.67 | dt: 1068ms | tok/sec: 30,689 | epoch: 1 | remaining: 0s    
step 00354 (66.9%) | loss: 4.047670 | lrm: 0.66 | dt: 1055ms | tok/sec: 31,061 | epoch: 1 | remaining: 0s    
step 00355 (67.1%) | loss: 4.054243 | lrm: 0.66 | dt: 1018ms | tok/sec: 32,185 | epoch: 1 | remaining: 0s    
step 00356 (67.3%) | loss: 4.054017 | lrm: 0.65 | dt: 1035ms | tok/sec: 31,650 | epoch: 1 | remaining: 0s    
step 00357 (67.5%) | loss: 4.055650 | lrm: 0.65 | dt: 1038ms | tok/sec: 31,570 | epoch: 1 | remaining: 0s    
step 00358 (67.7%) | loss: 4.058793 | lrm: 0.65 | dt: 1069ms | tok/sec: 30,656 | epoch: 1 | remaining: 0s    
step 00359 (67.9%) | loss: 4.066502 | lrm: 0.64 | dt: 1008ms | tok/sec: 32,504 | epoch: 1 | remaining: 0s    
step 00360 (68.1%) | loss: 4.074642 | lrm: 0.64 | dt: 1047ms | tok/sec: 31,292 | epoch: 1 | remaining: 0s    
step 00361 (68.2%) | loss: 4.076103 | lrm: 0.64 | dt: 1012ms | tok/sec: 32,383 | epoch: 1 | remaining: 0s    
step 00362 (68.4%) | loss: 4.072314 | lrm: 0.63 | dt: 1058ms | tok/sec: 30,969 | epoch: 1 | remaining: 0s    
step 00363 (68.6%) | loss: 4.064364 | lrm: 0.63 | dt: 1076ms | tok/sec: 30,460 | epoch: 1 | remaining: 0s    
step 00364 (68.8%) | loss: 4.046002 | lrm: 0.62 | dt: 1058ms | tok/sec: 30,973 | epoch: 1 | remaining: 0s    
step 00365 (69.0%) | loss: 4.038649 | lrm: 0.62 | dt: 983ms | tok/sec: 33,344 | epoch: 1 | remaining: 0s    
step 00366 (69.2%) | loss: 4.034478 | lrm: 0.62 | dt: 1015ms | tok/sec: 32,288 | epoch: 1 | remaining: 0s    
step 00367 (69.4%) | loss: 4.028455 | lrm: 0.61 | dt: 1061ms | tok/sec: 30,870 | epoch: 1 | remaining: 0s    
step 00368 (69.6%) | loss: 4.024803 | lrm: 0.61 | dt: 1063ms | tok/sec: 30,821 | epoch: 1 | remaining: 0s    
step 00369 (69.8%) | loss: 4.031054 | lrm: 0.60 | dt: 1000ms | tok/sec: 32,768 | epoch: 1 | remaining: 0s    
step 00370 (69.9%) | loss: 4.030224 | lrm: 0.60 | dt: 1019ms | tok/sec: 32,153 | epoch: 1 | remaining: 0s    
step 00371 (70.1%) | loss: 4.021224 | lrm: 0.60 | dt: 1032ms | tok/sec: 31,763 | epoch: 1 | remaining: 0s    
step 00372 (70.3%) | loss: 4.018637 | lrm: 0.59 | dt: 1044ms | tok/sec: 31,382 | epoch: 1 | remaining: 0s    
step 00373 (70.5%) | loss: 4.021370 | lrm: 0.59 | dt: 1048ms | tok/sec: 31,257 | epoch: 1 | remaining: 0s    
step 00374 (70.7%) | loss: 4.017965 | lrm: 0.59 | dt: 1017ms | tok/sec: 32,206 | epoch: 1 | remaining: 0s    
step 00375 (70.9%) | loss: 4.011739 | lrm: 0.58 | dt: 1034ms | tok/sec: 31,690 | epoch: 1 | remaining: 0s    
step 00376 (71.1%) | loss: 4.007607 | lrm: 0.58 | dt: 1059ms | tok/sec: 30,953 | epoch: 1 | remaining: 0s    
step 00377 (71.3%) | loss: 4.019790 | lrm: 0.57 | dt: 1031ms | tok/sec: 31,770 | epoch: 1 | remaining: 0s    
step 00378 (71.5%) | loss: 4.008008 | lrm: 0.57 | dt: 1023ms | tok/sec: 32,035 | epoch: 1 | remaining: 0s    
step 00379 (71.6%) | loss: 4.012015 | lrm: 0.57 | dt: 1019ms | tok/sec: 32,159 | epoch: 1 | remaining: 0s    
step 00380 (71.8%) | loss: 4.008216 | lrm: 0.56 | dt: 998ms | tok/sec: 32,843 | epoch: 1 | remaining: 0s    
step 00381 (72.0%) | loss: 4.005001 | lrm: 0.56 | dt: 1044ms | tok/sec: 31,380 | epoch: 1 | remaining: 0s    
step 00382 (72.2%) | loss: 3.997183 | lrm: 0.56 | dt: 1073ms | tok/sec: 30,537 | epoch: 1 | remaining: 0s    
step 00383 (72.4%) | loss: 3.997130 | lrm: 0.55 | dt: 1001ms | tok/sec: 32,733 | epoch: 1 | remaining: 0s    
step 00384 (72.6%) | loss: 3.993728 | lrm: 0.55 | dt: 1009ms | tok/sec: 32,480 | epoch: 1 | remaining: 0s    
step 00385 (72.8%) | loss: 3.990209 | lrm: 0.54 | dt: 1017ms | tok/sec: 32,232 | epoch: 1 | remaining: 0s    
step 00386 (73.0%) | loss: 3.990268 | lrm: 0.54 | dt: 985ms | tok/sec: 33,282 | epoch: 1 | remaining: 0s    
step 00387 (73.2%) | loss: 3.979146 | lrm: 0.54 | dt: 1008ms | tok/sec: 32,519 | epoch: 1 | remaining: 0s    
step 00388 (73.3%) | loss: 3.970126 | lrm: 0.53 | dt: 1033ms | tok/sec: 31,729 | epoch: 1 | remaining: 0s    
step 00389 (73.5%) | loss: 3.966149 | lrm: 0.53 | dt: 1009ms | tok/sec: 32,464 | epoch: 1 | remaining: 0s    
step 00390 (73.7%) | loss: 3.962181 | lrm: 0.53 | dt: 1039ms | tok/sec: 31,530 | epoch: 1 | remaining: 0s    
step 00391 (73.9%) | loss: 3.971040 | lrm: 0.52 | dt: 1040ms | tok/sec: 31,492 | epoch: 1 | remaining: 0s    
step 00392 (74.1%) | loss: 3.966487 | lrm: 0.52 | dt: 946ms | tok/sec: 34,641 | epoch: 1 | remaining: 0s    
step 00393 (74.3%) | loss: 3.965918 | lrm: 0.51 | dt: 963ms | tok/sec: 34,043 | epoch: 1 | remaining: 0s    
step 00394 (74.5%) | loss: 3.971715 | lrm: 0.51 | dt: 1038ms | tok/sec: 31,582 | epoch: 1 | remaining: 0s    
step 00395 (74.7%) | loss: 3.970177 | lrm: 0.51 | dt: 1066ms | tok/sec: 30,750 | epoch: 1 | remaining: 0s    
step 00396 (74.9%) | loss: 3.958413 | lrm: 0.50 | dt: 1049ms | tok/sec: 31,236 | epoch: 1 | remaining: 0s    
step 00397 (75.0%) | loss: 3.964319 | lrm: 0.50 | dt: 967ms | tok/sec: 33,879 | epoch: 1 | remaining: 0s    
step 00398 (75.2%) | loss: 3.960669 | lrm: 0.50 | dt: 964ms | tok/sec: 33,997 | epoch: 1 | remaining: 0s    
step 00399 (75.4%) | loss: 3.961999 | lrm: 0.49 | dt: 1028ms | tok/sec: 31,872 | epoch: 1 | remaining: 0s    
step 00400 (75.6%) | loss: 3.956557 | lrm: 0.49 | dt: 1066ms | tok/sec: 30,740 | epoch: 1 | remaining: 0s    
step 00401 (75.8%) | loss: 3.950510 | lrm: 0.48 | dt: 984ms | tok/sec: 33,306 | epoch: 1 | remaining: 0s    
step 00402 (76.0%) | loss: 3.946197 | lrm: 0.48 | dt: 1024ms | tok/sec: 31,997 | epoch: 1 | remaining: 0s    
step 00403 (76.2%) | loss: 3.954639 | lrm: 0.48 | dt: 1016ms | tok/sec: 32,257 | epoch: 1 | remaining: 0s    
step 00404 (76.4%) | loss: 3.956176 | lrm: 0.47 | dt: 1058ms | tok/sec: 30,967 | epoch: 1 | remaining: 0s    
step 00405 (76.6%) | loss: 3.952575 | lrm: 0.47 | dt: 1058ms | tok/sec: 30,983 | epoch: 1 | remaining: 0s    
step 00406 (76.7%) | loss: 3.962519 | lrm: 0.47 | dt: 1158ms | tok/sec: 28,296 | epoch: 1 | remaining: 0s    
step 00407 (76.9%) | loss: 3.961296 | lrm: 0.46 | dt: 754ms | tok/sec: 43,480 | epoch: 1 | remaining: 0s    
step 00408 (77.1%) | loss: 3.943946 | lrm: 0.46 | dt: 847ms | tok/sec: 38,673 | epoch: 1 | remaining: 0s    
step 00409 (77.3%) | loss: 3.939972 | lrm: 0.45 | dt: 1052ms | tok/sec: 31,149 | epoch: 1 | remaining: 0s    
step 00410 (77.5%) | loss: 3.927503 | lrm: 0.45 | dt: 1171ms | tok/sec: 27,986 | epoch: 1 | remaining: 0s    
step 00411 (77.7%) | loss: 3.924497 | lrm: 0.45 | dt: 1008ms | tok/sec: 32,494 | epoch: 1 | remaining: 0s    
step 00412 (77.9%) | loss: 3.915329 | lrm: 0.44 | dt: 918ms | tok/sec: 35,677 | epoch: 1 | remaining: 0s    
step 00413 (78.1%) | loss: 3.909410 | lrm: 0.44 | dt: 982ms | tok/sec: 33,362 | epoch: 1 | remaining: 0s    
step 00414 (78.3%) | loss: 3.910768 | lrm: 0.43 | dt: 1066ms | tok/sec: 30,724 | epoch: 1 | remaining: 0s    
step 00415 (78.4%) | loss: 3.912254 | lrm: 0.43 | dt: 1086ms | tok/sec: 30,177 | epoch: 1 | remaining: 0s    
step 00416 (78.6%) | loss: 3.912996 | lrm: 0.43 | dt: 989ms | tok/sec: 33,135 | epoch: 1 | remaining: 0s    
step 00417 (78.8%) | loss: 3.912497 | lrm: 0.42 | dt: 977ms | tok/sec: 33,534 | epoch: 1 | remaining: 0s    
step 00418 (79.0%) | loss: 3.905654 | lrm: 0.42 | dt: 1050ms | tok/sec: 31,202 | epoch: 1 | remaining: 0s    
step 00419 (79.2%) | loss: 3.903899 | lrm: 0.42 | dt: 1038ms | tok/sec: 31,576 | epoch: 1 | remaining: 0s    
step 00420 (79.4%) | loss: 3.906826 | lrm: 0.41 | dt: 1041ms | tok/sec: 31,470 | epoch: 1 | remaining: 0s    
step 00421 (79.6%) | loss: 3.901087 | lrm: 0.41 | dt: 1004ms | tok/sec: 32,624 | epoch: 1 | remaining: 0s    
step 00422 (79.8%) | loss: 3.898078 | lrm: 0.40 | dt: 1056ms | tok/sec: 31,028 | epoch: 1 | remaining: 0s    
step 00423 (80.0%) | loss: 3.887078 | lrm: 0.40 | dt: 1046ms | tok/sec: 31,337 | epoch: 1 | remaining: 0s    
step 00424 (80.2%) | loss: 3.885121 | lrm: 0.40 | dt: 1027ms | tok/sec: 31,905 | epoch: 1 | remaining: 0s    
step 00425 (80.3%) | loss: 3.883473 | lrm: 0.39 | dt: 1021ms | tok/sec: 32,093 | epoch: 1 | remaining: 0s    
step 00426 (80.5%) | loss: 3.878968 | lrm: 0.39 | dt: 1051ms | tok/sec: 31,172 | epoch: 1 | remaining: 0s    
step 00427 (80.7%) | loss: 3.884614 | lrm: 0.39 | dt: 1040ms | tok/sec: 31,506 | epoch: 1 | remaining: 0s    
step 00428 (80.9%) | loss: 3.883655 | lrm: 0.38 | dt: 1040ms | tok/sec: 31,505 | epoch: 1 | remaining: 0s    
step 00429 (81.1%) | loss: 3.880626 | lrm: 0.38 | dt: 1035ms | tok/sec: 31,653 | epoch: 1 | remaining: 0s    
step 00430 (81.3%) | loss: 3.890565 | lrm: 0.37 | dt: 1031ms | tok/sec: 31,796 | epoch: 1 | remaining: 0s    
step 00431 (81.5%) | loss: 3.887578 | lrm: 0.37 | dt: 1067ms | tok/sec: 30,704 | epoch: 1 | remaining: 0s    
step 00432 (81.7%) | loss: 3.888772 | lrm: 0.37 | dt: 1026ms | tok/sec: 31,943 | epoch: 1 | remaining: 0s    
step 00433 (81.9%) | loss: 3.887031 | lrm: 0.36 | dt: 1057ms | tok/sec: 30,998 | epoch: 1 | remaining: 0s    
step 00434 (82.0%) | loss: 3.877048 | lrm: 0.36 | dt: 1026ms | tok/sec: 31,933 | epoch: 1 | remaining: 0s    
step 00435 (82.2%) | loss: 3.873588 | lrm: 0.36 | dt: 1043ms | tok/sec: 31,431 | epoch: 1 | remaining: 0s    
step 00436 (82.4%) | loss: 3.877277 | lrm: 0.35 | dt: 1034ms | tok/sec: 31,700 | epoch: 1 | remaining: 0s    
step 00437 (82.6%) | loss: 3.874833 | lrm: 0.35 | dt: 1074ms | tok/sec: 30,505 | epoch: 1 | remaining: 0s    
step 00438 (82.8%) | loss: 3.875509 | lrm: 0.34 | dt: 1024ms | tok/sec: 32,010 | epoch: 1 | remaining: 0s    
step 00439 (83.0%) | loss: 3.870590 | lrm: 0.34 | dt: 1035ms | tok/sec: 31,647 | epoch: 1 | remaining: 0s    
step 00440 (83.2%) | loss: 3.871928 | lrm: 0.34 | dt: 1054ms | tok/sec: 31,075 | epoch: 1 | remaining: 0s    
step 00441 (83.4%) | loss: 3.874116 | lrm: 0.33 | dt: 1042ms | tok/sec: 31,432 | epoch: 1 | remaining: 0s    
step 00442 (83.6%) | loss: 3.876932 | lrm: 0.33 | dt: 1059ms | tok/sec: 30,940 | epoch: 1 | remaining: 0s    
step 00443 (83.7%) | loss: 3.873200 | lrm: 0.33 | dt: 1036ms | tok/sec: 31,625 | epoch: 1 | remaining: 0s    
step 00444 (83.9%) | loss: 3.870116 | lrm: 0.32 | dt: 1058ms | tok/sec: 30,980 | epoch: 1 | remaining: 0s    
step 00445 (84.1%) | loss: 3.870989 | lrm: 0.32 | dt: 1071ms | tok/sec: 30,605 | epoch: 1 | remaining: 0s    
step 00446 (84.3%) | loss: 3.863455 | lrm: 0.31 | dt: 1046ms | tok/sec: 31,314 | epoch: 1 | remaining: 0s    
step 00447 (84.5%) | loss: 3.862019 | lrm: 0.31 | dt: 1065ms | tok/sec: 30,754 | epoch: 1 | remaining: 0s    
step 00448 (84.7%) | loss: 3.860087 | lrm: 0.31 | dt: 1050ms | tok/sec: 31,215 | epoch: 1 | remaining: 0s    
step 00449 (84.9%) | loss: 3.851656 | lrm: 0.30 | dt: 1050ms | tok/sec: 31,201 | epoch: 1 | remaining: 0s    
step 00450 (85.1%) | loss: 3.850092 | lrm: 0.30 | dt: 1058ms | tok/sec: 30,984 | epoch: 1 | remaining: 0s    
step 00451 (85.3%) | loss: 3.838538 | lrm: 0.29 | dt: 1069ms | tok/sec: 30,642 | epoch: 1 | remaining: 0s    
step 00452 (85.4%) | loss: 3.847495 | lrm: 0.29 | dt: 1055ms | tok/sec: 31,050 | epoch: 1 | remaining: 0s    
step 00453 (85.6%) | loss: 3.840406 | lrm: 0.29 | dt: 1059ms | tok/sec: 30,937 | epoch: 1 | remaining: 0s    
step 00454 (85.8%) | loss: 3.839833 | lrm: 0.28 | dt: 1074ms | tok/sec: 30,508 | epoch: 1 | remaining: 0s    
step 00455 (86.0%) | loss: 3.841849 | lrm: 0.28 | dt: 1057ms | tok/sec: 30,993 | epoch: 1 | remaining: 0s    
step 00456 (86.2%) | loss: 3.846945 | lrm: 0.28 | dt: 1044ms | tok/sec: 31,394 | epoch: 1 | remaining: 0s    
step 00457 (86.4%) | loss: 3.846451 | lrm: 0.27 | dt: 1030ms | tok/sec: 31,802 | epoch: 1 | remaining: 0s    
step 00458 (86.6%) | loss: 3.847116 | lrm: 0.27 | dt: 1044ms | tok/sec: 31,380 | epoch: 1 | remaining: 0s    
step 00459 (86.8%) | loss: 3.845140 | lrm: 0.26 | dt: 1001ms | tok/sec: 32,722 | epoch: 1 | remaining: 0s    
step 00460 (87.0%) | loss: 3.844789 | lrm: 0.26 | dt: 1011ms | tok/sec: 32,404 | epoch: 1 | remaining: 0s    
step 00461 (87.1%) | loss: 3.837122 | lrm: 0.26 | dt: 1063ms | tok/sec: 30,822 | epoch: 1 | remaining: 0s    
step 00462 (87.3%) | loss: 3.841120 | lrm: 0.25 | dt: 1047ms | tok/sec: 31,285 | epoch: 1 | remaining: 0s    
step 00463 (87.5%) | loss: 3.838999 | lrm: 0.25 | dt: 1045ms | tok/sec: 31,364 | epoch: 1 | remaining: 0s    
step 00464 (87.7%) | loss: 3.842953 | lrm: 0.25 | dt: 1045ms | tok/sec: 31,352 | epoch: 1 | remaining: 0s    
step 00465 (87.9%) | loss: 3.832423 | lrm: 0.24 | dt: 1012ms | tok/sec: 32,368 | epoch: 1 | remaining: 0s    
step 00466 (88.1%) | loss: 3.829825 | lrm: 0.24 | dt: 1049ms | tok/sec: 31,240 | epoch: 1 | remaining: 0s    
step 00467 (88.3%) | loss: 3.840401 | lrm: 0.23 | dt: 1052ms | tok/sec: 31,157 | epoch: 1 | remaining: 0s    
step 00468 (88.5%) | loss: 3.837749 | lrm: 0.23 | dt: 1051ms | tok/sec: 31,190 | epoch: 1 | remaining: 0s    
step 00469 (88.7%) | loss: 3.833961 | lrm: 0.23 | dt: 1049ms | tok/sec: 31,242 | epoch: 1 | remaining: 0s    
step 00470 (88.8%) | loss: 3.829730 | lrm: 0.22 | dt: 1058ms | tok/sec: 30,979 | epoch: 1 | remaining: 0s    
step 00471 (89.0%) | loss: 3.819775 | lrm: 0.22 | dt: 1040ms | tok/sec: 31,498 | epoch: 1 | remaining: 0s    
step 00472 (89.2%) | loss: 3.816588 | lrm: 0.22 | dt: 1035ms | tok/sec: 31,652 | epoch: 1 | remaining: 0s    
step 00473 (89.4%) | loss: 3.810587 | lrm: 0.21 | dt: 1073ms | tok/sec: 30,535 | epoch: 1 | remaining: 0s    
step 00474 (89.6%) | loss: 3.799903 | lrm: 0.21 | dt: 1043ms | tok/sec: 31,424 | epoch: 1 | remaining: 0s    
step 00475 (89.8%) | loss: 3.795947 | lrm: 0.20 | dt: 1042ms | tok/sec: 31,456 | epoch: 1 | remaining: 0s    
step 00476 (90.0%) | loss: 3.796357 | lrm: 0.20 | dt: 1042ms | tok/sec: 31,454 | epoch: 1 | remaining: 0s    
step 00477 (90.2%) | loss: 3.796017 | lrm: 0.20 | dt: 1018ms | tok/sec: 32,174 | epoch: 1 | remaining: 0s    
step 00478 (90.4%) | loss: 3.793486 | lrm: 0.19 | dt: 1057ms | tok/sec: 30,999 | epoch: 1 | remaining: 0s    
step 00479 (90.5%) | loss: 3.794319 | lrm: 0.19 | dt: 1033ms | tok/sec: 31,725 | epoch: 1 | remaining: 0s    
step 00480 (90.7%) | loss: 3.782724 | lrm: 0.19 | dt: 1063ms | tok/sec: 30,825 | epoch: 1 | remaining: 0s    
step 00481 (90.9%) | loss: 3.777126 | lrm: 0.18 | dt: 1072ms | tok/sec: 30,559 | epoch: 1 | remaining: 0s    
step 00482 (91.1%) | loss: 3.769063 | lrm: 0.18 | dt: 1024ms | tok/sec: 32,000 | epoch: 1 | remaining: 0s    
step 00483 (91.3%) | loss: 3.779907 | lrm: 0.17 | dt: 982ms | tok/sec: 33,385 | epoch: 1 | remaining: 0s    
step 00484 (91.5%) | loss: 3.783447 | lrm: 0.17 | dt: 1060ms | tok/sec: 30,920 | epoch: 1 | remaining: 0s    
step 00485 (91.7%) | loss: 3.785107 | lrm: 0.17 | dt: 1066ms | tok/sec: 30,726 | epoch: 1 | remaining: 0s    
step 00486 (91.9%) | loss: 3.783895 | lrm: 0.16 | dt: 1013ms | tok/sec: 32,335 | epoch: 1 | remaining: 0s    
step 00487 (92.1%) | loss: 3.781813 | lrm: 0.16 | dt: 993ms | tok/sec: 33,000 | epoch: 1 | remaining: 0s    
step 00488 (92.2%) | loss: 3.787553 | lrm: 0.16 | dt: 1070ms | tok/sec: 30,635 | epoch: 1 | remaining: 0s    
step 00489 (92.4%) | loss: 3.789064 | lrm: 0.15 | dt: 1007ms | tok/sec: 32,549 | epoch: 1 | remaining: 0s    
step 00490 (92.6%) | loss: 3.790154 | lrm: 0.15 | dt: 1007ms | tok/sec: 32,547 | epoch: 1 | remaining: 0s    
step 00491 (92.8%) | loss: 3.789473 | lrm: 0.14 | dt: 1036ms | tok/sec: 31,632 | epoch: 1 | remaining: 0s    
step 00492 (93.0%) | loss: 3.779660 | lrm: 0.14 | dt: 1024ms | tok/sec: 31,989 | epoch: 1 | remaining: 0s    
step 00493 (93.2%) | loss: 3.783095 | lrm: 0.14 | dt: 1024ms | tok/sec: 32,014 | epoch: 1 | remaining: 0s    
step 00494 (93.4%) | loss: 3.786536 | lrm: 0.13 | dt: 1036ms | tok/sec: 31,639 | epoch: 1 | remaining: 0s    
step 00495 (93.6%) | loss: 3.789113 | lrm: 0.13 | dt: 999ms | tok/sec: 32,792 | epoch: 1 | remaining: 0s    
step 00496 (93.8%) | loss: 3.785991 | lrm: 0.12 | dt: 1043ms | tok/sec: 31,425 | epoch: 1 | remaining: 0s    
step 00497 (94.0%) | loss: 3.784152 | lrm: 0.12 | dt: 1054ms | tok/sec: 31,099 | epoch: 1 | remaining: 0s    
step 00498 (94.1%) | loss: 3.772453 | lrm: 0.12 | dt: 1054ms | tok/sec: 31,098 | epoch: 1 | remaining: 0s    
step 00499 (94.3%) | loss: 3.776207 | lrm: 0.11 | dt: 997ms | tok/sec: 32,863 | epoch: 1 | remaining: 0s    
step 00500 (94.5%) | loss: 3.780530 | lrm: 0.11 | dt: 1045ms | tok/sec: 31,343 | epoch: 1 | remaining: 0s    
step 00501 (94.7%) | loss: 3.784833 | lrm: 0.11 | dt: 1025ms | tok/sec: 31,966 | epoch: 1 | remaining: 0s    
step 00502 (94.9%) | loss: 3.776685 | lrm: 0.10 | dt: 1021ms | tok/sec: 32,084 | epoch: 1 | remaining: 0s    
step 00503 (95.1%) | loss: 3.768860 | lrm: 0.10 | dt: 1036ms | tok/sec: 31,642 | epoch: 1 | remaining: 0s    
step 00504 (95.3%) | loss: 3.761492 | lrm: 0.09 | dt: 1018ms | tok/sec: 32,174 | epoch: 1 | remaining: 0s    
step 00505 (95.5%) | loss: 3.766771 | lrm: 0.09 | dt: 1053ms | tok/sec: 31,131 | epoch: 1 | remaining: 0s    
step 00506 (95.7%) | loss: 3.773410 | lrm: 0.09 | dt: 1035ms | tok/sec: 31,645 | epoch: 1 | remaining: 0s    
step 00507 (95.8%) | loss: 3.775405 | lrm: 0.08 | dt: 1036ms | tok/sec: 31,621 | epoch: 1 | remaining: 0s    
step 00508 (96.0%) | loss: 3.777257 | lrm: 0.08 | dt: 1072ms | tok/sec: 30,560 | epoch: 1 | remaining: 0s    
step 00509 (96.2%) | loss: 3.780082 | lrm: 0.08 | dt: 1068ms | tok/sec: 30,671 | epoch: 1 | remaining: 0s    
step 00510 (96.4%) | loss: 3.777868 | lrm: 0.07 | dt: 976ms | tok/sec: 33,562 | epoch: 1 | remaining: 0s    
step 00511 (96.6%) | loss: 3.774090 | lrm: 0.07 | dt: 1032ms | tok/sec: 31,752 | epoch: 1 | remaining: 0s    
step 00512 (96.8%) | loss: 3.780348 | lrm: 0.06 | dt: 1024ms | tok/sec: 32,011 | epoch: 1 | remaining: 0s    
step 00513 (97.0%) | loss: 3.777802 | lrm: 0.06 | dt: 1076ms | tok/sec: 30,455 | epoch: 1 | remaining: 0s    
step 00514 (97.2%) | loss: 3.774623 | lrm: 0.06 | dt: 1068ms | tok/sec: 30,674 | epoch: 1 | remaining: 0s    
step 00515 (97.4%) | loss: 3.778290 | lrm: 0.05 | dt: 1066ms | tok/sec: 30,734 | epoch: 1 | remaining: 0s    
step 00516 (97.5%) | loss: 3.771873 | lrm: 0.05 | dt: 1030ms | tok/sec: 31,827 | epoch: 1 | remaining: 0s    
step 00517 (97.7%) | loss: 3.765519 | lrm: 0.05 | dt: 968ms | tok/sec: 33,862 | epoch: 1 | remaining: 0s    
step 00518 (97.9%) | loss: 3.756988 | lrm: 0.04 | dt: 951ms | tok/sec: 34,449 | epoch: 1 | remaining: 0s    
step 00519 (98.1%) | loss: 3.756653 | lrm: 0.04 | dt: 1034ms | tok/sec: 31,692 | epoch: 1 | remaining: 0s    
step 00520 (98.3%) | loss: 3.750728 | lrm: 0.03 | dt: 1066ms | tok/sec: 30,729 | epoch: 1 | remaining: 0s    
step 00521 (98.5%) | loss: 3.746378 | lrm: 0.03 | dt: 1073ms | tok/sec: 30,541 | epoch: 1 | remaining: 0s    
step 00522 (98.7%) | loss: 3.737332 | lrm: 0.03 | dt: 982ms | tok/sec: 33,371 | epoch: 1 | remaining: 0s    
step 00523 (98.9%) | loss: 3.742949 | lrm: 0.02 | dt: 996ms | tok/sec: 32,907 | epoch: 1 | remaining: 0s    
step 00524 (99.1%) | loss: 3.735202 | lrm: 0.02 | dt: 1040ms | tok/sec: 31,498 | epoch: 1 | remaining: 0s    
step 00525 (99.2%) | loss: 3.749041 | lrm: 0.02 | dt: 992ms | tok/sec: 33,020 | epoch: 1 | remaining: 0s    
step 00526 (99.4%) | loss: 3.759022 | lrm: 0.01 | dt: 1010ms | tok/sec: 32,457 | epoch: 1 | remaining: 0s    
step 00527 (99.6%) | loss: 3.756567 | lrm: 0.01 | dt: 1007ms | tok/sec: 32,547 | epoch: 1 | remaining: 0s    
step 00528 (99.8%) | loss: 3.760148 | lrm: 0.00 | dt: 1031ms | tok/sec: 31,771 | epoch: 1 | remaining: 0s    
Training completed in 557.3s
Starting final eval...
Final eval batch size: 256
Final eval completed in 23.3s
WARNING: val_bpb=0.969682 is outside plausible range [1.0, 10.0]
Baseline results written: /Users/ahmadalzaro/.cache/autoresearch-arabic/baseline_results.json
---
val_bpb:          0.969682
training_seconds: 557.2
total_seconds:    581.6
peak_vram_mb:     19950.1
mfu_percent:      0.00
total_tokens_M:   17.3
num_steps:        529
num_params_M:     5.6
total_eval_nats:  5843619.375000
total_eval_bytes: 8694149
total_valid_tokens: 1567449
depth:            2
