Condition: d3
Data/tokenizer loaded in 0.2s
Time budget: 300s
Gradient accumulation steps: 1
Model compiled in 0.6s

step 00000 (0.0%) | loss: 9.011145 | lrm: 1.00 | dt: 591ms | tok/sec: 55,462 | epoch: 1 | remaining: 300s    
step 00001 (1.1%) | loss: 9.035437 | lrm: 1.00 | dt: 293ms | tok/sec: 111,682 | epoch: 1 | remaining: 300s    
step 00002 (2.3%) | loss: 8.672226 | lrm: 1.00 | dt: 507ms | tok/sec: 64,650 | epoch: 1 | remaining: 299s    
step 00003 (3.4%) | loss: 8.374523 | lrm: 1.00 | dt: 446ms | tok/sec: 73,407 | epoch: 1 | remaining: 299s    
step 00004 (4.5%) | loss: 8.163757 | lrm: 1.00 | dt: 475ms | tok/sec: 69,020 | epoch: 1 | remaining: 298s    
step 00005 (5.7%) | loss: 7.985215 | lrm: 1.00 | dt: 446ms | tok/sec: 73,547 | epoch: 1 | remaining: 298s    
step 00006 (6.8%) | loss: 7.847034 | lrm: 1.00 | dt: 835ms | tok/sec: 39,253 | epoch: 1 | remaining: 297s    
step 00007 (8.0%) | loss: 7.728306 | lrm: 1.00 | dt: 2290ms | tok/sec: 14,307 | epoch: 1 | remaining: 295s    
step 00008 (9.1%) | loss: 7.636041 | lrm: 1.00 | dt: 1084ms | tok/sec: 30,225 | epoch: 1 | remaining: 294s    
step 00009 (10.2%) | loss: 7.563237 | lrm: 1.00 | dt: 583ms | tok/sec: 56,236 | epoch: 1 | remaining: 293s    
step 00010 (11.4%) | loss: 7.487661 | lrm: 1.00 | dt: 683ms | tok/sec: 47,957 | epoch: 1 | remaining: 292s    
step 00011 (12.5%) | loss: 7.431391 | lrm: 1.00 | dt: 1200ms | tok/sec: 27,300 | epoch: 1 | remaining: 291s    
step 00012 (13.6%) | loss: 7.382000 | lrm: 1.00 | dt: 1483ms | tok/sec: 22,097 | epoch: 1 | remaining: 290s    
step 00013 (14.8%) | loss: 7.342172 | lrm: 1.00 | dt: 867ms | tok/sec: 37,800 | epoch: 1 | remaining: 289s    
step 00014 (15.9%) | loss: 7.308393 | lrm: 1.00 | dt: 733ms | tok/sec: 44,706 | epoch: 1 | remaining: 288s    
step 00015 (17.0%) | loss: 7.277830 | lrm: 1.00 | dt: 959ms | tok/sec: 34,153 | epoch: 1 | remaining: 287s    
step 00016 (18.2%) | loss: 7.244088 | lrm: 1.00 | dt: 1413ms | tok/sec: 23,189 | epoch: 1 | remaining: 286s    
step 00017 (19.3%) | loss: 7.215426 | lrm: 1.00 | dt: 1069ms | tok/sec: 30,657 | epoch: 1 | remaining: 285s    
step 00018 (20.5%) | loss: 7.193290 | lrm: 1.00 | dt: 840ms | tok/sec: 38,990 | epoch: 1 | remaining: 284s    
step 00019 (21.6%) | loss: 7.173884 | lrm: 1.00 | dt: 994ms | tok/sec: 32,969 | epoch: 1 | remaining: 283s    
step 00020 (22.7%) | loss: 7.150489 | lrm: 1.00 | dt: 1220ms | tok/sec: 26,853 | epoch: 1 | remaining: 282s    
step 00021 (23.9%) | loss: 7.126939 | lrm: 1.00 | dt: 1063ms | tok/sec: 30,829 | epoch: 1 | remaining: 281s    
step 00022 (25.0%) | loss: 7.108099 | lrm: 1.00 | dt: 941ms | tok/sec: 34,830 | epoch: 1 | remaining: 280s    
step 00023 (26.1%) | loss: 7.096263 | lrm: 1.00 | dt: 1093ms | tok/sec: 29,987 | epoch: 1 | remaining: 278s    
step 00024 (27.3%) | loss: 7.075229 | lrm: 1.00 | dt: 1098ms | tok/sec: 29,851 | epoch: 1 | remaining: 277s    
step 00025 (28.4%) | loss: 7.062035 | lrm: 1.00 | dt: 975ms | tok/sec: 33,603 | epoch: 1 | remaining: 276s    
step 00026 (29.5%) | loss: 7.045168 | lrm: 1.00 | dt: 1017ms | tok/sec: 32,209 | epoch: 1 | remaining: 275s    
step 00027 (30.7%) | loss: 7.020717 | lrm: 1.00 | dt: 1050ms | tok/sec: 31,201 | epoch: 1 | remaining: 274s    
step 00028 (31.8%) | loss: 7.001452 | lrm: 1.00 | dt: 1083ms | tok/sec: 30,250 | epoch: 1 | remaining: 273s    
step 00029 (33.0%) | loss: 6.982116 | lrm: 1.00 | dt: 1058ms | tok/sec: 30,972 | epoch: 1 | remaining: 272s    
step 00030 (34.1%) | loss: 6.961292 | lrm: 1.00 | dt: 1000ms | tok/sec: 32,768 | epoch: 1 | remaining: 271s    
step 00031 (35.2%) | loss: 6.937915 | lrm: 1.00 | dt: 1051ms | tok/sec: 31,186 | epoch: 1 | remaining: 270s    
step 00032 (36.4%) | loss: 6.919260 | lrm: 1.00 | dt: 1047ms | tok/sec: 31,298 | epoch: 1 | remaining: 269s    
step 00033 (37.5%) | loss: 6.900449 | lrm: 1.00 | dt: 1036ms | tok/sec: 31,641 | epoch: 1 | remaining: 268s    
step 00034 (38.6%) | loss: 6.882918 | lrm: 1.00 | dt: 1042ms | tok/sec: 31,458 | epoch: 1 | remaining: 267s    
step 00035 (39.8%) | loss: 6.861689 | lrm: 1.00 | dt: 1050ms | tok/sec: 31,209 | epoch: 1 | remaining: 266s    
step 00036 (40.9%) | loss: 6.848797 | lrm: 1.00 | dt: 1059ms | tok/sec: 30,954 | epoch: 1 | remaining: 265s    
step 00037 (42.0%) | loss: 6.839333 | lrm: 1.00 | dt: 1033ms | tok/sec: 31,714 | epoch: 1 | remaining: 264s    
step 00038 (43.2%) | loss: 6.818699 | lrm: 1.00 | dt: 1048ms | tok/sec: 31,274 | epoch: 1 | remaining: 263s    
step 00039 (44.3%) | loss: 6.818318 | lrm: 1.00 | dt: 1044ms | tok/sec: 31,397 | epoch: 1 | remaining: 262s    
step 00040 (45.5%) | loss: 6.808437 | lrm: 1.00 | dt: 1025ms | tok/sec: 31,974 | epoch: 1 | remaining: 261s    
step 00041 (46.6%) | loss: 6.792234 | lrm: 1.00 | dt: 1081ms | tok/sec: 30,306 | epoch: 1 | remaining: 260s    
step 00042 (47.7%) | loss: 6.777097 | lrm: 1.00 | dt: 1061ms | tok/sec: 30,887 | epoch: 1 | remaining: 259s    
step 00043 (48.9%) | loss: 6.767574 | lrm: 1.00 | dt: 1041ms | tok/sec: 31,469 | epoch: 1 | remaining: 258s    
step 00044 (50.0%) | loss: 6.747251 | lrm: 1.00 | dt: 1017ms | tok/sec: 32,227 | epoch: 1 | remaining: 257s    
step 00045 (51.1%) | loss: 6.731074 | lrm: 0.98 | dt: 1054ms | tok/sec: 31,080 | epoch: 1 | remaining: 256s    
step 00046 (52.3%) | loss: 6.711167 | lrm: 0.95 | dt: 1046ms | tok/sec: 31,328 | epoch: 1 | remaining: 254s    
step 00047 (53.4%) | loss: 6.691227 | lrm: 0.93 | dt: 1032ms | tok/sec: 31,746 | epoch: 1 | remaining: 253s    
step 00048 (54.5%) | loss: 6.672659 | lrm: 0.91 | dt: 1041ms | tok/sec: 31,485 | epoch: 1 | remaining: 252s    
step 00049 (55.7%) | loss: 6.658765 | lrm: 0.89 | dt: 1018ms | tok/sec: 32,199 | epoch: 1 | remaining: 251s    
step 00050 (56.8%) | loss: 6.641957 | lrm: 0.86 | dt: 1016ms | tok/sec: 32,263 | epoch: 1 | remaining: 250s    
step 00051 (58.0%) | loss: 6.625642 | lrm: 0.84 | dt: 1026ms | tok/sec: 31,932 | epoch: 1 | remaining: 249s    
step 00052 (59.1%) | loss: 6.601801 | lrm: 0.82 | dt: 1008ms | tok/sec: 32,511 | epoch: 1 | remaining: 248s    
step 00053 (60.2%) | loss: 6.585071 | lrm: 0.80 | dt: 1017ms | tok/sec: 32,229 | epoch: 1 | remaining: 247s    
step 00054 (61.4%) | loss: 6.566244 | lrm: 0.77 | dt: 1017ms | tok/sec: 32,225 | epoch: 1 | remaining: 246s    
step 00055 (62.5%) | loss: 6.553784 | lrm: 0.75 | dt: 1025ms | tok/sec: 31,981 | epoch: 1 | remaining: 245s    
step 00056 (63.6%) | loss: 6.540931 | lrm: 0.73 | dt: 1009ms | tok/sec: 32,481 | epoch: 1 | remaining: 244s    
step 00057 (64.8%) | loss: 6.524543 | lrm: 0.70 | dt: 1050ms | tok/sec: 31,213 | epoch: 1 | remaining: 243s    
step 00058 (65.9%) | loss: 6.504851 | lrm: 0.68 | dt: 992ms | tok/sec: 33,038 | epoch: 1 | remaining: 242s    
step 00059 (67.0%) | loss: 6.494342 | lrm: 0.66 | dt: 1026ms | tok/sec: 31,925 | epoch: 1 | remaining: 241s    
step 00060 (68.2%) | loss: 6.478454 | lrm: 0.64 | dt: 1065ms | tok/sec: 30,760 | epoch: 1 | remaining: 240s    
step 00061 (69.3%) | loss: 6.466931 | lrm: 0.61 | dt: 1047ms | tok/sec: 31,282 | epoch: 1 | remaining: 239s    
step 00062 (70.5%) | loss: 6.450677 | lrm: 0.59 | dt: 1061ms | tok/sec: 30,889 | epoch: 1 | remaining: 238s    
step 00063 (71.6%) | loss: 6.435772 | lrm: 0.57 | dt: 1042ms | tok/sec: 31,454 | epoch: 1 | remaining: 237s    
step 00064 (72.7%) | loss: 6.424148 | lrm: 0.55 | dt: 1055ms | tok/sec: 31,071 | epoch: 1 | remaining: 236s    
step 00065 (73.9%) | loss: 6.409725 | lrm: 0.52 | dt: 1061ms | tok/sec: 30,877 | epoch: 1 | remaining: 235s    
step 00066 (75.0%) | loss: 6.399616 | lrm: 0.50 | dt: 1025ms | tok/sec: 31,970 | epoch: 1 | remaining: 234s    
step 00067 (76.1%) | loss: 6.384175 | lrm: 0.48 | dt: 1051ms | tok/sec: 31,177 | epoch: 1 | remaining: 233s    
step 00068 (77.3%) | loss: 6.378700 | lrm: 0.45 | dt: 1065ms | tok/sec: 30,782 | epoch: 1 | remaining: 232s    
step 00069 (78.4%) | loss: 6.366458 | lrm: 0.43 | dt: 1033ms | tok/sec: 31,707 | epoch: 1 | remaining: 231s    
step 00070 (79.5%) | loss: 6.354495 | lrm: 0.41 | dt: 1024ms | tok/sec: 32,005 | epoch: 1 | remaining: 230s    
step 00071 (80.7%) | loss: 6.344712 | lrm: 0.39 | dt: 1002ms | tok/sec: 32,694 | epoch: 1 | remaining: 229s    
step 00072 (81.8%) | loss: 6.332281 | lrm: 0.36 | dt: 1034ms | tok/sec: 31,704 | epoch: 1 | remaining: 228s    
step 00073 (83.0%) | loss: 6.319676 | lrm: 0.34 | dt: 1059ms | tok/sec: 30,946 | epoch: 1 | remaining: 227s    
step 00074 (84.1%) | loss: 6.310029 | lrm: 0.32 | dt: 1049ms | tok/sec: 31,226 | epoch: 1 | remaining: 226s    
step 00075 (85.2%) | loss: 6.302368 | lrm: 0.30 | dt: 1062ms | tok/sec: 30,852 | epoch: 1 | remaining: 224s    
step 00076 (86.4%) | loss: 6.299241 | lrm: 0.27 | dt: 1021ms | tok/sec: 32,086 | epoch: 1 | remaining: 223s    
step 00077 (87.5%) | loss: 6.293338 | lrm: 0.25 | dt: 1067ms | tok/sec: 30,720 | epoch: 1 | remaining: 222s    
step 00078 (88.6%) | loss: 6.293309 | lrm: 0.23 | dt: 1082ms | tok/sec: 30,292 | epoch: 1 | remaining: 221s    
step 00079 (89.8%) | loss: 6.289361 | lrm: 0.20 | dt: 1043ms | tok/sec: 31,412 | epoch: 1 | remaining: 220s    
step 00080 (90.9%) | loss: 6.291638 | lrm: 0.18 | dt: 1016ms | tok/sec: 32,256 | epoch: 1 | remaining: 219s    
step 00081 (92.0%) | loss: 6.282446 | lrm: 0.16 | dt: 1065ms | tok/sec: 30,762 | epoch: 1 | remaining: 218s    
step 00082 (93.2%) | loss: 6.278509 | lrm: 0.14 | dt: 1018ms | tok/sec: 32,172 | epoch: 1 | remaining: 217s    
step 00083 (94.3%) | loss: 6.280160 | lrm: 0.11 | dt: 1000ms | tok/sec: 32,759 | epoch: 1 | remaining: 216s    
step 00084 (95.5%) | loss: 6.267108 | lrm: 0.09 | dt: 1098ms | tok/sec: 29,840 | epoch: 1 | remaining: 215s    
step 00085 (96.6%) | loss: 6.261152 | lrm: 0.07 | dt: 1127ms | tok/sec: 29,080 | epoch: 1 | remaining: 214s    
step 00086 (97.7%) | loss: 6.252818 | lrm: 0.05 | dt: 1058ms | tok/sec: 30,982 | epoch: 1 | remaining: 213s    
step 00087 (98.9%) | loss: 6.249549 | lrm: 0.02 | dt: 958ms | tok/sec: 34,191 | epoch: 1 | remaining: 212s    
Training completed in 88.1s
Starting final eval...
Final eval batch size: 256
Final eval completed in 21.3s
Baseline results written: /Users/ahmadalzaro/.cache/autoresearch-arabic/baseline_results.json
---
val_bpb:          1.606805
training_seconds: 88.1
total_seconds:    110.3
peak_vram_mb:     19950.1
mfu_percent:      0.00
total_tokens_M:   2.9
num_steps:        88
num_params_M:     5.6
total_eval_nats:  9683128.000000
total_eval_bytes: 8694149
total_valid_tokens: 1567449
depth:            2
