Condition: d3
Data/tokenizer loaded in 0.3s
Time budget: 300s
Gradient accumulation steps: 1
Model compiled in 0.6s

step 00000 (0.0%) | loss: 9.011121 | lrm: 1.00 | dt: 574ms | tok/sec: 57,114 | epoch: 1 | remaining: 300s    
step 00001 (0.1%) | loss: 9.023853 | lrm: 1.00 | dt: 336ms | tok/sec: 97,653 | epoch: 1 | remaining: 300s    
step 00002 (0.2%) | loss: 8.655443 | lrm: 1.00 | dt: 541ms | tok/sec: 60,579 | epoch: 1 | remaining: 299s    
step 00003 (0.3%) | loss: 8.358163 | lrm: 1.00 | dt: 752ms | tok/sec: 43,594 | epoch: 1 | remaining: 298s    
step 00004 (0.5%) | loss: 8.147846 | lrm: 1.00 | dt: 1102ms | tok/sec: 29,725 | epoch: 1 | remaining: 297s    
step 00005 (0.6%) | loss: 7.975689 | lrm: 1.00 | dt: 1737ms | tok/sec: 18,865 | epoch: 1 | remaining: 296s    
step 00006 (0.7%) | loss: 7.848572 | lrm: 1.00 | dt: 912ms | tok/sec: 35,930 | epoch: 1 | remaining: 295s    
step 00007 (0.8%) | loss: 7.743870 | lrm: 1.00 | dt: 791ms | tok/sec: 41,417 | epoch: 1 | remaining: 294s    
step 00008 (0.9%) | loss: 7.665444 | lrm: 1.00 | dt: 958ms | tok/sec: 34,218 | epoch: 1 | remaining: 293s    
step 00009 (1.0%) | loss: 7.607584 | lrm: 1.00 | dt: 1275ms | tok/sec: 25,704 | epoch: 1 | remaining: 292s    
step 00010 (1.1%) | loss: 7.539260 | lrm: 1.00 | dt: 1092ms | tok/sec: 30,006 | epoch: 1 | remaining: 291s    
step 00011 (1.2%) | loss: 7.493588 | lrm: 1.00 | dt: 892ms | tok/sec: 36,750 | epoch: 1 | remaining: 290s    
step 00012 (1.4%) | loss: 7.449884 | lrm: 1.00 | dt: 1008ms | tok/sec: 32,492 | epoch: 1 | remaining: 289s    
step 00013 (1.5%) | loss: 7.418345 | lrm: 1.00 | dt: 1226ms | tok/sec: 26,731 | epoch: 1 | remaining: 287s    
step 00014 (1.6%) | loss: 7.389527 | lrm: 1.00 | dt: 1059ms | tok/sec: 30,939 | epoch: 1 | remaining: 286s    
step 00015 (1.7%) | loss: 7.362319 | lrm: 1.00 | dt: 990ms | tok/sec: 33,089 | epoch: 1 | remaining: 285s    
step 00016 (1.8%) | loss: 7.333096 | lrm: 1.00 | dt: 1218ms | tok/sec: 26,913 | epoch: 1 | remaining: 284s    
step 00017 (1.9%) | loss: 7.307598 | lrm: 1.00 | dt: 1051ms | tok/sec: 31,192 | epoch: 1 | remaining: 283s    
step 00018 (2.0%) | loss: 7.289145 | lrm: 1.00 | dt: 998ms | tok/sec: 32,817 | epoch: 1 | remaining: 282s    
step 00019 (2.2%) | loss: 7.273520 | lrm: 1.00 | dt: 1067ms | tok/sec: 30,705 | epoch: 1 | remaining: 281s    
step 00020 (2.3%) | loss: 7.255731 | lrm: 1.00 | dt: 1131ms | tok/sec: 28,970 | epoch: 1 | remaining: 280s    
step 00021 (2.4%) | loss: 7.237132 | lrm: 1.00 | dt: 1024ms | tok/sec: 31,987 | epoch: 1 | remaining: 279s    
step 00022 (2.5%) | loss: 7.223370 | lrm: 1.00 | dt: 1069ms | tok/sec: 30,658 | epoch: 1 | remaining: 278s    
step 00023 (2.6%) | loss: 7.216654 | lrm: 1.00 | dt: 1099ms | tok/sec: 29,821 | epoch: 1 | remaining: 277s    
step 00024 (2.7%) | loss: 7.205320 | lrm: 1.00 | dt: 1067ms | tok/sec: 30,705 | epoch: 1 | remaining: 276s    
step 00025 (2.8%) | loss: 7.206740 | lrm: 1.00 | dt: 983ms | tok/sec: 33,331 | epoch: 1 | remaining: 275s    
step 00026 (2.9%) | loss: 7.196892 | lrm: 1.00 | dt: 1031ms | tok/sec: 31,769 | epoch: 1 | remaining: 274s    
step 00027 (3.1%) | loss: 7.181155 | lrm: 1.00 | dt: 1059ms | tok/sec: 30,949 | epoch: 1 | remaining: 273s    
step 00028 (3.2%) | loss: 7.169912 | lrm: 1.00 | dt: 1002ms | tok/sec: 32,710 | epoch: 1 | remaining: 272s    
step 00029 (3.3%) | loss: 7.158967 | lrm: 1.00 | dt: 1066ms | tok/sec: 30,726 | epoch: 1 | remaining: 270s    
step 00030 (3.4%) | loss: 7.143642 | lrm: 1.00 | dt: 1030ms | tok/sec: 31,806 | epoch: 1 | remaining: 269s    
step 00031 (3.5%) | loss: 7.126541 | lrm: 1.00 | dt: 1020ms | tok/sec: 32,133 | epoch: 1 | remaining: 268s    
step 00032 (3.6%) | loss: 7.112886 | lrm: 1.00 | dt: 992ms | tok/sec: 33,045 | epoch: 1 | remaining: 267s    
step 00033 (3.7%) | loss: 7.099258 | lrm: 1.00 | dt: 1026ms | tok/sec: 31,951 | epoch: 1 | remaining: 266s    
step 00034 (3.9%) | loss: 7.087108 | lrm: 1.00 | dt: 1042ms | tok/sec: 31,460 | epoch: 1 | remaining: 265s    
step 00035 (4.0%) | loss: 7.072972 | lrm: 1.00 | dt: 1063ms | tok/sec: 30,832 | epoch: 1 | remaining: 264s    
step 00036 (4.1%) | loss: 7.060594 | lrm: 1.00 | dt: 1004ms | tok/sec: 32,636 | epoch: 1 | remaining: 263s    
step 00037 (4.2%) | loss: 7.041101 | lrm: 1.00 | dt: 1050ms | tok/sec: 31,207 | epoch: 1 | remaining: 262s    
step 00038 (4.3%) | loss: 7.025063 | lrm: 1.00 | dt: 1043ms | tok/sec: 31,431 | epoch: 1 | remaining: 261s    
step 00039 (4.4%) | loss: 7.013804 | lrm: 1.00 | dt: 1049ms | tok/sec: 31,232 | epoch: 1 | remaining: 260s    
step 00040 (4.5%) | loss: 6.991460 | lrm: 1.00 | dt: 1058ms | tok/sec: 30,971 | epoch: 1 | remaining: 259s    
step 00041 (4.6%) | loss: 6.967348 | lrm: 1.00 | dt: 1059ms | tok/sec: 30,941 | epoch: 1 | remaining: 258s    
step 00042 (4.8%) | loss: 6.946564 | lrm: 1.00 | dt: 1039ms | tok/sec: 31,532 | epoch: 1 | remaining: 257s    
step 00043 (4.9%) | loss: 6.926670 | lrm: 1.00 | dt: 967ms | tok/sec: 33,897 | epoch: 1 | remaining: 256s    
step 00044 (5.0%) | loss: 6.900601 | lrm: 1.00 | dt: 1018ms | tok/sec: 32,182 | epoch: 1 | remaining: 255s    
step 00045 (5.1%) | loss: 6.876319 | lrm: 1.00 | dt: 1022ms | tok/sec: 32,066 | epoch: 1 | remaining: 254s    
step 00046 (5.2%) | loss: 6.850170 | lrm: 1.00 | dt: 1095ms | tok/sec: 29,929 | epoch: 1 | remaining: 253s    
step 00047 (5.3%) | loss: 6.824065 | lrm: 1.00 | dt: 1041ms | tok/sec: 31,468 | epoch: 1 | remaining: 252s    
step 00048 (5.4%) | loss: 6.800337 | lrm: 1.00 | dt: 1025ms | tok/sec: 31,980 | epoch: 1 | remaining: 251s    
step 00049 (5.5%) | loss: 6.780613 | lrm: 1.00 | dt: 1014ms | tok/sec: 32,308 | epoch: 1 | remaining: 250s    
step 00050 (5.7%) | loss: 6.760028 | lrm: 1.00 | dt: 1028ms | tok/sec: 31,879 | epoch: 1 | remaining: 249s    
step 00051 (5.8%) | loss: 6.739089 | lrm: 1.00 | dt: 1047ms | tok/sec: 31,282 | epoch: 1 | remaining: 248s    
step 00052 (5.9%) | loss: 6.709227 | lrm: 1.00 | dt: 1020ms | tok/sec: 32,114 | epoch: 1 | remaining: 247s    
step 00053 (6.0%) | loss: 6.686780 | lrm: 1.00 | dt: 1108ms | tok/sec: 29,586 | epoch: 1 | remaining: 246s    
step 00054 (6.1%) | loss: 6.662892 | lrm: 1.00 | dt: 1049ms | tok/sec: 31,244 | epoch: 1 | remaining: 245s    
step 00055 (6.2%) | loss: 6.649025 | lrm: 1.00 | dt: 1084ms | tok/sec: 30,238 | epoch: 1 | remaining: 243s    
step 00056 (6.3%) | loss: 6.635155 | lrm: 1.00 | dt: 1041ms | tok/sec: 31,466 | epoch: 1 | remaining: 242s    
step 00057 (6.5%) | loss: 6.613450 | lrm: 1.00 | dt: 972ms | tok/sec: 33,710 | epoch: 1 | remaining: 241s    
step 00058 (6.6%) | loss: 6.588547 | lrm: 1.00 | dt: 1002ms | tok/sec: 32,689 | epoch: 1 | remaining: 240s    
step 00059 (6.7%) | loss: 6.573304 | lrm: 1.00 | dt: 1025ms | tok/sec: 31,958 | epoch: 1 | remaining: 239s    
step 00060 (6.8%) | loss: 6.551873 | lrm: 1.00 | dt: 1008ms | tok/sec: 32,502 | epoch: 1 | remaining: 238s    
step 00061 (6.9%) | loss: 6.536390 | lrm: 1.00 | dt: 1023ms | tok/sec: 32,021 | epoch: 1 | remaining: 237s    
step 00062 (7.0%) | loss: 6.518628 | lrm: 1.00 | dt: 1004ms | tok/sec: 32,650 | epoch: 1 | remaining: 236s    
step 00063 (7.1%) | loss: 6.508721 | lrm: 1.00 | dt: 1032ms | tok/sec: 31,765 | epoch: 1 | remaining: 235s    
step 00064 (7.2%) | loss: 6.493220 | lrm: 1.00 | dt: 967ms | tok/sec: 33,883 | epoch: 1 | remaining: 234s    
step 00065 (7.4%) | loss: 6.476701 | lrm: 1.00 | dt: 1029ms | tok/sec: 31,842 | epoch: 1 | remaining: 233s    
step 00066 (7.5%) | loss: 6.467998 | lrm: 1.00 | dt: 1062ms | tok/sec: 30,847 | epoch: 1 | remaining: 232s    
step 00067 (7.6%) | loss: 6.457628 | lrm: 1.00 | dt: 1049ms | tok/sec: 31,226 | epoch: 1 | remaining: 231s    
step 00068 (7.7%) | loss: 6.451592 | lrm: 1.00 | dt: 1042ms | tok/sec: 31,437 | epoch: 1 | remaining: 230s    
step 00069 (7.8%) | loss: 6.433164 | lrm: 1.00 | dt: 1050ms | tok/sec: 31,201 | epoch: 1 | remaining: 229s    
step 00070 (7.9%) | loss: 6.418710 | lrm: 1.00 | dt: 1023ms | tok/sec: 32,024 | epoch: 1 | remaining: 228s    
step 00071 (8.0%) | loss: 6.401782 | lrm: 1.00 | dt: 1018ms | tok/sec: 32,194 | epoch: 1 | remaining: 227s    
step 00072 (8.2%) | loss: 6.382930 | lrm: 1.00 | dt: 1009ms | tok/sec: 32,491 | epoch: 1 | remaining: 226s    
step 00073 (8.3%) | loss: 6.363676 | lrm: 1.00 | dt: 1054ms | tok/sec: 31,079 | epoch: 1 | remaining: 225s    
step 00074 (8.4%) | loss: 6.345058 | lrm: 1.00 | dt: 1030ms | tok/sec: 31,828 | epoch: 1 | remaining: 224s    
step 00075 (8.5%) | loss: 6.327434 | lrm: 1.00 | dt: 1041ms | tok/sec: 31,468 | epoch: 1 | remaining: 223s    
step 00076 (8.6%) | loss: 6.314154 | lrm: 1.00 | dt: 1042ms | tok/sec: 31,458 | epoch: 1 | remaining: 222s    
step 00077 (8.7%) | loss: 6.298407 | lrm: 1.00 | dt: 1025ms | tok/sec: 31,970 | epoch: 1 | remaining: 221s    
step 00078 (8.8%) | loss: 6.290168 | lrm: 1.00 | dt: 1050ms | tok/sec: 31,221 | epoch: 1 | remaining: 220s    
step 00079 (8.9%) | loss: 6.274593 | lrm: 1.00 | dt: 1050ms | tok/sec: 31,210 | epoch: 1 | remaining: 219s    
step 00080 (9.1%) | loss: 6.266082 | lrm: 1.00 | dt: 1025ms | tok/sec: 31,966 | epoch: 1 | remaining: 218s    
step 00081 (9.2%) | loss: 6.244427 | lrm: 1.00 | dt: 1016ms | tok/sec: 32,240 | epoch: 1 | remaining: 217s    
step 00082 (9.3%) | loss: 6.230390 | lrm: 1.00 | dt: 1023ms | tok/sec: 32,021 | epoch: 1 | remaining: 216s    
step 00083 (9.4%) | loss: 6.237981 | lrm: 1.00 | dt: 1003ms | tok/sec: 32,666 | epoch: 1 | remaining: 215s    
step 00084 (9.5%) | loss: 6.233287 | lrm: 1.00 | dt: 997ms | tok/sec: 32,878 | epoch: 1 | remaining: 214s    
step 00085 (9.6%) | loss: 6.220824 | lrm: 1.00 | dt: 1017ms | tok/sec: 32,212 | epoch: 1 | remaining: 213s    
step 00086 (9.7%) | loss: 6.208159 | lrm: 1.00 | dt: 1026ms | tok/sec: 31,949 | epoch: 1 | remaining: 212s    
step 00087 (9.9%) | loss: 6.192162 | lrm: 1.00 | dt: 980ms | tok/sec: 33,445 | epoch: 1 | remaining: 211s    
step 00088 (10.0%) | loss: 6.178721 | lrm: 1.00 | dt: 1014ms | tok/sec: 32,306 | epoch: 1 | remaining: 210s    
step 00089 (10.1%) | loss: 6.167923 | lrm: 1.00 | dt: 981ms | tok/sec: 33,391 | epoch: 1 | remaining: 209s    
step 00090 (10.2%) | loss: 6.148310 | lrm: 1.00 | dt: 1082ms | tok/sec: 30,294 | epoch: 1 | remaining: 208s    
step 00091 (10.3%) | loss: 6.125879 | lrm: 1.00 | dt: 1111ms | tok/sec: 29,504 | epoch: 1 | remaining: 207s    
step 00092 (10.4%) | loss: 6.110453 | lrm: 1.00 | dt: 1049ms | tok/sec: 31,232 | epoch: 1 | remaining: 206s    
step 00093 (10.5%) | loss: 6.094662 | lrm: 1.00 | dt: 1084ms | tok/sec: 30,220 | epoch: 1 | remaining: 204s    
step 00094 (10.6%) | loss: 6.073661 | lrm: 1.00 | dt: 1082ms | tok/sec: 30,271 | epoch: 1 | remaining: 203s    
step 00095 (10.8%) | loss: 6.055423 | lrm: 1.00 | dt: 1051ms | tok/sec: 31,188 | epoch: 1 | remaining: 202s    
step 00096 (10.9%) | loss: 6.033668 | lrm: 1.00 | dt: 1024ms | tok/sec: 31,993 | epoch: 1 | remaining: 201s    
step 00097 (11.0%) | loss: 6.015913 | lrm: 1.00 | dt: 1034ms | tok/sec: 31,702 | epoch: 1 | remaining: 200s    
step 00098 (11.1%) | loss: 5.996020 | lrm: 1.00 | dt: 1059ms | tok/sec: 30,941 | epoch: 1 | remaining: 199s    
step 00099 (11.2%) | loss: 5.976127 | lrm: 1.00 | dt: 1108ms | tok/sec: 29,580 | epoch: 1 | remaining: 198s    
step 00100 (11.3%) | loss: 5.954939 | lrm: 1.00 | dt: 1051ms | tok/sec: 31,170 | epoch: 1 | remaining: 197s    
step 00101 (11.4%) | loss: 5.935551 | lrm: 1.00 | dt: 1033ms | tok/sec: 31,730 | epoch: 1 | remaining: 196s    
step 00102 (11.6%) | loss: 5.916341 | lrm: 1.00 | dt: 1151ms | tok/sec: 28,475 | epoch: 1 | remaining: 195s    
step 00103 (11.7%) | loss: 5.908188 | lrm: 1.00 | dt: 1082ms | tok/sec: 30,281 | epoch: 1 | remaining: 194s    
step 00104 (11.8%) | loss: 5.895984 | lrm: 1.00 | dt: 972ms | tok/sec: 33,699 | epoch: 1 | remaining: 193s    
step 00105 (11.9%) | loss: 5.876014 | lrm: 1.00 | dt: 968ms | tok/sec: 33,840 | epoch: 1 | remaining: 192s    
step 00106 (12.0%) | loss: 5.854235 | lrm: 1.00 | dt: 1026ms | tok/sec: 31,949 | epoch: 1 | remaining: 191s    
step 00107 (12.1%) | loss: 5.839803 | lrm: 1.00 | dt: 1067ms | tok/sec: 30,711 | epoch: 1 | remaining: 190s    
step 00108 (12.2%) | loss: 5.823457 | lrm: 1.00 | dt: 974ms | tok/sec: 33,647 | epoch: 1 | remaining: 189s    
step 00109 (12.3%) | loss: 5.814886 | lrm: 1.00 | dt: 1005ms | tok/sec: 32,590 | epoch: 1 | remaining: 188s    
step 00110 (12.5%) | loss: 5.812552 | lrm: 1.00 | dt: 1050ms | tok/sec: 31,206 | epoch: 1 | remaining: 187s    
step 00111 (12.6%) | loss: 5.813464 | lrm: 1.00 | dt: 994ms | tok/sec: 32,954 | epoch: 1 | remaining: 186s    
step 00112 (12.7%) | loss: 5.812245 | lrm: 1.00 | dt: 983ms | tok/sec: 33,324 | epoch: 1 | remaining: 185s    
step 00113 (12.8%) | loss: 5.809225 | lrm: 1.00 | dt: 1072ms | tok/sec: 30,563 | epoch: 1 | remaining: 184s    
step 00114 (12.9%) | loss: 5.796458 | lrm: 1.00 | dt: 1068ms | tok/sec: 30,680 | epoch: 1 | remaining: 183s    
step 00115 (13.0%) | loss: 5.782111 | lrm: 1.00 | dt: 1033ms | tok/sec: 31,722 | epoch: 1 | remaining: 182s    
step 00116 (13.1%) | loss: 5.774110 | lrm: 1.00 | dt: 984ms | tok/sec: 33,294 | epoch: 1 | remaining: 181s    
step 00117 (13.3%) | loss: 5.759933 | lrm: 1.00 | dt: 1028ms | tok/sec: 31,888 | epoch: 1 | remaining: 180s    
step 00118 (13.4%) | loss: 5.744948 | lrm: 1.00 | dt: 1049ms | tok/sec: 31,243 | epoch: 1 | remaining: 178s    
step 00119 (13.5%) | loss: 5.730188 | lrm: 1.00 | dt: 1004ms | tok/sec: 32,628 | epoch: 1 | remaining: 177s    
step 00120 (13.6%) | loss: 5.716226 | lrm: 1.00 | dt: 1220ms | tok/sec: 26,852 | epoch: 1 | remaining: 176s    
step 00121 (13.7%) | loss: 5.701161 | lrm: 1.00 | dt: 1039ms | tok/sec: 31,542 | epoch: 1 | remaining: 175s    
step 00122 (13.8%) | loss: 5.689818 | lrm: 1.00 | dt: 996ms | tok/sec: 32,908 | epoch: 1 | remaining: 174s    
step 00123 (13.9%) | loss: 5.675932 | lrm: 1.00 | dt: 1179ms | tok/sec: 27,789 | epoch: 1 | remaining: 173s    
step 00124 (14.0%) | loss: 5.662679 | lrm: 1.00 | dt: 1110ms | tok/sec: 29,526 | epoch: 1 | remaining: 172s    
step 00125 (14.2%) | loss: 5.650525 | lrm: 1.00 | dt: 1026ms | tok/sec: 31,928 | epoch: 1 | remaining: 171s    
step 00126 (14.3%) | loss: 5.634852 | lrm: 1.00 | dt: 1049ms | tok/sec: 31,234 | epoch: 1 | remaining: 170s    
step 00127 (14.4%) | loss: 5.619829 | lrm: 1.00 | dt: 1057ms | tok/sec: 31,012 | epoch: 1 | remaining: 169s    
step 00128 (14.5%) | loss: 5.606198 | lrm: 1.00 | dt: 1075ms | tok/sec: 30,467 | epoch: 1 | remaining: 168s    
step 00129 (14.6%) | loss: 5.592663 | lrm: 1.00 | dt: 1019ms | tok/sec: 32,158 | epoch: 1 | remaining: 167s    
step 00130 (14.7%) | loss: 5.577898 | lrm: 1.00 | dt: 1009ms | tok/sec: 32,487 | epoch: 1 | remaining: 166s    
step 00131 (14.8%) | loss: 5.563337 | lrm: 1.00 | dt: 1047ms | tok/sec: 31,298 | epoch: 1 | remaining: 165s    
step 00132 (14.9%) | loss: 5.556978 | lrm: 1.00 | dt: 1032ms | tok/sec: 31,752 | epoch: 1 | remaining: 164s    
step 00133 (15.1%) | loss: 5.548093 | lrm: 1.00 | dt: 1012ms | tok/sec: 32,385 | epoch: 1 | remaining: 163s    
step 00134 (15.2%) | loss: 5.529986 | lrm: 1.00 | dt: 1050ms | tok/sec: 31,204 | epoch: 1 | remaining: 162s    
step 00135 (15.3%) | loss: 5.515932 | lrm: 1.00 | dt: 1008ms | tok/sec: 32,513 | epoch: 1 | remaining: 161s    
step 00136 (15.4%) | loss: 5.505549 | lrm: 1.00 | dt: 1040ms | tok/sec: 31,516 | epoch: 1 | remaining: 159s    
step 00137 (15.5%) | loss: 5.489052 | lrm: 1.00 | dt: 1075ms | tok/sec: 30,476 | epoch: 1 | remaining: 158s    
step 00138 (15.6%) | loss: 5.486635 | lrm: 1.00 | dt: 1052ms | tok/sec: 31,148 | epoch: 1 | remaining: 157s    
step 00139 (15.7%) | loss: 5.484493 | lrm: 1.00 | dt: 1026ms | tok/sec: 31,942 | epoch: 1 | remaining: 156s    
step 00140 (15.9%) | loss: 5.473635 | lrm: 1.00 | dt: 1065ms | tok/sec: 30,759 | epoch: 1 | remaining: 155s    
step 00141 (16.0%) | loss: 5.467931 | lrm: 1.00 | dt: 1051ms | tok/sec: 31,185 | epoch: 1 | remaining: 154s    
step 00142 (16.1%) | loss: 5.455955 | lrm: 1.00 | dt: 1067ms | tok/sec: 30,720 | epoch: 1 | remaining: 153s    
step 00143 (16.2%) | loss: 5.435593 | lrm: 1.00 | dt: 1158ms | tok/sec: 28,290 | epoch: 1 | remaining: 152s    
step 00144 (16.3%) | loss: 5.424228 | lrm: 1.00 | dt: 1041ms | tok/sec: 31,465 | epoch: 1 | remaining: 151s    
step 00145 (16.4%) | loss: 5.409528 | lrm: 1.00 | dt: 956ms | tok/sec: 34,272 | epoch: 1 | remaining: 150s    
step 00146 (16.5%) | loss: 5.402930 | lrm: 1.00 | dt: 1007ms | tok/sec: 32,529 | epoch: 1 | remaining: 149s    
step 00147 (16.6%) | loss: 5.387061 | lrm: 1.00 | dt: 1061ms | tok/sec: 30,886 | epoch: 1 | remaining: 148s    
step 00148 (16.8%) | loss: 5.378208 | lrm: 1.00 | dt: 1031ms | tok/sec: 31,781 | epoch: 1 | remaining: 147s    
step 00149 (16.9%) | loss: 5.372770 | lrm: 1.00 | dt: 986ms | tok/sec: 33,227 | epoch: 1 | remaining: 146s    
step 00150 (17.0%) | loss: 5.356870 | lrm: 1.00 | dt: 1042ms | tok/sec: 31,439 | epoch: 1 | remaining: 145s    
step 00151 (17.1%) | loss: 5.353484 | lrm: 1.00 | dt: 1032ms | tok/sec: 31,737 | epoch: 1 | remaining: 144s    
step 00152 (17.2%) | loss: 5.346904 | lrm: 1.00 | dt: 1000ms | tok/sec: 32,774 | epoch: 1 | remaining: 143s    
step 00153 (17.3%) | loss: 5.337719 | lrm: 1.00 | dt: 1016ms | tok/sec: 32,239 | epoch: 1 | remaining: 142s    
step 00154 (17.4%) | loss: 5.336452 | lrm: 1.00 | dt: 1032ms | tok/sec: 31,739 | epoch: 1 | remaining: 141s    
step 00155 (17.6%) | loss: 5.331127 | lrm: 1.00 | dt: 1000ms | tok/sec: 32,767 | epoch: 1 | remaining: 140s    
step 00156 (17.7%) | loss: 5.322976 | lrm: 1.00 | dt: 1019ms | tok/sec: 32,172 | epoch: 1 | remaining: 139s    
step 00157 (17.8%) | loss: 5.310966 | lrm: 1.00 | dt: 1046ms | tok/sec: 31,322 | epoch: 1 | remaining: 138s    
step 00158 (17.9%) | loss: 5.293415 | lrm: 1.00 | dt: 1002ms | tok/sec: 32,702 | epoch: 1 | remaining: 137s    
step 00159 (18.0%) | loss: 5.289035 | lrm: 1.00 | dt: 1057ms | tok/sec: 31,013 | epoch: 1 | remaining: 136s    
step 00160 (18.1%) | loss: 5.282900 | lrm: 1.00 | dt: 1044ms | tok/sec: 31,388 | epoch: 1 | remaining: 135s    
step 00161 (18.2%) | loss: 5.270932 | lrm: 1.00 | dt: 1008ms | tok/sec: 32,494 | epoch: 1 | remaining: 134s    
step 00162 (18.3%) | loss: 5.257239 | lrm: 1.00 | dt: 1016ms | tok/sec: 32,243 | epoch: 1 | remaining: 133s    
step 00163 (18.5%) | loss: 5.243538 | lrm: 1.00 | dt: 1018ms | tok/sec: 32,193 | epoch: 1 | remaining: 132s    
step 00164 (18.6%) | loss: 5.235751 | lrm: 1.00 | dt: 1065ms | tok/sec: 30,757 | epoch: 1 | remaining: 131s    
step 00165 (18.7%) | loss: 5.224490 | lrm: 1.00 | dt: 1017ms | tok/sec: 32,205 | epoch: 1 | remaining: 130s    
step 00166 (18.8%) | loss: 5.211278 | lrm: 1.00 | dt: 1067ms | tok/sec: 30,717 | epoch: 1 | remaining: 128s    
step 00167 (18.9%) | loss: 5.199611 | lrm: 1.00 | dt: 1059ms | tok/sec: 30,955 | epoch: 1 | remaining: 127s    
step 00168 (19.0%) | loss: 5.187012 | lrm: 1.00 | dt: 983ms | tok/sec: 33,344 | epoch: 1 | remaining: 126s    
step 00169 (19.1%) | loss: 5.188031 | lrm: 1.00 | dt: 992ms | tok/sec: 33,033 | epoch: 1 | remaining: 125s    
step 00170 (19.3%) | loss: 5.187230 | lrm: 1.00 | dt: 1050ms | tok/sec: 31,218 | epoch: 1 | remaining: 124s    
step 00171 (19.4%) | loss: 5.191644 | lrm: 1.00 | dt: 1009ms | tok/sec: 32,468 | epoch: 1 | remaining: 123s    
step 00172 (19.5%) | loss: 5.172824 | lrm: 1.00 | dt: 1041ms | tok/sec: 31,490 | epoch: 1 | remaining: 122s    
step 00173 (19.6%) | loss: 5.160860 | lrm: 1.00 | dt: 1026ms | tok/sec: 31,952 | epoch: 1 | remaining: 121s    
step 00174 (19.7%) | loss: 5.145168 | lrm: 1.00 | dt: 1023ms | tok/sec: 32,017 | epoch: 1 | remaining: 120s    
step 00175 (19.8%) | loss: 5.136421 | lrm: 1.00 | dt: 1069ms | tok/sec: 30,656 | epoch: 1 | remaining: 119s    
step 00176 (19.9%) | loss: 5.132945 | lrm: 1.00 | dt: 1082ms | tok/sec: 30,283 | epoch: 1 | remaining: 118s    
step 00177 (20.0%) | loss: 5.123578 | lrm: 1.00 | dt: 1085ms | tok/sec: 30,211 | epoch: 1 | remaining: 117s    
step 00178 (20.2%) | loss: 5.112052 | lrm: 1.00 | dt: 1049ms | tok/sec: 31,231 | epoch: 1 | remaining: 116s    
step 00179 (20.3%) | loss: 5.112771 | lrm: 1.00 | dt: 1067ms | tok/sec: 30,719 | epoch: 1 | remaining: 115s    
step 00180 (20.4%) | loss: 5.104110 | lrm: 1.00 | dt: 1092ms | tok/sec: 30,016 | epoch: 1 | remaining: 114s    
step 00181 (20.5%) | loss: 5.093892 | lrm: 1.00 | dt: 1075ms | tok/sec: 30,491 | epoch: 1 | remaining: 113s    
step 00182 (20.6%) | loss: 5.086633 | lrm: 1.00 | dt: 1056ms | tok/sec: 31,027 | epoch: 1 | remaining: 112s    
step 00183 (20.7%) | loss: 5.074882 | lrm: 1.00 | dt: 1044ms | tok/sec: 31,381 | epoch: 1 | remaining: 111s    
step 00184 (20.8%) | loss: 5.061210 | lrm: 1.00 | dt: 1049ms | tok/sec: 31,229 | epoch: 1 | remaining: 110s    
step 00185 (21.0%) | loss: 5.061022 | lrm: 1.00 | dt: 1107ms | tok/sec: 29,588 | epoch: 1 | remaining: 108s    
step 00186 (21.1%) | loss: 5.059702 | lrm: 1.00 | dt: 1093ms | tok/sec: 29,981 | epoch: 1 | remaining: 107s    
step 00187 (21.2%) | loss: 5.047737 | lrm: 1.00 | dt: 1022ms | tok/sec: 32,069 | epoch: 1 | remaining: 106s    
step 00188 (21.3%) | loss: 5.042123 | lrm: 1.00 | dt: 969ms | tok/sec: 33,816 | epoch: 1 | remaining: 105s    
step 00189 (21.4%) | loss: 5.038175 | lrm: 1.00 | dt: 1051ms | tok/sec: 31,189 | epoch: 1 | remaining: 104s    
step 00190 (21.5%) | loss: 5.031008 | lrm: 1.00 | dt: 1059ms | tok/sec: 30,954 | epoch: 1 | remaining: 103s    
step 00191 (21.6%) | loss: 5.038989 | lrm: 1.00 | dt: 1066ms | tok/sec: 30,727 | epoch: 1 | remaining: 102s    
step 00192 (21.7%) | loss: 5.039857 | lrm: 1.00 | dt: 1050ms | tok/sec: 31,208 | epoch: 1 | remaining: 101s    
step 00193 (21.9%) | loss: 5.032616 | lrm: 1.00 | dt: 1067ms | tok/sec: 30,702 | epoch: 1 | remaining: 100s    
step 00194 (22.0%) | loss: 5.031182 | lrm: 1.00 | dt: 1049ms | tok/sec: 31,231 | epoch: 1 | remaining: 99s    
step 00195 (22.1%) | loss: 5.022479 | lrm: 1.00 | dt: 1075ms | tok/sec: 30,483 | epoch: 1 | remaining: 98s    
step 00196 (22.2%) | loss: 5.010867 | lrm: 1.00 | dt: 1050ms | tok/sec: 31,208 | epoch: 1 | remaining: 97s    
step 00197 (22.3%) | loss: 5.003410 | lrm: 1.00 | dt: 1058ms | tok/sec: 30,971 | epoch: 1 | remaining: 96s    
step 00198 (22.4%) | loss: 4.990946 | lrm: 1.00 | dt: 1118ms | tok/sec: 29,307 | epoch: 1 | remaining: 95s    
step 00199 (22.5%) | loss: 4.982055 | lrm: 1.00 | dt: 1072ms | tok/sec: 30,559 | epoch: 1 | remaining: 94s    
step 00200 (22.7%) | loss: 4.973236 | lrm: 1.00 | dt: 1027ms | tok/sec: 31,894 | epoch: 1 | remaining: 93s    
step 00201 (22.8%) | loss: 4.959286 | lrm: 1.00 | dt: 1016ms | tok/sec: 32,260 | epoch: 1 | remaining: 92s    
step 00202 (22.9%) | loss: 4.953484 | lrm: 1.00 | dt: 1058ms | tok/sec: 30,959 | epoch: 1 | remaining: 91s    
step 00203 (23.0%) | loss: 4.946828 | lrm: 1.00 | dt: 1058ms | tok/sec: 30,967 | epoch: 1 | remaining: 90s    
step 00204 (23.1%) | loss: 4.941796 | lrm: 1.00 | dt: 1082ms | tok/sec: 30,279 | epoch: 1 | remaining: 88s    
step 00205 (23.2%) | loss: 4.935972 | lrm: 1.00 | dt: 1050ms | tok/sec: 31,217 | epoch: 1 | remaining: 87s    
step 00206 (23.3%) | loss: 4.938006 | lrm: 1.00 | dt: 1025ms | tok/sec: 31,966 | epoch: 1 | remaining: 86s    
step 00207 (23.4%) | loss: 4.929627 | lrm: 1.00 | dt: 1049ms | tok/sec: 31,239 | epoch: 1 | remaining: 85s    
step 00208 (23.6%) | loss: 4.916554 | lrm: 1.00 | dt: 1183ms | tok/sec: 27,704 | epoch: 1 | remaining: 84s    
step 00209 (23.7%) | loss: 4.922380 | lrm: 1.00 | dt: 1053ms | tok/sec: 31,131 | epoch: 1 | remaining: 83s    
step 00210 (23.8%) | loss: 4.914246 | lrm: 1.00 | dt: 1050ms | tok/sec: 31,203 | epoch: 1 | remaining: 82s    
step 00211 (23.9%) | loss: 4.904769 | lrm: 1.00 | dt: 1075ms | tok/sec: 30,495 | epoch: 1 | remaining: 81s    
step 00212 (24.0%) | loss: 4.896121 | lrm: 1.00 | dt: 1049ms | tok/sec: 31,229 | epoch: 1 | remaining: 80s    
step 00213 (24.1%) | loss: 4.895124 | lrm: 1.00 | dt: 1033ms | tok/sec: 31,712 | epoch: 1 | remaining: 79s    
step 00214 (24.2%) | loss: 4.895725 | lrm: 1.00 | dt: 1110ms | tok/sec: 29,532 | epoch: 1 | remaining: 78s    
step 00215 (24.3%) | loss: 4.892947 | lrm: 1.00 | dt: 1050ms | tok/sec: 31,205 | epoch: 1 | remaining: 77s    
step 00216 (24.5%) | loss: 4.892273 | lrm: 1.00 | dt: 1050ms | tok/sec: 31,214 | epoch: 1 | remaining: 76s    
step 00217 (24.6%) | loss: 4.891971 | lrm: 1.00 | dt: 1023ms | tok/sec: 32,020 | epoch: 1 | remaining: 75s    
step 00218 (24.7%) | loss: 4.885836 | lrm: 1.00 | dt: 1052ms | tok/sec: 31,160 | epoch: 1 | remaining: 74s    
step 00219 (24.8%) | loss: 4.882616 | lrm: 1.00 | dt: 1138ms | tok/sec: 28,793 | epoch: 1 | remaining: 72s    
step 00220 (24.9%) | loss: 4.867248 | lrm: 1.00 | dt: 1062ms | tok/sec: 30,859 | epoch: 1 | remaining: 71s    
step 00221 (25.0%) | loss: 4.859673 | lrm: 1.00 | dt: 1050ms | tok/sec: 31,210 | epoch: 1 | remaining: 70s    
step 00222 (25.1%) | loss: 4.859720 | lrm: 1.00 | dt: 1057ms | tok/sec: 30,986 | epoch: 1 | remaining: 69s    
step 00223 (25.3%) | loss: 4.849808 | lrm: 1.00 | dt: 1092ms | tok/sec: 29,997 | epoch: 1 | remaining: 68s    
step 00224 (25.4%) | loss: 4.839855 | lrm: 1.00 | dt: 1058ms | tok/sec: 30,958 | epoch: 1 | remaining: 67s    
step 00225 (25.5%) | loss: 4.835188 | lrm: 1.00 | dt: 1074ms | tok/sec: 30,496 | epoch: 1 | remaining: 66s    
step 00226 (25.6%) | loss: 4.831118 | lrm: 1.00 | dt: 1014ms | tok/sec: 32,319 | epoch: 1 | remaining: 65s    
step 00227 (25.7%) | loss: 4.828615 | lrm: 1.00 | dt: 1018ms | tok/sec: 32,189 | epoch: 1 | remaining: 64s    
step 00228 (25.8%) | loss: 4.822005 | lrm: 1.00 | dt: 1073ms | tok/sec: 30,526 | epoch: 1 | remaining: 63s    
step 00229 (25.9%) | loss: 4.817376 | lrm: 1.00 | dt: 1055ms | tok/sec: 31,073 | epoch: 1 | remaining: 62s    
step 00230 (26.0%) | loss: 4.815429 | lrm: 1.00 | dt: 1065ms | tok/sec: 30,755 | epoch: 1 | remaining: 61s    
step 00231 (26.2%) | loss: 4.802966 | lrm: 1.00 | dt: 1075ms | tok/sec: 30,482 | epoch: 1 | remaining: 60s    
step 00232 (26.3%) | loss: 4.797396 | lrm: 1.00 | dt: 1072ms | tok/sec: 30,581 | epoch: 1 | remaining: 59s    
step 00233 (26.4%) | loss: 4.800191 | lrm: 1.00 | dt: 1120ms | tok/sec: 29,247 | epoch: 1 | remaining: 58s    
step 00234 (26.5%) | loss: 4.796154 | lrm: 1.00 | dt: 1065ms | tok/sec: 30,772 | epoch: 1 | remaining: 56s    
step 00235 (26.6%) | loss: 4.787968 | lrm: 1.00 | dt: 1101ms | tok/sec: 29,756 | epoch: 1 | remaining: 55s    
step 00236 (26.7%) | loss: 4.780053 | lrm: 1.00 | dt: 1092ms | tok/sec: 30,011 | epoch: 1 | remaining: 54s    
step 00237 (26.8%) | loss: 4.774937 | lrm: 1.00 | dt: 1050ms | tok/sec: 31,198 | epoch: 1 | remaining: 53s    
step 00238 (27.0%) | loss: 4.766554 | lrm: 1.00 | dt: 1113ms | tok/sec: 29,435 | epoch: 1 | remaining: 52s    
step 00239 (27.1%) | loss: 4.763978 | lrm: 1.00 | dt: 1062ms | tok/sec: 30,868 | epoch: 1 | remaining: 51s    
step 00240 (27.2%) | loss: 4.765704 | lrm: 1.00 | dt: 1083ms | tok/sec: 30,266 | epoch: 1 | remaining: 50s    
step 00241 (27.3%) | loss: 4.759830 | lrm: 1.00 | dt: 1076ms | tok/sec: 30,464 | epoch: 1 | remaining: 49s    
step 00242 (27.4%) | loss: 4.753697 | lrm: 1.00 | dt: 1054ms | tok/sec: 31,087 | epoch: 1 | remaining: 48s    
step 00243 (27.5%) | loss: 4.738462 | lrm: 1.00 | dt: 1134ms | tok/sec: 28,900 | epoch: 1 | remaining: 47s    
step 00244 (27.6%) | loss: 4.738536 | lrm: 1.00 | dt: 1055ms | tok/sec: 31,073 | epoch: 1 | remaining: 46s    
step 00245 (27.7%) | loss: 4.741038 | lrm: 1.00 | dt: 1073ms | tok/sec: 30,533 | epoch: 1 | remaining: 45s    
step 00246 (27.9%) | loss: 4.728642 | lrm: 1.00 | dt: 1084ms | tok/sec: 30,221 | epoch: 1 | remaining: 44s    
step 00247 (28.0%) | loss: 4.720482 | lrm: 1.00 | dt: 1092ms | tok/sec: 30,007 | epoch: 1 | remaining: 42s    
step 00248 (28.1%) | loss: 4.722994 | lrm: 1.00 | dt: 1059ms | tok/sec: 30,949 | epoch: 1 | remaining: 41s    
step 00249 (28.2%) | loss: 4.719796 | lrm: 1.00 | dt: 1074ms | tok/sec: 30,511 | epoch: 1 | remaining: 40s    
step 00250 (28.3%) | loss: 4.711398 | lrm: 1.00 | dt: 1116ms | tok/sec: 29,353 | epoch: 1 | remaining: 39s    
step 00251 (28.4%) | loss: 4.705243 | lrm: 1.00 | dt: 1092ms | tok/sec: 30,011 | epoch: 1 | remaining: 38s    
step 00252 (28.5%) | loss: 4.694037 | lrm: 1.00 | dt: 1009ms | tok/sec: 32,472 | epoch: 1 | remaining: 37s    
step 00253 (28.7%) | loss: 4.685789 | lrm: 1.00 | dt: 1141ms | tok/sec: 28,716 | epoch: 1 | remaining: 36s    
step 00254 (28.8%) | loss: 4.677811 | lrm: 1.00 | dt: 1083ms | tok/sec: 30,255 | epoch: 1 | remaining: 35s    
step 00255 (28.9%) | loss: 4.670023 | lrm: 1.00 | dt: 1092ms | tok/sec: 30,017 | epoch: 1 | remaining: 34s    
step 00256 (29.0%) | loss: 4.662575 | lrm: 1.00 | dt: 1068ms | tok/sec: 30,693 | epoch: 1 | remaining: 33s    
step 00257 (29.1%) | loss: 4.649340 | lrm: 1.00 | dt: 1056ms | tok/sec: 31,039 | epoch: 1 | remaining: 32s    
step 00258 (29.2%) | loss: 4.643385 | lrm: 1.00 | dt: 1059ms | tok/sec: 30,948 | epoch: 1 | remaining: 31s    
step 00259 (29.3%) | loss: 4.639911 | lrm: 1.00 | dt: 1026ms | tok/sec: 31,943 | epoch: 1 | remaining: 30s    
step 00260 (29.4%) | loss: 4.639885 | lrm: 1.00 | dt: 1034ms | tok/sec: 31,695 | epoch: 1 | remaining: 29s    
step 00261 (29.6%) | loss: 4.633641 | lrm: 1.00 | dt: 1073ms | tok/sec: 30,543 | epoch: 1 | remaining: 27s    
step 00262 (29.7%) | loss: 4.634833 | lrm: 1.00 | dt: 1050ms | tok/sec: 31,221 | epoch: 1 | remaining: 26s    
step 00263 (29.8%) | loss: 4.635612 | lrm: 1.00 | dt: 1044ms | tok/sec: 31,391 | epoch: 1 | remaining: 25s    
step 00264 (29.9%) | loss: 4.636301 | lrm: 1.00 | dt: 1058ms | tok/sec: 30,984 | epoch: 1 | remaining: 24s    
step 00265 (30.0%) | loss: 4.641684 | lrm: 1.00 | dt: 1042ms | tok/sec: 31,435 | epoch: 1 | remaining: 23s    
step 00266 (30.1%) | loss: 4.635717 | lrm: 1.00 | dt: 1034ms | tok/sec: 31,688 | epoch: 1 | remaining: 22s    
step 00267 (30.2%) | loss: 4.631227 | lrm: 1.00 | dt: 1066ms | tok/sec: 30,740 | epoch: 1 | remaining: 21s    
step 00268 (30.4%) | loss: 4.620198 | lrm: 1.00 | dt: 1058ms | tok/sec: 30,964 | epoch: 1 | remaining: 20s    
step 00269 (30.5%) | loss: 4.616203 | lrm: 1.00 | dt: 1110ms | tok/sec: 29,524 | epoch: 1 | remaining: 19s    
step 00270 (30.6%) | loss: 4.607380 | lrm: 1.00 | dt: 1040ms | tok/sec: 31,498 | epoch: 1 | remaining: 18s    
step 00271 (30.7%) | loss: 4.599792 | lrm: 1.00 | dt: 1076ms | tok/sec: 30,458 | epoch: 1 | remaining: 17s    
step 00272 (30.8%) | loss: 4.596432 | lrm: 1.00 | dt: 1040ms | tok/sec: 31,507 | epoch: 1 | remaining: 16s    
step 00273 (30.9%) | loss: 4.598677 | lrm: 1.00 | dt: 1043ms | tok/sec: 31,421 | epoch: 1 | remaining: 15s    
step 00274 (31.0%) | loss: 4.593624 | lrm: 1.00 | dt: 1072ms | tok/sec: 30,578 | epoch: 1 | remaining: 14s    
step 00275 (31.1%) | loss: 4.584349 | lrm: 1.00 | dt: 1044ms | tok/sec: 31,383 | epoch: 1 | remaining: 13s    
step 00276 (31.3%) | loss: 4.578470 | lrm: 1.00 | dt: 1109ms | tok/sec: 29,554 | epoch: 1 | remaining: 12s    
step 00277 (31.4%) | loss: 4.570125 | lrm: 1.00 | dt: 1083ms | tok/sec: 30,254 | epoch: 1 | remaining: 10s    
step 00278 (31.5%) | loss: 4.565834 | lrm: 1.00 | dt: 1068ms | tok/sec: 30,691 | epoch: 1 | remaining: 9s    
step 00279 (31.6%) | loss: 4.570955 | lrm: 1.00 | dt: 1049ms | tok/sec: 31,241 | epoch: 1 | remaining: 8s    
step 00280 (31.7%) | loss: 4.559162 | lrm: 1.00 | dt: 1034ms | tok/sec: 31,704 | epoch: 1 | remaining: 7s    
step 00281 (31.8%) | loss: 4.554094 | lrm: 1.00 | dt: 1083ms | tok/sec: 30,256 | epoch: 1 | remaining: 6s    
step 00282 (31.9%) | loss: 4.547072 | lrm: 1.00 | dt: 1059ms | tok/sec: 30,956 | epoch: 1 | remaining: 5s    
step 00283 (32.0%) | loss: 4.534811 | lrm: 1.00 | dt: 1050ms | tok/sec: 31,215 | epoch: 1 | remaining: 4s    
step 00284 (32.2%) | loss: 4.524609 | lrm: 1.00 | dt: 1117ms | tok/sec: 29,344 | epoch: 1 | remaining: 3s    
step 00285 (32.3%) | loss: 4.516308 | lrm: 1.00 | dt: 1117ms | tok/sec: 29,343 | epoch: 1 | remaining: 2s    
step 00286 (32.4%) | loss: 4.507890 | lrm: 1.00 | dt: 1017ms | tok/sec: 32,230 | epoch: 1 | remaining: 1s    
step 00287 (32.5%) | loss: 4.509023 | lrm: 1.00 | dt: 1042ms | tok/sec: 31,461 | epoch: 1 | remaining: 0s    
step 00288 (32.6%) | loss: 4.494599 | lrm: 1.00 | dt: 1184ms | tok/sec: 27,677 | epoch: 1 | remaining: 0s    
step 00289 (32.7%) | loss: 4.490554 | lrm: 1.00 | dt: 1075ms | tok/sec: 30,470 | epoch: 1 | remaining: 0s    
step 00290 (32.8%) | loss: 4.469463 | lrm: 1.00 | dt: 1141ms | tok/sec: 28,729 | epoch: 1 | remaining: 0s    
step 00291 (33.0%) | loss: 4.460669 | lrm: 1.00 | dt: 1071ms | tok/sec: 30,589 | epoch: 1 | remaining: 0s    
step 00292 (33.1%) | loss: 4.453923 | lrm: 1.00 | dt: 1037ms | tok/sec: 31,589 | epoch: 1 | remaining: 0s    
step 00293 (33.2%) | loss: 4.459954 | lrm: 1.00 | dt: 1016ms | tok/sec: 32,253 | epoch: 1 | remaining: 0s    
step 00294 (33.3%) | loss: 4.459915 | lrm: 1.00 | dt: 1059ms | tok/sec: 30,946 | epoch: 1 | remaining: 0s    
step 00295 (33.4%) | loss: 4.453068 | lrm: 1.00 | dt: 1058ms | tok/sec: 30,962 | epoch: 1 | remaining: 0s    
step 00296 (33.5%) | loss: 4.449993 | lrm: 1.00 | dt: 1038ms | tok/sec: 31,553 | epoch: 1 | remaining: 0s    
step 00297 (33.6%) | loss: 4.441481 | lrm: 1.00 | dt: 1145ms | tok/sec: 28,628 | epoch: 1 | remaining: 0s    
step 00298 (33.7%) | loss: 4.433259 | lrm: 1.00 | dt: 1066ms | tok/sec: 30,749 | epoch: 1 | remaining: 0s    
step 00299 (33.9%) | loss: 4.426863 | lrm: 1.00 | dt: 1076ms | tok/sec: 30,456 | epoch: 1 | remaining: 0s    
step 00300 (34.0%) | loss: 4.434452 | lrm: 1.00 | dt: 1080ms | tok/sec: 30,347 | epoch: 1 | remaining: 0s    
step 00301 (34.1%) | loss: 4.443743 | lrm: 1.00 | dt: 1052ms | tok/sec: 31,151 | epoch: 1 | remaining: 0s    
step 00302 (34.2%) | loss: 4.438124 | lrm: 1.00 | dt: 1128ms | tok/sec: 29,058 | epoch: 1 | remaining: 0s    
step 00303 (34.3%) | loss: 4.430210 | lrm: 1.00 | dt: 1057ms | tok/sec: 30,995 | epoch: 1 | remaining: 0s    
step 00304 (34.4%) | loss: 4.427928 | lrm: 1.00 | dt: 1092ms | tok/sec: 30,017 | epoch: 1 | remaining: 0s    
step 00305 (34.5%) | loss: 4.428731 | lrm: 1.00 | dt: 1109ms | tok/sec: 29,558 | epoch: 1 | remaining: 0s    
step 00306 (34.7%) | loss: 4.414044 | lrm: 1.00 | dt: 1075ms | tok/sec: 30,477 | epoch: 1 | remaining: 0s    
step 00307 (34.8%) | loss: 4.404167 | lrm: 1.00 | dt: 1065ms | tok/sec: 30,781 | epoch: 1 | remaining: 0s    
step 00308 (34.9%) | loss: 4.393732 | lrm: 1.00 | dt: 1050ms | tok/sec: 31,195 | epoch: 1 | remaining: 0s    
step 00309 (35.0%) | loss: 4.386863 | lrm: 1.00 | dt: 1023ms | tok/sec: 32,017 | epoch: 1 | remaining: 0s    
step 00310 (35.1%) | loss: 4.377772 | lrm: 1.00 | dt: 1058ms | tok/sec: 30,975 | epoch: 1 | remaining: 0s    
step 00311 (35.2%) | loss: 4.376023 | lrm: 1.00 | dt: 1135ms | tok/sec: 28,877 | epoch: 1 | remaining: 0s    
step 00312 (35.3%) | loss: 4.382596 | lrm: 1.00 | dt: 1068ms | tok/sec: 30,674 | epoch: 1 | remaining: 0s    
step 00313 (35.4%) | loss: 4.371941 | lrm: 1.00 | dt: 1075ms | tok/sec: 30,482 | epoch: 1 | remaining: 0s    
step 00314 (35.6%) | loss: 4.360952 | lrm: 1.00 | dt: 1100ms | tok/sec: 29,785 | epoch: 1 | remaining: 0s    
step 00315 (35.7%) | loss: 4.356182 | lrm: 1.00 | dt: 1050ms | tok/sec: 31,199 | epoch: 1 | remaining: 0s    
step 00316 (35.8%) | loss: 4.351993 | lrm: 1.00 | dt: 1116ms | tok/sec: 29,359 | epoch: 1 | remaining: 0s    
step 00317 (35.9%) | loss: 4.350718 | lrm: 1.00 | dt: 1100ms | tok/sec: 29,780 | epoch: 1 | remaining: 0s    
step 00318 (36.0%) | loss: 4.338441 | lrm: 1.00 | dt: 1159ms | tok/sec: 28,266 | epoch: 1 | remaining: 0s    
step 00319 (36.1%) | loss: 4.327767 | lrm: 1.00 | dt: 1074ms | tok/sec: 30,521 | epoch: 1 | remaining: 0s    
step 00320 (36.2%) | loss: 4.325157 | lrm: 1.00 | dt: 1018ms | tok/sec: 32,188 | epoch: 1 | remaining: 0s    
step 00321 (36.4%) | loss: 4.320855 | lrm: 1.00 | dt: 1221ms | tok/sec: 26,841 | epoch: 1 | remaining: 0s    
step 00322 (36.5%) | loss: 4.319364 | lrm: 1.00 | dt: 1045ms | tok/sec: 31,345 | epoch: 1 | remaining: 0s    
step 00323 (36.6%) | loss: 4.316556 | lrm: 1.00 | dt: 1016ms | tok/sec: 32,260 | epoch: 1 | remaining: 0s    
step 00324 (36.7%) | loss: 4.310397 | lrm: 1.00 | dt: 1130ms | tok/sec: 28,998 | epoch: 1 | remaining: 0s    
step 00325 (36.8%) | loss: 4.306170 | lrm: 1.00 | dt: 1093ms | tok/sec: 29,982 | epoch: 1 | remaining: 0s    
step 00326 (36.9%) | loss: 4.301576 | lrm: 1.00 | dt: 1095ms | tok/sec: 29,931 | epoch: 1 | remaining: 0s    
step 00327 (37.0%) | loss: 4.293394 | lrm: 1.00 | dt: 1108ms | tok/sec: 29,587 | epoch: 1 | remaining: 0s    
step 00328 (37.1%) | loss: 4.295400 | lrm: 1.00 | dt: 1054ms | tok/sec: 31,076 | epoch: 1 | remaining: 0s    
step 00329 (37.3%) | loss: 4.296770 | lrm: 1.00 | dt: 1150ms | tok/sec: 28,491 | epoch: 1 | remaining: 0s    
step 00330 (37.4%) | loss: 4.293721 | lrm: 1.00 | dt: 1078ms | tok/sec: 30,391 | epoch: 1 | remaining: 0s    
step 00331 (37.5%) | loss: 4.283821 | lrm: 1.00 | dt: 1084ms | tok/sec: 30,238 | epoch: 1 | remaining: 0s    
step 00332 (37.6%) | loss: 4.287522 | lrm: 1.00 | dt: 1097ms | tok/sec: 29,877 | epoch: 1 | remaining: 0s    
step 00333 (37.7%) | loss: 4.275230 | lrm: 1.00 | dt: 1093ms | tok/sec: 29,981 | epoch: 1 | remaining: 0s    
step 00334 (37.8%) | loss: 4.272665 | lrm: 1.00 | dt: 1017ms | tok/sec: 32,212 | epoch: 1 | remaining: 0s    
step 00335 (37.9%) | loss: 4.271241 | lrm: 1.00 | dt: 1143ms | tok/sec: 28,679 | epoch: 1 | remaining: 0s    
step 00336 (38.1%) | loss: 4.270093 | lrm: 1.00 | dt: 1472ms | tok/sec: 22,254 | epoch: 1 | remaining: 0s    
step 00337 (38.2%) | loss: 4.266505 | lrm: 1.00 | dt: 812ms | tok/sec: 40,361 | epoch: 1 | remaining: 0s    
step 00338 (38.3%) | loss: 4.269073 | lrm: 1.00 | dt: 898ms | tok/sec: 36,492 | epoch: 1 | remaining: 0s    
step 00339 (38.4%) | loss: 4.267101 | lrm: 1.00 | dt: 1102ms | tok/sec: 29,748 | epoch: 1 | remaining: 0s    
step 00340 (38.5%) | loss: 4.257137 | lrm: 1.00 | dt: 1233ms | tok/sec: 26,579 | epoch: 1 | remaining: 0s    
step 00341 (38.6%) | loss: 4.247061 | lrm: 1.00 | dt: 1012ms | tok/sec: 32,382 | epoch: 1 | remaining: 0s    
step 00342 (38.7%) | loss: 4.252941 | lrm: 1.00 | dt: 946ms | tok/sec: 34,642 | epoch: 1 | remaining: 0s    
step 00343 (38.8%) | loss: 4.248169 | lrm: 1.00 | dt: 1017ms | tok/sec: 32,220 | epoch: 1 | remaining: 0s    
step 00344 (39.0%) | loss: 4.240565 | lrm: 1.00 | dt: 1167ms | tok/sec: 28,087 | epoch: 1 | remaining: 0s    
step 00345 (39.1%) | loss: 4.244090 | lrm: 1.00 | dt: 1059ms | tok/sec: 30,946 | epoch: 1 | remaining: 0s    
step 00346 (39.2%) | loss: 4.240508 | lrm: 1.00 | dt: 1156ms | tok/sec: 28,345 | epoch: 1 | remaining: 0s    
step 00347 (39.3%) | loss: 4.237026 | lrm: 1.00 | dt: 1053ms | tok/sec: 31,125 | epoch: 1 | remaining: 0s    
step 00348 (39.4%) | loss: 4.240371 | lrm: 1.00 | dt: 972ms | tok/sec: 33,718 | epoch: 1 | remaining: 0s    
step 00349 (39.5%) | loss: 4.232169 | lrm: 1.00 | dt: 1036ms | tok/sec: 31,629 | epoch: 1 | remaining: 0s    
step 00350 (39.6%) | loss: 4.226526 | lrm: 1.00 | dt: 1107ms | tok/sec: 29,604 | epoch: 1 | remaining: 0s    
step 00351 (39.8%) | loss: 4.220523 | lrm: 1.00 | dt: 1094ms | tok/sec: 29,957 | epoch: 1 | remaining: 0s    
step 00352 (39.9%) | loss: 4.221877 | lrm: 1.00 | dt: 1056ms | tok/sec: 31,042 | epoch: 1 | remaining: 0s    
step 00353 (40.0%) | loss: 4.217058 | lrm: 1.00 | dt: 1010ms | tok/sec: 32,456 | epoch: 1 | remaining: 0s    
step 00354 (40.1%) | loss: 4.206562 | lrm: 1.00 | dt: 1041ms | tok/sec: 31,484 | epoch: 1 | remaining: 0s    
step 00355 (40.2%) | loss: 4.212040 | lrm: 1.00 | dt: 1043ms | tok/sec: 31,402 | epoch: 1 | remaining: 0s    
step 00356 (40.3%) | loss: 4.210632 | lrm: 1.00 | dt: 1041ms | tok/sec: 31,484 | epoch: 1 | remaining: 0s    
step 00357 (40.4%) | loss: 4.212753 | lrm: 1.00 | dt: 1060ms | tok/sec: 30,925 | epoch: 1 | remaining: 0s    
step 00358 (40.5%) | loss: 4.216681 | lrm: 1.00 | dt: 1017ms | tok/sec: 32,227 | epoch: 1 | remaining: 0s    
step 00359 (40.7%) | loss: 4.224074 | lrm: 1.00 | dt: 1049ms | tok/sec: 31,229 | epoch: 1 | remaining: 0s    
step 00360 (40.8%) | loss: 4.231379 | lrm: 1.00 | dt: 1064ms | tok/sec: 30,803 | epoch: 1 | remaining: 0s    
step 00361 (40.9%) | loss: 4.230160 | lrm: 1.00 | dt: 1118ms | tok/sec: 29,320 | epoch: 1 | remaining: 0s    
step 00362 (41.0%) | loss: 4.226115 | lrm: 1.00 | dt: 1065ms | tok/sec: 30,772 | epoch: 1 | remaining: 0s    
step 00363 (41.1%) | loss: 4.217657 | lrm: 1.00 | dt: 1033ms | tok/sec: 31,727 | epoch: 1 | remaining: 0s    
step 00364 (41.2%) | loss: 4.198436 | lrm: 1.00 | dt: 1004ms | tok/sec: 32,631 | epoch: 1 | remaining: 0s    
step 00365 (41.3%) | loss: 4.192275 | lrm: 1.00 | dt: 1050ms | tok/sec: 31,209 | epoch: 1 | remaining: 0s    
step 00366 (41.4%) | loss: 4.187707 | lrm: 1.00 | dt: 1092ms | tok/sec: 29,994 | epoch: 1 | remaining: 0s    
step 00367 (41.6%) | loss: 4.182101 | lrm: 1.00 | dt: 1079ms | tok/sec: 30,370 | epoch: 1 | remaining: 0s    
step 00368 (41.7%) | loss: 4.177159 | lrm: 1.00 | dt: 1027ms | tok/sec: 31,899 | epoch: 1 | remaining: 0s    
step 00369 (41.8%) | loss: 4.182818 | lrm: 1.00 | dt: 1002ms | tok/sec: 32,712 | epoch: 1 | remaining: 0s    
step 00370 (41.9%) | loss: 4.181259 | lrm: 1.00 | dt: 1072ms | tok/sec: 30,559 | epoch: 1 | remaining: 0s    
step 00371 (42.0%) | loss: 4.172932 | lrm: 1.00 | dt: 1076ms | tok/sec: 30,454 | epoch: 1 | remaining: 0s    
step 00372 (42.1%) | loss: 4.168583 | lrm: 1.00 | dt: 992ms | tok/sec: 33,045 | epoch: 1 | remaining: 0s    
step 00373 (42.2%) | loss: 4.170815 | lrm: 1.00 | dt: 1018ms | tok/sec: 32,174 | epoch: 1 | remaining: 0s    
step 00374 (42.4%) | loss: 4.168416 | lrm: 1.00 | dt: 1054ms | tok/sec: 31,075 | epoch: 1 | remaining: 0s    
step 00375 (42.5%) | loss: 4.161323 | lrm: 1.00 | dt: 1051ms | tok/sec: 31,185 | epoch: 1 | remaining: 0s    
step 00376 (42.6%) | loss: 4.157502 | lrm: 1.00 | dt: 1068ms | tok/sec: 30,683 | epoch: 1 | remaining: 0s    
step 00377 (42.7%) | loss: 4.168168 | lrm: 1.00 | dt: 1025ms | tok/sec: 31,967 | epoch: 1 | remaining: 0s    
step 00378 (42.8%) | loss: 4.156025 | lrm: 1.00 | dt: 1051ms | tok/sec: 31,190 | epoch: 1 | remaining: 0s    
step 00379 (42.9%) | loss: 4.159491 | lrm: 1.00 | dt: 1058ms | tok/sec: 30,965 | epoch: 1 | remaining: 0s    
step 00380 (43.0%) | loss: 4.154902 | lrm: 1.00 | dt: 1063ms | tok/sec: 30,821 | epoch: 1 | remaining: 0s    
step 00381 (43.1%) | loss: 4.150215 | lrm: 1.00 | dt: 1060ms | tok/sec: 30,926 | epoch: 1 | remaining: 0s    
step 00382 (43.3%) | loss: 4.144148 | lrm: 1.00 | dt: 1060ms | tok/sec: 30,908 | epoch: 1 | remaining: 0s    
step 00383 (43.4%) | loss: 4.144108 | lrm: 1.00 | dt: 1067ms | tok/sec: 30,722 | epoch: 1 | remaining: 0s    
step 00384 (43.5%) | loss: 4.141374 | lrm: 1.00 | dt: 1010ms | tok/sec: 32,435 | epoch: 1 | remaining: 0s    
step 00385 (43.6%) | loss: 4.137202 | lrm: 1.00 | dt: 1053ms | tok/sec: 31,104 | epoch: 1 | remaining: 0s    
step 00386 (43.7%) | loss: 4.138208 | lrm: 1.00 | dt: 1045ms | tok/sec: 31,357 | epoch: 1 | remaining: 0s    
step 00387 (43.8%) | loss: 4.129806 | lrm: 1.00 | dt: 1041ms | tok/sec: 31,473 | epoch: 1 | remaining: 0s    
step 00388 (43.9%) | loss: 4.121536 | lrm: 1.00 | dt: 1151ms | tok/sec: 28,472 | epoch: 1 | remaining: 0s    
step 00389 (44.1%) | loss: 4.118221 | lrm: 1.00 | dt: 1121ms | tok/sec: 29,241 | epoch: 1 | remaining: 0s    
step 00390 (44.2%) | loss: 4.114207 | lrm: 1.00 | dt: 1071ms | tok/sec: 30,583 | epoch: 1 | remaining: 0s    
step 00391 (44.3%) | loss: 4.122168 | lrm: 1.00 | dt: 984ms | tok/sec: 33,309 | epoch: 1 | remaining: 0s    
step 00392 (44.4%) | loss: 4.117050 | lrm: 1.00 | dt: 1039ms | tok/sec: 31,525 | epoch: 1 | remaining: 0s    
step 00393 (44.5%) | loss: 4.115609 | lrm: 1.00 | dt: 1115ms | tok/sec: 29,393 | epoch: 1 | remaining: 0s    
step 00394 (44.6%) | loss: 4.120090 | lrm: 1.00 | dt: 1079ms | tok/sec: 30,379 | epoch: 1 | remaining: 0s    
step 00395 (44.7%) | loss: 4.117993 | lrm: 1.00 | dt: 1047ms | tok/sec: 31,301 | epoch: 1 | remaining: 0s    
step 00396 (44.8%) | loss: 4.105170 | lrm: 1.00 | dt: 1050ms | tok/sec: 31,205 | epoch: 1 | remaining: 0s    
step 00397 (45.0%) | loss: 4.110678 | lrm: 1.00 | dt: 1034ms | tok/sec: 31,690 | epoch: 1 | remaining: 0s    
step 00398 (45.1%) | loss: 4.107728 | lrm: 1.00 | dt: 1081ms | tok/sec: 30,322 | epoch: 1 | remaining: 0s    
step 00399 (45.2%) | loss: 4.107309 | lrm: 1.00 | dt: 1096ms | tok/sec: 29,905 | epoch: 1 | remaining: 0s    
step 00400 (45.3%) | loss: 4.099577 | lrm: 1.00 | dt: 1072ms | tok/sec: 30,565 | epoch: 1 | remaining: 0s    
step 00401 (45.4%) | loss: 4.093038 | lrm: 1.00 | dt: 1051ms | tok/sec: 31,167 | epoch: 1 | remaining: 0s    
step 00402 (45.5%) | loss: 4.086182 | lrm: 1.00 | dt: 1007ms | tok/sec: 32,528 | epoch: 1 | remaining: 0s    
step 00403 (45.6%) | loss: 4.093593 | lrm: 1.00 | dt: 1071ms | tok/sec: 30,607 | epoch: 1 | remaining: 0s    
step 00404 (45.8%) | loss: 4.096061 | lrm: 1.00 | dt: 1041ms | tok/sec: 31,474 | epoch: 1 | remaining: 0s    
step 00405 (45.9%) | loss: 4.092996 | lrm: 1.00 | dt: 1055ms | tok/sec: 31,073 | epoch: 1 | remaining: 0s    
step 00406 (46.0%) | loss: 4.104158 | lrm: 1.00 | dt: 1058ms | tok/sec: 30,969 | epoch: 1 | remaining: 0s    
step 00407 (46.1%) | loss: 4.103249 | lrm: 1.00 | dt: 1071ms | tok/sec: 30,597 | epoch: 1 | remaining: 0s    
step 00408 (46.2%) | loss: 4.085418 | lrm: 1.00 | dt: 1057ms | tok/sec: 30,999 | epoch: 1 | remaining: 0s    
step 00409 (46.3%) | loss: 4.081832 | lrm: 1.00 | dt: 1074ms | tok/sec: 30,515 | epoch: 1 | remaining: 0s    
step 00410 (46.4%) | loss: 4.071474 | lrm: 1.00 | dt: 1051ms | tok/sec: 31,165 | epoch: 1 | remaining: 0s    
step 00411 (46.5%) | loss: 4.069347 | lrm: 1.00 | dt: 1032ms | tok/sec: 31,763 | epoch: 1 | remaining: 0s    
step 00412 (46.7%) | loss: 4.060049 | lrm: 1.00 | dt: 1035ms | tok/sec: 31,668 | epoch: 1 | remaining: 0s    
step 00413 (46.8%) | loss: 4.053347 | lrm: 1.00 | dt: 1058ms | tok/sec: 30,958 | epoch: 1 | remaining: 0s    
step 00414 (46.9%) | loss: 4.053144 | lrm: 1.00 | dt: 1071ms | tok/sec: 30,601 | epoch: 1 | remaining: 0s    
step 00415 (47.0%) | loss: 4.053278 | lrm: 1.00 | dt: 1050ms | tok/sec: 31,210 | epoch: 1 | remaining: 0s    
step 00416 (47.1%) | loss: 4.054377 | lrm: 1.00 | dt: 1095ms | tok/sec: 29,936 | epoch: 1 | remaining: 0s    
step 00417 (47.2%) | loss: 4.051727 | lrm: 1.00 | dt: 1076ms | tok/sec: 30,451 | epoch: 1 | remaining: 0s    
step 00418 (47.3%) | loss: 4.044578 | lrm: 1.00 | dt: 1075ms | tok/sec: 30,490 | epoch: 1 | remaining: 0s    
step 00419 (47.5%) | loss: 4.045595 | lrm: 1.00 | dt: 1040ms | tok/sec: 31,518 | epoch: 1 | remaining: 0s    
step 00420 (47.6%) | loss: 4.048849 | lrm: 1.00 | dt: 1076ms | tok/sec: 30,449 | epoch: 1 | remaining: 0s    
step 00421 (47.7%) | loss: 4.043715 | lrm: 1.00 | dt: 1074ms | tok/sec: 30,516 | epoch: 1 | remaining: 0s    
step 00422 (47.8%) | loss: 4.040667 | lrm: 1.00 | dt: 1084ms | tok/sec: 30,238 | epoch: 1 | remaining: 0s    
step 00423 (47.9%) | loss: 4.028667 | lrm: 1.00 | dt: 1042ms | tok/sec: 31,443 | epoch: 1 | remaining: 0s    
step 00424 (48.0%) | loss: 4.025921 | lrm: 1.00 | dt: 986ms | tok/sec: 33,240 | epoch: 1 | remaining: 0s    
step 00425 (48.1%) | loss: 4.023239 | lrm: 1.00 | dt: 1062ms | tok/sec: 30,851 | epoch: 1 | remaining: 0s    
step 00426 (48.2%) | loss: 4.018786 | lrm: 1.00 | dt: 1079ms | tok/sec: 30,381 | epoch: 1 | remaining: 0s    
step 00427 (48.4%) | loss: 4.024108 | lrm: 1.00 | dt: 1098ms | tok/sec: 29,833 | epoch: 1 | remaining: 0s    
step 00428 (48.5%) | loss: 4.023701 | lrm: 1.00 | dt: 1061ms | tok/sec: 30,898 | epoch: 1 | remaining: 0s    
step 00429 (48.6%) | loss: 4.019571 | lrm: 1.00 | dt: 1039ms | tok/sec: 31,538 | epoch: 1 | remaining: 0s    
step 00430 (48.7%) | loss: 4.027799 | lrm: 1.00 | dt: 1053ms | tok/sec: 31,105 | epoch: 1 | remaining: 0s    
step 00431 (48.8%) | loss: 4.024469 | lrm: 1.00 | dt: 1099ms | tok/sec: 29,829 | epoch: 1 | remaining: 0s    
step 00432 (48.9%) | loss: 4.024953 | lrm: 1.00 | dt: 1065ms | tok/sec: 30,780 | epoch: 1 | remaining: 0s    
step 00433 (49.0%) | loss: 4.022845 | lrm: 1.00 | dt: 1057ms | tok/sec: 31,009 | epoch: 1 | remaining: 0s    
step 00434 (49.2%) | loss: 4.012887 | lrm: 1.00 | dt: 993ms | tok/sec: 33,010 | epoch: 1 | remaining: 0s    
step 00435 (49.3%) | loss: 4.009337 | lrm: 1.00 | dt: 1050ms | tok/sec: 31,218 | epoch: 1 | remaining: 0s    
step 00436 (49.4%) | loss: 4.012805 | lrm: 1.00 | dt: 1079ms | tok/sec: 30,369 | epoch: 1 | remaining: 0s    
step 00437 (49.5%) | loss: 4.010687 | lrm: 1.00 | dt: 1057ms | tok/sec: 30,992 | epoch: 1 | remaining: 0s    
step 00438 (49.6%) | loss: 4.012056 | lrm: 1.00 | dt: 1063ms | tok/sec: 30,838 | epoch: 1 | remaining: 0s    
step 00439 (49.7%) | loss: 4.006356 | lrm: 1.00 | dt: 1005ms | tok/sec: 32,606 | epoch: 1 | remaining: 0s    
step 00440 (49.8%) | loss: 4.008377 | lrm: 1.00 | dt: 1049ms | tok/sec: 31,247 | epoch: 1 | remaining: 0s    
step 00441 (49.9%) | loss: 4.009883 | lrm: 1.00 | dt: 1048ms | tok/sec: 31,264 | epoch: 1 | remaining: 0s    
step 00442 (50.1%) | loss: 4.012072 | lrm: 1.00 | dt: 1054ms | tok/sec: 31,099 | epoch: 1 | remaining: 0s    
step 00443 (50.2%) | loss: 4.007620 | lrm: 1.00 | dt: 1040ms | tok/sec: 31,519 | epoch: 1 | remaining: 0s    
step 00444 (50.3%) | loss: 4.003784 | lrm: 0.99 | dt: 1018ms | tok/sec: 32,201 | epoch: 1 | remaining: 0s    
step 00445 (50.4%) | loss: 4.003612 | lrm: 0.99 | dt: 1066ms | tok/sec: 30,730 | epoch: 1 | remaining: 0s    
step 00446 (50.5%) | loss: 3.995666 | lrm: 0.99 | dt: 1099ms | tok/sec: 29,812 | epoch: 1 | remaining: 0s    
step 00447 (50.6%) | loss: 3.991995 | lrm: 0.99 | dt: 1101ms | tok/sec: 29,764 | epoch: 1 | remaining: 0s    
step 00448 (50.7%) | loss: 3.990578 | lrm: 0.99 | dt: 1016ms | tok/sec: 32,247 | epoch: 1 | remaining: 0s    
step 00449 (50.8%) | loss: 3.982157 | lrm: 0.98 | dt: 1010ms | tok/sec: 32,450 | epoch: 1 | remaining: 0s    
step 00450 (51.0%) | loss: 3.981102 | lrm: 0.98 | dt: 1056ms | tok/sec: 31,021 | epoch: 1 | remaining: 0s    
step 00451 (51.1%) | loss: 3.970830 | lrm: 0.98 | dt: 1050ms | tok/sec: 31,206 | epoch: 1 | remaining: 0s    
step 00452 (51.2%) | loss: 3.980762 | lrm: 0.98 | dt: 1035ms | tok/sec: 31,645 | epoch: 1 | remaining: 0s    
step 00453 (51.3%) | loss: 3.972890 | lrm: 0.97 | dt: 1062ms | tok/sec: 30,862 | epoch: 1 | remaining: 0s    
step 00454 (51.4%) | loss: 3.971962 | lrm: 0.97 | dt: 1020ms | tok/sec: 32,118 | epoch: 1 | remaining: 0s    
step 00455 (51.5%) | loss: 3.973974 | lrm: 0.97 | dt: 1055ms | tok/sec: 31,049 | epoch: 1 | remaining: 0s    
step 00456 (51.6%) | loss: 3.978545 | lrm: 0.97 | dt: 1046ms | tok/sec: 31,331 | epoch: 1 | remaining: 0s    
step 00457 (51.8%) | loss: 3.978062 | lrm: 0.96 | dt: 1116ms | tok/sec: 29,370 | epoch: 1 | remaining: 0s    
step 00458 (51.9%) | loss: 3.978844 | lrm: 0.96 | dt: 1068ms | tok/sec: 30,689 | epoch: 1 | remaining: 0s    
step 00459 (52.0%) | loss: 3.977604 | lrm: 0.96 | dt: 994ms | tok/sec: 32,951 | epoch: 1 | remaining: 0s    
step 00460 (52.1%) | loss: 3.978383 | lrm: 0.96 | dt: 1012ms | tok/sec: 32,363 | epoch: 1 | remaining: 0s    
step 00461 (52.2%) | loss: 3.970404 | lrm: 0.96 | dt: 1058ms | tok/sec: 30,980 | epoch: 1 | remaining: 0s    
step 00462 (52.3%) | loss: 3.972810 | lrm: 0.95 | dt: 1050ms | tok/sec: 31,201 | epoch: 1 | remaining: 0s    
step 00463 (52.4%) | loss: 3.970894 | lrm: 0.95 | dt: 1026ms | tok/sec: 31,927 | epoch: 1 | remaining: 0s    
step 00464 (52.5%) | loss: 3.974821 | lrm: 0.95 | dt: 1023ms | tok/sec: 32,018 | epoch: 1 | remaining: 0s    
step 00465 (52.7%) | loss: 3.963857 | lrm: 0.95 | dt: 1065ms | tok/sec: 30,762 | epoch: 1 | remaining: 0s    
step 00466 (52.8%) | loss: 3.960793 | lrm: 0.94 | dt: 1052ms | tok/sec: 31,162 | epoch: 1 | remaining: 0s    
step 00467 (52.9%) | loss: 3.969811 | lrm: 0.94 | dt: 1034ms | tok/sec: 31,700 | epoch: 1 | remaining: 0s    
step 00468 (53.0%) | loss: 3.966009 | lrm: 0.94 | dt: 1057ms | tok/sec: 31,013 | epoch: 1 | remaining: 0s    
step 00469 (53.1%) | loss: 3.961774 | lrm: 0.94 | dt: 1025ms | tok/sec: 31,963 | epoch: 1 | remaining: 0s    
step 00470 (53.2%) | loss: 3.956584 | lrm: 0.94 | dt: 1034ms | tok/sec: 31,680 | epoch: 1 | remaining: 0s    
step 00471 (53.3%) | loss: 3.946450 | lrm: 0.93 | dt: 1033ms | tok/sec: 31,720 | epoch: 1 | remaining: 0s    
step 00472 (53.5%) | loss: 3.941998 | lrm: 0.93 | dt: 1025ms | tok/sec: 31,979 | epoch: 1 | remaining: 0s    
step 00473 (53.6%) | loss: 3.935105 | lrm: 0.93 | dt: 1052ms | tok/sec: 31,142 | epoch: 1 | remaining: 0s    
step 00474 (53.7%) | loss: 3.923384 | lrm: 0.93 | dt: 1033ms | tok/sec: 31,712 | epoch: 1 | remaining: 0s    
step 00475 (53.8%) | loss: 3.919743 | lrm: 0.92 | dt: 1115ms | tok/sec: 29,380 | epoch: 1 | remaining: 0s    
step 00476 (53.9%) | loss: 3.920031 | lrm: 0.92 | dt: 1076ms | tok/sec: 30,467 | epoch: 1 | remaining: 0s    
step 00477 (54.0%) | loss: 3.918858 | lrm: 0.92 | dt: 983ms | tok/sec: 33,341 | epoch: 1 | remaining: 0s    
step 00478 (54.1%) | loss: 3.916924 | lrm: 0.92 | dt: 994ms | tok/sec: 32,981 | epoch: 1 | remaining: 0s    
step 00479 (54.2%) | loss: 3.917861 | lrm: 0.92 | dt: 1054ms | tok/sec: 31,092 | epoch: 1 | remaining: 0s    
step 00480 (54.4%) | loss: 3.907453 | lrm: 0.91 | dt: 1053ms | tok/sec: 31,111 | epoch: 1 | remaining: 0s    
step 00481 (54.5%) | loss: 3.902956 | lrm: 0.91 | dt: 1047ms | tok/sec: 31,288 | epoch: 1 | remaining: 0s    
step 00482 (54.6%) | loss: 3.894898 | lrm: 0.91 | dt: 993ms | tok/sec: 33,013 | epoch: 1 | remaining: 0s    
step 00483 (54.7%) | loss: 3.905400 | lrm: 0.91 | dt: 1043ms | tok/sec: 31,421 | epoch: 1 | remaining: 0s    
step 00484 (54.8%) | loss: 3.908358 | lrm: 0.90 | dt: 1066ms | tok/sec: 30,747 | epoch: 1 | remaining: 0s    
step 00485 (54.9%) | loss: 3.909106 | lrm: 0.90 | dt: 1068ms | tok/sec: 30,691 | epoch: 1 | remaining: 0s    
step 00486 (55.0%) | loss: 3.906905 | lrm: 0.90 | dt: 1000ms | tok/sec: 32,766 | epoch: 1 | remaining: 0s    
step 00487 (55.2%) | loss: 3.904537 | lrm: 0.90 | dt: 1041ms | tok/sec: 31,480 | epoch: 1 | remaining: 0s    
step 00488 (55.3%) | loss: 3.908957 | lrm: 0.89 | dt: 1051ms | tok/sec: 31,190 | epoch: 1 | remaining: 0s    
step 00489 (55.4%) | loss: 3.908804 | lrm: 0.89 | dt: 1047ms | tok/sec: 31,283 | epoch: 1 | remaining: 0s    
step 00490 (55.5%) | loss: 3.909018 | lrm: 0.89 | dt: 1032ms | tok/sec: 31,741 | epoch: 1 | remaining: 0s    
step 00491 (55.6%) | loss: 3.906228 | lrm: 0.89 | dt: 1044ms | tok/sec: 31,372 | epoch: 1 | remaining: 0s    
step 00492 (55.7%) | loss: 3.897477 | lrm: 0.89 | dt: 1073ms | tok/sec: 30,548 | epoch: 1 | remaining: 0s    
step 00493 (55.8%) | loss: 3.900434 | lrm: 0.88 | dt: 1034ms | tok/sec: 31,692 | epoch: 1 | remaining: 0s    
step 00494 (55.9%) | loss: 3.903365 | lrm: 0.88 | dt: 1029ms | tok/sec: 31,859 | epoch: 1 | remaining: 0s    
step 00495 (56.1%) | loss: 3.905314 | lrm: 0.88 | dt: 1032ms | tok/sec: 31,745 | epoch: 1 | remaining: 0s    
step 00496 (56.2%) | loss: 3.901969 | lrm: 0.88 | dt: 1085ms | tok/sec: 30,209 | epoch: 1 | remaining: 0s    
step 00497 (56.3%) | loss: 3.900774 | lrm: 0.87 | dt: 1058ms | tok/sec: 30,984 | epoch: 1 | remaining: 0s    
step 00498 (56.4%) | loss: 3.889282 | lrm: 0.87 | dt: 1049ms | tok/sec: 31,233 | epoch: 1 | remaining: 0s    
step 00499 (56.5%) | loss: 3.892393 | lrm: 0.87 | dt: 1009ms | tok/sec: 32,478 | epoch: 1 | remaining: 0s    
step 00500 (56.6%) | loss: 3.896288 | lrm: 0.87 | dt: 1030ms | tok/sec: 31,825 | epoch: 1 | remaining: 0s    
step 00501 (56.7%) | loss: 3.900590 | lrm: 0.87 | dt: 1026ms | tok/sec: 31,931 | epoch: 1 | remaining: 0s    
step 00502 (56.9%) | loss: 3.891367 | lrm: 0.86 | dt: 1026ms | tok/sec: 31,935 | epoch: 1 | remaining: 0s    
step 00503 (57.0%) | loss: 3.882718 | lrm: 0.86 | dt: 1089ms | tok/sec: 30,089 | epoch: 1 | remaining: 0s    
step 00504 (57.1%) | loss: 3.874185 | lrm: 0.86 | dt: 1071ms | tok/sec: 30,598 | epoch: 1 | remaining: 0s    
step 00505 (57.2%) | loss: 3.879524 | lrm: 0.86 | dt: 1055ms | tok/sec: 31,067 | epoch: 1 | remaining: 0s    
step 00506 (57.3%) | loss: 3.886078 | lrm: 0.85 | dt: 995ms | tok/sec: 32,922 | epoch: 1 | remaining: 0s    
step 00507 (57.4%) | loss: 3.888265 | lrm: 0.85 | dt: 1000ms | tok/sec: 32,771 | epoch: 1 | remaining: 0s    
step 00508 (57.5%) | loss: 3.890771 | lrm: 0.85 | dt: 1065ms | tok/sec: 30,781 | epoch: 1 | remaining: 0s    
step 00509 (57.6%) | loss: 3.893896 | lrm: 0.85 | dt: 1031ms | tok/sec: 31,771 | epoch: 1 | remaining: 0s    
step 00510 (57.8%) | loss: 3.891190 | lrm: 0.84 | dt: 1060ms | tok/sec: 30,922 | epoch: 1 | remaining: 0s    
step 00511 (57.9%) | loss: 3.885896 | lrm: 0.84 | dt: 1031ms | tok/sec: 31,769 | epoch: 1 | remaining: 0s    
step 00512 (58.0%) | loss: 3.891381 | lrm: 0.84 | dt: 1029ms | tok/sec: 31,831 | epoch: 1 | remaining: 0s    
step 00513 (58.1%) | loss: 3.888214 | lrm: 0.84 | dt: 1065ms | tok/sec: 30,777 | epoch: 1 | remaining: 0s    
step 00514 (58.2%) | loss: 3.881939 | lrm: 0.84 | dt: 1069ms | tok/sec: 30,658 | epoch: 1 | remaining: 0s    
step 00515 (58.3%) | loss: 3.885961 | lrm: 0.83 | dt: 1009ms | tok/sec: 32,491 | epoch: 1 | remaining: 0s    
step 00516 (58.4%) | loss: 3.880007 | lrm: 0.83 | dt: 1022ms | tok/sec: 32,073 | epoch: 1 | remaining: 0s    
step 00517 (58.6%) | loss: 3.874187 | lrm: 0.83 | dt: 1044ms | tok/sec: 31,399 | epoch: 1 | remaining: 0s    
step 00518 (58.7%) | loss: 3.864429 | lrm: 0.83 | dt: 1008ms | tok/sec: 32,500 | epoch: 1 | remaining: 0s    
step 00519 (58.8%) | loss: 3.863360 | lrm: 0.82 | dt: 1057ms | tok/sec: 31,009 | epoch: 1 | remaining: 0s    
step 00520 (58.9%) | loss: 3.856449 | lrm: 0.82 | dt: 1068ms | tok/sec: 30,679 | epoch: 1 | remaining: 0s    
step 00521 (59.0%) | loss: 3.851600 | lrm: 0.82 | dt: 1039ms | tok/sec: 31,551 | epoch: 1 | remaining: 0s    
step 00522 (59.1%) | loss: 3.841720 | lrm: 0.82 | dt: 1045ms | tok/sec: 31,353 | epoch: 1 | remaining: 0s    
step 00523 (59.2%) | loss: 3.845782 | lrm: 0.82 | dt: 1055ms | tok/sec: 31,068 | epoch: 1 | remaining: 0s    
step 00524 (59.3%) | loss: 3.837189 | lrm: 0.81 | dt: 1063ms | tok/sec: 30,831 | epoch: 1 | remaining: 0s    
step 00525 (59.5%) | loss: 3.850149 | lrm: 0.81 | dt: 1023ms | tok/sec: 32,016 | epoch: 1 | remaining: 0s    
step 00526 (59.6%) | loss: 3.858727 | lrm: 0.81 | dt: 1050ms | tok/sec: 31,198 | epoch: 1 | remaining: 0s    
step 00527 (59.7%) | loss: 3.853803 | lrm: 0.81 | dt: 1018ms | tok/sec: 32,197 | epoch: 1 | remaining: 0s    
step 00528 (59.8%) | loss: 3.855449 | lrm: 0.80 | dt: 1050ms | tok/sec: 31,210 | epoch: 1 | remaining: 0s    
step 00529 (59.9%) | loss: 3.853724 | lrm: 0.80 | dt: 1034ms | tok/sec: 31,701 | epoch: 1 | remaining: 0s    
step 00530 (60.0%) | loss: 3.853498 | lrm: 0.80 | dt: 1038ms | tok/sec: 31,578 | epoch: 1 | remaining: 0s    
step 00531 (60.1%) | loss: 3.853937 | lrm: 0.80 | dt: 1026ms | tok/sec: 31,928 | epoch: 1 | remaining: 0s    
step 00532 (60.2%) | loss: 3.853953 | lrm: 0.80 | dt: 1060ms | tok/sec: 30,919 | epoch: 1 | remaining: 0s    
step 00533 (60.4%) | loss: 3.855288 | lrm: 0.79 | dt: 1075ms | tok/sec: 30,476 | epoch: 1 | remaining: 0s    
step 00534 (60.5%) | loss: 3.847302 | lrm: 0.79 | dt: 1031ms | tok/sec: 31,792 | epoch: 1 | remaining: 0s    
step 00535 (60.6%) | loss: 3.846565 | lrm: 0.79 | dt: 994ms | tok/sec: 32,963 | epoch: 1 | remaining: 0s    
step 00536 (60.7%) | loss: 3.848037 | lrm: 0.79 | dt: 1058ms | tok/sec: 30,961 | epoch: 1 | remaining: 0s    
step 00537 (60.8%) | loss: 3.838632 | lrm: 0.78 | dt: 1033ms | tok/sec: 31,731 | epoch: 1 | remaining: 0s    
step 00538 (60.9%) | loss: 3.835783 | lrm: 0.78 | dt: 1007ms | tok/sec: 32,531 | epoch: 1 | remaining: 0s    
step 00539 (61.0%) | loss: 3.833511 | lrm: 0.78 | dt: 1042ms | tok/sec: 31,436 | epoch: 1 | remaining: 0s    
step 00540 (61.2%) | loss: 3.827816 | lrm: 0.78 | dt: 1026ms | tok/sec: 31,950 | epoch: 1 | remaining: 0s    
step 00541 (61.3%) | loss: 3.826071 | lrm: 0.77 | dt: 1031ms | tok/sec: 31,768 | epoch: 1 | remaining: 0s    
step 00542 (61.4%) | loss: 3.827593 | lrm: 0.77 | dt: 1024ms | tok/sec: 32,013 | epoch: 1 | remaining: 0s    
step 00543 (61.5%) | loss: 3.823412 | lrm: 0.77 | dt: 1055ms | tok/sec: 31,070 | epoch: 1 | remaining: 0s    
step 00544 (61.6%) | loss: 3.809930 | lrm: 0.77 | dt: 1065ms | tok/sec: 30,765 | epoch: 1 | remaining: 0s    
step 00545 (61.7%) | loss: 3.811522 | lrm: 0.77 | dt: 984ms | tok/sec: 33,303 | epoch: 1 | remaining: 0s    
step 00546 (61.8%) | loss: 3.810934 | lrm: 0.76 | dt: 1017ms | tok/sec: 32,215 | epoch: 1 | remaining: 0s    
step 00547 (61.9%) | loss: 3.805573 | lrm: 0.76 | dt: 1056ms | tok/sec: 31,036 | epoch: 1 | remaining: 0s    
step 00548 (62.1%) | loss: 3.809424 | lrm: 0.76 | dt: 1035ms | tok/sec: 31,647 | epoch: 1 | remaining: 0s    
step 00549 (62.2%) | loss: 3.806560 | lrm: 0.76 | dt: 1000ms | tok/sec: 32,760 | epoch: 1 | remaining: 0s    
step 00550 (62.3%) | loss: 3.814227 | lrm: 0.75 | dt: 1013ms | tok/sec: 32,339 | epoch: 1 | remaining: 0s    
step 00551 (62.4%) | loss: 3.814463 | lrm: 0.75 | dt: 1067ms | tok/sec: 30,721 | epoch: 1 | remaining: 0s    
step 00552 (62.5%) | loss: 3.814478 | lrm: 0.75 | dt: 1043ms | tok/sec: 31,429 | epoch: 1 | remaining: 0s    
step 00553 (62.6%) | loss: 3.809539 | lrm: 0.75 | dt: 1066ms | tok/sec: 30,748 | epoch: 1 | remaining: 0s    
step 00554 (62.7%) | loss: 3.806217 | lrm: 0.75 | dt: 1053ms | tok/sec: 31,122 | epoch: 1 | remaining: 0s    
step 00555 (62.9%) | loss: 3.804515 | lrm: 0.74 | dt: 1034ms | tok/sec: 31,689 | epoch: 1 | remaining: 0s    
step 00556 (63.0%) | loss: 3.797360 | lrm: 0.74 | dt: 1007ms | tok/sec: 32,524 | epoch: 1 | remaining: 0s    
step 00557 (63.1%) | loss: 3.796682 | lrm: 0.74 | dt: 1041ms | tok/sec: 31,465 | epoch: 1 | remaining: 0s    
step 00558 (63.2%) | loss: 3.795455 | lrm: 0.74 | dt: 1030ms | tok/sec: 31,798 | epoch: 1 | remaining: 0s    
step 00559 (63.3%) | loss: 3.799707 | lrm: 0.73 | dt: 1046ms | tok/sec: 31,334 | epoch: 1 | remaining: 0s    
step 00560 (63.4%) | loss: 3.794921 | lrm: 0.73 | dt: 1038ms | tok/sec: 31,580 | epoch: 1 | remaining: 0s    
step 00561 (63.5%) | loss: 3.795316 | lrm: 0.73 | dt: 1110ms | tok/sec: 29,533 | epoch: 1 | remaining: 0s    
step 00562 (63.6%) | loss: 3.789109 | lrm: 0.73 | dt: 1082ms | tok/sec: 30,282 | epoch: 1 | remaining: 0s    
step 00563 (63.8%) | loss: 3.791096 | lrm: 0.72 | dt: 1062ms | tok/sec: 30,861 | epoch: 1 | remaining: 0s    
step 00564 (63.9%) | loss: 3.788381 | lrm: 0.72 | dt: 1028ms | tok/sec: 31,865 | epoch: 1 | remaining: 0s    
step 00565 (64.0%) | loss: 3.786492 | lrm: 0.72 | dt: 1030ms | tok/sec: 31,803 | epoch: 1 | remaining: 0s    
step 00566 (64.1%) | loss: 3.796248 | lrm: 0.72 | dt: 1074ms | tok/sec: 30,517 | epoch: 1 | remaining: 0s    
step 00567 (64.2%) | loss: 3.790425 | lrm: 0.72 | dt: 992ms | tok/sec: 33,020 | epoch: 1 | remaining: 0s    
step 00568 (64.3%) | loss: 3.799354 | lrm: 0.71 | dt: 1066ms | tok/sec: 30,744 | epoch: 1 | remaining: 0s    
step 00569 (64.4%) | loss: 3.802041 | lrm: 0.71 | dt: 1017ms | tok/sec: 32,222 | epoch: 1 | remaining: 0s    
step 00570 (64.6%) | loss: 3.793896 | lrm: 0.71 | dt: 1074ms | tok/sec: 30,519 | epoch: 1 | remaining: 0s    
step 00571 (64.7%) | loss: 3.792113 | lrm: 0.71 | dt: 1043ms | tok/sec: 31,407 | epoch: 1 | remaining: 0s    
step 00572 (64.8%) | loss: 3.798049 | lrm: 0.70 | dt: 1049ms | tok/sec: 31,227 | epoch: 1 | remaining: 0s    
step 00573 (64.9%) | loss: 3.797753 | lrm: 0.70 | dt: 1017ms | tok/sec: 32,221 | epoch: 1 | remaining: 0s    
step 00574 (65.0%) | loss: 3.791700 | lrm: 0.70 | dt: 1026ms | tok/sec: 31,940 | epoch: 1 | remaining: 0s    
step 00575 (65.1%) | loss: 3.791042 | lrm: 0.70 | dt: 1059ms | tok/sec: 30,956 | epoch: 1 | remaining: 0s    
step 00576 (65.2%) | loss: 3.784023 | lrm: 0.70 | dt: 1057ms | tok/sec: 31,006 | epoch: 1 | remaining: 0s    
step 00577 (65.3%) | loss: 3.777629 | lrm: 0.69 | dt: 1009ms | tok/sec: 32,460 | epoch: 1 | remaining: 0s    
step 00578 (65.5%) | loss: 3.780515 | lrm: 0.69 | dt: 1040ms | tok/sec: 31,492 | epoch: 1 | remaining: 0s    
step 00579 (65.6%) | loss: 3.781152 | lrm: 0.69 | dt: 1006ms | tok/sec: 32,561 | epoch: 1 | remaining: 0s    
step 00580 (65.7%) | loss: 3.777028 | lrm: 0.69 | dt: 1086ms | tok/sec: 30,184 | epoch: 1 | remaining: 0s    
step 00581 (65.8%) | loss: 3.786657 | lrm: 0.68 | dt: 1016ms | tok/sec: 32,241 | epoch: 1 | remaining: 0s    
step 00582 (65.9%) | loss: 3.795579 | lrm: 0.68 | dt: 999ms | tok/sec: 32,786 | epoch: 1 | remaining: 0s    
step 00583 (66.0%) | loss: 3.788468 | lrm: 0.68 | dt: 1043ms | tok/sec: 31,429 | epoch: 1 | remaining: 0s    
step 00584 (66.1%) | loss: 3.782810 | lrm: 0.68 | dt: 1013ms | tok/sec: 32,350 | epoch: 1 | remaining: 0s    
step 00585 (66.3%) | loss: 3.783755 | lrm: 0.67 | dt: 1037ms | tok/sec: 31,608 | epoch: 1 | remaining: 0s    
step 00586 (66.4%) | loss: 3.770675 | lrm: 0.67 | dt: 1018ms | tok/sec: 32,174 | epoch: 1 | remaining: 0s    
step 00587 (66.5%) | loss: 3.767569 | lrm: 0.67 | dt: 1014ms | tok/sec: 32,330 | epoch: 1 | remaining: 0s    
step 00588 (66.6%) | loss: 3.775259 | lrm: 0.67 | dt: 1010ms | tok/sec: 32,446 | epoch: 1 | remaining: 0s    
step 00589 (66.7%) | loss: 3.767475 | lrm: 0.67 | dt: 1051ms | tok/sec: 31,165 | epoch: 1 | remaining: 0s    
step 00590 (66.8%) | loss: 3.769123 | lrm: 0.66 | dt: 1065ms | tok/sec: 30,778 | epoch: 1 | remaining: 0s    
step 00591 (66.9%) | loss: 3.775027 | lrm: 0.66 | dt: 1049ms | tok/sec: 31,237 | epoch: 1 | remaining: 0s    
step 00592 (67.0%) | loss: 3.780531 | lrm: 0.66 | dt: 1024ms | tok/sec: 31,995 | epoch: 1 | remaining: 0s    
step 00593 (67.2%) | loss: 3.783217 | lrm: 0.66 | dt: 994ms | tok/sec: 32,977 | epoch: 1 | remaining: 0s    
step 00594 (67.3%) | loss: 3.783117 | lrm: 0.65 | dt: 1026ms | tok/sec: 31,945 | epoch: 1 | remaining: 0s    
step 00595 (67.4%) | loss: 3.774164 | lrm: 0.65 | dt: 1032ms | tok/sec: 31,742 | epoch: 1 | remaining: 0s    
step 00596 (67.5%) | loss: 3.778526 | lrm: 0.65 | dt: 1032ms | tok/sec: 31,740 | epoch: 1 | remaining: 0s    
step 00597 (67.6%) | loss: 3.772787 | lrm: 0.65 | dt: 1001ms | tok/sec: 32,728 | epoch: 1 | remaining: 0s    
step 00598 (67.7%) | loss: 3.765088 | lrm: 0.65 | dt: 1006ms | tok/sec: 32,566 | epoch: 1 | remaining: 0s    
step 00599 (67.8%) | loss: 3.768027 | lrm: 0.64 | dt: 1036ms | tok/sec: 31,618 | epoch: 1 | remaining: 0s    
step 00600 (68.0%) | loss: 3.761070 | lrm: 0.64 | dt: 1031ms | tok/sec: 31,780 | epoch: 1 | remaining: 0s    
step 00601 (68.1%) | loss: 3.754054 | lrm: 0.64 | dt: 1043ms | tok/sec: 31,412 | epoch: 1 | remaining: 0s    
step 00602 (68.2%) | loss: 3.754730 | lrm: 0.64 | dt: 1032ms | tok/sec: 31,753 | epoch: 1 | remaining: 0s    
step 00603 (68.3%) | loss: 3.747250 | lrm: 0.63 | dt: 985ms | tok/sec: 33,270 | epoch: 1 | remaining: 0s    
step 00604 (68.4%) | loss: 3.740821 | lrm: 0.63 | dt: 1026ms | tok/sec: 31,925 | epoch: 1 | remaining: 0s    
step 00605 (68.5%) | loss: 3.738503 | lrm: 0.63 | dt: 1033ms | tok/sec: 31,727 | epoch: 1 | remaining: 0s    
step 00606 (68.6%) | loss: 3.734371 | lrm: 0.63 | dt: 997ms | tok/sec: 32,877 | epoch: 1 | remaining: 0s    
step 00607 (68.7%) | loss: 3.734762 | lrm: 0.63 | dt: 995ms | tok/sec: 32,930 | epoch: 1 | remaining: 0s    
step 00608 (68.9%) | loss: 3.739385 | lrm: 0.62 | dt: 1012ms | tok/sec: 32,365 | epoch: 1 | remaining: 0s    
step 00609 (69.0%) | loss: 3.738613 | lrm: 0.62 | dt: 1029ms | tok/sec: 31,848 | epoch: 1 | remaining: 0s    
step 00610 (69.1%) | loss: 3.750261 | lrm: 0.62 | dt: 1012ms | tok/sec: 32,380 | epoch: 1 | remaining: 0s    
step 00611 (69.2%) | loss: 3.751572 | lrm: 0.62 | dt: 1020ms | tok/sec: 32,123 | epoch: 1 | remaining: 0s    
step 00612 (69.3%) | loss: 3.748009 | lrm: 0.61 | dt: 1010ms | tok/sec: 32,452 | epoch: 1 | remaining: 0s    
step 00613 (69.4%) | loss: 3.739550 | lrm: 0.61 | dt: 1016ms | tok/sec: 32,237 | epoch: 1 | remaining: 0s    
step 00614 (69.5%) | loss: 3.739817 | lrm: 0.61 | dt: 991ms | tok/sec: 33,081 | epoch: 1 | remaining: 0s    
step 00615 (69.6%) | loss: 3.737584 | lrm: 0.61 | dt: 998ms | tok/sec: 32,823 | epoch: 1 | remaining: 0s    
step 00616 (69.8%) | loss: 3.738535 | lrm: 0.60 | dt: 1010ms | tok/sec: 32,446 | epoch: 1 | remaining: 0s    
step 00617 (69.9%) | loss: 3.741306 | lrm: 0.60 | dt: 1000ms | tok/sec: 32,752 | epoch: 1 | remaining: 0s    
step 00618 (70.0%) | loss: 3.747599 | lrm: 0.60 | dt: 985ms | tok/sec: 33,274 | epoch: 1 | remaining: 0s    
step 00619 (70.1%) | loss: 3.747847 | lrm: 0.60 | dt: 1066ms | tok/sec: 30,749 | epoch: 1 | remaining: 0s    
step 00620 (70.2%) | loss: 3.755688 | lrm: 0.60 | dt: 995ms | tok/sec: 32,935 | epoch: 1 | remaining: 0s    
step 00621 (70.3%) | loss: 3.759086 | lrm: 0.59 | dt: 988ms | tok/sec: 33,166 | epoch: 1 | remaining: 0s    
step 00622 (70.4%) | loss: 3.766550 | lrm: 0.59 | dt: 999ms | tok/sec: 32,801 | epoch: 1 | remaining: 0s    
step 00623 (70.6%) | loss: 3.763290 | lrm: 0.59 | dt: 1014ms | tok/sec: 32,327 | epoch: 1 | remaining: 0s    
step 00624 (70.7%) | loss: 3.761273 | lrm: 0.59 | dt: 1014ms | tok/sec: 32,328 | epoch: 1 | remaining: 0s    
step 00625 (70.8%) | loss: 3.750368 | lrm: 0.58 | dt: 996ms | tok/sec: 32,885 | epoch: 1 | remaining: 0s    
step 00626 (70.9%) | loss: 3.756760 | lrm: 0.58 | dt: 965ms | tok/sec: 33,971 | epoch: 1 | remaining: 0s    
step 00627 (71.0%) | loss: 3.754671 | lrm: 0.58 | dt: 988ms | tok/sec: 33,172 | epoch: 1 | remaining: 0s    
step 00628 (71.1%) | loss: 3.749992 | lrm: 0.58 | dt: 990ms | tok/sec: 33,109 | epoch: 1 | remaining: 0s    
step 00629 (71.2%) | loss: 3.748367 | lrm: 0.58 | dt: 1036ms | tok/sec: 31,630 | epoch: 1 | remaining: 0s    
step 00630 (71.3%) | loss: 3.751692 | lrm: 0.57 | dt: 987ms | tok/sec: 33,207 | epoch: 1 | remaining: 0s    
step 00631 (71.5%) | loss: 3.750282 | lrm: 0.57 | dt: 980ms | tok/sec: 33,445 | epoch: 1 | remaining: 0s    
step 00632 (71.6%) | loss: 3.746605 | lrm: 0.57 | dt: 997ms | tok/sec: 32,865 | epoch: 1 | remaining: 0s    
step 00633 (71.7%) | loss: 3.744172 | lrm: 0.57 | dt: 985ms | tok/sec: 33,270 | epoch: 1 | remaining: 0s    
step 00634 (71.8%) | loss: 3.731169 | lrm: 0.56 | dt: 992ms | tok/sec: 33,043 | epoch: 1 | remaining: 0s    
step 00635 (71.9%) | loss: 3.730902 | lrm: 0.56 | dt: 1007ms | tok/sec: 32,550 | epoch: 1 | remaining: 0s    
step 00636 (72.0%) | loss: 3.731305 | lrm: 0.56 | dt: 961ms | tok/sec: 34,089 | epoch: 1 | remaining: 0s    
step 00637 (72.1%) | loss: 3.724454 | lrm: 0.56 | dt: 966ms | tok/sec: 33,905 | epoch: 1 | remaining: 0s    
step 00638 (72.3%) | loss: 3.726042 | lrm: 0.55 | dt: 1013ms | tok/sec: 32,352 | epoch: 1 | remaining: 0s    
step 00639 (72.4%) | loss: 3.721889 | lrm: 0.55 | dt: 1021ms | tok/sec: 32,089 | epoch: 1 | remaining: 0s    
step 00640 (72.5%) | loss: 3.712105 | lrm: 0.55 | dt: 998ms | tok/sec: 32,830 | epoch: 1 | remaining: 0s    
step 00641 (72.6%) | loss: 3.712455 | lrm: 0.55 | dt: 989ms | tok/sec: 33,137 | epoch: 1 | remaining: 0s    
step 00642 (72.7%) | loss: 3.706029 | lrm: 0.55 | dt: 1011ms | tok/sec: 32,408 | epoch: 1 | remaining: 0s    
step 00643 (72.8%) | loss: 3.702444 | lrm: 0.54 | dt: 976ms | tok/sec: 33,581 | epoch: 1 | remaining: 0s    
step 00644 (72.9%) | loss: 3.694583 | lrm: 0.54 | dt: 975ms | tok/sec: 33,621 | epoch: 1 | remaining: 0s    
step 00645 (73.0%) | loss: 3.695688 | lrm: 0.54 | dt: 980ms | tok/sec: 33,423 | epoch: 1 | remaining: 0s    
step 00646 (73.2%) | loss: 3.702553 | lrm: 0.54 | dt: 1011ms | tok/sec: 32,416 | epoch: 1 | remaining: 0s    
step 00647 (73.3%) | loss: 3.713694 | lrm: 0.53 | dt: 1001ms | tok/sec: 32,749 | epoch: 1 | remaining: 0s    
step 00648 (73.4%) | loss: 3.703313 | lrm: 0.53 | dt: 981ms | tok/sec: 33,408 | epoch: 1 | remaining: 0s    
step 00649 (73.5%) | loss: 3.698521 | lrm: 0.53 | dt: 1012ms | tok/sec: 32,381 | epoch: 1 | remaining: 0s    
step 00650 (73.6%) | loss: 3.698089 | lrm: 0.53 | dt: 1040ms | tok/sec: 31,510 | epoch: 1 | remaining: 0s    
step 00651 (73.7%) | loss: 3.696668 | lrm: 0.53 | dt: 1000ms | tok/sec: 32,779 | epoch: 1 | remaining: 0s    
step 00652 (73.8%) | loss: 3.697085 | lrm: 0.52 | dt: 993ms | tok/sec: 32,989 | epoch: 1 | remaining: 0s    
step 00653 (74.0%) | loss: 3.690507 | lrm: 0.52 | dt: 990ms | tok/sec: 33,090 | epoch: 1 | remaining: 0s    
step 00654 (74.1%) | loss: 3.691876 | lrm: 0.52 | dt: 976ms | tok/sec: 33,564 | epoch: 1 | remaining: 0s    
step 00655 (74.2%) | loss: 3.688169 | lrm: 0.52 | dt: 980ms | tok/sec: 33,433 | epoch: 1 | remaining: 0s    
step 00656 (74.3%) | loss: 3.684084 | lrm: 0.51 | dt: 994ms | tok/sec: 32,961 | epoch: 1 | remaining: 0s    
step 00657 (74.4%) | loss: 3.684375 | lrm: 0.51 | dt: 973ms | tok/sec: 33,670 | epoch: 1 | remaining: 0s    
step 00658 (74.5%) | loss: 3.682867 | lrm: 0.51 | dt: 1010ms | tok/sec: 32,442 | epoch: 1 | remaining: 0s    
step 00659 (74.6%) | loss: 3.686462 | lrm: 0.51 | dt: 1033ms | tok/sec: 31,710 | epoch: 1 | remaining: 0s    
step 00660 (74.7%) | loss: 3.687304 | lrm: 0.51 | dt: 991ms | tok/sec: 33,076 | epoch: 1 | remaining: 0s    
step 00661 (74.9%) | loss: 3.685950 | lrm: 0.50 | dt: 946ms | tok/sec: 34,630 | epoch: 1 | remaining: 0s    
step 00662 (75.0%) | loss: 3.680348 | lrm: 0.50 | dt: 1004ms | tok/sec: 32,641 | epoch: 1 | remaining: 0s    
step 00663 (75.1%) | loss: 3.682772 | lrm: 0.50 | dt: 998ms | tok/sec: 32,842 | epoch: 1 | remaining: 0s    
step 00664 (75.2%) | loss: 3.681842 | lrm: 0.50 | dt: 975ms | tok/sec: 33,601 | epoch: 1 | remaining: 0s    
step 00665 (75.3%) | loss: 3.689474 | lrm: 0.49 | dt: 961ms | tok/sec: 34,089 | epoch: 1 | remaining: 0s    
step 00666 (75.4%) | loss: 3.685455 | lrm: 0.49 | dt: 966ms | tok/sec: 33,918 | epoch: 1 | remaining: 0s    
step 00667 (75.5%) | loss: 3.692404 | lrm: 0.49 | dt: 1006ms | tok/sec: 32,558 | epoch: 1 | remaining: 0s    
step 00668 (75.7%) | loss: 3.698802 | lrm: 0.49 | dt: 977ms | tok/sec: 33,526 | epoch: 1 | remaining: 0s    
step 00669 (75.8%) | loss: 3.693894 | lrm: 0.48 | dt: 992ms | tok/sec: 33,040 | epoch: 1 | remaining: 0s    
step 00670 (75.9%) | loss: 3.694740 | lrm: 0.48 | dt: 1024ms | tok/sec: 31,996 | epoch: 1 | remaining: 0s    
step 00671 (76.0%) | loss: 3.693474 | lrm: 0.48 | dt: 972ms | tok/sec: 33,714 | epoch: 1 | remaining: 0s    
step 00672 (76.1%) | loss: 3.691645 | lrm: 0.48 | dt: 976ms | tok/sec: 33,583 | epoch: 1 | remaining: 0s    
step 00673 (76.2%) | loss: 3.687207 | lrm: 0.48 | dt: 1012ms | tok/sec: 32,384 | epoch: 1 | remaining: 0s    
step 00674 (76.3%) | loss: 3.678236 | lrm: 0.47 | dt: 1008ms | tok/sec: 32,501 | epoch: 1 | remaining: 0s    
step 00675 (76.4%) | loss: 3.681126 | lrm: 0.47 | dt: 974ms | tok/sec: 33,641 | epoch: 1 | remaining: 0s    
step 00676 (76.6%) | loss: 3.675659 | lrm: 0.47 | dt: 1257ms | tok/sec: 26,071 | epoch: 1 | remaining: 0s    
step 00677 (76.7%) | loss: 3.675971 | lrm: 0.47 | dt: 825ms | tok/sec: 39,726 | epoch: 1 | remaining: 0s    
step 00678 (76.8%) | loss: 3.675412 | lrm: 0.46 | dt: 894ms | tok/sec: 36,635 | epoch: 1 | remaining: 0s    
step 00679 (76.9%) | loss: 3.681590 | lrm: 0.46 | dt: 1065ms | tok/sec: 30,778 | epoch: 1 | remaining: 0s    
step 00680 (77.0%) | loss: 3.680968 | lrm: 0.46 | dt: 1144ms | tok/sec: 28,644 | epoch: 1 | remaining: 0s    
step 00681 (77.1%) | loss: 3.685357 | lrm: 0.46 | dt: 982ms | tok/sec: 33,361 | epoch: 1 | remaining: 0s    
step 00682 (77.2%) | loss: 3.688701 | lrm: 0.46 | dt: 898ms | tok/sec: 36,502 | epoch: 1 | remaining: 0s    
step 00683 (77.3%) | loss: 3.690390 | lrm: 0.45 | dt: 945ms | tok/sec: 34,675 | epoch: 1 | remaining: 0s    
step 00684 (77.5%) | loss: 3.686688 | lrm: 0.45 | dt: 1055ms | tok/sec: 31,046 | epoch: 1 | remaining: 0s    
step 00685 (77.6%) | loss: 3.689386 | lrm: 0.45 | dt: 1064ms | tok/sec: 30,795 | epoch: 1 | remaining: 0s    
step 00686 (77.7%) | loss: 3.693628 | lrm: 0.45 | dt: 962ms | tok/sec: 34,061 | epoch: 1 | remaining: 0s    
step 00687 (77.8%) | loss: 3.695120 | lrm: 0.44 | dt: 960ms | tok/sec: 34,135 | epoch: 1 | remaining: 0s    
step 00688 (77.9%) | loss: 3.683996 | lrm: 0.44 | dt: 1024ms | tok/sec: 32,004 | epoch: 1 | remaining: 0s    
step 00689 (78.0%) | loss: 3.686068 | lrm: 0.44 | dt: 1031ms | tok/sec: 31,781 | epoch: 1 | remaining: 0s    
step 00690 (78.1%) | loss: 3.677388 | lrm: 0.44 | dt: 1009ms | tok/sec: 32,480 | epoch: 1 | remaining: 0s    
step 00691 (78.3%) | loss: 3.676677 | lrm: 0.43 | dt: 983ms | tok/sec: 33,328 | epoch: 1 | remaining: 0s    
step 00692 (78.4%) | loss: 3.677244 | lrm: 0.43 | dt: 969ms | tok/sec: 33,801 | epoch: 1 | remaining: 0s    
step 00693 (78.5%) | loss: 3.684501 | lrm: 0.43 | dt: 1021ms | tok/sec: 32,108 | epoch: 1 | remaining: 0s    
step 00694 (78.6%) | loss: 3.684486 | lrm: 0.43 | dt: 995ms | tok/sec: 32,943 | epoch: 1 | remaining: 0s    
step 00695 (78.7%) | loss: 3.687659 | lrm: 0.43 | dt: 968ms | tok/sec: 33,839 | epoch: 1 | remaining: 0s    
step 00696 (78.8%) | loss: 3.681838 | lrm: 0.42 | dt: 1007ms | tok/sec: 32,551 | epoch: 1 | remaining: 0s    
step 00697 (78.9%) | loss: 3.673048 | lrm: 0.42 | dt: 1039ms | tok/sec: 31,544 | epoch: 1 | remaining: 0s    
step 00698 (79.0%) | loss: 3.675745 | lrm: 0.42 | dt: 979ms | tok/sec: 33,478 | epoch: 1 | remaining: 0s    
step 00699 (79.2%) | loss: 3.676962 | lrm: 0.42 | dt: 1009ms | tok/sec: 32,476 | epoch: 1 | remaining: 0s    
step 00700 (79.3%) | loss: 3.667094 | lrm: 0.41 | dt: 990ms | tok/sec: 33,106 | epoch: 1 | remaining: 0s    
step 00701 (79.4%) | loss: 3.669040 | lrm: 0.41 | dt: 994ms | tok/sec: 32,976 | epoch: 1 | remaining: 0s    
step 00702 (79.5%) | loss: 3.658649 | lrm: 0.41 | dt: 990ms | tok/sec: 33,087 | epoch: 1 | remaining: 0s    
step 00703 (79.6%) | loss: 3.649808 | lrm: 0.41 | dt: 1013ms | tok/sec: 32,343 | epoch: 1 | remaining: 0s    
step 00704 (79.7%) | loss: 3.646853 | lrm: 0.41 | dt: 1020ms | tok/sec: 32,134 | epoch: 1 | remaining: 0s    
step 00705 (79.8%) | loss: 3.647784 | lrm: 0.40 | dt: 1025ms | tok/sec: 31,956 | epoch: 1 | remaining: 0s    
step 00706 (80.0%) | loss: 3.644032 | lrm: 0.40 | dt: 980ms | tok/sec: 33,423 | epoch: 1 | remaining: 0s    
step 00707 (80.1%) | loss: 3.645678 | lrm: 0.40 | dt: 1020ms | tok/sec: 32,110 | epoch: 1 | remaining: 0s    
step 00708 (80.2%) | loss: 3.644699 | lrm: 0.40 | dt: 1015ms | tok/sec: 32,279 | epoch: 1 | remaining: 0s    
step 00709 (80.3%) | loss: 3.644321 | lrm: 0.39 | dt: 1030ms | tok/sec: 31,805 | epoch: 1 | remaining: 0s    
step 00710 (80.4%) | loss: 3.643612 | lrm: 0.39 | dt: 1028ms | tok/sec: 31,886 | epoch: 1 | remaining: 0s    
step 00711 (80.5%) | loss: 3.644387 | lrm: 0.39 | dt: 993ms | tok/sec: 32,988 | epoch: 1 | remaining: 0s    
step 00712 (80.6%) | loss: 3.644195 | lrm: 0.39 | dt: 999ms | tok/sec: 32,812 | epoch: 1 | remaining: 0s    
step 00713 (80.7%) | loss: 3.630376 | lrm: 0.39 | dt: 1002ms | tok/sec: 32,702 | epoch: 1 | remaining: 0s    
step 00714 (80.9%) | loss: 3.636793 | lrm: 0.38 | dt: 1032ms | tok/sec: 31,759 | epoch: 1 | remaining: 0s    
step 00715 (81.0%) | loss: 3.642124 | lrm: 0.38 | dt: 1008ms | tok/sec: 32,513 | epoch: 1 | remaining: 0s    
step 00716 (81.1%) | loss: 3.638996 | lrm: 0.38 | dt: 1000ms | tok/sec: 32,753 | epoch: 1 | remaining: 0s    
step 00717 (81.2%) | loss: 3.637909 | lrm: 0.38 | dt: 982ms | tok/sec: 33,365 | epoch: 1 | remaining: 0s    
step 00718 (81.3%) | loss: 3.632349 | lrm: 0.37 | dt: 1026ms | tok/sec: 31,937 | epoch: 1 | remaining: 0s    
step 00719 (81.4%) | loss: 3.634814 | lrm: 0.37 | dt: 1054ms | tok/sec: 31,089 | epoch: 1 | remaining: 0s    
step 00720 (81.5%) | loss: 3.629784 | lrm: 0.37 | dt: 1029ms | tok/sec: 31,842 | epoch: 1 | remaining: 0s    
step 00721 (81.7%) | loss: 3.639743 | lrm: 0.37 | dt: 992ms | tok/sec: 33,035 | epoch: 1 | remaining: 0s    
step 00722 (81.8%) | loss: 3.648010 | lrm: 0.36 | dt: 1066ms | tok/sec: 30,728 | epoch: 1 | remaining: 0s    
step 00723 (81.9%) | loss: 3.650026 | lrm: 0.36 | dt: 1000ms | tok/sec: 32,768 | epoch: 1 | remaining: 0s    
step 00724 (82.0%) | loss: 3.646289 | lrm: 0.36 | dt: 1009ms | tok/sec: 32,478 | epoch: 1 | remaining: 0s    
step 00725 (82.1%) | loss: 3.643489 | lrm: 0.36 | dt: 1038ms | tok/sec: 31,564 | epoch: 1 | remaining: 0s    
step 00726 (82.2%) | loss: 3.640861 | lrm: 0.36 | dt: 1033ms | tok/sec: 31,728 | epoch: 1 | remaining: 0s    
step 00727 (82.3%) | loss: 3.640884 | lrm: 0.35 | dt: 1003ms | tok/sec: 32,656 | epoch: 1 | remaining: 0s    
step 00728 (82.4%) | loss: 3.639648 | lrm: 0.35 | dt: 1016ms | tok/sec: 32,242 | epoch: 1 | remaining: 0s    
step 00729 (82.6%) | loss: 3.632997 | lrm: 0.35 | dt: 1060ms | tok/sec: 30,927 | epoch: 1 | remaining: 0s    
step 00730 (82.7%) | loss: 3.637009 | lrm: 0.35 | dt: 1033ms | tok/sec: 31,717 | epoch: 1 | remaining: 0s    
step 00731 (82.8%) | loss: 3.632803 | lrm: 0.34 | dt: 982ms | tok/sec: 33,357 | epoch: 1 | remaining: 0s    
step 00732 (82.9%) | loss: 3.626169 | lrm: 0.34 | dt: 1026ms | tok/sec: 31,943 | epoch: 1 | remaining: 0s    
step 00733 (83.0%) | loss: 3.631525 | lrm: 0.34 | dt: 1030ms | tok/sec: 31,801 | epoch: 1 | remaining: 0s    
step 00734 (83.1%) | loss: 3.625484 | lrm: 0.34 | dt: 1009ms | tok/sec: 32,478 | epoch: 1 | remaining: 0s    
step 00735 (83.2%) | loss: 3.619420 | lrm: 0.34 | dt: 1027ms | tok/sec: 31,916 | epoch: 1 | remaining: 0s    
step 00736 (83.4%) | loss: 3.622626 | lrm: 0.33 | dt: 992ms | tok/sec: 33,025 | epoch: 1 | remaining: 0s    
step 00737 (83.5%) | loss: 3.626723 | lrm: 0.33 | dt: 1018ms | tok/sec: 32,198 | epoch: 1 | remaining: 0s    
step 00738 (83.6%) | loss: 3.628271 | lrm: 0.33 | dt: 1024ms | tok/sec: 32,000 | epoch: 1 | remaining: 0s    
step 00739 (83.7%) | loss: 3.630112 | lrm: 0.33 | dt: 1123ms | tok/sec: 29,188 | epoch: 1 | remaining: 0s    
step 00740 (83.8%) | loss: 3.630211 | lrm: 0.32 | dt: 1087ms | tok/sec: 30,147 | epoch: 1 | remaining: 0s    
step 00741 (83.9%) | loss: 3.619305 | lrm: 0.32 | dt: 981ms | tok/sec: 33,391 | epoch: 1 | remaining: 0s    
step 00742 (84.0%) | loss: 3.613947 | lrm: 0.32 | dt: 974ms | tok/sec: 33,657 | epoch: 1 | remaining: 0s    
step 00743 (84.1%) | loss: 3.612935 | lrm: 0.32 | dt: 1061ms | tok/sec: 30,890 | epoch: 1 | remaining: 0s    
step 00744 (84.3%) | loss: 3.619280 | lrm: 0.31 | dt: 1066ms | tok/sec: 30,751 | epoch: 1 | remaining: 0s    
step 00745 (84.4%) | loss: 3.614494 | lrm: 0.31 | dt: 983ms | tok/sec: 33,347 | epoch: 1 | remaining: 0s    
step 00746 (84.5%) | loss: 3.620346 | lrm: 0.31 | dt: 1015ms | tok/sec: 32,280 | epoch: 1 | remaining: 0s    
step 00747 (84.6%) | loss: 3.615159 | lrm: 0.31 | dt: 1033ms | tok/sec: 31,716 | epoch: 1 | remaining: 0s    
step 00748 (84.7%) | loss: 3.608964 | lrm: 0.31 | dt: 1042ms | tok/sec: 31,441 | epoch: 1 | remaining: 0s    
step 00749 (84.8%) | loss: 3.609086 | lrm: 0.30 | dt: 1028ms | tok/sec: 31,886 | epoch: 1 | remaining: 0s    
step 00750 (84.9%) | loss: 3.609132 | lrm: 0.30 | dt: 1049ms | tok/sec: 31,237 | epoch: 1 | remaining: 0s    
step 00751 (85.1%) | loss: 3.606850 | lrm: 0.30 | dt: 1023ms | tok/sec: 32,020 | epoch: 1 | remaining: 0s    
step 00752 (85.2%) | loss: 3.602567 | lrm: 0.30 | dt: 995ms | tok/sec: 32,925 | epoch: 1 | remaining: 0s    
step 00753 (85.3%) | loss: 3.607838 | lrm: 0.29 | dt: 1063ms | tok/sec: 30,823 | epoch: 1 | remaining: 0s    
step 00754 (85.4%) | loss: 3.609791 | lrm: 0.29 | dt: 995ms | tok/sec: 32,946 | epoch: 1 | remaining: 0s    
step 00755 (85.5%) | loss: 3.604717 | lrm: 0.29 | dt: 1033ms | tok/sec: 31,725 | epoch: 1 | remaining: 0s    
step 00756 (85.6%) | loss: 3.601209 | lrm: 0.29 | dt: 1014ms | tok/sec: 32,319 | epoch: 1 | remaining: 0s    
step 00757 (85.7%) | loss: 3.592401 | lrm: 0.29 | dt: 1010ms | tok/sec: 32,433 | epoch: 1 | remaining: 0s    
step 00758 (85.8%) | loss: 3.597852 | lrm: 0.28 | dt: 1035ms | tok/sec: 31,656 | epoch: 1 | remaining: 0s    
step 00759 (86.0%) | loss: 3.590167 | lrm: 0.28 | dt: 1071ms | tok/sec: 30,585 | epoch: 1 | remaining: 0s    
step 00760 (86.1%) | loss: 3.588149 | lrm: 0.28 | dt: 998ms | tok/sec: 32,827 | epoch: 1 | remaining: 0s    
step 00761 (86.2%) | loss: 3.594524 | lrm: 0.28 | dt: 1029ms | tok/sec: 31,836 | epoch: 1 | remaining: 0s    
step 00762 (86.3%) | loss: 3.591443 | lrm: 0.27 | dt: 1057ms | tok/sec: 31,005 | epoch: 1 | remaining: 0s    
step 00763 (86.4%) | loss: 3.592033 | lrm: 0.27 | dt: 1044ms | tok/sec: 31,392 | epoch: 1 | remaining: 0s    
step 00764 (86.5%) | loss: 3.592955 | lrm: 0.27 | dt: 986ms | tok/sec: 33,228 | epoch: 1 | remaining: 0s    
step 00765 (86.6%) | loss: 3.592895 | lrm: 0.27 | dt: 1014ms | tok/sec: 32,323 | epoch: 1 | remaining: 0s    
step 00766 (86.7%) | loss: 3.594417 | lrm: 0.27 | dt: 1029ms | tok/sec: 31,858 | epoch: 1 | remaining: 0s    
step 00767 (86.9%) | loss: 3.590361 | lrm: 0.26 | dt: 1037ms | tok/sec: 31,596 | epoch: 1 | remaining: 0s    
step 00768 (87.0%) | loss: 3.578548 | lrm: 0.26 | dt: 1054ms | tok/sec: 31,076 | epoch: 1 | remaining: 0s    
step 00769 (87.1%) | loss: 3.578308 | lrm: 0.26 | dt: 1038ms | tok/sec: 31,580 | epoch: 1 | remaining: 0s    
step 00770 (87.2%) | loss: 3.571712 | lrm: 0.26 | dt: 1030ms | tok/sec: 31,798 | epoch: 1 | remaining: 0s    
step 00771 (87.3%) | loss: 3.573696 | lrm: 0.25 | dt: 1036ms | tok/sec: 31,626 | epoch: 1 | remaining: 0s    
step 00772 (87.4%) | loss: 3.575934 | lrm: 0.25 | dt: 1031ms | tok/sec: 31,788 | epoch: 1 | remaining: 0s    
step 00773 (87.5%) | loss: 3.575242 | lrm: 0.25 | dt: 1009ms | tok/sec: 32,481 | epoch: 1 | remaining: 0s    
step 00774 (87.7%) | loss: 3.574497 | lrm: 0.25 | dt: 1018ms | tok/sec: 32,193 | epoch: 1 | remaining: 0s    
step 00775 (87.8%) | loss: 3.572718 | lrm: 0.24 | dt: 1014ms | tok/sec: 32,329 | epoch: 1 | remaining: 0s    
step 00776 (87.9%) | loss: 3.576939 | lrm: 0.24 | dt: 1001ms | tok/sec: 32,743 | epoch: 1 | remaining: 0s    
step 00777 (88.0%) | loss: 3.572300 | lrm: 0.24 | dt: 1042ms | tok/sec: 31,439 | epoch: 1 | remaining: 0s    
step 00778 (88.1%) | loss: 3.577285 | lrm: 0.24 | dt: 1019ms | tok/sec: 32,167 | epoch: 1 | remaining: 0s    
step 00779 (88.2%) | loss: 3.591706 | lrm: 0.24 | dt: 1009ms | tok/sec: 32,467 | epoch: 1 | remaining: 0s    
step 00780 (88.3%) | loss: 3.582911 | lrm: 0.23 | dt: 1016ms | tok/sec: 32,254 | epoch: 1 | remaining: 0s    
step 00781 (88.4%) | loss: 3.582579 | lrm: 0.23 | dt: 1008ms | tok/sec: 32,496 | epoch: 1 | remaining: 0s    
step 00782 (88.6%) | loss: 3.575836 | lrm: 0.23 | dt: 1017ms | tok/sec: 32,230 | epoch: 1 | remaining: 0s    
step 00783 (88.7%) | loss: 3.578930 | lrm: 0.23 | dt: 1016ms | tok/sec: 32,238 | epoch: 1 | remaining: 0s    
step 00784 (88.8%) | loss: 3.580516 | lrm: 0.22 | dt: 1006ms | tok/sec: 32,572 | epoch: 1 | remaining: 0s    
step 00785 (88.9%) | loss: 3.584132 | lrm: 0.22 | dt: 1025ms | tok/sec: 31,975 | epoch: 1 | remaining: 0s    
step 00786 (89.0%) | loss: 3.580920 | lrm: 0.22 | dt: 995ms | tok/sec: 32,933 | epoch: 1 | remaining: 0s    
step 00787 (89.1%) | loss: 3.580532 | lrm: 0.22 | dt: 1030ms | tok/sec: 31,803 | epoch: 1 | remaining: 0s    
step 00788 (89.2%) | loss: 3.570703 | lrm: 0.22 | dt: 1024ms | tok/sec: 32,008 | epoch: 1 | remaining: 0s    
step 00789 (89.4%) | loss: 3.568649 | lrm: 0.21 | dt: 1012ms | tok/sec: 32,392 | epoch: 1 | remaining: 0s    
step 00790 (89.5%) | loss: 3.563512 | lrm: 0.21 | dt: 1016ms | tok/sec: 32,244 | epoch: 1 | remaining: 0s    
step 00791 (89.6%) | loss: 3.568176 | lrm: 0.21 | dt: 1042ms | tok/sec: 31,432 | epoch: 1 | remaining: 0s    
step 00792 (89.7%) | loss: 3.574750 | lrm: 0.21 | dt: 993ms | tok/sec: 33,012 | epoch: 1 | remaining: 0s    
step 00793 (89.8%) | loss: 3.576104 | lrm: 0.20 | dt: 1016ms | tok/sec: 32,257 | epoch: 1 | remaining: 0s    
step 00794 (89.9%) | loss: 3.572878 | lrm: 0.20 | dt: 1030ms | tok/sec: 31,824 | epoch: 1 | remaining: 0s    
step 00795 (90.0%) | loss: 3.573632 | lrm: 0.20 | dt: 987ms | tok/sec: 33,207 | epoch: 1 | remaining: 0s    
step 00796 (90.1%) | loss: 3.576686 | lrm: 0.20 | dt: 1016ms | tok/sec: 32,250 | epoch: 1 | remaining: 0s    
step 00797 (90.3%) | loss: 3.573954 | lrm: 0.19 | dt: 1043ms | tok/sec: 31,419 | epoch: 1 | remaining: 0s    
step 00798 (90.4%) | loss: 3.567884 | lrm: 0.19 | dt: 1064ms | tok/sec: 30,802 | epoch: 1 | remaining: 0s    
step 00799 (90.5%) | loss: 3.566689 | lrm: 0.19 | dt: 1024ms | tok/sec: 32,011 | epoch: 1 | remaining: 0s    
step 00800 (90.6%) | loss: 3.561281 | lrm: 0.19 | dt: 961ms | tok/sec: 34,097 | epoch: 1 | remaining: 0s    
step 00801 (90.7%) | loss: 3.571392 | lrm: 0.19 | dt: 1048ms | tok/sec: 31,266 | epoch: 1 | remaining: 0s    
step 00802 (90.8%) | loss: 3.581275 | lrm: 0.18 | dt: 1029ms | tok/sec: 31,842 | epoch: 1 | remaining: 0s    
step 00803 (90.9%) | loss: 3.577523 | lrm: 0.18 | dt: 999ms | tok/sec: 32,806 | epoch: 1 | remaining: 0s    
step 00804 (91.1%) | loss: 3.577693 | lrm: 0.18 | dt: 1015ms | tok/sec: 32,272 | epoch: 1 | remaining: 0s    
step 00805 (91.2%) | loss: 3.570173 | lrm: 0.18 | dt: 1039ms | tok/sec: 31,552 | epoch: 1 | remaining: 0s    
step 00806 (91.3%) | loss: 3.570785 | lrm: 0.17 | dt: 1021ms | tok/sec: 32,107 | epoch: 1 | remaining: 0s    
step 00807 (91.4%) | loss: 3.577519 | lrm: 0.17 | dt: 1026ms | tok/sec: 31,935 | epoch: 1 | remaining: 0s    
step 00808 (91.5%) | loss: 3.588611 | lrm: 0.17 | dt: 1028ms | tok/sec: 31,871 | epoch: 1 | remaining: 0s    
step 00809 (91.6%) | loss: 3.581366 | lrm: 0.17 | dt: 1004ms | tok/sec: 32,631 | epoch: 1 | remaining: 0s    
step 00810 (91.7%) | loss: 3.575345 | lrm: 0.17 | dt: 1033ms | tok/sec: 31,729 | epoch: 1 | remaining: 0s    
step 00811 (91.8%) | loss: 3.569790 | lrm: 0.16 | dt: 1009ms | tok/sec: 32,474 | epoch: 1 | remaining: 0s    
step 00812 (92.0%) | loss: 3.570331 | lrm: 0.16 | dt: 1017ms | tok/sec: 32,223 | epoch: 1 | remaining: 0s    
step 00813 (92.1%) | loss: 3.561937 | lrm: 0.16 | dt: 1008ms | tok/sec: 32,508 | epoch: 1 | remaining: 0s    
step 00814 (92.2%) | loss: 3.557857 | lrm: 0.16 | dt: 1024ms | tok/sec: 31,997 | epoch: 1 | remaining: 0s    
step 00815 (92.3%) | loss: 3.560827 | lrm: 0.15 | dt: 985ms | tok/sec: 33,257 | epoch: 1 | remaining: 0s    
step 00816 (92.4%) | loss: 3.562108 | lrm: 0.15 | dt: 1030ms | tok/sec: 31,824 | epoch: 1 | remaining: 0s    
step 00817 (92.5%) | loss: 3.569031 | lrm: 0.15 | dt: 1058ms | tok/sec: 30,972 | epoch: 1 | remaining: 0s    
step 00818 (92.6%) | loss: 3.562227 | lrm: 0.15 | dt: 1008ms | tok/sec: 32,504 | epoch: 1 | remaining: 0s    
step 00819 (92.8%) | loss: 3.557298 | lrm: 0.14 | dt: 1004ms | tok/sec: 32,646 | epoch: 1 | remaining: 0s    
step 00820 (92.9%) | loss: 3.560250 | lrm: 0.14 | dt: 1021ms | tok/sec: 32,107 | epoch: 1 | remaining: 0s    
step 00821 (93.0%) | loss: 3.563765 | lrm: 0.14 | dt: 1008ms | tok/sec: 32,513 | epoch: 1 | remaining: 0s    
step 00822 (93.1%) | loss: 3.556451 | lrm: 0.14 | dt: 1003ms | tok/sec: 32,662 | epoch: 1 | remaining: 0s    
step 00823 (93.2%) | loss: 3.555258 | lrm: 0.14 | dt: 1015ms | tok/sec: 32,277 | epoch: 1 | remaining: 0s    
step 00824 (93.3%) | loss: 3.549359 | lrm: 0.13 | dt: 1050ms | tok/sec: 31,193 | epoch: 1 | remaining: 0s    
step 00825 (93.4%) | loss: 3.553283 | lrm: 0.13 | dt: 1039ms | tok/sec: 31,545 | epoch: 1 | remaining: 0s    
step 00826 (93.5%) | loss: 3.536724 | lrm: 0.13 | dt: 996ms | tok/sec: 32,889 | epoch: 1 | remaining: 0s    
step 00827 (93.7%) | loss: 3.536621 | lrm: 0.13 | dt: 1049ms | tok/sec: 31,227 | epoch: 1 | remaining: 0s    
step 00828 (93.8%) | loss: 3.533897 | lrm: 0.12 | dt: 1043ms | tok/sec: 31,412 | epoch: 1 | remaining: 0s    
step 00829 (93.9%) | loss: 3.528119 | lrm: 0.12 | dt: 1057ms | tok/sec: 31,006 | epoch: 1 | remaining: 0s    
step 00830 (94.0%) | loss: 3.527384 | lrm: 0.12 | dt: 991ms | tok/sec: 33,081 | epoch: 1 | remaining: 0s    
step 00831 (94.1%) | loss: 3.527641 | lrm: 0.12 | dt: 1007ms | tok/sec: 32,526 | epoch: 1 | remaining: 0s    
step 00832 (94.2%) | loss: 3.518350 | lrm: 0.12 | dt: 1016ms | tok/sec: 32,254 | epoch: 1 | remaining: 0s    
step 00833 (94.3%) | loss: 3.518370 | lrm: 0.11 | dt: 986ms | tok/sec: 33,233 | epoch: 1 | remaining: 0s    
step 00834 (94.5%) | loss: 3.525974 | lrm: 0.11 | dt: 1015ms | tok/sec: 32,279 | epoch: 1 | remaining: 0s    
step 00835 (94.6%) | loss: 3.530232 | lrm: 0.11 | dt: 993ms | tok/sec: 32,993 | epoch: 1 | remaining: 0s    
step 00836 (94.7%) | loss: 3.531961 | lrm: 0.11 | dt: 1007ms | tok/sec: 32,555 | epoch: 1 | remaining: 0s    
step 00837 (94.8%) | loss: 3.535327 | lrm: 0.10 | dt: 1145ms | tok/sec: 28,627 | epoch: 1 | remaining: 0s    
step 00838 (94.9%) | loss: 3.534375 | lrm: 0.10 | dt: 1100ms | tok/sec: 29,776 | epoch: 1 | remaining: 0s    
step 00839 (95.0%) | loss: 3.535865 | lrm: 0.10 | dt: 965ms | tok/sec: 33,962 | epoch: 1 | remaining: 0s    
step 00840 (95.1%) | loss: 3.539476 | lrm: 0.10 | dt: 929ms | tok/sec: 35,260 | epoch: 1 | remaining: 0s    
step 00841 (95.2%) | loss: 3.535035 | lrm: 0.10 | dt: 981ms | tok/sec: 33,412 | epoch: 1 | remaining: 0s    
step 00842 (95.4%) | loss: 3.538366 | lrm: 0.09 | dt: 1064ms | tok/sec: 30,800 | epoch: 1 | remaining: 0s    
step 00843 (95.5%) | loss: 3.533061 | lrm: 0.09 | dt: 1060ms | tok/sec: 30,912 | epoch: 1 | remaining: 0s    
step 00844 (95.6%) | loss: 3.521341 | lrm: 0.09 | dt: 966ms | tok/sec: 33,921 | epoch: 1 | remaining: 0s    
step 00845 (95.7%) | loss: 3.526439 | lrm: 0.09 | dt: 976ms | tok/sec: 33,589 | epoch: 1 | remaining: 0s    
step 00846 (95.8%) | loss: 3.524743 | lrm: 0.08 | dt: 1048ms | tok/sec: 31,281 | epoch: 1 | remaining: 0s    
step 00847 (95.9%) | loss: 3.517444 | lrm: 0.08 | dt: 1032ms | tok/sec: 31,761 | epoch: 1 | remaining: 0s    
step 00848 (96.0%) | loss: 3.519576 | lrm: 0.08 | dt: 980ms | tok/sec: 33,430 | epoch: 1 | remaining: 0s    
step 00849 (96.1%) | loss: 3.521806 | lrm: 0.08 | dt: 1022ms | tok/sec: 32,071 | epoch: 1 | remaining: 0s    
step 00850 (96.3%) | loss: 3.513242 | lrm: 0.07 | dt: 1022ms | tok/sec: 32,048 | epoch: 1 | remaining: 0s    
step 00851 (96.4%) | loss: 3.508757 | lrm: 0.07 | dt: 1029ms | tok/sec: 31,843 | epoch: 1 | remaining: 0s    
step 00852 (96.5%) | loss: 3.507808 | lrm: 0.07 | dt: 1005ms | tok/sec: 32,593 | epoch: 1 | remaining: 0s    
step 00853 (96.6%) | loss: 3.511259 | lrm: 0.07 | dt: 1025ms | tok/sec: 31,957 | epoch: 1 | remaining: 0s    
step 00854 (96.7%) | loss: 3.507378 | lrm: 0.07 | dt: 995ms | tok/sec: 32,935 | epoch: 1 | remaining: 0s    
step 00855 (96.8%) | loss: 3.506442 | lrm: 0.06 | dt: 993ms | tok/sec: 33,013 | epoch: 1 | remaining: 0s    
step 00856 (96.9%) | loss: 3.500896 | lrm: 0.06 | dt: 1056ms | tok/sec: 31,026 | epoch: 1 | remaining: 0s    
step 00857 (97.1%) | loss: 3.499917 | lrm: 0.06 | dt: 1110ms | tok/sec: 29,515 | epoch: 1 | remaining: 0s    
step 00858 (97.2%) | loss: 3.507531 | lrm: 0.06 | dt: 1047ms | tok/sec: 31,302 | epoch: 1 | remaining: 0s    
step 00859 (97.3%) | loss: 3.503361 | lrm: 0.05 | dt: 975ms | tok/sec: 33,613 | epoch: 1 | remaining: 0s    
step 00860 (97.4%) | loss: 3.500008 | lrm: 0.05 | dt: 1052ms | tok/sec: 31,156 | epoch: 1 | remaining: 0s    
step 00861 (97.5%) | loss: 3.504504 | lrm: 0.05 | dt: 1058ms | tok/sec: 30,980 | epoch: 1 | remaining: 0s    
step 00862 (97.6%) | loss: 3.516301 | lrm: 0.05 | dt: 1002ms | tok/sec: 32,711 | epoch: 1 | remaining: 0s    
step 00863 (97.7%) | loss: 3.506403 | lrm: 0.05 | dt: 988ms | tok/sec: 33,171 | epoch: 1 | remaining: 0s    
step 00864 (97.8%) | loss: 3.503743 | lrm: 0.04 | dt: 1037ms | tok/sec: 31,584 | epoch: 1 | remaining: 0s    
step 00865 (98.0%) | loss: 3.501824 | lrm: 0.04 | dt: 1024ms | tok/sec: 32,012 | epoch: 1 | remaining: 0s    
step 00866 (98.1%) | loss: 3.506262 | lrm: 0.04 | dt: 1030ms | tok/sec: 31,805 | epoch: 1 | remaining: 0s    
step 00867 (98.2%) | loss: 3.508224 | lrm: 0.04 | dt: 1020ms | tok/sec: 32,125 | epoch: 1 | remaining: 0s    
step 00868 (98.3%) | loss: 3.504179 | lrm: 0.03 | dt: 1009ms | tok/sec: 32,477 | epoch: 1 | remaining: 0s    
step 00869 (98.4%) | loss: 3.498051 | lrm: 0.03 | dt: 1020ms | tok/sec: 32,127 | epoch: 1 | remaining: 0s    
step 00870 (98.5%) | loss: 3.497972 | lrm: 0.03 | dt: 1020ms | tok/sec: 32,131 | epoch: 1 | remaining: 0s    
step 00871 (98.6%) | loss: 3.499402 | lrm: 0.03 | dt: 1001ms | tok/sec: 32,719 | epoch: 1 | remaining: 0s    
step 00872 (98.8%) | loss: 3.494191 | lrm: 0.02 | dt: 1016ms | tok/sec: 32,242 | epoch: 1 | remaining: 0s    
step 00873 (98.9%) | loss: 3.490984 | lrm: 0.02 | dt: 1001ms | tok/sec: 32,734 | epoch: 1 | remaining: 0s    
step 00874 (99.0%) | loss: 3.483734 | lrm: 0.02 | dt: 1001ms | tok/sec: 32,743 | epoch: 1 | remaining: 0s    
step 00875 (99.1%) | loss: 3.488098 | lrm: 0.02 | dt: 1025ms | tok/sec: 31,969 | epoch: 1 | remaining: 0s    
step 00876 (99.2%) | loss: 3.483504 | lrm: 0.02 | dt: 1063ms | tok/sec: 30,829 | epoch: 1 | remaining: 0s    
step 00877 (99.3%) | loss: 3.489296 | lrm: 0.01 | dt: 1026ms | tok/sec: 31,947 | epoch: 1 | remaining: 0s    
step 00878 (99.4%) | loss: 3.483709 | lrm: 0.01 | dt: 1015ms | tok/sec: 32,273 | epoch: 1 | remaining: 0s    
step 00879 (99.5%) | loss: 3.485426 | lrm: 0.01 | dt: 1015ms | tok/sec: 32,272 | epoch: 1 | remaining: 0s    
step 00880 (99.7%) | loss: 3.483817 | lrm: 0.01 | dt: 991ms | tok/sec: 33,060 | epoch: 1 | remaining: 0s    
step 00881 (99.8%) | loss: 3.478069 | lrm: 0.00 | dt: 1013ms | tok/sec: 32,351 | epoch: 1 | remaining: 0s    
step 00882 (99.9%) | loss: 3.482457 | lrm: 0.00 | dt: 1015ms | tok/sec: 32,294 | epoch: 1 | remaining: 0s    
Training completed in 915.4s
Starting final eval...
Final eval batch size: 256
Final eval completed in 19.3s
WARNING: val_bpb=0.904762 is outside plausible range [1.0, 10.0]
Baseline results written: /Users/ahmadalzaro/.cache/autoresearch-arabic/baseline_results.json
---
val_bpb:          0.904762
training_seconds: 915.3
total_seconds:    935.5
peak_vram_mb:     19950.1
mfu_percent:      0.00
total_tokens_M:   28.9
num_steps:        883
num_params_M:     5.6
total_eval_nats:  5452391.125000
total_eval_bytes: 8694149
total_valid_tokens: 1567449
depth:            2
