Condition: d3
Data/tokenizer loaded in 0.3s
Time budget: 300s
Gradient accumulation steps: 1
Model compiled in 0.7s

step 00000 (0.0%) | loss: 9.011145 | lrm: 1.00 | dt: 647ms | tok/sec: 50,651 | epoch: 1 | remaining: 300s    
step 00001 (0.1%) | loss: 9.035436 | lrm: 1.00 | dt: 348ms | tok/sec: 94,044 | epoch: 1 | remaining: 300s    
step 00002 (0.2%) | loss: 8.672210 | lrm: 1.00 | dt: 454ms | tok/sec: 72,178 | epoch: 1 | remaining: 299s    
step 00003 (0.3%) | loss: 8.375089 | lrm: 1.00 | dt: 845ms | tok/sec: 38,758 | epoch: 1 | remaining: 298s    
step 00004 (0.5%) | loss: 8.161784 | lrm: 1.00 | dt: 2335ms | tok/sec: 14,034 | epoch: 1 | remaining: 296s    
step 00005 (0.6%) | loss: 7.984417 | lrm: 1.00 | dt: 883ms | tok/sec: 37,100 | epoch: 1 | remaining: 295s    
step 00006 (0.7%) | loss: 7.847624 | lrm: 1.00 | dt: 618ms | tok/sec: 52,985 | epoch: 1 | remaining: 295s    
step 00007 (0.8%) | loss: 7.731055 | lrm: 1.00 | dt: 824ms | tok/sec: 39,787 | epoch: 1 | remaining: 294s    
step 00008 (0.9%) | loss: 7.639986 | lrm: 1.00 | dt: 1322ms | tok/sec: 24,785 | epoch: 1 | remaining: 292s    
step 00009 (1.0%) | loss: 7.563739 | lrm: 1.00 | dt: 1269ms | tok/sec: 25,822 | epoch: 1 | remaining: 291s    
step 00010 (1.1%) | loss: 7.483354 | lrm: 1.00 | dt: 857ms | tok/sec: 38,255 | epoch: 1 | remaining: 290s    
step 00011 (1.2%) | loss: 7.422124 | lrm: 1.00 | dt: 961ms | tok/sec: 34,089 | epoch: 1 | remaining: 289s    
step 00012 (1.4%) | loss: 7.366725 | lrm: 1.00 | dt: 1200ms | tok/sec: 27,302 | epoch: 1 | remaining: 288s    
step 00013 (1.5%) | loss: 7.323625 | lrm: 1.00 | dt: 1115ms | tok/sec: 29,398 | epoch: 1 | remaining: 287s    
step 00014 (1.6%) | loss: 7.288890 | lrm: 1.00 | dt: 1050ms | tok/sec: 31,196 | epoch: 1 | remaining: 286s    
step 00015 (1.7%) | loss: 7.253109 | lrm: 1.00 | dt: 1015ms | tok/sec: 32,276 | epoch: 1 | remaining: 285s    
step 00016 (1.8%) | loss: 7.214890 | lrm: 1.00 | dt: 1018ms | tok/sec: 32,178 | epoch: 1 | remaining: 284s    
step 00017 (1.9%) | loss: 7.180646 | lrm: 1.00 | dt: 1067ms | tok/sec: 30,724 | epoch: 1 | remaining: 283s    
step 00018 (2.0%) | loss: 7.153713 | lrm: 1.00 | dt: 1048ms | tok/sec: 31,280 | epoch: 1 | remaining: 282s    
step 00019 (2.2%) | loss: 7.131447 | lrm: 1.00 | dt: 1001ms | tok/sec: 32,724 | epoch: 1 | remaining: 281s    
step 00020 (2.3%) | loss: 7.105420 | lrm: 1.00 | dt: 1035ms | tok/sec: 31,666 | epoch: 1 | remaining: 280s    
step 00021 (2.4%) | loss: 7.079065 | lrm: 1.00 | dt: 1065ms | tok/sec: 30,762 | epoch: 1 | remaining: 279s    
step 00022 (2.5%) | loss: 7.056874 | lrm: 1.00 | dt: 1050ms | tok/sec: 31,211 | epoch: 1 | remaining: 278s    
step 00023 (2.6%) | loss: 7.045238 | lrm: 1.00 | dt: 1081ms | tok/sec: 30,318 | epoch: 1 | remaining: 277s    
step 00024 (2.7%) | loss: 7.021296 | lrm: 1.00 | dt: 1045ms | tok/sec: 31,354 | epoch: 1 | remaining: 275s    
step 00025 (2.8%) | loss: 7.002642 | lrm: 1.00 | dt: 1059ms | tok/sec: 30,931 | epoch: 1 | remaining: 274s    
step 00026 (2.9%) | loss: 6.978115 | lrm: 1.00 | dt: 1024ms | tok/sec: 31,993 | epoch: 1 | remaining: 273s    
step 00027 (3.1%) | loss: 6.947317 | lrm: 1.00 | dt: 1059ms | tok/sec: 30,932 | epoch: 1 | remaining: 272s    
step 00028 (3.2%) | loss: 6.922998 | lrm: 1.00 | dt: 1065ms | tok/sec: 30,761 | epoch: 1 | remaining: 271s    
step 00029 (3.3%) | loss: 6.900203 | lrm: 1.00 | dt: 1024ms | tok/sec: 31,994 | epoch: 1 | remaining: 270s    
step 00030 (3.4%) | loss: 6.869905 | lrm: 1.00 | dt: 1059ms | tok/sec: 30,933 | epoch: 1 | remaining: 269s    
step 00031 (3.5%) | loss: 6.838155 | lrm: 1.00 | dt: 1058ms | tok/sec: 30,962 | epoch: 1 | remaining: 268s    
step 00032 (3.6%) | loss: 6.812618 | lrm: 1.00 | dt: 1057ms | tok/sec: 30,988 | epoch: 1 | remaining: 267s    
step 00033 (3.7%) | loss: 6.785369 | lrm: 1.00 | dt: 998ms | tok/sec: 32,839 | epoch: 1 | remaining: 266s    
step 00034 (3.9%) | loss: 6.761694 | lrm: 1.00 | dt: 1045ms | tok/sec: 31,370 | epoch: 1 | remaining: 265s    
step 00035 (4.0%) | loss: 6.736563 | lrm: 1.00 | dt: 1055ms | tok/sec: 31,065 | epoch: 1 | remaining: 264s    
step 00036 (4.1%) | loss: 6.717388 | lrm: 1.00 | dt: 1078ms | tok/sec: 30,406 | epoch: 1 | remaining: 263s    
step 00037 (4.2%) | loss: 6.688228 | lrm: 1.00 | dt: 1059ms | tok/sec: 30,945 | epoch: 1 | remaining: 262s    
step 00038 (4.3%) | loss: 6.659879 | lrm: 1.00 | dt: 997ms | tok/sec: 32,861 | epoch: 1 | remaining: 261s    
step 00039 (4.4%) | loss: 6.642979 | lrm: 1.00 | dt: 1028ms | tok/sec: 31,881 | epoch: 1 | remaining: 260s    
step 00040 (4.5%) | loss: 6.619127 | lrm: 1.00 | dt: 1067ms | tok/sec: 30,709 | epoch: 1 | remaining: 259s    
step 00041 (4.6%) | loss: 6.595669 | lrm: 1.00 | dt: 1017ms | tok/sec: 32,235 | epoch: 1 | remaining: 258s    
step 00042 (4.8%) | loss: 6.584647 | lrm: 1.00 | dt: 1067ms | tok/sec: 30,709 | epoch: 1 | remaining: 257s    
step 00043 (4.9%) | loss: 6.572251 | lrm: 1.00 | dt: 1058ms | tok/sec: 30,967 | epoch: 1 | remaining: 256s    
step 00044 (5.0%) | loss: 6.552874 | lrm: 1.00 | dt: 1033ms | tok/sec: 31,708 | epoch: 1 | remaining: 255s    
step 00045 (5.1%) | loss: 6.536560 | lrm: 1.00 | dt: 1192ms | tok/sec: 27,501 | epoch: 1 | remaining: 253s    
step 00046 (5.2%) | loss: 6.519023 | lrm: 1.00 | dt: 1174ms | tok/sec: 27,918 | epoch: 1 | remaining: 252s    
step 00047 (5.3%) | loss: 6.498674 | lrm: 1.00 | dt: 951ms | tok/sec: 34,460 | epoch: 1 | remaining: 251s    
step 00048 (5.4%) | loss: 6.481154 | lrm: 1.00 | dt: 1018ms | tok/sec: 32,178 | epoch: 1 | remaining: 250s    
step 00049 (5.5%) | loss: 6.470850 | lrm: 1.00 | dt: 1116ms | tok/sec: 29,350 | epoch: 1 | remaining: 249s    
step 00050 (5.7%) | loss: 6.458257 | lrm: 1.00 | dt: 1108ms | tok/sec: 29,564 | epoch: 1 | remaining: 248s    
step 00051 (5.8%) | loss: 6.446101 | lrm: 1.00 | dt: 1065ms | tok/sec: 30,754 | epoch: 1 | remaining: 247s    
step 00052 (5.9%) | loss: 6.424301 | lrm: 1.00 | dt: 968ms | tok/sec: 33,864 | epoch: 1 | remaining: 246s    
step 00053 (6.0%) | loss: 6.410492 | lrm: 1.00 | dt: 1050ms | tok/sec: 31,220 | epoch: 1 | remaining: 245s    
step 00054 (6.1%) | loss: 6.394956 | lrm: 1.00 | dt: 1125ms | tok/sec: 29,115 | epoch: 1 | remaining: 244s    
step 00055 (6.2%) | loss: 6.386967 | lrm: 1.00 | dt: 1073ms | tok/sec: 30,552 | epoch: 1 | remaining: 243s    
step 00056 (6.3%) | loss: 6.378218 | lrm: 1.00 | dt: 1061ms | tok/sec: 30,879 | epoch: 1 | remaining: 242s    
step 00057 (6.5%) | loss: 6.367298 | lrm: 1.00 | dt: 1041ms | tok/sec: 31,480 | epoch: 1 | remaining: 241s    
step 00058 (6.6%) | loss: 6.352841 | lrm: 1.00 | dt: 1051ms | tok/sec: 31,183 | epoch: 1 | remaining: 240s    
step 00059 (6.7%) | loss: 6.344781 | lrm: 1.00 | dt: 1208ms | tok/sec: 27,123 | epoch: 1 | remaining: 238s    
step 00060 (6.8%) | loss: 6.332677 | lrm: 1.00 | dt: 1056ms | tok/sec: 31,040 | epoch: 1 | remaining: 237s    
step 00061 (6.9%) | loss: 6.324051 | lrm: 1.00 | dt: 1002ms | tok/sec: 32,702 | epoch: 1 | remaining: 236s    
step 00062 (7.0%) | loss: 6.312782 | lrm: 1.00 | dt: 1032ms | tok/sec: 31,745 | epoch: 1 | remaining: 235s    
step 00063 (7.1%) | loss: 6.303427 | lrm: 1.00 | dt: 1177ms | tok/sec: 27,836 | epoch: 1 | remaining: 234s    
step 00064 (7.2%) | loss: 6.298073 | lrm: 1.00 | dt: 1058ms | tok/sec: 30,970 | epoch: 1 | remaining: 233s    
step 00065 (7.4%) | loss: 6.282741 | lrm: 1.00 | dt: 1066ms | tok/sec: 30,749 | epoch: 1 | remaining: 232s    
step 00066 (7.5%) | loss: 6.270475 | lrm: 1.00 | dt: 1018ms | tok/sec: 32,181 | epoch: 1 | remaining: 231s    
step 00067 (7.6%) | loss: 6.254043 | lrm: 1.00 | dt: 1074ms | tok/sec: 30,514 | epoch: 1 | remaining: 230s    
step 00068 (7.7%) | loss: 6.246138 | lrm: 1.00 | dt: 1174ms | tok/sec: 27,919 | epoch: 1 | remaining: 229s    
step 00069 (7.8%) | loss: 6.229614 | lrm: 1.00 | dt: 1059ms | tok/sec: 30,935 | epoch: 1 | remaining: 228s    
step 00070 (7.9%) | loss: 6.213259 | lrm: 1.00 | dt: 1058ms | tok/sec: 30,972 | epoch: 1 | remaining: 227s    
step 00071 (8.0%) | loss: 6.200825 | lrm: 1.00 | dt: 1059ms | tok/sec: 30,929 | epoch: 1 | remaining: 226s    
step 00072 (8.2%) | loss: 6.186586 | lrm: 1.00 | dt: 1116ms | tok/sec: 29,351 | epoch: 1 | remaining: 224s    
step 00073 (8.3%) | loss: 6.173232 | lrm: 1.00 | dt: 1084ms | tok/sec: 30,215 | epoch: 1 | remaining: 223s    
step 00074 (8.4%) | loss: 6.157261 | lrm: 1.00 | dt: 1075ms | tok/sec: 30,479 | epoch: 1 | remaining: 222s    
step 00075 (8.5%) | loss: 6.140688 | lrm: 1.00 | dt: 1074ms | tok/sec: 30,517 | epoch: 1 | remaining: 221s    
step 00076 (8.6%) | loss: 6.130401 | lrm: 1.00 | dt: 1074ms | tok/sec: 30,517 | epoch: 1 | remaining: 220s    
step 00077 (8.7%) | loss: 6.117409 | lrm: 1.00 | dt: 1118ms | tok/sec: 29,319 | epoch: 1 | remaining: 219s    
step 00078 (8.8%) | loss: 6.111059 | lrm: 1.00 | dt: 1051ms | tok/sec: 31,184 | epoch: 1 | remaining: 218s    
step 00079 (8.9%) | loss: 6.100539 | lrm: 1.00 | dt: 1099ms | tok/sec: 29,805 | epoch: 1 | remaining: 217s    
step 00080 (9.1%) | loss: 6.094723 | lrm: 1.00 | dt: 1082ms | tok/sec: 30,293 | epoch: 1 | remaining: 216s    
step 00081 (9.2%) | loss: 6.075503 | lrm: 1.00 | dt: 1060ms | tok/sec: 30,903 | epoch: 1 | remaining: 215s    
step 00082 (9.3%) | loss: 6.060918 | lrm: 1.00 | dt: 1079ms | tok/sec: 30,374 | epoch: 1 | remaining: 214s    
step 00083 (9.4%) | loss: 6.052683 | lrm: 1.00 | dt: 1067ms | tok/sec: 30,697 | epoch: 1 | remaining: 213s    
step 00084 (9.5%) | loss: 6.030177 | lrm: 1.00 | dt: 1050ms | tok/sec: 31,194 | epoch: 1 | remaining: 212s    
step 00085 (9.6%) | loss: 6.013284 | lrm: 1.00 | dt: 1096ms | tok/sec: 29,904 | epoch: 1 | remaining: 210s    
step 00086 (9.7%) | loss: 5.992315 | lrm: 1.00 | dt: 1091ms | tok/sec: 30,047 | epoch: 1 | remaining: 209s    
step 00087 (9.9%) | loss: 5.977517 | lrm: 1.00 | dt: 1042ms | tok/sec: 31,453 | epoch: 1 | remaining: 208s    
step 00088 (10.0%) | loss: 5.961997 | lrm: 1.00 | dt: 1034ms | tok/sec: 31,705 | epoch: 1 | remaining: 207s    
step 00089 (10.1%) | loss: 5.950978 | lrm: 1.00 | dt: 1064ms | tok/sec: 30,788 | epoch: 1 | remaining: 206s    
step 00090 (10.2%) | loss: 5.935023 | lrm: 1.00 | dt: 1043ms | tok/sec: 31,416 | epoch: 1 | remaining: 205s    
step 00091 (10.3%) | loss: 5.913763 | lrm: 1.00 | dt: 1133ms | tok/sec: 28,911 | epoch: 1 | remaining: 204s    
step 00092 (10.4%) | loss: 5.903925 | lrm: 1.00 | dt: 1042ms | tok/sec: 31,441 | epoch: 1 | remaining: 203s    
step 00093 (10.5%) | loss: 5.891466 | lrm: 1.00 | dt: 1056ms | tok/sec: 31,030 | epoch: 1 | remaining: 202s    
step 00094 (10.6%) | loss: 5.875565 | lrm: 1.00 | dt: 1069ms | tok/sec: 30,658 | epoch: 1 | remaining: 201s    
step 00095 (10.8%) | loss: 5.860727 | lrm: 1.00 | dt: 1071ms | tok/sec: 30,594 | epoch: 1 | remaining: 200s    
step 00096 (10.9%) | loss: 5.841366 | lrm: 1.00 | dt: 1033ms | tok/sec: 31,722 | epoch: 1 | remaining: 199s    
step 00097 (11.0%) | loss: 5.824825 | lrm: 1.00 | dt: 1077ms | tok/sec: 30,427 | epoch: 1 | remaining: 198s    
step 00098 (11.1%) | loss: 5.803570 | lrm: 1.00 | dt: 1127ms | tok/sec: 29,071 | epoch: 1 | remaining: 197s    
step 00099 (11.2%) | loss: 5.781308 | lrm: 1.00 | dt: 1067ms | tok/sec: 30,723 | epoch: 1 | remaining: 195s    
step 00100 (11.3%) | loss: 5.759449 | lrm: 1.00 | dt: 1041ms | tok/sec: 31,486 | epoch: 1 | remaining: 194s    
step 00101 (11.4%) | loss: 5.739126 | lrm: 1.00 | dt: 1083ms | tok/sec: 30,253 | epoch: 1 | remaining: 193s    
step 00102 (11.6%) | loss: 5.719816 | lrm: 1.00 | dt: 1142ms | tok/sec: 28,704 | epoch: 1 | remaining: 192s    
step 00103 (11.7%) | loss: 5.709179 | lrm: 1.00 | dt: 1084ms | tok/sec: 30,227 | epoch: 1 | remaining: 191s    
step 00104 (11.8%) | loss: 5.695230 | lrm: 1.00 | dt: 1043ms | tok/sec: 31,402 | epoch: 1 | remaining: 190s    
step 00105 (11.9%) | loss: 5.674556 | lrm: 1.00 | dt: 1048ms | tok/sec: 31,281 | epoch: 1 | remaining: 189s    
step 00106 (12.0%) | loss: 5.651550 | lrm: 1.00 | dt: 1076ms | tok/sec: 30,455 | epoch: 1 | remaining: 188s    
step 00107 (12.1%) | loss: 5.639706 | lrm: 1.00 | dt: 1100ms | tok/sec: 29,786 | epoch: 1 | remaining: 187s    
step 00108 (12.2%) | loss: 5.624558 | lrm: 1.00 | dt: 1075ms | tok/sec: 30,487 | epoch: 1 | remaining: 186s    
step 00109 (12.3%) | loss: 5.616437 | lrm: 1.00 | dt: 1075ms | tok/sec: 30,473 | epoch: 1 | remaining: 185s    
step 00110 (12.5%) | loss: 5.609712 | lrm: 1.00 | dt: 1040ms | tok/sec: 31,516 | epoch: 1 | remaining: 184s    
step 00111 (12.6%) | loss: 5.590990 | lrm: 1.00 | dt: 1077ms | tok/sec: 30,437 | epoch: 1 | remaining: 183s    
step 00112 (12.7%) | loss: 5.588167 | lrm: 1.00 | dt: 1060ms | tok/sec: 30,925 | epoch: 1 | remaining: 182s    
step 00113 (12.8%) | loss: 5.571871 | lrm: 1.00 | dt: 1082ms | tok/sec: 30,294 | epoch: 1 | remaining: 180s    
step 00114 (12.9%) | loss: 5.554634 | lrm: 1.00 | dt: 1077ms | tok/sec: 30,432 | epoch: 1 | remaining: 179s    
step 00115 (13.0%) | loss: 5.531493 | lrm: 1.00 | dt: 1130ms | tok/sec: 28,999 | epoch: 1 | remaining: 178s    
step 00116 (13.1%) | loss: 5.518740 | lrm: 1.00 | dt: 1069ms | tok/sec: 30,647 | epoch: 1 | remaining: 177s    
step 00117 (13.3%) | loss: 5.499598 | lrm: 1.00 | dt: 1100ms | tok/sec: 29,795 | epoch: 1 | remaining: 176s    
step 00118 (13.4%) | loss: 5.482717 | lrm: 1.00 | dt: 1091ms | tok/sec: 30,029 | epoch: 1 | remaining: 175s    
step 00119 (13.5%) | loss: 5.466670 | lrm: 1.00 | dt: 1083ms | tok/sec: 30,247 | epoch: 1 | remaining: 174s    
step 00120 (13.6%) | loss: 5.453908 | lrm: 1.00 | dt: 1059ms | tok/sec: 30,955 | epoch: 1 | remaining: 173s    
step 00121 (13.7%) | loss: 5.439295 | lrm: 1.00 | dt: 1115ms | tok/sec: 29,377 | epoch: 1 | remaining: 172s    
step 00122 (13.8%) | loss: 5.426894 | lrm: 1.00 | dt: 1076ms | tok/sec: 30,448 | epoch: 1 | remaining: 171s    
step 00123 (13.9%) | loss: 5.413360 | lrm: 1.00 | dt: 1075ms | tok/sec: 30,491 | epoch: 1 | remaining: 170s    
step 00124 (14.0%) | loss: 5.399731 | lrm: 1.00 | dt: 1050ms | tok/sec: 31,196 | epoch: 1 | remaining: 169s    
step 00125 (14.2%) | loss: 5.387826 | lrm: 1.00 | dt: 1139ms | tok/sec: 28,769 | epoch: 1 | remaining: 167s    
step 00126 (14.3%) | loss: 5.377567 | lrm: 1.00 | dt: 1085ms | tok/sec: 30,211 | epoch: 1 | remaining: 166s    
step 00127 (14.4%) | loss: 5.370995 | lrm: 1.00 | dt: 1080ms | tok/sec: 30,337 | epoch: 1 | remaining: 165s    
step 00128 (14.5%) | loss: 5.367521 | lrm: 1.00 | dt: 1121ms | tok/sec: 29,231 | epoch: 1 | remaining: 164s    
step 00129 (14.6%) | loss: 5.359135 | lrm: 1.00 | dt: 1058ms | tok/sec: 30,965 | epoch: 1 | remaining: 163s    
step 00130 (14.7%) | loss: 5.351380 | lrm: 1.00 | dt: 1067ms | tok/sec: 30,723 | epoch: 1 | remaining: 162s    
step 00131 (14.8%) | loss: 5.342488 | lrm: 1.00 | dt: 1050ms | tok/sec: 31,208 | epoch: 1 | remaining: 161s    
step 00132 (14.9%) | loss: 5.341033 | lrm: 1.00 | dt: 1064ms | tok/sec: 30,807 | epoch: 1 | remaining: 160s    
step 00133 (15.1%) | loss: 5.333433 | lrm: 1.00 | dt: 1046ms | tok/sec: 31,332 | epoch: 1 | remaining: 159s    
step 00134 (15.2%) | loss: 5.313771 | lrm: 1.00 | dt: 1063ms | tok/sec: 30,829 | epoch: 1 | remaining: 158s    
step 00135 (15.3%) | loss: 5.296401 | lrm: 1.00 | dt: 1094ms | tok/sec: 29,945 | epoch: 1 | remaining: 157s    
step 00136 (15.4%) | loss: 5.279602 | lrm: 1.00 | dt: 1075ms | tok/sec: 30,486 | epoch: 1 | remaining: 156s    
step 00137 (15.5%) | loss: 5.258824 | lrm: 1.00 | dt: 1035ms | tok/sec: 31,671 | epoch: 1 | remaining: 155s    
step 00138 (15.6%) | loss: 5.256564 | lrm: 1.00 | dt: 1065ms | tok/sec: 30,763 | epoch: 1 | remaining: 153s    
step 00139 (15.7%) | loss: 5.254280 | lrm: 1.00 | dt: 1075ms | tok/sec: 30,478 | epoch: 1 | remaining: 152s    
step 00140 (15.9%) | loss: 5.242842 | lrm: 1.00 | dt: 1050ms | tok/sec: 31,209 | epoch: 1 | remaining: 151s    
step 00141 (16.0%) | loss: 5.236718 | lrm: 1.00 | dt: 1132ms | tok/sec: 28,958 | epoch: 1 | remaining: 150s    
step 00142 (16.1%) | loss: 5.225707 | lrm: 1.00 | dt: 1067ms | tok/sec: 30,719 | epoch: 1 | remaining: 149s    
step 00143 (16.2%) | loss: 5.206426 | lrm: 1.00 | dt: 1085ms | tok/sec: 30,207 | epoch: 1 | remaining: 148s    
step 00144 (16.3%) | loss: 5.196587 | lrm: 1.00 | dt: 1059ms | tok/sec: 30,934 | epoch: 1 | remaining: 147s    
step 00145 (16.4%) | loss: 5.183764 | lrm: 1.00 | dt: 1074ms | tok/sec: 30,519 | epoch: 1 | remaining: 146s    
step 00146 (16.5%) | loss: 5.178240 | lrm: 1.00 | dt: 1092ms | tok/sec: 30,012 | epoch: 1 | remaining: 145s    
step 00147 (16.6%) | loss: 5.162206 | lrm: 1.00 | dt: 1059ms | tok/sec: 30,953 | epoch: 1 | remaining: 144s    
step 00148 (16.8%) | loss: 5.152835 | lrm: 1.00 | dt: 1065ms | tok/sec: 30,757 | epoch: 1 | remaining: 143s    
step 00149 (16.9%) | loss: 5.149106 | lrm: 1.00 | dt: 1076ms | tok/sec: 30,447 | epoch: 1 | remaining: 142s    
step 00150 (17.0%) | loss: 5.135732 | lrm: 1.00 | dt: 1100ms | tok/sec: 29,789 | epoch: 1 | remaining: 141s    
step 00151 (17.1%) | loss: 5.133890 | lrm: 1.00 | dt: 1093ms | tok/sec: 29,985 | epoch: 1 | remaining: 139s    
step 00152 (17.2%) | loss: 5.128299 | lrm: 1.00 | dt: 1055ms | tok/sec: 31,070 | epoch: 1 | remaining: 138s    
step 00153 (17.3%) | loss: 5.117472 | lrm: 1.00 | dt: 1051ms | tok/sec: 31,163 | epoch: 1 | remaining: 137s    
step 00154 (17.4%) | loss: 5.115217 | lrm: 1.00 | dt: 1018ms | tok/sec: 32,181 | epoch: 1 | remaining: 136s    
step 00155 (17.6%) | loss: 5.110375 | lrm: 1.00 | dt: 1058ms | tok/sec: 30,983 | epoch: 1 | remaining: 135s    
step 00156 (17.7%) | loss: 5.101096 | lrm: 1.00 | dt: 1158ms | tok/sec: 28,295 | epoch: 1 | remaining: 134s    
step 00157 (17.8%) | loss: 5.090233 | lrm: 1.00 | dt: 1058ms | tok/sec: 30,966 | epoch: 1 | remaining: 133s    
step 00158 (17.9%) | loss: 5.075492 | lrm: 1.00 | dt: 1074ms | tok/sec: 30,500 | epoch: 1 | remaining: 132s    
step 00159 (18.0%) | loss: 5.072115 | lrm: 1.00 | dt: 1027ms | tok/sec: 31,918 | epoch: 1 | remaining: 131s    
step 00160 (18.1%) | loss: 5.069106 | lrm: 1.00 | dt: 1042ms | tok/sec: 31,458 | epoch: 1 | remaining: 130s    
step 00161 (18.2%) | loss: 5.059616 | lrm: 1.00 | dt: 1065ms | tok/sec: 30,763 | epoch: 1 | remaining: 129s    
step 00162 (18.3%) | loss: 5.047208 | lrm: 1.00 | dt: 1051ms | tok/sec: 31,174 | epoch: 1 | remaining: 128s    
step 00163 (18.5%) | loss: 5.033099 | lrm: 1.00 | dt: 1039ms | tok/sec: 31,532 | epoch: 1 | remaining: 127s    
step 00164 (18.6%) | loss: 5.026935 | lrm: 1.00 | dt: 1035ms | tok/sec: 31,645 | epoch: 1 | remaining: 126s    
step 00165 (18.7%) | loss: 5.017110 | lrm: 1.00 | dt: 1066ms | tok/sec: 30,739 | epoch: 1 | remaining: 125s    
step 00166 (18.8%) | loss: 5.004709 | lrm: 1.00 | dt: 1025ms | tok/sec: 31,965 | epoch: 1 | remaining: 124s    
step 00167 (18.9%) | loss: 4.993968 | lrm: 1.00 | dt: 1056ms | tok/sec: 31,028 | epoch: 1 | remaining: 123s    
step 00168 (19.0%) | loss: 4.982919 | lrm: 1.00 | dt: 1010ms | tok/sec: 32,428 | epoch: 1 | remaining: 122s    
step 00169 (19.1%) | loss: 4.980896 | lrm: 1.00 | dt: 1058ms | tok/sec: 30,975 | epoch: 1 | remaining: 121s    
step 00170 (19.3%) | loss: 4.971983 | lrm: 1.00 | dt: 1056ms | tok/sec: 31,035 | epoch: 1 | remaining: 119s    
step 00171 (19.4%) | loss: 4.973040 | lrm: 1.00 | dt: 1024ms | tok/sec: 32,000 | epoch: 1 | remaining: 118s    
step 00172 (19.5%) | loss: 4.960665 | lrm: 1.00 | dt: 1054ms | tok/sec: 31,083 | epoch: 1 | remaining: 117s    
step 00173 (19.6%) | loss: 4.959800 | lrm: 1.00 | dt: 1058ms | tok/sec: 30,968 | epoch: 1 | remaining: 116s    
step 00174 (19.7%) | loss: 4.952357 | lrm: 1.00 | dt: 1035ms | tok/sec: 31,673 | epoch: 1 | remaining: 115s    
step 00175 (19.8%) | loss: 4.946048 | lrm: 1.00 | dt: 1116ms | tok/sec: 29,361 | epoch: 1 | remaining: 114s    
step 00176 (19.9%) | loss: 4.944543 | lrm: 1.00 | dt: 1066ms | tok/sec: 30,734 | epoch: 1 | remaining: 113s    
step 00177 (20.0%) | loss: 4.937966 | lrm: 1.00 | dt: 1067ms | tok/sec: 30,699 | epoch: 1 | remaining: 112s    
step 00178 (20.2%) | loss: 4.929624 | lrm: 1.00 | dt: 1006ms | tok/sec: 32,577 | epoch: 1 | remaining: 111s    
step 00179 (20.3%) | loss: 4.930487 | lrm: 1.00 | dt: 1043ms | tok/sec: 31,421 | epoch: 1 | remaining: 110s    
step 00180 (20.4%) | loss: 4.924246 | lrm: 1.00 | dt: 1059ms | tok/sec: 30,948 | epoch: 1 | remaining: 109s    
step 00181 (20.5%) | loss: 4.916418 | lrm: 1.00 | dt: 1050ms | tok/sec: 31,210 | epoch: 1 | remaining: 108s    
step 00182 (20.6%) | loss: 4.908665 | lrm: 1.00 | dt: 1134ms | tok/sec: 28,891 | epoch: 1 | remaining: 107s    
step 00183 (20.7%) | loss: 4.896039 | lrm: 1.00 | dt: 1041ms | tok/sec: 31,477 | epoch: 1 | remaining: 106s    
step 00184 (20.8%) | loss: 4.882529 | lrm: 1.00 | dt: 1074ms | tok/sec: 30,496 | epoch: 1 | remaining: 105s    
step 00185 (21.0%) | loss: 4.882431 | lrm: 1.00 | dt: 1083ms | tok/sec: 30,251 | epoch: 1 | remaining: 104s    
step 00186 (21.1%) | loss: 4.879690 | lrm: 1.00 | dt: 1042ms | tok/sec: 31,438 | epoch: 1 | remaining: 103s    
step 00187 (21.2%) | loss: 4.866200 | lrm: 1.00 | dt: 1017ms | tok/sec: 32,226 | epoch: 1 | remaining: 101s    
step 00188 (21.3%) | loss: 4.858251 | lrm: 1.00 | dt: 1232ms | tok/sec: 26,587 | epoch: 1 | remaining: 100s    
step 00189 (21.4%) | loss: 4.852492 | lrm: 1.00 | dt: 1104ms | tok/sec: 29,674 | epoch: 1 | remaining: 99s    
step 00190 (21.5%) | loss: 4.841336 | lrm: 1.00 | dt: 945ms | tok/sec: 34,665 | epoch: 1 | remaining: 98s    
step 00191 (21.6%) | loss: 4.846420 | lrm: 1.00 | dt: 948ms | tok/sec: 34,579 | epoch: 1 | remaining: 97s    
step 00192 (21.7%) | loss: 4.846724 | lrm: 1.00 | dt: 1092ms | tok/sec: 30,006 | epoch: 1 | remaining: 96s    
step 00193 (21.9%) | loss: 4.837504 | lrm: 1.00 | dt: 1203ms | tok/sec: 27,244 | epoch: 1 | remaining: 95s    
step 00194 (22.0%) | loss: 4.833824 | lrm: 1.00 | dt: 1087ms | tok/sec: 30,158 | epoch: 1 | remaining: 94s    
step 00195 (22.1%) | loss: 4.825176 | lrm: 1.00 | dt: 921ms | tok/sec: 35,581 | epoch: 1 | remaining: 93s    
step 00196 (22.2%) | loss: 4.815676 | lrm: 1.00 | dt: 955ms | tok/sec: 34,304 | epoch: 1 | remaining: 92s    
step 00197 (22.3%) | loss: 4.812497 | lrm: 1.00 | dt: 1147ms | tok/sec: 28,580 | epoch: 1 | remaining: 91s    
step 00198 (22.4%) | loss: 4.805279 | lrm: 1.00 | dt: 1157ms | tok/sec: 28,323 | epoch: 1 | remaining: 90s    
step 00199 (22.5%) | loss: 4.796816 | lrm: 1.00 | dt: 1049ms | tok/sec: 31,224 | epoch: 1 | remaining: 89s    
step 00200 (22.7%) | loss: 4.789337 | lrm: 1.00 | dt: 975ms | tok/sec: 33,614 | epoch: 1 | remaining: 88s    
step 00201 (22.8%) | loss: 4.774501 | lrm: 1.00 | dt: 1059ms | tok/sec: 30,947 | epoch: 1 | remaining: 87s    
step 00202 (22.9%) | loss: 4.768264 | lrm: 1.00 | dt: 1083ms | tok/sec: 30,243 | epoch: 1 | remaining: 86s    
step 00203 (23.0%) | loss: 4.759384 | lrm: 1.00 | dt: 1063ms | tok/sec: 30,814 | epoch: 1 | remaining: 84s    
step 00204 (23.1%) | loss: 4.750757 | lrm: 1.00 | dt: 1060ms | tok/sec: 30,922 | epoch: 1 | remaining: 83s    
step 00205 (23.2%) | loss: 4.742475 | lrm: 1.00 | dt: 1059ms | tok/sec: 30,939 | epoch: 1 | remaining: 82s    
step 00206 (23.3%) | loss: 4.741542 | lrm: 1.00 | dt: 1081ms | tok/sec: 30,324 | epoch: 1 | remaining: 81s    
step 00207 (23.4%) | loss: 4.733326 | lrm: 1.00 | dt: 1078ms | tok/sec: 30,388 | epoch: 1 | remaining: 80s    
step 00208 (23.6%) | loss: 4.718850 | lrm: 1.00 | dt: 1075ms | tok/sec: 30,472 | epoch: 1 | remaining: 79s    
step 00209 (23.7%) | loss: 4.725262 | lrm: 1.00 | dt: 1064ms | tok/sec: 30,795 | epoch: 1 | remaining: 78s    
step 00210 (23.8%) | loss: 4.716186 | lrm: 1.00 | dt: 1019ms | tok/sec: 32,153 | epoch: 1 | remaining: 77s    
step 00211 (23.9%) | loss: 4.706671 | lrm: 1.00 | dt: 1057ms | tok/sec: 31,014 | epoch: 1 | remaining: 76s    
step 00212 (24.0%) | loss: 4.699748 | lrm: 1.00 | dt: 1127ms | tok/sec: 29,086 | epoch: 1 | remaining: 75s    
step 00213 (24.1%) | loss: 4.698890 | lrm: 1.00 | dt: 1083ms | tok/sec: 30,264 | epoch: 1 | remaining: 74s    
step 00214 (24.2%) | loss: 4.697833 | lrm: 1.00 | dt: 1072ms | tok/sec: 30,562 | epoch: 1 | remaining: 73s    
step 00215 (24.3%) | loss: 4.699831 | lrm: 1.00 | dt: 987ms | tok/sec: 33,199 | epoch: 1 | remaining: 72s    
step 00216 (24.5%) | loss: 4.703471 | lrm: 1.00 | dt: 1031ms | tok/sec: 31,786 | epoch: 1 | remaining: 71s    
step 00217 (24.6%) | loss: 4.702249 | lrm: 1.00 | dt: 1085ms | tok/sec: 30,191 | epoch: 1 | remaining: 70s    
step 00218 (24.7%) | loss: 4.697279 | lrm: 1.00 | dt: 1049ms | tok/sec: 31,227 | epoch: 1 | remaining: 69s    
step 00219 (24.8%) | loss: 4.693453 | lrm: 1.00 | dt: 1024ms | tok/sec: 32,006 | epoch: 1 | remaining: 68s    
step 00220 (24.9%) | loss: 4.678569 | lrm: 1.00 | dt: 1039ms | tok/sec: 31,527 | epoch: 1 | remaining: 66s    
step 00221 (25.0%) | loss: 4.670239 | lrm: 1.00 | dt: 1062ms | tok/sec: 30,845 | epoch: 1 | remaining: 65s    
step 00222 (25.1%) | loss: 4.669115 | lrm: 1.00 | dt: 1083ms | tok/sec: 30,254 | epoch: 1 | remaining: 64s    
step 00223 (25.3%) | loss: 4.658671 | lrm: 1.00 | dt: 1022ms | tok/sec: 32,054 | epoch: 1 | remaining: 63s    
step 00224 (25.4%) | loss: 4.646716 | lrm: 1.00 | dt: 1053ms | tok/sec: 31,115 | epoch: 1 | remaining: 62s    
step 00225 (25.5%) | loss: 4.640634 | lrm: 1.00 | dt: 1059ms | tok/sec: 30,950 | epoch: 1 | remaining: 61s    
step 00226 (25.6%) | loss: 4.635485 | lrm: 1.00 | dt: 1024ms | tok/sec: 32,012 | epoch: 1 | remaining: 60s    
step 00227 (25.7%) | loss: 4.631504 | lrm: 1.00 | dt: 1034ms | tok/sec: 31,695 | epoch: 1 | remaining: 59s    
step 00228 (25.8%) | loss: 4.622661 | lrm: 1.00 | dt: 1082ms | tok/sec: 30,283 | epoch: 1 | remaining: 58s    
step 00229 (25.9%) | loss: 4.613098 | lrm: 1.00 | dt: 1075ms | tok/sec: 30,488 | epoch: 1 | remaining: 57s    
step 00230 (26.0%) | loss: 4.607610 | lrm: 1.00 | dt: 1044ms | tok/sec: 31,372 | epoch: 1 | remaining: 56s    
step 00231 (26.2%) | loss: 4.595393 | lrm: 1.00 | dt: 1011ms | tok/sec: 32,396 | epoch: 1 | remaining: 55s    
step 00232 (26.3%) | loss: 4.590069 | lrm: 1.00 | dt: 1054ms | tok/sec: 31,090 | epoch: 1 | remaining: 54s    
step 00233 (26.4%) | loss: 4.595027 | lrm: 1.00 | dt: 1064ms | tok/sec: 30,789 | epoch: 1 | remaining: 53s    
step 00234 (26.5%) | loss: 4.592792 | lrm: 1.00 | dt: 1069ms | tok/sec: 30,652 | epoch: 1 | remaining: 52s    
step 00235 (26.6%) | loss: 4.587322 | lrm: 1.00 | dt: 1026ms | tok/sec: 31,932 | epoch: 1 | remaining: 51s    
step 00236 (26.7%) | loss: 4.585305 | lrm: 1.00 | dt: 1053ms | tok/sec: 31,132 | epoch: 1 | remaining: 50s    
step 00237 (26.8%) | loss: 4.580201 | lrm: 1.00 | dt: 1046ms | tok/sec: 31,340 | epoch: 1 | remaining: 49s    
step 00238 (27.0%) | loss: 4.571225 | lrm: 1.00 | dt: 1049ms | tok/sec: 31,248 | epoch: 1 | remaining: 48s    
step 00239 (27.1%) | loss: 4.567577 | lrm: 1.00 | dt: 1017ms | tok/sec: 32,230 | epoch: 1 | remaining: 47s    
step 00240 (27.2%) | loss: 4.569539 | lrm: 1.00 | dt: 1036ms | tok/sec: 31,638 | epoch: 1 | remaining: 46s    
step 00241 (27.3%) | loss: 4.566198 | lrm: 1.00 | dt: 1073ms | tok/sec: 30,529 | epoch: 1 | remaining: 44s    
step 00242 (27.4%) | loss: 4.563370 | lrm: 1.00 | dt: 1033ms | tok/sec: 31,708 | epoch: 1 | remaining: 43s    
step 00243 (27.5%) | loss: 4.547932 | lrm: 1.00 | dt: 1067ms | tok/sec: 30,711 | epoch: 1 | remaining: 42s    
step 00244 (27.6%) | loss: 4.544429 | lrm: 1.00 | dt: 1034ms | tok/sec: 31,688 | epoch: 1 | remaining: 41s    
step 00245 (27.7%) | loss: 4.545752 | lrm: 1.00 | dt: 1033ms | tok/sec: 31,733 | epoch: 1 | remaining: 40s    
step 00246 (27.9%) | loss: 4.532849 | lrm: 1.00 | dt: 1034ms | tok/sec: 31,697 | epoch: 1 | remaining: 39s    
step 00247 (28.0%) | loss: 4.524763 | lrm: 1.00 | dt: 1072ms | tok/sec: 30,556 | epoch: 1 | remaining: 38s    
step 00248 (28.1%) | loss: 4.528184 | lrm: 1.00 | dt: 1052ms | tok/sec: 31,140 | epoch: 1 | remaining: 37s    
step 00249 (28.2%) | loss: 4.524260 | lrm: 1.00 | dt: 1076ms | tok/sec: 30,450 | epoch: 1 | remaining: 36s    
step 00250 (28.3%) | loss: 4.513743 | lrm: 1.00 | dt: 1029ms | tok/sec: 31,835 | epoch: 1 | remaining: 35s    
step 00251 (28.4%) | loss: 4.505117 | lrm: 1.00 | dt: 1061ms | tok/sec: 30,879 | epoch: 1 | remaining: 34s    
step 00252 (28.5%) | loss: 4.490773 | lrm: 1.00 | dt: 1050ms | tok/sec: 31,202 | epoch: 1 | remaining: 33s    
step 00253 (28.7%) | loss: 4.483206 | lrm: 1.00 | dt: 1080ms | tok/sec: 30,351 | epoch: 1 | remaining: 32s    
step 00254 (28.8%) | loss: 4.479516 | lrm: 1.00 | dt: 1060ms | tok/sec: 30,917 | epoch: 1 | remaining: 31s    
step 00255 (28.9%) | loss: 4.481903 | lrm: 1.00 | dt: 1077ms | tok/sec: 30,432 | epoch: 1 | remaining: 30s    
step 00256 (29.0%) | loss: 4.480552 | lrm: 1.00 | dt: 985ms | tok/sec: 33,281 | epoch: 1 | remaining: 29s    
step 00257 (29.1%) | loss: 4.470823 | lrm: 1.00 | dt: 1020ms | tok/sec: 32,119 | epoch: 1 | remaining: 28s    
step 00258 (29.2%) | loss: 4.464057 | lrm: 1.00 | dt: 1074ms | tok/sec: 30,499 | epoch: 1 | remaining: 27s    
step 00259 (29.3%) | loss: 4.461897 | lrm: 1.00 | dt: 1062ms | tok/sec: 30,866 | epoch: 1 | remaining: 26s    
step 00260 (29.4%) | loss: 4.460199 | lrm: 1.00 | dt: 1026ms | tok/sec: 31,945 | epoch: 1 | remaining: 25s    
step 00261 (29.6%) | loss: 4.452898 | lrm: 1.00 | dt: 1058ms | tok/sec: 30,975 | epoch: 1 | remaining: 23s    
step 00262 (29.7%) | loss: 4.453180 | lrm: 1.00 | dt: 1057ms | tok/sec: 30,995 | epoch: 1 | remaining: 22s    
step 00263 (29.8%) | loss: 4.454200 | lrm: 1.00 | dt: 1074ms | tok/sec: 30,506 | epoch: 1 | remaining: 21s    
step 00264 (29.9%) | loss: 4.452083 | lrm: 1.00 | dt: 1070ms | tok/sec: 30,610 | epoch: 1 | remaining: 20s    
step 00265 (30.0%) | loss: 4.454343 | lrm: 1.00 | dt: 1039ms | tok/sec: 31,534 | epoch: 1 | remaining: 19s    
step 00266 (30.1%) | loss: 4.444088 | lrm: 1.00 | dt: 1064ms | tok/sec: 30,787 | epoch: 1 | remaining: 18s    
step 00267 (30.2%) | loss: 4.438183 | lrm: 1.00 | dt: 1046ms | tok/sec: 31,338 | epoch: 1 | remaining: 17s    
step 00268 (30.4%) | loss: 4.425389 | lrm: 1.00 | dt: 1087ms | tok/sec: 30,144 | epoch: 1 | remaining: 16s    
step 00269 (30.5%) | loss: 4.422482 | lrm: 1.00 | dt: 1062ms | tok/sec: 30,843 | epoch: 1 | remaining: 15s    
step 00270 (30.6%) | loss: 4.413419 | lrm: 1.00 | dt: 1039ms | tok/sec: 31,524 | epoch: 1 | remaining: 14s    
step 00271 (30.7%) | loss: 4.406319 | lrm: 1.00 | dt: 1035ms | tok/sec: 31,655 | epoch: 1 | remaining: 13s    
step 00272 (30.8%) | loss: 4.405353 | lrm: 1.00 | dt: 1064ms | tok/sec: 30,794 | epoch: 1 | remaining: 12s    
step 00273 (30.9%) | loss: 4.408122 | lrm: 1.00 | dt: 1135ms | tok/sec: 28,871 | epoch: 1 | remaining: 11s    
step 00274 (31.0%) | loss: 4.404618 | lrm: 1.00 | dt: 1058ms | tok/sec: 30,972 | epoch: 1 | remaining: 10s    
step 00275 (31.1%) | loss: 4.396627 | lrm: 1.00 | dt: 1010ms | tok/sec: 32,450 | epoch: 1 | remaining: 9s    
step 00276 (31.3%) | loss: 4.387454 | lrm: 1.00 | dt: 1082ms | tok/sec: 30,292 | epoch: 1 | remaining: 8s    
step 00277 (31.4%) | loss: 4.378892 | lrm: 1.00 | dt: 1069ms | tok/sec: 30,639 | epoch: 1 | remaining: 6s    
step 00278 (31.5%) | loss: 4.375513 | lrm: 1.00 | dt: 1050ms | tok/sec: 31,217 | epoch: 1 | remaining: 5s    
step 00279 (31.6%) | loss: 4.380898 | lrm: 1.00 | dt: 1050ms | tok/sec: 31,207 | epoch: 1 | remaining: 4s    
step 00280 (31.7%) | loss: 4.370524 | lrm: 1.00 | dt: 1074ms | tok/sec: 30,503 | epoch: 1 | remaining: 3s    
step 00281 (31.8%) | loss: 4.369088 | lrm: 1.00 | dt: 1074ms | tok/sec: 30,518 | epoch: 1 | remaining: 2s    
step 00282 (31.9%) | loss: 4.368138 | lrm: 1.00 | dt: 1097ms | tok/sec: 29,871 | epoch: 1 | remaining: 1s    
step 00283 (32.0%) | loss: 4.365526 | lrm: 1.00 | dt: 1055ms | tok/sec: 31,068 | epoch: 1 | remaining: 0s    
step 00284 (32.2%) | loss: 4.364323 | lrm: 1.00 | dt: 1041ms | tok/sec: 31,471 | epoch: 1 | remaining: 0s    
step 00285 (32.3%) | loss: 4.360103 | lrm: 1.00 | dt: 1074ms | tok/sec: 30,504 | epoch: 1 | remaining: 0s    
step 00286 (32.4%) | loss: 4.355951 | lrm: 1.00 | dt: 1222ms | tok/sec: 26,815 | epoch: 1 | remaining: 0s    
step 00287 (32.5%) | loss: 4.360978 | lrm: 1.00 | dt: 1060ms | tok/sec: 30,925 | epoch: 1 | remaining: 0s    
step 00288 (32.6%) | loss: 4.347074 | lrm: 1.00 | dt: 935ms | tok/sec: 35,045 | epoch: 1 | remaining: 0s    
step 00289 (32.7%) | loss: 4.343649 | lrm: 1.00 | dt: 1041ms | tok/sec: 31,468 | epoch: 1 | remaining: 0s    
step 00290 (32.8%) | loss: 4.324882 | lrm: 1.00 | dt: 1224ms | tok/sec: 26,771 | epoch: 1 | remaining: 0s    
step 00291 (33.0%) | loss: 4.315325 | lrm: 1.00 | dt: 1077ms | tok/sec: 30,438 | epoch: 1 | remaining: 0s    
step 00292 (33.1%) | loss: 4.305615 | lrm: 1.00 | dt: 950ms | tok/sec: 34,506 | epoch: 1 | remaining: 0s    
step 00293 (33.2%) | loss: 4.309355 | lrm: 1.00 | dt: 1034ms | tok/sec: 31,693 | epoch: 1 | remaining: 0s    
step 00294 (33.3%) | loss: 4.309329 | lrm: 1.00 | dt: 1076ms | tok/sec: 30,447 | epoch: 1 | remaining: 0s    
step 00295 (33.4%) | loss: 4.301491 | lrm: 1.00 | dt: 1075ms | tok/sec: 30,480 | epoch: 1 | remaining: 0s    
step 00296 (33.5%) | loss: 4.298970 | lrm: 1.00 | dt: 1080ms | tok/sec: 30,346 | epoch: 1 | remaining: 0s    
step 00297 (33.6%) | loss: 4.290149 | lrm: 1.00 | dt: 1036ms | tok/sec: 31,621 | epoch: 1 | remaining: 0s    
step 00298 (33.7%) | loss: 4.283260 | lrm: 1.00 | dt: 1059ms | tok/sec: 30,952 | epoch: 1 | remaining: 0s    
step 00299 (33.9%) | loss: 4.278622 | lrm: 1.00 | dt: 1041ms | tok/sec: 31,464 | epoch: 1 | remaining: 0s    
step 00300 (34.0%) | loss: 4.285399 | lrm: 1.00 | dt: 1071ms | tok/sec: 30,585 | epoch: 1 | remaining: 0s    
step 00301 (34.1%) | loss: 4.295538 | lrm: 1.00 | dt: 1084ms | tok/sec: 30,234 | epoch: 1 | remaining: 0s    
step 00302 (34.2%) | loss: 4.292136 | lrm: 1.00 | dt: 1059ms | tok/sec: 30,954 | epoch: 1 | remaining: 0s    
step 00303 (34.3%) | loss: 4.285695 | lrm: 1.00 | dt: 1019ms | tok/sec: 32,164 | epoch: 1 | remaining: 0s    
step 00304 (34.4%) | loss: 4.285022 | lrm: 1.00 | dt: 1059ms | tok/sec: 30,943 | epoch: 1 | remaining: 0s    
step 00305 (34.5%) | loss: 4.285873 | lrm: 1.00 | dt: 1047ms | tok/sec: 31,300 | epoch: 1 | remaining: 0s    
step 00306 (34.7%) | loss: 4.272404 | lrm: 1.00 | dt: 1069ms | tok/sec: 30,663 | epoch: 1 | remaining: 0s    
step 00307 (34.8%) | loss: 4.263545 | lrm: 1.00 | dt: 1065ms | tok/sec: 30,782 | epoch: 1 | remaining: 0s    
step 00308 (34.9%) | loss: 4.255210 | lrm: 1.00 | dt: 1045ms | tok/sec: 31,355 | epoch: 1 | remaining: 0s    
step 00309 (35.0%) | loss: 4.249411 | lrm: 1.00 | dt: 1056ms | tok/sec: 31,021 | epoch: 1 | remaining: 0s    
step 00310 (35.1%) | loss: 4.241772 | lrm: 1.00 | dt: 1102ms | tok/sec: 29,733 | epoch: 1 | remaining: 0s    
step 00311 (35.2%) | loss: 4.242292 | lrm: 1.00 | dt: 1066ms | tok/sec: 30,739 | epoch: 1 | remaining: 0s    
step 00312 (35.3%) | loss: 4.252527 | lrm: 1.00 | dt: 1038ms | tok/sec: 31,563 | epoch: 1 | remaining: 0s    
step 00313 (35.4%) | loss: 4.243367 | lrm: 1.00 | dt: 1019ms | tok/sec: 32,143 | epoch: 1 | remaining: 0s    
step 00314 (35.6%) | loss: 4.234065 | lrm: 1.00 | dt: 1058ms | tok/sec: 30,985 | epoch: 1 | remaining: 0s    
step 00315 (35.7%) | loss: 4.233810 | lrm: 1.00 | dt: 1135ms | tok/sec: 28,866 | epoch: 1 | remaining: 0s    
step 00316 (35.8%) | loss: 4.236367 | lrm: 1.00 | dt: 1032ms | tok/sec: 31,739 | epoch: 1 | remaining: 0s    
step 00317 (35.9%) | loss: 4.237647 | lrm: 1.00 | dt: 1057ms | tok/sec: 31,011 | epoch: 1 | remaining: 0s    
step 00318 (36.0%) | loss: 4.225001 | lrm: 1.00 | dt: 1066ms | tok/sec: 30,749 | epoch: 1 | remaining: 0s    
step 00319 (36.1%) | loss: 4.213664 | lrm: 1.00 | dt: 1129ms | tok/sec: 29,032 | epoch: 1 | remaining: 0s    
step 00320 (36.2%) | loss: 4.212615 | lrm: 1.00 | dt: 1063ms | tok/sec: 30,817 | epoch: 1 | remaining: 0s    
step 00321 (36.4%) | loss: 4.209157 | lrm: 1.00 | dt: 1058ms | tok/sec: 30,974 | epoch: 1 | remaining: 0s    
step 00322 (36.5%) | loss: 4.205590 | lrm: 1.00 | dt: 1040ms | tok/sec: 31,497 | epoch: 1 | remaining: 0s    
step 00323 (36.6%) | loss: 4.201871 | lrm: 1.00 | dt: 1050ms | tok/sec: 31,195 | epoch: 1 | remaining: 0s    
step 00324 (36.7%) | loss: 4.195444 | lrm: 1.00 | dt: 1046ms | tok/sec: 31,341 | epoch: 1 | remaining: 0s    
step 00325 (36.8%) | loss: 4.190874 | lrm: 1.00 | dt: 1059ms | tok/sec: 30,937 | epoch: 1 | remaining: 0s    
step 00326 (36.9%) | loss: 4.185796 | lrm: 1.00 | dt: 1038ms | tok/sec: 31,563 | epoch: 1 | remaining: 0s    
step 00327 (37.0%) | loss: 4.179035 | lrm: 1.00 | dt: 1052ms | tok/sec: 31,141 | epoch: 1 | remaining: 0s    
step 00328 (37.1%) | loss: 4.181099 | lrm: 1.00 | dt: 1072ms | tok/sec: 30,560 | epoch: 1 | remaining: 0s    
step 00329 (37.3%) | loss: 4.183681 | lrm: 1.00 | dt: 1085ms | tok/sec: 30,190 | epoch: 1 | remaining: 0s    
step 00330 (37.4%) | loss: 4.181935 | lrm: 1.00 | dt: 1007ms | tok/sec: 32,550 | epoch: 1 | remaining: 0s    
step 00331 (37.5%) | loss: 4.172837 | lrm: 1.00 | dt: 1026ms | tok/sec: 31,933 | epoch: 1 | remaining: 0s    
step 00332 (37.6%) | loss: 4.178596 | lrm: 1.00 | dt: 1036ms | tok/sec: 31,641 | epoch: 1 | remaining: 0s    
step 00333 (37.7%) | loss: 4.170046 | lrm: 1.00 | dt: 1050ms | tok/sec: 31,208 | epoch: 1 | remaining: 0s    
step 00334 (37.8%) | loss: 4.169474 | lrm: 1.00 | dt: 1041ms | tok/sec: 31,476 | epoch: 1 | remaining: 0s    
step 00335 (37.9%) | loss: 4.171356 | lrm: 1.00 | dt: 1033ms | tok/sec: 31,735 | epoch: 1 | remaining: 0s    
step 00336 (38.1%) | loss: 4.170555 | lrm: 1.00 | dt: 1330ms | tok/sec: 24,633 | epoch: 1 | remaining: 0s    
step 00337 (38.2%) | loss: 4.166955 | lrm: 1.00 | dt: 844ms | tok/sec: 38,819 | epoch: 1 | remaining: 0s    
step 00338 (38.3%) | loss: 4.170355 | lrm: 1.00 | dt: 975ms | tok/sec: 33,604 | epoch: 1 | remaining: 0s    
step 00339 (38.4%) | loss: 4.169836 | lrm: 1.00 | dt: 1222ms | tok/sec: 26,806 | epoch: 1 | remaining: 0s    
step 00340 (38.5%) | loss: 4.161211 | lrm: 1.00 | dt: 1044ms | tok/sec: 31,379 | epoch: 1 | remaining: 0s    
step 00341 (38.6%) | loss: 4.151503 | lrm: 1.00 | dt: 951ms | tok/sec: 34,461 | epoch: 1 | remaining: 0s    
step 00342 (38.7%) | loss: 4.159235 | lrm: 1.00 | dt: 975ms | tok/sec: 33,612 | epoch: 1 | remaining: 0s    
step 00343 (38.8%) | loss: 4.153825 | lrm: 1.00 | dt: 1125ms | tok/sec: 29,125 | epoch: 1 | remaining: 0s    
step 00344 (39.0%) | loss: 4.146728 | lrm: 1.00 | dt: 1100ms | tok/sec: 29,798 | epoch: 1 | remaining: 0s    
step 00345 (39.1%) | loss: 4.151022 | lrm: 1.00 | dt: 996ms | tok/sec: 32,883 | epoch: 1 | remaining: 0s    
step 00346 (39.2%) | loss: 4.147648 | lrm: 1.00 | dt: 1029ms | tok/sec: 31,858 | epoch: 1 | remaining: 0s    
step 00347 (39.3%) | loss: 4.146197 | lrm: 1.00 | dt: 1062ms | tok/sec: 30,841 | epoch: 1 | remaining: 0s    
step 00348 (39.4%) | loss: 4.152080 | lrm: 1.00 | dt: 1079ms | tok/sec: 30,368 | epoch: 1 | remaining: 0s    
step 00349 (39.5%) | loss: 4.144207 | lrm: 1.00 | dt: 1001ms | tok/sec: 32,726 | epoch: 1 | remaining: 0s    
step 00350 (39.6%) | loss: 4.137149 | lrm: 1.00 | dt: 1007ms | tok/sec: 32,550 | epoch: 1 | remaining: 0s    
step 00351 (39.8%) | loss: 4.134319 | lrm: 1.00 | dt: 1075ms | tok/sec: 30,478 | epoch: 1 | remaining: 0s    
step 00352 (39.9%) | loss: 4.137095 | lrm: 1.00 | dt: 1057ms | tok/sec: 31,013 | epoch: 1 | remaining: 0s    
step 00353 (40.0%) | loss: 4.131608 | lrm: 1.00 | dt: 1083ms | tok/sec: 30,254 | epoch: 1 | remaining: 0s    
step 00354 (40.1%) | loss: 4.123494 | lrm: 1.00 | dt: 977ms | tok/sec: 33,555 | epoch: 1 | remaining: 0s    
step 00355 (40.2%) | loss: 4.128562 | lrm: 1.00 | dt: 1009ms | tok/sec: 32,483 | epoch: 1 | remaining: 0s    
step 00356 (40.3%) | loss: 4.126555 | lrm: 1.00 | dt: 1067ms | tok/sec: 30,722 | epoch: 1 | remaining: 0s    
step 00357 (40.4%) | loss: 4.127944 | lrm: 1.00 | dt: 1072ms | tok/sec: 30,557 | epoch: 1 | remaining: 0s    
step 00358 (40.5%) | loss: 4.131124 | lrm: 1.00 | dt: 1058ms | tok/sec: 30,957 | epoch: 1 | remaining: 0s    
step 00359 (40.7%) | loss: 4.138224 | lrm: 1.00 | dt: 1069ms | tok/sec: 30,645 | epoch: 1 | remaining: 0s    
step 00360 (40.8%) | loss: 4.146013 | lrm: 1.00 | dt: 965ms | tok/sec: 33,966 | epoch: 1 | remaining: 0s    
step 00361 (40.9%) | loss: 4.146399 | lrm: 1.00 | dt: 1070ms | tok/sec: 30,638 | epoch: 1 | remaining: 0s    
step 00362 (41.0%) | loss: 4.143157 | lrm: 1.00 | dt: 1022ms | tok/sec: 32,057 | epoch: 1 | remaining: 0s    
step 00363 (41.1%) | loss: 4.136010 | lrm: 1.00 | dt: 1032ms | tok/sec: 31,761 | epoch: 1 | remaining: 0s    
step 00364 (41.2%) | loss: 4.119249 | lrm: 1.00 | dt: 1019ms | tok/sec: 32,166 | epoch: 1 | remaining: 0s    
step 00365 (41.3%) | loss: 4.114488 | lrm: 1.00 | dt: 1043ms | tok/sec: 31,415 | epoch: 1 | remaining: 0s    
step 00366 (41.4%) | loss: 4.109074 | lrm: 1.00 | dt: 1031ms | tok/sec: 31,772 | epoch: 1 | remaining: 0s    
step 00367 (41.6%) | loss: 4.103780 | lrm: 1.00 | dt: 1033ms | tok/sec: 31,710 | epoch: 1 | remaining: 0s    
step 00368 (41.7%) | loss: 4.100055 | lrm: 1.00 | dt: 1043ms | tok/sec: 31,431 | epoch: 1 | remaining: 0s    
step 00369 (41.8%) | loss: 4.105900 | lrm: 1.00 | dt: 1034ms | tok/sec: 31,705 | epoch: 1 | remaining: 0s    
step 00370 (41.9%) | loss: 4.105291 | lrm: 1.00 | dt: 1043ms | tok/sec: 31,414 | epoch: 1 | remaining: 0s    
step 00371 (42.0%) | loss: 4.096673 | lrm: 1.00 | dt: 1066ms | tok/sec: 30,739 | epoch: 1 | remaining: 0s    
step 00372 (42.1%) | loss: 4.093535 | lrm: 1.00 | dt: 1009ms | tok/sec: 32,464 | epoch: 1 | remaining: 0s    
step 00373 (42.2%) | loss: 4.096757 | lrm: 1.00 | dt: 1006ms | tok/sec: 32,561 | epoch: 1 | remaining: 0s    
step 00374 (42.4%) | loss: 4.093713 | lrm: 1.00 | dt: 1049ms | tok/sec: 31,229 | epoch: 1 | remaining: 0s    
step 00375 (42.5%) | loss: 4.087049 | lrm: 1.00 | dt: 1048ms | tok/sec: 31,272 | epoch: 1 | remaining: 0s    
step 00376 (42.6%) | loss: 4.083839 | lrm: 1.00 | dt: 1019ms | tok/sec: 32,154 | epoch: 1 | remaining: 0s    
step 00377 (42.7%) | loss: 4.095781 | lrm: 1.00 | dt: 1018ms | tok/sec: 32,178 | epoch: 1 | remaining: 0s    
step 00378 (42.8%) | loss: 4.084365 | lrm: 1.00 | dt: 1041ms | tok/sec: 31,490 | epoch: 1 | remaining: 0s    
step 00379 (42.9%) | loss: 4.090662 | lrm: 1.00 | dt: 1043ms | tok/sec: 31,418 | epoch: 1 | remaining: 0s    
step 00380 (43.0%) | loss: 4.088319 | lrm: 1.00 | dt: 1024ms | tok/sec: 31,990 | epoch: 1 | remaining: 0s    
step 00381 (43.1%) | loss: 4.086255 | lrm: 1.00 | dt: 1042ms | tok/sec: 31,457 | epoch: 1 | remaining: 0s    
step 00382 (43.3%) | loss: 4.080470 | lrm: 1.00 | dt: 1057ms | tok/sec: 30,996 | epoch: 1 | remaining: 0s    
step 00383 (43.4%) | loss: 4.080583 | lrm: 1.00 | dt: 1051ms | tok/sec: 31,180 | epoch: 1 | remaining: 0s    
step 00384 (43.5%) | loss: 4.077941 | lrm: 1.00 | dt: 1035ms | tok/sec: 31,666 | epoch: 1 | remaining: 0s    
step 00385 (43.6%) | loss: 4.074879 | lrm: 1.00 | dt: 1032ms | tok/sec: 31,747 | epoch: 1 | remaining: 0s    
step 00386 (43.7%) | loss: 4.075386 | lrm: 1.00 | dt: 1084ms | tok/sec: 30,221 | epoch: 1 | remaining: 0s    
step 00387 (43.8%) | loss: 4.066388 | lrm: 1.00 | dt: 1048ms | tok/sec: 31,257 | epoch: 1 | remaining: 0s    
step 00388 (43.9%) | loss: 4.058490 | lrm: 1.00 | dt: 1064ms | tok/sec: 30,801 | epoch: 1 | remaining: 0s    
step 00389 (44.1%) | loss: 4.054961 | lrm: 1.00 | dt: 1038ms | tok/sec: 31,583 | epoch: 1 | remaining: 0s    
step 00390 (44.2%) | loss: 4.050480 | lrm: 1.00 | dt: 1037ms | tok/sec: 31,589 | epoch: 1 | remaining: 0s    
step 00391 (44.3%) | loss: 4.059135 | lrm: 1.00 | dt: 1042ms | tok/sec: 31,433 | epoch: 1 | remaining: 0s    
step 00392 (44.4%) | loss: 4.054458 | lrm: 1.00 | dt: 1029ms | tok/sec: 31,840 | epoch: 1 | remaining: 0s    
step 00393 (44.5%) | loss: 4.053233 | lrm: 1.00 | dt: 1049ms | tok/sec: 31,239 | epoch: 1 | remaining: 0s    
step 00394 (44.6%) | loss: 4.058678 | lrm: 1.00 | dt: 1049ms | tok/sec: 31,238 | epoch: 1 | remaining: 0s    
step 00395 (44.7%) | loss: 4.057798 | lrm: 1.00 | dt: 1009ms | tok/sec: 32,487 | epoch: 1 | remaining: 0s    
step 00396 (44.8%) | loss: 4.046753 | lrm: 1.00 | dt: 1055ms | tok/sec: 31,045 | epoch: 1 | remaining: 0s    
step 00397 (45.0%) | loss: 4.055084 | lrm: 1.00 | dt: 1051ms | tok/sec: 31,167 | epoch: 1 | remaining: 0s    
step 00398 (45.1%) | loss: 4.054050 | lrm: 1.00 | dt: 1060ms | tok/sec: 30,910 | epoch: 1 | remaining: 0s    
step 00399 (45.2%) | loss: 4.055986 | lrm: 1.00 | dt: 1047ms | tok/sec: 31,305 | epoch: 1 | remaining: 0s    
step 00400 (45.3%) | loss: 4.051431 | lrm: 1.00 | dt: 1035ms | tok/sec: 31,644 | epoch: 1 | remaining: 0s    
step 00401 (45.4%) | loss: 4.045010 | lrm: 1.00 | dt: 1042ms | tok/sec: 31,439 | epoch: 1 | remaining: 0s    
step 00402 (45.5%) | loss: 4.041167 | lrm: 1.00 | dt: 1034ms | tok/sec: 31,701 | epoch: 1 | remaining: 0s    
step 00403 (45.6%) | loss: 4.049642 | lrm: 1.00 | dt: 1068ms | tok/sec: 30,687 | epoch: 1 | remaining: 0s    
step 00404 (45.8%) | loss: 4.050843 | lrm: 1.00 | dt: 1057ms | tok/sec: 31,001 | epoch: 1 | remaining: 0s    
step 00405 (45.9%) | loss: 4.045984 | lrm: 1.00 | dt: 1057ms | tok/sec: 31,008 | epoch: 1 | remaining: 0s    
step 00406 (46.0%) | loss: 4.056669 | lrm: 1.00 | dt: 1086ms | tok/sec: 30,184 | epoch: 1 | remaining: 0s    
step 00407 (46.1%) | loss: 4.057260 | lrm: 1.00 | dt: 1033ms | tok/sec: 31,731 | epoch: 1 | remaining: 0s    
step 00408 (46.2%) | loss: 4.039998 | lrm: 1.00 | dt: 1075ms | tok/sec: 30,482 | epoch: 1 | remaining: 0s    
step 00409 (46.3%) | loss: 4.036363 | lrm: 1.00 | dt: 1039ms | tok/sec: 31,533 | epoch: 1 | remaining: 0s    
step 00410 (46.4%) | loss: 4.023885 | lrm: 1.00 | dt: 995ms | tok/sec: 32,945 | epoch: 1 | remaining: 0s    
step 00411 (46.5%) | loss: 4.020043 | lrm: 1.00 | dt: 1071ms | tok/sec: 30,586 | epoch: 1 | remaining: 0s    
step 00412 (46.7%) | loss: 4.010700 | lrm: 1.00 | dt: 1050ms | tok/sec: 31,215 | epoch: 1 | remaining: 0s    
step 00413 (46.8%) | loss: 4.005346 | lrm: 1.00 | dt: 1052ms | tok/sec: 31,133 | epoch: 1 | remaining: 0s    
step 00414 (46.9%) | loss: 4.005691 | lrm: 1.00 | dt: 1055ms | tok/sec: 31,056 | epoch: 1 | remaining: 0s    
step 00415 (47.0%) | loss: 4.006620 | lrm: 1.00 | dt: 1052ms | tok/sec: 31,160 | epoch: 1 | remaining: 0s    
step 00416 (47.1%) | loss: 4.007779 | lrm: 1.00 | dt: 1069ms | tok/sec: 30,661 | epoch: 1 | remaining: 0s    
step 00417 (47.2%) | loss: 4.006138 | lrm: 1.00 | dt: 1041ms | tok/sec: 31,463 | epoch: 1 | remaining: 0s    
step 00418 (47.3%) | loss: 3.999416 | lrm: 1.00 | dt: 1040ms | tok/sec: 31,507 | epoch: 1 | remaining: 0s    
step 00419 (47.5%) | loss: 3.999412 | lrm: 1.00 | dt: 1062ms | tok/sec: 30,864 | epoch: 1 | remaining: 0s    
step 00420 (47.6%) | loss: 4.002704 | lrm: 1.00 | dt: 1031ms | tok/sec: 31,797 | epoch: 1 | remaining: 0s    
step 00421 (47.7%) | loss: 3.997633 | lrm: 1.00 | dt: 1040ms | tok/sec: 31,494 | epoch: 1 | remaining: 0s    
step 00422 (47.8%) | loss: 3.994225 | lrm: 1.00 | dt: 1037ms | tok/sec: 31,601 | epoch: 1 | remaining: 0s    
step 00423 (47.9%) | loss: 3.983367 | lrm: 1.00 | dt: 1063ms | tok/sec: 30,825 | epoch: 1 | remaining: 0s    
step 00424 (48.0%) | loss: 3.980430 | lrm: 1.00 | dt: 1067ms | tok/sec: 30,701 | epoch: 1 | remaining: 0s    
step 00425 (48.1%) | loss: 3.978454 | lrm: 1.00 | dt: 1075ms | tok/sec: 30,483 | epoch: 1 | remaining: 0s    
step 00426 (48.2%) | loss: 3.973550 | lrm: 1.00 | dt: 1077ms | tok/sec: 30,412 | epoch: 1 | remaining: 0s    
step 00427 (48.4%) | loss: 3.981597 | lrm: 1.00 | dt: 1048ms | tok/sec: 31,278 | epoch: 1 | remaining: 0s    
step 00428 (48.5%) | loss: 3.985526 | lrm: 1.00 | dt: 1002ms | tok/sec: 32,696 | epoch: 1 | remaining: 0s    
step 00429 (48.6%) | loss: 3.984638 | lrm: 1.00 | dt: 1047ms | tok/sec: 31,292 | epoch: 1 | remaining: 0s    
step 00430 (48.7%) | loss: 3.994474 | lrm: 1.00 | dt: 1054ms | tok/sec: 31,083 | epoch: 1 | remaining: 0s    
step 00431 (48.8%) | loss: 3.993481 | lrm: 1.00 | dt: 1113ms | tok/sec: 29,431 | epoch: 1 | remaining: 0s    
step 00432 (48.9%) | loss: 3.995272 | lrm: 1.00 | dt: 1083ms | tok/sec: 30,261 | epoch: 1 | remaining: 0s    
step 00433 (49.0%) | loss: 3.992308 | lrm: 1.00 | dt: 1044ms | tok/sec: 31,391 | epoch: 1 | remaining: 0s    
step 00434 (49.2%) | loss: 3.981799 | lrm: 1.00 | dt: 1025ms | tok/sec: 31,961 | epoch: 1 | remaining: 0s    
step 00435 (49.3%) | loss: 3.978279 | lrm: 1.00 | dt: 1040ms | tok/sec: 31,504 | epoch: 1 | remaining: 0s    
step 00436 (49.4%) | loss: 3.980727 | lrm: 1.00 | dt: 1073ms | tok/sec: 30,526 | epoch: 1 | remaining: 0s    
step 00437 (49.5%) | loss: 3.977745 | lrm: 1.00 | dt: 1084ms | tok/sec: 30,239 | epoch: 1 | remaining: 0s    
step 00438 (49.6%) | loss: 3.977170 | lrm: 1.00 | dt: 1008ms | tok/sec: 32,509 | epoch: 1 | remaining: 0s    
step 00439 (49.7%) | loss: 3.970941 | lrm: 1.00 | dt: 1033ms | tok/sec: 31,735 | epoch: 1 | remaining: 0s    
step 00440 (49.8%) | loss: 3.972582 | lrm: 1.00 | dt: 1029ms | tok/sec: 31,858 | epoch: 1 | remaining: 0s    
step 00441 (49.9%) | loss: 3.975050 | lrm: 1.00 | dt: 1046ms | tok/sec: 31,316 | epoch: 1 | remaining: 0s    
step 00442 (50.1%) | loss: 3.979074 | lrm: 1.00 | dt: 1029ms | tok/sec: 31,852 | epoch: 1 | remaining: 0s    
step 00443 (50.2%) | loss: 3.976395 | lrm: 1.00 | dt: 1075ms | tok/sec: 30,481 | epoch: 1 | remaining: 0s    
step 00444 (50.3%) | loss: 3.975174 | lrm: 0.99 | dt: 1058ms | tok/sec: 30,965 | epoch: 1 | remaining: 0s    
step 00445 (50.4%) | loss: 3.976101 | lrm: 0.99 | dt: 1042ms | tok/sec: 31,449 | epoch: 1 | remaining: 0s    
step 00446 (50.5%) | loss: 3.967624 | lrm: 0.99 | dt: 1025ms | tok/sec: 31,983 | epoch: 1 | remaining: 0s    
step 00447 (50.6%) | loss: 3.965699 | lrm: 0.99 | dt: 1058ms | tok/sec: 30,958 | epoch: 1 | remaining: 0s    
step 00448 (50.7%) | loss: 3.963117 | lrm: 0.99 | dt: 1042ms | tok/sec: 31,446 | epoch: 1 | remaining: 0s    
step 00449 (50.8%) | loss: 3.954458 | lrm: 0.98 | dt: 1024ms | tok/sec: 32,009 | epoch: 1 | remaining: 0s    
step 00450 (51.0%) | loss: 3.953154 | lrm: 0.98 | dt: 1055ms | tok/sec: 31,062 | epoch: 1 | remaining: 0s    
step 00451 (51.1%) | loss: 3.941622 | lrm: 0.98 | dt: 1037ms | tok/sec: 31,585 | epoch: 1 | remaining: 0s    
step 00452 (51.2%) | loss: 3.951784 | lrm: 0.98 | dt: 1064ms | tok/sec: 30,796 | epoch: 1 | remaining: 0s    
step 00453 (51.3%) | loss: 3.945619 | lrm: 0.97 | dt: 1060ms | tok/sec: 30,903 | epoch: 1 | remaining: 0s    
step 00454 (51.4%) | loss: 3.948756 | lrm: 0.97 | dt: 1100ms | tok/sec: 29,784 | epoch: 1 | remaining: 0s    
step 00455 (51.5%) | loss: 3.952226 | lrm: 0.97 | dt: 1065ms | tok/sec: 30,761 | epoch: 1 | remaining: 0s    
step 00456 (51.6%) | loss: 3.957442 | lrm: 0.97 | dt: 978ms | tok/sec: 33,512 | epoch: 1 | remaining: 0s    
step 00457 (51.8%) | loss: 3.957173 | lrm: 0.96 | dt: 1047ms | tok/sec: 31,291 | epoch: 1 | remaining: 0s    
step 00458 (51.9%) | loss: 3.957763 | lrm: 0.96 | dt: 1075ms | tok/sec: 30,489 | epoch: 1 | remaining: 0s    
step 00459 (52.0%) | loss: 3.956695 | lrm: 0.96 | dt: 1082ms | tok/sec: 30,276 | epoch: 1 | remaining: 0s    
step 00460 (52.1%) | loss: 3.955253 | lrm: 0.96 | dt: 1058ms | tok/sec: 30,962 | epoch: 1 | remaining: 0s    
step 00461 (52.2%) | loss: 3.946837 | lrm: 0.96 | dt: 974ms | tok/sec: 33,625 | epoch: 1 | remaining: 0s    
step 00462 (52.3%) | loss: 3.949695 | lrm: 0.95 | dt: 1079ms | tok/sec: 30,381 | epoch: 1 | remaining: 0s    
step 00463 (52.4%) | loss: 3.947790 | lrm: 0.95 | dt: 1065ms | tok/sec: 30,782 | epoch: 1 | remaining: 0s    
step 00464 (52.5%) | loss: 3.951703 | lrm: 0.95 | dt: 1058ms | tok/sec: 30,970 | epoch: 1 | remaining: 0s    
step 00465 (52.7%) | loss: 3.942821 | lrm: 0.95 | dt: 1052ms | tok/sec: 31,141 | epoch: 1 | remaining: 0s    
step 00466 (52.8%) | loss: 3.942463 | lrm: 0.94 | dt: 1067ms | tok/sec: 30,705 | epoch: 1 | remaining: 0s    
step 00467 (52.9%) | loss: 3.952364 | lrm: 0.94 | dt: 1063ms | tok/sec: 30,832 | epoch: 1 | remaining: 0s    
step 00468 (53.0%) | loss: 3.950385 | lrm: 0.94 | dt: 1060ms | tok/sec: 30,915 | epoch: 1 | remaining: 0s    
step 00469 (53.1%) | loss: 3.947971 | lrm: 0.94 | dt: 1068ms | tok/sec: 30,668 | epoch: 1 | remaining: 0s    
step 00470 (53.2%) | loss: 3.942645 | lrm: 0.94 | dt: 1050ms | tok/sec: 31,202 | epoch: 1 | remaining: 0s    
step 00471 (53.3%) | loss: 3.932776 | lrm: 0.93 | dt: 1058ms | tok/sec: 30,969 | epoch: 1 | remaining: 0s    
step 00472 (53.5%) | loss: 3.928559 | lrm: 0.93 | dt: 1066ms | tok/sec: 30,750 | epoch: 1 | remaining: 0s    
step 00473 (53.6%) | loss: 3.920926 | lrm: 0.93 | dt: 1048ms | tok/sec: 31,263 | epoch: 1 | remaining: 0s    
step 00474 (53.7%) | loss: 3.910330 | lrm: 0.93 | dt: 1028ms | tok/sec: 31,883 | epoch: 1 | remaining: 0s    
step 00475 (53.8%) | loss: 3.906468 | lrm: 0.92 | dt: 1026ms | tok/sec: 31,930 | epoch: 1 | remaining: 0s    
step 00476 (53.9%) | loss: 3.906235 | lrm: 0.92 | dt: 1045ms | tok/sec: 31,363 | epoch: 1 | remaining: 0s    
step 00477 (54.0%) | loss: 3.904250 | lrm: 0.92 | dt: 1037ms | tok/sec: 31,594 | epoch: 1 | remaining: 0s    
step 00478 (54.1%) | loss: 3.902479 | lrm: 0.92 | dt: 1032ms | tok/sec: 31,743 | epoch: 1 | remaining: 0s    
step 00479 (54.2%) | loss: 3.902592 | lrm: 0.92 | dt: 1031ms | tok/sec: 31,780 | epoch: 1 | remaining: 0s    
step 00480 (54.4%) | loss: 3.893193 | lrm: 0.91 | dt: 1042ms | tok/sec: 31,436 | epoch: 1 | remaining: 0s    
step 00481 (54.5%) | loss: 3.887447 | lrm: 0.91 | dt: 1067ms | tok/sec: 30,710 | epoch: 1 | remaining: 0s    
step 00482 (54.6%) | loss: 3.878143 | lrm: 0.91 | dt: 1018ms | tok/sec: 32,178 | epoch: 1 | remaining: 0s    
step 00483 (54.7%) | loss: 3.889115 | lrm: 0.91 | dt: 983ms | tok/sec: 33,339 | epoch: 1 | remaining: 0s    
step 00484 (54.8%) | loss: 3.893354 | lrm: 0.90 | dt: 1058ms | tok/sec: 30,979 | epoch: 1 | remaining: 0s    
step 00485 (54.9%) | loss: 3.896904 | lrm: 0.90 | dt: 1039ms | tok/sec: 31,530 | epoch: 1 | remaining: 0s    
step 00486 (55.0%) | loss: 3.896440 | lrm: 0.90 | dt: 1027ms | tok/sec: 31,896 | epoch: 1 | remaining: 0s    
step 00487 (55.2%) | loss: 3.895164 | lrm: 0.90 | dt: 1043ms | tok/sec: 31,413 | epoch: 1 | remaining: 0s    
step 00488 (55.3%) | loss: 3.900377 | lrm: 0.89 | dt: 960ms | tok/sec: 34,137 | epoch: 1 | remaining: 0s    
step 00489 (55.4%) | loss: 3.900606 | lrm: 0.89 | dt: 1074ms | tok/sec: 30,507 | epoch: 1 | remaining: 0s    
step 00490 (55.5%) | loss: 3.900984 | lrm: 0.89 | dt: 1116ms | tok/sec: 29,360 | epoch: 1 | remaining: 0s    
step 00491 (55.6%) | loss: 3.899460 | lrm: 0.89 | dt: 1064ms | tok/sec: 30,810 | epoch: 1 | remaining: 0s    
step 00492 (55.7%) | loss: 3.889243 | lrm: 0.89 | dt: 968ms | tok/sec: 33,846 | epoch: 1 | remaining: 0s    
step 00493 (55.8%) | loss: 3.892649 | lrm: 0.88 | dt: 1017ms | tok/sec: 32,233 | epoch: 1 | remaining: 0s    
step 00494 (55.9%) | loss: 3.894620 | lrm: 0.88 | dt: 1069ms | tok/sec: 30,641 | epoch: 1 | remaining: 0s    
step 00495 (56.1%) | loss: 3.896136 | lrm: 0.88 | dt: 1047ms | tok/sec: 31,297 | epoch: 1 | remaining: 0s    
step 00496 (56.2%) | loss: 3.892659 | lrm: 0.88 | dt: 1056ms | tok/sec: 31,023 | epoch: 1 | remaining: 0s    
step 00497 (56.3%) | loss: 3.890599 | lrm: 0.87 | dt: 1000ms | tok/sec: 32,769 | epoch: 1 | remaining: 0s    
step 00498 (56.4%) | loss: 3.878735 | lrm: 0.87 | dt: 1028ms | tok/sec: 31,864 | epoch: 1 | remaining: 0s    
step 00499 (56.5%) | loss: 3.882326 | lrm: 0.87 | dt: 1035ms | tok/sec: 31,669 | epoch: 1 | remaining: 0s    
step 00500 (56.6%) | loss: 3.886901 | lrm: 0.87 | dt: 1055ms | tok/sec: 31,054 | epoch: 1 | remaining: 0s    
step 00501 (56.7%) | loss: 3.891337 | lrm: 0.87 | dt: 1029ms | tok/sec: 31,858 | epoch: 1 | remaining: 0s    
step 00502 (56.9%) | loss: 3.882544 | lrm: 0.86 | dt: 999ms | tok/sec: 32,799 | epoch: 1 | remaining: 0s    
step 00503 (57.0%) | loss: 3.874478 | lrm: 0.86 | dt: 1049ms | tok/sec: 31,237 | epoch: 1 | remaining: 0s    
step 00504 (57.1%) | loss: 3.866196 | lrm: 0.86 | dt: 1023ms | tok/sec: 32,039 | epoch: 1 | remaining: 0s    
step 00505 (57.2%) | loss: 3.870890 | lrm: 0.86 | dt: 995ms | tok/sec: 32,943 | epoch: 1 | remaining: 0s    
step 00506 (57.3%) | loss: 3.877694 | lrm: 0.85 | dt: 1055ms | tok/sec: 31,053 | epoch: 1 | remaining: 0s    
step 00507 (57.4%) | loss: 3.880039 | lrm: 0.85 | dt: 995ms | tok/sec: 32,944 | epoch: 1 | remaining: 0s    
step 00508 (57.5%) | loss: 3.882663 | lrm: 0.85 | dt: 1032ms | tok/sec: 31,758 | epoch: 1 | remaining: 0s    
step 00509 (57.6%) | loss: 3.885097 | lrm: 0.85 | dt: 1018ms | tok/sec: 32,179 | epoch: 1 | remaining: 0s    
step 00510 (57.8%) | loss: 3.881900 | lrm: 0.84 | dt: 1038ms | tok/sec: 31,558 | epoch: 1 | remaining: 0s    
step 00511 (57.9%) | loss: 3.876934 | lrm: 0.84 | dt: 1075ms | tok/sec: 30,472 | epoch: 1 | remaining: 0s    
step 00512 (58.0%) | loss: 3.882382 | lrm: 0.84 | dt: 978ms | tok/sec: 33,503 | epoch: 1 | remaining: 0s    
step 00513 (58.1%) | loss: 3.879510 | lrm: 0.84 | dt: 1008ms | tok/sec: 32,497 | epoch: 1 | remaining: 0s    
step 00514 (58.2%) | loss: 3.874613 | lrm: 0.84 | dt: 1046ms | tok/sec: 31,317 | epoch: 1 | remaining: 0s    
step 00515 (58.3%) | loss: 3.879037 | lrm: 0.83 | dt: 1045ms | tok/sec: 31,360 | epoch: 1 | remaining: 0s    
step 00516 (58.4%) | loss: 3.873187 | lrm: 0.83 | dt: 1058ms | tok/sec: 30,960 | epoch: 1 | remaining: 0s    
step 00517 (58.6%) | loss: 3.867444 | lrm: 0.83 | dt: 983ms | tok/sec: 33,348 | epoch: 1 | remaining: 0s    
step 00518 (58.7%) | loss: 3.857849 | lrm: 0.83 | dt: 1017ms | tok/sec: 32,221 | epoch: 1 | remaining: 0s    
step 00519 (58.8%) | loss: 3.857599 | lrm: 0.82 | dt: 1047ms | tok/sec: 31,298 | epoch: 1 | remaining: 0s    
step 00520 (58.9%) | loss: 3.849695 | lrm: 0.82 | dt: 1012ms | tok/sec: 32,386 | epoch: 1 | remaining: 0s    
step 00521 (59.0%) | loss: 3.844578 | lrm: 0.82 | dt: 1048ms | tok/sec: 31,262 | epoch: 1 | remaining: 0s    
step 00522 (59.1%) | loss: 3.834100 | lrm: 0.82 | dt: 1066ms | tok/sec: 30,745 | epoch: 1 | remaining: 0s    
step 00523 (59.2%) | loss: 3.838365 | lrm: 0.82 | dt: 1029ms | tok/sec: 31,849 | epoch: 1 | remaining: 0s    
step 00524 (59.3%) | loss: 3.829245 | lrm: 0.81 | dt: 1007ms | tok/sec: 32,550 | epoch: 1 | remaining: 0s    
step 00525 (59.5%) | loss: 3.842599 | lrm: 0.81 | dt: 1051ms | tok/sec: 31,191 | epoch: 1 | remaining: 0s    
step 00526 (59.6%) | loss: 3.851956 | lrm: 0.81 | dt: 1016ms | tok/sec: 32,241 | epoch: 1 | remaining: 0s    
step 00527 (59.7%) | loss: 3.848699 | lrm: 0.81 | dt: 1000ms | tok/sec: 32,783 | epoch: 1 | remaining: 0s    
step 00528 (59.8%) | loss: 3.850854 | lrm: 0.80 | dt: 1032ms | tok/sec: 31,754 | epoch: 1 | remaining: 0s    
step 00529 (59.9%) | loss: 3.848589 | lrm: 0.80 | dt: 1010ms | tok/sec: 32,441 | epoch: 1 | remaining: 0s    
step 00530 (60.0%) | loss: 3.848284 | lrm: 0.80 | dt: 1060ms | tok/sec: 30,923 | epoch: 1 | remaining: 0s    
step 00531 (60.1%) | loss: 3.848393 | lrm: 0.80 | dt: 1053ms | tok/sec: 31,109 | epoch: 1 | remaining: 0s    
step 00532 (60.2%) | loss: 3.848198 | lrm: 0.80 | dt: 1011ms | tok/sec: 32,399 | epoch: 1 | remaining: 0s    
step 00533 (60.4%) | loss: 3.850267 | lrm: 0.79 | dt: 976ms | tok/sec: 33,579 | epoch: 1 | remaining: 0s    
step 00534 (60.5%) | loss: 3.842272 | lrm: 0.79 | dt: 1030ms | tok/sec: 31,816 | epoch: 1 | remaining: 0s    
step 00535 (60.6%) | loss: 3.840948 | lrm: 0.79 | dt: 1063ms | tok/sec: 30,833 | epoch: 1 | remaining: 0s    
step 00536 (60.7%) | loss: 3.844468 | lrm: 0.79 | dt: 996ms | tok/sec: 32,904 | epoch: 1 | remaining: 0s    
step 00537 (60.8%) | loss: 3.839178 | lrm: 0.78 | dt: 1033ms | tok/sec: 31,735 | epoch: 1 | remaining: 0s    
step 00538 (60.9%) | loss: 3.836910 | lrm: 0.78 | dt: 1004ms | tok/sec: 32,639 | epoch: 1 | remaining: 0s    
step 00539 (61.0%) | loss: 3.835649 | lrm: 0.78 | dt: 1016ms | tok/sec: 32,262 | epoch: 1 | remaining: 0s    
step 00540 (61.2%) | loss: 3.829831 | lrm: 0.78 | dt: 1033ms | tok/sec: 31,707 | epoch: 1 | remaining: 0s    
step 00541 (61.3%) | loss: 3.828904 | lrm: 0.77 | dt: 984ms | tok/sec: 33,297 | epoch: 1 | remaining: 0s    
step 00542 (61.4%) | loss: 3.830098 | lrm: 0.77 | dt: 1029ms | tok/sec: 31,852 | epoch: 1 | remaining: 0s    
step 00543 (61.5%) | loss: 3.825774 | lrm: 0.77 | dt: 1028ms | tok/sec: 31,883 | epoch: 1 | remaining: 0s    
step 00544 (61.6%) | loss: 3.812557 | lrm: 0.77 | dt: 1009ms | tok/sec: 32,465 | epoch: 1 | remaining: 0s    
step 00545 (61.7%) | loss: 3.814315 | lrm: 0.77 | dt: 1001ms | tok/sec: 32,745 | epoch: 1 | remaining: 0s    
step 00546 (61.8%) | loss: 3.813723 | lrm: 0.76 | dt: 1014ms | tok/sec: 32,311 | epoch: 1 | remaining: 0s    
step 00547 (61.9%) | loss: 3.808294 | lrm: 0.76 | dt: 1069ms | tok/sec: 30,647 | epoch: 1 | remaining: 0s    
step 00548 (62.1%) | loss: 3.811243 | lrm: 0.76 | dt: 1022ms | tok/sec: 32,053 | epoch: 1 | remaining: 0s    
step 00549 (62.2%) | loss: 3.808800 | lrm: 0.76 | dt: 969ms | tok/sec: 33,828 | epoch: 1 | remaining: 0s    
step 00550 (62.3%) | loss: 3.816453 | lrm: 0.75 | dt: 1016ms | tok/sec: 32,241 | epoch: 1 | remaining: 0s    
step 00551 (62.4%) | loss: 3.816870 | lrm: 0.75 | dt: 1025ms | tok/sec: 31,970 | epoch: 1 | remaining: 0s    
step 00552 (62.5%) | loss: 3.816212 | lrm: 0.75 | dt: 980ms | tok/sec: 33,423 | epoch: 1 | remaining: 0s    
step 00553 (62.6%) | loss: 3.810889 | lrm: 0.75 | dt: 1017ms | tok/sec: 32,229 | epoch: 1 | remaining: 0s    
step 00554 (62.7%) | loss: 3.807097 | lrm: 0.75 | dt: 1037ms | tok/sec: 31,587 | epoch: 1 | remaining: 0s    
step 00555 (62.9%) | loss: 3.804976 | lrm: 0.74 | dt: 1001ms | tok/sec: 32,740 | epoch: 1 | remaining: 0s    
step 00556 (63.0%) | loss: 3.797090 | lrm: 0.74 | dt: 1013ms | tok/sec: 32,357 | epoch: 1 | remaining: 0s    
step 00557 (63.1%) | loss: 3.795720 | lrm: 0.74 | dt: 1010ms | tok/sec: 32,438 | epoch: 1 | remaining: 0s    
step 00558 (63.2%) | loss: 3.793760 | lrm: 0.74 | dt: 1010ms | tok/sec: 32,436 | epoch: 1 | remaining: 0s    
step 00559 (63.3%) | loss: 3.798979 | lrm: 0.73 | dt: 1029ms | tok/sec: 31,857 | epoch: 1 | remaining: 0s    
step 00560 (63.4%) | loss: 3.794443 | lrm: 0.73 | dt: 985ms | tok/sec: 33,275 | epoch: 1 | remaining: 0s    
step 00561 (63.5%) | loss: 3.795017 | lrm: 0.73 | dt: 1007ms | tok/sec: 32,546 | epoch: 1 | remaining: 0s    
step 00562 (63.6%) | loss: 3.787959 | lrm: 0.73 | dt: 1012ms | tok/sec: 32,391 | epoch: 1 | remaining: 0s    
step 00563 (63.8%) | loss: 3.790018 | lrm: 0.72 | dt: 1013ms | tok/sec: 32,331 | epoch: 1 | remaining: 0s    
step 00564 (63.9%) | loss: 3.786452 | lrm: 0.72 | dt: 1019ms | tok/sec: 32,146 | epoch: 1 | remaining: 0s    
step 00565 (64.0%) | loss: 3.785208 | lrm: 0.72 | dt: 993ms | tok/sec: 32,991 | epoch: 1 | remaining: 0s    
step 00566 (64.1%) | loss: 3.794926 | lrm: 0.72 | dt: 1025ms | tok/sec: 31,966 | epoch: 1 | remaining: 0s    
step 00567 (64.2%) | loss: 3.789224 | lrm: 0.72 | dt: 995ms | tok/sec: 32,921 | epoch: 1 | remaining: 0s    
step 00568 (64.3%) | loss: 3.798129 | lrm: 0.71 | dt: 995ms | tok/sec: 32,920 | epoch: 1 | remaining: 0s    
step 00569 (64.4%) | loss: 3.802087 | lrm: 0.71 | dt: 1024ms | tok/sec: 31,990 | epoch: 1 | remaining: 0s    
step 00570 (64.6%) | loss: 3.795065 | lrm: 0.71 | dt: 1015ms | tok/sec: 32,287 | epoch: 1 | remaining: 0s    
step 00571 (64.7%) | loss: 3.793939 | lrm: 0.71 | dt: 987ms | tok/sec: 33,199 | epoch: 1 | remaining: 0s    
step 00572 (64.8%) | loss: 3.799865 | lrm: 0.70 | dt: 1028ms | tok/sec: 31,871 | epoch: 1 | remaining: 0s    
step 00573 (64.9%) | loss: 3.800199 | lrm: 0.70 | dt: 1012ms | tok/sec: 32,390 | epoch: 1 | remaining: 0s    
step 00574 (65.0%) | loss: 3.793775 | lrm: 0.70 | dt: 1058ms | tok/sec: 30,958 | epoch: 1 | remaining: 0s    
step 00575 (65.1%) | loss: 3.792459 | lrm: 0.70 | dt: 1022ms | tok/sec: 32,060 | epoch: 1 | remaining: 0s    
step 00576 (65.2%) | loss: 3.784461 | lrm: 0.70 | dt: 967ms | tok/sec: 33,881 | epoch: 1 | remaining: 0s    
step 00577 (65.3%) | loss: 3.777995 | lrm: 0.69 | dt: 1002ms | tok/sec: 32,691 | epoch: 1 | remaining: 0s    
step 00578 (65.5%) | loss: 3.781363 | lrm: 0.69 | dt: 1033ms | tok/sec: 31,732 | epoch: 1 | remaining: 0s    
step 00579 (65.6%) | loss: 3.781832 | lrm: 0.69 | dt: 1026ms | tok/sec: 31,936 | epoch: 1 | remaining: 0s    
step 00580 (65.7%) | loss: 3.776814 | lrm: 0.69 | dt: 1008ms | tok/sec: 32,523 | epoch: 1 | remaining: 0s    
step 00581 (65.8%) | loss: 3.785751 | lrm: 0.68 | dt: 1009ms | tok/sec: 32,487 | epoch: 1 | remaining: 0s    
step 00582 (65.9%) | loss: 3.794460 | lrm: 0.68 | dt: 1006ms | tok/sec: 32,585 | epoch: 1 | remaining: 0s    
step 00583 (66.0%) | loss: 3.787511 | lrm: 0.68 | dt: 1020ms | tok/sec: 32,125 | epoch: 1 | remaining: 0s    
step 00584 (66.1%) | loss: 3.782424 | lrm: 0.68 | dt: 996ms | tok/sec: 32,895 | epoch: 1 | remaining: 0s    
step 00585 (66.3%) | loss: 3.783857 | lrm: 0.67 | dt: 1020ms | tok/sec: 32,129 | epoch: 1 | remaining: 0s    
step 00586 (66.4%) | loss: 3.771448 | lrm: 0.67 | dt: 1021ms | tok/sec: 32,098 | epoch: 1 | remaining: 0s    
step 00587 (66.5%) | loss: 3.768950 | lrm: 0.67 | dt: 997ms | tok/sec: 32,869 | epoch: 1 | remaining: 0s    
step 00588 (66.6%) | loss: 3.777562 | lrm: 0.67 | dt: 999ms | tok/sec: 32,806 | epoch: 1 | remaining: 0s    
step 00589 (66.7%) | loss: 3.769969 | lrm: 0.67 | dt: 1046ms | tok/sec: 31,321 | epoch: 1 | remaining: 0s    
step 00590 (66.8%) | loss: 3.770988 | lrm: 0.66 | dt: 1036ms | tok/sec: 31,627 | epoch: 1 | remaining: 0s    
step 00591 (66.9%) | loss: 3.776979 | lrm: 0.66 | dt: 983ms | tok/sec: 33,332 | epoch: 1 | remaining: 0s    
step 00592 (67.0%) | loss: 3.782676 | lrm: 0.66 | dt: 1025ms | tok/sec: 31,975 | epoch: 1 | remaining: 0s    
step 00593 (67.2%) | loss: 3.785368 | lrm: 0.66 | dt: 1067ms | tok/sec: 30,719 | epoch: 1 | remaining: 0s    
step 00594 (67.3%) | loss: 3.785000 | lrm: 0.65 | dt: 1008ms | tok/sec: 32,520 | epoch: 1 | remaining: 0s    
step 00595 (67.4%) | loss: 3.776455 | lrm: 0.65 | dt: 1041ms | tok/sec: 31,486 | epoch: 1 | remaining: 0s    
step 00596 (67.5%) | loss: 3.779939 | lrm: 0.65 | dt: 1003ms | tok/sec: 32,661 | epoch: 1 | remaining: 0s    
step 00597 (67.6%) | loss: 3.774203 | lrm: 0.65 | dt: 1017ms | tok/sec: 32,231 | epoch: 1 | remaining: 0s    
step 00598 (67.7%) | loss: 3.766361 | lrm: 0.65 | dt: 993ms | tok/sec: 33,009 | epoch: 1 | remaining: 0s    
step 00599 (67.8%) | loss: 3.770196 | lrm: 0.64 | dt: 1075ms | tok/sec: 30,472 | epoch: 1 | remaining: 0s    
step 00600 (68.0%) | loss: 3.762745 | lrm: 0.64 | dt: 1033ms | tok/sec: 31,714 | epoch: 1 | remaining: 0s    
step 00601 (68.1%) | loss: 3.756503 | lrm: 0.64 | dt: 1000ms | tok/sec: 32,774 | epoch: 1 | remaining: 0s    
step 00602 (68.2%) | loss: 3.757280 | lrm: 0.64 | dt: 1017ms | tok/sec: 32,217 | epoch: 1 | remaining: 0s    
step 00603 (68.3%) | loss: 3.749539 | lrm: 0.63 | dt: 1029ms | tok/sec: 31,851 | epoch: 1 | remaining: 0s    
step 00604 (68.4%) | loss: 3.743649 | lrm: 0.63 | dt: 1008ms | tok/sec: 32,502 | epoch: 1 | remaining: 0s    
step 00605 (68.5%) | loss: 3.741321 | lrm: 0.63 | dt: 1023ms | tok/sec: 32,018 | epoch: 1 | remaining: 0s    
step 00606 (68.6%) | loss: 3.737495 | lrm: 0.63 | dt: 1027ms | tok/sec: 31,903 | epoch: 1 | remaining: 0s    
step 00607 (68.7%) | loss: 3.738378 | lrm: 0.63 | dt: 1067ms | tok/sec: 30,704 | epoch: 1 | remaining: 0s    
step 00608 (68.9%) | loss: 3.742507 | lrm: 0.62 | dt: 1058ms | tok/sec: 30,979 | epoch: 1 | remaining: 0s    
step 00609 (69.0%) | loss: 3.741855 | lrm: 0.62 | dt: 998ms | tok/sec: 32,821 | epoch: 1 | remaining: 0s    
step 00610 (69.1%) | loss: 3.752758 | lrm: 0.62 | dt: 1018ms | tok/sec: 32,194 | epoch: 1 | remaining: 0s    
step 00611 (69.2%) | loss: 3.754991 | lrm: 0.62 | dt: 1024ms | tok/sec: 31,986 | epoch: 1 | remaining: 0s    
step 00612 (69.3%) | loss: 3.752388 | lrm: 0.61 | dt: 1008ms | tok/sec: 32,502 | epoch: 1 | remaining: 0s    
step 00613 (69.4%) | loss: 3.743814 | lrm: 0.61 | dt: 1025ms | tok/sec: 31,968 | epoch: 1 | remaining: 0s    
step 00614 (69.5%) | loss: 3.744403 | lrm: 0.61 | dt: 1003ms | tok/sec: 32,674 | epoch: 1 | remaining: 0s    
step 00615 (69.6%) | loss: 3.741053 | lrm: 0.61 | dt: 1015ms | tok/sec: 32,294 | epoch: 1 | remaining: 0s    
step 00616 (69.8%) | loss: 3.741512 | lrm: 0.60 | dt: 1024ms | tok/sec: 31,991 | epoch: 1 | remaining: 0s    
step 00617 (69.9%) | loss: 3.743174 | lrm: 0.60 | dt: 1017ms | tok/sec: 32,216 | epoch: 1 | remaining: 0s    
step 00618 (70.0%) | loss: 3.748859 | lrm: 0.60 | dt: 1020ms | tok/sec: 32,121 | epoch: 1 | remaining: 0s    
step 00619 (70.1%) | loss: 3.749618 | lrm: 0.60 | dt: 1006ms | tok/sec: 32,573 | epoch: 1 | remaining: 0s    
step 00620 (70.2%) | loss: 3.757995 | lrm: 0.60 | dt: 1031ms | tok/sec: 31,770 | epoch: 1 | remaining: 0s    
step 00621 (70.3%) | loss: 3.762382 | lrm: 0.59 | dt: 1013ms | tok/sec: 32,349 | epoch: 1 | remaining: 0s    
step 00622 (70.4%) | loss: 3.771213 | lrm: 0.59 | dt: 1021ms | tok/sec: 32,088 | epoch: 1 | remaining: 0s    
step 00623 (70.6%) | loss: 3.768843 | lrm: 0.59 | dt: 1011ms | tok/sec: 32,410 | epoch: 1 | remaining: 0s    
step 00624 (70.7%) | loss: 3.767397 | lrm: 0.59 | dt: 1016ms | tok/sec: 32,244 | epoch: 1 | remaining: 0s    
step 00625 (70.8%) | loss: 3.757431 | lrm: 0.58 | dt: 1018ms | tok/sec: 32,192 | epoch: 1 | remaining: 0s    
step 00626 (70.9%) | loss: 3.764779 | lrm: 0.58 | dt: 1032ms | tok/sec: 31,752 | epoch: 1 | remaining: 0s    
step 00627 (71.0%) | loss: 3.762963 | lrm: 0.58 | dt: 1017ms | tok/sec: 32,227 | epoch: 1 | remaining: 0s    
step 00628 (71.1%) | loss: 3.758790 | lrm: 0.58 | dt: 1055ms | tok/sec: 31,046 | epoch: 1 | remaining: 0s    
step 00629 (71.2%) | loss: 3.757352 | lrm: 0.58 | dt: 1002ms | tok/sec: 32,689 | epoch: 1 | remaining: 0s    
step 00630 (71.3%) | loss: 3.761574 | lrm: 0.57 | dt: 998ms | tok/sec: 32,832 | epoch: 1 | remaining: 0s    
step 00631 (71.5%) | loss: 3.760652 | lrm: 0.57 | dt: 1019ms | tok/sec: 32,146 | epoch: 1 | remaining: 0s    
step 00632 (71.6%) | loss: 3.757545 | lrm: 0.57 | dt: 1013ms | tok/sec: 32,359 | epoch: 1 | remaining: 0s    
step 00633 (71.7%) | loss: 3.755066 | lrm: 0.57 | dt: 1085ms | tok/sec: 30,197 | epoch: 1 | remaining: 0s    
step 00634 (71.8%) | loss: 3.741784 | lrm: 0.56 | dt: 1044ms | tok/sec: 31,387 | epoch: 1 | remaining: 0s    
step 00635 (71.9%) | loss: 3.741782 | lrm: 0.56 | dt: 950ms | tok/sec: 34,509 | epoch: 1 | remaining: 0s    
step 00636 (72.0%) | loss: 3.741433 | lrm: 0.56 | dt: 1071ms | tok/sec: 30,588 | epoch: 1 | remaining: 0s    
step 00637 (72.1%) | loss: 3.733774 | lrm: 0.56 | dt: 1043ms | tok/sec: 31,421 | epoch: 1 | remaining: 0s    
step 00638 (72.3%) | loss: 3.734824 | lrm: 0.55 | dt: 1068ms | tok/sec: 30,678 | epoch: 1 | remaining: 0s    
step 00639 (72.4%) | loss: 3.730559 | lrm: 0.55 | dt: 975ms | tok/sec: 33,617 | epoch: 1 | remaining: 0s    
step 00640 (72.5%) | loss: 3.720245 | lrm: 0.55 | dt: 1043ms | tok/sec: 31,429 | epoch: 1 | remaining: 0s    
step 00641 (72.6%) | loss: 3.721496 | lrm: 0.55 | dt: 1005ms | tok/sec: 32,605 | epoch: 1 | remaining: 0s    
step 00642 (72.7%) | loss: 3.715510 | lrm: 0.55 | dt: 996ms | tok/sec: 32,907 | epoch: 1 | remaining: 0s    
step 00643 (72.8%) | loss: 3.711199 | lrm: 0.54 | dt: 1046ms | tok/sec: 31,320 | epoch: 1 | remaining: 0s    
step 00644 (72.9%) | loss: 3.703416 | lrm: 0.54 | dt: 1053ms | tok/sec: 31,111 | epoch: 1 | remaining: 0s    
step 00645 (73.0%) | loss: 3.702950 | lrm: 0.54 | dt: 1035ms | tok/sec: 31,656 | epoch: 1 | remaining: 0s    
step 00646 (73.2%) | loss: 3.708994 | lrm: 0.54 | dt: 980ms | tok/sec: 33,429 | epoch: 1 | remaining: 0s    
step 00647 (73.3%) | loss: 3.720156 | lrm: 0.53 | dt: 977ms | tok/sec: 33,522 | epoch: 1 | remaining: 0s    
step 00648 (73.4%) | loss: 3.709618 | lrm: 0.53 | dt: 1025ms | tok/sec: 31,974 | epoch: 1 | remaining: 0s    
step 00649 (73.5%) | loss: 3.704824 | lrm: 0.53 | dt: 990ms | tok/sec: 33,093 | epoch: 1 | remaining: 0s    
step 00650 (73.6%) | loss: 3.703859 | lrm: 0.53 | dt: 985ms | tok/sec: 33,281 | epoch: 1 | remaining: 0s    
step 00651 (73.7%) | loss: 3.703408 | lrm: 0.53 | dt: 1015ms | tok/sec: 32,278 | epoch: 1 | remaining: 0s    
step 00652 (73.8%) | loss: 3.703176 | lrm: 0.52 | dt: 992ms | tok/sec: 33,039 | epoch: 1 | remaining: 0s    
step 00653 (74.0%) | loss: 3.696159 | lrm: 0.52 | dt: 1024ms | tok/sec: 31,999 | epoch: 1 | remaining: 0s    
step 00654 (74.1%) | loss: 3.696714 | lrm: 0.52 | dt: 976ms | tok/sec: 33,566 | epoch: 1 | remaining: 0s    
step 00655 (74.2%) | loss: 3.693501 | lrm: 0.52 | dt: 967ms | tok/sec: 33,901 | epoch: 1 | remaining: 0s    
step 00656 (74.3%) | loss: 3.689410 | lrm: 0.51 | dt: 993ms | tok/sec: 32,994 | epoch: 1 | remaining: 0s    
step 00657 (74.4%) | loss: 3.689644 | lrm: 0.51 | dt: 1040ms | tok/sec: 31,496 | epoch: 1 | remaining: 0s    
step 00658 (74.5%) | loss: 3.687682 | lrm: 0.51 | dt: 1067ms | tok/sec: 30,710 | epoch: 1 | remaining: 0s    
step 00659 (74.6%) | loss: 3.691673 | lrm: 0.51 | dt: 1040ms | tok/sec: 31,503 | epoch: 1 | remaining: 0s    
step 00660 (74.7%) | loss: 3.692073 | lrm: 0.51 | dt: 1017ms | tok/sec: 32,212 | epoch: 1 | remaining: 0s    
step 00661 (74.9%) | loss: 3.691293 | lrm: 0.50 | dt: 1067ms | tok/sec: 30,715 | epoch: 1 | remaining: 0s    
step 00662 (75.0%) | loss: 3.685898 | lrm: 0.50 | dt: 1016ms | tok/sec: 32,255 | epoch: 1 | remaining: 0s    
step 00663 (75.1%) | loss: 3.689065 | lrm: 0.50 | dt: 998ms | tok/sec: 32,846 | epoch: 1 | remaining: 0s    
step 00664 (75.2%) | loss: 3.689089 | lrm: 0.50 | dt: 1012ms | tok/sec: 32,378 | epoch: 1 | remaining: 0s    
step 00665 (75.3%) | loss: 3.696780 | lrm: 0.49 | dt: 1034ms | tok/sec: 31,675 | epoch: 1 | remaining: 0s    
step 00666 (75.4%) | loss: 3.693145 | lrm: 0.49 | dt: 1014ms | tok/sec: 32,330 | epoch: 1 | remaining: 0s    
step 00667 (75.5%) | loss: 3.700392 | lrm: 0.49 | dt: 1009ms | tok/sec: 32,462 | epoch: 1 | remaining: 0s    
step 00668 (75.7%) | loss: 3.706847 | lrm: 0.49 | dt: 1052ms | tok/sec: 31,149 | epoch: 1 | remaining: 0s    
step 00669 (75.8%) | loss: 3.702558 | lrm: 0.48 | dt: 992ms | tok/sec: 33,045 | epoch: 1 | remaining: 0s    
step 00670 (75.9%) | loss: 3.703279 | lrm: 0.48 | dt: 992ms | tok/sec: 33,042 | epoch: 1 | remaining: 0s    
step 00671 (76.0%) | loss: 3.701560 | lrm: 0.48 | dt: 1062ms | tok/sec: 30,860 | epoch: 1 | remaining: 0s    
step 00672 (76.1%) | loss: 3.697719 | lrm: 0.48 | dt: 1007ms | tok/sec: 32,537 | epoch: 1 | remaining: 0s    
step 00673 (76.2%) | loss: 3.693950 | lrm: 0.48 | dt: 1004ms | tok/sec: 32,628 | epoch: 1 | remaining: 0s    
step 00674 (76.3%) | loss: 3.684362 | lrm: 0.47 | dt: 1035ms | tok/sec: 31,651 | epoch: 1 | remaining: 0s    
step 00675 (76.4%) | loss: 3.687312 | lrm: 0.47 | dt: 989ms | tok/sec: 33,119 | epoch: 1 | remaining: 0s    
step 00676 (76.6%) | loss: 3.682059 | lrm: 0.47 | dt: 1279ms | tok/sec: 25,620 | epoch: 1 | remaining: 0s    
step 00677 (76.7%) | loss: 3.682617 | lrm: 0.47 | dt: 846ms | tok/sec: 38,721 | epoch: 1 | remaining: 0s    
step 00678 (76.8%) | loss: 3.682274 | lrm: 0.46 | dt: 949ms | tok/sec: 34,512 | epoch: 1 | remaining: 0s    
step 00679 (76.9%) | loss: 3.688982 | lrm: 0.46 | dt: 1109ms | tok/sec: 29,538 | epoch: 1 | remaining: 0s    
step 00680 (77.0%) | loss: 3.689544 | lrm: 0.46 | dt: 1075ms | tok/sec: 30,489 | epoch: 1 | remaining: 0s    
step 00681 (77.1%) | loss: 3.694097 | lrm: 0.46 | dt: 963ms | tok/sec: 34,015 | epoch: 1 | remaining: 0s    
step 00682 (77.2%) | loss: 3.697152 | lrm: 0.46 | dt: 960ms | tok/sec: 34,139 | epoch: 1 | remaining: 0s    
step 00683 (77.3%) | loss: 3.698599 | lrm: 0.45 | dt: 1051ms | tok/sec: 31,180 | epoch: 1 | remaining: 0s    
step 00684 (77.5%) | loss: 3.695045 | lrm: 0.45 | dt: 1026ms | tok/sec: 31,943 | epoch: 1 | remaining: 0s    
step 00685 (77.6%) | loss: 3.697909 | lrm: 0.45 | dt: 1029ms | tok/sec: 31,839 | epoch: 1 | remaining: 0s    
step 00686 (77.7%) | loss: 3.702505 | lrm: 0.45 | dt: 1004ms | tok/sec: 32,633 | epoch: 1 | remaining: 0s    
step 00687 (77.8%) | loss: 3.704095 | lrm: 0.44 | dt: 1068ms | tok/sec: 30,689 | epoch: 1 | remaining: 0s    
step 00688 (77.9%) | loss: 3.693259 | lrm: 0.44 | dt: 1038ms | tok/sec: 31,575 | epoch: 1 | remaining: 0s    
step 00689 (78.0%) | loss: 3.694413 | lrm: 0.44 | dt: 987ms | tok/sec: 33,197 | epoch: 1 | remaining: 0s    
step 00690 (78.1%) | loss: 3.685517 | lrm: 0.44 | dt: 1024ms | tok/sec: 32,010 | epoch: 1 | remaining: 0s    
step 00691 (78.3%) | loss: 3.684245 | lrm: 0.43 | dt: 1014ms | tok/sec: 32,312 | epoch: 1 | remaining: 0s    
step 00692 (78.4%) | loss: 3.684232 | lrm: 0.43 | dt: 1070ms | tok/sec: 30,615 | epoch: 1 | remaining: 0s    
step 00693 (78.5%) | loss: 3.691430 | lrm: 0.43 | dt: 1005ms | tok/sec: 32,600 | epoch: 1 | remaining: 0s    
step 00694 (78.6%) | loss: 3.691821 | lrm: 0.43 | dt: 1001ms | tok/sec: 32,749 | epoch: 1 | remaining: 0s    
step 00695 (78.7%) | loss: 3.695203 | lrm: 0.43 | dt: 1040ms | tok/sec: 31,506 | epoch: 1 | remaining: 0s    
step 00696 (78.8%) | loss: 3.689861 | lrm: 0.42 | dt: 1005ms | tok/sec: 32,605 | epoch: 1 | remaining: 0s    
step 00697 (78.9%) | loss: 3.681597 | lrm: 0.42 | dt: 1048ms | tok/sec: 31,274 | epoch: 1 | remaining: 0s    
step 00698 (79.0%) | loss: 3.683318 | lrm: 0.42 | dt: 996ms | tok/sec: 32,884 | epoch: 1 | remaining: 0s    
step 00699 (79.2%) | loss: 3.684071 | lrm: 0.42 | dt: 1003ms | tok/sec: 32,656 | epoch: 1 | remaining: 0s    
step 00700 (79.3%) | loss: 3.674371 | lrm: 0.41 | dt: 1015ms | tok/sec: 32,294 | epoch: 1 | remaining: 0s    
step 00701 (79.4%) | loss: 3.676732 | lrm: 0.41 | dt: 1017ms | tok/sec: 32,206 | epoch: 1 | remaining: 0s    
step 00702 (79.5%) | loss: 3.665833 | lrm: 0.41 | dt: 1014ms | tok/sec: 32,322 | epoch: 1 | remaining: 0s    
step 00703 (79.6%) | loss: 3.656005 | lrm: 0.41 | dt: 1022ms | tok/sec: 32,065 | epoch: 1 | remaining: 0s    
step 00704 (79.7%) | loss: 3.652627 | lrm: 0.41 | dt: 1016ms | tok/sec: 32,260 | epoch: 1 | remaining: 0s    
step 00705 (79.8%) | loss: 3.653162 | lrm: 0.40 | dt: 991ms | tok/sec: 33,054 | epoch: 1 | remaining: 0s    
step 00706 (80.0%) | loss: 3.649525 | lrm: 0.40 | dt: 1032ms | tok/sec: 31,763 | epoch: 1 | remaining: 0s    
step 00707 (80.1%) | loss: 3.651841 | lrm: 0.40 | dt: 1015ms | tok/sec: 32,287 | epoch: 1 | remaining: 0s    
step 00708 (80.2%) | loss: 3.650677 | lrm: 0.40 | dt: 1042ms | tok/sec: 31,438 | epoch: 1 | remaining: 0s    
step 00709 (80.3%) | loss: 3.650597 | lrm: 0.39 | dt: 983ms | tok/sec: 33,319 | epoch: 1 | remaining: 0s    
step 00710 (80.4%) | loss: 3.650635 | lrm: 0.39 | dt: 995ms | tok/sec: 32,936 | epoch: 1 | remaining: 0s    
step 00711 (80.5%) | loss: 3.651813 | lrm: 0.39 | dt: 1056ms | tok/sec: 31,021 | epoch: 1 | remaining: 0s    
step 00712 (80.6%) | loss: 3.651783 | lrm: 0.39 | dt: 1028ms | tok/sec: 31,869 | epoch: 1 | remaining: 0s    
step 00713 (80.7%) | loss: 3.637798 | lrm: 0.39 | dt: 1031ms | tok/sec: 31,794 | epoch: 1 | remaining: 0s    
step 00714 (80.9%) | loss: 3.643835 | lrm: 0.38 | dt: 998ms | tok/sec: 32,817 | epoch: 1 | remaining: 0s    
step 00715 (81.0%) | loss: 3.648804 | lrm: 0.38 | dt: 1009ms | tok/sec: 32,484 | epoch: 1 | remaining: 0s    
step 00716 (81.1%) | loss: 3.645947 | lrm: 0.38 | dt: 1023ms | tok/sec: 32,037 | epoch: 1 | remaining: 0s    
step 00717 (81.2%) | loss: 3.645487 | lrm: 0.38 | dt: 1027ms | tok/sec: 31,892 | epoch: 1 | remaining: 0s    
step 00718 (81.3%) | loss: 3.640717 | lrm: 0.37 | dt: 1028ms | tok/sec: 31,861 | epoch: 1 | remaining: 0s    
step 00719 (81.4%) | loss: 3.643467 | lrm: 0.37 | dt: 1072ms | tok/sec: 30,575 | epoch: 1 | remaining: 0s    
step 00720 (81.5%) | loss: 3.637782 | lrm: 0.37 | dt: 1027ms | tok/sec: 31,906 | epoch: 1 | remaining: 0s    
step 00721 (81.7%) | loss: 3.648493 | lrm: 0.37 | dt: 974ms | tok/sec: 33,639 | epoch: 1 | remaining: 0s    
step 00722 (81.8%) | loss: 3.656005 | lrm: 0.36 | dt: 1019ms | tok/sec: 32,163 | epoch: 1 | remaining: 0s    
step 00723 (81.9%) | loss: 3.657816 | lrm: 0.36 | dt: 1032ms | tok/sec: 31,742 | epoch: 1 | remaining: 0s    
step 00724 (82.0%) | loss: 3.654587 | lrm: 0.36 | dt: 1025ms | tok/sec: 31,972 | epoch: 1 | remaining: 0s    
step 00725 (82.1%) | loss: 3.651789 | lrm: 0.36 | dt: 1059ms | tok/sec: 30,947 | epoch: 1 | remaining: 0s    
step 00726 (82.2%) | loss: 3.649086 | lrm: 0.36 | dt: 1016ms | tok/sec: 32,267 | epoch: 1 | remaining: 0s    
step 00727 (82.3%) | loss: 3.649080 | lrm: 0.35 | dt: 1068ms | tok/sec: 30,672 | epoch: 1 | remaining: 0s    
step 00728 (82.4%) | loss: 3.647298 | lrm: 0.35 | dt: 1049ms | tok/sec: 31,247 | epoch: 1 | remaining: 0s    
step 00729 (82.6%) | loss: 3.640558 | lrm: 0.35 | dt: 1008ms | tok/sec: 32,502 | epoch: 1 | remaining: 0s    
step 00730 (82.7%) | loss: 3.644759 | lrm: 0.35 | dt: 1031ms | tok/sec: 31,788 | epoch: 1 | remaining: 0s    
step 00731 (82.8%) | loss: 3.640657 | lrm: 0.34 | dt: 1004ms | tok/sec: 32,651 | epoch: 1 | remaining: 0s    
step 00732 (82.9%) | loss: 3.633690 | lrm: 0.34 | dt: 1021ms | tok/sec: 32,106 | epoch: 1 | remaining: 0s    
step 00733 (83.0%) | loss: 3.638628 | lrm: 0.34 | dt: 1034ms | tok/sec: 31,688 | epoch: 1 | remaining: 0s    
step 00734 (83.1%) | loss: 3.631873 | lrm: 0.34 | dt: 1024ms | tok/sec: 31,985 | epoch: 1 | remaining: 0s    
step 00735 (83.2%) | loss: 3.625866 | lrm: 0.34 | dt: 1019ms | tok/sec: 32,147 | epoch: 1 | remaining: 0s    
step 00736 (83.4%) | loss: 3.628622 | lrm: 0.33 | dt: 1051ms | tok/sec: 31,171 | epoch: 1 | remaining: 0s    
step 00737 (83.5%) | loss: 3.632401 | lrm: 0.33 | dt: 1037ms | tok/sec: 31,597 | epoch: 1 | remaining: 0s    
step 00738 (83.6%) | loss: 3.634236 | lrm: 0.33 | dt: 1001ms | tok/sec: 32,728 | epoch: 1 | remaining: 0s    
step 00739 (83.7%) | loss: 3.636581 | lrm: 0.33 | dt: 1031ms | tok/sec: 31,768 | epoch: 1 | remaining: 0s    
step 00740 (83.8%) | loss: 3.637146 | lrm: 0.32 | dt: 1026ms | tok/sec: 31,942 | epoch: 1 | remaining: 0s    
step 00741 (83.9%) | loss: 3.626387 | lrm: 0.32 | dt: 1003ms | tok/sec: 32,657 | epoch: 1 | remaining: 0s    
step 00742 (84.0%) | loss: 3.621491 | lrm: 0.32 | dt: 1040ms | tok/sec: 31,495 | epoch: 1 | remaining: 0s    
step 00743 (84.1%) | loss: 3.621132 | lrm: 0.32 | dt: 1026ms | tok/sec: 31,948 | epoch: 1 | remaining: 0s    
step 00744 (84.3%) | loss: 3.627588 | lrm: 0.31 | dt: 1038ms | tok/sec: 31,563 | epoch: 1 | remaining: 0s    
step 00745 (84.4%) | loss: 3.622937 | lrm: 0.31 | dt: 1009ms | tok/sec: 32,464 | epoch: 1 | remaining: 0s    
step 00746 (84.5%) | loss: 3.629493 | lrm: 0.31 | dt: 1059ms | tok/sec: 30,933 | epoch: 1 | remaining: 0s    
step 00747 (84.6%) | loss: 3.623871 | lrm: 0.31 | dt: 1027ms | tok/sec: 31,913 | epoch: 1 | remaining: 0s    
step 00748 (84.7%) | loss: 3.617432 | lrm: 0.31 | dt: 1012ms | tok/sec: 32,376 | epoch: 1 | remaining: 0s    
step 00749 (84.8%) | loss: 3.617848 | lrm: 0.30 | dt: 1035ms | tok/sec: 31,665 | epoch: 1 | remaining: 0s    
step 00750 (84.9%) | loss: 3.618092 | lrm: 0.30 | dt: 1025ms | tok/sec: 31,978 | epoch: 1 | remaining: 0s    
step 00751 (85.1%) | loss: 3.615924 | lrm: 0.30 | dt: 1051ms | tok/sec: 31,166 | epoch: 1 | remaining: 0s    
step 00752 (85.2%) | loss: 3.611192 | lrm: 0.30 | dt: 1026ms | tok/sec: 31,925 | epoch: 1 | remaining: 0s    
step 00753 (85.3%) | loss: 3.616484 | lrm: 0.29 | dt: 1034ms | tok/sec: 31,677 | epoch: 1 | remaining: 0s    
step 00754 (85.4%) | loss: 3.618932 | lrm: 0.29 | dt: 1022ms | tok/sec: 32,060 | epoch: 1 | remaining: 0s    
step 00755 (85.5%) | loss: 3.614480 | lrm: 0.29 | dt: 1044ms | tok/sec: 31,379 | epoch: 1 | remaining: 0s    
step 00756 (85.6%) | loss: 3.610492 | lrm: 0.29 | dt: 1059ms | tok/sec: 30,933 | epoch: 1 | remaining: 0s    
step 00757 (85.7%) | loss: 3.601584 | lrm: 0.29 | dt: 1031ms | tok/sec: 31,768 | epoch: 1 | remaining: 0s    
step 00758 (85.8%) | loss: 3.607061 | lrm: 0.28 | dt: 1040ms | tok/sec: 31,508 | epoch: 1 | remaining: 0s    
step 00759 (86.0%) | loss: 3.599225 | lrm: 0.28 | dt: 1028ms | tok/sec: 31,871 | epoch: 1 | remaining: 0s    
step 00760 (86.1%) | loss: 3.598145 | lrm: 0.28 | dt: 1032ms | tok/sec: 31,756 | epoch: 1 | remaining: 0s    
step 00761 (86.2%) | loss: 3.604615 | lrm: 0.28 | dt: 1044ms | tok/sec: 31,396 | epoch: 1 | remaining: 0s    
step 00762 (86.3%) | loss: 3.601575 | lrm: 0.27 | dt: 1065ms | tok/sec: 30,767 | epoch: 1 | remaining: 0s    
step 00763 (86.4%) | loss: 3.601301 | lrm: 0.27 | dt: 1048ms | tok/sec: 31,269 | epoch: 1 | remaining: 0s    
step 00764 (86.5%) | loss: 3.602878 | lrm: 0.27 | dt: 1000ms | tok/sec: 32,780 | epoch: 1 | remaining: 0s    
step 00765 (86.6%) | loss: 3.602618 | lrm: 0.27 | dt: 1041ms | tok/sec: 31,470 | epoch: 1 | remaining: 0s    
step 00766 (86.7%) | loss: 3.604567 | lrm: 0.27 | dt: 1078ms | tok/sec: 30,401 | epoch: 1 | remaining: 0s    
step 00767 (86.9%) | loss: 3.600767 | lrm: 0.26 | dt: 1018ms | tok/sec: 32,180 | epoch: 1 | remaining: 0s    
step 00768 (87.0%) | loss: 3.588646 | lrm: 0.26 | dt: 998ms | tok/sec: 32,838 | epoch: 1 | remaining: 0s    
step 00769 (87.1%) | loss: 3.588859 | lrm: 0.26 | dt: 1033ms | tok/sec: 31,730 | epoch: 1 | remaining: 0s    
step 00770 (87.2%) | loss: 3.582697 | lrm: 0.26 | dt: 1049ms | tok/sec: 31,248 | epoch: 1 | remaining: 0s    
step 00771 (87.3%) | loss: 3.584696 | lrm: 0.25 | dt: 1001ms | tok/sec: 32,745 | epoch: 1 | remaining: 0s    
step 00772 (87.4%) | loss: 3.586331 | lrm: 0.25 | dt: 1015ms | tok/sec: 32,272 | epoch: 1 | remaining: 0s    
step 00773 (87.5%) | loss: 3.585476 | lrm: 0.25 | dt: 1043ms | tok/sec: 31,431 | epoch: 1 | remaining: 0s    
step 00774 (87.7%) | loss: 3.584272 | lrm: 0.25 | dt: 1044ms | tok/sec: 31,394 | epoch: 1 | remaining: 0s    
step 00775 (87.8%) | loss: 3.582433 | lrm: 0.24 | dt: 1064ms | tok/sec: 30,810 | epoch: 1 | remaining: 0s    
step 00776 (87.9%) | loss: 3.586157 | lrm: 0.24 | dt: 1045ms | tok/sec: 31,356 | epoch: 1 | remaining: 0s    
step 00777 (88.0%) | loss: 3.581975 | lrm: 0.24 | dt: 1014ms | tok/sec: 32,327 | epoch: 1 | remaining: 0s    
step 00778 (88.1%) | loss: 3.586423 | lrm: 0.24 | dt: 1033ms | tok/sec: 31,727 | epoch: 1 | remaining: 0s    
step 00779 (88.2%) | loss: 3.601008 | lrm: 0.24 | dt: 1027ms | tok/sec: 31,895 | epoch: 1 | remaining: 0s    
step 00780 (88.3%) | loss: 3.592568 | lrm: 0.23 | dt: 1048ms | tok/sec: 31,270 | epoch: 1 | remaining: 0s    
step 00781 (88.4%) | loss: 3.591728 | lrm: 0.23 | dt: 1071ms | tok/sec: 30,607 | epoch: 1 | remaining: 0s    
step 00782 (88.6%) | loss: 3.585295 | lrm: 0.23 | dt: 1057ms | tok/sec: 30,989 | epoch: 1 | remaining: 0s    
step 00783 (88.7%) | loss: 3.588429 | lrm: 0.23 | dt: 1083ms | tok/sec: 30,268 | epoch: 1 | remaining: 0s    
step 00784 (88.8%) | loss: 3.589716 | lrm: 0.22 | dt: 956ms | tok/sec: 34,260 | epoch: 1 | remaining: 0s    
step 00785 (88.9%) | loss: 3.592614 | lrm: 0.22 | dt: 1011ms | tok/sec: 32,414 | epoch: 1 | remaining: 0s    
step 00786 (89.0%) | loss: 3.589407 | lrm: 0.22 | dt: 1060ms | tok/sec: 30,927 | epoch: 1 | remaining: 0s    
step 00787 (89.1%) | loss: 3.588683 | lrm: 0.22 | dt: 1048ms | tok/sec: 31,281 | epoch: 1 | remaining: 0s    
step 00788 (89.2%) | loss: 3.578426 | lrm: 0.22 | dt: 1072ms | tok/sec: 30,569 | epoch: 1 | remaining: 0s    
step 00789 (89.4%) | loss: 3.576969 | lrm: 0.21 | dt: 960ms | tok/sec: 34,117 | epoch: 1 | remaining: 0s    
step 00790 (89.5%) | loss: 3.572228 | lrm: 0.21 | dt: 1051ms | tok/sec: 31,166 | epoch: 1 | remaining: 0s    
step 00791 (89.6%) | loss: 3.576164 | lrm: 0.21 | dt: 1019ms | tok/sec: 32,167 | epoch: 1 | remaining: 0s    
step 00792 (89.7%) | loss: 3.582290 | lrm: 0.21 | dt: 1013ms | tok/sec: 32,356 | epoch: 1 | remaining: 0s    
step 00793 (89.8%) | loss: 3.584342 | lrm: 0.20 | dt: 1019ms | tok/sec: 32,150 | epoch: 1 | remaining: 0s    
step 00794 (89.9%) | loss: 3.582381 | lrm: 0.20 | dt: 1025ms | tok/sec: 31,954 | epoch: 1 | remaining: 0s    
step 00795 (90.0%) | loss: 3.583621 | lrm: 0.20 | dt: 1032ms | tok/sec: 31,746 | epoch: 1 | remaining: 0s    
step 00796 (90.1%) | loss: 3.586270 | lrm: 0.20 | dt: 1007ms | tok/sec: 32,529 | epoch: 1 | remaining: 0s    
step 00797 (90.3%) | loss: 3.583727 | lrm: 0.19 | dt: 1020ms | tok/sec: 32,137 | epoch: 1 | remaining: 0s    
step 00798 (90.4%) | loss: 3.577891 | lrm: 0.19 | dt: 1031ms | tok/sec: 31,767 | epoch: 1 | remaining: 0s    
step 00799 (90.5%) | loss: 3.576306 | lrm: 0.19 | dt: 1016ms | tok/sec: 32,265 | epoch: 1 | remaining: 0s    
step 00800 (90.6%) | loss: 3.571495 | lrm: 0.19 | dt: 1010ms | tok/sec: 32,451 | epoch: 1 | remaining: 0s    
step 00801 (90.7%) | loss: 3.581081 | lrm: 0.19 | dt: 1017ms | tok/sec: 32,227 | epoch: 1 | remaining: 0s    
step 00802 (90.8%) | loss: 3.591360 | lrm: 0.18 | dt: 1006ms | tok/sec: 32,580 | epoch: 1 | remaining: 0s    
step 00803 (90.9%) | loss: 3.587369 | lrm: 0.18 | dt: 1020ms | tok/sec: 32,133 | epoch: 1 | remaining: 0s    
step 00804 (91.1%) | loss: 3.587299 | lrm: 0.18 | dt: 1034ms | tok/sec: 31,690 | epoch: 1 | remaining: 0s    
step 00805 (91.2%) | loss: 3.579867 | lrm: 0.18 | dt: 1032ms | tok/sec: 31,759 | epoch: 1 | remaining: 0s    
step 00806 (91.3%) | loss: 3.580932 | lrm: 0.17 | dt: 1025ms | tok/sec: 31,982 | epoch: 1 | remaining: 0s    
step 00807 (91.4%) | loss: 3.587213 | lrm: 0.17 | dt: 1031ms | tok/sec: 31,771 | epoch: 1 | remaining: 0s    
step 00808 (91.5%) | loss: 3.598019 | lrm: 0.17 | dt: 998ms | tok/sec: 32,818 | epoch: 1 | remaining: 0s    
step 00809 (91.6%) | loss: 3.591318 | lrm: 0.17 | dt: 1072ms | tok/sec: 30,579 | epoch: 1 | remaining: 0s    
step 00810 (91.7%) | loss: 3.585366 | lrm: 0.17 | dt: 1061ms | tok/sec: 30,871 | epoch: 1 | remaining: 0s    
step 00811 (91.8%) | loss: 3.579806 | lrm: 0.16 | dt: 979ms | tok/sec: 33,462 | epoch: 1 | remaining: 0s    
step 00812 (92.0%) | loss: 3.579608 | lrm: 0.16 | dt: 1035ms | tok/sec: 31,666 | epoch: 1 | remaining: 0s    
step 00813 (92.1%) | loss: 3.571183 | lrm: 0.16 | dt: 1053ms | tok/sec: 31,110 | epoch: 1 | remaining: 0s    
step 00814 (92.2%) | loss: 3.566799 | lrm: 0.16 | dt: 1045ms | tok/sec: 31,371 | epoch: 1 | remaining: 0s    
step 00815 (92.3%) | loss: 3.569184 | lrm: 0.15 | dt: 1022ms | tok/sec: 32,056 | epoch: 1 | remaining: 0s    
step 00816 (92.4%) | loss: 3.570633 | lrm: 0.15 | dt: 988ms | tok/sec: 33,168 | epoch: 1 | remaining: 0s    
step 00817 (92.5%) | loss: 3.578259 | lrm: 0.15 | dt: 1013ms | tok/sec: 32,362 | epoch: 1 | remaining: 0s    
step 00818 (92.6%) | loss: 3.571405 | lrm: 0.15 | dt: 1053ms | tok/sec: 31,125 | epoch: 1 | remaining: 0s    
step 00819 (92.8%) | loss: 3.566909 | lrm: 0.14 | dt: 1000ms | tok/sec: 32,783 | epoch: 1 | remaining: 0s    
step 00820 (92.9%) | loss: 3.569790 | lrm: 0.14 | dt: 1031ms | tok/sec: 31,772 | epoch: 1 | remaining: 0s    
step 00821 (93.0%) | loss: 3.573998 | lrm: 0.14 | dt: 1003ms | tok/sec: 32,662 | epoch: 1 | remaining: 0s    
step 00822 (93.1%) | loss: 3.565616 | lrm: 0.14 | dt: 1013ms | tok/sec: 32,343 | epoch: 1 | remaining: 0s    
step 00823 (93.2%) | loss: 3.564940 | lrm: 0.14 | dt: 1036ms | tok/sec: 31,644 | epoch: 1 | remaining: 0s    
step 00824 (93.3%) | loss: 3.559527 | lrm: 0.13 | dt: 991ms | tok/sec: 33,069 | epoch: 1 | remaining: 0s    
step 00825 (93.4%) | loss: 3.563185 | lrm: 0.13 | dt: 1044ms | tok/sec: 31,374 | epoch: 1 | remaining: 0s    
step 00826 (93.5%) | loss: 3.547234 | lrm: 0.13 | dt: 1040ms | tok/sec: 31,519 | epoch: 1 | remaining: 0s    
step 00827 (93.7%) | loss: 3.547299 | lrm: 0.13 | dt: 1015ms | tok/sec: 32,272 | epoch: 1 | remaining: 0s    
step 00828 (93.8%) | loss: 3.544122 | lrm: 0.12 | dt: 1043ms | tok/sec: 31,423 | epoch: 1 | remaining: 0s    
step 00829 (93.9%) | loss: 3.538035 | lrm: 0.12 | dt: 1023ms | tok/sec: 32,038 | epoch: 1 | remaining: 0s    
step 00830 (94.0%) | loss: 3.537006 | lrm: 0.12 | dt: 991ms | tok/sec: 33,081 | epoch: 1 | remaining: 0s    
step 00831 (94.1%) | loss: 3.536894 | lrm: 0.12 | dt: 1036ms | tok/sec: 31,635 | epoch: 1 | remaining: 0s    
step 00832 (94.2%) | loss: 3.527496 | lrm: 0.12 | dt: 994ms | tok/sec: 32,951 | epoch: 1 | remaining: 0s    
step 00833 (94.3%) | loss: 3.527785 | lrm: 0.11 | dt: 1065ms | tok/sec: 30,773 | epoch: 1 | remaining: 0s    
step 00834 (94.5%) | loss: 3.535283 | lrm: 0.11 | dt: 1010ms | tok/sec: 32,458 | epoch: 1 | remaining: 0s    
step 00835 (94.6%) | loss: 3.539767 | lrm: 0.11 | dt: 1011ms | tok/sec: 32,398 | epoch: 1 | remaining: 0s    
step 00836 (94.7%) | loss: 3.541419 | lrm: 0.11 | dt: 1010ms | tok/sec: 32,453 | epoch: 1 | remaining: 0s    
step 00837 (94.8%) | loss: 3.545203 | lrm: 0.10 | dt: 1003ms | tok/sec: 32,668 | epoch: 1 | remaining: 0s    
step 00838 (94.9%) | loss: 3.543944 | lrm: 0.10 | dt: 1017ms | tok/sec: 32,222 | epoch: 1 | remaining: 0s    
step 00839 (95.0%) | loss: 3.545205 | lrm: 0.10 | dt: 1029ms | tok/sec: 31,858 | epoch: 1 | remaining: 0s    
step 00840 (95.1%) | loss: 3.548626 | lrm: 0.10 | dt: 1011ms | tok/sec: 32,397 | epoch: 1 | remaining: 0s    
step 00841 (95.2%) | loss: 3.544112 | lrm: 0.10 | dt: 1014ms | tok/sec: 32,310 | epoch: 1 | remaining: 0s    
step 00842 (95.4%) | loss: 3.547452 | lrm: 0.09 | dt: 1013ms | tok/sec: 32,356 | epoch: 1 | remaining: 0s    
step 00843 (95.5%) | loss: 3.541759 | lrm: 0.09 | dt: 1047ms | tok/sec: 31,290 | epoch: 1 | remaining: 0s    
step 00844 (95.6%) | loss: 3.529574 | lrm: 0.09 | dt: 1069ms | tok/sec: 30,661 | epoch: 1 | remaining: 0s    
step 00845 (95.7%) | loss: 3.534473 | lrm: 0.09 | dt: 1008ms | tok/sec: 32,508 | epoch: 1 | remaining: 0s    
step 00846 (95.8%) | loss: 3.532178 | lrm: 0.08 | dt: 967ms | tok/sec: 33,895 | epoch: 1 | remaining: 0s    
step 00847 (95.9%) | loss: 3.525780 | lrm: 0.08 | dt: 1017ms | tok/sec: 32,226 | epoch: 1 | remaining: 0s    
step 00848 (96.0%) | loss: 3.527198 | lrm: 0.08 | dt: 1050ms | tok/sec: 31,209 | epoch: 1 | remaining: 0s    
step 00849 (96.1%) | loss: 3.529775 | lrm: 0.08 | dt: 1001ms | tok/sec: 32,722 | epoch: 1 | remaining: 0s    
step 00850 (96.3%) | loss: 3.520696 | lrm: 0.07 | dt: 995ms | tok/sec: 32,926 | epoch: 1 | remaining: 0s    
step 00851 (96.4%) | loss: 3.516731 | lrm: 0.07 | dt: 1024ms | tok/sec: 31,998 | epoch: 1 | remaining: 0s    
step 00852 (96.5%) | loss: 3.515835 | lrm: 0.07 | dt: 1036ms | tok/sec: 31,621 | epoch: 1 | remaining: 0s    
step 00853 (96.6%) | loss: 3.519183 | lrm: 0.07 | dt: 1032ms | tok/sec: 31,736 | epoch: 1 | remaining: 0s    
step 00854 (96.7%) | loss: 3.514793 | lrm: 0.07 | dt: 1002ms | tok/sec: 32,688 | epoch: 1 | remaining: 0s    
step 00855 (96.8%) | loss: 3.514299 | lrm: 0.06 | dt: 1009ms | tok/sec: 32,463 | epoch: 1 | remaining: 0s    
step 00856 (96.9%) | loss: 3.509017 | lrm: 0.06 | dt: 1033ms | tok/sec: 31,729 | epoch: 1 | remaining: 0s    
step 00857 (97.1%) | loss: 3.508127 | lrm: 0.06 | dt: 1049ms | tok/sec: 31,234 | epoch: 1 | remaining: 0s    
step 00858 (97.2%) | loss: 3.515528 | lrm: 0.06 | dt: 997ms | tok/sec: 32,870 | epoch: 1 | remaining: 0s    
step 00859 (97.3%) | loss: 3.511077 | lrm: 0.05 | dt: 1043ms | tok/sec: 31,428 | epoch: 1 | remaining: 0s    
step 00860 (97.4%) | loss: 3.507237 | lrm: 0.05 | dt: 986ms | tok/sec: 33,234 | epoch: 1 | remaining: 0s    
step 00861 (97.5%) | loss: 3.511388 | lrm: 0.05 | dt: 1021ms | tok/sec: 32,090 | epoch: 1 | remaining: 0s    
step 00862 (97.6%) | loss: 3.522735 | lrm: 0.05 | dt: 1021ms | tok/sec: 32,102 | epoch: 1 | remaining: 0s    
step 00863 (97.7%) | loss: 3.512590 | lrm: 0.05 | dt: 1042ms | tok/sec: 31,461 | epoch: 1 | remaining: 0s    
step 00864 (97.8%) | loss: 3.510161 | lrm: 0.04 | dt: 991ms | tok/sec: 33,060 | epoch: 1 | remaining: 0s    
step 00865 (98.0%) | loss: 3.508191 | lrm: 0.04 | dt: 1008ms | tok/sec: 32,506 | epoch: 1 | remaining: 0s    
step 00866 (98.1%) | loss: 3.512361 | lrm: 0.04 | dt: 1009ms | tok/sec: 32,460 | epoch: 1 | remaining: 0s    
step 00867 (98.2%) | loss: 3.514663 | lrm: 0.04 | dt: 989ms | tok/sec: 33,143 | epoch: 1 | remaining: 0s    
step 00868 (98.3%) | loss: 3.510611 | lrm: 0.03 | dt: 1078ms | tok/sec: 30,403 | epoch: 1 | remaining: 0s    
step 00869 (98.4%) | loss: 3.504247 | lrm: 0.03 | dt: 1007ms | tok/sec: 32,536 | epoch: 1 | remaining: 0s    
step 00870 (98.5%) | loss: 3.504637 | lrm: 0.03 | dt: 994ms | tok/sec: 32,981 | epoch: 1 | remaining: 0s    
step 00871 (98.6%) | loss: 3.506566 | lrm: 0.03 | dt: 1057ms | tok/sec: 30,999 | epoch: 1 | remaining: 0s    
step 00872 (98.8%) | loss: 3.502248 | lrm: 0.02 | dt: 1063ms | tok/sec: 30,829 | epoch: 1 | remaining: 0s    
step 00873 (98.9%) | loss: 3.499285 | lrm: 0.02 | dt: 1005ms | tok/sec: 32,602 | epoch: 1 | remaining: 0s    
step 00874 (99.0%) | loss: 3.492203 | lrm: 0.02 | dt: 1004ms | tok/sec: 32,628 | epoch: 1 | remaining: 0s    
step 00875 (99.1%) | loss: 3.496782 | lrm: 0.02 | dt: 1044ms | tok/sec: 31,390 | epoch: 1 | remaining: 0s    
step 00876 (99.2%) | loss: 3.491888 | lrm: 0.02 | dt: 1007ms | tok/sec: 32,555 | epoch: 1 | remaining: 0s    
step 00877 (99.3%) | loss: 3.497621 | lrm: 0.01 | dt: 1024ms | tok/sec: 32,011 | epoch: 1 | remaining: 0s    
step 00878 (99.4%) | loss: 3.492134 | lrm: 0.01 | dt: 1038ms | tok/sec: 31,571 | epoch: 1 | remaining: 0s    
step 00879 (99.5%) | loss: 3.493935 | lrm: 0.01 | dt: 1023ms | tok/sec: 32,023 | epoch: 1 | remaining: 0s    
step 00880 (99.7%) | loss: 3.492535 | lrm: 0.01 | dt: 1010ms | tok/sec: 32,430 | epoch: 1 | remaining: 0s    
step 00881 (99.8%) | loss: 3.486878 | lrm: 0.00 | dt: 1045ms | tok/sec: 31,362 | epoch: 1 | remaining: 0s    
step 00882 (99.9%) | loss: 3.490648 | lrm: 0.00 | dt: 1034ms | tok/sec: 31,703 | epoch: 1 | remaining: 0s    
Training completed in 918.2s
Starting final eval...
Final eval batch size: 256
Final eval completed in 19.5s
WARNING: val_bpb=0.907332 is outside plausible range [1.0, 10.0]
Baseline results written: /Users/ahmadalzaro/.cache/autoresearch-arabic/baseline_results.json
---
val_bpb:          0.907332
training_seconds: 918.1
total_seconds:    938.7
peak_vram_mb:     19950.1
mfu_percent:      0.00
total_tokens_M:   28.9
num_steps:        883
num_params_M:     5.6
total_eval_nats:  5467876.000000
total_eval_bytes: 8694149
total_valid_tokens: 1567449
depth:            2
