Condition: d3
Data/tokenizer loaded in 0.3s
Time budget: 300s
Gradient accumulation steps: 1
Model compiled in 0.6s

step 00000 (0.0%) | loss: 9.010902 | lrm: 1.00 | dt: 617ms | tok/sec: 53,115 | epoch: 1 | remaining: 300s    
step 00001 (1.1%) | loss: 8.976483 | lrm: 1.00 | dt: 346ms | tok/sec: 94,578 | epoch: 1 | remaining: 300s    
step 00002 (2.3%) | loss: 8.616223 | lrm: 1.00 | dt: 506ms | tok/sec: 64,732 | epoch: 1 | remaining: 299s    
step 00003 (3.4%) | loss: 8.328614 | lrm: 1.00 | dt: 756ms | tok/sec: 43,334 | epoch: 1 | remaining: 298s    
step 00004 (4.5%) | loss: 8.118453 | lrm: 1.00 | dt: 1447ms | tok/sec: 22,650 | epoch: 1 | remaining: 297s    
step 00005 (5.7%) | loss: 7.946135 | lrm: 1.00 | dt: 1755ms | tok/sec: 18,674 | epoch: 1 | remaining: 295s    
step 00006 (6.8%) | loss: 7.812096 | lrm: 1.00 | dt: 676ms | tok/sec: 48,492 | epoch: 1 | remaining: 295s    
step 00007 (8.0%) | loss: 7.705087 | lrm: 1.00 | dt: 744ms | tok/sec: 44,069 | epoch: 1 | remaining: 294s    
step 00008 (9.1%) | loss: 7.623689 | lrm: 1.00 | dt: 1125ms | tok/sec: 29,136 | epoch: 1 | remaining: 293s    
step 00009 (10.2%) | loss: 7.554184 | lrm: 1.00 | dt: 1525ms | tok/sec: 21,490 | epoch: 1 | remaining: 291s    
step 00010 (11.4%) | loss: 7.486875 | lrm: 1.00 | dt: 876ms | tok/sec: 37,400 | epoch: 1 | remaining: 290s    
step 00011 (12.5%) | loss: 7.435276 | lrm: 1.00 | dt: 908ms | tok/sec: 36,096 | epoch: 1 | remaining: 289s    
step 00012 (13.6%) | loss: 7.387715 | lrm: 1.00 | dt: 1166ms | tok/sec: 28,113 | epoch: 1 | remaining: 288s    
step 00013 (14.8%) | loss: 7.352568 | lrm: 1.00 | dt: 1267ms | tok/sec: 25,872 | epoch: 1 | remaining: 287s    
step 00014 (15.9%) | loss: 7.320281 | lrm: 1.00 | dt: 993ms | tok/sec: 33,006 | epoch: 1 | remaining: 286s    
step 00015 (17.0%) | loss: 7.290295 | lrm: 1.00 | dt: 1030ms | tok/sec: 31,816 | epoch: 1 | remaining: 285s    
step 00016 (18.2%) | loss: 7.260476 | lrm: 1.00 | dt: 1071ms | tok/sec: 30,602 | epoch: 1 | remaining: 284s    
step 00017 (19.3%) | loss: 7.233348 | lrm: 1.00 | dt: 1050ms | tok/sec: 31,217 | epoch: 1 | remaining: 283s    
step 00018 (20.5%) | loss: 7.212669 | lrm: 1.00 | dt: 1067ms | tok/sec: 30,711 | epoch: 1 | remaining: 282s    
step 00019 (21.6%) | loss: 7.195579 | lrm: 1.00 | dt: 1083ms | tok/sec: 30,256 | epoch: 1 | remaining: 281s    
step 00020 (22.7%) | loss: 7.176406 | lrm: 1.00 | dt: 1067ms | tok/sec: 30,714 | epoch: 1 | remaining: 280s    
step 00021 (23.9%) | loss: 7.157600 | lrm: 1.00 | dt: 1083ms | tok/sec: 30,258 | epoch: 1 | remaining: 278s    
step 00022 (25.0%) | loss: 7.145439 | lrm: 1.00 | dt: 1068ms | tok/sec: 30,692 | epoch: 1 | remaining: 277s    
step 00023 (26.1%) | loss: 7.138328 | lrm: 1.00 | dt: 1081ms | tok/sec: 30,316 | epoch: 1 | remaining: 276s    
step 00024 (27.3%) | loss: 7.123844 | lrm: 1.00 | dt: 1068ms | tok/sec: 30,673 | epoch: 1 | remaining: 275s    
step 00025 (28.4%) | loss: 7.111592 | lrm: 1.00 | dt: 1062ms | tok/sec: 30,844 | epoch: 1 | remaining: 274s    
step 00026 (29.5%) | loss: 7.094432 | lrm: 1.00 | dt: 1071ms | tok/sec: 30,600 | epoch: 1 | remaining: 273s    
step 00027 (30.7%) | loss: 7.074394 | lrm: 1.00 | dt: 1050ms | tok/sec: 31,213 | epoch: 1 | remaining: 272s    
step 00028 (31.8%) | loss: 7.052252 | lrm: 1.00 | dt: 1100ms | tok/sec: 29,790 | epoch: 1 | remaining: 271s    
step 00029 (33.0%) | loss: 7.031544 | lrm: 1.00 | dt: 1164ms | tok/sec: 28,146 | epoch: 1 | remaining: 270s    
step 00030 (34.1%) | loss: 7.004975 | lrm: 1.00 | dt: 1049ms | tok/sec: 31,240 | epoch: 1 | remaining: 269s    
step 00031 (35.2%) | loss: 6.976396 | lrm: 1.00 | dt: 1110ms | tok/sec: 29,512 | epoch: 1 | remaining: 268s    
step 00032 (36.4%) | loss: 6.949897 | lrm: 1.00 | dt: 1118ms | tok/sec: 29,304 | epoch: 1 | remaining: 267s    
step 00033 (37.5%) | loss: 6.924794 | lrm: 1.00 | dt: 1074ms | tok/sec: 30,502 | epoch: 1 | remaining: 265s    
step 00034 (38.6%) | loss: 6.899511 | lrm: 1.00 | dt: 1059ms | tok/sec: 30,946 | epoch: 1 | remaining: 264s    
step 00035 (39.8%) | loss: 6.875425 | lrm: 1.00 | dt: 1118ms | tok/sec: 29,317 | epoch: 1 | remaining: 263s    
step 00036 (40.9%) | loss: 6.854662 | lrm: 1.00 | dt: 1116ms | tok/sec: 29,371 | epoch: 1 | remaining: 262s    
step 00037 (42.0%) | loss: 6.830203 | lrm: 1.00 | dt: 1067ms | tok/sec: 30,722 | epoch: 1 | remaining: 261s    
step 00038 (43.2%) | loss: 6.815643 | lrm: 1.00 | dt: 1068ms | tok/sec: 30,689 | epoch: 1 | remaining: 260s    
step 00039 (44.3%) | loss: 6.808281 | lrm: 1.00 | dt: 1139ms | tok/sec: 28,775 | epoch: 1 | remaining: 259s    
step 00040 (45.5%) | loss: 6.800233 | lrm: 1.00 | dt: 1117ms | tok/sec: 29,346 | epoch: 1 | remaining: 258s    
step 00041 (46.6%) | loss: 6.776761 | lrm: 1.00 | dt: 1102ms | tok/sec: 29,743 | epoch: 1 | remaining: 257s    
step 00042 (47.7%) | loss: 6.764968 | lrm: 1.00 | dt: 1066ms | tok/sec: 30,739 | epoch: 1 | remaining: 256s    
step 00043 (48.9%) | loss: 6.753412 | lrm: 1.00 | dt: 1093ms | tok/sec: 29,993 | epoch: 1 | remaining: 255s    
step 00044 (50.0%) | loss: 6.738219 | lrm: 1.00 | dt: 1131ms | tok/sec: 28,982 | epoch: 1 | remaining: 253s    
step 00045 (51.1%) | loss: 6.723717 | lrm: 0.98 | dt: 1091ms | tok/sec: 30,040 | epoch: 1 | remaining: 252s    
step 00046 (52.3%) | loss: 6.707688 | lrm: 0.95 | dt: 1078ms | tok/sec: 30,398 | epoch: 1 | remaining: 251s    
step 00047 (53.4%) | loss: 6.689671 | lrm: 0.93 | dt: 1109ms | tok/sec: 29,558 | epoch: 1 | remaining: 250s    
step 00048 (54.5%) | loss: 6.673396 | lrm: 0.91 | dt: 1140ms | tok/sec: 28,744 | epoch: 1 | remaining: 249s    
step 00049 (55.7%) | loss: 6.661796 | lrm: 0.89 | dt: 1077ms | tok/sec: 30,414 | epoch: 1 | remaining: 248s    
step 00050 (56.8%) | loss: 6.646824 | lrm: 0.86 | dt: 1124ms | tok/sec: 29,146 | epoch: 1 | remaining: 247s    
step 00051 (58.0%) | loss: 6.632875 | lrm: 0.84 | dt: 1090ms | tok/sec: 30,052 | epoch: 1 | remaining: 246s    
step 00052 (59.1%) | loss: 6.609840 | lrm: 0.82 | dt: 1135ms | tok/sec: 28,876 | epoch: 1 | remaining: 245s    
step 00053 (60.2%) | loss: 6.594660 | lrm: 0.80 | dt: 1114ms | tok/sec: 29,405 | epoch: 1 | remaining: 243s    
step 00054 (61.4%) | loss: 6.576629 | lrm: 0.77 | dt: 1077ms | tok/sec: 30,417 | epoch: 1 | remaining: 242s    
step 00055 (62.5%) | loss: 6.565143 | lrm: 0.75 | dt: 1125ms | tok/sec: 29,131 | epoch: 1 | remaining: 241s    
step 00056 (63.6%) | loss: 6.551556 | lrm: 0.73 | dt: 1081ms | tok/sec: 30,302 | epoch: 1 | remaining: 240s    
step 00057 (64.8%) | loss: 6.534029 | lrm: 0.70 | dt: 1095ms | tok/sec: 29,938 | epoch: 1 | remaining: 239s    
step 00058 (65.9%) | loss: 6.515261 | lrm: 0.68 | dt: 1099ms | tok/sec: 29,817 | epoch: 1 | remaining: 238s    
step 00059 (67.0%) | loss: 6.505276 | lrm: 0.66 | dt: 1117ms | tok/sec: 29,340 | epoch: 1 | remaining: 237s    
step 00060 (68.2%) | loss: 6.489289 | lrm: 0.64 | dt: 1084ms | tok/sec: 30,220 | epoch: 1 | remaining: 236s    
step 00061 (69.3%) | loss: 6.478996 | lrm: 0.61 | dt: 1112ms | tok/sec: 29,464 | epoch: 1 | remaining: 235s    
step 00062 (70.5%) | loss: 6.462766 | lrm: 0.59 | dt: 1078ms | tok/sec: 30,395 | epoch: 1 | remaining: 234s    
step 00063 (71.6%) | loss: 6.448172 | lrm: 0.57 | dt: 1117ms | tok/sec: 29,335 | epoch: 1 | remaining: 232s    
step 00064 (72.7%) | loss: 6.436562 | lrm: 0.55 | dt: 1091ms | tok/sec: 30,028 | epoch: 1 | remaining: 231s    
step 00065 (73.9%) | loss: 6.420387 | lrm: 0.52 | dt: 1075ms | tok/sec: 30,483 | epoch: 1 | remaining: 230s    
step 00066 (75.0%) | loss: 6.408997 | lrm: 0.50 | dt: 1100ms | tok/sec: 29,790 | epoch: 1 | remaining: 229s    
step 00067 (76.1%) | loss: 6.392907 | lrm: 0.48 | dt: 1124ms | tok/sec: 29,164 | epoch: 1 | remaining: 228s    
step 00068 (77.3%) | loss: 6.385990 | lrm: 0.45 | dt: 1085ms | tok/sec: 30,208 | epoch: 1 | remaining: 227s    
step 00069 (78.4%) | loss: 6.372582 | lrm: 0.43 | dt: 1115ms | tok/sec: 29,380 | epoch: 1 | remaining: 226s    
step 00070 (79.5%) | loss: 6.360201 | lrm: 0.41 | dt: 1126ms | tok/sec: 29,102 | epoch: 1 | remaining: 225s    
step 00071 (80.7%) | loss: 6.349408 | lrm: 0.39 | dt: 1067ms | tok/sec: 30,712 | epoch: 1 | remaining: 224s    
step 00072 (81.8%) | loss: 6.335892 | lrm: 0.36 | dt: 1139ms | tok/sec: 28,760 | epoch: 1 | remaining: 223s    
step 00073 (83.0%) | loss: 6.323339 | lrm: 0.34 | dt: 1094ms | tok/sec: 29,954 | epoch: 1 | remaining: 221s    
step 00074 (84.1%) | loss: 6.312684 | lrm: 0.32 | dt: 1092ms | tok/sec: 30,018 | epoch: 1 | remaining: 220s    
step 00075 (85.2%) | loss: 6.303825 | lrm: 0.30 | dt: 1076ms | tok/sec: 30,439 | epoch: 1 | remaining: 219s    
step 00076 (86.4%) | loss: 6.299208 | lrm: 0.27 | dt: 1074ms | tok/sec: 30,520 | epoch: 1 | remaining: 218s    
step 00077 (87.5%) | loss: 6.292059 | lrm: 0.25 | dt: 1124ms | tok/sec: 29,153 | epoch: 1 | remaining: 217s    
step 00078 (88.6%) | loss: 6.291043 | lrm: 0.23 | dt: 1068ms | tok/sec: 30,683 | epoch: 1 | remaining: 216s    
step 00079 (89.8%) | loss: 6.285086 | lrm: 0.20 | dt: 1075ms | tok/sec: 30,488 | epoch: 1 | remaining: 215s    
step 00080 (90.9%) | loss: 6.286685 | lrm: 0.18 | dt: 1072ms | tok/sec: 30,553 | epoch: 1 | remaining: 214s    
step 00081 (92.0%) | loss: 6.276070 | lrm: 0.16 | dt: 1145ms | tok/sec: 28,617 | epoch: 1 | remaining: 213s    
step 00082 (93.2%) | loss: 6.271619 | lrm: 0.14 | dt: 1079ms | tok/sec: 30,376 | epoch: 1 | remaining: 212s    
step 00083 (94.3%) | loss: 6.271746 | lrm: 0.11 | dt: 1095ms | tok/sec: 29,922 | epoch: 1 | remaining: 211s    
step 00084 (95.5%) | loss: 6.258493 | lrm: 0.09 | dt: 1105ms | tok/sec: 29,644 | epoch: 1 | remaining: 209s    
step 00085 (96.6%) | loss: 6.251908 | lrm: 0.07 | dt: 1112ms | tok/sec: 29,468 | epoch: 1 | remaining: 208s    
step 00086 (97.7%) | loss: 6.242635 | lrm: 0.05 | dt: 1083ms | tok/sec: 30,265 | epoch: 1 | remaining: 207s    
step 00087 (98.9%) | loss: 6.238775 | lrm: 0.02 | dt: 1142ms | tok/sec: 28,701 | epoch: 1 | remaining: 206s    
Training completed in 94.0s
Starting final eval...
Final eval batch size: 256
Final eval completed in 22.0s
Baseline results written: /Users/ahmadalzaro/.cache/autoresearch-arabic/baseline_results.json
---
val_bpb:          1.602246
training_seconds: 93.9
total_seconds:    116.9
peak_vram_mb:     19950.1
mfu_percent:      0.00
total_tokens_M:   2.9
num_steps:        88
num_params_M:     5.6
total_eval_nats:  9655655.000000
total_eval_bytes: 8694149
total_valid_tokens: 1567449
depth:            2
