Condition: d3
Data/tokenizer loaded in 0.4s
Time budget: 300s
Gradient accumulation steps: 1
Model compiled in 0.6s

step 00000 (0.0%) | loss: 9.011121 | lrm: 1.00 | dt: 631ms | tok/sec: 51,896 | epoch: 1 | remaining: 300s    
step 00001 (1.1%) | loss: 9.023872 | lrm: 1.00 | dt: 352ms | tok/sec: 93,142 | epoch: 1 | remaining: 300s    
step 00002 (2.3%) | loss: 8.655471 | lrm: 1.00 | dt: 523ms | tok/sec: 62,669 | epoch: 1 | remaining: 299s    
step 00003 (3.4%) | loss: 8.358380 | lrm: 1.00 | dt: 681ms | tok/sec: 48,107 | epoch: 1 | remaining: 298s    
step 00004 (4.5%) | loss: 8.147475 | lrm: 1.00 | dt: 1945ms | tok/sec: 16,847 | epoch: 1 | remaining: 296s    
step 00005 (5.7%) | loss: 7.972459 | lrm: 1.00 | dt: 1485ms | tok/sec: 22,069 | epoch: 1 | remaining: 295s    
step 00006 (6.8%) | loss: 7.841653 | lrm: 1.00 | dt: 718ms | tok/sec: 45,616 | epoch: 1 | remaining: 294s    
step 00007 (8.0%) | loss: 7.736399 | lrm: 1.00 | dt: 837ms | tok/sec: 39,142 | epoch: 1 | remaining: 293s    
step 00008 (9.1%) | loss: 7.656579 | lrm: 1.00 | dt: 1353ms | tok/sec: 24,216 | epoch: 1 | remaining: 292s    
step 00009 (10.2%) | loss: 7.594146 | lrm: 1.00 | dt: 1299ms | tok/sec: 25,221 | epoch: 1 | remaining: 291s    
step 00010 (11.4%) | loss: 7.525689 | lrm: 1.00 | dt: 880ms | tok/sec: 37,239 | epoch: 1 | remaining: 290s    
step 00011 (12.5%) | loss: 7.477215 | lrm: 1.00 | dt: 835ms | tok/sec: 39,238 | epoch: 1 | remaining: 289s    
step 00012 (13.6%) | loss: 7.432507 | lrm: 1.00 | dt: 1026ms | tok/sec: 31,928 | epoch: 1 | remaining: 288s    
step 00013 (14.8%) | loss: 7.398162 | lrm: 1.00 | dt: 1325ms | tok/sec: 24,727 | epoch: 1 | remaining: 287s    
step 00014 (15.9%) | loss: 7.372344 | lrm: 1.00 | dt: 1072ms | tok/sec: 30,579 | epoch: 1 | remaining: 286s    
step 00015 (17.0%) | loss: 7.345534 | lrm: 1.00 | dt: 862ms | tok/sec: 37,995 | epoch: 1 | remaining: 285s    
step 00016 (18.2%) | loss: 7.317200 | lrm: 1.00 | dt: 929ms | tok/sec: 35,254 | epoch: 1 | remaining: 284s    
step 00017 (19.3%) | loss: 7.292473 | lrm: 1.00 | dt: 1169ms | tok/sec: 28,019 | epoch: 1 | remaining: 283s    
step 00018 (20.5%) | loss: 7.273538 | lrm: 1.00 | dt: 1092ms | tok/sec: 29,993 | epoch: 1 | remaining: 282s    
step 00019 (21.6%) | loss: 7.258444 | lrm: 1.00 | dt: 957ms | tok/sec: 34,239 | epoch: 1 | remaining: 281s    
step 00020 (22.7%) | loss: 7.241525 | lrm: 1.00 | dt: 1107ms | tok/sec: 29,610 | epoch: 1 | remaining: 280s    
step 00021 (23.9%) | loss: 7.224122 | lrm: 1.00 | dt: 1177ms | tok/sec: 27,850 | epoch: 1 | remaining: 278s    
step 00022 (25.0%) | loss: 7.210418 | lrm: 1.00 | dt: 1042ms | tok/sec: 31,454 | epoch: 1 | remaining: 277s    
step 00023 (26.1%) | loss: 7.203541 | lrm: 1.00 | dt: 1091ms | tok/sec: 30,026 | epoch: 1 | remaining: 276s    
step 00024 (27.3%) | loss: 7.186447 | lrm: 1.00 | dt: 1056ms | tok/sec: 31,042 | epoch: 1 | remaining: 275s    
step 00025 (28.4%) | loss: 7.173449 | lrm: 1.00 | dt: 1104ms | tok/sec: 29,675 | epoch: 1 | remaining: 274s    
step 00026 (29.5%) | loss: 7.157260 | lrm: 1.00 | dt: 1090ms | tok/sec: 30,052 | epoch: 1 | remaining: 273s    
step 00027 (30.7%) | loss: 7.136968 | lrm: 1.00 | dt: 1056ms | tok/sec: 31,028 | epoch: 1 | remaining: 272s    
step 00028 (31.8%) | loss: 7.120701 | lrm: 1.00 | dt: 1083ms | tok/sec: 30,255 | epoch: 1 | remaining: 271s    
step 00029 (33.0%) | loss: 7.103494 | lrm: 1.00 | dt: 1077ms | tok/sec: 30,432 | epoch: 1 | remaining: 270s    
step 00030 (34.1%) | loss: 7.083711 | lrm: 1.00 | dt: 1013ms | tok/sec: 32,334 | epoch: 1 | remaining: 269s    
step 00031 (35.2%) | loss: 7.061918 | lrm: 1.00 | dt: 1145ms | tok/sec: 28,613 | epoch: 1 | remaining: 268s    
step 00032 (36.4%) | loss: 7.044877 | lrm: 1.00 | dt: 1059ms | tok/sec: 30,952 | epoch: 1 | remaining: 267s    
step 00033 (37.5%) | loss: 7.028890 | lrm: 1.00 | dt: 1122ms | tok/sec: 29,213 | epoch: 1 | remaining: 265s    
step 00034 (38.6%) | loss: 7.014378 | lrm: 1.00 | dt: 1086ms | tok/sec: 30,167 | epoch: 1 | remaining: 264s    
step 00035 (39.8%) | loss: 6.998590 | lrm: 1.00 | dt: 1025ms | tok/sec: 31,963 | epoch: 1 | remaining: 263s    
step 00036 (40.9%) | loss: 6.986002 | lrm: 1.00 | dt: 1101ms | tok/sec: 29,757 | epoch: 1 | remaining: 262s    
step 00037 (42.0%) | loss: 6.966569 | lrm: 1.00 | dt: 1166ms | tok/sec: 28,109 | epoch: 1 | remaining: 261s    
step 00038 (43.2%) | loss: 6.949657 | lrm: 1.00 | dt: 1041ms | tok/sec: 31,473 | epoch: 1 | remaining: 260s    
step 00039 (44.3%) | loss: 6.942478 | lrm: 1.00 | dt: 1060ms | tok/sec: 30,923 | epoch: 1 | remaining: 259s    
step 00040 (45.5%) | loss: 6.926870 | lrm: 1.00 | dt: 1104ms | tok/sec: 29,676 | epoch: 1 | remaining: 258s    
step 00041 (46.6%) | loss: 6.910216 | lrm: 1.00 | dt: 1084ms | tok/sec: 30,221 | epoch: 1 | remaining: 257s    
step 00042 (47.7%) | loss: 6.895153 | lrm: 1.00 | dt: 1050ms | tok/sec: 31,212 | epoch: 1 | remaining: 256s    
step 00043 (48.9%) | loss: 6.882938 | lrm: 1.00 | dt: 1084ms | tok/sec: 30,221 | epoch: 1 | remaining: 255s    
step 00044 (50.0%) | loss: 6.865006 | lrm: 1.00 | dt: 1084ms | tok/sec: 30,217 | epoch: 1 | remaining: 254s    
step 00045 (51.1%) | loss: 6.847449 | lrm: 0.98 | dt: 1046ms | tok/sec: 31,312 | epoch: 1 | remaining: 253s    
step 00046 (52.3%) | loss: 6.828275 | lrm: 0.95 | dt: 1062ms | tok/sec: 30,865 | epoch: 1 | remaining: 251s    
step 00047 (53.4%) | loss: 6.806909 | lrm: 0.93 | dt: 1083ms | tok/sec: 30,250 | epoch: 1 | remaining: 250s    
step 00048 (54.5%) | loss: 6.785676 | lrm: 0.91 | dt: 1059ms | tok/sec: 30,948 | epoch: 1 | remaining: 249s    
step 00049 (55.7%) | loss: 6.769049 | lrm: 0.89 | dt: 1074ms | tok/sec: 30,498 | epoch: 1 | remaining: 248s    
step 00050 (56.8%) | loss: 6.750462 | lrm: 0.86 | dt: 1075ms | tok/sec: 30,482 | epoch: 1 | remaining: 247s    
step 00051 (58.0%) | loss: 6.731732 | lrm: 0.84 | dt: 1084ms | tok/sec: 30,238 | epoch: 1 | remaining: 246s    
step 00052 (59.1%) | loss: 6.704310 | lrm: 0.82 | dt: 1058ms | tok/sec: 30,972 | epoch: 1 | remaining: 245s    
step 00053 (60.2%) | loss: 6.682757 | lrm: 0.80 | dt: 1030ms | tok/sec: 31,801 | epoch: 1 | remaining: 244s    
step 00054 (61.4%) | loss: 6.659214 | lrm: 0.77 | dt: 1144ms | tok/sec: 28,632 | epoch: 1 | remaining: 243s    
step 00055 (62.5%) | loss: 6.640644 | lrm: 0.75 | dt: 1092ms | tok/sec: 29,997 | epoch: 1 | remaining: 242s    
step 00056 (63.6%) | loss: 6.621058 | lrm: 0.73 | dt: 1058ms | tok/sec: 30,985 | epoch: 1 | remaining: 241s    
step 00057 (64.8%) | loss: 6.597597 | lrm: 0.70 | dt: 1058ms | tok/sec: 30,962 | epoch: 1 | remaining: 240s    
step 00058 (65.9%) | loss: 6.575447 | lrm: 0.68 | dt: 1056ms | tok/sec: 31,040 | epoch: 1 | remaining: 239s    
step 00059 (67.0%) | loss: 6.558532 | lrm: 0.66 | dt: 1067ms | tok/sec: 30,709 | epoch: 1 | remaining: 238s    
step 00060 (68.2%) | loss: 6.536642 | lrm: 0.64 | dt: 1120ms | tok/sec: 29,252 | epoch: 1 | remaining: 236s    
step 00061 (69.3%) | loss: 6.519263 | lrm: 0.61 | dt: 1058ms | tok/sec: 30,981 | epoch: 1 | remaining: 235s    
step 00062 (70.5%) | loss: 6.495586 | lrm: 0.59 | dt: 1049ms | tok/sec: 31,231 | epoch: 1 | remaining: 234s    
step 00063 (71.6%) | loss: 6.473621 | lrm: 0.57 | dt: 1050ms | tok/sec: 31,199 | epoch: 1 | remaining: 233s    
step 00064 (72.7%) | loss: 6.453533 | lrm: 0.55 | dt: 1125ms | tok/sec: 29,117 | epoch: 1 | remaining: 232s    
step 00065 (73.9%) | loss: 6.428529 | lrm: 0.52 | dt: 1091ms | tok/sec: 30,041 | epoch: 1 | remaining: 231s    
step 00066 (75.0%) | loss: 6.407480 | lrm: 0.50 | dt: 1060ms | tok/sec: 30,920 | epoch: 1 | remaining: 230s    
step 00067 (76.1%) | loss: 6.381730 | lrm: 0.48 | dt: 1032ms | tok/sec: 31,764 | epoch: 1 | remaining: 229s    
step 00068 (77.3%) | loss: 6.367145 | lrm: 0.45 | dt: 1035ms | tok/sec: 31,664 | epoch: 1 | remaining: 228s    
step 00069 (78.4%) | loss: 6.344405 | lrm: 0.43 | dt: 1064ms | tok/sec: 30,800 | epoch: 1 | remaining: 227s    
step 00070 (79.5%) | loss: 6.321408 | lrm: 0.41 | dt: 1053ms | tok/sec: 31,126 | epoch: 1 | remaining: 226s    
step 00071 (80.7%) | loss: 6.298884 | lrm: 0.39 | dt: 1056ms | tok/sec: 31,019 | epoch: 1 | remaining: 225s    
step 00072 (81.8%) | loss: 6.274110 | lrm: 0.36 | dt: 1051ms | tok/sec: 31,186 | epoch: 1 | remaining: 224s    
step 00073 (83.0%) | loss: 6.249592 | lrm: 0.34 | dt: 1058ms | tok/sec: 30,958 | epoch: 1 | remaining: 223s    
step 00074 (84.1%) | loss: 6.227032 | lrm: 0.32 | dt: 1023ms | tok/sec: 32,043 | epoch: 1 | remaining: 222s    
step 00075 (85.2%) | loss: 6.207714 | lrm: 0.30 | dt: 999ms | tok/sec: 32,794 | epoch: 1 | remaining: 221s    
step 00076 (86.4%) | loss: 6.193464 | lrm: 0.27 | dt: 1053ms | tok/sec: 31,120 | epoch: 1 | remaining: 220s    
step 00077 (87.5%) | loss: 6.176820 | lrm: 0.25 | dt: 1075ms | tok/sec: 30,483 | epoch: 1 | remaining: 218s    
step 00078 (88.6%) | loss: 6.168255 | lrm: 0.23 | dt: 1064ms | tok/sec: 30,790 | epoch: 1 | remaining: 217s    
step 00079 (89.8%) | loss: 6.154532 | lrm: 0.20 | dt: 1070ms | tok/sec: 30,636 | epoch: 1 | remaining: 216s    
step 00080 (90.9%) | loss: 6.148147 | lrm: 0.18 | dt: 1095ms | tok/sec: 29,915 | epoch: 1 | remaining: 215s    
step 00081 (92.0%) | loss: 6.129745 | lrm: 0.16 | dt: 1062ms | tok/sec: 30,845 | epoch: 1 | remaining: 214s    
step 00082 (93.2%) | loss: 6.118360 | lrm: 0.14 | dt: 1058ms | tok/sec: 30,981 | epoch: 1 | remaining: 213s    
step 00083 (94.3%) | loss: 6.113086 | lrm: 0.11 | dt: 1059ms | tok/sec: 30,944 | epoch: 1 | remaining: 212s    
step 00084 (95.5%) | loss: 6.091595 | lrm: 0.09 | dt: 1068ms | tok/sec: 30,688 | epoch: 1 | remaining: 211s    
step 00085 (96.6%) | loss: 6.079679 | lrm: 0.07 | dt: 1048ms | tok/sec: 31,261 | epoch: 1 | remaining: 210s    
step 00086 (97.7%) | loss: 6.064459 | lrm: 0.05 | dt: 1067ms | tok/sec: 30,696 | epoch: 1 | remaining: 209s    
step 00087 (98.9%) | loss: 6.057218 | lrm: 0.02 | dt: 1064ms | tok/sec: 30,802 | epoch: 1 | remaining: 208s    
Training completed in 92.2s
Starting final eval...
Final eval batch size: 256
Final eval completed in 20.3s
Baseline results written: /Users/ahmadalzaro/.cache/autoresearch-arabic/baseline_results.json
---
val_bpb:          1.542459
training_seconds: 92.2
total_seconds:    113.5
peak_vram_mb:     19950.1
mfu_percent:      0.00
total_tokens_M:   2.9
num_steps:        88
num_params_M:     5.6
total_eval_nats:  9295357.000000
total_eval_bytes: 8694149
total_valid_tokens: 1567449
depth:            2
