Condition: d3
Data/tokenizer loaded in 0.3s
Time budget: 300s
Gradient accumulation steps: 1
Model compiled in 0.7s

step 00000 (0.0%) | loss: 9.010902 | lrm: 1.00 | dt: 667ms | tok/sec: 49,149 | epoch: 1 | remaining: 300s    
step 00001 (0.1%) | loss: 8.976482 | lrm: 1.00 | dt: 375ms | tok/sec: 87,325 | epoch: 1 | remaining: 300s    
step 00002 (0.2%) | loss: 8.616237 | lrm: 1.00 | dt: 505ms | tok/sec: 64,943 | epoch: 1 | remaining: 299s    
step 00003 (0.3%) | loss: 8.328536 | lrm: 1.00 | dt: 1358ms | tok/sec: 24,130 | epoch: 1 | remaining: 298s    
step 00004 (0.5%) | loss: 8.118281 | lrm: 1.00 | dt: 1791ms | tok/sec: 18,296 | epoch: 1 | remaining: 296s    
step 00005 (0.6%) | loss: 7.945978 | lrm: 1.00 | dt: 713ms | tok/sec: 45,978 | epoch: 1 | remaining: 295s    
step 00006 (0.7%) | loss: 7.811731 | lrm: 1.00 | dt: 719ms | tok/sec: 45,548 | epoch: 1 | remaining: 295s    
step 00007 (0.8%) | loss: 7.700288 | lrm: 1.00 | dt: 961ms | tok/sec: 34,110 | epoch: 1 | remaining: 294s    
step 00008 (0.9%) | loss: 7.614464 | lrm: 1.00 | dt: 1407ms | tok/sec: 23,286 | epoch: 1 | remaining: 292s    
step 00009 (1.0%) | loss: 7.545173 | lrm: 1.00 | dt: 1064ms | tok/sec: 30,783 | epoch: 1 | remaining: 291s    
step 00010 (1.1%) | loss: 7.473912 | lrm: 1.00 | dt: 818ms | tok/sec: 40,039 | epoch: 1 | remaining: 290s    
step 00011 (1.2%) | loss: 7.424655 | lrm: 1.00 | dt: 926ms | tok/sec: 35,381 | epoch: 1 | remaining: 289s    
step 00012 (1.4%) | loss: 7.378267 | lrm: 1.00 | dt: 1284ms | tok/sec: 25,517 | epoch: 1 | remaining: 288s    
step 00013 (1.5%) | loss: 7.342758 | lrm: 1.00 | dt: 1150ms | tok/sec: 28,490 | epoch: 1 | remaining: 287s    
step 00014 (1.6%) | loss: 7.311270 | lrm: 1.00 | dt: 895ms | tok/sec: 36,605 | epoch: 1 | remaining: 286s    
step 00015 (1.7%) | loss: 7.280479 | lrm: 1.00 | dt: 1012ms | tok/sec: 32,365 | epoch: 1 | remaining: 285s    
step 00016 (1.8%) | loss: 7.246628 | lrm: 1.00 | dt: 1224ms | tok/sec: 26,776 | epoch: 1 | remaining: 284s    
step 00017 (1.9%) | loss: 7.215822 | lrm: 1.00 | dt: 990ms | tok/sec: 33,094 | epoch: 1 | remaining: 283s    
step 00018 (2.0%) | loss: 7.194050 | lrm: 1.00 | dt: 1028ms | tok/sec: 31,865 | epoch: 1 | remaining: 282s    
step 00019 (2.2%) | loss: 7.188910 | lrm: 1.00 | dt: 1149ms | tok/sec: 28,523 | epoch: 1 | remaining: 281s    
step 00020 (2.3%) | loss: 7.165240 | lrm: 1.00 | dt: 1050ms | tok/sec: 31,214 | epoch: 1 | remaining: 280s    
step 00021 (2.4%) | loss: 7.139855 | lrm: 1.00 | dt: 1023ms | tok/sec: 32,029 | epoch: 1 | remaining: 279s    
step 00022 (2.5%) | loss: 7.118341 | lrm: 1.00 | dt: 1052ms | tok/sec: 31,151 | epoch: 1 | remaining: 278s    
step 00023 (2.6%) | loss: 7.105976 | lrm: 1.00 | dt: 1067ms | tok/sec: 30,721 | epoch: 1 | remaining: 276s    
step 00024 (2.7%) | loss: 7.084651 | lrm: 1.00 | dt: 1030ms | tok/sec: 31,818 | epoch: 1 | remaining: 275s    
step 00025 (2.8%) | loss: 7.071338 | lrm: 1.00 | dt: 1001ms | tok/sec: 32,719 | epoch: 1 | remaining: 274s    
step 00026 (2.9%) | loss: 7.053323 | lrm: 1.00 | dt: 1053ms | tok/sec: 31,117 | epoch: 1 | remaining: 273s    
step 00027 (3.1%) | loss: 7.029791 | lrm: 1.00 | dt: 1155ms | tok/sec: 28,367 | epoch: 1 | remaining: 272s    
step 00028 (3.2%) | loss: 7.010335 | lrm: 1.00 | dt: 1010ms | tok/sec: 32,432 | epoch: 1 | remaining: 271s    
step 00029 (3.3%) | loss: 6.994745 | lrm: 1.00 | dt: 1083ms | tok/sec: 30,248 | epoch: 1 | remaining: 270s    
step 00030 (3.4%) | loss: 6.977990 | lrm: 1.00 | dt: 1042ms | tok/sec: 31,452 | epoch: 1 | remaining: 269s    
step 00031 (3.5%) | loss: 6.959531 | lrm: 1.00 | dt: 1047ms | tok/sec: 31,297 | epoch: 1 | remaining: 268s    
step 00032 (3.6%) | loss: 6.946657 | lrm: 1.00 | dt: 1059ms | tok/sec: 30,938 | epoch: 1 | remaining: 267s    
step 00033 (3.7%) | loss: 6.931617 | lrm: 1.00 | dt: 1053ms | tok/sec: 31,118 | epoch: 1 | remaining: 266s    
step 00034 (3.9%) | loss: 6.919753 | lrm: 1.00 | dt: 1024ms | tok/sec: 32,004 | epoch: 1 | remaining: 265s    
step 00035 (4.0%) | loss: 6.903674 | lrm: 1.00 | dt: 1051ms | tok/sec: 31,170 | epoch: 1 | remaining: 264s    
step 00036 (4.1%) | loss: 6.890348 | lrm: 1.00 | dt: 1029ms | tok/sec: 31,846 | epoch: 1 | remaining: 263s    
step 00037 (4.2%) | loss: 6.867746 | lrm: 1.00 | dt: 1078ms | tok/sec: 30,396 | epoch: 1 | remaining: 262s    
step 00038 (4.3%) | loss: 6.845761 | lrm: 1.00 | dt: 1022ms | tok/sec: 32,048 | epoch: 1 | remaining: 261s    
step 00039 (4.4%) | loss: 6.829873 | lrm: 1.00 | dt: 1052ms | tok/sec: 31,140 | epoch: 1 | remaining: 260s    
step 00040 (4.5%) | loss: 6.806394 | lrm: 1.00 | dt: 1058ms | tok/sec: 30,979 | epoch: 1 | remaining: 259s    
step 00041 (4.6%) | loss: 6.781206 | lrm: 1.00 | dt: 1000ms | tok/sec: 32,771 | epoch: 1 | remaining: 258s    
step 00042 (4.8%) | loss: 6.762450 | lrm: 1.00 | dt: 1059ms | tok/sec: 30,955 | epoch: 1 | remaining: 257s    
step 00043 (4.9%) | loss: 6.750053 | lrm: 1.00 | dt: 1033ms | tok/sec: 31,720 | epoch: 1 | remaining: 255s    
step 00044 (5.0%) | loss: 6.726476 | lrm: 1.00 | dt: 1034ms | tok/sec: 31,704 | epoch: 1 | remaining: 254s    
step 00045 (5.1%) | loss: 6.703588 | lrm: 1.00 | dt: 1006ms | tok/sec: 32,580 | epoch: 1 | remaining: 253s    
step 00046 (5.2%) | loss: 6.681060 | lrm: 1.00 | dt: 1003ms | tok/sec: 32,679 | epoch: 1 | remaining: 252s    
step 00047 (5.3%) | loss: 6.655660 | lrm: 1.00 | dt: 1008ms | tok/sec: 32,494 | epoch: 1 | remaining: 251s    
step 00048 (5.4%) | loss: 6.631719 | lrm: 1.00 | dt: 1016ms | tok/sec: 32,241 | epoch: 1 | remaining: 250s    
step 00049 (5.5%) | loss: 6.611291 | lrm: 1.00 | dt: 1015ms | tok/sec: 32,284 | epoch: 1 | remaining: 249s    
step 00050 (5.7%) | loss: 6.589161 | lrm: 1.00 | dt: 1035ms | tok/sec: 31,653 | epoch: 1 | remaining: 248s    
step 00051 (5.8%) | loss: 6.569358 | lrm: 1.00 | dt: 1017ms | tok/sec: 32,235 | epoch: 1 | remaining: 247s    
step 00052 (5.9%) | loss: 6.539309 | lrm: 1.00 | dt: 1008ms | tok/sec: 32,497 | epoch: 1 | remaining: 246s    
step 00053 (6.0%) | loss: 6.518470 | lrm: 1.00 | dt: 1017ms | tok/sec: 32,219 | epoch: 1 | remaining: 245s    
step 00054 (6.1%) | loss: 6.496193 | lrm: 1.00 | dt: 1033ms | tok/sec: 31,731 | epoch: 1 | remaining: 244s    
step 00055 (6.2%) | loss: 6.484370 | lrm: 1.00 | dt: 1058ms | tok/sec: 30,960 | epoch: 1 | remaining: 243s    
step 00056 (6.3%) | loss: 6.482652 | lrm: 1.00 | dt: 1023ms | tok/sec: 32,039 | epoch: 1 | remaining: 242s    
step 00057 (6.5%) | loss: 6.481106 | lrm: 1.00 | dt: 1027ms | tok/sec: 31,900 | epoch: 1 | remaining: 241s    
step 00058 (6.6%) | loss: 6.462071 | lrm: 1.00 | dt: 985ms | tok/sec: 33,273 | epoch: 1 | remaining: 240s    
step 00059 (6.7%) | loss: 6.452258 | lrm: 1.00 | dt: 1131ms | tok/sec: 28,966 | epoch: 1 | remaining: 239s    
step 00060 (6.8%) | loss: 6.436146 | lrm: 1.00 | dt: 1078ms | tok/sec: 30,409 | epoch: 1 | remaining: 238s    
step 00061 (6.9%) | loss: 6.423906 | lrm: 1.00 | dt: 1038ms | tok/sec: 31,582 | epoch: 1 | remaining: 237s    
step 00062 (7.0%) | loss: 6.418438 | lrm: 1.00 | dt: 995ms | tok/sec: 32,931 | epoch: 1 | remaining: 236s    
step 00063 (7.1%) | loss: 6.416911 | lrm: 1.00 | dt: 1041ms | tok/sec: 31,465 | epoch: 1 | remaining: 235s    
step 00064 (7.2%) | loss: 6.397574 | lrm: 1.00 | dt: 1058ms | tok/sec: 30,975 | epoch: 1 | remaining: 234s    
step 00065 (7.4%) | loss: 6.379381 | lrm: 1.00 | dt: 1017ms | tok/sec: 32,235 | epoch: 1 | remaining: 233s    
step 00066 (7.5%) | loss: 6.359106 | lrm: 1.00 | dt: 1034ms | tok/sec: 31,702 | epoch: 1 | remaining: 232s    
step 00067 (7.6%) | loss: 6.336686 | lrm: 1.00 | dt: 991ms | tok/sec: 33,077 | epoch: 1 | remaining: 231s    
step 00068 (7.7%) | loss: 6.323198 | lrm: 1.00 | dt: 1050ms | tok/sec: 31,205 | epoch: 1 | remaining: 230s    
step 00069 (7.8%) | loss: 6.301319 | lrm: 1.00 | dt: 1041ms | tok/sec: 31,481 | epoch: 1 | remaining: 229s    
step 00070 (7.9%) | loss: 6.277294 | lrm: 1.00 | dt: 1103ms | tok/sec: 29,718 | epoch: 1 | remaining: 228s    
step 00071 (8.0%) | loss: 6.256409 | lrm: 1.00 | dt: 1033ms | tok/sec: 31,720 | epoch: 1 | remaining: 227s    
step 00072 (8.2%) | loss: 6.231383 | lrm: 1.00 | dt: 1076ms | tok/sec: 30,465 | epoch: 1 | remaining: 226s    
step 00073 (8.3%) | loss: 6.205545 | lrm: 1.00 | dt: 975ms | tok/sec: 33,622 | epoch: 1 | remaining: 225s    
step 00074 (8.4%) | loss: 6.181359 | lrm: 1.00 | dt: 1047ms | tok/sec: 31,308 | epoch: 1 | remaining: 224s    
step 00075 (8.5%) | loss: 6.158345 | lrm: 1.00 | dt: 1112ms | tok/sec: 29,470 | epoch: 1 | remaining: 222s    
step 00076 (8.6%) | loss: 6.143660 | lrm: 1.00 | dt: 1025ms | tok/sec: 31,978 | epoch: 1 | remaining: 221s    
step 00077 (8.7%) | loss: 6.128379 | lrm: 1.00 | dt: 1047ms | tok/sec: 31,283 | epoch: 1 | remaining: 220s    
step 00078 (8.8%) | loss: 6.122938 | lrm: 1.00 | dt: 1003ms | tok/sec: 32,685 | epoch: 1 | remaining: 219s    
step 00079 (8.9%) | loss: 6.105139 | lrm: 1.00 | dt: 1043ms | tok/sec: 31,428 | epoch: 1 | remaining: 218s    
step 00080 (9.1%) | loss: 6.098002 | lrm: 1.00 | dt: 1074ms | tok/sec: 30,517 | epoch: 1 | remaining: 217s    
step 00081 (9.2%) | loss: 6.074623 | lrm: 1.00 | dt: 1041ms | tok/sec: 31,472 | epoch: 1 | remaining: 216s    
step 00082 (9.3%) | loss: 6.056610 | lrm: 1.00 | dt: 1031ms | tok/sec: 31,791 | epoch: 1 | remaining: 215s    
step 00083 (9.4%) | loss: 6.045389 | lrm: 1.00 | dt: 1029ms | tok/sec: 31,836 | epoch: 1 | remaining: 214s    
step 00084 (9.5%) | loss: 6.016527 | lrm: 1.00 | dt: 1054ms | tok/sec: 31,083 | epoch: 1 | remaining: 213s    
step 00085 (9.6%) | loss: 5.997247 | lrm: 1.00 | dt: 1053ms | tok/sec: 31,129 | epoch: 1 | remaining: 212s    
step 00086 (9.7%) | loss: 5.974360 | lrm: 1.00 | dt: 994ms | tok/sec: 32,976 | epoch: 1 | remaining: 211s    
step 00087 (9.9%) | loss: 5.957964 | lrm: 1.00 | dt: 1053ms | tok/sec: 31,130 | epoch: 1 | remaining: 210s    
step 00088 (10.0%) | loss: 5.939382 | lrm: 1.00 | dt: 1060ms | tok/sec: 30,909 | epoch: 1 | remaining: 209s    
step 00089 (10.1%) | loss: 5.925830 | lrm: 1.00 | dt: 1052ms | tok/sec: 31,137 | epoch: 1 | remaining: 208s    
step 00090 (10.2%) | loss: 5.904963 | lrm: 1.00 | dt: 1029ms | tok/sec: 31,834 | epoch: 1 | remaining: 207s    
step 00091 (10.3%) | loss: 5.880945 | lrm: 1.00 | dt: 995ms | tok/sec: 32,931 | epoch: 1 | remaining: 206s    
step 00092 (10.4%) | loss: 5.867421 | lrm: 1.00 | dt: 1025ms | tok/sec: 31,957 | epoch: 1 | remaining: 205s    
step 00093 (10.5%) | loss: 5.853505 | lrm: 1.00 | dt: 1074ms | tok/sec: 30,498 | epoch: 1 | remaining: 204s    
step 00094 (10.6%) | loss: 5.834781 | lrm: 1.00 | dt: 991ms | tok/sec: 33,065 | epoch: 1 | remaining: 203s    
step 00095 (10.8%) | loss: 5.820664 | lrm: 1.00 | dt: 1001ms | tok/sec: 32,749 | epoch: 1 | remaining: 202s    
step 00096 (10.9%) | loss: 5.802375 | lrm: 1.00 | dt: 1034ms | tok/sec: 31,704 | epoch: 1 | remaining: 201s    
step 00097 (11.0%) | loss: 5.788714 | lrm: 1.00 | dt: 1033ms | tok/sec: 31,717 | epoch: 1 | remaining: 200s    
step 00098 (11.1%) | loss: 5.772883 | lrm: 1.00 | dt: 1042ms | tok/sec: 31,440 | epoch: 1 | remaining: 199s    
step 00099 (11.2%) | loss: 5.755159 | lrm: 1.00 | dt: 1068ms | tok/sec: 30,689 | epoch: 1 | remaining: 198s    
step 00100 (11.3%) | loss: 5.737651 | lrm: 1.00 | dt: 1066ms | tok/sec: 30,746 | epoch: 1 | remaining: 196s    
step 00101 (11.4%) | loss: 5.720202 | lrm: 1.00 | dt: 1067ms | tok/sec: 30,724 | epoch: 1 | remaining: 195s    
step 00102 (11.6%) | loss: 5.702283 | lrm: 1.00 | dt: 975ms | tok/sec: 33,602 | epoch: 1 | remaining: 194s    
step 00103 (11.7%) | loss: 5.694383 | lrm: 1.00 | dt: 1109ms | tok/sec: 29,559 | epoch: 1 | remaining: 193s    
step 00104 (11.8%) | loss: 5.683625 | lrm: 1.00 | dt: 1108ms | tok/sec: 29,582 | epoch: 1 | remaining: 192s    
step 00105 (11.9%) | loss: 5.663575 | lrm: 1.00 | dt: 1059ms | tok/sec: 30,949 | epoch: 1 | remaining: 191s    
step 00106 (12.0%) | loss: 5.642489 | lrm: 1.00 | dt: 1015ms | tok/sec: 32,271 | epoch: 1 | remaining: 190s    
step 00107 (12.1%) | loss: 5.631204 | lrm: 1.00 | dt: 1056ms | tok/sec: 31,029 | epoch: 1 | remaining: 189s    
step 00108 (12.2%) | loss: 5.620012 | lrm: 1.00 | dt: 1076ms | tok/sec: 30,449 | epoch: 1 | remaining: 188s    
step 00109 (12.3%) | loss: 5.614004 | lrm: 1.00 | dt: 1069ms | tok/sec: 30,664 | epoch: 1 | remaining: 187s    
step 00110 (12.5%) | loss: 5.607159 | lrm: 1.00 | dt: 1081ms | tok/sec: 30,311 | epoch: 1 | remaining: 186s    
step 00111 (12.6%) | loss: 5.586630 | lrm: 1.00 | dt: 1061ms | tok/sec: 30,887 | epoch: 1 | remaining: 185s    
step 00112 (12.7%) | loss: 5.579601 | lrm: 1.00 | dt: 1033ms | tok/sec: 31,715 | epoch: 1 | remaining: 184s    
step 00113 (12.8%) | loss: 5.562679 | lrm: 1.00 | dt: 1058ms | tok/sec: 30,971 | epoch: 1 | remaining: 183s    
step 00114 (12.9%) | loss: 5.546818 | lrm: 1.00 | dt: 1126ms | tok/sec: 29,102 | epoch: 1 | remaining: 182s    
step 00115 (13.0%) | loss: 5.524720 | lrm: 1.00 | dt: 1066ms | tok/sec: 30,748 | epoch: 1 | remaining: 181s    
step 00116 (13.1%) | loss: 5.514120 | lrm: 1.00 | dt: 1049ms | tok/sec: 31,232 | epoch: 1 | remaining: 179s    
step 00117 (13.3%) | loss: 5.496722 | lrm: 1.00 | dt: 1017ms | tok/sec: 32,205 | epoch: 1 | remaining: 178s    
step 00118 (13.4%) | loss: 5.480528 | lrm: 1.00 | dt: 1075ms | tok/sec: 30,477 | epoch: 1 | remaining: 177s    
step 00119 (13.5%) | loss: 5.467495 | lrm: 1.00 | dt: 1089ms | tok/sec: 30,103 | epoch: 1 | remaining: 176s    
step 00120 (13.6%) | loss: 5.455597 | lrm: 1.00 | dt: 1069ms | tok/sec: 30,664 | epoch: 1 | remaining: 175s    
step 00121 (13.7%) | loss: 5.442517 | lrm: 1.00 | dt: 1067ms | tok/sec: 30,696 | epoch: 1 | remaining: 174s    
step 00122 (13.8%) | loss: 5.433617 | lrm: 1.00 | dt: 1009ms | tok/sec: 32,487 | epoch: 1 | remaining: 173s    
step 00123 (13.9%) | loss: 5.426440 | lrm: 1.00 | dt: 1075ms | tok/sec: 30,481 | epoch: 1 | remaining: 172s    
step 00124 (14.0%) | loss: 5.419404 | lrm: 1.00 | dt: 1066ms | tok/sec: 30,737 | epoch: 1 | remaining: 171s    
step 00125 (14.2%) | loss: 5.415298 | lrm: 1.00 | dt: 1075ms | tok/sec: 30,475 | epoch: 1 | remaining: 170s    
step 00126 (14.3%) | loss: 5.405259 | lrm: 1.00 | dt: 1067ms | tok/sec: 30,702 | epoch: 1 | remaining: 169s    
step 00127 (14.4%) | loss: 5.394129 | lrm: 1.00 | dt: 1108ms | tok/sec: 29,567 | epoch: 1 | remaining: 168s    
step 00128 (14.5%) | loss: 5.387966 | lrm: 1.00 | dt: 1131ms | tok/sec: 28,967 | epoch: 1 | remaining: 167s    
step 00129 (14.6%) | loss: 5.382723 | lrm: 1.00 | dt: 1053ms | tok/sec: 31,125 | epoch: 1 | remaining: 166s    
step 00130 (14.7%) | loss: 5.368800 | lrm: 1.00 | dt: 1116ms | tok/sec: 29,373 | epoch: 1 | remaining: 164s    
step 00131 (14.8%) | loss: 5.357326 | lrm: 1.00 | dt: 1050ms | tok/sec: 31,221 | epoch: 1 | remaining: 163s    
step 00132 (14.9%) | loss: 5.352979 | lrm: 1.00 | dt: 1073ms | tok/sec: 30,540 | epoch: 1 | remaining: 162s    
step 00133 (15.1%) | loss: 5.344250 | lrm: 1.00 | dt: 1069ms | tok/sec: 30,646 | epoch: 1 | remaining: 161s    
step 00134 (15.2%) | loss: 5.324118 | lrm: 1.00 | dt: 1073ms | tok/sec: 30,537 | epoch: 1 | remaining: 160s    
step 00135 (15.3%) | loss: 5.305407 | lrm: 1.00 | dt: 1032ms | tok/sec: 31,752 | epoch: 1 | remaining: 159s    
step 00136 (15.4%) | loss: 5.288103 | lrm: 1.00 | dt: 1060ms | tok/sec: 30,924 | epoch: 1 | remaining: 158s    
step 00137 (15.5%) | loss: 5.266121 | lrm: 1.00 | dt: 1110ms | tok/sec: 29,514 | epoch: 1 | remaining: 157s    
step 00138 (15.6%) | loss: 5.263644 | lrm: 1.00 | dt: 1084ms | tok/sec: 30,223 | epoch: 1 | remaining: 156s    
step 00139 (15.7%) | loss: 5.258811 | lrm: 1.00 | dt: 1057ms | tok/sec: 31,003 | epoch: 1 | remaining: 155s    
step 00140 (15.9%) | loss: 5.246181 | lrm: 1.00 | dt: 1050ms | tok/sec: 31,205 | epoch: 1 | remaining: 154s    
step 00141 (16.0%) | loss: 5.238391 | lrm: 1.00 | dt: 1165ms | tok/sec: 28,129 | epoch: 1 | remaining: 153s    
step 00142 (16.1%) | loss: 5.225895 | lrm: 1.00 | dt: 1108ms | tok/sec: 29,583 | epoch: 1 | remaining: 152s    
step 00143 (16.2%) | loss: 5.206631 | lrm: 1.00 | dt: 1059ms | tok/sec: 30,934 | epoch: 1 | remaining: 150s    
step 00144 (16.3%) | loss: 5.196071 | lrm: 1.00 | dt: 1076ms | tok/sec: 30,446 | epoch: 1 | remaining: 149s    
step 00145 (16.4%) | loss: 5.184979 | lrm: 1.00 | dt: 1058ms | tok/sec: 30,963 | epoch: 1 | remaining: 148s    
step 00146 (16.5%) | loss: 5.181830 | lrm: 1.00 | dt: 1072ms | tok/sec: 30,581 | epoch: 1 | remaining: 147s    
step 00147 (16.6%) | loss: 5.165250 | lrm: 1.00 | dt: 1045ms | tok/sec: 31,344 | epoch: 1 | remaining: 146s    
step 00148 (16.8%) | loss: 5.155396 | lrm: 1.00 | dt: 1075ms | tok/sec: 30,492 | epoch: 1 | remaining: 145s    
step 00149 (16.9%) | loss: 5.151009 | lrm: 1.00 | dt: 1100ms | tok/sec: 29,789 | epoch: 1 | remaining: 144s    
step 00150 (17.0%) | loss: 5.137890 | lrm: 1.00 | dt: 1074ms | tok/sec: 30,523 | epoch: 1 | remaining: 143s    
step 00151 (17.1%) | loss: 5.137545 | lrm: 1.00 | dt: 1107ms | tok/sec: 29,610 | epoch: 1 | remaining: 142s    
step 00152 (17.2%) | loss: 5.131928 | lrm: 1.00 | dt: 1069ms | tok/sec: 30,662 | epoch: 1 | remaining: 141s    
step 00153 (17.3%) | loss: 5.120550 | lrm: 1.00 | dt: 1068ms | tok/sec: 30,672 | epoch: 1 | remaining: 140s    
step 00154 (17.4%) | loss: 5.117831 | lrm: 1.00 | dt: 1098ms | tok/sec: 29,831 | epoch: 1 | remaining: 139s    
step 00155 (17.6%) | loss: 5.112940 | lrm: 1.00 | dt: 1066ms | tok/sec: 30,741 | epoch: 1 | remaining: 138s    
step 00156 (17.7%) | loss: 5.105810 | lrm: 1.00 | dt: 1074ms | tok/sec: 30,514 | epoch: 1 | remaining: 136s    
step 00157 (17.8%) | loss: 5.094606 | lrm: 1.00 | dt: 1078ms | tok/sec: 30,406 | epoch: 1 | remaining: 135s    
step 00158 (17.9%) | loss: 5.078655 | lrm: 1.00 | dt: 1076ms | tok/sec: 30,455 | epoch: 1 | remaining: 134s    
step 00159 (18.0%) | loss: 5.074728 | lrm: 1.00 | dt: 1071ms | tok/sec: 30,592 | epoch: 1 | remaining: 133s    
step 00160 (18.1%) | loss: 5.069441 | lrm: 1.00 | dt: 1086ms | tok/sec: 30,162 | epoch: 1 | remaining: 132s    
step 00161 (18.2%) | loss: 5.058529 | lrm: 1.00 | dt: 1024ms | tok/sec: 31,995 | epoch: 1 | remaining: 131s    
step 00162 (18.3%) | loss: 5.044546 | lrm: 1.00 | dt: 1051ms | tok/sec: 31,188 | epoch: 1 | remaining: 130s    
step 00163 (18.5%) | loss: 5.032096 | lrm: 1.00 | dt: 1107ms | tok/sec: 29,603 | epoch: 1 | remaining: 129s    
step 00164 (18.6%) | loss: 5.028445 | lrm: 1.00 | dt: 1139ms | tok/sec: 28,772 | epoch: 1 | remaining: 128s    
step 00165 (18.7%) | loss: 5.020124 | lrm: 1.00 | dt: 1070ms | tok/sec: 30,611 | epoch: 1 | remaining: 127s    
step 00166 (18.8%) | loss: 5.008800 | lrm: 1.00 | dt: 1049ms | tok/sec: 31,245 | epoch: 1 | remaining: 126s    
step 00167 (18.9%) | loss: 4.999152 | lrm: 1.00 | dt: 1068ms | tok/sec: 30,680 | epoch: 1 | remaining: 125s    
step 00168 (19.0%) | loss: 4.987033 | lrm: 1.00 | dt: 1084ms | tok/sec: 30,232 | epoch: 1 | remaining: 124s    
step 00169 (19.1%) | loss: 4.985438 | lrm: 1.00 | dt: 1130ms | tok/sec: 29,000 | epoch: 1 | remaining: 122s    
step 00170 (19.3%) | loss: 4.976741 | lrm: 1.00 | dt: 1069ms | tok/sec: 30,665 | epoch: 1 | remaining: 121s    
step 00171 (19.4%) | loss: 4.979456 | lrm: 1.00 | dt: 1081ms | tok/sec: 30,320 | epoch: 1 | remaining: 120s    
step 00172 (19.5%) | loss: 4.965286 | lrm: 1.00 | dt: 1021ms | tok/sec: 32,107 | epoch: 1 | remaining: 119s    
step 00173 (19.6%) | loss: 4.955045 | lrm: 1.00 | dt: 1041ms | tok/sec: 31,489 | epoch: 1 | remaining: 118s    
step 00174 (19.7%) | loss: 4.939111 | lrm: 1.00 | dt: 1041ms | tok/sec: 31,468 | epoch: 1 | remaining: 117s    
step 00175 (19.8%) | loss: 4.930006 | lrm: 1.00 | dt: 1081ms | tok/sec: 30,321 | epoch: 1 | remaining: 116s    
step 00176 (19.9%) | loss: 4.924457 | lrm: 1.00 | dt: 1052ms | tok/sec: 31,162 | epoch: 1 | remaining: 115s    
step 00177 (20.0%) | loss: 4.915635 | lrm: 1.00 | dt: 1070ms | tok/sec: 30,635 | epoch: 1 | remaining: 114s    
step 00178 (20.2%) | loss: 4.904549 | lrm: 1.00 | dt: 1084ms | tok/sec: 30,234 | epoch: 1 | remaining: 113s    
step 00179 (20.3%) | loss: 4.905531 | lrm: 1.00 | dt: 1138ms | tok/sec: 28,799 | epoch: 1 | remaining: 112s    
step 00180 (20.4%) | loss: 4.902691 | lrm: 1.00 | dt: 1070ms | tok/sec: 30,626 | epoch: 1 | remaining: 111s    
step 00181 (20.5%) | loss: 4.900071 | lrm: 1.00 | dt: 1058ms | tok/sec: 30,983 | epoch: 1 | remaining: 110s    
step 00182 (20.6%) | loss: 4.893618 | lrm: 1.00 | dt: 1043ms | tok/sec: 31,430 | epoch: 1 | remaining: 109s    
step 00183 (20.7%) | loss: 4.883181 | lrm: 1.00 | dt: 1132ms | tok/sec: 28,945 | epoch: 1 | remaining: 107s    
step 00184 (20.8%) | loss: 4.870432 | lrm: 1.00 | dt: 1101ms | tok/sec: 29,772 | epoch: 1 | remaining: 106s    
step 00185 (21.0%) | loss: 4.870944 | lrm: 1.00 | dt: 1075ms | tok/sec: 30,495 | epoch: 1 | remaining: 105s    
step 00186 (21.1%) | loss: 4.869894 | lrm: 1.00 | dt: 1066ms | tok/sec: 30,752 | epoch: 1 | remaining: 104s    
step 00187 (21.2%) | loss: 4.857105 | lrm: 1.00 | dt: 1084ms | tok/sec: 30,237 | epoch: 1 | remaining: 103s    
step 00188 (21.3%) | loss: 4.849444 | lrm: 1.00 | dt: 1024ms | tok/sec: 32,004 | epoch: 1 | remaining: 102s    
step 00189 (21.4%) | loss: 4.841169 | lrm: 1.00 | dt: 1072ms | tok/sec: 30,553 | epoch: 1 | remaining: 101s    
step 00190 (21.5%) | loss: 4.829564 | lrm: 1.00 | dt: 1046ms | tok/sec: 31,337 | epoch: 1 | remaining: 100s    
step 00191 (21.6%) | loss: 4.834003 | lrm: 1.00 | dt: 1150ms | tok/sec: 28,495 | epoch: 1 | remaining: 99s    
step 00192 (21.7%) | loss: 4.832738 | lrm: 1.00 | dt: 1083ms | tok/sec: 30,247 | epoch: 1 | remaining: 98s    
step 00193 (21.9%) | loss: 4.824409 | lrm: 1.00 | dt: 1050ms | tok/sec: 31,195 | epoch: 1 | remaining: 97s    
step 00194 (22.0%) | loss: 4.821973 | lrm: 1.00 | dt: 1166ms | tok/sec: 28,098 | epoch: 1 | remaining: 96s    
step 00195 (22.1%) | loss: 4.812564 | lrm: 1.00 | dt: 1065ms | tok/sec: 30,774 | epoch: 1 | remaining: 94s    
step 00196 (22.2%) | loss: 4.802379 | lrm: 1.00 | dt: 1043ms | tok/sec: 31,403 | epoch: 1 | remaining: 93s    
step 00197 (22.3%) | loss: 4.797060 | lrm: 1.00 | dt: 1064ms | tok/sec: 30,786 | epoch: 1 | remaining: 92s    
step 00198 (22.4%) | loss: 4.785514 | lrm: 1.00 | dt: 1110ms | tok/sec: 29,518 | epoch: 1 | remaining: 91s    
step 00199 (22.5%) | loss: 4.776004 | lrm: 1.00 | dt: 1065ms | tok/sec: 30,765 | epoch: 1 | remaining: 90s    
step 00200 (22.7%) | loss: 4.767997 | lrm: 1.00 | dt: 1043ms | tok/sec: 31,408 | epoch: 1 | remaining: 89s    
step 00201 (22.8%) | loss: 4.754712 | lrm: 1.00 | dt: 1015ms | tok/sec: 32,292 | epoch: 1 | remaining: 88s    
step 00202 (22.9%) | loss: 4.749223 | lrm: 1.00 | dt: 1069ms | tok/sec: 30,652 | epoch: 1 | remaining: 87s    
step 00203 (23.0%) | loss: 4.740321 | lrm: 1.00 | dt: 1080ms | tok/sec: 30,333 | epoch: 1 | remaining: 86s    
step 00204 (23.1%) | loss: 4.733405 | lrm: 1.00 | dt: 1058ms | tok/sec: 30,960 | epoch: 1 | remaining: 85s    
step 00205 (23.2%) | loss: 4.723678 | lrm: 1.00 | dt: 1061ms | tok/sec: 30,876 | epoch: 1 | remaining: 84s    
step 00206 (23.3%) | loss: 4.721804 | lrm: 1.00 | dt: 1064ms | tok/sec: 30,810 | epoch: 1 | remaining: 83s    
step 00207 (23.4%) | loss: 4.711664 | lrm: 1.00 | dt: 1070ms | tok/sec: 30,613 | epoch: 1 | remaining: 82s    
step 00208 (23.6%) | loss: 4.695364 | lrm: 1.00 | dt: 1080ms | tok/sec: 30,340 | epoch: 1 | remaining: 81s    
step 00209 (23.7%) | loss: 4.699338 | lrm: 1.00 | dt: 1066ms | tok/sec: 30,734 | epoch: 1 | remaining: 80s    
step 00210 (23.8%) | loss: 4.686778 | lrm: 1.00 | dt: 1053ms | tok/sec: 31,122 | epoch: 1 | remaining: 79s    
step 00211 (23.9%) | loss: 4.676338 | lrm: 1.00 | dt: 1042ms | tok/sec: 31,453 | epoch: 1 | remaining: 78s    
step 00212 (24.0%) | loss: 4.669622 | lrm: 1.00 | dt: 1050ms | tok/sec: 31,214 | epoch: 1 | remaining: 76s    
step 00213 (24.1%) | loss: 4.668156 | lrm: 1.00 | dt: 1050ms | tok/sec: 31,201 | epoch: 1 | remaining: 75s    
step 00214 (24.2%) | loss: 4.661367 | lrm: 1.00 | dt: 1075ms | tok/sec: 30,491 | epoch: 1 | remaining: 74s    
step 00215 (24.3%) | loss: 4.655058 | lrm: 1.00 | dt: 1009ms | tok/sec: 32,487 | epoch: 1 | remaining: 73s    
step 00216 (24.5%) | loss: 4.656967 | lrm: 1.00 | dt: 1067ms | tok/sec: 30,720 | epoch: 1 | remaining: 72s    
step 00217 (24.6%) | loss: 4.657652 | lrm: 1.00 | dt: 1058ms | tok/sec: 30,971 | epoch: 1 | remaining: 71s    
step 00218 (24.7%) | loss: 4.655096 | lrm: 1.00 | dt: 1057ms | tok/sec: 31,008 | epoch: 1 | remaining: 70s    
step 00219 (24.8%) | loss: 4.652523 | lrm: 1.00 | dt: 1058ms | tok/sec: 30,960 | epoch: 1 | remaining: 69s    
step 00220 (24.9%) | loss: 4.636956 | lrm: 1.00 | dt: 1050ms | tok/sec: 31,210 | epoch: 1 | remaining: 68s    
step 00221 (25.0%) | loss: 4.626901 | lrm: 1.00 | dt: 1085ms | tok/sec: 30,207 | epoch: 1 | remaining: 67s    
step 00222 (25.1%) | loss: 4.625694 | lrm: 1.00 | dt: 1067ms | tok/sec: 30,719 | epoch: 1 | remaining: 66s    
step 00223 (25.3%) | loss: 4.613620 | lrm: 1.00 | dt: 1067ms | tok/sec: 30,722 | epoch: 1 | remaining: 65s    
step 00224 (25.4%) | loss: 4.601622 | lrm: 1.00 | dt: 1058ms | tok/sec: 30,963 | epoch: 1 | remaining: 64s    
step 00225 (25.5%) | loss: 4.595829 | lrm: 1.00 | dt: 1080ms | tok/sec: 30,341 | epoch: 1 | remaining: 63s    
step 00226 (25.6%) | loss: 4.591334 | lrm: 1.00 | dt: 1053ms | tok/sec: 31,114 | epoch: 1 | remaining: 62s    
step 00227 (25.7%) | loss: 4.585774 | lrm: 1.00 | dt: 1066ms | tok/sec: 30,751 | epoch: 1 | remaining: 61s    
step 00228 (25.8%) | loss: 4.575161 | lrm: 1.00 | dt: 1073ms | tok/sec: 30,530 | epoch: 1 | remaining: 59s    
step 00229 (25.9%) | loss: 4.563407 | lrm: 1.00 | dt: 1053ms | tok/sec: 31,123 | epoch: 1 | remaining: 58s    
step 00230 (26.0%) | loss: 4.558919 | lrm: 1.00 | dt: 1054ms | tok/sec: 31,082 | epoch: 1 | remaining: 57s    
step 00231 (26.2%) | loss: 4.545964 | lrm: 1.00 | dt: 1070ms | tok/sec: 30,617 | epoch: 1 | remaining: 56s    
step 00232 (26.3%) | loss: 4.539454 | lrm: 1.00 | dt: 1042ms | tok/sec: 31,436 | epoch: 1 | remaining: 55s    
step 00233 (26.4%) | loss: 4.541111 | lrm: 1.00 | dt: 1132ms | tok/sec: 28,945 | epoch: 1 | remaining: 54s    
step 00234 (26.5%) | loss: 4.537280 | lrm: 1.00 | dt: 1085ms | tok/sec: 30,211 | epoch: 1 | remaining: 53s    
step 00235 (26.6%) | loss: 4.529270 | lrm: 1.00 | dt: 1055ms | tok/sec: 31,051 | epoch: 1 | remaining: 52s    
step 00236 (26.7%) | loss: 4.523487 | lrm: 1.00 | dt: 1036ms | tok/sec: 31,632 | epoch: 1 | remaining: 51s    
step 00237 (26.8%) | loss: 4.517363 | lrm: 1.00 | dt: 1175ms | tok/sec: 27,880 | epoch: 1 | remaining: 50s    
step 00238 (27.0%) | loss: 4.508258 | lrm: 1.00 | dt: 1075ms | tok/sec: 30,489 | epoch: 1 | remaining: 49s    
step 00239 (27.1%) | loss: 4.505786 | lrm: 1.00 | dt: 1033ms | tok/sec: 31,729 | epoch: 1 | remaining: 48s    
step 00240 (27.2%) | loss: 4.509387 | lrm: 1.00 | dt: 1051ms | tok/sec: 31,188 | epoch: 1 | remaining: 47s    
step 00241 (27.3%) | loss: 4.507428 | lrm: 1.00 | dt: 1250ms | tok/sec: 26,221 | epoch: 1 | remaining: 45s    
step 00242 (27.4%) | loss: 4.503072 | lrm: 1.00 | dt: 1008ms | tok/sec: 32,492 | epoch: 1 | remaining: 44s    
step 00243 (27.5%) | loss: 4.485178 | lrm: 1.00 | dt: 1051ms | tok/sec: 31,179 | epoch: 1 | remaining: 43s    
step 00244 (27.6%) | loss: 4.482253 | lrm: 1.00 | dt: 1090ms | tok/sec: 30,050 | epoch: 1 | remaining: 42s    
step 00245 (27.7%) | loss: 4.482245 | lrm: 1.00 | dt: 1083ms | tok/sec: 30,251 | epoch: 1 | remaining: 41s    
step 00246 (27.9%) | loss: 4.468945 | lrm: 1.00 | dt: 1067ms | tok/sec: 30,716 | epoch: 1 | remaining: 40s    
step 00247 (28.0%) | loss: 4.458924 | lrm: 1.00 | dt: 990ms | tok/sec: 33,087 | epoch: 1 | remaining: 39s    
step 00248 (28.1%) | loss: 4.462302 | lrm: 1.00 | dt: 1034ms | tok/sec: 31,677 | epoch: 1 | remaining: 38s    
step 00249 (28.2%) | loss: 4.458155 | lrm: 1.00 | dt: 1067ms | tok/sec: 30,713 | epoch: 1 | remaining: 37s    
step 00250 (28.3%) | loss: 4.448075 | lrm: 1.00 | dt: 1141ms | tok/sec: 28,709 | epoch: 1 | remaining: 36s    
step 00251 (28.4%) | loss: 4.439992 | lrm: 1.00 | dt: 1050ms | tok/sec: 31,217 | epoch: 1 | remaining: 35s    
step 00252 (28.5%) | loss: 4.425287 | lrm: 1.00 | dt: 1092ms | tok/sec: 30,011 | epoch: 1 | remaining: 34s    
step 00253 (28.7%) | loss: 4.414529 | lrm: 1.00 | dt: 1117ms | tok/sec: 29,346 | epoch: 1 | remaining: 33s    
step 00254 (28.8%) | loss: 4.403163 | lrm: 1.00 | dt: 1067ms | tok/sec: 30,719 | epoch: 1 | remaining: 32s    
step 00255 (28.9%) | loss: 4.394380 | lrm: 1.00 | dt: 1067ms | tok/sec: 30,720 | epoch: 1 | remaining: 30s    
step 00256 (29.0%) | loss: 4.387304 | lrm: 1.00 | dt: 1067ms | tok/sec: 30,721 | epoch: 1 | remaining: 29s    
step 00257 (29.1%) | loss: 4.372640 | lrm: 1.00 | dt: 1000ms | tok/sec: 32,774 | epoch: 1 | remaining: 28s    
step 00258 (29.2%) | loss: 4.367214 | lrm: 1.00 | dt: 988ms | tok/sec: 33,157 | epoch: 1 | remaining: 27s    
step 00259 (29.3%) | loss: 4.363341 | lrm: 1.00 | dt: 1070ms | tok/sec: 30,618 | epoch: 1 | remaining: 26s    
step 00260 (29.4%) | loss: 4.362792 | lrm: 1.00 | dt: 1067ms | tok/sec: 30,703 | epoch: 1 | remaining: 25s    
step 00261 (29.6%) | loss: 4.355072 | lrm: 1.00 | dt: 1012ms | tok/sec: 32,370 | epoch: 1 | remaining: 24s    
step 00262 (29.7%) | loss: 4.356650 | lrm: 1.00 | dt: 1046ms | tok/sec: 31,341 | epoch: 1 | remaining: 23s    
step 00263 (29.8%) | loss: 4.357012 | lrm: 1.00 | dt: 1067ms | tok/sec: 30,717 | epoch: 1 | remaining: 22s    
step 00264 (29.9%) | loss: 4.357301 | lrm: 1.00 | dt: 1072ms | tok/sec: 30,563 | epoch: 1 | remaining: 21s    
step 00265 (30.0%) | loss: 4.360490 | lrm: 1.00 | dt: 1062ms | tok/sec: 30,857 | epoch: 1 | remaining: 20s    
step 00266 (30.1%) | loss: 4.352214 | lrm: 1.00 | dt: 1084ms | tok/sec: 30,241 | epoch: 1 | remaining: 19s    
step 00267 (30.2%) | loss: 4.349592 | lrm: 1.00 | dt: 1040ms | tok/sec: 31,510 | epoch: 1 | remaining: 18s    
step 00268 (30.4%) | loss: 4.337922 | lrm: 1.00 | dt: 967ms | tok/sec: 33,878 | epoch: 1 | remaining: 17s    
step 00269 (30.5%) | loss: 4.336921 | lrm: 1.00 | dt: 1149ms | tok/sec: 28,511 | epoch: 1 | remaining: 16s    
step 00270 (30.6%) | loss: 4.328971 | lrm: 1.00 | dt: 1101ms | tok/sec: 29,770 | epoch: 1 | remaining: 15s    
step 00271 (30.7%) | loss: 4.322908 | lrm: 1.00 | dt: 1074ms | tok/sec: 30,512 | epoch: 1 | remaining: 14s    
step 00272 (30.8%) | loss: 4.322259 | lrm: 1.00 | dt: 1064ms | tok/sec: 30,786 | epoch: 1 | remaining: 13s    
step 00273 (30.9%) | loss: 4.325731 | lrm: 1.00 | dt: 1012ms | tok/sec: 32,389 | epoch: 1 | remaining: 12s    
step 00274 (31.0%) | loss: 4.323751 | lrm: 1.00 | dt: 1023ms | tok/sec: 32,035 | epoch: 1 | remaining: 10s    
step 00275 (31.1%) | loss: 4.316819 | lrm: 1.00 | dt: 1069ms | tok/sec: 30,641 | epoch: 1 | remaining: 9s    
step 00276 (31.3%) | loss: 4.308748 | lrm: 1.00 | dt: 1066ms | tok/sec: 30,746 | epoch: 1 | remaining: 8s    
step 00277 (31.4%) | loss: 4.300348 | lrm: 1.00 | dt: 1032ms | tok/sec: 31,757 | epoch: 1 | remaining: 7s    
step 00278 (31.5%) | loss: 4.298060 | lrm: 1.00 | dt: 1024ms | tok/sec: 31,987 | epoch: 1 | remaining: 6s    
step 00279 (31.6%) | loss: 4.307279 | lrm: 1.00 | dt: 1032ms | tok/sec: 31,740 | epoch: 1 | remaining: 5s    
step 00280 (31.7%) | loss: 4.304549 | lrm: 1.00 | dt: 1075ms | tok/sec: 30,486 | epoch: 1 | remaining: 4s    
step 00281 (31.8%) | loss: 4.309156 | lrm: 1.00 | dt: 992ms | tok/sec: 33,027 | epoch: 1 | remaining: 3s    
step 00282 (31.9%) | loss: 4.309217 | lrm: 1.00 | dt: 1059ms | tok/sec: 30,953 | epoch: 1 | remaining: 2s    
step 00283 (32.0%) | loss: 4.302170 | lrm: 1.00 | dt: 1069ms | tok/sec: 30,660 | epoch: 1 | remaining: 1s    
step 00284 (32.2%) | loss: 4.296853 | lrm: 1.00 | dt: 992ms | tok/sec: 33,048 | epoch: 1 | remaining: 0s    
step 00285 (32.3%) | loss: 4.292143 | lrm: 1.00 | dt: 1076ms | tok/sec: 30,459 | epoch: 1 | remaining: 0s    
step 00286 (32.4%) | loss: 4.286766 | lrm: 1.00 | dt: 1046ms | tok/sec: 31,329 | epoch: 1 | remaining: 0s    
step 00287 (32.5%) | loss: 4.290339 | lrm: 1.00 | dt: 967ms | tok/sec: 33,897 | epoch: 1 | remaining: 0s    
step 00288 (32.6%) | loss: 4.277579 | lrm: 1.00 | dt: 1045ms | tok/sec: 31,347 | epoch: 1 | remaining: 0s    
step 00289 (32.7%) | loss: 4.274178 | lrm: 1.00 | dt: 1023ms | tok/sec: 32,017 | epoch: 1 | remaining: 0s    
step 00290 (32.8%) | loss: 4.255346 | lrm: 1.00 | dt: 1034ms | tok/sec: 31,690 | epoch: 1 | remaining: 0s    
step 00291 (33.0%) | loss: 4.245802 | lrm: 1.00 | dt: 1025ms | tok/sec: 31,961 | epoch: 1 | remaining: 0s    
step 00292 (33.1%) | loss: 4.237383 | lrm: 1.00 | dt: 1075ms | tok/sec: 30,471 | epoch: 1 | remaining: 0s    
step 00293 (33.2%) | loss: 4.241361 | lrm: 1.00 | dt: 1068ms | tok/sec: 30,688 | epoch: 1 | remaining: 0s    
step 00294 (33.3%) | loss: 4.241140 | lrm: 1.00 | dt: 1017ms | tok/sec: 32,225 | epoch: 1 | remaining: 0s    
step 00295 (33.4%) | loss: 4.233801 | lrm: 1.00 | dt: 1007ms | tok/sec: 32,543 | epoch: 1 | remaining: 0s    
step 00296 (33.5%) | loss: 4.230427 | lrm: 1.00 | dt: 1043ms | tok/sec: 31,425 | epoch: 1 | remaining: 0s    
step 00297 (33.6%) | loss: 4.223050 | lrm: 1.00 | dt: 1006ms | tok/sec: 32,569 | epoch: 1 | remaining: 0s    
step 00298 (33.7%) | loss: 4.217458 | lrm: 1.00 | dt: 1040ms | tok/sec: 31,517 | epoch: 1 | remaining: 0s    
step 00299 (33.9%) | loss: 4.213123 | lrm: 1.00 | dt: 1036ms | tok/sec: 31,643 | epoch: 1 | remaining: 0s    
step 00300 (34.0%) | loss: 4.220761 | lrm: 1.00 | dt: 1069ms | tok/sec: 30,665 | epoch: 1 | remaining: 0s    
step 00301 (34.1%) | loss: 4.230282 | lrm: 1.00 | dt: 1000ms | tok/sec: 32,776 | epoch: 1 | remaining: 0s    
step 00302 (34.2%) | loss: 4.226825 | lrm: 1.00 | dt: 1024ms | tok/sec: 31,996 | epoch: 1 | remaining: 0s    
step 00303 (34.3%) | loss: 4.223660 | lrm: 1.00 | dt: 1057ms | tok/sec: 31,001 | epoch: 1 | remaining: 0s    
step 00304 (34.4%) | loss: 4.223126 | lrm: 1.00 | dt: 1051ms | tok/sec: 31,165 | epoch: 1 | remaining: 0s    
step 00305 (34.5%) | loss: 4.224825 | lrm: 1.00 | dt: 1059ms | tok/sec: 30,942 | epoch: 1 | remaining: 0s    
step 00306 (34.7%) | loss: 4.211625 | lrm: 1.00 | dt: 1012ms | tok/sec: 32,381 | epoch: 1 | remaining: 0s    
step 00307 (34.8%) | loss: 4.203715 | lrm: 1.00 | dt: 1019ms | tok/sec: 32,156 | epoch: 1 | remaining: 0s    
step 00308 (34.9%) | loss: 4.196880 | lrm: 1.00 | dt: 1075ms | tok/sec: 30,492 | epoch: 1 | remaining: 0s    
step 00309 (35.0%) | loss: 4.192032 | lrm: 1.00 | dt: 1076ms | tok/sec: 30,455 | epoch: 1 | remaining: 0s    
step 00310 (35.1%) | loss: 4.184154 | lrm: 1.00 | dt: 1009ms | tok/sec: 32,488 | epoch: 1 | remaining: 0s    
step 00311 (35.2%) | loss: 4.183487 | lrm: 1.00 | dt: 968ms | tok/sec: 33,844 | epoch: 1 | remaining: 0s    
step 00312 (35.3%) | loss: 4.192910 | lrm: 1.00 | dt: 1024ms | tok/sec: 31,999 | epoch: 1 | remaining: 0s    
step 00313 (35.4%) | loss: 4.183902 | lrm: 1.00 | dt: 1071ms | tok/sec: 30,602 | epoch: 1 | remaining: 0s    
step 00314 (35.6%) | loss: 4.174315 | lrm: 1.00 | dt: 987ms | tok/sec: 33,191 | epoch: 1 | remaining: 0s    
step 00315 (35.7%) | loss: 4.172088 | lrm: 1.00 | dt: 1034ms | tok/sec: 31,700 | epoch: 1 | remaining: 0s    
step 00316 (35.8%) | loss: 4.171772 | lrm: 1.00 | dt: 1043ms | tok/sec: 31,416 | epoch: 1 | remaining: 0s    
step 00317 (35.9%) | loss: 4.172063 | lrm: 1.00 | dt: 1016ms | tok/sec: 32,257 | epoch: 1 | remaining: 0s    
step 00318 (36.0%) | loss: 4.160997 | lrm: 1.00 | dt: 1007ms | tok/sec: 32,526 | epoch: 1 | remaining: 0s    
step 00319 (36.1%) | loss: 4.151470 | lrm: 1.00 | dt: 1026ms | tok/sec: 31,943 | epoch: 1 | remaining: 0s    
step 00320 (36.2%) | loss: 4.150885 | lrm: 1.00 | dt: 1000ms | tok/sec: 32,768 | epoch: 1 | remaining: 0s    
step 00321 (36.4%) | loss: 4.148495 | lrm: 1.00 | dt: 1039ms | tok/sec: 31,543 | epoch: 1 | remaining: 0s    
step 00322 (36.5%) | loss: 4.147154 | lrm: 1.00 | dt: 992ms | tok/sec: 33,047 | epoch: 1 | remaining: 0s    
step 00323 (36.6%) | loss: 4.148048 | lrm: 1.00 | dt: 1017ms | tok/sec: 32,228 | epoch: 1 | remaining: 0s    
step 00324 (36.7%) | loss: 4.144408 | lrm: 1.00 | dt: 1019ms | tok/sec: 32,164 | epoch: 1 | remaining: 0s    
step 00325 (36.8%) | loss: 4.143042 | lrm: 1.00 | dt: 1024ms | tok/sec: 31,984 | epoch: 1 | remaining: 0s    
step 00326 (36.9%) | loss: 4.140020 | lrm: 1.00 | dt: 1001ms | tok/sec: 32,748 | epoch: 1 | remaining: 0s    
step 00327 (37.0%) | loss: 4.134582 | lrm: 1.00 | dt: 1005ms | tok/sec: 32,607 | epoch: 1 | remaining: 0s    
step 00328 (37.1%) | loss: 4.138140 | lrm: 1.00 | dt: 1015ms | tok/sec: 32,267 | epoch: 1 | remaining: 0s    
step 00329 (37.3%) | loss: 4.141503 | lrm: 1.00 | dt: 1004ms | tok/sec: 32,649 | epoch: 1 | remaining: 0s    
step 00330 (37.4%) | loss: 4.140152 | lrm: 1.00 | dt: 1002ms | tok/sec: 32,708 | epoch: 1 | remaining: 0s    
step 00331 (37.5%) | loss: 4.130778 | lrm: 1.00 | dt: 1033ms | tok/sec: 31,721 | epoch: 1 | remaining: 0s    
step 00332 (37.6%) | loss: 4.135665 | lrm: 1.00 | dt: 999ms | tok/sec: 32,790 | epoch: 1 | remaining: 0s    
step 00333 (37.7%) | loss: 4.122608 | lrm: 1.00 | dt: 984ms | tok/sec: 33,285 | epoch: 1 | remaining: 0s    
step 00334 (37.8%) | loss: 4.120365 | lrm: 1.00 | dt: 1040ms | tok/sec: 31,505 | epoch: 1 | remaining: 0s    
step 00335 (37.9%) | loss: 4.121614 | lrm: 1.00 | dt: 1023ms | tok/sec: 32,022 | epoch: 1 | remaining: 0s    
step 00336 (38.1%) | loss: 4.119279 | lrm: 1.00 | dt: 1303ms | tok/sec: 25,143 | epoch: 1 | remaining: 0s    
step 00337 (38.2%) | loss: 4.116331 | lrm: 1.00 | dt: 812ms | tok/sec: 40,359 | epoch: 1 | remaining: 0s    
step 00338 (38.3%) | loss: 4.118522 | lrm: 1.00 | dt: 895ms | tok/sec: 36,631 | epoch: 1 | remaining: 0s    
step 00339 (38.4%) | loss: 4.118336 | lrm: 1.00 | dt: 1067ms | tok/sec: 30,703 | epoch: 1 | remaining: 0s    
step 00340 (38.5%) | loss: 4.111234 | lrm: 1.00 | dt: 1165ms | tok/sec: 28,134 | epoch: 1 | remaining: 0s    
step 00341 (38.6%) | loss: 4.104183 | lrm: 1.00 | dt: 1036ms | tok/sec: 31,643 | epoch: 1 | remaining: 0s    
step 00342 (38.7%) | loss: 4.114204 | lrm: 1.00 | dt: 939ms | tok/sec: 34,897 | epoch: 1 | remaining: 0s    
step 00343 (38.8%) | loss: 4.110826 | lrm: 1.00 | dt: 976ms | tok/sec: 33,561 | epoch: 1 | remaining: 0s    
step 00344 (39.0%) | loss: 4.105334 | lrm: 1.00 | dt: 1083ms | tok/sec: 30,267 | epoch: 1 | remaining: 0s    
step 00345 (39.1%) | loss: 4.110693 | lrm: 1.00 | dt: 1074ms | tok/sec: 30,519 | epoch: 1 | remaining: 0s    
step 00346 (39.2%) | loss: 4.107944 | lrm: 1.00 | dt: 1036ms | tok/sec: 31,641 | epoch: 1 | remaining: 0s    
step 00347 (39.3%) | loss: 4.105581 | lrm: 1.00 | dt: 960ms | tok/sec: 34,145 | epoch: 1 | remaining: 0s    
step 00348 (39.4%) | loss: 4.109499 | lrm: 1.00 | dt: 965ms | tok/sec: 33,957 | epoch: 1 | remaining: 0s    
step 00349 (39.5%) | loss: 4.100918 | lrm: 1.00 | dt: 984ms | tok/sec: 33,289 | epoch: 1 | remaining: 0s    
step 00350 (39.6%) | loss: 4.093441 | lrm: 1.00 | dt: 1067ms | tok/sec: 30,704 | epoch: 1 | remaining: 0s    
step 00351 (39.8%) | loss: 4.089090 | lrm: 1.00 | dt: 1066ms | tok/sec: 30,740 | epoch: 1 | remaining: 0s    
step 00352 (39.9%) | loss: 4.091244 | lrm: 1.00 | dt: 991ms | tok/sec: 33,065 | epoch: 1 | remaining: 0s    
step 00353 (40.0%) | loss: 4.087665 | lrm: 1.00 | dt: 956ms | tok/sec: 34,269 | epoch: 1 | remaining: 0s    
step 00354 (40.1%) | loss: 4.080461 | lrm: 1.00 | dt: 951ms | tok/sec: 34,461 | epoch: 1 | remaining: 0s    
step 00355 (40.2%) | loss: 4.087605 | lrm: 1.00 | dt: 1009ms | tok/sec: 32,488 | epoch: 1 | remaining: 0s    
step 00356 (40.3%) | loss: 4.087213 | lrm: 1.00 | dt: 1110ms | tok/sec: 29,524 | epoch: 1 | remaining: 0s    
step 00357 (40.4%) | loss: 4.089478 | lrm: 1.00 | dt: 1025ms | tok/sec: 31,983 | epoch: 1 | remaining: 0s    
step 00358 (40.5%) | loss: 4.093646 | lrm: 1.00 | dt: 934ms | tok/sec: 35,079 | epoch: 1 | remaining: 0s    
step 00359 (40.7%) | loss: 4.102514 | lrm: 1.00 | dt: 957ms | tok/sec: 34,228 | epoch: 1 | remaining: 0s    
step 00360 (40.8%) | loss: 4.110814 | lrm: 1.00 | dt: 1057ms | tok/sec: 31,002 | epoch: 1 | remaining: 0s    
step 00361 (40.9%) | loss: 4.113593 | lrm: 1.00 | dt: 1074ms | tok/sec: 30,523 | epoch: 1 | remaining: 0s    
step 00362 (41.0%) | loss: 4.111417 | lrm: 1.00 | dt: 1028ms | tok/sec: 31,873 | epoch: 1 | remaining: 0s    
step 00363 (41.1%) | loss: 4.104725 | lrm: 1.00 | dt: 968ms | tok/sec: 33,846 | epoch: 1 | remaining: 0s    
step 00364 (41.2%) | loss: 4.086063 | lrm: 1.00 | dt: 954ms | tok/sec: 34,335 | epoch: 1 | remaining: 0s    
step 00365 (41.3%) | loss: 4.080193 | lrm: 1.00 | dt: 1000ms | tok/sec: 32,771 | epoch: 1 | remaining: 0s    
step 00366 (41.4%) | loss: 4.075344 | lrm: 1.00 | dt: 1038ms | tok/sec: 31,582 | epoch: 1 | remaining: 0s    
step 00367 (41.6%) | loss: 4.069601 | lrm: 1.00 | dt: 1066ms | tok/sec: 30,742 | epoch: 1 | remaining: 0s    
step 00368 (41.7%) | loss: 4.066512 | lrm: 1.00 | dt: 1049ms | tok/sec: 31,227 | epoch: 1 | remaining: 0s    
step 00369 (41.8%) | loss: 4.075132 | lrm: 1.00 | dt: 990ms | tok/sec: 33,095 | epoch: 1 | remaining: 0s    
step 00370 (41.9%) | loss: 4.074816 | lrm: 1.00 | dt: 1059ms | tok/sec: 30,934 | epoch: 1 | remaining: 0s    
step 00371 (42.0%) | loss: 4.066861 | lrm: 1.00 | dt: 1008ms | tok/sec: 32,497 | epoch: 1 | remaining: 0s    
step 00372 (42.1%) | loss: 4.065159 | lrm: 1.00 | dt: 967ms | tok/sec: 33,897 | epoch: 1 | remaining: 0s    
step 00373 (42.2%) | loss: 4.068758 | lrm: 1.00 | dt: 998ms | tok/sec: 32,834 | epoch: 1 | remaining: 0s    
step 00374 (42.4%) | loss: 4.066203 | lrm: 1.00 | dt: 1058ms | tok/sec: 30,962 | epoch: 1 | remaining: 0s    
step 00375 (42.5%) | loss: 4.060282 | lrm: 1.00 | dt: 982ms | tok/sec: 33,352 | epoch: 1 | remaining: 0s    
step 00376 (42.6%) | loss: 4.057414 | lrm: 1.00 | dt: 1011ms | tok/sec: 32,406 | epoch: 1 | remaining: 0s    
step 00377 (42.7%) | loss: 4.069620 | lrm: 1.00 | dt: 992ms | tok/sec: 33,026 | epoch: 1 | remaining: 0s    
step 00378 (42.8%) | loss: 4.058491 | lrm: 1.00 | dt: 999ms | tok/sec: 32,797 | epoch: 1 | remaining: 0s    
step 00379 (42.9%) | loss: 4.062572 | lrm: 1.00 | dt: 1006ms | tok/sec: 32,558 | epoch: 1 | remaining: 0s    
step 00380 (43.0%) | loss: 4.060578 | lrm: 1.00 | dt: 1052ms | tok/sec: 31,156 | epoch: 1 | remaining: 0s    
step 00381 (43.1%) | loss: 4.058941 | lrm: 1.00 | dt: 1034ms | tok/sec: 31,677 | epoch: 1 | remaining: 0s    
step 00382 (43.3%) | loss: 4.053037 | lrm: 1.00 | dt: 1083ms | tok/sec: 30,266 | epoch: 1 | remaining: 0s    
step 00383 (43.4%) | loss: 4.053323 | lrm: 1.00 | dt: 1058ms | tok/sec: 30,961 | epoch: 1 | remaining: 0s    
step 00384 (43.5%) | loss: 4.050350 | lrm: 1.00 | dt: 950ms | tok/sec: 34,503 | epoch: 1 | remaining: 0s    
step 00385 (43.6%) | loss: 4.047651 | lrm: 1.00 | dt: 974ms | tok/sec: 33,641 | epoch: 1 | remaining: 0s    
step 00386 (43.7%) | loss: 4.047177 | lrm: 1.00 | dt: 1070ms | tok/sec: 30,638 | epoch: 1 | remaining: 0s    
step 00387 (43.8%) | loss: 4.035745 | lrm: 1.00 | dt: 1045ms | tok/sec: 31,368 | epoch: 1 | remaining: 0s    
step 00388 (43.9%) | loss: 4.026800 | lrm: 1.00 | dt: 1003ms | tok/sec: 32,655 | epoch: 1 | remaining: 0s    
step 00389 (44.1%) | loss: 4.022561 | lrm: 1.00 | dt: 1011ms | tok/sec: 32,426 | epoch: 1 | remaining: 0s    
step 00390 (44.2%) | loss: 4.018415 | lrm: 1.00 | dt: 1062ms | tok/sec: 30,863 | epoch: 1 | remaining: 0s    
step 00391 (44.3%) | loss: 4.027395 | lrm: 1.00 | dt: 1029ms | tok/sec: 31,846 | epoch: 1 | remaining: 0s    
step 00392 (44.4%) | loss: 4.021991 | lrm: 1.00 | dt: 1024ms | tok/sec: 31,989 | epoch: 1 | remaining: 0s    
step 00393 (44.5%) | loss: 4.022578 | lrm: 1.00 | dt: 1015ms | tok/sec: 32,281 | epoch: 1 | remaining: 0s    
step 00394 (44.6%) | loss: 4.028855 | lrm: 1.00 | dt: 1068ms | tok/sec: 30,692 | epoch: 1 | remaining: 0s    
step 00395 (44.7%) | loss: 4.028574 | lrm: 1.00 | dt: 1026ms | tok/sec: 31,946 | epoch: 1 | remaining: 0s    
step 00396 (44.8%) | loss: 4.017915 | lrm: 1.00 | dt: 1007ms | tok/sec: 32,533 | epoch: 1 | remaining: 0s    
step 00397 (45.0%) | loss: 4.025606 | lrm: 1.00 | dt: 1007ms | tok/sec: 32,552 | epoch: 1 | remaining: 0s    
step 00398 (45.1%) | loss: 4.025477 | lrm: 1.00 | dt: 1019ms | tok/sec: 32,150 | epoch: 1 | remaining: 0s    
step 00399 (45.2%) | loss: 4.028077 | lrm: 1.00 | dt: 1041ms | tok/sec: 31,482 | epoch: 1 | remaining: 0s    
step 00400 (45.3%) | loss: 4.023022 | lrm: 1.00 | dt: 1083ms | tok/sec: 30,250 | epoch: 1 | remaining: 0s    
step 00401 (45.4%) | loss: 4.017429 | lrm: 1.00 | dt: 1068ms | tok/sec: 30,688 | epoch: 1 | remaining: 0s    
step 00402 (45.5%) | loss: 4.013810 | lrm: 1.00 | dt: 974ms | tok/sec: 33,637 | epoch: 1 | remaining: 0s    
step 00403 (45.6%) | loss: 4.023598 | lrm: 1.00 | dt: 1014ms | tok/sec: 32,307 | epoch: 1 | remaining: 0s    
step 00404 (45.8%) | loss: 4.028340 | lrm: 1.00 | dt: 1068ms | tok/sec: 30,685 | epoch: 1 | remaining: 0s    
step 00405 (45.9%) | loss: 4.025081 | lrm: 1.00 | dt: 1076ms | tok/sec: 30,439 | epoch: 1 | remaining: 0s    
step 00406 (46.0%) | loss: 4.036266 | lrm: 1.00 | dt: 980ms | tok/sec: 33,451 | epoch: 1 | remaining: 0s    
step 00407 (46.1%) | loss: 4.035552 | lrm: 1.00 | dt: 1013ms | tok/sec: 32,346 | epoch: 1 | remaining: 0s    
step 00408 (46.2%) | loss: 4.017754 | lrm: 1.00 | dt: 1065ms | tok/sec: 30,757 | epoch: 1 | remaining: 0s    
step 00409 (46.3%) | loss: 4.013637 | lrm: 1.00 | dt: 1001ms | tok/sec: 32,725 | epoch: 1 | remaining: 0s    
step 00410 (46.4%) | loss: 4.001700 | lrm: 1.00 | dt: 1037ms | tok/sec: 31,584 | epoch: 1 | remaining: 0s    
step 00411 (46.5%) | loss: 3.998766 | lrm: 1.00 | dt: 1029ms | tok/sec: 31,843 | epoch: 1 | remaining: 0s    
step 00412 (46.7%) | loss: 3.988806 | lrm: 1.00 | dt: 992ms | tok/sec: 33,036 | epoch: 1 | remaining: 0s    
step 00413 (46.8%) | loss: 3.982288 | lrm: 1.00 | dt: 1020ms | tok/sec: 32,116 | epoch: 1 | remaining: 0s    
step 00414 (46.9%) | loss: 3.982009 | lrm: 1.00 | dt: 1020ms | tok/sec: 32,140 | epoch: 1 | remaining: 0s    
step 00415 (47.0%) | loss: 3.983050 | lrm: 1.00 | dt: 1025ms | tok/sec: 31,963 | epoch: 1 | remaining: 0s    
step 00416 (47.1%) | loss: 3.983952 | lrm: 1.00 | dt: 1023ms | tok/sec: 32,027 | epoch: 1 | remaining: 0s    
step 00417 (47.2%) | loss: 3.982134 | lrm: 1.00 | dt: 1019ms | tok/sec: 32,170 | epoch: 1 | remaining: 0s    
step 00418 (47.3%) | loss: 3.975719 | lrm: 1.00 | dt: 985ms | tok/sec: 33,252 | epoch: 1 | remaining: 0s    
step 00419 (47.5%) | loss: 3.975876 | lrm: 1.00 | dt: 1038ms | tok/sec: 31,575 | epoch: 1 | remaining: 0s    
step 00420 (47.6%) | loss: 3.979903 | lrm: 1.00 | dt: 1028ms | tok/sec: 31,862 | epoch: 1 | remaining: 0s    
step 00421 (47.7%) | loss: 3.973792 | lrm: 1.00 | dt: 998ms | tok/sec: 32,828 | epoch: 1 | remaining: 0s    
step 00422 (47.8%) | loss: 3.971003 | lrm: 1.00 | dt: 975ms | tok/sec: 33,594 | epoch: 1 | remaining: 0s    
step 00423 (47.9%) | loss: 3.959958 | lrm: 1.00 | dt: 1004ms | tok/sec: 32,621 | epoch: 1 | remaining: 0s    
step 00424 (48.0%) | loss: 3.958257 | lrm: 1.00 | dt: 1020ms | tok/sec: 32,124 | epoch: 1 | remaining: 0s    
step 00425 (48.1%) | loss: 3.957064 | lrm: 1.00 | dt: 991ms | tok/sec: 33,060 | epoch: 1 | remaining: 0s    
step 00426 (48.2%) | loss: 3.952835 | lrm: 1.00 | dt: 1067ms | tok/sec: 30,707 | epoch: 1 | remaining: 0s    
step 00427 (48.4%) | loss: 3.959994 | lrm: 1.00 | dt: 1008ms | tok/sec: 32,496 | epoch: 1 | remaining: 0s    
step 00428 (48.5%) | loss: 3.960542 | lrm: 1.00 | dt: 998ms | tok/sec: 32,839 | epoch: 1 | remaining: 0s    
step 00429 (48.6%) | loss: 3.958505 | lrm: 1.00 | dt: 1043ms | tok/sec: 31,404 | epoch: 1 | remaining: 0s    
step 00430 (48.7%) | loss: 3.969644 | lrm: 1.00 | dt: 999ms | tok/sec: 32,798 | epoch: 1 | remaining: 0s    
step 00431 (48.8%) | loss: 3.967630 | lrm: 1.00 | dt: 1001ms | tok/sec: 32,729 | epoch: 1 | remaining: 0s    
step 00432 (48.9%) | loss: 3.969674 | lrm: 1.00 | dt: 1014ms | tok/sec: 32,300 | epoch: 1 | remaining: 0s    
step 00433 (49.0%) | loss: 3.968040 | lrm: 1.00 | dt: 1002ms | tok/sec: 32,697 | epoch: 1 | remaining: 0s    
step 00434 (49.2%) | loss: 3.957971 | lrm: 1.00 | dt: 994ms | tok/sec: 32,973 | epoch: 1 | remaining: 0s    
step 00435 (49.3%) | loss: 3.954115 | lrm: 1.00 | dt: 1023ms | tok/sec: 32,030 | epoch: 1 | remaining: 0s    
step 00436 (49.4%) | loss: 3.957565 | lrm: 1.00 | dt: 1001ms | tok/sec: 32,741 | epoch: 1 | remaining: 0s    
step 00437 (49.5%) | loss: 3.954849 | lrm: 1.00 | dt: 982ms | tok/sec: 33,357 | epoch: 1 | remaining: 0s    
step 00438 (49.6%) | loss: 3.955501 | lrm: 1.00 | dt: 1000ms | tok/sec: 32,776 | epoch: 1 | remaining: 0s    
step 00439 (49.7%) | loss: 3.949613 | lrm: 1.00 | dt: 1059ms | tok/sec: 30,940 | epoch: 1 | remaining: 0s    
step 00440 (49.8%) | loss: 3.952623 | lrm: 1.00 | dt: 1001ms | tok/sec: 32,731 | epoch: 1 | remaining: 0s    
step 00441 (49.9%) | loss: 3.955637 | lrm: 1.00 | dt: 988ms | tok/sec: 33,157 | epoch: 1 | remaining: 0s    
step 00442 (50.1%) | loss: 3.959843 | lrm: 1.00 | dt: 1001ms | tok/sec: 32,736 | epoch: 1 | remaining: 0s    
step 00443 (50.2%) | loss: 3.956937 | lrm: 1.00 | dt: 1026ms | tok/sec: 31,944 | epoch: 1 | remaining: 0s    
step 00444 (50.3%) | loss: 3.954915 | lrm: 0.99 | dt: 1000ms | tok/sec: 32,756 | epoch: 1 | remaining: 0s    
step 00445 (50.4%) | loss: 3.955578 | lrm: 0.99 | dt: 1001ms | tok/sec: 32,720 | epoch: 1 | remaining: 0s    
step 00446 (50.5%) | loss: 3.948253 | lrm: 0.99 | dt: 1005ms | tok/sec: 32,593 | epoch: 1 | remaining: 0s    
step 00447 (50.6%) | loss: 3.946537 | lrm: 0.99 | dt: 1026ms | tok/sec: 31,932 | epoch: 1 | remaining: 0s    
step 00448 (50.7%) | loss: 3.945513 | lrm: 0.99 | dt: 985ms | tok/sec: 33,272 | epoch: 1 | remaining: 0s    
step 00449 (50.8%) | loss: 3.938557 | lrm: 0.98 | dt: 1046ms | tok/sec: 31,314 | epoch: 1 | remaining: 0s    
step 00450 (51.0%) | loss: 3.937772 | lrm: 0.98 | dt: 1050ms | tok/sec: 31,196 | epoch: 1 | remaining: 0s    
step 00451 (51.1%) | loss: 3.927398 | lrm: 0.98 | dt: 993ms | tok/sec: 32,987 | epoch: 1 | remaining: 0s    
step 00452 (51.2%) | loss: 3.937881 | lrm: 0.98 | dt: 1009ms | tok/sec: 32,483 | epoch: 1 | remaining: 0s    
step 00453 (51.3%) | loss: 3.931491 | lrm: 0.97 | dt: 1006ms | tok/sec: 32,578 | epoch: 1 | remaining: 0s    
step 00454 (51.4%) | loss: 3.931609 | lrm: 0.97 | dt: 1011ms | tok/sec: 32,409 | epoch: 1 | remaining: 0s    
step 00455 (51.5%) | loss: 3.933780 | lrm: 0.97 | dt: 992ms | tok/sec: 33,047 | epoch: 1 | remaining: 0s    
step 00456 (51.6%) | loss: 3.939719 | lrm: 0.97 | dt: 999ms | tok/sec: 32,798 | epoch: 1 | remaining: 0s    
step 00457 (51.8%) | loss: 3.938984 | lrm: 0.96 | dt: 980ms | tok/sec: 33,449 | epoch: 1 | remaining: 0s    
step 00458 (51.9%) | loss: 3.939376 | lrm: 0.96 | dt: 1013ms | tok/sec: 32,345 | epoch: 1 | remaining: 0s    
step 00459 (52.0%) | loss: 3.936393 | lrm: 0.96 | dt: 1024ms | tok/sec: 32,004 | epoch: 1 | remaining: 0s    
step 00460 (52.1%) | loss: 3.936182 | lrm: 0.96 | dt: 998ms | tok/sec: 32,846 | epoch: 1 | remaining: 0s    
step 00461 (52.2%) | loss: 3.928891 | lrm: 0.96 | dt: 986ms | tok/sec: 33,218 | epoch: 1 | remaining: 0s    
step 00462 (52.3%) | loss: 3.932597 | lrm: 0.95 | dt: 991ms | tok/sec: 33,075 | epoch: 1 | remaining: 0s    
step 00463 (52.4%) | loss: 3.930515 | lrm: 0.95 | dt: 1005ms | tok/sec: 32,592 | epoch: 1 | remaining: 0s    
step 00464 (52.5%) | loss: 3.933895 | lrm: 0.95 | dt: 985ms | tok/sec: 33,255 | epoch: 1 | remaining: 0s    
step 00465 (52.7%) | loss: 3.923095 | lrm: 0.95 | dt: 1018ms | tok/sec: 32,201 | epoch: 1 | remaining: 0s    
step 00466 (52.8%) | loss: 3.922191 | lrm: 0.94 | dt: 991ms | tok/sec: 33,059 | epoch: 1 | remaining: 0s    
step 00467 (52.9%) | loss: 3.932763 | lrm: 0.94 | dt: 984ms | tok/sec: 33,306 | epoch: 1 | remaining: 0s    
step 00468 (53.0%) | loss: 3.929974 | lrm: 0.94 | dt: 994ms | tok/sec: 32,975 | epoch: 1 | remaining: 0s    
step 00469 (53.1%) | loss: 3.927802 | lrm: 0.94 | dt: 1021ms | tok/sec: 32,105 | epoch: 1 | remaining: 0s    
step 00470 (53.2%) | loss: 3.922891 | lrm: 0.94 | dt: 994ms | tok/sec: 32,968 | epoch: 1 | remaining: 0s    
step 00471 (53.3%) | loss: 3.912767 | lrm: 0.93 | dt: 972ms | tok/sec: 33,715 | epoch: 1 | remaining: 0s    
step 00472 (53.5%) | loss: 3.909873 | lrm: 0.93 | dt: 1001ms | tok/sec: 32,725 | epoch: 1 | remaining: 0s    
step 00473 (53.6%) | loss: 3.902589 | lrm: 0.93 | dt: 990ms | tok/sec: 33,083 | epoch: 1 | remaining: 0s    
step 00474 (53.7%) | loss: 3.891587 | lrm: 0.93 | dt: 1004ms | tok/sec: 32,629 | epoch: 1 | remaining: 0s    
step 00475 (53.8%) | loss: 3.887586 | lrm: 0.92 | dt: 1020ms | tok/sec: 32,123 | epoch: 1 | remaining: 0s    
step 00476 (53.9%) | loss: 3.887514 | lrm: 0.92 | dt: 995ms | tok/sec: 32,935 | epoch: 1 | remaining: 0s    
step 00477 (54.0%) | loss: 3.887082 | lrm: 0.92 | dt: 984ms | tok/sec: 33,314 | epoch: 1 | remaining: 0s    
step 00478 (54.1%) | loss: 3.886456 | lrm: 0.92 | dt: 1000ms | tok/sec: 32,758 | epoch: 1 | remaining: 0s    
step 00479 (54.2%) | loss: 3.888542 | lrm: 0.92 | dt: 1013ms | tok/sec: 32,341 | epoch: 1 | remaining: 0s    
step 00480 (54.4%) | loss: 3.878742 | lrm: 0.91 | dt: 1003ms | tok/sec: 32,655 | epoch: 1 | remaining: 0s    
step 00481 (54.5%) | loss: 3.873059 | lrm: 0.91 | dt: 1014ms | tok/sec: 32,327 | epoch: 1 | remaining: 0s    
step 00482 (54.6%) | loss: 3.865139 | lrm: 0.91 | dt: 996ms | tok/sec: 32,889 | epoch: 1 | remaining: 0s    
step 00483 (54.7%) | loss: 3.875766 | lrm: 0.91 | dt: 1029ms | tok/sec: 31,832 | epoch: 1 | remaining: 0s    
step 00484 (54.8%) | loss: 3.878278 | lrm: 0.90 | dt: 1003ms | tok/sec: 32,664 | epoch: 1 | remaining: 0s    
step 00485 (54.9%) | loss: 3.878483 | lrm: 0.90 | dt: 1021ms | tok/sec: 32,100 | epoch: 1 | remaining: 0s    
step 00486 (55.0%) | loss: 3.876372 | lrm: 0.90 | dt: 1029ms | tok/sec: 31,845 | epoch: 1 | remaining: 0s    
step 00487 (55.2%) | loss: 3.873663 | lrm: 0.90 | dt: 1007ms | tok/sec: 32,541 | epoch: 1 | remaining: 0s    
step 00488 (55.3%) | loss: 3.879110 | lrm: 0.89 | dt: 997ms | tok/sec: 32,854 | epoch: 1 | remaining: 0s    
step 00489 (55.4%) | loss: 3.879271 | lrm: 0.89 | dt: 1010ms | tok/sec: 32,445 | epoch: 1 | remaining: 0s    
step 00490 (55.5%) | loss: 3.881115 | lrm: 0.89 | dt: 1036ms | tok/sec: 31,622 | epoch: 1 | remaining: 0s    
step 00491 (55.6%) | loss: 3.880259 | lrm: 0.89 | dt: 987ms | tok/sec: 33,197 | epoch: 1 | remaining: 0s    
step 00492 (55.7%) | loss: 3.870873 | lrm: 0.89 | dt: 982ms | tok/sec: 33,364 | epoch: 1 | remaining: 0s    
step 00493 (55.8%) | loss: 3.873997 | lrm: 0.88 | dt: 986ms | tok/sec: 33,241 | epoch: 1 | remaining: 0s    
step 00494 (55.9%) | loss: 3.876722 | lrm: 0.88 | dt: 1025ms | tok/sec: 31,973 | epoch: 1 | remaining: 0s    
step 00495 (56.1%) | loss: 3.878796 | lrm: 0.88 | dt: 999ms | tok/sec: 32,802 | epoch: 1 | remaining: 0s    
step 00496 (56.2%) | loss: 3.876187 | lrm: 0.88 | dt: 1026ms | tok/sec: 31,930 | epoch: 1 | remaining: 0s    
step 00497 (56.3%) | loss: 3.874917 | lrm: 0.87 | dt: 1015ms | tok/sec: 32,293 | epoch: 1 | remaining: 0s    
step 00498 (56.4%) | loss: 3.864825 | lrm: 0.87 | dt: 970ms | tok/sec: 33,778 | epoch: 1 | remaining: 0s    
step 00499 (56.5%) | loss: 3.869534 | lrm: 0.87 | dt: 1015ms | tok/sec: 32,289 | epoch: 1 | remaining: 0s    
step 00500 (56.6%) | loss: 3.874433 | lrm: 0.87 | dt: 1008ms | tok/sec: 32,499 | epoch: 1 | remaining: 0s    
step 00501 (56.7%) | loss: 3.879882 | lrm: 0.87 | dt: 1041ms | tok/sec: 31,469 | epoch: 1 | remaining: 0s    
step 00502 (56.9%) | loss: 3.871331 | lrm: 0.86 | dt: 991ms | tok/sec: 33,055 | epoch: 1 | remaining: 0s    
step 00503 (57.0%) | loss: 3.863436 | lrm: 0.86 | dt: 994ms | tok/sec: 32,949 | epoch: 1 | remaining: 0s    
step 00504 (57.1%) | loss: 3.854569 | lrm: 0.86 | dt: 1030ms | tok/sec: 31,800 | epoch: 1 | remaining: 0s    
step 00505 (57.2%) | loss: 3.860028 | lrm: 0.86 | dt: 1008ms | tok/sec: 32,511 | epoch: 1 | remaining: 0s    
step 00506 (57.3%) | loss: 3.866078 | lrm: 0.85 | dt: 1000ms | tok/sec: 32,784 | epoch: 1 | remaining: 0s    
step 00507 (57.4%) | loss: 3.868196 | lrm: 0.85 | dt: 993ms | tok/sec: 33,006 | epoch: 1 | remaining: 0s    
step 00508 (57.5%) | loss: 3.868649 | lrm: 0.85 | dt: 1042ms | tok/sec: 31,462 | epoch: 1 | remaining: 0s    
step 00509 (57.6%) | loss: 3.870030 | lrm: 0.85 | dt: 1036ms | tok/sec: 31,639 | epoch: 1 | remaining: 0s    
step 00510 (57.8%) | loss: 3.866773 | lrm: 0.84 | dt: 983ms | tok/sec: 33,333 | epoch: 1 | remaining: 0s    
step 00511 (57.9%) | loss: 3.862442 | lrm: 0.84 | dt: 1034ms | tok/sec: 31,703 | epoch: 1 | remaining: 0s    
step 00512 (58.0%) | loss: 3.868256 | lrm: 0.84 | dt: 1001ms | tok/sec: 32,748 | epoch: 1 | remaining: 0s    
step 00513 (58.1%) | loss: 3.865721 | lrm: 0.84 | dt: 1000ms | tok/sec: 32,783 | epoch: 1 | remaining: 0s    
step 00514 (58.2%) | loss: 3.860438 | lrm: 0.84 | dt: 1034ms | tok/sec: 31,699 | epoch: 1 | remaining: 0s    
step 00515 (58.3%) | loss: 3.863839 | lrm: 0.83 | dt: 1032ms | tok/sec: 31,764 | epoch: 1 | remaining: 0s    
step 00516 (58.4%) | loss: 3.859088 | lrm: 0.83 | dt: 995ms | tok/sec: 32,936 | epoch: 1 | remaining: 0s    
step 00517 (58.6%) | loss: 3.853581 | lrm: 0.83 | dt: 991ms | tok/sec: 33,052 | epoch: 1 | remaining: 0s    
step 00518 (58.7%) | loss: 3.844336 | lrm: 0.83 | dt: 1055ms | tok/sec: 31,065 | epoch: 1 | remaining: 0s    
step 00519 (58.8%) | loss: 3.844703 | lrm: 0.82 | dt: 1049ms | tok/sec: 31,246 | epoch: 1 | remaining: 0s    
step 00520 (58.9%) | loss: 3.838341 | lrm: 0.82 | dt: 1061ms | tok/sec: 30,875 | epoch: 1 | remaining: 0s    
step 00521 (59.0%) | loss: 3.833631 | lrm: 0.82 | dt: 934ms | tok/sec: 35,089 | epoch: 1 | remaining: 0s    
step 00522 (59.1%) | loss: 3.823127 | lrm: 0.82 | dt: 1015ms | tok/sec: 32,279 | epoch: 1 | remaining: 0s    
step 00523 (59.2%) | loss: 3.827509 | lrm: 0.82 | dt: 1050ms | tok/sec: 31,215 | epoch: 1 | remaining: 0s    
step 00524 (59.3%) | loss: 3.817945 | lrm: 0.81 | dt: 1068ms | tok/sec: 30,685 | epoch: 1 | remaining: 0s    
step 00525 (59.5%) | loss: 3.831908 | lrm: 0.81 | dt: 976ms | tok/sec: 33,576 | epoch: 1 | remaining: 0s    
step 00526 (59.6%) | loss: 3.841169 | lrm: 0.81 | dt: 1016ms | tok/sec: 32,267 | epoch: 1 | remaining: 0s    
step 00527 (59.7%) | loss: 3.837910 | lrm: 0.81 | dt: 1001ms | tok/sec: 32,721 | epoch: 1 | remaining: 0s    
step 00528 (59.8%) | loss: 3.840491 | lrm: 0.80 | dt: 1064ms | tok/sec: 30,784 | epoch: 1 | remaining: 0s    
step 00529 (59.9%) | loss: 3.838478 | lrm: 0.80 | dt: 1049ms | tok/sec: 31,250 | epoch: 1 | remaining: 0s    
step 00530 (60.0%) | loss: 3.838427 | lrm: 0.80 | dt: 1027ms | tok/sec: 31,904 | epoch: 1 | remaining: 0s    
step 00531 (60.1%) | loss: 3.838824 | lrm: 0.80 | dt: 976ms | tok/sec: 33,559 | epoch: 1 | remaining: 0s    
step 00532 (60.2%) | loss: 3.840087 | lrm: 0.80 | dt: 1008ms | tok/sec: 32,493 | epoch: 1 | remaining: 0s    
step 00533 (60.4%) | loss: 3.842983 | lrm: 0.79 | dt: 1024ms | tok/sec: 31,998 | epoch: 1 | remaining: 0s    
step 00534 (60.5%) | loss: 3.835090 | lrm: 0.79 | dt: 1037ms | tok/sec: 31,585 | epoch: 1 | remaining: 0s    
step 00535 (60.6%) | loss: 3.833872 | lrm: 0.79 | dt: 1030ms | tok/sec: 31,809 | epoch: 1 | remaining: 0s    
step 00536 (60.7%) | loss: 3.835878 | lrm: 0.79 | dt: 1015ms | tok/sec: 32,291 | epoch: 1 | remaining: 0s    
step 00537 (60.8%) | loss: 3.828873 | lrm: 0.78 | dt: 983ms | tok/sec: 33,350 | epoch: 1 | remaining: 0s    
step 00538 (60.9%) | loss: 3.825906 | lrm: 0.78 | dt: 1065ms | tok/sec: 30,770 | epoch: 1 | remaining: 0s    
step 00539 (61.0%) | loss: 3.823492 | lrm: 0.78 | dt: 1053ms | tok/sec: 31,108 | epoch: 1 | remaining: 0s    
step 00540 (61.2%) | loss: 3.817786 | lrm: 0.78 | dt: 1001ms | tok/sec: 32,740 | epoch: 1 | remaining: 0s    
step 00541 (61.3%) | loss: 3.817110 | lrm: 0.77 | dt: 1013ms | tok/sec: 32,347 | epoch: 1 | remaining: 0s    
step 00542 (61.4%) | loss: 3.818024 | lrm: 0.77 | dt: 1034ms | tok/sec: 31,692 | epoch: 1 | remaining: 0s    
step 00543 (61.5%) | loss: 3.814023 | lrm: 0.77 | dt: 983ms | tok/sec: 33,329 | epoch: 1 | remaining: 0s    
step 00544 (61.6%) | loss: 3.800822 | lrm: 0.77 | dt: 1006ms | tok/sec: 32,563 | epoch: 1 | remaining: 0s    
step 00545 (61.7%) | loss: 3.802056 | lrm: 0.77 | dt: 1051ms | tok/sec: 31,184 | epoch: 1 | remaining: 0s    
step 00546 (61.8%) | loss: 3.802251 | lrm: 0.76 | dt: 1004ms | tok/sec: 32,637 | epoch: 1 | remaining: 0s    
step 00547 (61.9%) | loss: 3.797872 | lrm: 0.76 | dt: 1014ms | tok/sec: 32,304 | epoch: 1 | remaining: 0s    
step 00548 (62.1%) | loss: 3.801490 | lrm: 0.76 | dt: 1066ms | tok/sec: 30,736 | epoch: 1 | remaining: 0s    
step 00549 (62.2%) | loss: 3.798809 | lrm: 0.76 | dt: 1069ms | tok/sec: 30,650 | epoch: 1 | remaining: 0s    
step 00550 (62.3%) | loss: 3.807196 | lrm: 0.75 | dt: 989ms | tok/sec: 33,135 | epoch: 1 | remaining: 0s    
step 00551 (62.4%) | loss: 3.806664 | lrm: 0.75 | dt: 956ms | tok/sec: 34,269 | epoch: 1 | remaining: 0s    
step 00552 (62.5%) | loss: 3.807562 | lrm: 0.75 | dt: 1035ms | tok/sec: 31,660 | epoch: 1 | remaining: 0s    
step 00553 (62.6%) | loss: 3.803694 | lrm: 0.75 | dt: 1059ms | tok/sec: 30,941 | epoch: 1 | remaining: 0s    
step 00554 (62.7%) | loss: 3.800706 | lrm: 0.75 | dt: 1065ms | tok/sec: 30,775 | epoch: 1 | remaining: 0s    
step 00555 (62.9%) | loss: 3.798896 | lrm: 0.74 | dt: 1018ms | tok/sec: 32,196 | epoch: 1 | remaining: 0s    
step 00556 (63.0%) | loss: 3.791824 | lrm: 0.74 | dt: 1000ms | tok/sec: 32,770 | epoch: 1 | remaining: 0s    
step 00557 (63.1%) | loss: 3.791032 | lrm: 0.74 | dt: 1054ms | tok/sec: 31,076 | epoch: 1 | remaining: 0s    
step 00558 (63.2%) | loss: 3.789396 | lrm: 0.74 | dt: 1047ms | tok/sec: 31,297 | epoch: 1 | remaining: 0s    
step 00559 (63.3%) | loss: 3.794052 | lrm: 0.73 | dt: 1034ms | tok/sec: 31,701 | epoch: 1 | remaining: 0s    
step 00560 (63.4%) | loss: 3.789831 | lrm: 0.73 | dt: 1022ms | tok/sec: 32,065 | epoch: 1 | remaining: 0s    
step 00561 (63.5%) | loss: 3.789318 | lrm: 0.73 | dt: 979ms | tok/sec: 33,480 | epoch: 1 | remaining: 0s    
step 00562 (63.6%) | loss: 3.782412 | lrm: 0.73 | dt: 1022ms | tok/sec: 32,068 | epoch: 1 | remaining: 0s    
step 00563 (63.8%) | loss: 3.783506 | lrm: 0.72 | dt: 1053ms | tok/sec: 31,105 | epoch: 1 | remaining: 0s    
step 00564 (63.9%) | loss: 3.780585 | lrm: 0.72 | dt: 1017ms | tok/sec: 32,228 | epoch: 1 | remaining: 0s    
step 00565 (64.0%) | loss: 3.779304 | lrm: 0.72 | dt: 1017ms | tok/sec: 32,231 | epoch: 1 | remaining: 0s    
step 00566 (64.1%) | loss: 3.789428 | lrm: 0.72 | dt: 1049ms | tok/sec: 31,248 | epoch: 1 | remaining: 0s    
step 00567 (64.2%) | loss: 3.783677 | lrm: 0.72 | dt: 1074ms | tok/sec: 30,521 | epoch: 1 | remaining: 0s    
step 00568 (64.3%) | loss: 3.792619 | lrm: 0.71 | dt: 1017ms | tok/sec: 32,224 | epoch: 1 | remaining: 0s    
step 00569 (64.4%) | loss: 3.796061 | lrm: 0.71 | dt: 1025ms | tok/sec: 31,981 | epoch: 1 | remaining: 0s    
step 00570 (64.6%) | loss: 3.789287 | lrm: 0.71 | dt: 1013ms | tok/sec: 32,356 | epoch: 1 | remaining: 0s    
step 00571 (64.7%) | loss: 3.788465 | lrm: 0.71 | dt: 1053ms | tok/sec: 31,111 | epoch: 1 | remaining: 0s    
step 00572 (64.8%) | loss: 3.794700 | lrm: 0.70 | dt: 1079ms | tok/sec: 30,373 | epoch: 1 | remaining: 0s    
step 00573 (64.9%) | loss: 3.795477 | lrm: 0.70 | dt: 1062ms | tok/sec: 30,863 | epoch: 1 | remaining: 0s    
step 00574 (65.0%) | loss: 3.788972 | lrm: 0.70 | dt: 947ms | tok/sec: 34,606 | epoch: 1 | remaining: 0s    
step 00575 (65.1%) | loss: 3.788069 | lrm: 0.70 | dt: 984ms | tok/sec: 33,315 | epoch: 1 | remaining: 0s    
step 00576 (65.2%) | loss: 3.779648 | lrm: 0.70 | dt: 1191ms | tok/sec: 27,502 | epoch: 1 | remaining: 0s    
step 00577 (65.3%) | loss: 3.773632 | lrm: 0.69 | dt: 1164ms | tok/sec: 28,157 | epoch: 1 | remaining: 0s    
step 00578 (65.5%) | loss: 3.776318 | lrm: 0.69 | dt: 974ms | tok/sec: 33,647 | epoch: 1 | remaining: 0s    
step 00579 (65.6%) | loss: 3.777030 | lrm: 0.69 | dt: 950ms | tok/sec: 34,491 | epoch: 1 | remaining: 0s    
step 00580 (65.7%) | loss: 3.772000 | lrm: 0.69 | dt: 1033ms | tok/sec: 31,721 | epoch: 1 | remaining: 0s    
step 00581 (65.8%) | loss: 3.781158 | lrm: 0.68 | dt: 1162ms | tok/sec: 28,196 | epoch: 1 | remaining: 0s    
step 00582 (65.9%) | loss: 3.789776 | lrm: 0.68 | dt: 1084ms | tok/sec: 30,236 | epoch: 1 | remaining: 0s    
step 00583 (66.0%) | loss: 3.782624 | lrm: 0.68 | dt: 964ms | tok/sec: 34,000 | epoch: 1 | remaining: 0s    
step 00584 (66.1%) | loss: 3.777204 | lrm: 0.68 | dt: 962ms | tok/sec: 34,066 | epoch: 1 | remaining: 0s    
step 00585 (66.3%) | loss: 3.778889 | lrm: 0.67 | dt: 1083ms | tok/sec: 30,266 | epoch: 1 | remaining: 0s    
step 00586 (66.4%) | loss: 3.767121 | lrm: 0.67 | dt: 1175ms | tok/sec: 27,879 | epoch: 1 | remaining: 0s    
step 00587 (66.5%) | loss: 3.764455 | lrm: 0.67 | dt: 1056ms | tok/sec: 31,031 | epoch: 1 | remaining: 0s    
step 00588 (66.6%) | loss: 3.772892 | lrm: 0.67 | dt: 1059ms | tok/sec: 30,943 | epoch: 1 | remaining: 0s    
step 00589 (66.7%) | loss: 3.766352 | lrm: 0.67 | dt: 1018ms | tok/sec: 32,183 | epoch: 1 | remaining: 0s    
step 00590 (66.8%) | loss: 3.768143 | lrm: 0.66 | dt: 1007ms | tok/sec: 32,548 | epoch: 1 | remaining: 0s    
step 00591 (66.9%) | loss: 3.774568 | lrm: 0.66 | dt: 1050ms | tok/sec: 31,217 | epoch: 1 | remaining: 0s    
step 00592 (67.0%) | loss: 3.781280 | lrm: 0.66 | dt: 1044ms | tok/sec: 31,380 | epoch: 1 | remaining: 0s    
step 00593 (67.2%) | loss: 3.784860 | lrm: 0.66 | dt: 1047ms | tok/sec: 31,283 | epoch: 1 | remaining: 0s    
step 00594 (67.3%) | loss: 3.784204 | lrm: 0.65 | dt: 1065ms | tok/sec: 30,763 | epoch: 1 | remaining: 0s    
step 00595 (67.4%) | loss: 3.775907 | lrm: 0.65 | dt: 1037ms | tok/sec: 31,605 | epoch: 1 | remaining: 0s    
step 00596 (67.5%) | loss: 3.780141 | lrm: 0.65 | dt: 1072ms | tok/sec: 30,576 | epoch: 1 | remaining: 0s    
step 00597 (67.6%) | loss: 3.774437 | lrm: 0.65 | dt: 1060ms | tok/sec: 30,917 | epoch: 1 | remaining: 0s    
step 00598 (67.7%) | loss: 3.766259 | lrm: 0.65 | dt: 990ms | tok/sec: 33,113 | epoch: 1 | remaining: 0s    
step 00599 (67.8%) | loss: 3.769584 | lrm: 0.64 | dt: 1050ms | tok/sec: 31,215 | epoch: 1 | remaining: 0s    
step 00600 (68.0%) | loss: 3.762121 | lrm: 0.64 | dt: 1040ms | tok/sec: 31,497 | epoch: 1 | remaining: 0s    
step 00601 (68.1%) | loss: 3.755987 | lrm: 0.64 | dt: 1038ms | tok/sec: 31,575 | epoch: 1 | remaining: 0s    
step 00602 (68.2%) | loss: 3.756567 | lrm: 0.64 | dt: 1055ms | tok/sec: 31,049 | epoch: 1 | remaining: 0s    
step 00603 (68.3%) | loss: 3.748304 | lrm: 0.63 | dt: 1061ms | tok/sec: 30,891 | epoch: 1 | remaining: 0s    
step 00604 (68.4%) | loss: 3.741914 | lrm: 0.63 | dt: 1075ms | tok/sec: 30,477 | epoch: 1 | remaining: 0s    
step 00605 (68.5%) | loss: 3.739466 | lrm: 0.63 | dt: 1056ms | tok/sec: 31,038 | epoch: 1 | remaining: 0s    
step 00606 (68.6%) | loss: 3.735346 | lrm: 0.63 | dt: 1070ms | tok/sec: 30,614 | epoch: 1 | remaining: 0s    
step 00607 (68.7%) | loss: 3.735437 | lrm: 0.63 | dt: 1057ms | tok/sec: 30,996 | epoch: 1 | remaining: 0s    
step 00608 (68.9%) | loss: 3.740493 | lrm: 0.62 | dt: 1023ms | tok/sec: 32,021 | epoch: 1 | remaining: 0s    
step 00609 (69.0%) | loss: 3.739309 | lrm: 0.62 | dt: 1077ms | tok/sec: 30,420 | epoch: 1 | remaining: 0s    
step 00610 (69.1%) | loss: 3.750526 | lrm: 0.62 | dt: 1025ms | tok/sec: 31,982 | epoch: 1 | remaining: 0s    
step 00611 (69.2%) | loss: 3.751555 | lrm: 0.62 | dt: 1054ms | tok/sec: 31,083 | epoch: 1 | remaining: 0s    
step 00612 (69.3%) | loss: 3.749007 | lrm: 0.61 | dt: 1009ms | tok/sec: 32,477 | epoch: 1 | remaining: 0s    
step 00613 (69.4%) | loss: 3.740882 | lrm: 0.61 | dt: 1033ms | tok/sec: 31,731 | epoch: 1 | remaining: 0s    
step 00614 (69.5%) | loss: 3.742438 | lrm: 0.61 | dt: 1056ms | tok/sec: 31,043 | epoch: 1 | remaining: 0s    
step 00615 (69.6%) | loss: 3.739209 | lrm: 0.61 | dt: 1064ms | tok/sec: 30,797 | epoch: 1 | remaining: 0s    
step 00616 (69.8%) | loss: 3.739302 | lrm: 0.60 | dt: 1034ms | tok/sec: 31,681 | epoch: 1 | remaining: 0s    
step 00617 (69.9%) | loss: 3.741891 | lrm: 0.60 | dt: 1001ms | tok/sec: 32,734 | epoch: 1 | remaining: 0s    
step 00618 (70.0%) | loss: 3.748905 | lrm: 0.60 | dt: 1028ms | tok/sec: 31,861 | epoch: 1 | remaining: 0s    
step 00619 (70.1%) | loss: 3.749689 | lrm: 0.60 | dt: 1028ms | tok/sec: 31,872 | epoch: 1 | remaining: 0s    
step 00620 (70.2%) | loss: 3.758444 | lrm: 0.60 | dt: 1074ms | tok/sec: 30,510 | epoch: 1 | remaining: 0s    
step 00621 (70.3%) | loss: 3.761660 | lrm: 0.59 | dt: 1068ms | tok/sec: 30,685 | epoch: 1 | remaining: 0s    
step 00622 (70.4%) | loss: 3.769369 | lrm: 0.59 | dt: 955ms | tok/sec: 34,315 | epoch: 1 | remaining: 0s    
step 00623 (70.6%) | loss: 3.767314 | lrm: 0.59 | dt: 1020ms | tok/sec: 32,125 | epoch: 1 | remaining: 0s    
step 00624 (70.7%) | loss: 3.766100 | lrm: 0.59 | dt: 1018ms | tok/sec: 32,174 | epoch: 1 | remaining: 0s    
step 00625 (70.8%) | loss: 3.755654 | lrm: 0.58 | dt: 1062ms | tok/sec: 30,841 | epoch: 1 | remaining: 0s    
step 00626 (70.9%) | loss: 3.762591 | lrm: 0.58 | dt: 978ms | tok/sec: 33,490 | epoch: 1 | remaining: 0s    
step 00627 (71.0%) | loss: 3.760965 | lrm: 0.58 | dt: 1013ms | tok/sec: 32,336 | epoch: 1 | remaining: 0s    
step 00628 (71.1%) | loss: 3.757179 | lrm: 0.58 | dt: 1036ms | tok/sec: 31,615 | epoch: 1 | remaining: 0s    
step 00629 (71.2%) | loss: 3.755952 | lrm: 0.58 | dt: 1020ms | tok/sec: 32,125 | epoch: 1 | remaining: 0s    
step 00630 (71.3%) | loss: 3.759772 | lrm: 0.57 | dt: 1014ms | tok/sec: 32,322 | epoch: 1 | remaining: 0s    
step 00631 (71.5%) | loss: 3.758430 | lrm: 0.57 | dt: 1016ms | tok/sec: 32,246 | epoch: 1 | remaining: 0s    
step 00632 (71.6%) | loss: 3.755002 | lrm: 0.57 | dt: 1009ms | tok/sec: 32,473 | epoch: 1 | remaining: 0s    
step 00633 (71.7%) | loss: 3.753146 | lrm: 0.57 | dt: 1025ms | tok/sec: 31,958 | epoch: 1 | remaining: 0s    
step 00634 (71.8%) | loss: 3.740384 | lrm: 0.56 | dt: 1008ms | tok/sec: 32,498 | epoch: 1 | remaining: 0s    
step 00635 (71.9%) | loss: 3.740965 | lrm: 0.56 | dt: 1041ms | tok/sec: 31,466 | epoch: 1 | remaining: 0s    
step 00636 (72.0%) | loss: 3.741003 | lrm: 0.56 | dt: 1007ms | tok/sec: 32,556 | epoch: 1 | remaining: 0s    
step 00637 (72.1%) | loss: 3.733078 | lrm: 0.56 | dt: 1001ms | tok/sec: 32,742 | epoch: 1 | remaining: 0s    
step 00638 (72.3%) | loss: 3.734753 | lrm: 0.55 | dt: 1009ms | tok/sec: 32,481 | epoch: 1 | remaining: 0s    
step 00639 (72.4%) | loss: 3.730384 | lrm: 0.55 | dt: 1005ms | tok/sec: 32,605 | epoch: 1 | remaining: 0s    
step 00640 (72.5%) | loss: 3.720394 | lrm: 0.55 | dt: 1034ms | tok/sec: 31,684 | epoch: 1 | remaining: 0s    
step 00641 (72.6%) | loss: 3.721969 | lrm: 0.55 | dt: 1043ms | tok/sec: 31,415 | epoch: 1 | remaining: 0s    
step 00642 (72.7%) | loss: 3.716070 | lrm: 0.55 | dt: 993ms | tok/sec: 33,008 | epoch: 1 | remaining: 0s    
step 00643 (72.8%) | loss: 3.711869 | lrm: 0.54 | dt: 1000ms | tok/sec: 32,766 | epoch: 1 | remaining: 0s    
step 00644 (72.9%) | loss: 3.703449 | lrm: 0.54 | dt: 1008ms | tok/sec: 32,501 | epoch: 1 | remaining: 0s    
step 00645 (73.0%) | loss: 3.703976 | lrm: 0.54 | dt: 1007ms | tok/sec: 32,542 | epoch: 1 | remaining: 0s    
step 00646 (73.2%) | loss: 3.710981 | lrm: 0.54 | dt: 1017ms | tok/sec: 32,232 | epoch: 1 | remaining: 0s    
step 00647 (73.3%) | loss: 3.722405 | lrm: 0.53 | dt: 976ms | tok/sec: 33,586 | epoch: 1 | remaining: 0s    
step 00648 (73.4%) | loss: 3.712598 | lrm: 0.53 | dt: 1009ms | tok/sec: 32,485 | epoch: 1 | remaining: 0s    
step 00649 (73.5%) | loss: 3.708425 | lrm: 0.53 | dt: 1021ms | tok/sec: 32,086 | epoch: 1 | remaining: 0s    
step 00650 (73.6%) | loss: 3.707710 | lrm: 0.53 | dt: 1043ms | tok/sec: 31,432 | epoch: 1 | remaining: 0s    
step 00651 (73.7%) | loss: 3.707015 | lrm: 0.53 | dt: 1025ms | tok/sec: 31,983 | epoch: 1 | remaining: 0s    
step 00652 (73.8%) | loss: 3.707146 | lrm: 0.52 | dt: 1000ms | tok/sec: 32,768 | epoch: 1 | remaining: 0s    
step 00653 (74.0%) | loss: 3.700046 | lrm: 0.52 | dt: 1002ms | tok/sec: 32,696 | epoch: 1 | remaining: 0s    
step 00654 (74.1%) | loss: 3.700726 | lrm: 0.52 | dt: 1002ms | tok/sec: 32,702 | epoch: 1 | remaining: 0s    
step 00655 (74.2%) | loss: 3.697129 | lrm: 0.52 | dt: 1055ms | tok/sec: 31,066 | epoch: 1 | remaining: 0s    
step 00656 (74.3%) | loss: 3.692680 | lrm: 0.51 | dt: 1002ms | tok/sec: 32,716 | epoch: 1 | remaining: 0s    
step 00657 (74.4%) | loss: 3.693106 | lrm: 0.51 | dt: 1024ms | tok/sec: 32,002 | epoch: 1 | remaining: 0s    
step 00658 (74.5%) | loss: 3.691259 | lrm: 0.51 | dt: 994ms | tok/sec: 32,974 | epoch: 1 | remaining: 0s    
step 00659 (74.6%) | loss: 3.695326 | lrm: 0.51 | dt: 1000ms | tok/sec: 32,783 | epoch: 1 | remaining: 0s    
step 00660 (74.7%) | loss: 3.695234 | lrm: 0.51 | dt: 1039ms | tok/sec: 31,534 | epoch: 1 | remaining: 0s    
step 00661 (74.9%) | loss: 3.694369 | lrm: 0.50 | dt: 1053ms | tok/sec: 31,128 | epoch: 1 | remaining: 0s    
step 00662 (75.0%) | loss: 3.690362 | lrm: 0.50 | dt: 1075ms | tok/sec: 30,474 | epoch: 1 | remaining: 0s    
step 00663 (75.1%) | loss: 3.693283 | lrm: 0.50 | dt: 957ms | tok/sec: 34,231 | epoch: 1 | remaining: 0s    
step 00664 (75.2%) | loss: 3.692208 | lrm: 0.50 | dt: 1032ms | tok/sec: 31,761 | epoch: 1 | remaining: 0s    
step 00665 (75.3%) | loss: 3.699889 | lrm: 0.49 | dt: 1035ms | tok/sec: 31,651 | epoch: 1 | remaining: 0s    
step 00666 (75.4%) | loss: 3.696138 | lrm: 0.49 | dt: 1001ms | tok/sec: 32,747 | epoch: 1 | remaining: 0s    
step 00667 (75.5%) | loss: 3.703325 | lrm: 0.49 | dt: 1004ms | tok/sec: 32,630 | epoch: 1 | remaining: 0s    
step 00668 (75.7%) | loss: 3.709580 | lrm: 0.49 | dt: 1018ms | tok/sec: 32,195 | epoch: 1 | remaining: 0s    
step 00669 (75.8%) | loss: 3.704991 | lrm: 0.48 | dt: 1033ms | tok/sec: 31,721 | epoch: 1 | remaining: 0s    
step 00670 (75.9%) | loss: 3.705523 | lrm: 0.48 | dt: 1019ms | tok/sec: 32,157 | epoch: 1 | remaining: 0s    
step 00671 (76.0%) | loss: 3.703894 | lrm: 0.48 | dt: 983ms | tok/sec: 33,341 | epoch: 1 | remaining: 0s    
step 00672 (76.1%) | loss: 3.701206 | lrm: 0.48 | dt: 1027ms | tok/sec: 31,902 | epoch: 1 | remaining: 0s    
step 00673 (76.2%) | loss: 3.697719 | lrm: 0.48 | dt: 1007ms | tok/sec: 32,551 | epoch: 1 | remaining: 0s    
step 00674 (76.3%) | loss: 3.688315 | lrm: 0.47 | dt: 1025ms | tok/sec: 31,958 | epoch: 1 | remaining: 0s    
step 00675 (76.4%) | loss: 3.691356 | lrm: 0.47 | dt: 1024ms | tok/sec: 31,984 | epoch: 1 | remaining: 0s    
step 00676 (76.6%) | loss: 3.685391 | lrm: 0.47 | dt: 1274ms | tok/sec: 25,729 | epoch: 1 | remaining: 0s    
step 00677 (76.7%) | loss: 3.686570 | lrm: 0.47 | dt: 833ms | tok/sec: 39,342 | epoch: 1 | remaining: 0s    
step 00678 (76.8%) | loss: 3.685603 | lrm: 0.46 | dt: 916ms | tok/sec: 35,754 | epoch: 1 | remaining: 0s    
step 00679 (76.9%) | loss: 3.692452 | lrm: 0.46 | dt: 1102ms | tok/sec: 29,747 | epoch: 1 | remaining: 0s    
step 00680 (77.0%) | loss: 3.692252 | lrm: 0.46 | dt: 1110ms | tok/sec: 29,519 | epoch: 1 | remaining: 0s    
step 00681 (77.1%) | loss: 3.696212 | lrm: 0.46 | dt: 971ms | tok/sec: 33,761 | epoch: 1 | remaining: 0s    
step 00682 (77.2%) | loss: 3.699259 | lrm: 0.46 | dt: 930ms | tok/sec: 35,244 | epoch: 1 | remaining: 0s    
step 00683 (77.3%) | loss: 3.700795 | lrm: 0.45 | dt: 1057ms | tok/sec: 30,990 | epoch: 1 | remaining: 0s    
step 00684 (77.5%) | loss: 3.697207 | lrm: 0.45 | dt: 1067ms | tok/sec: 30,710 | epoch: 1 | remaining: 0s    
step 00685 (77.6%) | loss: 3.700449 | lrm: 0.45 | dt: 1042ms | tok/sec: 31,438 | epoch: 1 | remaining: 0s    
step 00686 (77.7%) | loss: 3.705634 | lrm: 0.45 | dt: 957ms | tok/sec: 34,256 | epoch: 1 | remaining: 0s    
step 00687 (77.8%) | loss: 3.707100 | lrm: 0.44 | dt: 972ms | tok/sec: 33,697 | epoch: 1 | remaining: 0s    
step 00688 (77.9%) | loss: 3.695967 | lrm: 0.44 | dt: 1057ms | tok/sec: 30,991 | epoch: 1 | remaining: 0s    
step 00689 (78.0%) | loss: 3.697998 | lrm: 0.44 | dt: 1064ms | tok/sec: 30,808 | epoch: 1 | remaining: 0s    
step 00690 (78.1%) | loss: 3.688714 | lrm: 0.44 | dt: 981ms | tok/sec: 33,417 | epoch: 1 | remaining: 0s    
step 00691 (78.3%) | loss: 3.687474 | lrm: 0.43 | dt: 1001ms | tok/sec: 32,736 | epoch: 1 | remaining: 0s    
step 00692 (78.4%) | loss: 3.688455 | lrm: 0.43 | dt: 1001ms | tok/sec: 32,721 | epoch: 1 | remaining: 0s    
step 00693 (78.5%) | loss: 3.695714 | lrm: 0.43 | dt: 1024ms | tok/sec: 31,993 | epoch: 1 | remaining: 0s    
step 00694 (78.6%) | loss: 3.695904 | lrm: 0.43 | dt: 1031ms | tok/sec: 31,785 | epoch: 1 | remaining: 0s    
step 00695 (78.7%) | loss: 3.698975 | lrm: 0.43 | dt: 1000ms | tok/sec: 32,776 | epoch: 1 | remaining: 0s    
step 00696 (78.8%) | loss: 3.693490 | lrm: 0.42 | dt: 1001ms | tok/sec: 32,743 | epoch: 1 | remaining: 0s    
step 00697 (78.9%) | loss: 3.684970 | lrm: 0.42 | dt: 1035ms | tok/sec: 31,671 | epoch: 1 | remaining: 0s    
step 00698 (79.0%) | loss: 3.687144 | lrm: 0.42 | dt: 1025ms | tok/sec: 31,978 | epoch: 1 | remaining: 0s    
step 00699 (79.2%) | loss: 3.688432 | lrm: 0.42 | dt: 1015ms | tok/sec: 32,289 | epoch: 1 | remaining: 0s    
step 00700 (79.3%) | loss: 3.679110 | lrm: 0.41 | dt: 1011ms | tok/sec: 32,396 | epoch: 1 | remaining: 0s    
step 00701 (79.4%) | loss: 3.681228 | lrm: 0.41 | dt: 1000ms | tok/sec: 32,764 | epoch: 1 | remaining: 0s    
step 00702 (79.5%) | loss: 3.670604 | lrm: 0.41 | dt: 1005ms | tok/sec: 32,610 | epoch: 1 | remaining: 0s    
step 00703 (79.6%) | loss: 3.661542 | lrm: 0.41 | dt: 1024ms | tok/sec: 32,000 | epoch: 1 | remaining: 0s    
step 00704 (79.7%) | loss: 3.658155 | lrm: 0.41 | dt: 995ms | tok/sec: 32,934 | epoch: 1 | remaining: 0s    
step 00705 (79.8%) | loss: 3.658511 | lrm: 0.40 | dt: 1033ms | tok/sec: 31,733 | epoch: 1 | remaining: 0s    
step 00706 (80.0%) | loss: 3.655181 | lrm: 0.40 | dt: 1039ms | tok/sec: 31,550 | epoch: 1 | remaining: 0s    
step 00707 (80.1%) | loss: 3.657699 | lrm: 0.40 | dt: 993ms | tok/sec: 33,005 | epoch: 1 | remaining: 0s    
step 00708 (80.2%) | loss: 3.655952 | lrm: 0.40 | dt: 1024ms | tok/sec: 31,985 | epoch: 1 | remaining: 0s    
step 00709 (80.3%) | loss: 3.655158 | lrm: 0.39 | dt: 1021ms | tok/sec: 32,082 | epoch: 1 | remaining: 0s    
step 00710 (80.4%) | loss: 3.654745 | lrm: 0.39 | dt: 1031ms | tok/sec: 31,773 | epoch: 1 | remaining: 0s    
step 00711 (80.5%) | loss: 3.655279 | lrm: 0.39 | dt: 999ms | tok/sec: 32,802 | epoch: 1 | remaining: 0s    
step 00712 (80.6%) | loss: 3.654660 | lrm: 0.39 | dt: 1024ms | tok/sec: 32,005 | epoch: 1 | remaining: 0s    
step 00713 (80.7%) | loss: 3.641035 | lrm: 0.39 | dt: 1058ms | tok/sec: 30,964 | epoch: 1 | remaining: 0s    
step 00714 (80.9%) | loss: 3.647656 | lrm: 0.38 | dt: 1027ms | tok/sec: 31,900 | epoch: 1 | remaining: 0s    
step 00715 (81.0%) | loss: 3.652982 | lrm: 0.38 | dt: 1009ms | tok/sec: 32,478 | epoch: 1 | remaining: 0s    
step 00716 (81.1%) | loss: 3.649513 | lrm: 0.38 | dt: 1023ms | tok/sec: 32,043 | epoch: 1 | remaining: 0s    
step 00717 (81.2%) | loss: 3.648950 | lrm: 0.38 | dt: 1011ms | tok/sec: 32,406 | epoch: 1 | remaining: 0s    
step 00718 (81.3%) | loss: 3.644012 | lrm: 0.37 | dt: 1016ms | tok/sec: 32,245 | epoch: 1 | remaining: 0s    
step 00719 (81.4%) | loss: 3.646384 | lrm: 0.37 | dt: 1018ms | tok/sec: 32,195 | epoch: 1 | remaining: 0s    
step 00720 (81.5%) | loss: 3.641384 | lrm: 0.37 | dt: 1016ms | tok/sec: 32,254 | epoch: 1 | remaining: 0s    
step 00721 (81.7%) | loss: 3.652298 | lrm: 0.37 | dt: 1025ms | tok/sec: 31,962 | epoch: 1 | remaining: 0s    
step 00722 (81.8%) | loss: 3.661590 | lrm: 0.36 | dt: 973ms | tok/sec: 33,663 | epoch: 1 | remaining: 0s    
step 00723 (81.9%) | loss: 3.663844 | lrm: 0.36 | dt: 1058ms | tok/sec: 30,978 | epoch: 1 | remaining: 0s    
step 00724 (82.0%) | loss: 3.660721 | lrm: 0.36 | dt: 1022ms | tok/sec: 32,060 | epoch: 1 | remaining: 0s    
step 00725 (82.1%) | loss: 3.657974 | lrm: 0.36 | dt: 988ms | tok/sec: 33,180 | epoch: 1 | remaining: 0s    
step 00726 (82.2%) | loss: 3.655210 | lrm: 0.36 | dt: 997ms | tok/sec: 32,880 | epoch: 1 | remaining: 0s    
step 00727 (82.3%) | loss: 3.655551 | lrm: 0.35 | dt: 1004ms | tok/sec: 32,643 | epoch: 1 | remaining: 0s    
step 00728 (82.4%) | loss: 3.655352 | lrm: 0.35 | dt: 1024ms | tok/sec: 31,986 | epoch: 1 | remaining: 0s    
step 00729 (82.6%) | loss: 3.649204 | lrm: 0.35 | dt: 1005ms | tok/sec: 32,601 | epoch: 1 | remaining: 0s    
step 00730 (82.7%) | loss: 3.653134 | lrm: 0.35 | dt: 996ms | tok/sec: 32,885 | epoch: 1 | remaining: 0s    
step 00731 (82.8%) | loss: 3.649056 | lrm: 0.34 | dt: 1021ms | tok/sec: 32,106 | epoch: 1 | remaining: 0s    
step 00732 (82.9%) | loss: 3.641709 | lrm: 0.34 | dt: 986ms | tok/sec: 33,239 | epoch: 1 | remaining: 0s    
step 00733 (83.0%) | loss: 3.647146 | lrm: 0.34 | dt: 1024ms | tok/sec: 31,986 | epoch: 1 | remaining: 0s    
step 00734 (83.1%) | loss: 3.640854 | lrm: 0.34 | dt: 1015ms | tok/sec: 32,285 | epoch: 1 | remaining: 0s    
step 00735 (83.2%) | loss: 3.634625 | lrm: 0.34 | dt: 999ms | tok/sec: 32,814 | epoch: 1 | remaining: 0s    
step 00736 (83.4%) | loss: 3.637511 | lrm: 0.33 | dt: 1002ms | tok/sec: 32,706 | epoch: 1 | remaining: 0s    
step 00737 (83.5%) | loss: 3.641690 | lrm: 0.33 | dt: 991ms | tok/sec: 33,061 | epoch: 1 | remaining: 0s    
step 00738 (83.6%) | loss: 3.643572 | lrm: 0.33 | dt: 1021ms | tok/sec: 32,108 | epoch: 1 | remaining: 0s    
step 00739 (83.7%) | loss: 3.645163 | lrm: 0.33 | dt: 1016ms | tok/sec: 32,258 | epoch: 1 | remaining: 0s    
step 00740 (83.8%) | loss: 3.646474 | lrm: 0.32 | dt: 1013ms | tok/sec: 32,346 | epoch: 1 | remaining: 0s    
step 00741 (83.9%) | loss: 3.636120 | lrm: 0.32 | dt: 1024ms | tok/sec: 31,994 | epoch: 1 | remaining: 0s    
step 00742 (84.0%) | loss: 3.631110 | lrm: 0.32 | dt: 1026ms | tok/sec: 31,926 | epoch: 1 | remaining: 0s    
step 00743 (84.1%) | loss: 3.630348 | lrm: 0.32 | dt: 1002ms | tok/sec: 32,704 | epoch: 1 | remaining: 0s    
step 00744 (84.3%) | loss: 3.637134 | lrm: 0.31 | dt: 1025ms | tok/sec: 31,979 | epoch: 1 | remaining: 0s    
step 00745 (84.4%) | loss: 3.632469 | lrm: 0.31 | dt: 1009ms | tok/sec: 32,466 | epoch: 1 | remaining: 0s    
step 00746 (84.5%) | loss: 3.638532 | lrm: 0.31 | dt: 1039ms | tok/sec: 31,536 | epoch: 1 | remaining: 0s    
step 00747 (84.6%) | loss: 3.632702 | lrm: 0.31 | dt: 1004ms | tok/sec: 32,652 | epoch: 1 | remaining: 0s    
step 00748 (84.7%) | loss: 3.626059 | lrm: 0.31 | dt: 1020ms | tok/sec: 32,111 | epoch: 1 | remaining: 0s    
step 00749 (84.8%) | loss: 3.625877 | lrm: 0.30 | dt: 1003ms | tok/sec: 32,655 | epoch: 1 | remaining: 0s    
step 00750 (84.9%) | loss: 3.625544 | lrm: 0.30 | dt: 1017ms | tok/sec: 32,204 | epoch: 1 | remaining: 0s    
step 00751 (85.1%) | loss: 3.623112 | lrm: 0.30 | dt: 1005ms | tok/sec: 32,619 | epoch: 1 | remaining: 0s    
step 00752 (85.2%) | loss: 3.619260 | lrm: 0.30 | dt: 1021ms | tok/sec: 32,088 | epoch: 1 | remaining: 0s    
step 00753 (85.3%) | loss: 3.624234 | lrm: 0.29 | dt: 1054ms | tok/sec: 31,089 | epoch: 1 | remaining: 0s    
step 00754 (85.4%) | loss: 3.626773 | lrm: 0.29 | dt: 1021ms | tok/sec: 32,098 | epoch: 1 | remaining: 0s    
step 00755 (85.5%) | loss: 3.622308 | lrm: 0.29 | dt: 962ms | tok/sec: 34,076 | epoch: 1 | remaining: 0s    
step 00756 (85.6%) | loss: 3.618566 | lrm: 0.29 | dt: 1018ms | tok/sec: 32,177 | epoch: 1 | remaining: 0s    
step 00757 (85.7%) | loss: 3.610620 | lrm: 0.29 | dt: 1015ms | tok/sec: 32,283 | epoch: 1 | remaining: 0s    
step 00758 (85.8%) | loss: 3.616504 | lrm: 0.28 | dt: 1011ms | tok/sec: 32,407 | epoch: 1 | remaining: 0s    
step 00759 (86.0%) | loss: 3.608400 | lrm: 0.28 | dt: 1010ms | tok/sec: 32,455 | epoch: 1 | remaining: 0s    
step 00760 (86.1%) | loss: 3.606732 | lrm: 0.28 | dt: 999ms | tok/sec: 32,786 | epoch: 1 | remaining: 0s    
step 00761 (86.2%) | loss: 3.613287 | lrm: 0.28 | dt: 1017ms | tok/sec: 32,229 | epoch: 1 | remaining: 0s    
step 00762 (86.3%) | loss: 3.611046 | lrm: 0.27 | dt: 1017ms | tok/sec: 32,225 | epoch: 1 | remaining: 0s    
step 00763 (86.4%) | loss: 3.610957 | lrm: 0.27 | dt: 1041ms | tok/sec: 31,481 | epoch: 1 | remaining: 0s    
step 00764 (86.5%) | loss: 3.612671 | lrm: 0.27 | dt: 1006ms | tok/sec: 32,561 | epoch: 1 | remaining: 0s    
step 00765 (86.6%) | loss: 3.612604 | lrm: 0.27 | dt: 990ms | tok/sec: 33,099 | epoch: 1 | remaining: 0s    
step 00766 (86.7%) | loss: 3.614322 | lrm: 0.27 | dt: 1020ms | tok/sec: 32,118 | epoch: 1 | remaining: 0s    
step 00767 (86.9%) | loss: 3.610446 | lrm: 0.26 | dt: 1006ms | tok/sec: 32,571 | epoch: 1 | remaining: 0s    
step 00768 (87.0%) | loss: 3.598222 | lrm: 0.26 | dt: 1023ms | tok/sec: 32,016 | epoch: 1 | remaining: 0s    
step 00769 (87.1%) | loss: 3.598392 | lrm: 0.26 | dt: 1012ms | tok/sec: 32,384 | epoch: 1 | remaining: 0s    
step 00770 (87.2%) | loss: 3.591904 | lrm: 0.26 | dt: 1015ms | tok/sec: 32,274 | epoch: 1 | remaining: 0s    
step 00771 (87.3%) | loss: 3.593445 | lrm: 0.25 | dt: 1010ms | tok/sec: 32,453 | epoch: 1 | remaining: 0s    
step 00772 (87.4%) | loss: 3.595311 | lrm: 0.25 | dt: 1033ms | tok/sec: 31,726 | epoch: 1 | remaining: 0s    
step 00773 (87.5%) | loss: 3.594560 | lrm: 0.25 | dt: 1051ms | tok/sec: 31,181 | epoch: 1 | remaining: 0s    
step 00774 (87.7%) | loss: 3.593864 | lrm: 0.25 | dt: 1092ms | tok/sec: 30,014 | epoch: 1 | remaining: 0s    
step 00775 (87.8%) | loss: 3.591796 | lrm: 0.24 | dt: 1041ms | tok/sec: 31,473 | epoch: 1 | remaining: 0s    
step 00776 (87.9%) | loss: 3.595536 | lrm: 0.24 | dt: 958ms | tok/sec: 34,192 | epoch: 1 | remaining: 0s    
step 00777 (88.0%) | loss: 3.592067 | lrm: 0.24 | dt: 1097ms | tok/sec: 29,869 | epoch: 1 | remaining: 0s    
step 00778 (88.1%) | loss: 3.596993 | lrm: 0.24 | dt: 1093ms | tok/sec: 29,976 | epoch: 1 | remaining: 0s    
step 00779 (88.2%) | loss: 3.612094 | lrm: 0.24 | dt: 990ms | tok/sec: 33,086 | epoch: 1 | remaining: 0s    
step 00780 (88.3%) | loss: 3.603224 | lrm: 0.23 | dt: 954ms | tok/sec: 34,352 | epoch: 1 | remaining: 0s    
step 00781 (88.4%) | loss: 3.602529 | lrm: 0.23 | dt: 1046ms | tok/sec: 31,321 | epoch: 1 | remaining: 0s    
step 00782 (88.6%) | loss: 3.596029 | lrm: 0.23 | dt: 1312ms | tok/sec: 24,978 | epoch: 1 | remaining: 0s    
step 00783 (88.7%) | loss: 3.599557 | lrm: 0.23 | dt: 1123ms | tok/sec: 29,188 | epoch: 1 | remaining: 0s    
step 00784 (88.8%) | loss: 3.600163 | lrm: 0.22 | dt: 909ms | tok/sec: 36,064 | epoch: 1 | remaining: 0s    
step 00785 (88.9%) | loss: 3.603831 | lrm: 0.22 | dt: 1002ms | tok/sec: 32,709 | epoch: 1 | remaining: 0s    
step 00786 (89.0%) | loss: 3.600387 | lrm: 0.22 | dt: 1214ms | tok/sec: 26,990 | epoch: 1 | remaining: 0s    
step 00787 (89.1%) | loss: 3.599691 | lrm: 0.22 | dt: 1085ms | tok/sec: 30,196 | epoch: 1 | remaining: 0s    
step 00788 (89.2%) | loss: 3.590220 | lrm: 0.22 | dt: 940ms | tok/sec: 34,877 | epoch: 1 | remaining: 0s    
step 00789 (89.4%) | loss: 3.588597 | lrm: 0.21 | dt: 982ms | tok/sec: 33,377 | epoch: 1 | remaining: 0s    
step 00790 (89.5%) | loss: 3.584414 | lrm: 0.21 | dt: 1138ms | tok/sec: 28,790 | epoch: 1 | remaining: 0s    
step 00791 (89.6%) | loss: 3.587998 | lrm: 0.21 | dt: 1079ms | tok/sec: 30,358 | epoch: 1 | remaining: 0s    
step 00792 (89.7%) | loss: 3.594350 | lrm: 0.21 | dt: 1079ms | tok/sec: 30,379 | epoch: 1 | remaining: 0s    
step 00793 (89.8%) | loss: 3.596015 | lrm: 0.20 | dt: 1033ms | tok/sec: 31,706 | epoch: 1 | remaining: 0s    
step 00794 (89.9%) | loss: 3.593789 | lrm: 0.20 | dt: 1066ms | tok/sec: 30,743 | epoch: 1 | remaining: 0s    
step 00795 (90.0%) | loss: 3.594401 | lrm: 0.20 | dt: 1110ms | tok/sec: 29,532 | epoch: 1 | remaining: 0s    
step 00796 (90.1%) | loss: 3.598578 | lrm: 0.20 | dt: 1066ms | tok/sec: 30,743 | epoch: 1 | remaining: 0s    
step 00797 (90.3%) | loss: 3.595967 | lrm: 0.19 | dt: 1033ms | tok/sec: 31,712 | epoch: 1 | remaining: 0s    
step 00798 (90.4%) | loss: 3.589962 | lrm: 0.19 | dt: 1133ms | tok/sec: 28,932 | epoch: 1 | remaining: 0s    
step 00799 (90.5%) | loss: 3.588018 | lrm: 0.19 | dt: 1084ms | tok/sec: 30,241 | epoch: 1 | remaining: 0s    
step 00800 (90.6%) | loss: 3.582411 | lrm: 0.19 | dt: 1050ms | tok/sec: 31,219 | epoch: 1 | remaining: 0s    
step 00801 (90.7%) | loss: 3.592079 | lrm: 0.19 | dt: 992ms | tok/sec: 33,032 | epoch: 1 | remaining: 0s    
step 00802 (90.8%) | loss: 3.602635 | lrm: 0.18 | dt: 1050ms | tok/sec: 31,196 | epoch: 1 | remaining: 0s    
step 00803 (90.9%) | loss: 3.598960 | lrm: 0.18 | dt: 1133ms | tok/sec: 28,919 | epoch: 1 | remaining: 0s    
step 00804 (91.1%) | loss: 3.599698 | lrm: 0.18 | dt: 1066ms | tok/sec: 30,727 | epoch: 1 | remaining: 0s    
step 00805 (91.2%) | loss: 3.591972 | lrm: 0.18 | dt: 1046ms | tok/sec: 31,330 | epoch: 1 | remaining: 0s    
step 00806 (91.3%) | loss: 3.592345 | lrm: 0.17 | dt: 1070ms | tok/sec: 30,614 | epoch: 1 | remaining: 0s    
step 00807 (91.4%) | loss: 3.598406 | lrm: 0.17 | dt: 1075ms | tok/sec: 30,471 | epoch: 1 | remaining: 0s    
step 00808 (91.5%) | loss: 3.609823 | lrm: 0.17 | dt: 1058ms | tok/sec: 30,965 | epoch: 1 | remaining: 0s    
step 00809 (91.6%) | loss: 3.602752 | lrm: 0.17 | dt: 1068ms | tok/sec: 30,679 | epoch: 1 | remaining: 0s    
step 00810 (91.7%) | loss: 3.596829 | lrm: 0.17 | dt: 1091ms | tok/sec: 30,044 | epoch: 1 | remaining: 0s    
step 00811 (91.8%) | loss: 3.591051 | lrm: 0.16 | dt: 1064ms | tok/sec: 30,787 | epoch: 1 | remaining: 0s    
step 00812 (92.0%) | loss: 3.591342 | lrm: 0.16 | dt: 1043ms | tok/sec: 31,418 | epoch: 1 | remaining: 0s    
step 00813 (92.1%) | loss: 3.582934 | lrm: 0.16 | dt: 1034ms | tok/sec: 31,696 | epoch: 1 | remaining: 0s    
step 00814 (92.2%) | loss: 3.577756 | lrm: 0.16 | dt: 1067ms | tok/sec: 30,717 | epoch: 1 | remaining: 0s    
step 00815 (92.3%) | loss: 3.580918 | lrm: 0.15 | dt: 1092ms | tok/sec: 30,020 | epoch: 1 | remaining: 0s    
step 00816 (92.4%) | loss: 3.582306 | lrm: 0.15 | dt: 1067ms | tok/sec: 30,720 | epoch: 1 | remaining: 0s    
step 00817 (92.5%) | loss: 3.588830 | lrm: 0.15 | dt: 1081ms | tok/sec: 30,321 | epoch: 1 | remaining: 0s    
step 00818 (92.6%) | loss: 3.582258 | lrm: 0.15 | dt: 1083ms | tok/sec: 30,248 | epoch: 1 | remaining: 0s    
step 00819 (92.8%) | loss: 3.577901 | lrm: 0.14 | dt: 1060ms | tok/sec: 30,906 | epoch: 1 | remaining: 0s    
step 00820 (92.9%) | loss: 3.581318 | lrm: 0.14 | dt: 1024ms | tok/sec: 31,998 | epoch: 1 | remaining: 0s    
step 00821 (93.0%) | loss: 3.585409 | lrm: 0.14 | dt: 1052ms | tok/sec: 31,162 | epoch: 1 | remaining: 0s    
step 00822 (93.1%) | loss: 3.577536 | lrm: 0.14 | dt: 1075ms | tok/sec: 30,482 | epoch: 1 | remaining: 0s    
step 00823 (93.2%) | loss: 3.576569 | lrm: 0.14 | dt: 1050ms | tok/sec: 31,208 | epoch: 1 | remaining: 0s    
step 00824 (93.3%) | loss: 3.570262 | lrm: 0.13 | dt: 1115ms | tok/sec: 29,382 | epoch: 1 | remaining: 0s    
step 00825 (93.4%) | loss: 3.573749 | lrm: 0.13 | dt: 1125ms | tok/sec: 29,138 | epoch: 1 | remaining: 0s    
step 00826 (93.5%) | loss: 3.557670 | lrm: 0.13 | dt: 1084ms | tok/sec: 30,223 | epoch: 1 | remaining: 0s    
step 00827 (93.7%) | loss: 3.558308 | lrm: 0.13 | dt: 1068ms | tok/sec: 30,695 | epoch: 1 | remaining: 0s    
step 00828 (93.8%) | loss: 3.555696 | lrm: 0.12 | dt: 1058ms | tok/sec: 30,963 | epoch: 1 | remaining: 0s    
step 00829 (93.9%) | loss: 3.549970 | lrm: 0.12 | dt: 1064ms | tok/sec: 30,797 | epoch: 1 | remaining: 0s    
step 00830 (94.0%) | loss: 3.549378 | lrm: 0.12 | dt: 1069ms | tok/sec: 30,644 | epoch: 1 | remaining: 0s    
step 00831 (94.1%) | loss: 3.549646 | lrm: 0.12 | dt: 1083ms | tok/sec: 30,248 | epoch: 1 | remaining: 0s    
step 00832 (94.2%) | loss: 3.540620 | lrm: 0.12 | dt: 1058ms | tok/sec: 30,963 | epoch: 1 | remaining: 0s    
step 00833 (94.3%) | loss: 3.540951 | lrm: 0.11 | dt: 1065ms | tok/sec: 30,763 | epoch: 1 | remaining: 0s    
step 00834 (94.5%) | loss: 3.548426 | lrm: 0.11 | dt: 1110ms | tok/sec: 29,519 | epoch: 1 | remaining: 0s    
step 00835 (94.6%) | loss: 3.552570 | lrm: 0.11 | dt: 1131ms | tok/sec: 28,964 | epoch: 1 | remaining: 0s    
step 00836 (94.7%) | loss: 3.554435 | lrm: 0.11 | dt: 1093ms | tok/sec: 29,970 | epoch: 1 | remaining: 0s    
step 00837 (94.8%) | loss: 3.558032 | lrm: 0.10 | dt: 1058ms | tok/sec: 30,963 | epoch: 1 | remaining: 0s    
step 00838 (94.9%) | loss: 3.556541 | lrm: 0.10 | dt: 1126ms | tok/sec: 29,093 | epoch: 1 | remaining: 0s    
step 00839 (95.0%) | loss: 3.557660 | lrm: 0.10 | dt: 1091ms | tok/sec: 30,033 | epoch: 1 | remaining: 0s    
step 00840 (95.1%) | loss: 3.561428 | lrm: 0.10 | dt: 1091ms | tok/sec: 30,037 | epoch: 1 | remaining: 0s    
step 00841 (95.2%) | loss: 3.557070 | lrm: 0.10 | dt: 1084ms | tok/sec: 30,233 | epoch: 1 | remaining: 0s    
step 00842 (95.4%) | loss: 3.560944 | lrm: 0.09 | dt: 1063ms | tok/sec: 30,834 | epoch: 1 | remaining: 0s    
step 00843 (95.5%) | loss: 3.555129 | lrm: 0.09 | dt: 1077ms | tok/sec: 30,428 | epoch: 1 | remaining: 0s    
step 00844 (95.6%) | loss: 3.543295 | lrm: 0.09 | dt: 1086ms | tok/sec: 30,175 | epoch: 1 | remaining: 0s    
step 00845 (95.7%) | loss: 3.548172 | lrm: 0.09 | dt: 1157ms | tok/sec: 28,318 | epoch: 1 | remaining: 0s    
step 00846 (95.8%) | loss: 3.546828 | lrm: 0.08 | dt: 1067ms | tok/sec: 30,720 | epoch: 1 | remaining: 0s    
step 00847 (95.9%) | loss: 3.539926 | lrm: 0.08 | dt: 1057ms | tok/sec: 30,996 | epoch: 1 | remaining: 0s    
step 00848 (96.0%) | loss: 3.541487 | lrm: 0.08 | dt: 1061ms | tok/sec: 30,890 | epoch: 1 | remaining: 0s    
step 00849 (96.1%) | loss: 3.543894 | lrm: 0.08 | dt: 1107ms | tok/sec: 29,599 | epoch: 1 | remaining: 0s    
step 00850 (96.3%) | loss: 3.535335 | lrm: 0.07 | dt: 1109ms | tok/sec: 29,541 | epoch: 1 | remaining: 0s    
step 00851 (96.4%) | loss: 3.530829 | lrm: 0.07 | dt: 1090ms | tok/sec: 30,051 | epoch: 1 | remaining: 0s    
step 00852 (96.5%) | loss: 3.529998 | lrm: 0.07 | dt: 1057ms | tok/sec: 31,003 | epoch: 1 | remaining: 0s    
step 00853 (96.6%) | loss: 3.533549 | lrm: 0.07 | dt: 1027ms | tok/sec: 31,915 | epoch: 1 | remaining: 0s    
step 00854 (96.7%) | loss: 3.529973 | lrm: 0.07 | dt: 1050ms | tok/sec: 31,206 | epoch: 1 | remaining: 0s    
step 00855 (96.8%) | loss: 3.529241 | lrm: 0.06 | dt: 1154ms | tok/sec: 28,396 | epoch: 1 | remaining: 0s    
step 00856 (96.9%) | loss: 3.523331 | lrm: 0.06 | dt: 1077ms | tok/sec: 30,431 | epoch: 1 | remaining: 0s    
step 00857 (97.1%) | loss: 3.522146 | lrm: 0.06 | dt: 1035ms | tok/sec: 31,668 | epoch: 1 | remaining: 0s    
step 00858 (97.2%) | loss: 3.530193 | lrm: 0.06 | dt: 1008ms | tok/sec: 32,496 | epoch: 1 | remaining: 0s    
step 00859 (97.3%) | loss: 3.525869 | lrm: 0.05 | dt: 1059ms | tok/sec: 30,942 | epoch: 1 | remaining: 0s    
step 00860 (97.4%) | loss: 3.522353 | lrm: 0.05 | dt: 1083ms | tok/sec: 30,268 | epoch: 1 | remaining: 0s    
step 00861 (97.5%) | loss: 3.526913 | lrm: 0.05 | dt: 1001ms | tok/sec: 32,745 | epoch: 1 | remaining: 0s    
step 00862 (97.6%) | loss: 3.538537 | lrm: 0.05 | dt: 1151ms | tok/sec: 28,475 | epoch: 1 | remaining: 0s    
step 00863 (97.7%) | loss: 3.528324 | lrm: 0.05 | dt: 1100ms | tok/sec: 29,782 | epoch: 1 | remaining: 0s    
step 00864 (97.8%) | loss: 3.526141 | lrm: 0.04 | dt: 1036ms | tok/sec: 31,617 | epoch: 1 | remaining: 0s    
step 00865 (98.0%) | loss: 3.524067 | lrm: 0.04 | dt: 1001ms | tok/sec: 32,748 | epoch: 1 | remaining: 0s    
step 00866 (98.1%) | loss: 3.528906 | lrm: 0.04 | dt: 1112ms | tok/sec: 29,456 | epoch: 1 | remaining: 0s    
step 00867 (98.2%) | loss: 3.531443 | lrm: 0.04 | dt: 1134ms | tok/sec: 28,901 | epoch: 1 | remaining: 0s    
step 00868 (98.3%) | loss: 3.527712 | lrm: 0.03 | dt: 1024ms | tok/sec: 32,004 | epoch: 1 | remaining: 0s    
step 00869 (98.4%) | loss: 3.520494 | lrm: 0.03 | dt: 1125ms | tok/sec: 29,121 | epoch: 1 | remaining: 0s    
step 00870 (98.5%) | loss: 3.520565 | lrm: 0.03 | dt: 1083ms | tok/sec: 30,255 | epoch: 1 | remaining: 0s    
step 00871 (98.6%) | loss: 3.522065 | lrm: 0.03 | dt: 1034ms | tok/sec: 31,675 | epoch: 1 | remaining: 0s    
step 00872 (98.8%) | loss: 3.517221 | lrm: 0.02 | dt: 1074ms | tok/sec: 30,496 | epoch: 1 | remaining: 0s    
step 00873 (98.9%) | loss: 3.514104 | lrm: 0.02 | dt: 1099ms | tok/sec: 29,811 | epoch: 1 | remaining: 0s    
step 00874 (99.0%) | loss: 3.506616 | lrm: 0.02 | dt: 1074ms | tok/sec: 30,505 | epoch: 1 | remaining: 0s    
step 00875 (99.1%) | loss: 3.510718 | lrm: 0.02 | dt: 1018ms | tok/sec: 32,203 | epoch: 1 | remaining: 0s    
step 00876 (99.2%) | loss: 3.505497 | lrm: 0.02 | dt: 1092ms | tok/sec: 30,018 | epoch: 1 | remaining: 0s    
step 00877 (99.3%) | loss: 3.511219 | lrm: 0.01 | dt: 1042ms | tok/sec: 31,455 | epoch: 1 | remaining: 0s    
step 00878 (99.4%) | loss: 3.505202 | lrm: 0.01 | dt: 1083ms | tok/sec: 30,245 | epoch: 1 | remaining: 0s    
step 00879 (99.5%) | loss: 3.507049 | lrm: 0.01 | dt: 1092ms | tok/sec: 30,004 | epoch: 1 | remaining: 0s    
step 00880 (99.7%) | loss: 3.505998 | lrm: 0.01 | dt: 1041ms | tok/sec: 31,471 | epoch: 1 | remaining: 0s    
step 00881 (99.8%) | loss: 3.500069 | lrm: 0.00 | dt: 1050ms | tok/sec: 31,209 | epoch: 1 | remaining: 0s    
step 00882 (99.9%) | loss: 3.504372 | lrm: 0.00 | dt: 1091ms | tok/sec: 30,023 | epoch: 1 | remaining: 0s    
Training completed in 915.6s
Starting final eval...
Final eval batch size: 256
Final eval completed in 20.9s
WARNING: val_bpb=0.910889 is outside plausible range [1.0, 10.0]
Baseline results written: /Users/ahmadalzaro/.cache/autoresearch-arabic/baseline_results.json
---
val_bpb:          0.910889
training_seconds: 915.6
total_seconds:    937.5
peak_vram_mb:     19950.1
mfu_percent:      0.00
total_tokens_M:   28.9
num_steps:        883
num_params_M:     5.6
total_eval_nats:  5489312.500000
total_eval_bytes: 8694149
total_valid_tokens: 1567449
depth:            2
